[2026-01-06T15:07:38.543+1100] {local_task_job_runner.py:120} INFO - ::group::Pre task execution logs
[2026-01-06T15:07:38.561+1100] {taskinstance.py:2076} INFO - Dependencies all met for dep_context=non-requeueable deps ti=<TaskInstance: vogue_ai_data_etl.scrape_vogue_slideshow manual__2026-01-06T04:07:18.379244+00:00 [queued]>
[2026-01-06T15:07:38.563+1100] {taskinstance.py:2076} INFO - Dependencies all met for dep_context=requeueable deps ti=<TaskInstance: vogue_ai_data_etl.scrape_vogue_slideshow manual__2026-01-06T04:07:18.379244+00:00 [queued]>
[2026-01-06T15:07:38.563+1100] {taskinstance.py:2306} INFO - Starting attempt 1 of 1
[2026-01-06T15:07:38.568+1100] {taskinstance.py:2330} INFO - Executing <Task(PythonOperator): scrape_vogue_slideshow> on 2026-01-06 04:07:18.379244+00:00
[2026-01-06T15:07:38.570+1100] {standard_task_runner.py:64} INFO - Started process 94893 to run task
[2026-01-06T15:07:38.574+1100] {standard_task_runner.py:90} INFO - Running: ['airflow', 'tasks', 'run', 'vogue_ai_data_etl', 'scrape_vogue_slideshow', 'manual__2026-01-06T04:07:18.379244+00:00', '--job-id', '37', '--raw', '--subdir', 'DAGS_FOLDER/vogue_etl_dag.py', '--cfg-path', '/var/folders/hl/t69nqzgn30d410985yz_fxq40000gn/T/tmpe123yjf_']
[2026-01-06T15:07:38.574+1100] {standard_task_runner.py:91} INFO - Job 37: Subtask scrape_vogue_slideshow
[2026-01-06T15:07:38.589+1100] {task_command.py:426} INFO - Running <TaskInstance: vogue_ai_data_etl.scrape_vogue_slideshow manual__2026-01-06T04:07:18.379244+00:00 [running]> on host fionas-macbook-pro.local
[2026-01-06T15:07:38.615+1100] {taskinstance.py:2648} INFO - Exporting env vars: AIRFLOW_CTX_DAG_OWNER='airflow' AIRFLOW_CTX_DAG_ID='vogue_ai_data_etl' AIRFLOW_CTX_TASK_ID='scrape_vogue_slideshow' AIRFLOW_CTX_EXECUTION_DATE='2026-01-06T04:07:18.379244+00:00' AIRFLOW_CTX_TRY_NUMBER='1' AIRFLOW_CTX_DAG_RUN_ID='manual__2026-01-06T04:07:18.379244+00:00'
[2026-01-06T15:07:38.616+1100] {taskinstance.py:430} INFO - ::endgroup::
[2026-01-06T15:09:29.798+1100] {logging_mixin.py:188} INFO - [Slide 1] Image URL: https://assets.vogue.com/photos/685c4877afc82a7e943bc182/master/w_2560%2Cc_limit/00001-lemaire-spring-2026-ready-to-wear-credit-gregoire-avenel.jpg
[2026-01-06T15:09:30.096+1100] {logging_mixin.py:188} INFO - [Slide 1] Image saved as vogue_image_1.jpg
[2026-01-06T15:09:32.574+1100] {logging_mixin.py:188} INFO - [Slide 2] Image URL: https://assets.vogue.com/photos/685c48767e99aab20e4e8807/master/w_2560%2Cc_limit/00002-lemaire-spring-2026-ready-to-wear-credit-gregoire-avenel.jpg
[2026-01-06T15:09:32.873+1100] {logging_mixin.py:188} INFO - [Slide 2] Image saved as vogue_image_2.jpg
[2026-01-06T15:09:35.100+1100] {logging_mixin.py:188} INFO - [Slide 3] Image URL: https://assets.vogue.com/photos/685c4877e40e32d5256331cc/master/w_2560%2Cc_limit/00003-lemaire-spring-2026-ready-to-wear-credit-gregoire-avenel.jpg
[2026-01-06T15:09:35.488+1100] {logging_mixin.py:188} INFO - [Slide 3] Image saved as vogue_image_3.jpg
[2026-01-06T15:09:37.712+1100] {logging_mixin.py:188} INFO - [Slide 4] Image URL: https://assets.vogue.com/photos/685c487afe667e5609d97b44/master/w_2560%2Cc_limit/00004-lemaire-spring-2026-ready-to-wear-credit-gregoire-avenel.jpg
[2026-01-06T15:09:38.008+1100] {logging_mixin.py:188} INFO - [Slide 4] Image saved as vogue_image_4.jpg
[2026-01-06T15:09:40.240+1100] {logging_mixin.py:188} INFO - [Slide 5] Image URL: https://assets.vogue.com/photos/685c487fb3a989c6b4c2400f/master/w_2560%2Cc_limit/00005-lemaire-spring-2026-ready-to-wear-credit-gregoire-avenel.jpg
[2026-01-06T15:09:40.603+1100] {logging_mixin.py:188} INFO - [Slide 5] Image saved as vogue_image_5.jpg
[2026-01-06T15:09:42.858+1100] {logging_mixin.py:188} INFO - [Slide 6] Image URL: https://assets.vogue.com/photos/685c487e4d1c7c21700c44fa/master/w_2560%2Cc_limit/00006-lemaire-spring-2026-ready-to-wear-credit-gregoire-avenel.jpg
[2026-01-06T15:09:43.200+1100] {logging_mixin.py:188} INFO - [Slide 6] Image saved as vogue_image_6.jpg
[2026-01-06T15:09:45.420+1100] {logging_mixin.py:188} INFO - [Slide 7] Image URL: https://assets.vogue.com/photos/685c487fac7fa4d2ad630ee8/master/w_2560%2Cc_limit/00007-lemaire-spring-2026-ready-to-wear-credit-gregoire-avenel.jpg
[2026-01-06T15:09:45.832+1100] {logging_mixin.py:188} INFO - [Slide 7] Image saved as vogue_image_7.jpg
[2026-01-06T15:09:48.096+1100] {logging_mixin.py:188} INFO - [Slide 8] Image URL: https://assets.vogue.com/photos/685c488708cc020e174b112f/master/w_2560%2Cc_limit/00008-lemaire-spring-2026-ready-to-wear-credit-gregoire-avenel.jpg
[2026-01-06T15:09:48.502+1100] {logging_mixin.py:188} INFO - [Slide 8] Image saved as vogue_image_8.jpg
[2026-01-06T15:09:50.716+1100] {logging_mixin.py:188} INFO - [Slide 9] Image URL: https://assets.vogue.com/photos/685c4884d30da48ac32478d1/master/w_2560%2Cc_limit/00009-lemaire-spring-2026-ready-to-wear-credit-gregoire-avenel.jpg
[2026-01-06T15:09:51.069+1100] {logging_mixin.py:188} INFO - [Slide 9] Image saved as vogue_image_9.jpg
[2026-01-06T15:09:53.355+1100] {logging_mixin.py:188} INFO - [Slide 10] Image URL: https://assets.vogue.com/photos/685c488582582c5c98ae5f24/master/w_2560%2Cc_limit/00010-lemaire-spring-2026-ready-to-wear-credit-gregoire-avenel.jpg
[2026-01-06T15:09:53.754+1100] {logging_mixin.py:188} INFO - [Slide 10] Image saved as vogue_image_10.jpg
[2026-01-06T15:09:55.991+1100] {logging_mixin.py:188} INFO - [Slide 11] Image URL: https://assets.vogue.com/photos/685c488b42d1257c3e1d57ca/master/w_2560%2Cc_limit/00011-lemaire-spring-2026-ready-to-wear-credit-gregoire-avenel.jpg
[2026-01-06T15:09:56.357+1100] {logging_mixin.py:188} INFO - [Slide 11] Image saved as vogue_image_11.jpg
[2026-01-06T15:09:58.619+1100] {logging_mixin.py:188} INFO - [Slide 12] Image URL: https://assets.vogue.com/photos/685c488da98ae4763fabcab5/master/w_2560%2Cc_limit/00012-lemaire-spring-2026-ready-to-wear-credit-gregoire-avenel.jpg
[2026-01-06T15:09:58.940+1100] {logging_mixin.py:188} INFO - [Slide 12] Image saved as vogue_image_12.jpg
[2026-01-06T15:10:01.181+1100] {logging_mixin.py:188} INFO - [Slide 13] Image URL: https://assets.vogue.com/photos/685c488b7e99aab20e4e8809/master/w_2560%2Cc_limit/00013-lemaire-spring-2026-ready-to-wear-credit-gregoire-avenel.jpg
[2026-01-06T15:10:01.606+1100] {logging_mixin.py:188} INFO - [Slide 13] Image saved as vogue_image_13.jpg
[2026-01-06T15:10:03.885+1100] {logging_mixin.py:188} INFO - [Slide 14] Image URL: https://assets.vogue.com/photos/685c4891024b8ee0bec64be9/master/w_2560%2Cc_limit/00014-lemaire-spring-2026-ready-to-wear-credit-gregoire-avenel.jpg
[2026-01-06T15:10:04.323+1100] {logging_mixin.py:188} INFO - [Slide 14] Image saved as vogue_image_14.jpg
[2026-01-06T15:10:06.555+1100] {logging_mixin.py:188} INFO - [Slide 15] Image URL: https://assets.vogue.com/photos/685c4894afc82a7e943bc184/master/w_2560%2Cc_limit/00015-lemaire-spring-2026-ready-to-wear-credit-gregoire-avenel.jpg
[2026-01-06T15:10:06.946+1100] {logging_mixin.py:188} INFO - [Slide 15] Image saved as vogue_image_15.jpg
[2026-01-06T15:10:09.171+1100] {logging_mixin.py:188} INFO - [Slide 16] Image URL: https://assets.vogue.com/photos/685c4893ac2cb09228013071/master/w_2560%2Cc_limit/00016-lemaire-spring-2026-ready-to-wear-credit-gregoire-avenel.jpg
[2026-01-06T15:10:09.481+1100] {logging_mixin.py:188} INFO - [Slide 16] Image saved as vogue_image_16.jpg
[2026-01-06T15:10:11.712+1100] {logging_mixin.py:188} INFO - [Slide 17] Image URL: https://assets.vogue.com/photos/685c48956f72874d226140b9/master/w_2560%2Cc_limit/00017-lemaire-spring-2026-ready-to-wear-credit-gregoire-avenel.jpg
[2026-01-06T15:10:12.044+1100] {logging_mixin.py:188} INFO - [Slide 17] Image saved as vogue_image_17.jpg
[2026-01-06T15:10:14.297+1100] {logging_mixin.py:188} INFO - [Slide 18] Image URL: https://assets.vogue.com/photos/685c4897ebf928c97c72a1f3/master/w_2560%2Cc_limit/00018-lemaire-spring-2026-ready-to-wear-credit-gregoire-avenel.jpg
[2026-01-06T15:10:14.683+1100] {logging_mixin.py:188} INFO - [Slide 18] Image saved as vogue_image_18.jpg
[2026-01-06T15:10:16.912+1100] {logging_mixin.py:188} INFO - [Slide 19] Image URL: https://assets.vogue.com/photos/685c48984e1c74b18a3f3943/master/w_2560%2Cc_limit/00019-lemaire-spring-2026-ready-to-wear-credit-gregoire-avenel.jpg
[2026-01-06T15:10:17.239+1100] {logging_mixin.py:188} INFO - [Slide 19] Image saved as vogue_image_19.jpg
[2026-01-06T15:10:19.515+1100] {logging_mixin.py:188} INFO - [Slide 20] Image URL: https://assets.vogue.com/photos/685c48997e99aab20e4e880b/master/w_2560%2Cc_limit/00020-lemaire-spring-2026-ready-to-wear-credit-gregoire-avenel.jpg
[2026-01-06T15:10:19.816+1100] {logging_mixin.py:188} INFO - [Slide 20] Image saved as vogue_image_20.jpg
[2026-01-06T15:10:22.035+1100] {logging_mixin.py:188} INFO - [Slide 21] Image URL: https://assets.vogue.com/photos/685c489ab8c3576a941e60dc/master/w_2560%2Cc_limit/00021-lemaire-spring-2026-ready-to-wear-credit-gregoire-avenel.jpg
[2026-01-06T15:10:22.411+1100] {logging_mixin.py:188} INFO - [Slide 21] Image saved as vogue_image_21.jpg
[2026-01-06T15:10:24.632+1100] {logging_mixin.py:188} INFO - [Slide 22] Image URL: https://assets.vogue.com/photos/685c489cd30da48ac32478d3/master/w_2560%2Cc_limit/00022-lemaire-spring-2026-ready-to-wear-credit-gregoire-avenel.jpg
[2026-01-06T15:10:24.900+1100] {logging_mixin.py:188} INFO - [Slide 22] Image saved as vogue_image_22.jpg
[2026-01-06T15:10:27.146+1100] {logging_mixin.py:188} INFO - [Slide 23] Image URL: https://assets.vogue.com/photos/685c489e41c2dad63199434d/master/w_2560%2Cc_limit/00023-lemaire-spring-2026-ready-to-wear-credit-gregoire-avenel.jpg
[2026-01-06T15:10:27.542+1100] {logging_mixin.py:188} INFO - [Slide 23] Image saved as vogue_image_23.jpg
[2026-01-06T15:10:29.776+1100] {logging_mixin.py:188} INFO - [Slide 24] Image URL: https://assets.vogue.com/photos/685c489ea98ae4763fabcab7/master/w_2560%2Cc_limit/00024-lemaire-spring-2026-ready-to-wear-credit-gregoire-avenel.jpg
[2026-01-06T15:10:30.135+1100] {logging_mixin.py:188} INFO - [Slide 24] Image saved as vogue_image_24.jpg
[2026-01-06T15:10:32.387+1100] {logging_mixin.py:188} INFO - [Slide 25] Image URL: https://assets.vogue.com/photos/685c48a024dae1e8d684f0f8/master/w_2560%2Cc_limit/00025-lemaire-spring-2026-ready-to-wear-credit-gregoire-avenel.jpg
[2026-01-06T15:10:32.685+1100] {logging_mixin.py:188} INFO - [Slide 25] Image saved as vogue_image_25.jpg
[2026-01-06T15:10:34.907+1100] {logging_mixin.py:188} INFO - [Slide 26] Image URL: https://assets.vogue.com/photos/685c48a104277a8131ad47c0/master/w_2560%2Cc_limit/00026-lemaire-spring-2026-ready-to-wear-credit-gregoire-avenel.jpg
[2026-01-06T15:10:35.267+1100] {logging_mixin.py:188} INFO - [Slide 26] Image saved as vogue_image_26.jpg
[2026-01-06T15:10:37.488+1100] {logging_mixin.py:188} INFO - [Slide 27] Image URL: https://assets.vogue.com/photos/685c48a7b3a989c6b4c24011/master/w_2560%2Cc_limit/00027-lemaire-spring-2026-ready-to-wear-credit-gregoire-avenel.jpg
[2026-01-06T15:10:37.856+1100] {logging_mixin.py:188} INFO - [Slide 27] Image saved as vogue_image_27.jpg
[2026-01-06T15:10:40.104+1100] {logging_mixin.py:188} INFO - [Slide 28] Image URL: https://assets.vogue.com/photos/685c48a524dae1e8d684f0fa/master/w_2560%2Cc_limit/00028-lemaire-spring-2026-ready-to-wear-credit-gregoire-avenel.jpg
[2026-01-06T15:10:40.433+1100] {logging_mixin.py:188} INFO - [Slide 28] Image saved as vogue_image_28.jpg
[2026-01-06T15:10:42.763+1100] {logging_mixin.py:188} INFO - [Slide 29] Image URL: https://assets.vogue.com/photos/685c48a7ac7fa4d2ad630eea/master/w_2560%2Cc_limit/00029-lemaire-spring-2026-ready-to-wear-credit-gregoire-avenel.jpg
[2026-01-06T15:10:43.127+1100] {logging_mixin.py:188} INFO - [Slide 29] Image saved as vogue_image_29.jpg
[2026-01-06T15:10:45.364+1100] {logging_mixin.py:188} INFO - [Slide 30] Image URL: https://assets.vogue.com/photos/685c48acafc82a7e943bc187/master/w_2560%2Cc_limit/00030-lemaire-spring-2026-ready-to-wear-credit-gregoire-avenel.jpg
[2026-01-06T15:10:45.752+1100] {logging_mixin.py:188} INFO - [Slide 30] Image saved as vogue_image_30.jpg
[2026-01-06T15:10:47.992+1100] {logging_mixin.py:188} INFO - [Slide 31] Image URL: https://assets.vogue.com/photos/685c48b54d1c7c21700c44fd/master/w_2560%2Cc_limit/00031-lemaire-spring-2026-ready-to-wear-credit-gregoire-avenel.jpg
[2026-01-06T15:10:48.338+1100] {logging_mixin.py:188} INFO - [Slide 31] Image saved as vogue_image_31.jpg
[2026-01-06T15:10:50.562+1100] {logging_mixin.py:188} INFO - [Slide 32] Image URL: https://assets.vogue.com/photos/685c48ac90c6d1d53f70692a/master/w_2560%2Cc_limit/00032-lemaire-spring-2026-ready-to-wear-credit-gregoire-avenel.jpg
[2026-01-06T15:10:50.996+1100] {logging_mixin.py:188} INFO - [Slide 32] Image saved as vogue_image_32.jpg
[2026-01-06T15:10:53.223+1100] {logging_mixin.py:188} INFO - [Slide 33] Image URL: https://assets.vogue.com/photos/685c48b328f9ab01701016f7/master/w_2560%2Cc_limit/00033-lemaire-spring-2026-ready-to-wear-credit-gregoire-avenel.jpg
[2026-01-06T15:10:53.658+1100] {logging_mixin.py:188} INFO - [Slide 33] Image saved as vogue_image_33.jpg
[2026-01-06T15:10:55.911+1100] {logging_mixin.py:188} INFO - [Slide 34] Image URL: https://assets.vogue.com/photos/685c48b36f72874d226140c0/master/w_2560%2Cc_limit/00034-lemaire-spring-2026-ready-to-wear-credit-gregoire-avenel.jpg
[2026-01-06T15:10:56.255+1100] {logging_mixin.py:188} INFO - [Slide 34] Image saved as vogue_image_34.jpg
[2026-01-06T15:10:58.461+1100] {logging_mixin.py:188} INFO - [Slide 35] Image URL: https://assets.vogue.com/photos/685c48bdc445b41712cf11fe/master/w_2560%2Cc_limit/00035-lemaire-spring-2026-ready-to-wear-credit-gregoire-avenel.jpg
[2026-01-06T15:10:58.800+1100] {logging_mixin.py:188} INFO - [Slide 35] Image saved as vogue_image_35.jpg
[2026-01-06T15:11:01.034+1100] {logging_mixin.py:188} INFO - [Slide 36] Image URL: https://assets.vogue.com/photos/685c48be7e99aab20e4e880e/master/w_2560%2Cc_limit/00036-lemaire-spring-2026-ready-to-wear-credit-gregoire-avenel.jpg
[2026-01-06T15:11:01.410+1100] {logging_mixin.py:188} INFO - [Slide 36] Image saved as vogue_image_36.jpg
[2026-01-06T15:11:03.622+1100] {logging_mixin.py:188} INFO - [Slide 37] Image URL: https://assets.vogue.com/photos/685c48bf717c6cc54fbc5d04/master/w_2560%2Cc_limit/00037-lemaire-spring-2026-ready-to-wear-credit-gregoire-avenel.jpg
[2026-01-06T15:11:03.932+1100] {logging_mixin.py:188} INFO - [Slide 37] Image saved as vogue_image_37.jpg
[2026-01-06T15:11:06.162+1100] {logging_mixin.py:188} INFO - [Slide 38] Image URL: https://assets.vogue.com/photos/685c48c58f9548adee4f09b6/master/w_2560%2Cc_limit/00038-lemaire-spring-2026-ready-to-wear-credit-gregoire-avenel.jpg
[2026-01-06T15:11:06.624+1100] {logging_mixin.py:188} INFO - [Slide 38] Image saved as vogue_image_38.jpg
[2026-01-06T15:11:08.853+1100] {logging_mixin.py:188} INFO - [Slide 39] Image URL: https://assets.vogue.com/photos/685c48c4c0079b9c596a7e47/master/w_2560%2Cc_limit/00039-lemaire-spring-2026-ready-to-wear-credit-gregoire-avenel.jpg
[2026-01-06T15:11:09.177+1100] {logging_mixin.py:188} INFO - [Slide 39] Image saved as vogue_image_39.jpg
[2026-01-06T15:11:11.401+1100] {logging_mixin.py:188} INFO - [Slide 40] Image URL: https://assets.vogue.com/photos/685c48c756bd9f60888ebd48/master/w_2560%2Cc_limit/00040-lemaire-spring-2026-ready-to-wear-credit-gregoire-avenel.jpg
[2026-01-06T15:11:11.795+1100] {logging_mixin.py:188} INFO - [Slide 40] Image saved as vogue_image_40.jpg
[2026-01-06T15:11:14.018+1100] {logging_mixin.py:188} INFO - [Slide 41] Image URL: https://assets.vogue.com/photos/685c48c95dfcb9e50e393168/master/w_2560%2Cc_limit/00041-lemaire-spring-2026-ready-to-wear-credit-gregoire-avenel.jpg
[2026-01-06T15:11:14.397+1100] {logging_mixin.py:188} INFO - [Slide 41] Image saved as vogue_image_41.jpg
[2026-01-06T15:11:16.641+1100] {logging_mixin.py:188} INFO - [Slide 42] Image URL: https://assets.vogue.com/photos/685c48cc7800c57165bdb4a1/master/w_2560%2Cc_limit/00042-lemaire-spring-2026-ready-to-wear-credit-gregoire-avenel.jpg
[2026-01-06T15:11:17.000+1100] {logging_mixin.py:188} INFO - [Slide 42] Image saved as vogue_image_42.jpg
[2026-01-06T15:11:19.220+1100] {logging_mixin.py:188} INFO - [Slide 43] Image URL: https://assets.vogue.com/photos/685c48ceb7bbb63ac65bd080/master/w_2560%2Cc_limit/00043-lemaire-spring-2026-ready-to-wear-credit-gregoire-avenel.jpg
[2026-01-06T15:11:19.601+1100] {logging_mixin.py:188} INFO - [Slide 43] Image saved as vogue_image_43.jpg
[2026-01-06T15:11:21.876+1100] {logging_mixin.py:188} INFO - [Slide 44] Image URL: https://assets.vogue.com/photos/685c48cf54f335b3e9920337/master/w_2560%2Cc_limit/00044-lemaire-spring-2026-ready-to-wear-credit-gregoire-avenel.jpg
[2026-01-06T15:11:22.243+1100] {logging_mixin.py:188} INFO - [Slide 44] Image saved as vogue_image_44.jpg
[2026-01-06T15:11:24.479+1100] {logging_mixin.py:188} INFO - [Slide 45] Image URL: https://assets.vogue.com/photos/685c48d1440b05c92633128f/master/w_2560%2Cc_limit/00045-lemaire-spring-2026-ready-to-wear-credit-gregoire-avenel.jpg
[2026-01-06T15:11:24.822+1100] {logging_mixin.py:188} INFO - [Slide 45] Image saved as vogue_image_45.jpg
[2026-01-06T15:11:27.103+1100] {logging_mixin.py:188} INFO - [Slide 46] Image URL: https://assets.vogue.com/photos/685c48d642d1257c3e1d57cc/master/w_2560%2Cc_limit/00046-lemaire-spring-2026-ready-to-wear-credit-gregoire-avenel.jpg
[2026-01-06T15:11:27.412+1100] {logging_mixin.py:188} INFO - [Slide 46] Image saved as vogue_image_46.jpg
[2026-01-06T15:11:29.624+1100] {logging_mixin.py:188} INFO - [Slide 47] Image URL: https://assets.vogue.com/photos/685c48d6717c6cc54fbc5d06/master/w_2560%2Cc_limit/00047-lemaire-spring-2026-ready-to-wear-credit-gregoire-avenel.jpg
[2026-01-06T15:11:29.910+1100] {logging_mixin.py:188} INFO - [Slide 47] Image saved as vogue_image_47.jpg
[2026-01-06T15:11:32.122+1100] {logging_mixin.py:188} INFO - [Slide 48] Image URL: https://assets.vogue.com/photos/685c48d8510640ba94128394/master/w_2560%2Cc_limit/00048-lemaire-spring-2026-ready-to-wear-credit-gregoire-avenel.jpg
[2026-01-06T15:11:32.471+1100] {logging_mixin.py:188} INFO - [Slide 48] Image saved as vogue_image_48.jpg
[2026-01-06T15:11:34.717+1100] {logging_mixin.py:188} INFO - [Slide 49] Image URL: https://assets.vogue.com/photos/685c48ddc0079b9c596a7e4a/master/w_2560%2Cc_limit/00049-lemaire-spring-2026-ready-to-wear-credit-gregoire-avenel.jpg
[2026-01-06T15:11:35.052+1100] {logging_mixin.py:188} INFO - [Slide 49] Image saved as vogue_image_49.jpg
[2026-01-06T15:11:37.286+1100] {logging_mixin.py:188} INFO - [Slide 50] Image URL: https://assets.vogue.com/photos/685c48dfdd31723017fdcd99/master/w_2560%2Cc_limit/00050-lemaire-spring-2026-ready-to-wear-credit-gregoire-avenel.jpg
[2026-01-06T15:11:37.621+1100] {logging_mixin.py:188} INFO - [Slide 50] Image saved as vogue_image_50.jpg
[2026-01-06T15:11:39.851+1100] {logging_mixin.py:188} INFO - [Slide 51] Image URL: https://assets.vogue.com/photos/685c48e04e1c74b18a3f3946/master/w_2560%2Cc_limit/00051-lemaire-spring-2026-ready-to-wear-credit-gregoire-avenel.jpg
[2026-01-06T15:11:40.205+1100] {logging_mixin.py:188} INFO - [Slide 51] Image saved as vogue_image_51.jpg
[2026-01-06T15:11:42.434+1100] {logging_mixin.py:188} INFO - [Slide 52] Image URL: https://assets.vogue.com/photos/685c48e25dfcb9e50e39316a/master/w_2560%2Cc_limit/00052-lemaire-spring-2026-ready-to-wear-credit-gregoire-avenel.jpg
[2026-01-06T15:11:42.825+1100] {logging_mixin.py:188} INFO - [Slide 52] Image saved as vogue_image_52.jpg
[2026-01-06T15:11:45.049+1100] {logging_mixin.py:188} INFO - [Slide 53] Image URL: https://assets.vogue.com/photos/685c48e77800c57165bdb4a5/master/w_2560%2Cc_limit/00053-lemaire-spring-2026-ready-to-wear-credit-gregoire-avenel.jpg
[2026-01-06T15:11:45.403+1100] {logging_mixin.py:188} INFO - [Slide 53] Image saved as vogue_image_53.jpg
[2026-01-06T15:11:47.646+1100] {logging_mixin.py:188} INFO - [Slide 54] Image URL: https://assets.vogue.com/photos/685c48e8b7bbb63ac65bd082/master/w_2560%2Cc_limit/00054-lemaire-spring-2026-ready-to-wear-credit-gregoire-avenel.jpg
[2026-01-06T15:11:47.952+1100] {logging_mixin.py:188} INFO - [Slide 54] Image saved as vogue_image_54.jpg
[2026-01-06T15:11:50.187+1100] {logging_mixin.py:188} INFO - [Slide 55] Image URL: https://assets.vogue.com/photos/685c48e77800c57165bdb4a3/master/w_2560%2Cc_limit/00055-lemaire-spring-2026-ready-to-wear-credit-gregoire-avenel.jpg
[2026-01-06T15:11:50.468+1100] {logging_mixin.py:188} INFO - [Slide 55] Image saved as vogue_image_55.jpg
[2026-01-06T15:11:52.585+1100] {logging_mixin.py:188} INFO - Slideshow loop detected — stopping.
[2026-01-06T15:11:52.588+1100] {python.py:237} INFO - Done. Returned value was: None
[2026-01-06T15:11:52.588+1100] {taskinstance.py:441} INFO - ::group::Post task execution logs
[2026-01-06T15:11:52.609+1100] {taskinstance.py:1206} INFO - Marking task as SUCCESS. dag_id=vogue_ai_data_etl, task_id=scrape_vogue_slideshow, run_id=manual__2026-01-06T04:07:18.379244+00:00, execution_date=20260106T040718, start_date=20260106T040738, end_date=20260106T041152
[2026-01-06T15:11:52.654+1100] {local_task_job_runner.py:243} INFO - Task exited with return code 0
[2026-01-06T15:11:52.662+1100] {taskinstance.py:3503} INFO - 0 downstream tasks scheduled from follow-on schedule check
[2026-01-06T15:11:52.663+1100] {local_task_job_runner.py:222} INFO - ::endgroup::
