[2026-01-06T13:57:12.677+1100] {processor.py:161} INFO - Started process (PID=85263) to work on /Users/fionatham/Documents/Projects/vogue_data_pipeline/venv/lib/python3.11/site-packages/airflow/example_dags/example_setup_teardown_taskflow.py
[2026-01-06T13:57:12.677+1100] {processor.py:830} INFO - Processing file /Users/fionatham/Documents/Projects/vogue_data_pipeline/venv/lib/python3.11/site-packages/airflow/example_dags/example_setup_teardown_taskflow.py for tasks to queue
[2026-01-06T13:57:12.678+1100] {logging_mixin.py:188} INFO - [2026-01-06T13:57:12.678+1100] {dagbag.py:545} INFO - Filling up the DagBag from /Users/fionatham/Documents/Projects/vogue_data_pipeline/venv/lib/python3.11/site-packages/airflow/example_dags/example_setup_teardown_taskflow.py
[2026-01-06T13:57:12.695+1100] {processor.py:840} INFO - DAG(s) 'example_setup_teardown_taskflow' retrieved from /Users/fionatham/Documents/Projects/vogue_data_pipeline/venv/lib/python3.11/site-packages/airflow/example_dags/example_setup_teardown_taskflow.py
[2026-01-06T13:57:12.807+1100] {logging_mixin.py:188} INFO - [2026-01-06T13:57:12.806+1100] {override.py:1858} INFO - Created Permission View: can delete on DAG:example_setup_teardown_taskflow
[2026-01-06T13:57:12.811+1100] {logging_mixin.py:188} INFO - [2026-01-06T13:57:12.810+1100] {override.py:1858} INFO - Created Permission View: can read on DAG:example_setup_teardown_taskflow
[2026-01-06T13:57:12.813+1100] {logging_mixin.py:188} INFO - [2026-01-06T13:57:12.813+1100] {override.py:1858} INFO - Created Permission View: can edit on DAG:example_setup_teardown_taskflow
[2026-01-06T13:57:12.813+1100] {logging_mixin.py:188} INFO - [2026-01-06T13:57:12.813+1100] {dag.py:3089} INFO - Sync 1 DAGs
[2026-01-06T13:57:12.817+1100] {logging_mixin.py:188} INFO - [2026-01-06T13:57:12.817+1100] {dag.py:3111} INFO - Creating ORM DAG for example_setup_teardown_taskflow
[2026-01-06T13:57:12.821+1100] {logging_mixin.py:188} INFO - [2026-01-06T13:57:12.821+1100] {dag.py:3947} INFO - Setting next_dagrun for example_setup_teardown_taskflow to 2026-01-05 00:00:00+00:00, run_after=2026-01-06 00:00:00+00:00
[2026-01-06T13:57:12.829+1100] {processor.py:183} INFO - Processing /Users/fionatham/Documents/Projects/vogue_data_pipeline/venv/lib/python3.11/site-packages/airflow/example_dags/example_setup_teardown_taskflow.py took 0.154 seconds
[2026-01-06T13:58:42.618+1100] {processor.py:161} INFO - Started process (PID=85981) to work on /Users/fionatham/Documents/Projects/vogue_data_pipeline/venv/lib/python3.11/site-packages/airflow/example_dags/example_setup_teardown_taskflow.py
[2026-01-06T13:58:42.618+1100] {processor.py:830} INFO - Processing file /Users/fionatham/Documents/Projects/vogue_data_pipeline/venv/lib/python3.11/site-packages/airflow/example_dags/example_setup_teardown_taskflow.py for tasks to queue
[2026-01-06T13:58:42.619+1100] {logging_mixin.py:188} INFO - [2026-01-06T13:58:42.618+1100] {dagbag.py:545} INFO - Filling up the DagBag from /Users/fionatham/Documents/Projects/vogue_data_pipeline/venv/lib/python3.11/site-packages/airflow/example_dags/example_setup_teardown_taskflow.py
[2026-01-06T13:58:42.640+1100] {processor.py:840} INFO - DAG(s) 'example_setup_teardown_taskflow' retrieved from /Users/fionatham/Documents/Projects/vogue_data_pipeline/venv/lib/python3.11/site-packages/airflow/example_dags/example_setup_teardown_taskflow.py
[2026-01-06T13:58:42.738+1100] {logging_mixin.py:188} INFO - [2026-01-06T13:58:42.738+1100] {dag.py:3089} INFO - Sync 1 DAGs
[2026-01-06T13:58:42.745+1100] {logging_mixin.py:188} INFO - [2026-01-06T13:58:42.744+1100] {dag.py:3947} INFO - Setting next_dagrun for example_setup_teardown_taskflow to 2026-01-05 00:00:00+00:00, run_after=2026-01-06 00:00:00+00:00
[2026-01-06T13:58:42.755+1100] {processor.py:183} INFO - Processing /Users/fionatham/Documents/Projects/vogue_data_pipeline/venv/lib/python3.11/site-packages/airflow/example_dags/example_setup_teardown_taskflow.py took 0.139 seconds
[2026-01-06T14:00:42.580+1100] {processor.py:161} INFO - Started process (PID=86945) to work on /Users/fionatham/Documents/Projects/vogue_data_pipeline/venv/lib/python3.11/site-packages/airflow/example_dags/example_setup_teardown_taskflow.py
[2026-01-06T14:00:42.581+1100] {processor.py:830} INFO - Processing file /Users/fionatham/Documents/Projects/vogue_data_pipeline/venv/lib/python3.11/site-packages/airflow/example_dags/example_setup_teardown_taskflow.py for tasks to queue
[2026-01-06T14:00:42.581+1100] {logging_mixin.py:188} INFO - [2026-01-06T14:00:42.581+1100] {dagbag.py:545} INFO - Filling up the DagBag from /Users/fionatham/Documents/Projects/vogue_data_pipeline/venv/lib/python3.11/site-packages/airflow/example_dags/example_setup_teardown_taskflow.py
[2026-01-06T14:00:42.598+1100] {processor.py:840} INFO - DAG(s) 'example_setup_teardown_taskflow' retrieved from /Users/fionatham/Documents/Projects/vogue_data_pipeline/venv/lib/python3.11/site-packages/airflow/example_dags/example_setup_teardown_taskflow.py
[2026-01-06T14:00:42.642+1100] {logging_mixin.py:188} INFO - [2026-01-06T14:00:42.642+1100] {dag.py:3089} INFO - Sync 1 DAGs
[2026-01-06T14:00:42.649+1100] {logging_mixin.py:188} INFO - [2026-01-06T14:00:42.649+1100] {dag.py:3947} INFO - Setting next_dagrun for example_setup_teardown_taskflow to 2026-01-05 00:00:00+00:00, run_after=2026-01-06 00:00:00+00:00
[2026-01-06T14:00:42.656+1100] {processor.py:183} INFO - Processing /Users/fionatham/Documents/Projects/vogue_data_pipeline/venv/lib/python3.11/site-packages/airflow/example_dags/example_setup_teardown_taskflow.py took 0.077 seconds
[2026-01-06T14:02:45.013+1100] {processor.py:161} INFO - Started process (PID=87159) to work on /Users/fionatham/Documents/Projects/vogue_data_pipeline/venv/lib/python3.11/site-packages/airflow/example_dags/example_setup_teardown_taskflow.py
[2026-01-06T14:02:45.014+1100] {processor.py:830} INFO - Processing file /Users/fionatham/Documents/Projects/vogue_data_pipeline/venv/lib/python3.11/site-packages/airflow/example_dags/example_setup_teardown_taskflow.py for tasks to queue
[2026-01-06T14:02:45.015+1100] {logging_mixin.py:188} INFO - [2026-01-06T14:02:45.015+1100] {dagbag.py:545} INFO - Filling up the DagBag from /Users/fionatham/Documents/Projects/vogue_data_pipeline/venv/lib/python3.11/site-packages/airflow/example_dags/example_setup_teardown_taskflow.py
[2026-01-06T14:02:45.030+1100] {processor.py:840} INFO - DAG(s) 'example_setup_teardown_taskflow' retrieved from /Users/fionatham/Documents/Projects/vogue_data_pipeline/venv/lib/python3.11/site-packages/airflow/example_dags/example_setup_teardown_taskflow.py
[2026-01-06T14:02:45.073+1100] {logging_mixin.py:188} INFO - [2026-01-06T14:02:45.073+1100] {dag.py:3089} INFO - Sync 1 DAGs
[2026-01-06T14:02:45.079+1100] {logging_mixin.py:188} INFO - [2026-01-06T14:02:45.079+1100] {dag.py:3947} INFO - Setting next_dagrun for example_setup_teardown_taskflow to 2026-01-05 00:00:00+00:00, run_after=2026-01-06 00:00:00+00:00
[2026-01-06T14:02:45.086+1100] {processor.py:183} INFO - Processing /Users/fionatham/Documents/Projects/vogue_data_pipeline/venv/lib/python3.11/site-packages/airflow/example_dags/example_setup_teardown_taskflow.py took 0.074 seconds
[2026-01-06T14:04:44.769+1100] {processor.py:161} INFO - Started process (PID=87315) to work on /Users/fionatham/Documents/Projects/vogue_data_pipeline/venv/lib/python3.11/site-packages/airflow/example_dags/example_setup_teardown_taskflow.py
[2026-01-06T14:04:44.770+1100] {processor.py:830} INFO - Processing file /Users/fionatham/Documents/Projects/vogue_data_pipeline/venv/lib/python3.11/site-packages/airflow/example_dags/example_setup_teardown_taskflow.py for tasks to queue
[2026-01-06T14:04:44.770+1100] {logging_mixin.py:188} INFO - [2026-01-06T14:04:44.770+1100] {dagbag.py:545} INFO - Filling up the DagBag from /Users/fionatham/Documents/Projects/vogue_data_pipeline/venv/lib/python3.11/site-packages/airflow/example_dags/example_setup_teardown_taskflow.py
[2026-01-06T14:04:44.787+1100] {processor.py:840} INFO - DAG(s) 'example_setup_teardown_taskflow' retrieved from /Users/fionatham/Documents/Projects/vogue_data_pipeline/venv/lib/python3.11/site-packages/airflow/example_dags/example_setup_teardown_taskflow.py
[2026-01-06T14:04:44.833+1100] {logging_mixin.py:188} INFO - [2026-01-06T14:04:44.832+1100] {dag.py:3089} INFO - Sync 1 DAGs
[2026-01-06T14:04:44.841+1100] {logging_mixin.py:188} INFO - [2026-01-06T14:04:44.841+1100] {dag.py:3947} INFO - Setting next_dagrun for example_setup_teardown_taskflow to 2026-01-05 00:00:00+00:00, run_after=2026-01-06 00:00:00+00:00
[2026-01-06T14:04:44.849+1100] {processor.py:183} INFO - Processing /Users/fionatham/Documents/Projects/vogue_data_pipeline/venv/lib/python3.11/site-packages/airflow/example_dags/example_setup_teardown_taskflow.py took 0.081 seconds
[2026-01-06T14:06:46.622+1100] {processor.py:161} INFO - Started process (PID=87549) to work on /Users/fionatham/Documents/Projects/vogue_data_pipeline/venv/lib/python3.11/site-packages/airflow/example_dags/example_setup_teardown_taskflow.py
[2026-01-06T14:06:46.623+1100] {processor.py:830} INFO - Processing file /Users/fionatham/Documents/Projects/vogue_data_pipeline/venv/lib/python3.11/site-packages/airflow/example_dags/example_setup_teardown_taskflow.py for tasks to queue
[2026-01-06T14:06:46.623+1100] {logging_mixin.py:188} INFO - [2026-01-06T14:06:46.623+1100] {dagbag.py:545} INFO - Filling up the DagBag from /Users/fionatham/Documents/Projects/vogue_data_pipeline/venv/lib/python3.11/site-packages/airflow/example_dags/example_setup_teardown_taskflow.py
[2026-01-06T14:06:46.639+1100] {processor.py:840} INFO - DAG(s) 'example_setup_teardown_taskflow' retrieved from /Users/fionatham/Documents/Projects/vogue_data_pipeline/venv/lib/python3.11/site-packages/airflow/example_dags/example_setup_teardown_taskflow.py
[2026-01-06T14:06:46.684+1100] {logging_mixin.py:188} INFO - [2026-01-06T14:06:46.684+1100] {dag.py:3089} INFO - Sync 1 DAGs
[2026-01-06T14:06:46.691+1100] {logging_mixin.py:188} INFO - [2026-01-06T14:06:46.691+1100] {dag.py:3947} INFO - Setting next_dagrun for example_setup_teardown_taskflow to 2026-01-05 00:00:00+00:00, run_after=2026-01-06 00:00:00+00:00
[2026-01-06T14:06:46.699+1100] {processor.py:183} INFO - Processing /Users/fionatham/Documents/Projects/vogue_data_pipeline/venv/lib/python3.11/site-packages/airflow/example_dags/example_setup_teardown_taskflow.py took 0.078 seconds
[2026-01-06T14:08:42.552+1100] {processor.py:161} INFO - Started process (PID=87677) to work on /Users/fionatham/Documents/Projects/vogue_data_pipeline/venv/lib/python3.11/site-packages/airflow/example_dags/example_setup_teardown_taskflow.py
[2026-01-06T14:08:42.552+1100] {processor.py:830} INFO - Processing file /Users/fionatham/Documents/Projects/vogue_data_pipeline/venv/lib/python3.11/site-packages/airflow/example_dags/example_setup_teardown_taskflow.py for tasks to queue
[2026-01-06T14:08:42.553+1100] {logging_mixin.py:188} INFO - [2026-01-06T14:08:42.553+1100] {dagbag.py:545} INFO - Filling up the DagBag from /Users/fionatham/Documents/Projects/vogue_data_pipeline/venv/lib/python3.11/site-packages/airflow/example_dags/example_setup_teardown_taskflow.py
[2026-01-06T14:08:42.572+1100] {processor.py:840} INFO - DAG(s) 'example_setup_teardown_taskflow' retrieved from /Users/fionatham/Documents/Projects/vogue_data_pipeline/venv/lib/python3.11/site-packages/airflow/example_dags/example_setup_teardown_taskflow.py
[2026-01-06T14:08:42.618+1100] {logging_mixin.py:188} INFO - [2026-01-06T14:08:42.618+1100] {dag.py:3089} INFO - Sync 1 DAGs
[2026-01-06T14:08:42.625+1100] {logging_mixin.py:188} INFO - [2026-01-06T14:08:42.624+1100] {dag.py:3947} INFO - Setting next_dagrun for example_setup_teardown_taskflow to 2026-01-05 00:00:00+00:00, run_after=2026-01-06 00:00:00+00:00
[2026-01-06T14:08:42.632+1100] {processor.py:183} INFO - Processing /Users/fionatham/Documents/Projects/vogue_data_pipeline/venv/lib/python3.11/site-packages/airflow/example_dags/example_setup_teardown_taskflow.py took 0.082 seconds
[2026-01-06T14:10:44.661+1100] {processor.py:161} INFO - Started process (PID=87795) to work on /Users/fionatham/Documents/Projects/vogue_data_pipeline/venv/lib/python3.11/site-packages/airflow/example_dags/example_setup_teardown_taskflow.py
[2026-01-06T14:10:44.663+1100] {processor.py:830} INFO - Processing file /Users/fionatham/Documents/Projects/vogue_data_pipeline/venv/lib/python3.11/site-packages/airflow/example_dags/example_setup_teardown_taskflow.py for tasks to queue
[2026-01-06T14:10:44.663+1100] {logging_mixin.py:188} INFO - [2026-01-06T14:10:44.663+1100] {dagbag.py:545} INFO - Filling up the DagBag from /Users/fionatham/Documents/Projects/vogue_data_pipeline/venv/lib/python3.11/site-packages/airflow/example_dags/example_setup_teardown_taskflow.py
[2026-01-06T14:10:44.679+1100] {processor.py:840} INFO - DAG(s) 'example_setup_teardown_taskflow' retrieved from /Users/fionatham/Documents/Projects/vogue_data_pipeline/venv/lib/python3.11/site-packages/airflow/example_dags/example_setup_teardown_taskflow.py
[2026-01-06T14:10:44.727+1100] {logging_mixin.py:188} INFO - [2026-01-06T14:10:44.727+1100] {dag.py:3089} INFO - Sync 1 DAGs
[2026-01-06T14:10:44.734+1100] {logging_mixin.py:188} INFO - [2026-01-06T14:10:44.734+1100] {dag.py:3947} INFO - Setting next_dagrun for example_setup_teardown_taskflow to 2026-01-05 00:00:00+00:00, run_after=2026-01-06 00:00:00+00:00
[2026-01-06T14:10:44.743+1100] {processor.py:183} INFO - Processing /Users/fionatham/Documents/Projects/vogue_data_pipeline/venv/lib/python3.11/site-packages/airflow/example_dags/example_setup_teardown_taskflow.py took 0.083 seconds
[2026-01-06T14:12:41.168+1100] {processor.py:161} INFO - Started process (PID=87943) to work on /Users/fionatham/Documents/Projects/vogue_data_pipeline/venv/lib/python3.11/site-packages/airflow/example_dags/example_setup_teardown_taskflow.py
[2026-01-06T14:12:41.169+1100] {processor.py:830} INFO - Processing file /Users/fionatham/Documents/Projects/vogue_data_pipeline/venv/lib/python3.11/site-packages/airflow/example_dags/example_setup_teardown_taskflow.py for tasks to queue
[2026-01-06T14:12:41.169+1100] {logging_mixin.py:188} INFO - [2026-01-06T14:12:41.169+1100] {dagbag.py:545} INFO - Filling up the DagBag from /Users/fionatham/Documents/Projects/vogue_data_pipeline/venv/lib/python3.11/site-packages/airflow/example_dags/example_setup_teardown_taskflow.py
[2026-01-06T14:12:41.187+1100] {processor.py:840} INFO - DAG(s) 'example_setup_teardown_taskflow' retrieved from /Users/fionatham/Documents/Projects/vogue_data_pipeline/venv/lib/python3.11/site-packages/airflow/example_dags/example_setup_teardown_taskflow.py
[2026-01-06T14:12:41.232+1100] {logging_mixin.py:188} INFO - [2026-01-06T14:12:41.232+1100] {dag.py:3089} INFO - Sync 1 DAGs
[2026-01-06T14:12:41.239+1100] {logging_mixin.py:188} INFO - [2026-01-06T14:12:41.239+1100] {dag.py:3947} INFO - Setting next_dagrun for example_setup_teardown_taskflow to 2026-01-05 00:00:00+00:00, run_after=2026-01-06 00:00:00+00:00
[2026-01-06T14:12:41.247+1100] {processor.py:183} INFO - Processing /Users/fionatham/Documents/Projects/vogue_data_pipeline/venv/lib/python3.11/site-packages/airflow/example_dags/example_setup_teardown_taskflow.py took 0.081 seconds
[2026-01-06T14:14:50.403+1100] {processor.py:161} INFO - Started process (PID=88636) to work on /Users/fionatham/Documents/Projects/vogue_data_pipeline/venv/lib/python3.11/site-packages/airflow/example_dags/example_setup_teardown_taskflow.py
[2026-01-06T14:14:50.404+1100] {processor.py:830} INFO - Processing file /Users/fionatham/Documents/Projects/vogue_data_pipeline/venv/lib/python3.11/site-packages/airflow/example_dags/example_setup_teardown_taskflow.py for tasks to queue
[2026-01-06T14:14:50.405+1100] {logging_mixin.py:188} INFO - [2026-01-06T14:14:50.404+1100] {dagbag.py:545} INFO - Filling up the DagBag from /Users/fionatham/Documents/Projects/vogue_data_pipeline/venv/lib/python3.11/site-packages/airflow/example_dags/example_setup_teardown_taskflow.py
[2026-01-06T14:14:50.424+1100] {processor.py:840} INFO - DAG(s) 'example_setup_teardown_taskflow' retrieved from /Users/fionatham/Documents/Projects/vogue_data_pipeline/venv/lib/python3.11/site-packages/airflow/example_dags/example_setup_teardown_taskflow.py
[2026-01-06T14:14:50.523+1100] {logging_mixin.py:188} INFO - [2026-01-06T14:14:50.523+1100] {dag.py:3089} INFO - Sync 1 DAGs
[2026-01-06T14:14:50.532+1100] {logging_mixin.py:188} INFO - [2026-01-06T14:14:50.532+1100] {dag.py:3947} INFO - Setting next_dagrun for example_setup_teardown_taskflow to 2026-01-05 00:00:00+00:00, run_after=2026-01-06 00:00:00+00:00
[2026-01-06T14:14:50.541+1100] {processor.py:183} INFO - Processing /Users/fionatham/Documents/Projects/vogue_data_pipeline/venv/lib/python3.11/site-packages/airflow/example_dags/example_setup_teardown_taskflow.py took 0.139 seconds
[2026-01-06T14:16:42.916+1100] {processor.py:161} INFO - Started process (PID=89266) to work on /Users/fionatham/Documents/Projects/vogue_data_pipeline/venv/lib/python3.11/site-packages/airflow/example_dags/example_setup_teardown_taskflow.py
[2026-01-06T14:16:42.918+1100] {processor.py:830} INFO - Processing file /Users/fionatham/Documents/Projects/vogue_data_pipeline/venv/lib/python3.11/site-packages/airflow/example_dags/example_setup_teardown_taskflow.py for tasks to queue
[2026-01-06T14:16:42.918+1100] {logging_mixin.py:188} INFO - [2026-01-06T14:16:42.918+1100] {dagbag.py:545} INFO - Filling up the DagBag from /Users/fionatham/Documents/Projects/vogue_data_pipeline/venv/lib/python3.11/site-packages/airflow/example_dags/example_setup_teardown_taskflow.py
[2026-01-06T14:16:42.934+1100] {processor.py:840} INFO - DAG(s) 'example_setup_teardown_taskflow' retrieved from /Users/fionatham/Documents/Projects/vogue_data_pipeline/venv/lib/python3.11/site-packages/airflow/example_dags/example_setup_teardown_taskflow.py
[2026-01-06T14:16:42.976+1100] {logging_mixin.py:188} INFO - [2026-01-06T14:16:42.975+1100] {dag.py:3089} INFO - Sync 1 DAGs
[2026-01-06T14:16:42.982+1100] {logging_mixin.py:188} INFO - [2026-01-06T14:16:42.982+1100] {dag.py:3947} INFO - Setting next_dagrun for example_setup_teardown_taskflow to 2026-01-05 00:00:00+00:00, run_after=2026-01-06 00:00:00+00:00
[2026-01-06T14:16:42.989+1100] {processor.py:183} INFO - Processing /Users/fionatham/Documents/Projects/vogue_data_pipeline/venv/lib/python3.11/site-packages/airflow/example_dags/example_setup_teardown_taskflow.py took 0.074 seconds
[2026-01-06T14:18:39.931+1100] {processor.py:161} INFO - Started process (PID=89744) to work on /Users/fionatham/Documents/Projects/vogue_data_pipeline/venv/lib/python3.11/site-packages/airflow/example_dags/example_setup_teardown_taskflow.py
[2026-01-06T14:18:39.932+1100] {processor.py:830} INFO - Processing file /Users/fionatham/Documents/Projects/vogue_data_pipeline/venv/lib/python3.11/site-packages/airflow/example_dags/example_setup_teardown_taskflow.py for tasks to queue
[2026-01-06T14:18:39.932+1100] {logging_mixin.py:188} INFO - [2026-01-06T14:18:39.932+1100] {dagbag.py:545} INFO - Filling up the DagBag from /Users/fionatham/Documents/Projects/vogue_data_pipeline/venv/lib/python3.11/site-packages/airflow/example_dags/example_setup_teardown_taskflow.py
[2026-01-06T14:18:39.949+1100] {processor.py:840} INFO - DAG(s) 'example_setup_teardown_taskflow' retrieved from /Users/fionatham/Documents/Projects/vogue_data_pipeline/venv/lib/python3.11/site-packages/airflow/example_dags/example_setup_teardown_taskflow.py
[2026-01-06T14:18:39.993+1100] {logging_mixin.py:188} INFO - [2026-01-06T14:18:39.993+1100] {dag.py:3089} INFO - Sync 1 DAGs
[2026-01-06T14:18:40.001+1100] {logging_mixin.py:188} INFO - [2026-01-06T14:18:40.001+1100] {dag.py:3947} INFO - Setting next_dagrun for example_setup_teardown_taskflow to 2026-01-05 00:00:00+00:00, run_after=2026-01-06 00:00:00+00:00
[2026-01-06T14:18:40.013+1100] {processor.py:183} INFO - Processing /Users/fionatham/Documents/Projects/vogue_data_pipeline/venv/lib/python3.11/site-packages/airflow/example_dags/example_setup_teardown_taskflow.py took 0.083 seconds
[2026-01-06T14:20:43.739+1100] {processor.py:161} INFO - Started process (PID=89994) to work on /Users/fionatham/Documents/Projects/vogue_data_pipeline/venv/lib/python3.11/site-packages/airflow/example_dags/example_setup_teardown_taskflow.py
[2026-01-06T14:20:43.740+1100] {processor.py:830} INFO - Processing file /Users/fionatham/Documents/Projects/vogue_data_pipeline/venv/lib/python3.11/site-packages/airflow/example_dags/example_setup_teardown_taskflow.py for tasks to queue
[2026-01-06T14:20:43.740+1100] {logging_mixin.py:188} INFO - [2026-01-06T14:20:43.740+1100] {dagbag.py:545} INFO - Filling up the DagBag from /Users/fionatham/Documents/Projects/vogue_data_pipeline/venv/lib/python3.11/site-packages/airflow/example_dags/example_setup_teardown_taskflow.py
[2026-01-06T14:20:43.757+1100] {processor.py:840} INFO - DAG(s) 'example_setup_teardown_taskflow' retrieved from /Users/fionatham/Documents/Projects/vogue_data_pipeline/venv/lib/python3.11/site-packages/airflow/example_dags/example_setup_teardown_taskflow.py
[2026-01-06T14:20:43.803+1100] {logging_mixin.py:188} INFO - [2026-01-06T14:20:43.803+1100] {dag.py:3089} INFO - Sync 1 DAGs
[2026-01-06T14:20:43.810+1100] {logging_mixin.py:188} INFO - [2026-01-06T14:20:43.810+1100] {dag.py:3947} INFO - Setting next_dagrun for example_setup_teardown_taskflow to 2026-01-05 00:00:00+00:00, run_after=2026-01-06 00:00:00+00:00
[2026-01-06T14:20:43.818+1100] {processor.py:183} INFO - Processing /Users/fionatham/Documents/Projects/vogue_data_pipeline/venv/lib/python3.11/site-packages/airflow/example_dags/example_setup_teardown_taskflow.py took 0.080 seconds
[2026-01-06T14:22:43.527+1100] {processor.py:161} INFO - Started process (PID=90085) to work on /Users/fionatham/Documents/Projects/vogue_data_pipeline/venv/lib/python3.11/site-packages/airflow/example_dags/example_setup_teardown_taskflow.py
[2026-01-06T14:22:43.528+1100] {processor.py:830} INFO - Processing file /Users/fionatham/Documents/Projects/vogue_data_pipeline/venv/lib/python3.11/site-packages/airflow/example_dags/example_setup_teardown_taskflow.py for tasks to queue
[2026-01-06T14:22:43.529+1100] {logging_mixin.py:188} INFO - [2026-01-06T14:22:43.529+1100] {dagbag.py:545} INFO - Filling up the DagBag from /Users/fionatham/Documents/Projects/vogue_data_pipeline/venv/lib/python3.11/site-packages/airflow/example_dags/example_setup_teardown_taskflow.py
[2026-01-06T14:22:43.547+1100] {processor.py:840} INFO - DAG(s) 'example_setup_teardown_taskflow' retrieved from /Users/fionatham/Documents/Projects/vogue_data_pipeline/venv/lib/python3.11/site-packages/airflow/example_dags/example_setup_teardown_taskflow.py
[2026-01-06T14:22:43.592+1100] {logging_mixin.py:188} INFO - [2026-01-06T14:22:43.592+1100] {dag.py:3089} INFO - Sync 1 DAGs
[2026-01-06T14:22:43.599+1100] {logging_mixin.py:188} INFO - [2026-01-06T14:22:43.599+1100] {dag.py:3947} INFO - Setting next_dagrun for example_setup_teardown_taskflow to 2026-01-05 00:00:00+00:00, run_after=2026-01-06 00:00:00+00:00
[2026-01-06T14:22:43.606+1100] {processor.py:183} INFO - Processing /Users/fionatham/Documents/Projects/vogue_data_pipeline/venv/lib/python3.11/site-packages/airflow/example_dags/example_setup_teardown_taskflow.py took 0.080 seconds
[2026-01-06T14:24:29.911+1100] {processor.py:161} INFO - Started process (PID=90175) to work on /Users/fionatham/Documents/Projects/vogue_data_pipeline/venv/lib/python3.11/site-packages/airflow/example_dags/example_setup_teardown_taskflow.py
[2026-01-06T14:24:29.913+1100] {processor.py:830} INFO - Processing file /Users/fionatham/Documents/Projects/vogue_data_pipeline/venv/lib/python3.11/site-packages/airflow/example_dags/example_setup_teardown_taskflow.py for tasks to queue
[2026-01-06T14:24:29.913+1100] {logging_mixin.py:188} INFO - [2026-01-06T14:24:29.913+1100] {dagbag.py:545} INFO - Filling up the DagBag from /Users/fionatham/Documents/Projects/vogue_data_pipeline/venv/lib/python3.11/site-packages/airflow/example_dags/example_setup_teardown_taskflow.py
[2026-01-06T14:24:29.930+1100] {processor.py:840} INFO - DAG(s) 'example_setup_teardown_taskflow' retrieved from /Users/fionatham/Documents/Projects/vogue_data_pipeline/venv/lib/python3.11/site-packages/airflow/example_dags/example_setup_teardown_taskflow.py
[2026-01-06T14:24:29.975+1100] {logging_mixin.py:188} INFO - [2026-01-06T14:24:29.975+1100] {dag.py:3089} INFO - Sync 1 DAGs
[2026-01-06T14:24:29.981+1100] {logging_mixin.py:188} INFO - [2026-01-06T14:24:29.981+1100] {dag.py:3947} INFO - Setting next_dagrun for example_setup_teardown_taskflow to 2026-01-05 00:00:00+00:00, run_after=2026-01-06 00:00:00+00:00
[2026-01-06T14:24:29.989+1100] {processor.py:183} INFO - Processing /Users/fionatham/Documents/Projects/vogue_data_pipeline/venv/lib/python3.11/site-packages/airflow/example_dags/example_setup_teardown_taskflow.py took 0.079 seconds
[2026-01-06T14:26:22.393+1100] {processor.py:161} INFO - Started process (PID=90468) to work on /Users/fionatham/Documents/Projects/vogue_data_pipeline/venv/lib/python3.11/site-packages/airflow/example_dags/example_setup_teardown_taskflow.py
[2026-01-06T14:26:22.393+1100] {processor.py:830} INFO - Processing file /Users/fionatham/Documents/Projects/vogue_data_pipeline/venv/lib/python3.11/site-packages/airflow/example_dags/example_setup_teardown_taskflow.py for tasks to queue
[2026-01-06T14:26:22.394+1100] {logging_mixin.py:188} INFO - [2026-01-06T14:26:22.394+1100] {dagbag.py:545} INFO - Filling up the DagBag from /Users/fionatham/Documents/Projects/vogue_data_pipeline/venv/lib/python3.11/site-packages/airflow/example_dags/example_setup_teardown_taskflow.py
[2026-01-06T14:26:22.411+1100] {processor.py:840} INFO - DAG(s) 'example_setup_teardown_taskflow' retrieved from /Users/fionatham/Documents/Projects/vogue_data_pipeline/venv/lib/python3.11/site-packages/airflow/example_dags/example_setup_teardown_taskflow.py
[2026-01-06T14:26:22.457+1100] {logging_mixin.py:188} INFO - [2026-01-06T14:26:22.457+1100] {dag.py:3089} INFO - Sync 1 DAGs
[2026-01-06T14:26:22.464+1100] {logging_mixin.py:188} INFO - [2026-01-06T14:26:22.464+1100] {dag.py:3947} INFO - Setting next_dagrun for example_setup_teardown_taskflow to 2026-01-05 00:00:00+00:00, run_after=2026-01-06 00:00:00+00:00
[2026-01-06T14:26:22.472+1100] {processor.py:183} INFO - Processing /Users/fionatham/Documents/Projects/vogue_data_pipeline/venv/lib/python3.11/site-packages/airflow/example_dags/example_setup_teardown_taskflow.py took 0.081 seconds
[2026-01-06T14:28:20.718+1100] {processor.py:161} INFO - Started process (PID=90799) to work on /Users/fionatham/Documents/Projects/vogue_data_pipeline/venv/lib/python3.11/site-packages/airflow/example_dags/example_setup_teardown_taskflow.py
[2026-01-06T14:28:20.720+1100] {processor.py:830} INFO - Processing file /Users/fionatham/Documents/Projects/vogue_data_pipeline/venv/lib/python3.11/site-packages/airflow/example_dags/example_setup_teardown_taskflow.py for tasks to queue
[2026-01-06T14:28:20.720+1100] {logging_mixin.py:188} INFO - [2026-01-06T14:28:20.720+1100] {dagbag.py:545} INFO - Filling up the DagBag from /Users/fionatham/Documents/Projects/vogue_data_pipeline/venv/lib/python3.11/site-packages/airflow/example_dags/example_setup_teardown_taskflow.py
[2026-01-06T14:28:20.736+1100] {processor.py:840} INFO - DAG(s) 'example_setup_teardown_taskflow' retrieved from /Users/fionatham/Documents/Projects/vogue_data_pipeline/venv/lib/python3.11/site-packages/airflow/example_dags/example_setup_teardown_taskflow.py
[2026-01-06T14:28:20.780+1100] {logging_mixin.py:188} INFO - [2026-01-06T14:28:20.779+1100] {dag.py:3089} INFO - Sync 1 DAGs
[2026-01-06T14:28:20.786+1100] {logging_mixin.py:188} INFO - [2026-01-06T14:28:20.786+1100] {dag.py:3947} INFO - Setting next_dagrun for example_setup_teardown_taskflow to 2026-01-05 00:00:00+00:00, run_after=2026-01-06 00:00:00+00:00
[2026-01-06T14:28:20.793+1100] {processor.py:183} INFO - Processing /Users/fionatham/Documents/Projects/vogue_data_pipeline/venv/lib/python3.11/site-packages/airflow/example_dags/example_setup_teardown_taskflow.py took 0.076 seconds
[2026-01-06T14:30:24.710+1100] {processor.py:161} INFO - Started process (PID=91549) to work on /Users/fionatham/Documents/Projects/vogue_data_pipeline/venv/lib/python3.11/site-packages/airflow/example_dags/example_setup_teardown_taskflow.py
[2026-01-06T14:30:24.710+1100] {processor.py:830} INFO - Processing file /Users/fionatham/Documents/Projects/vogue_data_pipeline/venv/lib/python3.11/site-packages/airflow/example_dags/example_setup_teardown_taskflow.py for tasks to queue
[2026-01-06T14:30:24.711+1100] {logging_mixin.py:188} INFO - [2026-01-06T14:30:24.711+1100] {dagbag.py:545} INFO - Filling up the DagBag from /Users/fionatham/Documents/Projects/vogue_data_pipeline/venv/lib/python3.11/site-packages/airflow/example_dags/example_setup_teardown_taskflow.py
[2026-01-06T14:30:24.728+1100] {processor.py:840} INFO - DAG(s) 'example_setup_teardown_taskflow' retrieved from /Users/fionatham/Documents/Projects/vogue_data_pipeline/venv/lib/python3.11/site-packages/airflow/example_dags/example_setup_teardown_taskflow.py
[2026-01-06T14:30:24.776+1100] {logging_mixin.py:188} INFO - [2026-01-06T14:30:24.775+1100] {dag.py:3089} INFO - Sync 1 DAGs
[2026-01-06T14:30:24.783+1100] {logging_mixin.py:188} INFO - [2026-01-06T14:30:24.783+1100] {dag.py:3947} INFO - Setting next_dagrun for example_setup_teardown_taskflow to 2026-01-05 00:00:00+00:00, run_after=2026-01-06 00:00:00+00:00
[2026-01-06T14:30:24.793+1100] {processor.py:183} INFO - Processing /Users/fionatham/Documents/Projects/vogue_data_pipeline/venv/lib/python3.11/site-packages/airflow/example_dags/example_setup_teardown_taskflow.py took 0.085 seconds
[2026-01-06T14:32:22.300+1100] {processor.py:161} INFO - Started process (PID=92095) to work on /Users/fionatham/Documents/Projects/vogue_data_pipeline/venv/lib/python3.11/site-packages/airflow/example_dags/example_setup_teardown_taskflow.py
[2026-01-06T14:32:22.301+1100] {processor.py:830} INFO - Processing file /Users/fionatham/Documents/Projects/vogue_data_pipeline/venv/lib/python3.11/site-packages/airflow/example_dags/example_setup_teardown_taskflow.py for tasks to queue
[2026-01-06T14:32:22.301+1100] {logging_mixin.py:188} INFO - [2026-01-06T14:32:22.301+1100] {dagbag.py:545} INFO - Filling up the DagBag from /Users/fionatham/Documents/Projects/vogue_data_pipeline/venv/lib/python3.11/site-packages/airflow/example_dags/example_setup_teardown_taskflow.py
[2026-01-06T14:32:22.318+1100] {processor.py:840} INFO - DAG(s) 'example_setup_teardown_taskflow' retrieved from /Users/fionatham/Documents/Projects/vogue_data_pipeline/venv/lib/python3.11/site-packages/airflow/example_dags/example_setup_teardown_taskflow.py
[2026-01-06T14:32:22.365+1100] {logging_mixin.py:188} INFO - [2026-01-06T14:32:22.365+1100] {dag.py:3089} INFO - Sync 1 DAGs
[2026-01-06T14:32:22.372+1100] {logging_mixin.py:188} INFO - [2026-01-06T14:32:22.372+1100] {dag.py:3947} INFO - Setting next_dagrun for example_setup_teardown_taskflow to 2026-01-05 00:00:00+00:00, run_after=2026-01-06 00:00:00+00:00
[2026-01-06T14:32:22.381+1100] {processor.py:183} INFO - Processing /Users/fionatham/Documents/Projects/vogue_data_pipeline/venv/lib/python3.11/site-packages/airflow/example_dags/example_setup_teardown_taskflow.py took 0.083 seconds
[2026-01-06T14:34:17.567+1100] {processor.py:161} INFO - Started process (PID=92321) to work on /Users/fionatham/Documents/Projects/vogue_data_pipeline/venv/lib/python3.11/site-packages/airflow/example_dags/example_setup_teardown_taskflow.py
[2026-01-06T14:34:17.568+1100] {processor.py:830} INFO - Processing file /Users/fionatham/Documents/Projects/vogue_data_pipeline/venv/lib/python3.11/site-packages/airflow/example_dags/example_setup_teardown_taskflow.py for tasks to queue
[2026-01-06T14:34:17.568+1100] {logging_mixin.py:188} INFO - [2026-01-06T14:34:17.568+1100] {dagbag.py:545} INFO - Filling up the DagBag from /Users/fionatham/Documents/Projects/vogue_data_pipeline/venv/lib/python3.11/site-packages/airflow/example_dags/example_setup_teardown_taskflow.py
[2026-01-06T14:34:17.586+1100] {processor.py:840} INFO - DAG(s) 'example_setup_teardown_taskflow' retrieved from /Users/fionatham/Documents/Projects/vogue_data_pipeline/venv/lib/python3.11/site-packages/airflow/example_dags/example_setup_teardown_taskflow.py
[2026-01-06T14:34:17.633+1100] {logging_mixin.py:188} INFO - [2026-01-06T14:34:17.633+1100] {dag.py:3089} INFO - Sync 1 DAGs
[2026-01-06T14:34:17.640+1100] {logging_mixin.py:188} INFO - [2026-01-06T14:34:17.640+1100] {dag.py:3947} INFO - Setting next_dagrun for example_setup_teardown_taskflow to 2026-01-05 00:00:00+00:00, run_after=2026-01-06 00:00:00+00:00
[2026-01-06T14:34:17.649+1100] {processor.py:183} INFO - Processing /Users/fionatham/Documents/Projects/vogue_data_pipeline/venv/lib/python3.11/site-packages/airflow/example_dags/example_setup_teardown_taskflow.py took 0.083 seconds
[2026-01-06T14:36:16.526+1100] {processor.py:161} INFO - Started process (PID=92578) to work on /Users/fionatham/Documents/Projects/vogue_data_pipeline/venv/lib/python3.11/site-packages/airflow/example_dags/example_setup_teardown_taskflow.py
[2026-01-06T14:36:16.526+1100] {processor.py:830} INFO - Processing file /Users/fionatham/Documents/Projects/vogue_data_pipeline/venv/lib/python3.11/site-packages/airflow/example_dags/example_setup_teardown_taskflow.py for tasks to queue
[2026-01-06T14:36:16.527+1100] {logging_mixin.py:188} INFO - [2026-01-06T14:36:16.526+1100] {dagbag.py:545} INFO - Filling up the DagBag from /Users/fionatham/Documents/Projects/vogue_data_pipeline/venv/lib/python3.11/site-packages/airflow/example_dags/example_setup_teardown_taskflow.py
[2026-01-06T14:36:16.544+1100] {processor.py:840} INFO - DAG(s) 'example_setup_teardown_taskflow' retrieved from /Users/fionatham/Documents/Projects/vogue_data_pipeline/venv/lib/python3.11/site-packages/airflow/example_dags/example_setup_teardown_taskflow.py
[2026-01-06T14:36:16.594+1100] {logging_mixin.py:188} INFO - [2026-01-06T14:36:16.594+1100] {dag.py:3089} INFO - Sync 1 DAGs
[2026-01-06T14:36:16.601+1100] {logging_mixin.py:188} INFO - [2026-01-06T14:36:16.601+1100] {dag.py:3947} INFO - Setting next_dagrun for example_setup_teardown_taskflow to 2026-01-05 00:00:00+00:00, run_after=2026-01-06 00:00:00+00:00
[2026-01-06T14:36:16.609+1100] {processor.py:183} INFO - Processing /Users/fionatham/Documents/Projects/vogue_data_pipeline/venv/lib/python3.11/site-packages/airflow/example_dags/example_setup_teardown_taskflow.py took 0.084 seconds
[2026-01-06T14:38:20.186+1100] {processor.py:161} INFO - Started process (PID=92832) to work on /Users/fionatham/Documents/Projects/vogue_data_pipeline/venv/lib/python3.11/site-packages/airflow/example_dags/example_setup_teardown_taskflow.py
[2026-01-06T14:38:20.188+1100] {processor.py:830} INFO - Processing file /Users/fionatham/Documents/Projects/vogue_data_pipeline/venv/lib/python3.11/site-packages/airflow/example_dags/example_setup_teardown_taskflow.py for tasks to queue
[2026-01-06T14:38:20.188+1100] {logging_mixin.py:188} INFO - [2026-01-06T14:38:20.188+1100] {dagbag.py:545} INFO - Filling up the DagBag from /Users/fionatham/Documents/Projects/vogue_data_pipeline/venv/lib/python3.11/site-packages/airflow/example_dags/example_setup_teardown_taskflow.py
[2026-01-06T14:38:20.206+1100] {processor.py:840} INFO - DAG(s) 'example_setup_teardown_taskflow' retrieved from /Users/fionatham/Documents/Projects/vogue_data_pipeline/venv/lib/python3.11/site-packages/airflow/example_dags/example_setup_teardown_taskflow.py
[2026-01-06T14:38:20.251+1100] {logging_mixin.py:188} INFO - [2026-01-06T14:38:20.251+1100] {dag.py:3089} INFO - Sync 1 DAGs
[2026-01-06T14:38:20.258+1100] {logging_mixin.py:188} INFO - [2026-01-06T14:38:20.258+1100] {dag.py:3947} INFO - Setting next_dagrun for example_setup_teardown_taskflow to 2026-01-05 00:00:00+00:00, run_after=2026-01-06 00:00:00+00:00
[2026-01-06T14:38:20.266+1100] {processor.py:183} INFO - Processing /Users/fionatham/Documents/Projects/vogue_data_pipeline/venv/lib/python3.11/site-packages/airflow/example_dags/example_setup_teardown_taskflow.py took 0.082 seconds
[2026-01-06T14:40:15.624+1100] {processor.py:161} INFO - Started process (PID=92926) to work on /Users/fionatham/Documents/Projects/vogue_data_pipeline/venv/lib/python3.11/site-packages/airflow/example_dags/example_setup_teardown_taskflow.py
[2026-01-06T14:40:15.625+1100] {processor.py:830} INFO - Processing file /Users/fionatham/Documents/Projects/vogue_data_pipeline/venv/lib/python3.11/site-packages/airflow/example_dags/example_setup_teardown_taskflow.py for tasks to queue
[2026-01-06T14:40:15.625+1100] {logging_mixin.py:188} INFO - [2026-01-06T14:40:15.625+1100] {dagbag.py:545} INFO - Filling up the DagBag from /Users/fionatham/Documents/Projects/vogue_data_pipeline/venv/lib/python3.11/site-packages/airflow/example_dags/example_setup_teardown_taskflow.py
[2026-01-06T14:40:15.643+1100] {processor.py:840} INFO - DAG(s) 'example_setup_teardown_taskflow' retrieved from /Users/fionatham/Documents/Projects/vogue_data_pipeline/venv/lib/python3.11/site-packages/airflow/example_dags/example_setup_teardown_taskflow.py
[2026-01-06T14:40:15.685+1100] {logging_mixin.py:188} INFO - [2026-01-06T14:40:15.685+1100] {dag.py:3089} INFO - Sync 1 DAGs
[2026-01-06T14:40:15.692+1100] {logging_mixin.py:188} INFO - [2026-01-06T14:40:15.692+1100] {dag.py:3947} INFO - Setting next_dagrun for example_setup_teardown_taskflow to 2026-01-05 00:00:00+00:00, run_after=2026-01-06 00:00:00+00:00
[2026-01-06T14:40:15.699+1100] {processor.py:183} INFO - Processing /Users/fionatham/Documents/Projects/vogue_data_pipeline/venv/lib/python3.11/site-packages/airflow/example_dags/example_setup_teardown_taskflow.py took 0.077 seconds
[2026-01-06T14:42:08.374+1100] {processor.py:161} INFO - Started process (PID=93005) to work on /Users/fionatham/Documents/Projects/vogue_data_pipeline/venv/lib/python3.11/site-packages/airflow/example_dags/example_setup_teardown_taskflow.py
[2026-01-06T14:42:08.375+1100] {processor.py:830} INFO - Processing file /Users/fionatham/Documents/Projects/vogue_data_pipeline/venv/lib/python3.11/site-packages/airflow/example_dags/example_setup_teardown_taskflow.py for tasks to queue
[2026-01-06T14:42:08.375+1100] {logging_mixin.py:188} INFO - [2026-01-06T14:42:08.375+1100] {dagbag.py:545} INFO - Filling up the DagBag from /Users/fionatham/Documents/Projects/vogue_data_pipeline/venv/lib/python3.11/site-packages/airflow/example_dags/example_setup_teardown_taskflow.py
[2026-01-06T14:42:08.395+1100] {processor.py:840} INFO - DAG(s) 'example_setup_teardown_taskflow' retrieved from /Users/fionatham/Documents/Projects/vogue_data_pipeline/venv/lib/python3.11/site-packages/airflow/example_dags/example_setup_teardown_taskflow.py
[2026-01-06T14:42:08.442+1100] {logging_mixin.py:188} INFO - [2026-01-06T14:42:08.442+1100] {dag.py:3089} INFO - Sync 1 DAGs
[2026-01-06T14:42:08.449+1100] {logging_mixin.py:188} INFO - [2026-01-06T14:42:08.449+1100] {dag.py:3947} INFO - Setting next_dagrun for example_setup_teardown_taskflow to 2026-01-05 00:00:00+00:00, run_after=2026-01-06 00:00:00+00:00
[2026-01-06T14:42:08.457+1100] {processor.py:183} INFO - Processing /Users/fionatham/Documents/Projects/vogue_data_pipeline/venv/lib/python3.11/site-packages/airflow/example_dags/example_setup_teardown_taskflow.py took 0.084 seconds
[2026-01-06T14:44:04.693+1100] {processor.py:161} INFO - Started process (PID=93084) to work on /Users/fionatham/Documents/Projects/vogue_data_pipeline/venv/lib/python3.11/site-packages/airflow/example_dags/example_setup_teardown_taskflow.py
[2026-01-06T14:44:04.694+1100] {processor.py:830} INFO - Processing file /Users/fionatham/Documents/Projects/vogue_data_pipeline/venv/lib/python3.11/site-packages/airflow/example_dags/example_setup_teardown_taskflow.py for tasks to queue
[2026-01-06T14:44:04.694+1100] {logging_mixin.py:188} INFO - [2026-01-06T14:44:04.694+1100] {dagbag.py:545} INFO - Filling up the DagBag from /Users/fionatham/Documents/Projects/vogue_data_pipeline/venv/lib/python3.11/site-packages/airflow/example_dags/example_setup_teardown_taskflow.py
[2026-01-06T14:44:04.711+1100] {processor.py:840} INFO - DAG(s) 'example_setup_teardown_taskflow' retrieved from /Users/fionatham/Documents/Projects/vogue_data_pipeline/venv/lib/python3.11/site-packages/airflow/example_dags/example_setup_teardown_taskflow.py
[2026-01-06T14:44:04.753+1100] {logging_mixin.py:188} INFO - [2026-01-06T14:44:04.753+1100] {dag.py:3089} INFO - Sync 1 DAGs
[2026-01-06T14:44:04.759+1100] {logging_mixin.py:188} INFO - [2026-01-06T14:44:04.759+1100] {dag.py:3947} INFO - Setting next_dagrun for example_setup_teardown_taskflow to 2026-01-05 00:00:00+00:00, run_after=2026-01-06 00:00:00+00:00
[2026-01-06T14:44:04.766+1100] {processor.py:183} INFO - Processing /Users/fionatham/Documents/Projects/vogue_data_pipeline/venv/lib/python3.11/site-packages/airflow/example_dags/example_setup_teardown_taskflow.py took 0.075 seconds
[2026-01-06T14:46:00.706+1100] {processor.py:161} INFO - Started process (PID=93165) to work on /Users/fionatham/Documents/Projects/vogue_data_pipeline/venv/lib/python3.11/site-packages/airflow/example_dags/example_setup_teardown_taskflow.py
[2026-01-06T14:46:00.707+1100] {processor.py:830} INFO - Processing file /Users/fionatham/Documents/Projects/vogue_data_pipeline/venv/lib/python3.11/site-packages/airflow/example_dags/example_setup_teardown_taskflow.py for tasks to queue
[2026-01-06T14:46:00.707+1100] {logging_mixin.py:188} INFO - [2026-01-06T14:46:00.707+1100] {dagbag.py:545} INFO - Filling up the DagBag from /Users/fionatham/Documents/Projects/vogue_data_pipeline/venv/lib/python3.11/site-packages/airflow/example_dags/example_setup_teardown_taskflow.py
[2026-01-06T14:46:00.724+1100] {processor.py:840} INFO - DAG(s) 'example_setup_teardown_taskflow' retrieved from /Users/fionatham/Documents/Projects/vogue_data_pipeline/venv/lib/python3.11/site-packages/airflow/example_dags/example_setup_teardown_taskflow.py
[2026-01-06T14:46:00.765+1100] {logging_mixin.py:188} INFO - [2026-01-06T14:46:00.765+1100] {dag.py:3089} INFO - Sync 1 DAGs
[2026-01-06T14:46:00.771+1100] {logging_mixin.py:188} INFO - [2026-01-06T14:46:00.771+1100] {dag.py:3947} INFO - Setting next_dagrun for example_setup_teardown_taskflow to 2026-01-05 00:00:00+00:00, run_after=2026-01-06 00:00:00+00:00
[2026-01-06T14:46:00.778+1100] {processor.py:183} INFO - Processing /Users/fionatham/Documents/Projects/vogue_data_pipeline/venv/lib/python3.11/site-packages/airflow/example_dags/example_setup_teardown_taskflow.py took 0.074 seconds
[2026-01-06T14:47:57.599+1100] {processor.py:161} INFO - Started process (PID=93247) to work on /Users/fionatham/Documents/Projects/vogue_data_pipeline/venv/lib/python3.11/site-packages/airflow/example_dags/example_setup_teardown_taskflow.py
[2026-01-06T14:47:57.599+1100] {processor.py:830} INFO - Processing file /Users/fionatham/Documents/Projects/vogue_data_pipeline/venv/lib/python3.11/site-packages/airflow/example_dags/example_setup_teardown_taskflow.py for tasks to queue
[2026-01-06T14:47:57.600+1100] {logging_mixin.py:188} INFO - [2026-01-06T14:47:57.599+1100] {dagbag.py:545} INFO - Filling up the DagBag from /Users/fionatham/Documents/Projects/vogue_data_pipeline/venv/lib/python3.11/site-packages/airflow/example_dags/example_setup_teardown_taskflow.py
[2026-01-06T14:47:57.617+1100] {processor.py:840} INFO - DAG(s) 'example_setup_teardown_taskflow' retrieved from /Users/fionatham/Documents/Projects/vogue_data_pipeline/venv/lib/python3.11/site-packages/airflow/example_dags/example_setup_teardown_taskflow.py
[2026-01-06T14:47:57.662+1100] {logging_mixin.py:188} INFO - [2026-01-06T14:47:57.662+1100] {dag.py:3089} INFO - Sync 1 DAGs
[2026-01-06T14:47:57.669+1100] {logging_mixin.py:188} INFO - [2026-01-06T14:47:57.669+1100] {dag.py:3947} INFO - Setting next_dagrun for example_setup_teardown_taskflow to 2026-01-05 00:00:00+00:00, run_after=2026-01-06 00:00:00+00:00
[2026-01-06T14:47:57.677+1100] {processor.py:183} INFO - Processing /Users/fionatham/Documents/Projects/vogue_data_pipeline/venv/lib/python3.11/site-packages/airflow/example_dags/example_setup_teardown_taskflow.py took 0.080 seconds
[2026-01-06T14:49:59.334+1100] {processor.py:161} INFO - Started process (PID=93352) to work on /Users/fionatham/Documents/Projects/vogue_data_pipeline/venv/lib/python3.11/site-packages/airflow/example_dags/example_setup_teardown_taskflow.py
[2026-01-06T14:49:59.336+1100] {processor.py:830} INFO - Processing file /Users/fionatham/Documents/Projects/vogue_data_pipeline/venv/lib/python3.11/site-packages/airflow/example_dags/example_setup_teardown_taskflow.py for tasks to queue
[2026-01-06T14:49:59.336+1100] {logging_mixin.py:188} INFO - [2026-01-06T14:49:59.336+1100] {dagbag.py:545} INFO - Filling up the DagBag from /Users/fionatham/Documents/Projects/vogue_data_pipeline/venv/lib/python3.11/site-packages/airflow/example_dags/example_setup_teardown_taskflow.py
[2026-01-06T14:49:59.353+1100] {processor.py:840} INFO - DAG(s) 'example_setup_teardown_taskflow' retrieved from /Users/fionatham/Documents/Projects/vogue_data_pipeline/venv/lib/python3.11/site-packages/airflow/example_dags/example_setup_teardown_taskflow.py
[2026-01-06T14:49:59.395+1100] {logging_mixin.py:188} INFO - [2026-01-06T14:49:59.395+1100] {dag.py:3089} INFO - Sync 1 DAGs
[2026-01-06T14:49:59.403+1100] {logging_mixin.py:188} INFO - [2026-01-06T14:49:59.403+1100] {dag.py:3947} INFO - Setting next_dagrun for example_setup_teardown_taskflow to 2026-01-05 00:00:00+00:00, run_after=2026-01-06 00:00:00+00:00
[2026-01-06T14:49:59.411+1100] {processor.py:183} INFO - Processing /Users/fionatham/Documents/Projects/vogue_data_pipeline/venv/lib/python3.11/site-packages/airflow/example_dags/example_setup_teardown_taskflow.py took 0.078 seconds
[2026-01-06T14:51:48.468+1100] {processor.py:161} INFO - Started process (PID=93450) to work on /Users/fionatham/Documents/Projects/vogue_data_pipeline/venv/lib/python3.11/site-packages/airflow/example_dags/example_setup_teardown_taskflow.py
[2026-01-06T14:51:48.470+1100] {processor.py:830} INFO - Processing file /Users/fionatham/Documents/Projects/vogue_data_pipeline/venv/lib/python3.11/site-packages/airflow/example_dags/example_setup_teardown_taskflow.py for tasks to queue
[2026-01-06T14:51:48.470+1100] {logging_mixin.py:188} INFO - [2026-01-06T14:51:48.470+1100] {dagbag.py:545} INFO - Filling up the DagBag from /Users/fionatham/Documents/Projects/vogue_data_pipeline/venv/lib/python3.11/site-packages/airflow/example_dags/example_setup_teardown_taskflow.py
[2026-01-06T14:51:48.488+1100] {processor.py:840} INFO - DAG(s) 'example_setup_teardown_taskflow' retrieved from /Users/fionatham/Documents/Projects/vogue_data_pipeline/venv/lib/python3.11/site-packages/airflow/example_dags/example_setup_teardown_taskflow.py
[2026-01-06T14:51:48.534+1100] {logging_mixin.py:188} INFO - [2026-01-06T14:51:48.534+1100] {dag.py:3089} INFO - Sync 1 DAGs
[2026-01-06T14:51:48.541+1100] {logging_mixin.py:188} INFO - [2026-01-06T14:51:48.541+1100] {dag.py:3947} INFO - Setting next_dagrun for example_setup_teardown_taskflow to 2026-01-05 00:00:00+00:00, run_after=2026-01-06 00:00:00+00:00
[2026-01-06T14:51:48.550+1100] {processor.py:183} INFO - Processing /Users/fionatham/Documents/Projects/vogue_data_pipeline/venv/lib/python3.11/site-packages/airflow/example_dags/example_setup_teardown_taskflow.py took 0.083 seconds
[2026-01-06T14:53:44.754+1100] {processor.py:161} INFO - Started process (PID=93594) to work on /Users/fionatham/Documents/Projects/vogue_data_pipeline/venv/lib/python3.11/site-packages/airflow/example_dags/example_setup_teardown_taskflow.py
[2026-01-06T14:53:44.754+1100] {processor.py:830} INFO - Processing file /Users/fionatham/Documents/Projects/vogue_data_pipeline/venv/lib/python3.11/site-packages/airflow/example_dags/example_setup_teardown_taskflow.py for tasks to queue
[2026-01-06T14:53:44.755+1100] {logging_mixin.py:188} INFO - [2026-01-06T14:53:44.755+1100] {dagbag.py:545} INFO - Filling up the DagBag from /Users/fionatham/Documents/Projects/vogue_data_pipeline/venv/lib/python3.11/site-packages/airflow/example_dags/example_setup_teardown_taskflow.py
[2026-01-06T14:53:44.775+1100] {processor.py:840} INFO - DAG(s) 'example_setup_teardown_taskflow' retrieved from /Users/fionatham/Documents/Projects/vogue_data_pipeline/venv/lib/python3.11/site-packages/airflow/example_dags/example_setup_teardown_taskflow.py
[2026-01-06T14:53:44.817+1100] {logging_mixin.py:188} INFO - [2026-01-06T14:53:44.817+1100] {dag.py:3089} INFO - Sync 1 DAGs
[2026-01-06T14:53:44.823+1100] {logging_mixin.py:188} INFO - [2026-01-06T14:53:44.823+1100] {dag.py:3947} INFO - Setting next_dagrun for example_setup_teardown_taskflow to 2026-01-05 00:00:00+00:00, run_after=2026-01-06 00:00:00+00:00
[2026-01-06T14:53:44.830+1100] {processor.py:183} INFO - Processing /Users/fionatham/Documents/Projects/vogue_data_pipeline/venv/lib/python3.11/site-packages/airflow/example_dags/example_setup_teardown_taskflow.py took 0.078 seconds
[2026-01-06T14:55:42.148+1100] {processor.py:161} INFO - Started process (PID=93757) to work on /Users/fionatham/Documents/Projects/vogue_data_pipeline/venv/lib/python3.11/site-packages/airflow/example_dags/example_setup_teardown_taskflow.py
[2026-01-06T14:55:42.149+1100] {processor.py:830} INFO - Processing file /Users/fionatham/Documents/Projects/vogue_data_pipeline/venv/lib/python3.11/site-packages/airflow/example_dags/example_setup_teardown_taskflow.py for tasks to queue
[2026-01-06T14:55:42.149+1100] {logging_mixin.py:188} INFO - [2026-01-06T14:55:42.149+1100] {dagbag.py:545} INFO - Filling up the DagBag from /Users/fionatham/Documents/Projects/vogue_data_pipeline/venv/lib/python3.11/site-packages/airflow/example_dags/example_setup_teardown_taskflow.py
[2026-01-06T14:55:42.167+1100] {processor.py:840} INFO - DAG(s) 'example_setup_teardown_taskflow' retrieved from /Users/fionatham/Documents/Projects/vogue_data_pipeline/venv/lib/python3.11/site-packages/airflow/example_dags/example_setup_teardown_taskflow.py
[2026-01-06T14:55:42.214+1100] {logging_mixin.py:188} INFO - [2026-01-06T14:55:42.214+1100] {dag.py:3089} INFO - Sync 1 DAGs
[2026-01-06T14:55:42.221+1100] {logging_mixin.py:188} INFO - [2026-01-06T14:55:42.221+1100] {dag.py:3947} INFO - Setting next_dagrun for example_setup_teardown_taskflow to 2026-01-05 00:00:00+00:00, run_after=2026-01-06 00:00:00+00:00
[2026-01-06T14:55:42.229+1100] {processor.py:183} INFO - Processing /Users/fionatham/Documents/Projects/vogue_data_pipeline/venv/lib/python3.11/site-packages/airflow/example_dags/example_setup_teardown_taskflow.py took 0.083 seconds
[2026-01-06T14:57:41.112+1100] {processor.py:161} INFO - Started process (PID=93866) to work on /Users/fionatham/Documents/Projects/vogue_data_pipeline/venv/lib/python3.11/site-packages/airflow/example_dags/example_setup_teardown_taskflow.py
[2026-01-06T14:57:41.112+1100] {processor.py:830} INFO - Processing file /Users/fionatham/Documents/Projects/vogue_data_pipeline/venv/lib/python3.11/site-packages/airflow/example_dags/example_setup_teardown_taskflow.py for tasks to queue
[2026-01-06T14:57:41.113+1100] {logging_mixin.py:188} INFO - [2026-01-06T14:57:41.113+1100] {dagbag.py:545} INFO - Filling up the DagBag from /Users/fionatham/Documents/Projects/vogue_data_pipeline/venv/lib/python3.11/site-packages/airflow/example_dags/example_setup_teardown_taskflow.py
[2026-01-06T14:57:41.130+1100] {processor.py:840} INFO - DAG(s) 'example_setup_teardown_taskflow' retrieved from /Users/fionatham/Documents/Projects/vogue_data_pipeline/venv/lib/python3.11/site-packages/airflow/example_dags/example_setup_teardown_taskflow.py
[2026-01-06T14:57:41.172+1100] {logging_mixin.py:188} INFO - [2026-01-06T14:57:41.172+1100] {dag.py:3089} INFO - Sync 1 DAGs
[2026-01-06T14:57:41.179+1100] {logging_mixin.py:188} INFO - [2026-01-06T14:57:41.179+1100] {dag.py:3947} INFO - Setting next_dagrun for example_setup_teardown_taskflow to 2026-01-05 00:00:00+00:00, run_after=2026-01-06 00:00:00+00:00
[2026-01-06T14:57:41.186+1100] {processor.py:183} INFO - Processing /Users/fionatham/Documents/Projects/vogue_data_pipeline/venv/lib/python3.11/site-packages/airflow/example_dags/example_setup_teardown_taskflow.py took 0.076 seconds
[2026-01-06T14:59:38.654+1100] {processor.py:161} INFO - Started process (PID=94045) to work on /Users/fionatham/Documents/Projects/vogue_data_pipeline/venv/lib/python3.11/site-packages/airflow/example_dags/example_setup_teardown_taskflow.py
[2026-01-06T14:59:38.655+1100] {processor.py:830} INFO - Processing file /Users/fionatham/Documents/Projects/vogue_data_pipeline/venv/lib/python3.11/site-packages/airflow/example_dags/example_setup_teardown_taskflow.py for tasks to queue
[2026-01-06T14:59:38.656+1100] {logging_mixin.py:188} INFO - [2026-01-06T14:59:38.655+1100] {dagbag.py:545} INFO - Filling up the DagBag from /Users/fionatham/Documents/Projects/vogue_data_pipeline/venv/lib/python3.11/site-packages/airflow/example_dags/example_setup_teardown_taskflow.py
[2026-01-06T14:59:38.673+1100] {processor.py:840} INFO - DAG(s) 'example_setup_teardown_taskflow' retrieved from /Users/fionatham/Documents/Projects/vogue_data_pipeline/venv/lib/python3.11/site-packages/airflow/example_dags/example_setup_teardown_taskflow.py
[2026-01-06T14:59:38.723+1100] {logging_mixin.py:188} INFO - [2026-01-06T14:59:38.723+1100] {dag.py:3089} INFO - Sync 1 DAGs
[2026-01-06T14:59:38.738+1100] {logging_mixin.py:188} INFO - [2026-01-06T14:59:38.738+1100] {dag.py:3947} INFO - Setting next_dagrun for example_setup_teardown_taskflow to 2026-01-05 00:00:00+00:00, run_after=2026-01-06 00:00:00+00:00
[2026-01-06T14:59:38.749+1100] {processor.py:183} INFO - Processing /Users/fionatham/Documents/Projects/vogue_data_pipeline/venv/lib/python3.11/site-packages/airflow/example_dags/example_setup_teardown_taskflow.py took 0.096 seconds
[2026-01-06T15:01:38.337+1100] {processor.py:161} INFO - Started process (PID=94180) to work on /Users/fionatham/Documents/Projects/vogue_data_pipeline/venv/lib/python3.11/site-packages/airflow/example_dags/example_setup_teardown_taskflow.py
[2026-01-06T15:01:38.338+1100] {processor.py:830} INFO - Processing file /Users/fionatham/Documents/Projects/vogue_data_pipeline/venv/lib/python3.11/site-packages/airflow/example_dags/example_setup_teardown_taskflow.py for tasks to queue
[2026-01-06T15:01:38.338+1100] {logging_mixin.py:188} INFO - [2026-01-06T15:01:38.338+1100] {dagbag.py:545} INFO - Filling up the DagBag from /Users/fionatham/Documents/Projects/vogue_data_pipeline/venv/lib/python3.11/site-packages/airflow/example_dags/example_setup_teardown_taskflow.py
[2026-01-06T15:01:38.355+1100] {processor.py:840} INFO - DAG(s) 'example_setup_teardown_taskflow' retrieved from /Users/fionatham/Documents/Projects/vogue_data_pipeline/venv/lib/python3.11/site-packages/airflow/example_dags/example_setup_teardown_taskflow.py
[2026-01-06T15:01:38.398+1100] {logging_mixin.py:188} INFO - [2026-01-06T15:01:38.398+1100] {dag.py:3089} INFO - Sync 1 DAGs
[2026-01-06T15:01:38.404+1100] {logging_mixin.py:188} INFO - [2026-01-06T15:01:38.404+1100] {dag.py:3947} INFO - Setting next_dagrun for example_setup_teardown_taskflow to 2026-01-05 00:00:00+00:00, run_after=2026-01-06 00:00:00+00:00
[2026-01-06T15:01:38.412+1100] {processor.py:183} INFO - Processing /Users/fionatham/Documents/Projects/vogue_data_pipeline/venv/lib/python3.11/site-packages/airflow/example_dags/example_setup_teardown_taskflow.py took 0.076 seconds
[2026-01-06T15:03:38.961+1100] {processor.py:161} INFO - Started process (PID=94514) to work on /Users/fionatham/Documents/Projects/vogue_data_pipeline/venv/lib/python3.11/site-packages/airflow/example_dags/example_setup_teardown_taskflow.py
[2026-01-06T15:03:38.961+1100] {processor.py:830} INFO - Processing file /Users/fionatham/Documents/Projects/vogue_data_pipeline/venv/lib/python3.11/site-packages/airflow/example_dags/example_setup_teardown_taskflow.py for tasks to queue
[2026-01-06T15:03:38.962+1100] {logging_mixin.py:188} INFO - [2026-01-06T15:03:38.961+1100] {dagbag.py:545} INFO - Filling up the DagBag from /Users/fionatham/Documents/Projects/vogue_data_pipeline/venv/lib/python3.11/site-packages/airflow/example_dags/example_setup_teardown_taskflow.py
[2026-01-06T15:03:38.979+1100] {processor.py:840} INFO - DAG(s) 'example_setup_teardown_taskflow' retrieved from /Users/fionatham/Documents/Projects/vogue_data_pipeline/venv/lib/python3.11/site-packages/airflow/example_dags/example_setup_teardown_taskflow.py
[2026-01-06T15:03:39.024+1100] {logging_mixin.py:188} INFO - [2026-01-06T15:03:39.024+1100] {dag.py:3089} INFO - Sync 1 DAGs
[2026-01-06T15:03:39.031+1100] {logging_mixin.py:188} INFO - [2026-01-06T15:03:39.031+1100] {dag.py:3947} INFO - Setting next_dagrun for example_setup_teardown_taskflow to 2026-01-05 00:00:00+00:00, run_after=2026-01-06 00:00:00+00:00
[2026-01-06T15:03:39.040+1100] {processor.py:183} INFO - Processing /Users/fionatham/Documents/Projects/vogue_data_pipeline/venv/lib/python3.11/site-packages/airflow/example_dags/example_setup_teardown_taskflow.py took 0.081 seconds
[2026-01-06T15:05:37.505+1100] {processor.py:161} INFO - Started process (PID=94620) to work on /Users/fionatham/Documents/Projects/vogue_data_pipeline/venv/lib/python3.11/site-packages/airflow/example_dags/example_setup_teardown_taskflow.py
[2026-01-06T15:05:37.506+1100] {processor.py:830} INFO - Processing file /Users/fionatham/Documents/Projects/vogue_data_pipeline/venv/lib/python3.11/site-packages/airflow/example_dags/example_setup_teardown_taskflow.py for tasks to queue
[2026-01-06T15:05:37.506+1100] {logging_mixin.py:188} INFO - [2026-01-06T15:05:37.506+1100] {dagbag.py:545} INFO - Filling up the DagBag from /Users/fionatham/Documents/Projects/vogue_data_pipeline/venv/lib/python3.11/site-packages/airflow/example_dags/example_setup_teardown_taskflow.py
[2026-01-06T15:05:37.523+1100] {processor.py:840} INFO - DAG(s) 'example_setup_teardown_taskflow' retrieved from /Users/fionatham/Documents/Projects/vogue_data_pipeline/venv/lib/python3.11/site-packages/airflow/example_dags/example_setup_teardown_taskflow.py
[2026-01-06T15:05:37.568+1100] {logging_mixin.py:188} INFO - [2026-01-06T15:05:37.568+1100] {dag.py:3089} INFO - Sync 1 DAGs
[2026-01-06T15:05:37.574+1100] {logging_mixin.py:188} INFO - [2026-01-06T15:05:37.574+1100] {dag.py:3947} INFO - Setting next_dagrun for example_setup_teardown_taskflow to 2026-01-05 00:00:00+00:00, run_after=2026-01-06 00:00:00+00:00
[2026-01-06T15:05:37.581+1100] {processor.py:183} INFO - Processing /Users/fionatham/Documents/Projects/vogue_data_pipeline/venv/lib/python3.11/site-packages/airflow/example_dags/example_setup_teardown_taskflow.py took 0.077 seconds
[2026-01-06T15:12:40.185+1100] {processor.py:161} INFO - Started process (PID=95261) to work on /Users/fionatham/Documents/Projects/vogue_data_pipeline/venv/lib/python3.11/site-packages/airflow/example_dags/example_setup_teardown_taskflow.py
[2026-01-06T15:12:40.186+1100] {processor.py:830} INFO - Processing file /Users/fionatham/Documents/Projects/vogue_data_pipeline/venv/lib/python3.11/site-packages/airflow/example_dags/example_setup_teardown_taskflow.py for tasks to queue
[2026-01-06T15:12:40.186+1100] {logging_mixin.py:188} INFO - [2026-01-06T15:12:40.186+1100] {dagbag.py:545} INFO - Filling up the DagBag from /Users/fionatham/Documents/Projects/vogue_data_pipeline/venv/lib/python3.11/site-packages/airflow/example_dags/example_setup_teardown_taskflow.py
[2026-01-06T15:12:40.205+1100] {processor.py:840} INFO - DAG(s) 'example_setup_teardown_taskflow' retrieved from /Users/fionatham/Documents/Projects/vogue_data_pipeline/venv/lib/python3.11/site-packages/airflow/example_dags/example_setup_teardown_taskflow.py
[2026-01-06T15:12:40.249+1100] {logging_mixin.py:188} INFO - [2026-01-06T15:12:40.249+1100] {dag.py:3089} INFO - Sync 1 DAGs
[2026-01-06T15:12:40.256+1100] {logging_mixin.py:188} INFO - [2026-01-06T15:12:40.256+1100] {dag.py:3947} INFO - Setting next_dagrun for example_setup_teardown_taskflow to 2026-01-05 00:00:00+00:00, run_after=2026-01-06 00:00:00+00:00
[2026-01-06T15:12:40.263+1100] {processor.py:183} INFO - Processing /Users/fionatham/Documents/Projects/vogue_data_pipeline/venv/lib/python3.11/site-packages/airflow/example_dags/example_setup_teardown_taskflow.py took 0.080 seconds
[2026-01-06T15:14:12.308+1100] {processor.py:161} INFO - Started process (PID=95376) to work on /Users/fionatham/Documents/Projects/vogue_data_pipeline/venv/lib/python3.11/site-packages/airflow/example_dags/example_setup_teardown_taskflow.py
[2026-01-06T15:14:12.309+1100] {processor.py:830} INFO - Processing file /Users/fionatham/Documents/Projects/vogue_data_pipeline/venv/lib/python3.11/site-packages/airflow/example_dags/example_setup_teardown_taskflow.py for tasks to queue
[2026-01-06T15:14:12.310+1100] {logging_mixin.py:188} INFO - [2026-01-06T15:14:12.309+1100] {dagbag.py:545} INFO - Filling up the DagBag from /Users/fionatham/Documents/Projects/vogue_data_pipeline/venv/lib/python3.11/site-packages/airflow/example_dags/example_setup_teardown_taskflow.py
[2026-01-06T15:14:12.327+1100] {processor.py:840} INFO - DAG(s) 'example_setup_teardown_taskflow' retrieved from /Users/fionatham/Documents/Projects/vogue_data_pipeline/venv/lib/python3.11/site-packages/airflow/example_dags/example_setup_teardown_taskflow.py
[2026-01-06T15:14:12.370+1100] {logging_mixin.py:188} INFO - [2026-01-06T15:14:12.370+1100] {dag.py:3089} INFO - Sync 1 DAGs
[2026-01-06T15:14:12.376+1100] {logging_mixin.py:188} INFO - [2026-01-06T15:14:12.376+1100] {dag.py:3947} INFO - Setting next_dagrun for example_setup_teardown_taskflow to 2026-01-05 00:00:00+00:00, run_after=2026-01-06 00:00:00+00:00
[2026-01-06T15:14:12.384+1100] {processor.py:183} INFO - Processing /Users/fionatham/Documents/Projects/vogue_data_pipeline/venv/lib/python3.11/site-packages/airflow/example_dags/example_setup_teardown_taskflow.py took 0.076 seconds
[2026-01-06T17:48:36.653+1100] {processor.py:161} INFO - Started process (PID=95580) to work on /Users/fionatham/Documents/Projects/vogue_data_pipeline/venv/lib/python3.11/site-packages/airflow/example_dags/example_setup_teardown_taskflow.py
[2026-01-06T17:48:36.653+1100] {processor.py:830} INFO - Processing file /Users/fionatham/Documents/Projects/vogue_data_pipeline/venv/lib/python3.11/site-packages/airflow/example_dags/example_setup_teardown_taskflow.py for tasks to queue
[2026-01-06T17:48:36.654+1100] {logging_mixin.py:188} INFO - [2026-01-06T17:48:36.654+1100] {dagbag.py:545} INFO - Filling up the DagBag from /Users/fionatham/Documents/Projects/vogue_data_pipeline/venv/lib/python3.11/site-packages/airflow/example_dags/example_setup_teardown_taskflow.py
[2026-01-06T17:48:36.672+1100] {processor.py:840} INFO - DAG(s) 'example_setup_teardown_taskflow' retrieved from /Users/fionatham/Documents/Projects/vogue_data_pipeline/venv/lib/python3.11/site-packages/airflow/example_dags/example_setup_teardown_taskflow.py
[2026-01-06T17:48:36.716+1100] {logging_mixin.py:188} INFO - [2026-01-06T17:48:36.716+1100] {dag.py:3089} INFO - Sync 1 DAGs
[2026-01-06T17:48:36.723+1100] {logging_mixin.py:188} INFO - [2026-01-06T17:48:36.723+1100] {dag.py:3947} INFO - Setting next_dagrun for example_setup_teardown_taskflow to 2026-01-05 00:00:00+00:00, run_after=2026-01-06 00:00:00+00:00
[2026-01-06T17:48:36.730+1100] {processor.py:183} INFO - Processing /Users/fionatham/Documents/Projects/vogue_data_pipeline/venv/lib/python3.11/site-packages/airflow/example_dags/example_setup_teardown_taskflow.py took 0.079 seconds
[2026-01-06T20:51:28.193+1100] {processor.py:161} INFO - Started process (PID=95718) to work on /Users/fionatham/Documents/Projects/vogue_data_pipeline/venv/lib/python3.11/site-packages/airflow/example_dags/example_setup_teardown_taskflow.py
[2026-01-06T20:51:28.193+1100] {processor.py:830} INFO - Processing file /Users/fionatham/Documents/Projects/vogue_data_pipeline/venv/lib/python3.11/site-packages/airflow/example_dags/example_setup_teardown_taskflow.py for tasks to queue
[2026-01-06T20:51:28.194+1100] {logging_mixin.py:188} INFO - [2026-01-06T20:51:28.194+1100] {dagbag.py:545} INFO - Filling up the DagBag from /Users/fionatham/Documents/Projects/vogue_data_pipeline/venv/lib/python3.11/site-packages/airflow/example_dags/example_setup_teardown_taskflow.py
[2026-01-06T20:51:28.216+1100] {processor.py:840} INFO - DAG(s) 'example_setup_teardown_taskflow' retrieved from /Users/fionatham/Documents/Projects/vogue_data_pipeline/venv/lib/python3.11/site-packages/airflow/example_dags/example_setup_teardown_taskflow.py
[2026-01-06T20:51:28.279+1100] {logging_mixin.py:188} INFO - [2026-01-06T20:51:28.278+1100] {dag.py:3089} INFO - Sync 1 DAGs
[2026-01-06T20:51:28.288+1100] {logging_mixin.py:188} INFO - [2026-01-06T20:51:28.288+1100] {dag.py:3947} INFO - Setting next_dagrun for example_setup_teardown_taskflow to 2026-01-05 00:00:00+00:00, run_after=2026-01-06 00:00:00+00:00
[2026-01-06T20:51:28.298+1100] {processor.py:183} INFO - Processing /Users/fionatham/Documents/Projects/vogue_data_pipeline/venv/lib/python3.11/site-packages/airflow/example_dags/example_setup_teardown_taskflow.py took 0.106 seconds
[2026-01-06T21:19:31.213+1100] {processor.py:161} INFO - Started process (PID=95842) to work on /Users/fionatham/Documents/Projects/vogue_data_pipeline/venv/lib/python3.11/site-packages/airflow/example_dags/example_setup_teardown_taskflow.py
[2026-01-06T21:19:31.214+1100] {processor.py:830} INFO - Processing file /Users/fionatham/Documents/Projects/vogue_data_pipeline/venv/lib/python3.11/site-packages/airflow/example_dags/example_setup_teardown_taskflow.py for tasks to queue
[2026-01-06T21:19:31.215+1100] {logging_mixin.py:188} INFO - [2026-01-06T21:19:31.215+1100] {dagbag.py:545} INFO - Filling up the DagBag from /Users/fionatham/Documents/Projects/vogue_data_pipeline/venv/lib/python3.11/site-packages/airflow/example_dags/example_setup_teardown_taskflow.py
[2026-01-06T21:19:31.246+1100] {processor.py:840} INFO - DAG(s) 'example_setup_teardown_taskflow' retrieved from /Users/fionatham/Documents/Projects/vogue_data_pipeline/venv/lib/python3.11/site-packages/airflow/example_dags/example_setup_teardown_taskflow.py
[2026-01-06T21:19:31.328+1100] {logging_mixin.py:188} INFO - [2026-01-06T21:19:31.328+1100] {dag.py:3089} INFO - Sync 1 DAGs
[2026-01-06T21:19:31.342+1100] {logging_mixin.py:188} INFO - [2026-01-06T21:19:31.342+1100] {dag.py:3947} INFO - Setting next_dagrun for example_setup_teardown_taskflow to 2026-01-05 00:00:00+00:00, run_after=2026-01-06 00:00:00+00:00
[2026-01-06T21:19:31.357+1100] {processor.py:183} INFO - Processing /Users/fionatham/Documents/Projects/vogue_data_pipeline/venv/lib/python3.11/site-packages/airflow/example_dags/example_setup_teardown_taskflow.py took 0.146 seconds
[2026-01-06T23:11:19.256+1100] {processor.py:161} INFO - Started process (PID=95978) to work on /Users/fionatham/Documents/Projects/vogue_data_pipeline/venv/lib/python3.11/site-packages/airflow/example_dags/example_setup_teardown_taskflow.py
[2026-01-06T23:11:19.257+1100] {processor.py:830} INFO - Processing file /Users/fionatham/Documents/Projects/vogue_data_pipeline/venv/lib/python3.11/site-packages/airflow/example_dags/example_setup_teardown_taskflow.py for tasks to queue
[2026-01-06T23:11:19.257+1100] {logging_mixin.py:188} INFO - [2026-01-06T23:11:19.257+1100] {dagbag.py:545} INFO - Filling up the DagBag from /Users/fionatham/Documents/Projects/vogue_data_pipeline/venv/lib/python3.11/site-packages/airflow/example_dags/example_setup_teardown_taskflow.py
[2026-01-06T23:11:19.274+1100] {processor.py:840} INFO - DAG(s) 'example_setup_teardown_taskflow' retrieved from /Users/fionatham/Documents/Projects/vogue_data_pipeline/venv/lib/python3.11/site-packages/airflow/example_dags/example_setup_teardown_taskflow.py
[2026-01-06T23:11:19.316+1100] {logging_mixin.py:188} INFO - [2026-01-06T23:11:19.316+1100] {dag.py:3089} INFO - Sync 1 DAGs
[2026-01-06T23:11:19.323+1100] {logging_mixin.py:188} INFO - [2026-01-06T23:11:19.322+1100] {dag.py:3947} INFO - Setting next_dagrun for example_setup_teardown_taskflow to 2026-01-05 00:00:00+00:00, run_after=2026-01-06 00:00:00+00:00
[2026-01-06T23:11:19.330+1100] {processor.py:183} INFO - Processing /Users/fionatham/Documents/Projects/vogue_data_pipeline/venv/lib/python3.11/site-packages/airflow/example_dags/example_setup_teardown_taskflow.py took 0.075 seconds
