[2026-01-06T13:57:19.566+1100] {processor.py:161} INFO - Started process (PID=85274) to work on /Users/fionatham/Documents/Projects/vogue_data_pipeline/venv/lib/python3.11/site-packages/airflow/example_dags/example_python_operator.py
[2026-01-06T13:57:19.567+1100] {processor.py:830} INFO - Processing file /Users/fionatham/Documents/Projects/vogue_data_pipeline/venv/lib/python3.11/site-packages/airflow/example_dags/example_python_operator.py for tasks to queue
[2026-01-06T13:57:19.567+1100] {logging_mixin.py:188} INFO - [2026-01-06T13:57:19.567+1100] {dagbag.py:545} INFO - Filling up the DagBag from /Users/fionatham/Documents/Projects/vogue_data_pipeline/venv/lib/python3.11/site-packages/airflow/example_dags/example_python_operator.py
[2026-01-06T13:57:19.579+1100] {logging_mixin.py:188} INFO - [2026-01-06T13:57:19.578+1100] {example_python_operator.py:93} WARNING - The virtalenv_python example task requires virtualenv, please install it.
[2026-01-06T13:57:19.580+1100] {processor.py:840} INFO - DAG(s) 'example_python_operator' retrieved from /Users/fionatham/Documents/Projects/vogue_data_pipeline/venv/lib/python3.11/site-packages/airflow/example_dags/example_python_operator.py
[2026-01-06T13:57:19.701+1100] {logging_mixin.py:188} INFO - [2026-01-06T13:57:19.701+1100] {override.py:1858} INFO - Created Permission View: can delete on DAG:example_python_operator
[2026-01-06T13:57:19.705+1100] {logging_mixin.py:188} INFO - [2026-01-06T13:57:19.705+1100] {override.py:1858} INFO - Created Permission View: can read on DAG:example_python_operator
[2026-01-06T13:57:19.708+1100] {logging_mixin.py:188} INFO - [2026-01-06T13:57:19.707+1100] {override.py:1858} INFO - Created Permission View: can edit on DAG:example_python_operator
[2026-01-06T13:57:19.708+1100] {logging_mixin.py:188} INFO - [2026-01-06T13:57:19.708+1100] {dag.py:3089} INFO - Sync 1 DAGs
[2026-01-06T13:57:19.712+1100] {logging_mixin.py:188} INFO - [2026-01-06T13:57:19.712+1100] {dag.py:3111} INFO - Creating ORM DAG for example_python_operator
[2026-01-06T13:57:19.712+1100] {logging_mixin.py:188} INFO - [2026-01-06T13:57:19.712+1100] {dag.py:3947} INFO - Setting next_dagrun for example_python_operator to None, run_after=None
[2026-01-06T13:57:19.719+1100] {processor.py:183} INFO - Processing /Users/fionatham/Documents/Projects/vogue_data_pipeline/venv/lib/python3.11/site-packages/airflow/example_dags/example_python_operator.py took 0.156 seconds
[2026-01-06T13:58:49.810+1100] {processor.py:161} INFO - Started process (PID=86102) to work on /Users/fionatham/Documents/Projects/vogue_data_pipeline/venv/lib/python3.11/site-packages/airflow/example_dags/example_python_operator.py
[2026-01-06T13:58:49.811+1100] {processor.py:830} INFO - Processing file /Users/fionatham/Documents/Projects/vogue_data_pipeline/venv/lib/python3.11/site-packages/airflow/example_dags/example_python_operator.py for tasks to queue
[2026-01-06T13:58:49.811+1100] {logging_mixin.py:188} INFO - [2026-01-06T13:58:49.811+1100] {dagbag.py:545} INFO - Filling up the DagBag from /Users/fionatham/Documents/Projects/vogue_data_pipeline/venv/lib/python3.11/site-packages/airflow/example_dags/example_python_operator.py
[2026-01-06T13:58:49.821+1100] {logging_mixin.py:188} INFO - [2026-01-06T13:58:49.821+1100] {example_python_operator.py:93} WARNING - The virtalenv_python example task requires virtualenv, please install it.
[2026-01-06T13:58:49.823+1100] {processor.py:840} INFO - DAG(s) 'example_python_operator' retrieved from /Users/fionatham/Documents/Projects/vogue_data_pipeline/venv/lib/python3.11/site-packages/airflow/example_dags/example_python_operator.py
[2026-01-06T13:58:49.869+1100] {logging_mixin.py:188} INFO - [2026-01-06T13:58:49.869+1100] {dag.py:3089} INFO - Sync 1 DAGs
[2026-01-06T13:58:49.873+1100] {logging_mixin.py:188} INFO - [2026-01-06T13:58:49.873+1100] {dag.py:3947} INFO - Setting next_dagrun for example_python_operator to None, run_after=None
[2026-01-06T13:58:49.881+1100] {processor.py:183} INFO - Processing /Users/fionatham/Documents/Projects/vogue_data_pipeline/venv/lib/python3.11/site-packages/airflow/example_dags/example_python_operator.py took 0.074 seconds
[2026-01-06T14:00:49.837+1100] {processor.py:161} INFO - Started process (PID=86968) to work on /Users/fionatham/Documents/Projects/vogue_data_pipeline/venv/lib/python3.11/site-packages/airflow/example_dags/example_python_operator.py
[2026-01-06T14:00:49.839+1100] {processor.py:830} INFO - Processing file /Users/fionatham/Documents/Projects/vogue_data_pipeline/venv/lib/python3.11/site-packages/airflow/example_dags/example_python_operator.py for tasks to queue
[2026-01-06T14:00:49.839+1100] {logging_mixin.py:188} INFO - [2026-01-06T14:00:49.839+1100] {dagbag.py:545} INFO - Filling up the DagBag from /Users/fionatham/Documents/Projects/vogue_data_pipeline/venv/lib/python3.11/site-packages/airflow/example_dags/example_python_operator.py
[2026-01-06T14:00:49.850+1100] {logging_mixin.py:188} INFO - [2026-01-06T14:00:49.850+1100] {example_python_operator.py:93} WARNING - The virtalenv_python example task requires virtualenv, please install it.
[2026-01-06T14:00:49.852+1100] {processor.py:840} INFO - DAG(s) 'example_python_operator' retrieved from /Users/fionatham/Documents/Projects/vogue_data_pipeline/venv/lib/python3.11/site-packages/airflow/example_dags/example_python_operator.py
[2026-01-06T14:00:49.897+1100] {logging_mixin.py:188} INFO - [2026-01-06T14:00:49.897+1100] {dag.py:3089} INFO - Sync 1 DAGs
[2026-01-06T14:00:49.901+1100] {logging_mixin.py:188} INFO - [2026-01-06T14:00:49.901+1100] {dag.py:3947} INFO - Setting next_dagrun for example_python_operator to None, run_after=None
[2026-01-06T14:00:49.910+1100] {processor.py:183} INFO - Processing /Users/fionatham/Documents/Projects/vogue_data_pipeline/venv/lib/python3.11/site-packages/airflow/example_dags/example_python_operator.py took 0.073 seconds
[2026-01-06T14:02:51.852+1100] {processor.py:161} INFO - Started process (PID=87165) to work on /Users/fionatham/Documents/Projects/vogue_data_pipeline/venv/lib/python3.11/site-packages/airflow/example_dags/example_python_operator.py
[2026-01-06T14:02:51.853+1100] {processor.py:830} INFO - Processing file /Users/fionatham/Documents/Projects/vogue_data_pipeline/venv/lib/python3.11/site-packages/airflow/example_dags/example_python_operator.py for tasks to queue
[2026-01-06T14:02:51.854+1100] {logging_mixin.py:188} INFO - [2026-01-06T14:02:51.854+1100] {dagbag.py:545} INFO - Filling up the DagBag from /Users/fionatham/Documents/Projects/vogue_data_pipeline/venv/lib/python3.11/site-packages/airflow/example_dags/example_python_operator.py
[2026-01-06T14:02:51.865+1100] {logging_mixin.py:188} INFO - [2026-01-06T14:02:51.865+1100] {example_python_operator.py:93} WARNING - The virtalenv_python example task requires virtualenv, please install it.
[2026-01-06T14:02:51.866+1100] {processor.py:840} INFO - DAG(s) 'example_python_operator' retrieved from /Users/fionatham/Documents/Projects/vogue_data_pipeline/venv/lib/python3.11/site-packages/airflow/example_dags/example_python_operator.py
[2026-01-06T14:02:51.909+1100] {logging_mixin.py:188} INFO - [2026-01-06T14:02:51.909+1100] {dag.py:3089} INFO - Sync 1 DAGs
[2026-01-06T14:02:51.913+1100] {logging_mixin.py:188} INFO - [2026-01-06T14:02:51.913+1100] {dag.py:3947} INFO - Setting next_dagrun for example_python_operator to None, run_after=None
[2026-01-06T14:02:51.920+1100] {processor.py:183} INFO - Processing /Users/fionatham/Documents/Projects/vogue_data_pipeline/venv/lib/python3.11/site-packages/airflow/example_dags/example_python_operator.py took 0.069 seconds
[2026-01-06T14:04:52.177+1100] {processor.py:161} INFO - Started process (PID=87328) to work on /Users/fionatham/Documents/Projects/vogue_data_pipeline/venv/lib/python3.11/site-packages/airflow/example_dags/example_python_operator.py
[2026-01-06T14:04:52.179+1100] {processor.py:830} INFO - Processing file /Users/fionatham/Documents/Projects/vogue_data_pipeline/venv/lib/python3.11/site-packages/airflow/example_dags/example_python_operator.py for tasks to queue
[2026-01-06T14:04:52.179+1100] {logging_mixin.py:188} INFO - [2026-01-06T14:04:52.179+1100] {dagbag.py:545} INFO - Filling up the DagBag from /Users/fionatham/Documents/Projects/vogue_data_pipeline/venv/lib/python3.11/site-packages/airflow/example_dags/example_python_operator.py
[2026-01-06T14:04:52.217+1100] {logging_mixin.py:188} INFO - [2026-01-06T14:04:52.217+1100] {example_python_operator.py:93} WARNING - The virtalenv_python example task requires virtualenv, please install it.
[2026-01-06T14:04:52.219+1100] {processor.py:840} INFO - DAG(s) 'example_python_operator' retrieved from /Users/fionatham/Documents/Projects/vogue_data_pipeline/venv/lib/python3.11/site-packages/airflow/example_dags/example_python_operator.py
[2026-01-06T14:04:52.264+1100] {logging_mixin.py:188} INFO - [2026-01-06T14:04:52.264+1100] {dag.py:3089} INFO - Sync 1 DAGs
[2026-01-06T14:04:52.269+1100] {logging_mixin.py:188} INFO - [2026-01-06T14:04:52.269+1100] {dag.py:3947} INFO - Setting next_dagrun for example_python_operator to None, run_after=None
[2026-01-06T14:04:52.277+1100] {processor.py:183} INFO - Processing /Users/fionatham/Documents/Projects/vogue_data_pipeline/venv/lib/python3.11/site-packages/airflow/example_dags/example_python_operator.py took 0.101 seconds
[2026-01-06T14:06:53.900+1100] {processor.py:161} INFO - Started process (PID=87557) to work on /Users/fionatham/Documents/Projects/vogue_data_pipeline/venv/lib/python3.11/site-packages/airflow/example_dags/example_python_operator.py
[2026-01-06T14:06:53.901+1100] {processor.py:830} INFO - Processing file /Users/fionatham/Documents/Projects/vogue_data_pipeline/venv/lib/python3.11/site-packages/airflow/example_dags/example_python_operator.py for tasks to queue
[2026-01-06T14:06:53.901+1100] {logging_mixin.py:188} INFO - [2026-01-06T14:06:53.901+1100] {dagbag.py:545} INFO - Filling up the DagBag from /Users/fionatham/Documents/Projects/vogue_data_pipeline/venv/lib/python3.11/site-packages/airflow/example_dags/example_python_operator.py
[2026-01-06T14:06:53.912+1100] {logging_mixin.py:188} INFO - [2026-01-06T14:06:53.912+1100] {example_python_operator.py:93} WARNING - The virtalenv_python example task requires virtualenv, please install it.
[2026-01-06T14:06:53.913+1100] {processor.py:840} INFO - DAG(s) 'example_python_operator' retrieved from /Users/fionatham/Documents/Projects/vogue_data_pipeline/venv/lib/python3.11/site-packages/airflow/example_dags/example_python_operator.py
[2026-01-06T14:06:53.958+1100] {logging_mixin.py:188} INFO - [2026-01-06T14:06:53.958+1100] {dag.py:3089} INFO - Sync 1 DAGs
[2026-01-06T14:06:53.962+1100] {logging_mixin.py:188} INFO - [2026-01-06T14:06:53.962+1100] {dag.py:3947} INFO - Setting next_dagrun for example_python_operator to None, run_after=None
[2026-01-06T14:06:53.970+1100] {processor.py:183} INFO - Processing /Users/fionatham/Documents/Projects/vogue_data_pipeline/venv/lib/python3.11/site-packages/airflow/example_dags/example_python_operator.py took 0.071 seconds
[2026-01-06T14:08:49.795+1100] {processor.py:161} INFO - Started process (PID=87681) to work on /Users/fionatham/Documents/Projects/vogue_data_pipeline/venv/lib/python3.11/site-packages/airflow/example_dags/example_python_operator.py
[2026-01-06T14:08:49.796+1100] {processor.py:830} INFO - Processing file /Users/fionatham/Documents/Projects/vogue_data_pipeline/venv/lib/python3.11/site-packages/airflow/example_dags/example_python_operator.py for tasks to queue
[2026-01-06T14:08:49.796+1100] {logging_mixin.py:188} INFO - [2026-01-06T14:08:49.796+1100] {dagbag.py:545} INFO - Filling up the DagBag from /Users/fionatham/Documents/Projects/vogue_data_pipeline/venv/lib/python3.11/site-packages/airflow/example_dags/example_python_operator.py
[2026-01-06T14:08:49.807+1100] {logging_mixin.py:188} INFO - [2026-01-06T14:08:49.806+1100] {example_python_operator.py:93} WARNING - The virtalenv_python example task requires virtualenv, please install it.
[2026-01-06T14:08:49.808+1100] {processor.py:840} INFO - DAG(s) 'example_python_operator' retrieved from /Users/fionatham/Documents/Projects/vogue_data_pipeline/venv/lib/python3.11/site-packages/airflow/example_dags/example_python_operator.py
[2026-01-06T14:08:49.849+1100] {logging_mixin.py:188} INFO - [2026-01-06T14:08:49.849+1100] {dag.py:3089} INFO - Sync 1 DAGs
[2026-01-06T14:08:49.853+1100] {logging_mixin.py:188} INFO - [2026-01-06T14:08:49.853+1100] {dag.py:3947} INFO - Setting next_dagrun for example_python_operator to None, run_after=None
[2026-01-06T14:08:49.860+1100] {processor.py:183} INFO - Processing /Users/fionatham/Documents/Projects/vogue_data_pipeline/venv/lib/python3.11/site-packages/airflow/example_dags/example_python_operator.py took 0.066 seconds
[2026-01-06T14:10:50.432+1100] {processor.py:161} INFO - Started process (PID=87799) to work on /Users/fionatham/Documents/Projects/vogue_data_pipeline/venv/lib/python3.11/site-packages/airflow/example_dags/example_python_operator.py
[2026-01-06T14:10:50.433+1100] {processor.py:830} INFO - Processing file /Users/fionatham/Documents/Projects/vogue_data_pipeline/venv/lib/python3.11/site-packages/airflow/example_dags/example_python_operator.py for tasks to queue
[2026-01-06T14:10:50.433+1100] {logging_mixin.py:188} INFO - [2026-01-06T14:10:50.433+1100] {dagbag.py:545} INFO - Filling up the DagBag from /Users/fionatham/Documents/Projects/vogue_data_pipeline/venv/lib/python3.11/site-packages/airflow/example_dags/example_python_operator.py
[2026-01-06T14:10:50.444+1100] {logging_mixin.py:188} INFO - [2026-01-06T14:10:50.444+1100] {example_python_operator.py:93} WARNING - The virtalenv_python example task requires virtualenv, please install it.
[2026-01-06T14:10:50.446+1100] {processor.py:840} INFO - DAG(s) 'example_python_operator' retrieved from /Users/fionatham/Documents/Projects/vogue_data_pipeline/venv/lib/python3.11/site-packages/airflow/example_dags/example_python_operator.py
[2026-01-06T14:10:50.492+1100] {logging_mixin.py:188} INFO - [2026-01-06T14:10:50.491+1100] {dag.py:3089} INFO - Sync 1 DAGs
[2026-01-06T14:10:50.496+1100] {logging_mixin.py:188} INFO - [2026-01-06T14:10:50.496+1100] {dag.py:3947} INFO - Setting next_dagrun for example_python_operator to None, run_after=None
[2026-01-06T14:10:50.503+1100] {processor.py:183} INFO - Processing /Users/fionatham/Documents/Projects/vogue_data_pipeline/venv/lib/python3.11/site-packages/airflow/example_dags/example_python_operator.py took 0.073 seconds
[2026-01-06T14:12:48.070+1100] {processor.py:161} INFO - Started process (PID=87949) to work on /Users/fionatham/Documents/Projects/vogue_data_pipeline/venv/lib/python3.11/site-packages/airflow/example_dags/example_python_operator.py
[2026-01-06T14:12:48.071+1100] {processor.py:830} INFO - Processing file /Users/fionatham/Documents/Projects/vogue_data_pipeline/venv/lib/python3.11/site-packages/airflow/example_dags/example_python_operator.py for tasks to queue
[2026-01-06T14:12:48.071+1100] {logging_mixin.py:188} INFO - [2026-01-06T14:12:48.071+1100] {dagbag.py:545} INFO - Filling up the DagBag from /Users/fionatham/Documents/Projects/vogue_data_pipeline/venv/lib/python3.11/site-packages/airflow/example_dags/example_python_operator.py
[2026-01-06T14:12:48.083+1100] {logging_mixin.py:188} INFO - [2026-01-06T14:12:48.083+1100] {example_python_operator.py:93} WARNING - The virtalenv_python example task requires virtualenv, please install it.
[2026-01-06T14:12:48.085+1100] {processor.py:840} INFO - DAG(s) 'example_python_operator' retrieved from /Users/fionatham/Documents/Projects/vogue_data_pipeline/venv/lib/python3.11/site-packages/airflow/example_dags/example_python_operator.py
[2026-01-06T14:12:48.145+1100] {logging_mixin.py:188} INFO - [2026-01-06T14:12:48.144+1100] {dag.py:3089} INFO - Sync 1 DAGs
[2026-01-06T14:12:48.152+1100] {logging_mixin.py:188} INFO - [2026-01-06T14:12:48.152+1100] {dag.py:3947} INFO - Setting next_dagrun for example_python_operator to None, run_after=None
[2026-01-06T14:12:48.161+1100] {processor.py:183} INFO - Processing /Users/fionatham/Documents/Projects/vogue_data_pipeline/venv/lib/python3.11/site-packages/airflow/example_dags/example_python_operator.py took 0.093 seconds
[2026-01-06T14:14:58.471+1100] {processor.py:161} INFO - Started process (PID=88650) to work on /Users/fionatham/Documents/Projects/vogue_data_pipeline/venv/lib/python3.11/site-packages/airflow/example_dags/example_python_operator.py
[2026-01-06T14:14:58.472+1100] {processor.py:830} INFO - Processing file /Users/fionatham/Documents/Projects/vogue_data_pipeline/venv/lib/python3.11/site-packages/airflow/example_dags/example_python_operator.py for tasks to queue
[2026-01-06T14:14:58.472+1100] {logging_mixin.py:188} INFO - [2026-01-06T14:14:58.472+1100] {dagbag.py:545} INFO - Filling up the DagBag from /Users/fionatham/Documents/Projects/vogue_data_pipeline/venv/lib/python3.11/site-packages/airflow/example_dags/example_python_operator.py
[2026-01-06T14:14:58.490+1100] {logging_mixin.py:188} INFO - [2026-01-06T14:14:58.490+1100] {example_python_operator.py:93} WARNING - The virtalenv_python example task requires virtualenv, please install it.
[2026-01-06T14:14:58.492+1100] {processor.py:840} INFO - DAG(s) 'example_python_operator' retrieved from /Users/fionatham/Documents/Projects/vogue_data_pipeline/venv/lib/python3.11/site-packages/airflow/example_dags/example_python_operator.py
[2026-01-06T14:14:58.546+1100] {logging_mixin.py:188} INFO - [2026-01-06T14:14:58.546+1100] {dag.py:3089} INFO - Sync 1 DAGs
[2026-01-06T14:14:58.552+1100] {logging_mixin.py:188} INFO - [2026-01-06T14:14:58.552+1100] {dag.py:3947} INFO - Setting next_dagrun for example_python_operator to None, run_after=None
[2026-01-06T14:14:58.560+1100] {processor.py:183} INFO - Processing /Users/fionatham/Documents/Projects/vogue_data_pipeline/venv/lib/python3.11/site-packages/airflow/example_dags/example_python_operator.py took 0.093 seconds
[2026-01-06T14:16:49.709+1100] {processor.py:161} INFO - Started process (PID=89270) to work on /Users/fionatham/Documents/Projects/vogue_data_pipeline/venv/lib/python3.11/site-packages/airflow/example_dags/example_python_operator.py
[2026-01-06T14:16:49.710+1100] {processor.py:830} INFO - Processing file /Users/fionatham/Documents/Projects/vogue_data_pipeline/venv/lib/python3.11/site-packages/airflow/example_dags/example_python_operator.py for tasks to queue
[2026-01-06T14:16:49.711+1100] {logging_mixin.py:188} INFO - [2026-01-06T14:16:49.711+1100] {dagbag.py:545} INFO - Filling up the DagBag from /Users/fionatham/Documents/Projects/vogue_data_pipeline/venv/lib/python3.11/site-packages/airflow/example_dags/example_python_operator.py
[2026-01-06T14:16:49.721+1100] {logging_mixin.py:188} INFO - [2026-01-06T14:16:49.721+1100] {example_python_operator.py:93} WARNING - The virtalenv_python example task requires virtualenv, please install it.
[2026-01-06T14:16:49.723+1100] {processor.py:840} INFO - DAG(s) 'example_python_operator' retrieved from /Users/fionatham/Documents/Projects/vogue_data_pipeline/venv/lib/python3.11/site-packages/airflow/example_dags/example_python_operator.py
[2026-01-06T14:16:49.767+1100] {logging_mixin.py:188} INFO - [2026-01-06T14:16:49.767+1100] {dag.py:3089} INFO - Sync 1 DAGs
[2026-01-06T14:16:49.771+1100] {logging_mixin.py:188} INFO - [2026-01-06T14:16:49.771+1100] {dag.py:3947} INFO - Setting next_dagrun for example_python_operator to None, run_after=None
[2026-01-06T14:16:49.779+1100] {processor.py:183} INFO - Processing /Users/fionatham/Documents/Projects/vogue_data_pipeline/venv/lib/python3.11/site-packages/airflow/example_dags/example_python_operator.py took 0.071 seconds
[2026-01-06T14:18:47.343+1100] {processor.py:161} INFO - Started process (PID=89751) to work on /Users/fionatham/Documents/Projects/vogue_data_pipeline/venv/lib/python3.11/site-packages/airflow/example_dags/example_python_operator.py
[2026-01-06T14:18:47.343+1100] {processor.py:830} INFO - Processing file /Users/fionatham/Documents/Projects/vogue_data_pipeline/venv/lib/python3.11/site-packages/airflow/example_dags/example_python_operator.py for tasks to queue
[2026-01-06T14:18:47.344+1100] {logging_mixin.py:188} INFO - [2026-01-06T14:18:47.343+1100] {dagbag.py:545} INFO - Filling up the DagBag from /Users/fionatham/Documents/Projects/vogue_data_pipeline/venv/lib/python3.11/site-packages/airflow/example_dags/example_python_operator.py
[2026-01-06T14:18:47.355+1100] {logging_mixin.py:188} INFO - [2026-01-06T14:18:47.355+1100] {example_python_operator.py:93} WARNING - The virtalenv_python example task requires virtualenv, please install it.
[2026-01-06T14:18:47.357+1100] {processor.py:840} INFO - DAG(s) 'example_python_operator' retrieved from /Users/fionatham/Documents/Projects/vogue_data_pipeline/venv/lib/python3.11/site-packages/airflow/example_dags/example_python_operator.py
[2026-01-06T14:18:47.403+1100] {logging_mixin.py:188} INFO - [2026-01-06T14:18:47.402+1100] {dag.py:3089} INFO - Sync 1 DAGs
[2026-01-06T14:18:47.406+1100] {logging_mixin.py:188} INFO - [2026-01-06T14:18:47.406+1100] {dag.py:3947} INFO - Setting next_dagrun for example_python_operator to None, run_after=None
[2026-01-06T14:18:47.414+1100] {processor.py:183} INFO - Processing /Users/fionatham/Documents/Projects/vogue_data_pipeline/venv/lib/python3.11/site-packages/airflow/example_dags/example_python_operator.py took 0.073 seconds
[2026-01-06T14:20:50.090+1100] {processor.py:161} INFO - Started process (PID=89998) to work on /Users/fionatham/Documents/Projects/vogue_data_pipeline/venv/lib/python3.11/site-packages/airflow/example_dags/example_python_operator.py
[2026-01-06T14:20:50.091+1100] {processor.py:830} INFO - Processing file /Users/fionatham/Documents/Projects/vogue_data_pipeline/venv/lib/python3.11/site-packages/airflow/example_dags/example_python_operator.py for tasks to queue
[2026-01-06T14:20:50.091+1100] {logging_mixin.py:188} INFO - [2026-01-06T14:20:50.091+1100] {dagbag.py:545} INFO - Filling up the DagBag from /Users/fionatham/Documents/Projects/vogue_data_pipeline/venv/lib/python3.11/site-packages/airflow/example_dags/example_python_operator.py
[2026-01-06T14:20:50.102+1100] {logging_mixin.py:188} INFO - [2026-01-06T14:20:50.102+1100] {example_python_operator.py:93} WARNING - The virtalenv_python example task requires virtualenv, please install it.
[2026-01-06T14:20:50.104+1100] {processor.py:840} INFO - DAG(s) 'example_python_operator' retrieved from /Users/fionatham/Documents/Projects/vogue_data_pipeline/venv/lib/python3.11/site-packages/airflow/example_dags/example_python_operator.py
[2026-01-06T14:20:50.149+1100] {logging_mixin.py:188} INFO - [2026-01-06T14:20:50.149+1100] {dag.py:3089} INFO - Sync 1 DAGs
[2026-01-06T14:20:50.154+1100] {logging_mixin.py:188} INFO - [2026-01-06T14:20:50.154+1100] {dag.py:3947} INFO - Setting next_dagrun for example_python_operator to None, run_after=None
[2026-01-06T14:20:50.162+1100] {processor.py:183} INFO - Processing /Users/fionatham/Documents/Projects/vogue_data_pipeline/venv/lib/python3.11/site-packages/airflow/example_dags/example_python_operator.py took 0.073 seconds
[2026-01-06T14:22:49.661+1100] {processor.py:161} INFO - Started process (PID=90089) to work on /Users/fionatham/Documents/Projects/vogue_data_pipeline/venv/lib/python3.11/site-packages/airflow/example_dags/example_python_operator.py
[2026-01-06T14:22:49.662+1100] {processor.py:830} INFO - Processing file /Users/fionatham/Documents/Projects/vogue_data_pipeline/venv/lib/python3.11/site-packages/airflow/example_dags/example_python_operator.py for tasks to queue
[2026-01-06T14:22:49.662+1100] {logging_mixin.py:188} INFO - [2026-01-06T14:22:49.662+1100] {dagbag.py:545} INFO - Filling up the DagBag from /Users/fionatham/Documents/Projects/vogue_data_pipeline/venv/lib/python3.11/site-packages/airflow/example_dags/example_python_operator.py
[2026-01-06T14:22:49.673+1100] {logging_mixin.py:188} INFO - [2026-01-06T14:22:49.673+1100] {example_python_operator.py:93} WARNING - The virtalenv_python example task requires virtualenv, please install it.
[2026-01-06T14:22:49.675+1100] {processor.py:840} INFO - DAG(s) 'example_python_operator' retrieved from /Users/fionatham/Documents/Projects/vogue_data_pipeline/venv/lib/python3.11/site-packages/airflow/example_dags/example_python_operator.py
[2026-01-06T14:22:49.719+1100] {logging_mixin.py:188} INFO - [2026-01-06T14:22:49.719+1100] {dag.py:3089} INFO - Sync 1 DAGs
[2026-01-06T14:22:49.723+1100] {logging_mixin.py:188} INFO - [2026-01-06T14:22:49.723+1100] {dag.py:3947} INFO - Setting next_dagrun for example_python_operator to None, run_after=None
[2026-01-06T14:22:49.731+1100] {processor.py:183} INFO - Processing /Users/fionatham/Documents/Projects/vogue_data_pipeline/venv/lib/python3.11/site-packages/airflow/example_dags/example_python_operator.py took 0.072 seconds
[2026-01-06T14:24:35.721+1100] {processor.py:161} INFO - Started process (PID=90179) to work on /Users/fionatham/Documents/Projects/vogue_data_pipeline/venv/lib/python3.11/site-packages/airflow/example_dags/example_python_operator.py
[2026-01-06T14:24:35.722+1100] {processor.py:830} INFO - Processing file /Users/fionatham/Documents/Projects/vogue_data_pipeline/venv/lib/python3.11/site-packages/airflow/example_dags/example_python_operator.py for tasks to queue
[2026-01-06T14:24:35.722+1100] {logging_mixin.py:188} INFO - [2026-01-06T14:24:35.722+1100] {dagbag.py:545} INFO - Filling up the DagBag from /Users/fionatham/Documents/Projects/vogue_data_pipeline/venv/lib/python3.11/site-packages/airflow/example_dags/example_python_operator.py
[2026-01-06T14:24:35.733+1100] {logging_mixin.py:188} INFO - [2026-01-06T14:24:35.733+1100] {example_python_operator.py:93} WARNING - The virtalenv_python example task requires virtualenv, please install it.
[2026-01-06T14:24:35.734+1100] {processor.py:840} INFO - DAG(s) 'example_python_operator' retrieved from /Users/fionatham/Documents/Projects/vogue_data_pipeline/venv/lib/python3.11/site-packages/airflow/example_dags/example_python_operator.py
[2026-01-06T14:24:35.776+1100] {logging_mixin.py:188} INFO - [2026-01-06T14:24:35.775+1100] {dag.py:3089} INFO - Sync 1 DAGs
[2026-01-06T14:24:35.779+1100] {logging_mixin.py:188} INFO - [2026-01-06T14:24:35.779+1100] {dag.py:3947} INFO - Setting next_dagrun for example_python_operator to None, run_after=None
[2026-01-06T14:24:35.786+1100] {processor.py:183} INFO - Processing /Users/fionatham/Documents/Projects/vogue_data_pipeline/venv/lib/python3.11/site-packages/airflow/example_dags/example_python_operator.py took 0.067 seconds
[2026-01-06T14:26:29.825+1100] {processor.py:161} INFO - Started process (PID=90483) to work on /Users/fionatham/Documents/Projects/vogue_data_pipeline/venv/lib/python3.11/site-packages/airflow/example_dags/example_python_operator.py
[2026-01-06T14:26:29.826+1100] {processor.py:830} INFO - Processing file /Users/fionatham/Documents/Projects/vogue_data_pipeline/venv/lib/python3.11/site-packages/airflow/example_dags/example_python_operator.py for tasks to queue
[2026-01-06T14:26:29.826+1100] {logging_mixin.py:188} INFO - [2026-01-06T14:26:29.826+1100] {dagbag.py:545} INFO - Filling up the DagBag from /Users/fionatham/Documents/Projects/vogue_data_pipeline/venv/lib/python3.11/site-packages/airflow/example_dags/example_python_operator.py
[2026-01-06T14:26:29.837+1100] {logging_mixin.py:188} INFO - [2026-01-06T14:26:29.837+1100] {example_python_operator.py:93} WARNING - The virtalenv_python example task requires virtualenv, please install it.
[2026-01-06T14:26:29.839+1100] {processor.py:840} INFO - DAG(s) 'example_python_operator' retrieved from /Users/fionatham/Documents/Projects/vogue_data_pipeline/venv/lib/python3.11/site-packages/airflow/example_dags/example_python_operator.py
[2026-01-06T14:26:29.883+1100] {logging_mixin.py:188} INFO - [2026-01-06T14:26:29.883+1100] {dag.py:3089} INFO - Sync 1 DAGs
[2026-01-06T14:26:29.887+1100] {logging_mixin.py:188} INFO - [2026-01-06T14:26:29.887+1100] {dag.py:3947} INFO - Setting next_dagrun for example_python_operator to None, run_after=None
[2026-01-06T14:26:29.895+1100] {processor.py:183} INFO - Processing /Users/fionatham/Documents/Projects/vogue_data_pipeline/venv/lib/python3.11/site-packages/airflow/example_dags/example_python_operator.py took 0.072 seconds
[2026-01-06T14:28:27.629+1100] {processor.py:161} INFO - Started process (PID=90809) to work on /Users/fionatham/Documents/Projects/vogue_data_pipeline/venv/lib/python3.11/site-packages/airflow/example_dags/example_python_operator.py
[2026-01-06T14:28:27.629+1100] {processor.py:830} INFO - Processing file /Users/fionatham/Documents/Projects/vogue_data_pipeline/venv/lib/python3.11/site-packages/airflow/example_dags/example_python_operator.py for tasks to queue
[2026-01-06T14:28:27.630+1100] {logging_mixin.py:188} INFO - [2026-01-06T14:28:27.630+1100] {dagbag.py:545} INFO - Filling up the DagBag from /Users/fionatham/Documents/Projects/vogue_data_pipeline/venv/lib/python3.11/site-packages/airflow/example_dags/example_python_operator.py
[2026-01-06T14:28:27.640+1100] {logging_mixin.py:188} INFO - [2026-01-06T14:28:27.640+1100] {example_python_operator.py:93} WARNING - The virtalenv_python example task requires virtualenv, please install it.
[2026-01-06T14:28:27.642+1100] {processor.py:840} INFO - DAG(s) 'example_python_operator' retrieved from /Users/fionatham/Documents/Projects/vogue_data_pipeline/venv/lib/python3.11/site-packages/airflow/example_dags/example_python_operator.py
[2026-01-06T14:28:27.685+1100] {logging_mixin.py:188} INFO - [2026-01-06T14:28:27.685+1100] {dag.py:3089} INFO - Sync 1 DAGs
[2026-01-06T14:28:27.689+1100] {logging_mixin.py:188} INFO - [2026-01-06T14:28:27.689+1100] {dag.py:3947} INFO - Setting next_dagrun for example_python_operator to None, run_after=None
[2026-01-06T14:28:27.696+1100] {processor.py:183} INFO - Processing /Users/fionatham/Documents/Projects/vogue_data_pipeline/venv/lib/python3.11/site-packages/airflow/example_dags/example_python_operator.py took 0.069 seconds
[2026-01-06T14:30:30.938+1100] {processor.py:161} INFO - Started process (PID=91567) to work on /Users/fionatham/Documents/Projects/vogue_data_pipeline/venv/lib/python3.11/site-packages/airflow/example_dags/example_python_operator.py
[2026-01-06T14:30:30.938+1100] {processor.py:830} INFO - Processing file /Users/fionatham/Documents/Projects/vogue_data_pipeline/venv/lib/python3.11/site-packages/airflow/example_dags/example_python_operator.py for tasks to queue
[2026-01-06T14:30:30.939+1100] {logging_mixin.py:188} INFO - [2026-01-06T14:30:30.939+1100] {dagbag.py:545} INFO - Filling up the DagBag from /Users/fionatham/Documents/Projects/vogue_data_pipeline/venv/lib/python3.11/site-packages/airflow/example_dags/example_python_operator.py
[2026-01-06T14:30:30.950+1100] {logging_mixin.py:188} INFO - [2026-01-06T14:30:30.950+1100] {example_python_operator.py:93} WARNING - The virtalenv_python example task requires virtualenv, please install it.
[2026-01-06T14:30:30.951+1100] {processor.py:840} INFO - DAG(s) 'example_python_operator' retrieved from /Users/fionatham/Documents/Projects/vogue_data_pipeline/venv/lib/python3.11/site-packages/airflow/example_dags/example_python_operator.py
[2026-01-06T14:30:30.995+1100] {logging_mixin.py:188} INFO - [2026-01-06T14:30:30.995+1100] {dag.py:3089} INFO - Sync 1 DAGs
[2026-01-06T14:30:30.999+1100] {logging_mixin.py:188} INFO - [2026-01-06T14:30:30.999+1100] {dag.py:3947} INFO - Setting next_dagrun for example_python_operator to None, run_after=None
[2026-01-06T14:30:31.008+1100] {processor.py:183} INFO - Processing /Users/fionatham/Documents/Projects/vogue_data_pipeline/venv/lib/python3.11/site-packages/airflow/example_dags/example_python_operator.py took 0.071 seconds
[2026-01-06T14:32:29.546+1100] {processor.py:161} INFO - Started process (PID=92102) to work on /Users/fionatham/Documents/Projects/vogue_data_pipeline/venv/lib/python3.11/site-packages/airflow/example_dags/example_python_operator.py
[2026-01-06T14:32:29.547+1100] {processor.py:830} INFO - Processing file /Users/fionatham/Documents/Projects/vogue_data_pipeline/venv/lib/python3.11/site-packages/airflow/example_dags/example_python_operator.py for tasks to queue
[2026-01-06T14:32:29.547+1100] {logging_mixin.py:188} INFO - [2026-01-06T14:32:29.547+1100] {dagbag.py:545} INFO - Filling up the DagBag from /Users/fionatham/Documents/Projects/vogue_data_pipeline/venv/lib/python3.11/site-packages/airflow/example_dags/example_python_operator.py
[2026-01-06T14:32:29.558+1100] {logging_mixin.py:188} INFO - [2026-01-06T14:32:29.558+1100] {example_python_operator.py:93} WARNING - The virtalenv_python example task requires virtualenv, please install it.
[2026-01-06T14:32:29.560+1100] {processor.py:840} INFO - DAG(s) 'example_python_operator' retrieved from /Users/fionatham/Documents/Projects/vogue_data_pipeline/venv/lib/python3.11/site-packages/airflow/example_dags/example_python_operator.py
[2026-01-06T14:32:29.605+1100] {logging_mixin.py:188} INFO - [2026-01-06T14:32:29.605+1100] {dag.py:3089} INFO - Sync 1 DAGs
[2026-01-06T14:32:29.609+1100] {logging_mixin.py:188} INFO - [2026-01-06T14:32:29.609+1100] {dag.py:3947} INFO - Setting next_dagrun for example_python_operator to None, run_after=None
[2026-01-06T14:32:29.617+1100] {processor.py:183} INFO - Processing /Users/fionatham/Documents/Projects/vogue_data_pipeline/venv/lib/python3.11/site-packages/airflow/example_dags/example_python_operator.py took 0.072 seconds
[2026-01-06T14:34:24.894+1100] {processor.py:161} INFO - Started process (PID=92331) to work on /Users/fionatham/Documents/Projects/vogue_data_pipeline/venv/lib/python3.11/site-packages/airflow/example_dags/example_python_operator.py
[2026-01-06T14:34:24.894+1100] {processor.py:830} INFO - Processing file /Users/fionatham/Documents/Projects/vogue_data_pipeline/venv/lib/python3.11/site-packages/airflow/example_dags/example_python_operator.py for tasks to queue
[2026-01-06T14:34:24.895+1100] {logging_mixin.py:188} INFO - [2026-01-06T14:34:24.895+1100] {dagbag.py:545} INFO - Filling up the DagBag from /Users/fionatham/Documents/Projects/vogue_data_pipeline/venv/lib/python3.11/site-packages/airflow/example_dags/example_python_operator.py
[2026-01-06T14:34:24.905+1100] {logging_mixin.py:188} INFO - [2026-01-06T14:34:24.905+1100] {example_python_operator.py:93} WARNING - The virtalenv_python example task requires virtualenv, please install it.
[2026-01-06T14:34:24.907+1100] {processor.py:840} INFO - DAG(s) 'example_python_operator' retrieved from /Users/fionatham/Documents/Projects/vogue_data_pipeline/venv/lib/python3.11/site-packages/airflow/example_dags/example_python_operator.py
[2026-01-06T14:34:24.953+1100] {logging_mixin.py:188} INFO - [2026-01-06T14:34:24.953+1100] {dag.py:3089} INFO - Sync 1 DAGs
[2026-01-06T14:34:24.957+1100] {logging_mixin.py:188} INFO - [2026-01-06T14:34:24.957+1100] {dag.py:3947} INFO - Setting next_dagrun for example_python_operator to None, run_after=None
[2026-01-06T14:34:24.966+1100] {processor.py:183} INFO - Processing /Users/fionatham/Documents/Projects/vogue_data_pipeline/venv/lib/python3.11/site-packages/airflow/example_dags/example_python_operator.py took 0.074 seconds
[2026-01-06T14:36:24.210+1100] {processor.py:161} INFO - Started process (PID=92586) to work on /Users/fionatham/Documents/Projects/vogue_data_pipeline/venv/lib/python3.11/site-packages/airflow/example_dags/example_python_operator.py
[2026-01-06T14:36:24.212+1100] {processor.py:830} INFO - Processing file /Users/fionatham/Documents/Projects/vogue_data_pipeline/venv/lib/python3.11/site-packages/airflow/example_dags/example_python_operator.py for tasks to queue
[2026-01-06T14:36:24.212+1100] {logging_mixin.py:188} INFO - [2026-01-06T14:36:24.212+1100] {dagbag.py:545} INFO - Filling up the DagBag from /Users/fionatham/Documents/Projects/vogue_data_pipeline/venv/lib/python3.11/site-packages/airflow/example_dags/example_python_operator.py
[2026-01-06T14:36:24.223+1100] {logging_mixin.py:188} INFO - [2026-01-06T14:36:24.223+1100] {example_python_operator.py:93} WARNING - The virtalenv_python example task requires virtualenv, please install it.
[2026-01-06T14:36:24.224+1100] {processor.py:840} INFO - DAG(s) 'example_python_operator' retrieved from /Users/fionatham/Documents/Projects/vogue_data_pipeline/venv/lib/python3.11/site-packages/airflow/example_dags/example_python_operator.py
[2026-01-06T14:36:24.270+1100] {logging_mixin.py:188} INFO - [2026-01-06T14:36:24.270+1100] {dag.py:3089} INFO - Sync 1 DAGs
[2026-01-06T14:36:24.274+1100] {logging_mixin.py:188} INFO - [2026-01-06T14:36:24.274+1100] {dag.py:3947} INFO - Setting next_dagrun for example_python_operator to None, run_after=None
[2026-01-06T14:36:24.283+1100] {processor.py:183} INFO - Processing /Users/fionatham/Documents/Projects/vogue_data_pipeline/venv/lib/python3.11/site-packages/airflow/example_dags/example_python_operator.py took 0.074 seconds
[2026-01-06T14:38:27.555+1100] {processor.py:161} INFO - Started process (PID=92840) to work on /Users/fionatham/Documents/Projects/vogue_data_pipeline/venv/lib/python3.11/site-packages/airflow/example_dags/example_python_operator.py
[2026-01-06T14:38:27.556+1100] {processor.py:830} INFO - Processing file /Users/fionatham/Documents/Projects/vogue_data_pipeline/venv/lib/python3.11/site-packages/airflow/example_dags/example_python_operator.py for tasks to queue
[2026-01-06T14:38:27.556+1100] {logging_mixin.py:188} INFO - [2026-01-06T14:38:27.556+1100] {dagbag.py:545} INFO - Filling up the DagBag from /Users/fionatham/Documents/Projects/vogue_data_pipeline/venv/lib/python3.11/site-packages/airflow/example_dags/example_python_operator.py
[2026-01-06T14:38:27.567+1100] {logging_mixin.py:188} INFO - [2026-01-06T14:38:27.567+1100] {example_python_operator.py:93} WARNING - The virtalenv_python example task requires virtualenv, please install it.
[2026-01-06T14:38:27.569+1100] {processor.py:840} INFO - DAG(s) 'example_python_operator' retrieved from /Users/fionatham/Documents/Projects/vogue_data_pipeline/venv/lib/python3.11/site-packages/airflow/example_dags/example_python_operator.py
[2026-01-06T14:38:27.613+1100] {logging_mixin.py:188} INFO - [2026-01-06T14:38:27.613+1100] {dag.py:3089} INFO - Sync 1 DAGs
[2026-01-06T14:38:27.618+1100] {logging_mixin.py:188} INFO - [2026-01-06T14:38:27.618+1100] {dag.py:3947} INFO - Setting next_dagrun for example_python_operator to None, run_after=None
[2026-01-06T14:38:27.626+1100] {processor.py:183} INFO - Processing /Users/fionatham/Documents/Projects/vogue_data_pipeline/venv/lib/python3.11/site-packages/airflow/example_dags/example_python_operator.py took 0.073 seconds
[2026-01-06T14:40:22.412+1100] {processor.py:161} INFO - Started process (PID=92930) to work on /Users/fionatham/Documents/Projects/vogue_data_pipeline/venv/lib/python3.11/site-packages/airflow/example_dags/example_python_operator.py
[2026-01-06T14:40:22.413+1100] {processor.py:830} INFO - Processing file /Users/fionatham/Documents/Projects/vogue_data_pipeline/venv/lib/python3.11/site-packages/airflow/example_dags/example_python_operator.py for tasks to queue
[2026-01-06T14:40:22.414+1100] {logging_mixin.py:188} INFO - [2026-01-06T14:40:22.413+1100] {dagbag.py:545} INFO - Filling up the DagBag from /Users/fionatham/Documents/Projects/vogue_data_pipeline/venv/lib/python3.11/site-packages/airflow/example_dags/example_python_operator.py
[2026-01-06T14:40:22.424+1100] {logging_mixin.py:188} INFO - [2026-01-06T14:40:22.424+1100] {example_python_operator.py:93} WARNING - The virtalenv_python example task requires virtualenv, please install it.
[2026-01-06T14:40:22.425+1100] {processor.py:840} INFO - DAG(s) 'example_python_operator' retrieved from /Users/fionatham/Documents/Projects/vogue_data_pipeline/venv/lib/python3.11/site-packages/airflow/example_dags/example_python_operator.py
[2026-01-06T14:40:22.466+1100] {logging_mixin.py:188} INFO - [2026-01-06T14:40:22.466+1100] {dag.py:3089} INFO - Sync 1 DAGs
[2026-01-06T14:40:22.470+1100] {logging_mixin.py:188} INFO - [2026-01-06T14:40:22.470+1100] {dag.py:3947} INFO - Setting next_dagrun for example_python_operator to None, run_after=None
[2026-01-06T14:40:22.477+1100] {processor.py:183} INFO - Processing /Users/fionatham/Documents/Projects/vogue_data_pipeline/venv/lib/python3.11/site-packages/airflow/example_dags/example_python_operator.py took 0.067 seconds
[2026-01-06T14:42:15.445+1100] {processor.py:161} INFO - Started process (PID=93010) to work on /Users/fionatham/Documents/Projects/vogue_data_pipeline/venv/lib/python3.11/site-packages/airflow/example_dags/example_python_operator.py
[2026-01-06T14:42:15.446+1100] {processor.py:830} INFO - Processing file /Users/fionatham/Documents/Projects/vogue_data_pipeline/venv/lib/python3.11/site-packages/airflow/example_dags/example_python_operator.py for tasks to queue
[2026-01-06T14:42:15.446+1100] {logging_mixin.py:188} INFO - [2026-01-06T14:42:15.446+1100] {dagbag.py:545} INFO - Filling up the DagBag from /Users/fionatham/Documents/Projects/vogue_data_pipeline/venv/lib/python3.11/site-packages/airflow/example_dags/example_python_operator.py
[2026-01-06T14:42:15.459+1100] {logging_mixin.py:188} INFO - [2026-01-06T14:42:15.459+1100] {example_python_operator.py:93} WARNING - The virtalenv_python example task requires virtualenv, please install it.
[2026-01-06T14:42:15.460+1100] {processor.py:840} INFO - DAG(s) 'example_python_operator' retrieved from /Users/fionatham/Documents/Projects/vogue_data_pipeline/venv/lib/python3.11/site-packages/airflow/example_dags/example_python_operator.py
[2026-01-06T14:42:15.507+1100] {logging_mixin.py:188} INFO - [2026-01-06T14:42:15.506+1100] {dag.py:3089} INFO - Sync 1 DAGs
[2026-01-06T14:42:15.511+1100] {logging_mixin.py:188} INFO - [2026-01-06T14:42:15.511+1100] {dag.py:3947} INFO - Setting next_dagrun for example_python_operator to None, run_after=None
[2026-01-06T14:42:15.520+1100] {processor.py:183} INFO - Processing /Users/fionatham/Documents/Projects/vogue_data_pipeline/venv/lib/python3.11/site-packages/airflow/example_dags/example_python_operator.py took 0.076 seconds
[2026-01-06T14:44:11.555+1100] {processor.py:161} INFO - Started process (PID=93088) to work on /Users/fionatham/Documents/Projects/vogue_data_pipeline/venv/lib/python3.11/site-packages/airflow/example_dags/example_python_operator.py
[2026-01-06T14:44:11.557+1100] {processor.py:830} INFO - Processing file /Users/fionatham/Documents/Projects/vogue_data_pipeline/venv/lib/python3.11/site-packages/airflow/example_dags/example_python_operator.py for tasks to queue
[2026-01-06T14:44:11.557+1100] {logging_mixin.py:188} INFO - [2026-01-06T14:44:11.557+1100] {dagbag.py:545} INFO - Filling up the DagBag from /Users/fionatham/Documents/Projects/vogue_data_pipeline/venv/lib/python3.11/site-packages/airflow/example_dags/example_python_operator.py
[2026-01-06T14:44:11.568+1100] {logging_mixin.py:188} INFO - [2026-01-06T14:44:11.568+1100] {example_python_operator.py:93} WARNING - The virtalenv_python example task requires virtualenv, please install it.
[2026-01-06T14:44:11.569+1100] {processor.py:840} INFO - DAG(s) 'example_python_operator' retrieved from /Users/fionatham/Documents/Projects/vogue_data_pipeline/venv/lib/python3.11/site-packages/airflow/example_dags/example_python_operator.py
[2026-01-06T14:44:11.615+1100] {logging_mixin.py:188} INFO - [2026-01-06T14:44:11.615+1100] {dag.py:3089} INFO - Sync 1 DAGs
[2026-01-06T14:44:11.619+1100] {logging_mixin.py:188} INFO - [2026-01-06T14:44:11.619+1100] {dag.py:3947} INFO - Setting next_dagrun for example_python_operator to None, run_after=None
[2026-01-06T14:44:11.627+1100] {processor.py:183} INFO - Processing /Users/fionatham/Documents/Projects/vogue_data_pipeline/venv/lib/python3.11/site-packages/airflow/example_dags/example_python_operator.py took 0.073 seconds
[2026-01-06T14:46:07.818+1100] {processor.py:161} INFO - Started process (PID=93169) to work on /Users/fionatham/Documents/Projects/vogue_data_pipeline/venv/lib/python3.11/site-packages/airflow/example_dags/example_python_operator.py
[2026-01-06T14:46:07.819+1100] {processor.py:830} INFO - Processing file /Users/fionatham/Documents/Projects/vogue_data_pipeline/venv/lib/python3.11/site-packages/airflow/example_dags/example_python_operator.py for tasks to queue
[2026-01-06T14:46:07.820+1100] {logging_mixin.py:188} INFO - [2026-01-06T14:46:07.820+1100] {dagbag.py:545} INFO - Filling up the DagBag from /Users/fionatham/Documents/Projects/vogue_data_pipeline/venv/lib/python3.11/site-packages/airflow/example_dags/example_python_operator.py
[2026-01-06T14:46:07.832+1100] {logging_mixin.py:188} INFO - [2026-01-06T14:46:07.832+1100] {example_python_operator.py:93} WARNING - The virtalenv_python example task requires virtualenv, please install it.
[2026-01-06T14:46:07.833+1100] {processor.py:840} INFO - DAG(s) 'example_python_operator' retrieved from /Users/fionatham/Documents/Projects/vogue_data_pipeline/venv/lib/python3.11/site-packages/airflow/example_dags/example_python_operator.py
[2026-01-06T14:46:07.875+1100] {logging_mixin.py:188} INFO - [2026-01-06T14:46:07.875+1100] {dag.py:3089} INFO - Sync 1 DAGs
[2026-01-06T14:46:07.879+1100] {logging_mixin.py:188} INFO - [2026-01-06T14:46:07.879+1100] {dag.py:3947} INFO - Setting next_dagrun for example_python_operator to None, run_after=None
[2026-01-06T14:46:07.885+1100] {processor.py:183} INFO - Processing /Users/fionatham/Documents/Projects/vogue_data_pipeline/venv/lib/python3.11/site-packages/airflow/example_dags/example_python_operator.py took 0.069 seconds
[2026-01-06T14:48:04.544+1100] {processor.py:161} INFO - Started process (PID=93251) to work on /Users/fionatham/Documents/Projects/vogue_data_pipeline/venv/lib/python3.11/site-packages/airflow/example_dags/example_python_operator.py
[2026-01-06T14:48:04.545+1100] {processor.py:830} INFO - Processing file /Users/fionatham/Documents/Projects/vogue_data_pipeline/venv/lib/python3.11/site-packages/airflow/example_dags/example_python_operator.py for tasks to queue
[2026-01-06T14:48:04.546+1100] {logging_mixin.py:188} INFO - [2026-01-06T14:48:04.546+1100] {dagbag.py:545} INFO - Filling up the DagBag from /Users/fionatham/Documents/Projects/vogue_data_pipeline/venv/lib/python3.11/site-packages/airflow/example_dags/example_python_operator.py
[2026-01-06T14:48:04.556+1100] {logging_mixin.py:188} INFO - [2026-01-06T14:48:04.556+1100] {example_python_operator.py:93} WARNING - The virtalenv_python example task requires virtualenv, please install it.
[2026-01-06T14:48:04.558+1100] {processor.py:840} INFO - DAG(s) 'example_python_operator' retrieved from /Users/fionatham/Documents/Projects/vogue_data_pipeline/venv/lib/python3.11/site-packages/airflow/example_dags/example_python_operator.py
[2026-01-06T14:48:04.601+1100] {logging_mixin.py:188} INFO - [2026-01-06T14:48:04.601+1100] {dag.py:3089} INFO - Sync 1 DAGs
[2026-01-06T14:48:04.605+1100] {logging_mixin.py:188} INFO - [2026-01-06T14:48:04.605+1100] {dag.py:3947} INFO - Setting next_dagrun for example_python_operator to None, run_after=None
[2026-01-06T14:48:04.613+1100] {processor.py:183} INFO - Processing /Users/fionatham/Documents/Projects/vogue_data_pipeline/venv/lib/python3.11/site-packages/airflow/example_dags/example_python_operator.py took 0.070 seconds
[2026-01-06T14:50:05.052+1100] {processor.py:161} INFO - Started process (PID=93356) to work on /Users/fionatham/Documents/Projects/vogue_data_pipeline/venv/lib/python3.11/site-packages/airflow/example_dags/example_python_operator.py
[2026-01-06T14:50:05.053+1100] {processor.py:830} INFO - Processing file /Users/fionatham/Documents/Projects/vogue_data_pipeline/venv/lib/python3.11/site-packages/airflow/example_dags/example_python_operator.py for tasks to queue
[2026-01-06T14:50:05.054+1100] {logging_mixin.py:188} INFO - [2026-01-06T14:50:05.053+1100] {dagbag.py:545} INFO - Filling up the DagBag from /Users/fionatham/Documents/Projects/vogue_data_pipeline/venv/lib/python3.11/site-packages/airflow/example_dags/example_python_operator.py
[2026-01-06T14:50:05.064+1100] {logging_mixin.py:188} INFO - [2026-01-06T14:50:05.064+1100] {example_python_operator.py:93} WARNING - The virtalenv_python example task requires virtualenv, please install it.
[2026-01-06T14:50:05.066+1100] {processor.py:840} INFO - DAG(s) 'example_python_operator' retrieved from /Users/fionatham/Documents/Projects/vogue_data_pipeline/venv/lib/python3.11/site-packages/airflow/example_dags/example_python_operator.py
[2026-01-06T14:50:05.107+1100] {logging_mixin.py:188} INFO - [2026-01-06T14:50:05.107+1100] {dag.py:3089} INFO - Sync 1 DAGs
[2026-01-06T14:50:05.111+1100] {logging_mixin.py:188} INFO - [2026-01-06T14:50:05.111+1100] {dag.py:3947} INFO - Setting next_dagrun for example_python_operator to None, run_after=None
[2026-01-06T14:50:05.118+1100] {processor.py:183} INFO - Processing /Users/fionatham/Documents/Projects/vogue_data_pipeline/venv/lib/python3.11/site-packages/airflow/example_dags/example_python_operator.py took 0.067 seconds
[2026-01-06T14:51:55.891+1100] {processor.py:161} INFO - Started process (PID=93454) to work on /Users/fionatham/Documents/Projects/vogue_data_pipeline/venv/lib/python3.11/site-packages/airflow/example_dags/example_python_operator.py
[2026-01-06T14:51:55.892+1100] {processor.py:830} INFO - Processing file /Users/fionatham/Documents/Projects/vogue_data_pipeline/venv/lib/python3.11/site-packages/airflow/example_dags/example_python_operator.py for tasks to queue
[2026-01-06T14:51:55.892+1100] {logging_mixin.py:188} INFO - [2026-01-06T14:51:55.892+1100] {dagbag.py:545} INFO - Filling up the DagBag from /Users/fionatham/Documents/Projects/vogue_data_pipeline/venv/lib/python3.11/site-packages/airflow/example_dags/example_python_operator.py
[2026-01-06T14:51:55.905+1100] {logging_mixin.py:188} INFO - [2026-01-06T14:51:55.904+1100] {example_python_operator.py:93} WARNING - The virtalenv_python example task requires virtualenv, please install it.
[2026-01-06T14:51:55.906+1100] {processor.py:840} INFO - DAG(s) 'example_python_operator' retrieved from /Users/fionatham/Documents/Projects/vogue_data_pipeline/venv/lib/python3.11/site-packages/airflow/example_dags/example_python_operator.py
[2026-01-06T14:51:55.950+1100] {logging_mixin.py:188} INFO - [2026-01-06T14:51:55.950+1100] {dag.py:3089} INFO - Sync 1 DAGs
[2026-01-06T14:51:55.954+1100] {logging_mixin.py:188} INFO - [2026-01-06T14:51:55.954+1100] {dag.py:3947} INFO - Setting next_dagrun for example_python_operator to None, run_after=None
[2026-01-06T14:51:55.963+1100] {processor.py:183} INFO - Processing /Users/fionatham/Documents/Projects/vogue_data_pipeline/venv/lib/python3.11/site-packages/airflow/example_dags/example_python_operator.py took 0.073 seconds
[2026-01-06T14:53:51.685+1100] {processor.py:161} INFO - Started process (PID=93604) to work on /Users/fionatham/Documents/Projects/vogue_data_pipeline/venv/lib/python3.11/site-packages/airflow/example_dags/example_python_operator.py
[2026-01-06T14:53:51.686+1100] {processor.py:830} INFO - Processing file /Users/fionatham/Documents/Projects/vogue_data_pipeline/venv/lib/python3.11/site-packages/airflow/example_dags/example_python_operator.py for tasks to queue
[2026-01-06T14:53:51.686+1100] {logging_mixin.py:188} INFO - [2026-01-06T14:53:51.686+1100] {dagbag.py:545} INFO - Filling up the DagBag from /Users/fionatham/Documents/Projects/vogue_data_pipeline/venv/lib/python3.11/site-packages/airflow/example_dags/example_python_operator.py
[2026-01-06T14:53:51.697+1100] {logging_mixin.py:188} INFO - [2026-01-06T14:53:51.697+1100] {example_python_operator.py:93} WARNING - The virtalenv_python example task requires virtualenv, please install it.
[2026-01-06T14:53:51.698+1100] {processor.py:840} INFO - DAG(s) 'example_python_operator' retrieved from /Users/fionatham/Documents/Projects/vogue_data_pipeline/venv/lib/python3.11/site-packages/airflow/example_dags/example_python_operator.py
[2026-01-06T14:53:51.745+1100] {logging_mixin.py:188} INFO - [2026-01-06T14:53:51.744+1100] {dag.py:3089} INFO - Sync 1 DAGs
[2026-01-06T14:53:51.749+1100] {logging_mixin.py:188} INFO - [2026-01-06T14:53:51.748+1100] {dag.py:3947} INFO - Setting next_dagrun for example_python_operator to None, run_after=None
[2026-01-06T14:53:51.757+1100] {processor.py:183} INFO - Processing /Users/fionatham/Documents/Projects/vogue_data_pipeline/venv/lib/python3.11/site-packages/airflow/example_dags/example_python_operator.py took 0.073 seconds
[2026-01-06T14:55:49.392+1100] {processor.py:161} INFO - Started process (PID=93761) to work on /Users/fionatham/Documents/Projects/vogue_data_pipeline/venv/lib/python3.11/site-packages/airflow/example_dags/example_python_operator.py
[2026-01-06T14:55:49.393+1100] {processor.py:830} INFO - Processing file /Users/fionatham/Documents/Projects/vogue_data_pipeline/venv/lib/python3.11/site-packages/airflow/example_dags/example_python_operator.py for tasks to queue
[2026-01-06T14:55:49.394+1100] {logging_mixin.py:188} INFO - [2026-01-06T14:55:49.394+1100] {dagbag.py:545} INFO - Filling up the DagBag from /Users/fionatham/Documents/Projects/vogue_data_pipeline/venv/lib/python3.11/site-packages/airflow/example_dags/example_python_operator.py
[2026-01-06T14:55:49.405+1100] {logging_mixin.py:188} INFO - [2026-01-06T14:55:49.405+1100] {example_python_operator.py:93} WARNING - The virtalenv_python example task requires virtualenv, please install it.
[2026-01-06T14:55:49.406+1100] {processor.py:840} INFO - DAG(s) 'example_python_operator' retrieved from /Users/fionatham/Documents/Projects/vogue_data_pipeline/venv/lib/python3.11/site-packages/airflow/example_dags/example_python_operator.py
[2026-01-06T14:55:49.447+1100] {logging_mixin.py:188} INFO - [2026-01-06T14:55:49.447+1100] {dag.py:3089} INFO - Sync 1 DAGs
[2026-01-06T14:55:49.451+1100] {logging_mixin.py:188} INFO - [2026-01-06T14:55:49.451+1100] {dag.py:3947} INFO - Setting next_dagrun for example_python_operator to None, run_after=None
[2026-01-06T14:55:49.458+1100] {processor.py:183} INFO - Processing /Users/fionatham/Documents/Projects/vogue_data_pipeline/venv/lib/python3.11/site-packages/airflow/example_dags/example_python_operator.py took 0.068 seconds
[2026-01-06T14:57:47.980+1100] {processor.py:161} INFO - Started process (PID=93870) to work on /Users/fionatham/Documents/Projects/vogue_data_pipeline/venv/lib/python3.11/site-packages/airflow/example_dags/example_python_operator.py
[2026-01-06T14:57:47.981+1100] {processor.py:830} INFO - Processing file /Users/fionatham/Documents/Projects/vogue_data_pipeline/venv/lib/python3.11/site-packages/airflow/example_dags/example_python_operator.py for tasks to queue
[2026-01-06T14:57:47.981+1100] {logging_mixin.py:188} INFO - [2026-01-06T14:57:47.981+1100] {dagbag.py:545} INFO - Filling up the DagBag from /Users/fionatham/Documents/Projects/vogue_data_pipeline/venv/lib/python3.11/site-packages/airflow/example_dags/example_python_operator.py
[2026-01-06T14:57:47.992+1100] {logging_mixin.py:188} INFO - [2026-01-06T14:57:47.992+1100] {example_python_operator.py:93} WARNING - The virtalenv_python example task requires virtualenv, please install it.
[2026-01-06T14:57:47.994+1100] {processor.py:840} INFO - DAG(s) 'example_python_operator' retrieved from /Users/fionatham/Documents/Projects/vogue_data_pipeline/venv/lib/python3.11/site-packages/airflow/example_dags/example_python_operator.py
[2026-01-06T14:57:48.035+1100] {logging_mixin.py:188} INFO - [2026-01-06T14:57:48.035+1100] {dag.py:3089} INFO - Sync 1 DAGs
[2026-01-06T14:57:48.039+1100] {logging_mixin.py:188} INFO - [2026-01-06T14:57:48.039+1100] {dag.py:3947} INFO - Setting next_dagrun for example_python_operator to None, run_after=None
[2026-01-06T14:57:48.046+1100] {processor.py:183} INFO - Processing /Users/fionatham/Documents/Projects/vogue_data_pipeline/venv/lib/python3.11/site-packages/airflow/example_dags/example_python_operator.py took 0.068 seconds
[2026-01-06T14:59:46.081+1100] {processor.py:161} INFO - Started process (PID=94049) to work on /Users/fionatham/Documents/Projects/vogue_data_pipeline/venv/lib/python3.11/site-packages/airflow/example_dags/example_python_operator.py
[2026-01-06T14:59:46.082+1100] {processor.py:830} INFO - Processing file /Users/fionatham/Documents/Projects/vogue_data_pipeline/venv/lib/python3.11/site-packages/airflow/example_dags/example_python_operator.py for tasks to queue
[2026-01-06T14:59:46.082+1100] {logging_mixin.py:188} INFO - [2026-01-06T14:59:46.082+1100] {dagbag.py:545} INFO - Filling up the DagBag from /Users/fionatham/Documents/Projects/vogue_data_pipeline/venv/lib/python3.11/site-packages/airflow/example_dags/example_python_operator.py
[2026-01-06T14:59:46.093+1100] {logging_mixin.py:188} INFO - [2026-01-06T14:59:46.093+1100] {example_python_operator.py:93} WARNING - The virtalenv_python example task requires virtualenv, please install it.
[2026-01-06T14:59:46.094+1100] {processor.py:840} INFO - DAG(s) 'example_python_operator' retrieved from /Users/fionatham/Documents/Projects/vogue_data_pipeline/venv/lib/python3.11/site-packages/airflow/example_dags/example_python_operator.py
[2026-01-06T14:59:46.137+1100] {logging_mixin.py:188} INFO - [2026-01-06T14:59:46.137+1100] {dag.py:3089} INFO - Sync 1 DAGs
[2026-01-06T14:59:46.142+1100] {logging_mixin.py:188} INFO - [2026-01-06T14:59:46.142+1100] {dag.py:3947} INFO - Setting next_dagrun for example_python_operator to None, run_after=None
[2026-01-06T14:59:46.149+1100] {processor.py:183} INFO - Processing /Users/fionatham/Documents/Projects/vogue_data_pipeline/venv/lib/python3.11/site-packages/airflow/example_dags/example_python_operator.py took 0.069 seconds
[2026-01-06T15:01:45.244+1100] {processor.py:161} INFO - Started process (PID=94186) to work on /Users/fionatham/Documents/Projects/vogue_data_pipeline/venv/lib/python3.11/site-packages/airflow/example_dags/example_python_operator.py
[2026-01-06T15:01:45.244+1100] {processor.py:830} INFO - Processing file /Users/fionatham/Documents/Projects/vogue_data_pipeline/venv/lib/python3.11/site-packages/airflow/example_dags/example_python_operator.py for tasks to queue
[2026-01-06T15:01:45.245+1100] {logging_mixin.py:188} INFO - [2026-01-06T15:01:45.245+1100] {dagbag.py:545} INFO - Filling up the DagBag from /Users/fionatham/Documents/Projects/vogue_data_pipeline/venv/lib/python3.11/site-packages/airflow/example_dags/example_python_operator.py
[2026-01-06T15:01:45.256+1100] {logging_mixin.py:188} INFO - [2026-01-06T15:01:45.256+1100] {example_python_operator.py:93} WARNING - The virtalenv_python example task requires virtualenv, please install it.
[2026-01-06T15:01:45.257+1100] {processor.py:840} INFO - DAG(s) 'example_python_operator' retrieved from /Users/fionatham/Documents/Projects/vogue_data_pipeline/venv/lib/python3.11/site-packages/airflow/example_dags/example_python_operator.py
[2026-01-06T15:01:45.302+1100] {logging_mixin.py:188} INFO - [2026-01-06T15:01:45.302+1100] {dag.py:3089} INFO - Sync 1 DAGs
[2026-01-06T15:01:45.306+1100] {logging_mixin.py:188} INFO - [2026-01-06T15:01:45.306+1100] {dag.py:3947} INFO - Setting next_dagrun for example_python_operator to None, run_after=None
[2026-01-06T15:01:45.314+1100] {processor.py:183} INFO - Processing /Users/fionatham/Documents/Projects/vogue_data_pipeline/venv/lib/python3.11/site-packages/airflow/example_dags/example_python_operator.py took 0.072 seconds
[2026-01-06T15:03:46.424+1100] {processor.py:161} INFO - Started process (PID=94532) to work on /Users/fionatham/Documents/Projects/vogue_data_pipeline/venv/lib/python3.11/site-packages/airflow/example_dags/example_python_operator.py
[2026-01-06T15:03:46.426+1100] {processor.py:830} INFO - Processing file /Users/fionatham/Documents/Projects/vogue_data_pipeline/venv/lib/python3.11/site-packages/airflow/example_dags/example_python_operator.py for tasks to queue
[2026-01-06T15:03:46.426+1100] {logging_mixin.py:188} INFO - [2026-01-06T15:03:46.426+1100] {dagbag.py:545} INFO - Filling up the DagBag from /Users/fionatham/Documents/Projects/vogue_data_pipeline/venv/lib/python3.11/site-packages/airflow/example_dags/example_python_operator.py
[2026-01-06T15:03:46.437+1100] {logging_mixin.py:188} INFO - [2026-01-06T15:03:46.437+1100] {example_python_operator.py:93} WARNING - The virtalenv_python example task requires virtualenv, please install it.
[2026-01-06T15:03:46.438+1100] {processor.py:840} INFO - DAG(s) 'example_python_operator' retrieved from /Users/fionatham/Documents/Projects/vogue_data_pipeline/venv/lib/python3.11/site-packages/airflow/example_dags/example_python_operator.py
[2026-01-06T15:03:46.484+1100] {logging_mixin.py:188} INFO - [2026-01-06T15:03:46.484+1100] {dag.py:3089} INFO - Sync 1 DAGs
[2026-01-06T15:03:46.489+1100] {logging_mixin.py:188} INFO - [2026-01-06T15:03:46.489+1100] {dag.py:3947} INFO - Setting next_dagrun for example_python_operator to None, run_after=None
[2026-01-06T15:03:46.498+1100] {processor.py:183} INFO - Processing /Users/fionatham/Documents/Projects/vogue_data_pipeline/venv/lib/python3.11/site-packages/airflow/example_dags/example_python_operator.py took 0.075 seconds
[2026-01-06T15:05:44.774+1100] {processor.py:161} INFO - Started process (PID=94627) to work on /Users/fionatham/Documents/Projects/vogue_data_pipeline/venv/lib/python3.11/site-packages/airflow/example_dags/example_python_operator.py
[2026-01-06T15:05:44.776+1100] {processor.py:830} INFO - Processing file /Users/fionatham/Documents/Projects/vogue_data_pipeline/venv/lib/python3.11/site-packages/airflow/example_dags/example_python_operator.py for tasks to queue
[2026-01-06T15:05:44.776+1100] {logging_mixin.py:188} INFO - [2026-01-06T15:05:44.776+1100] {dagbag.py:545} INFO - Filling up the DagBag from /Users/fionatham/Documents/Projects/vogue_data_pipeline/venv/lib/python3.11/site-packages/airflow/example_dags/example_python_operator.py
[2026-01-06T15:05:44.789+1100] {logging_mixin.py:188} INFO - [2026-01-06T15:05:44.789+1100] {example_python_operator.py:93} WARNING - The virtalenv_python example task requires virtualenv, please install it.
[2026-01-06T15:05:44.790+1100] {processor.py:840} INFO - DAG(s) 'example_python_operator' retrieved from /Users/fionatham/Documents/Projects/vogue_data_pipeline/venv/lib/python3.11/site-packages/airflow/example_dags/example_python_operator.py
[2026-01-06T15:05:44.835+1100] {logging_mixin.py:188} INFO - [2026-01-06T15:05:44.835+1100] {dag.py:3089} INFO - Sync 1 DAGs
[2026-01-06T15:05:44.840+1100] {logging_mixin.py:188} INFO - [2026-01-06T15:05:44.840+1100] {dag.py:3947} INFO - Setting next_dagrun for example_python_operator to None, run_after=None
[2026-01-06T15:05:44.848+1100] {processor.py:183} INFO - Processing /Users/fionatham/Documents/Projects/vogue_data_pipeline/venv/lib/python3.11/site-packages/airflow/example_dags/example_python_operator.py took 0.075 seconds
[2026-01-06T15:12:46.038+1100] {processor.py:161} INFO - Started process (PID=95269) to work on /Users/fionatham/Documents/Projects/vogue_data_pipeline/venv/lib/python3.11/site-packages/airflow/example_dags/example_python_operator.py
[2026-01-06T15:12:46.038+1100] {processor.py:830} INFO - Processing file /Users/fionatham/Documents/Projects/vogue_data_pipeline/venv/lib/python3.11/site-packages/airflow/example_dags/example_python_operator.py for tasks to queue
[2026-01-06T15:12:46.039+1100] {logging_mixin.py:188} INFO - [2026-01-06T15:12:46.038+1100] {dagbag.py:545} INFO - Filling up the DagBag from /Users/fionatham/Documents/Projects/vogue_data_pipeline/venv/lib/python3.11/site-packages/airflow/example_dags/example_python_operator.py
[2026-01-06T15:12:46.050+1100] {logging_mixin.py:188} INFO - [2026-01-06T15:12:46.050+1100] {example_python_operator.py:93} WARNING - The virtalenv_python example task requires virtualenv, please install it.
[2026-01-06T15:12:46.051+1100] {processor.py:840} INFO - DAG(s) 'example_python_operator' retrieved from /Users/fionatham/Documents/Projects/vogue_data_pipeline/venv/lib/python3.11/site-packages/airflow/example_dags/example_python_operator.py
[2026-01-06T15:12:46.097+1100] {logging_mixin.py:188} INFO - [2026-01-06T15:12:46.097+1100] {dag.py:3089} INFO - Sync 1 DAGs
[2026-01-06T15:12:46.101+1100] {logging_mixin.py:188} INFO - [2026-01-06T15:12:46.101+1100] {dag.py:3947} INFO - Setting next_dagrun for example_python_operator to None, run_after=None
[2026-01-06T15:12:46.109+1100] {processor.py:183} INFO - Processing /Users/fionatham/Documents/Projects/vogue_data_pipeline/venv/lib/python3.11/site-packages/airflow/example_dags/example_python_operator.py took 0.073 seconds
[2026-01-06T15:14:19.046+1100] {processor.py:161} INFO - Started process (PID=95380) to work on /Users/fionatham/Documents/Projects/vogue_data_pipeline/venv/lib/python3.11/site-packages/airflow/example_dags/example_python_operator.py
[2026-01-06T15:14:19.048+1100] {processor.py:830} INFO - Processing file /Users/fionatham/Documents/Projects/vogue_data_pipeline/venv/lib/python3.11/site-packages/airflow/example_dags/example_python_operator.py for tasks to queue
[2026-01-06T15:14:19.048+1100] {logging_mixin.py:188} INFO - [2026-01-06T15:14:19.048+1100] {dagbag.py:545} INFO - Filling up the DagBag from /Users/fionatham/Documents/Projects/vogue_data_pipeline/venv/lib/python3.11/site-packages/airflow/example_dags/example_python_operator.py
[2026-01-06T15:14:19.059+1100] {logging_mixin.py:188} INFO - [2026-01-06T15:14:19.059+1100] {example_python_operator.py:93} WARNING - The virtalenv_python example task requires virtualenv, please install it.
[2026-01-06T15:14:19.060+1100] {processor.py:840} INFO - DAG(s) 'example_python_operator' retrieved from /Users/fionatham/Documents/Projects/vogue_data_pipeline/venv/lib/python3.11/site-packages/airflow/example_dags/example_python_operator.py
[2026-01-06T15:14:19.102+1100] {logging_mixin.py:188} INFO - [2026-01-06T15:14:19.102+1100] {dag.py:3089} INFO - Sync 1 DAGs
[2026-01-06T15:14:19.106+1100] {logging_mixin.py:188} INFO - [2026-01-06T15:14:19.106+1100] {dag.py:3947} INFO - Setting next_dagrun for example_python_operator to None, run_after=None
[2026-01-06T15:14:19.113+1100] {processor.py:183} INFO - Processing /Users/fionatham/Documents/Projects/vogue_data_pipeline/venv/lib/python3.11/site-packages/airflow/example_dags/example_python_operator.py took 0.068 seconds
[2026-01-06T18:03:46.876+1100] {processor.py:161} INFO - Started process (PID=95585) to work on /Users/fionatham/Documents/Projects/vogue_data_pipeline/venv/lib/python3.11/site-packages/airflow/example_dags/example_python_operator.py
[2026-01-06T18:03:46.876+1100] {processor.py:830} INFO - Processing file /Users/fionatham/Documents/Projects/vogue_data_pipeline/venv/lib/python3.11/site-packages/airflow/example_dags/example_python_operator.py for tasks to queue
[2026-01-06T18:03:46.877+1100] {logging_mixin.py:188} INFO - [2026-01-06T18:03:46.876+1100] {dagbag.py:545} INFO - Filling up the DagBag from /Users/fionatham/Documents/Projects/vogue_data_pipeline/venv/lib/python3.11/site-packages/airflow/example_dags/example_python_operator.py
[2026-01-06T18:03:46.891+1100] {logging_mixin.py:188} INFO - [2026-01-06T18:03:46.891+1100] {example_python_operator.py:93} WARNING - The virtalenv_python example task requires virtualenv, please install it.
[2026-01-06T18:03:46.892+1100] {processor.py:840} INFO - DAG(s) 'example_python_operator' retrieved from /Users/fionatham/Documents/Projects/vogue_data_pipeline/venv/lib/python3.11/site-packages/airflow/example_dags/example_python_operator.py
[2026-01-06T18:03:46.940+1100] {logging_mixin.py:188} INFO - [2026-01-06T18:03:46.940+1100] {dag.py:3089} INFO - Sync 1 DAGs
[2026-01-06T18:03:46.945+1100] {logging_mixin.py:188} INFO - [2026-01-06T18:03:46.945+1100] {dag.py:3947} INFO - Setting next_dagrun for example_python_operator to None, run_after=None
[2026-01-06T18:03:46.953+1100] {processor.py:183} INFO - Processing /Users/fionatham/Documents/Projects/vogue_data_pipeline/venv/lib/python3.11/site-packages/airflow/example_dags/example_python_operator.py took 0.079 seconds
[2026-01-06T20:51:36.139+1100] {processor.py:161} INFO - Started process (PID=95739) to work on /Users/fionatham/Documents/Projects/vogue_data_pipeline/venv/lib/python3.11/site-packages/airflow/example_dags/example_python_operator.py
[2026-01-06T20:51:36.141+1100] {processor.py:830} INFO - Processing file /Users/fionatham/Documents/Projects/vogue_data_pipeline/venv/lib/python3.11/site-packages/airflow/example_dags/example_python_operator.py for tasks to queue
[2026-01-06T20:51:36.141+1100] {logging_mixin.py:188} INFO - [2026-01-06T20:51:36.141+1100] {dagbag.py:545} INFO - Filling up the DagBag from /Users/fionatham/Documents/Projects/vogue_data_pipeline/venv/lib/python3.11/site-packages/airflow/example_dags/example_python_operator.py
[2026-01-06T20:51:36.158+1100] {logging_mixin.py:188} INFO - [2026-01-06T20:51:36.157+1100] {example_python_operator.py:93} WARNING - The virtalenv_python example task requires virtualenv, please install it.
[2026-01-06T20:51:36.160+1100] {processor.py:840} INFO - DAG(s) 'example_python_operator' retrieved from /Users/fionatham/Documents/Projects/vogue_data_pipeline/venv/lib/python3.11/site-packages/airflow/example_dags/example_python_operator.py
[2026-01-06T20:51:36.228+1100] {logging_mixin.py:188} INFO - [2026-01-06T20:51:36.227+1100] {dag.py:3089} INFO - Sync 1 DAGs
[2026-01-06T20:51:36.234+1100] {logging_mixin.py:188} INFO - [2026-01-06T20:51:36.234+1100] {dag.py:3947} INFO - Setting next_dagrun for example_python_operator to None, run_after=None
[2026-01-06T20:51:36.245+1100] {processor.py:183} INFO - Processing /Users/fionatham/Documents/Projects/vogue_data_pipeline/venv/lib/python3.11/site-packages/airflow/example_dags/example_python_operator.py took 0.107 seconds
[2026-01-06T21:36:29.130+1100] {processor.py:161} INFO - Started process (PID=95861) to work on /Users/fionatham/Documents/Projects/vogue_data_pipeline/venv/lib/python3.11/site-packages/airflow/example_dags/example_python_operator.py
[2026-01-06T21:36:29.131+1100] {processor.py:830} INFO - Processing file /Users/fionatham/Documents/Projects/vogue_data_pipeline/venv/lib/python3.11/site-packages/airflow/example_dags/example_python_operator.py for tasks to queue
[2026-01-06T21:36:29.132+1100] {logging_mixin.py:188} INFO - [2026-01-06T21:36:29.131+1100] {dagbag.py:545} INFO - Filling up the DagBag from /Users/fionatham/Documents/Projects/vogue_data_pipeline/venv/lib/python3.11/site-packages/airflow/example_dags/example_python_operator.py
[2026-01-06T21:36:29.142+1100] {logging_mixin.py:188} INFO - [2026-01-06T21:36:29.142+1100] {example_python_operator.py:93} WARNING - The virtalenv_python example task requires virtualenv, please install it.
[2026-01-06T21:36:29.144+1100] {processor.py:840} INFO - DAG(s) 'example_python_operator' retrieved from /Users/fionatham/Documents/Projects/vogue_data_pipeline/venv/lib/python3.11/site-packages/airflow/example_dags/example_python_operator.py
[2026-01-06T21:36:29.187+1100] {logging_mixin.py:188} INFO - [2026-01-06T21:36:29.187+1100] {dag.py:3089} INFO - Sync 1 DAGs
[2026-01-06T21:36:29.192+1100] {logging_mixin.py:188} INFO - [2026-01-06T21:36:29.191+1100] {dag.py:3947} INFO - Setting next_dagrun for example_python_operator to None, run_after=None
[2026-01-06T21:36:29.199+1100] {processor.py:183} INFO - Processing /Users/fionatham/Documents/Projects/vogue_data_pipeline/venv/lib/python3.11/site-packages/airflow/example_dags/example_python_operator.py took 0.071 seconds
[2026-01-06T23:21:32.514+1100] {processor.py:161} INFO - Started process (PID=95983) to work on /Users/fionatham/Documents/Projects/vogue_data_pipeline/venv/lib/python3.11/site-packages/airflow/example_dags/example_python_operator.py
[2026-01-06T23:21:32.515+1100] {processor.py:830} INFO - Processing file /Users/fionatham/Documents/Projects/vogue_data_pipeline/venv/lib/python3.11/site-packages/airflow/example_dags/example_python_operator.py for tasks to queue
[2026-01-06T23:21:32.515+1100] {logging_mixin.py:188} INFO - [2026-01-06T23:21:32.515+1100] {dagbag.py:545} INFO - Filling up the DagBag from /Users/fionatham/Documents/Projects/vogue_data_pipeline/venv/lib/python3.11/site-packages/airflow/example_dags/example_python_operator.py
[2026-01-06T23:21:32.529+1100] {logging_mixin.py:188} INFO - [2026-01-06T23:21:32.529+1100] {example_python_operator.py:93} WARNING - The virtalenv_python example task requires virtualenv, please install it.
[2026-01-06T23:21:32.530+1100] {processor.py:840} INFO - DAG(s) 'example_python_operator' retrieved from /Users/fionatham/Documents/Projects/vogue_data_pipeline/venv/lib/python3.11/site-packages/airflow/example_dags/example_python_operator.py
[2026-01-06T23:21:32.571+1100] {logging_mixin.py:188} INFO - [2026-01-06T23:21:32.571+1100] {dag.py:3089} INFO - Sync 1 DAGs
[2026-01-06T23:21:32.575+1100] {logging_mixin.py:188} INFO - [2026-01-06T23:21:32.575+1100] {dag.py:3947} INFO - Setting next_dagrun for example_python_operator to None, run_after=None
[2026-01-06T23:21:32.581+1100] {processor.py:183} INFO - Processing /Users/fionatham/Documents/Projects/vogue_data_pipeline/venv/lib/python3.11/site-packages/airflow/example_dags/example_python_operator.py took 0.069 seconds
