[2026-01-06T13:57:16.032+1100] {processor.py:161} INFO - Started process (PID=85270) to work on /Users/fionatham/Documents/Projects/vogue_data_pipeline/venv/lib/python3.11/site-packages/airflow/example_dags/example_sensors.py
[2026-01-06T13:57:16.032+1100] {processor.py:830} INFO - Processing file /Users/fionatham/Documents/Projects/vogue_data_pipeline/venv/lib/python3.11/site-packages/airflow/example_dags/example_sensors.py for tasks to queue
[2026-01-06T13:57:16.033+1100] {logging_mixin.py:188} INFO - [2026-01-06T13:57:16.032+1100] {dagbag.py:545} INFO - Filling up the DagBag from /Users/fionatham/Documents/Projects/vogue_data_pipeline/venv/lib/python3.11/site-packages/airflow/example_dags/example_sensors.py
[2026-01-06T13:57:16.038+1100] {processor.py:840} INFO - DAG(s) 'example_sensors' retrieved from /Users/fionatham/Documents/Projects/vogue_data_pipeline/venv/lib/python3.11/site-packages/airflow/example_dags/example_sensors.py
[2026-01-06T13:57:16.154+1100] {logging_mixin.py:188} INFO - [2026-01-06T13:57:16.154+1100] {override.py:1858} INFO - Created Permission View: can edit on DAG:example_sensors
[2026-01-06T13:57:16.158+1100] {logging_mixin.py:188} INFO - [2026-01-06T13:57:16.158+1100] {override.py:1858} INFO - Created Permission View: can delete on DAG:example_sensors
[2026-01-06T13:57:16.160+1100] {logging_mixin.py:188} INFO - [2026-01-06T13:57:16.160+1100] {override.py:1858} INFO - Created Permission View: can read on DAG:example_sensors
[2026-01-06T13:57:16.161+1100] {logging_mixin.py:188} INFO - [2026-01-06T13:57:16.160+1100] {dag.py:3089} INFO - Sync 1 DAGs
[2026-01-06T13:57:16.165+1100] {logging_mixin.py:188} INFO - [2026-01-06T13:57:16.165+1100] {dag.py:3111} INFO - Creating ORM DAG for example_sensors
[2026-01-06T13:57:16.165+1100] {logging_mixin.py:188} INFO - [2026-01-06T13:57:16.165+1100] {dag.py:3947} INFO - Setting next_dagrun for example_sensors to None, run_after=None
[2026-01-06T13:57:16.173+1100] {processor.py:183} INFO - Processing /Users/fionatham/Documents/Projects/vogue_data_pipeline/venv/lib/python3.11/site-packages/airflow/example_dags/example_sensors.py took 0.143 seconds
[2026-01-06T13:58:46.355+1100] {processor.py:161} INFO - Started process (PID=86008) to work on /Users/fionatham/Documents/Projects/vogue_data_pipeline/venv/lib/python3.11/site-packages/airflow/example_dags/example_sensors.py
[2026-01-06T13:58:46.356+1100] {processor.py:830} INFO - Processing file /Users/fionatham/Documents/Projects/vogue_data_pipeline/venv/lib/python3.11/site-packages/airflow/example_dags/example_sensors.py for tasks to queue
[2026-01-06T13:58:46.356+1100] {logging_mixin.py:188} INFO - [2026-01-06T13:58:46.356+1100] {dagbag.py:545} INFO - Filling up the DagBag from /Users/fionatham/Documents/Projects/vogue_data_pipeline/venv/lib/python3.11/site-packages/airflow/example_dags/example_sensors.py
[2026-01-06T13:58:46.362+1100] {processor.py:840} INFO - DAG(s) 'example_sensors' retrieved from /Users/fionatham/Documents/Projects/vogue_data_pipeline/venv/lib/python3.11/site-packages/airflow/example_dags/example_sensors.py
[2026-01-06T13:58:46.411+1100] {logging_mixin.py:188} INFO - [2026-01-06T13:58:46.411+1100] {dag.py:3089} INFO - Sync 1 DAGs
[2026-01-06T13:58:46.415+1100] {logging_mixin.py:188} INFO - [2026-01-06T13:58:46.415+1100] {dag.py:3947} INFO - Setting next_dagrun for example_sensors to None, run_after=None
[2026-01-06T13:58:46.423+1100] {processor.py:183} INFO - Processing /Users/fionatham/Documents/Projects/vogue_data_pipeline/venv/lib/python3.11/site-packages/airflow/example_dags/example_sensors.py took 0.069 seconds
[2026-01-06T14:00:45.956+1100] {processor.py:161} INFO - Started process (PID=86957) to work on /Users/fionatham/Documents/Projects/vogue_data_pipeline/venv/lib/python3.11/site-packages/airflow/example_dags/example_sensors.py
[2026-01-06T14:00:45.957+1100] {processor.py:830} INFO - Processing file /Users/fionatham/Documents/Projects/vogue_data_pipeline/venv/lib/python3.11/site-packages/airflow/example_dags/example_sensors.py for tasks to queue
[2026-01-06T14:00:45.957+1100] {logging_mixin.py:188} INFO - [2026-01-06T14:00:45.957+1100] {dagbag.py:545} INFO - Filling up the DagBag from /Users/fionatham/Documents/Projects/vogue_data_pipeline/venv/lib/python3.11/site-packages/airflow/example_dags/example_sensors.py
[2026-01-06T14:00:45.963+1100] {processor.py:840} INFO - DAG(s) 'example_sensors' retrieved from /Users/fionatham/Documents/Projects/vogue_data_pipeline/venv/lib/python3.11/site-packages/airflow/example_dags/example_sensors.py
[2026-01-06T14:00:46.013+1100] {logging_mixin.py:188} INFO - [2026-01-06T14:00:46.013+1100] {dag.py:3089} INFO - Sync 1 DAGs
[2026-01-06T14:00:46.017+1100] {logging_mixin.py:188} INFO - [2026-01-06T14:00:46.017+1100] {dag.py:3947} INFO - Setting next_dagrun for example_sensors to None, run_after=None
[2026-01-06T14:00:46.027+1100] {processor.py:183} INFO - Processing /Users/fionatham/Documents/Projects/vogue_data_pipeline/venv/lib/python3.11/site-packages/airflow/example_dags/example_sensors.py took 0.072 seconds
[2026-01-06T14:02:48.653+1100] {processor.py:161} INFO - Started process (PID=87163) to work on /Users/fionatham/Documents/Projects/vogue_data_pipeline/venv/lib/python3.11/site-packages/airflow/example_dags/example_sensors.py
[2026-01-06T14:02:48.653+1100] {processor.py:830} INFO - Processing file /Users/fionatham/Documents/Projects/vogue_data_pipeline/venv/lib/python3.11/site-packages/airflow/example_dags/example_sensors.py for tasks to queue
[2026-01-06T14:02:48.654+1100] {logging_mixin.py:188} INFO - [2026-01-06T14:02:48.654+1100] {dagbag.py:545} INFO - Filling up the DagBag from /Users/fionatham/Documents/Projects/vogue_data_pipeline/venv/lib/python3.11/site-packages/airflow/example_dags/example_sensors.py
[2026-01-06T14:02:48.662+1100] {processor.py:840} INFO - DAG(s) 'example_sensors' retrieved from /Users/fionatham/Documents/Projects/vogue_data_pipeline/venv/lib/python3.11/site-packages/airflow/example_dags/example_sensors.py
[2026-01-06T14:02:48.713+1100] {logging_mixin.py:188} INFO - [2026-01-06T14:02:48.712+1100] {dag.py:3089} INFO - Sync 1 DAGs
[2026-01-06T14:02:48.716+1100] {logging_mixin.py:188} INFO - [2026-01-06T14:02:48.716+1100] {dag.py:3947} INFO - Setting next_dagrun for example_sensors to None, run_after=None
[2026-01-06T14:02:48.726+1100] {processor.py:183} INFO - Processing /Users/fionatham/Documents/Projects/vogue_data_pipeline/venv/lib/python3.11/site-packages/airflow/example_dags/example_sensors.py took 0.075 seconds
[2026-01-06T14:04:48.427+1100] {processor.py:161} INFO - Started process (PID=87318) to work on /Users/fionatham/Documents/Projects/vogue_data_pipeline/venv/lib/python3.11/site-packages/airflow/example_dags/example_sensors.py
[2026-01-06T14:04:48.428+1100] {processor.py:830} INFO - Processing file /Users/fionatham/Documents/Projects/vogue_data_pipeline/venv/lib/python3.11/site-packages/airflow/example_dags/example_sensors.py for tasks to queue
[2026-01-06T14:04:48.428+1100] {logging_mixin.py:188} INFO - [2026-01-06T14:04:48.428+1100] {dagbag.py:545} INFO - Filling up the DagBag from /Users/fionatham/Documents/Projects/vogue_data_pipeline/venv/lib/python3.11/site-packages/airflow/example_dags/example_sensors.py
[2026-01-06T14:04:48.440+1100] {processor.py:840} INFO - DAG(s) 'example_sensors' retrieved from /Users/fionatham/Documents/Projects/vogue_data_pipeline/venv/lib/python3.11/site-packages/airflow/example_dags/example_sensors.py
[2026-01-06T14:04:48.494+1100] {logging_mixin.py:188} INFO - [2026-01-06T14:04:48.494+1100] {dag.py:3089} INFO - Sync 1 DAGs
[2026-01-06T14:04:48.498+1100] {logging_mixin.py:188} INFO - [2026-01-06T14:04:48.498+1100] {dag.py:3947} INFO - Setting next_dagrun for example_sensors to None, run_after=None
[2026-01-06T14:04:48.507+1100] {processor.py:183} INFO - Processing /Users/fionatham/Documents/Projects/vogue_data_pipeline/venv/lib/python3.11/site-packages/airflow/example_dags/example_sensors.py took 0.081 seconds
[2026-01-06T14:06:50.295+1100] {processor.py:161} INFO - Started process (PID=87554) to work on /Users/fionatham/Documents/Projects/vogue_data_pipeline/venv/lib/python3.11/site-packages/airflow/example_dags/example_sensors.py
[2026-01-06T14:06:50.296+1100] {processor.py:830} INFO - Processing file /Users/fionatham/Documents/Projects/vogue_data_pipeline/venv/lib/python3.11/site-packages/airflow/example_dags/example_sensors.py for tasks to queue
[2026-01-06T14:06:50.296+1100] {logging_mixin.py:188} INFO - [2026-01-06T14:06:50.296+1100] {dagbag.py:545} INFO - Filling up the DagBag from /Users/fionatham/Documents/Projects/vogue_data_pipeline/venv/lib/python3.11/site-packages/airflow/example_dags/example_sensors.py
[2026-01-06T14:06:50.303+1100] {processor.py:840} INFO - DAG(s) 'example_sensors' retrieved from /Users/fionatham/Documents/Projects/vogue_data_pipeline/venv/lib/python3.11/site-packages/airflow/example_dags/example_sensors.py
[2026-01-06T14:06:50.353+1100] {logging_mixin.py:188} INFO - [2026-01-06T14:06:50.353+1100] {dag.py:3089} INFO - Sync 1 DAGs
[2026-01-06T14:06:50.356+1100] {logging_mixin.py:188} INFO - [2026-01-06T14:06:50.356+1100] {dag.py:3947} INFO - Setting next_dagrun for example_sensors to None, run_after=None
[2026-01-06T14:06:50.364+1100] {processor.py:183} INFO - Processing /Users/fionatham/Documents/Projects/vogue_data_pipeline/venv/lib/python3.11/site-packages/airflow/example_dags/example_sensors.py took 0.070 seconds
[2026-01-06T14:08:46.220+1100] {processor.py:161} INFO - Started process (PID=87679) to work on /Users/fionatham/Documents/Projects/vogue_data_pipeline/venv/lib/python3.11/site-packages/airflow/example_dags/example_sensors.py
[2026-01-06T14:08:46.221+1100] {processor.py:830} INFO - Processing file /Users/fionatham/Documents/Projects/vogue_data_pipeline/venv/lib/python3.11/site-packages/airflow/example_dags/example_sensors.py for tasks to queue
[2026-01-06T14:08:46.221+1100] {logging_mixin.py:188} INFO - [2026-01-06T14:08:46.221+1100] {dagbag.py:545} INFO - Filling up the DagBag from /Users/fionatham/Documents/Projects/vogue_data_pipeline/venv/lib/python3.11/site-packages/airflow/example_dags/example_sensors.py
[2026-01-06T14:08:46.229+1100] {processor.py:840} INFO - DAG(s) 'example_sensors' retrieved from /Users/fionatham/Documents/Projects/vogue_data_pipeline/venv/lib/python3.11/site-packages/airflow/example_dags/example_sensors.py
[2026-01-06T14:08:46.279+1100] {logging_mixin.py:188} INFO - [2026-01-06T14:08:46.279+1100] {dag.py:3089} INFO - Sync 1 DAGs
[2026-01-06T14:08:46.283+1100] {logging_mixin.py:188} INFO - [2026-01-06T14:08:46.283+1100] {dag.py:3947} INFO - Setting next_dagrun for example_sensors to None, run_after=None
[2026-01-06T14:08:46.292+1100] {processor.py:183} INFO - Processing /Users/fionatham/Documents/Projects/vogue_data_pipeline/venv/lib/python3.11/site-packages/airflow/example_dags/example_sensors.py took 0.074 seconds
[2026-01-06T14:10:46.797+1100] {processor.py:161} INFO - Started process (PID=87797) to work on /Users/fionatham/Documents/Projects/vogue_data_pipeline/venv/lib/python3.11/site-packages/airflow/example_dags/example_sensors.py
[2026-01-06T14:10:46.797+1100] {processor.py:830} INFO - Processing file /Users/fionatham/Documents/Projects/vogue_data_pipeline/venv/lib/python3.11/site-packages/airflow/example_dags/example_sensors.py for tasks to queue
[2026-01-06T14:10:46.798+1100] {logging_mixin.py:188} INFO - [2026-01-06T14:10:46.798+1100] {dagbag.py:545} INFO - Filling up the DagBag from /Users/fionatham/Documents/Projects/vogue_data_pipeline/venv/lib/python3.11/site-packages/airflow/example_dags/example_sensors.py
[2026-01-06T14:10:46.806+1100] {processor.py:840} INFO - DAG(s) 'example_sensors' retrieved from /Users/fionatham/Documents/Projects/vogue_data_pipeline/venv/lib/python3.11/site-packages/airflow/example_dags/example_sensors.py
[2026-01-06T14:10:46.858+1100] {logging_mixin.py:188} INFO - [2026-01-06T14:10:46.858+1100] {dag.py:3089} INFO - Sync 1 DAGs
[2026-01-06T14:10:46.862+1100] {logging_mixin.py:188} INFO - [2026-01-06T14:10:46.862+1100] {dag.py:3947} INFO - Setting next_dagrun for example_sensors to None, run_after=None
[2026-01-06T14:10:46.870+1100] {processor.py:183} INFO - Processing /Users/fionatham/Documents/Projects/vogue_data_pipeline/venv/lib/python3.11/site-packages/airflow/example_dags/example_sensors.py took 0.075 seconds
[2026-01-06T14:12:44.235+1100] {processor.py:161} INFO - Started process (PID=87945) to work on /Users/fionatham/Documents/Projects/vogue_data_pipeline/venv/lib/python3.11/site-packages/airflow/example_dags/example_sensors.py
[2026-01-06T14:12:44.235+1100] {processor.py:830} INFO - Processing file /Users/fionatham/Documents/Projects/vogue_data_pipeline/venv/lib/python3.11/site-packages/airflow/example_dags/example_sensors.py for tasks to queue
[2026-01-06T14:12:44.236+1100] {logging_mixin.py:188} INFO - [2026-01-06T14:12:44.235+1100] {dagbag.py:545} INFO - Filling up the DagBag from /Users/fionatham/Documents/Projects/vogue_data_pipeline/venv/lib/python3.11/site-packages/airflow/example_dags/example_sensors.py
[2026-01-06T14:12:44.244+1100] {processor.py:840} INFO - DAG(s) 'example_sensors' retrieved from /Users/fionatham/Documents/Projects/vogue_data_pipeline/venv/lib/python3.11/site-packages/airflow/example_dags/example_sensors.py
[2026-01-06T14:12:44.296+1100] {logging_mixin.py:188} INFO - [2026-01-06T14:12:44.295+1100] {dag.py:3089} INFO - Sync 1 DAGs
[2026-01-06T14:12:44.299+1100] {logging_mixin.py:188} INFO - [2026-01-06T14:12:44.299+1100] {dag.py:3947} INFO - Setting next_dagrun for example_sensors to None, run_after=None
[2026-01-06T14:12:44.308+1100] {processor.py:183} INFO - Processing /Users/fionatham/Documents/Projects/vogue_data_pipeline/venv/lib/python3.11/site-packages/airflow/example_dags/example_sensors.py took 0.075 seconds
[2026-01-06T14:14:54.252+1100] {processor.py:161} INFO - Started process (PID=88643) to work on /Users/fionatham/Documents/Projects/vogue_data_pipeline/venv/lib/python3.11/site-packages/airflow/example_dags/example_sensors.py
[2026-01-06T14:14:54.252+1100] {processor.py:830} INFO - Processing file /Users/fionatham/Documents/Projects/vogue_data_pipeline/venv/lib/python3.11/site-packages/airflow/example_dags/example_sensors.py for tasks to queue
[2026-01-06T14:14:54.253+1100] {logging_mixin.py:188} INFO - [2026-01-06T14:14:54.252+1100] {dagbag.py:545} INFO - Filling up the DagBag from /Users/fionatham/Documents/Projects/vogue_data_pipeline/venv/lib/python3.11/site-packages/airflow/example_dags/example_sensors.py
[2026-01-06T14:14:54.259+1100] {processor.py:840} INFO - DAG(s) 'example_sensors' retrieved from /Users/fionatham/Documents/Projects/vogue_data_pipeline/venv/lib/python3.11/site-packages/airflow/example_dags/example_sensors.py
[2026-01-06T14:14:54.311+1100] {logging_mixin.py:188} INFO - [2026-01-06T14:14:54.310+1100] {dag.py:3089} INFO - Sync 1 DAGs
[2026-01-06T14:14:54.314+1100] {logging_mixin.py:188} INFO - [2026-01-06T14:14:54.314+1100] {dag.py:3947} INFO - Setting next_dagrun for example_sensors to None, run_after=None
[2026-01-06T14:14:54.326+1100] {processor.py:183} INFO - Processing /Users/fionatham/Documents/Projects/vogue_data_pipeline/venv/lib/python3.11/site-packages/airflow/example_dags/example_sensors.py took 0.077 seconds
[2026-01-06T14:16:46.496+1100] {processor.py:161} INFO - Started process (PID=89268) to work on /Users/fionatham/Documents/Projects/vogue_data_pipeline/venv/lib/python3.11/site-packages/airflow/example_dags/example_sensors.py
[2026-01-06T14:16:46.496+1100] {processor.py:830} INFO - Processing file /Users/fionatham/Documents/Projects/vogue_data_pipeline/venv/lib/python3.11/site-packages/airflow/example_dags/example_sensors.py for tasks to queue
[2026-01-06T14:16:46.497+1100] {logging_mixin.py:188} INFO - [2026-01-06T14:16:46.497+1100] {dagbag.py:545} INFO - Filling up the DagBag from /Users/fionatham/Documents/Projects/vogue_data_pipeline/venv/lib/python3.11/site-packages/airflow/example_dags/example_sensors.py
[2026-01-06T14:16:46.502+1100] {processor.py:840} INFO - DAG(s) 'example_sensors' retrieved from /Users/fionatham/Documents/Projects/vogue_data_pipeline/venv/lib/python3.11/site-packages/airflow/example_dags/example_sensors.py
[2026-01-06T14:16:46.552+1100] {logging_mixin.py:188} INFO - [2026-01-06T14:16:46.551+1100] {dag.py:3089} INFO - Sync 1 DAGs
[2026-01-06T14:16:46.555+1100] {logging_mixin.py:188} INFO - [2026-01-06T14:16:46.555+1100] {dag.py:3947} INFO - Setting next_dagrun for example_sensors to None, run_after=None
[2026-01-06T14:16:46.563+1100] {processor.py:183} INFO - Processing /Users/fionatham/Documents/Projects/vogue_data_pipeline/venv/lib/python3.11/site-packages/airflow/example_dags/example_sensors.py took 0.068 seconds
[2026-01-06T14:18:43.594+1100] {processor.py:161} INFO - Started process (PID=89749) to work on /Users/fionatham/Documents/Projects/vogue_data_pipeline/venv/lib/python3.11/site-packages/airflow/example_dags/example_sensors.py
[2026-01-06T14:18:43.594+1100] {processor.py:830} INFO - Processing file /Users/fionatham/Documents/Projects/vogue_data_pipeline/venv/lib/python3.11/site-packages/airflow/example_dags/example_sensors.py for tasks to queue
[2026-01-06T14:18:43.595+1100] {logging_mixin.py:188} INFO - [2026-01-06T14:18:43.594+1100] {dagbag.py:545} INFO - Filling up the DagBag from /Users/fionatham/Documents/Projects/vogue_data_pipeline/venv/lib/python3.11/site-packages/airflow/example_dags/example_sensors.py
[2026-01-06T14:18:43.600+1100] {processor.py:840} INFO - DAG(s) 'example_sensors' retrieved from /Users/fionatham/Documents/Projects/vogue_data_pipeline/venv/lib/python3.11/site-packages/airflow/example_dags/example_sensors.py
[2026-01-06T14:18:43.650+1100] {logging_mixin.py:188} INFO - [2026-01-06T14:18:43.650+1100] {dag.py:3089} INFO - Sync 1 DAGs
[2026-01-06T14:18:43.654+1100] {logging_mixin.py:188} INFO - [2026-01-06T14:18:43.654+1100] {dag.py:3947} INFO - Setting next_dagrun for example_sensors to None, run_after=None
[2026-01-06T14:18:43.661+1100] {processor.py:183} INFO - Processing /Users/fionatham/Documents/Projects/vogue_data_pipeline/venv/lib/python3.11/site-packages/airflow/example_dags/example_sensors.py took 0.069 seconds
[2026-01-06T14:20:46.478+1100] {processor.py:161} INFO - Started process (PID=89996) to work on /Users/fionatham/Documents/Projects/vogue_data_pipeline/venv/lib/python3.11/site-packages/airflow/example_dags/example_sensors.py
[2026-01-06T14:20:46.479+1100] {processor.py:830} INFO - Processing file /Users/fionatham/Documents/Projects/vogue_data_pipeline/venv/lib/python3.11/site-packages/airflow/example_dags/example_sensors.py for tasks to queue
[2026-01-06T14:20:46.479+1100] {logging_mixin.py:188} INFO - [2026-01-06T14:20:46.479+1100] {dagbag.py:545} INFO - Filling up the DagBag from /Users/fionatham/Documents/Projects/vogue_data_pipeline/venv/lib/python3.11/site-packages/airflow/example_dags/example_sensors.py
[2026-01-06T14:20:46.486+1100] {processor.py:840} INFO - DAG(s) 'example_sensors' retrieved from /Users/fionatham/Documents/Projects/vogue_data_pipeline/venv/lib/python3.11/site-packages/airflow/example_dags/example_sensors.py
[2026-01-06T14:20:46.538+1100] {logging_mixin.py:188} INFO - [2026-01-06T14:20:46.538+1100] {dag.py:3089} INFO - Sync 1 DAGs
[2026-01-06T14:20:46.542+1100] {logging_mixin.py:188} INFO - [2026-01-06T14:20:46.542+1100] {dag.py:3947} INFO - Setting next_dagrun for example_sensors to None, run_after=None
[2026-01-06T14:20:46.549+1100] {processor.py:183} INFO - Processing /Users/fionatham/Documents/Projects/vogue_data_pipeline/venv/lib/python3.11/site-packages/airflow/example_dags/example_sensors.py took 0.072 seconds
[2026-01-06T14:22:47.075+1100] {processor.py:161} INFO - Started process (PID=90087) to work on /Users/fionatham/Documents/Projects/vogue_data_pipeline/venv/lib/python3.11/site-packages/airflow/example_dags/example_sensors.py
[2026-01-06T14:22:47.075+1100] {processor.py:830} INFO - Processing file /Users/fionatham/Documents/Projects/vogue_data_pipeline/venv/lib/python3.11/site-packages/airflow/example_dags/example_sensors.py for tasks to queue
[2026-01-06T14:22:47.075+1100] {logging_mixin.py:188} INFO - [2026-01-06T14:22:47.075+1100] {dagbag.py:545} INFO - Filling up the DagBag from /Users/fionatham/Documents/Projects/vogue_data_pipeline/venv/lib/python3.11/site-packages/airflow/example_dags/example_sensors.py
[2026-01-06T14:22:47.082+1100] {processor.py:840} INFO - DAG(s) 'example_sensors' retrieved from /Users/fionatham/Documents/Projects/vogue_data_pipeline/venv/lib/python3.11/site-packages/airflow/example_dags/example_sensors.py
[2026-01-06T14:22:47.130+1100] {logging_mixin.py:188} INFO - [2026-01-06T14:22:47.130+1100] {dag.py:3089} INFO - Sync 1 DAGs
[2026-01-06T14:22:47.133+1100] {logging_mixin.py:188} INFO - [2026-01-06T14:22:47.133+1100] {dag.py:3947} INFO - Setting next_dagrun for example_sensors to None, run_after=None
[2026-01-06T14:22:47.141+1100] {processor.py:183} INFO - Processing /Users/fionatham/Documents/Projects/vogue_data_pipeline/venv/lib/python3.11/site-packages/airflow/example_dags/example_sensors.py took 0.067 seconds
[2026-01-06T14:24:32.519+1100] {processor.py:161} INFO - Started process (PID=90177) to work on /Users/fionatham/Documents/Projects/vogue_data_pipeline/venv/lib/python3.11/site-packages/airflow/example_dags/example_sensors.py
[2026-01-06T14:24:32.520+1100] {processor.py:830} INFO - Processing file /Users/fionatham/Documents/Projects/vogue_data_pipeline/venv/lib/python3.11/site-packages/airflow/example_dags/example_sensors.py for tasks to queue
[2026-01-06T14:24:32.520+1100] {logging_mixin.py:188} INFO - [2026-01-06T14:24:32.520+1100] {dagbag.py:545} INFO - Filling up the DagBag from /Users/fionatham/Documents/Projects/vogue_data_pipeline/venv/lib/python3.11/site-packages/airflow/example_dags/example_sensors.py
[2026-01-06T14:24:32.528+1100] {processor.py:840} INFO - DAG(s) 'example_sensors' retrieved from /Users/fionatham/Documents/Projects/vogue_data_pipeline/venv/lib/python3.11/site-packages/airflow/example_dags/example_sensors.py
[2026-01-06T14:24:32.578+1100] {logging_mixin.py:188} INFO - [2026-01-06T14:24:32.578+1100] {dag.py:3089} INFO - Sync 1 DAGs
[2026-01-06T14:24:32.582+1100] {logging_mixin.py:188} INFO - [2026-01-06T14:24:32.582+1100] {dag.py:3947} INFO - Setting next_dagrun for example_sensors to None, run_after=None
[2026-01-06T14:24:32.591+1100] {processor.py:183} INFO - Processing /Users/fionatham/Documents/Projects/vogue_data_pipeline/venv/lib/python3.11/site-packages/airflow/example_dags/example_sensors.py took 0.073 seconds
[2026-01-06T14:26:26.139+1100] {processor.py:161} INFO - Started process (PID=90476) to work on /Users/fionatham/Documents/Projects/vogue_data_pipeline/venv/lib/python3.11/site-packages/airflow/example_dags/example_sensors.py
[2026-01-06T14:26:26.140+1100] {processor.py:830} INFO - Processing file /Users/fionatham/Documents/Projects/vogue_data_pipeline/venv/lib/python3.11/site-packages/airflow/example_dags/example_sensors.py for tasks to queue
[2026-01-06T14:26:26.140+1100] {logging_mixin.py:188} INFO - [2026-01-06T14:26:26.140+1100] {dagbag.py:545} INFO - Filling up the DagBag from /Users/fionatham/Documents/Projects/vogue_data_pipeline/venv/lib/python3.11/site-packages/airflow/example_dags/example_sensors.py
[2026-01-06T14:26:26.147+1100] {processor.py:840} INFO - DAG(s) 'example_sensors' retrieved from /Users/fionatham/Documents/Projects/vogue_data_pipeline/venv/lib/python3.11/site-packages/airflow/example_dags/example_sensors.py
[2026-01-06T14:26:26.198+1100] {logging_mixin.py:188} INFO - [2026-01-06T14:26:26.198+1100] {dag.py:3089} INFO - Sync 1 DAGs
[2026-01-06T14:26:26.201+1100] {logging_mixin.py:188} INFO - [2026-01-06T14:26:26.201+1100] {dag.py:3947} INFO - Setting next_dagrun for example_sensors to None, run_after=None
[2026-01-06T14:26:26.209+1100] {processor.py:183} INFO - Processing /Users/fionatham/Documents/Projects/vogue_data_pipeline/venv/lib/python3.11/site-packages/airflow/example_dags/example_sensors.py took 0.071 seconds
[2026-01-06T14:28:24.026+1100] {processor.py:161} INFO - Started process (PID=90806) to work on /Users/fionatham/Documents/Projects/vogue_data_pipeline/venv/lib/python3.11/site-packages/airflow/example_dags/example_sensors.py
[2026-01-06T14:28:24.028+1100] {processor.py:830} INFO - Processing file /Users/fionatham/Documents/Projects/vogue_data_pipeline/venv/lib/python3.11/site-packages/airflow/example_dags/example_sensors.py for tasks to queue
[2026-01-06T14:28:24.028+1100] {logging_mixin.py:188} INFO - [2026-01-06T14:28:24.028+1100] {dagbag.py:545} INFO - Filling up the DagBag from /Users/fionatham/Documents/Projects/vogue_data_pipeline/venv/lib/python3.11/site-packages/airflow/example_dags/example_sensors.py
[2026-01-06T14:28:24.034+1100] {processor.py:840} INFO - DAG(s) 'example_sensors' retrieved from /Users/fionatham/Documents/Projects/vogue_data_pipeline/venv/lib/python3.11/site-packages/airflow/example_dags/example_sensors.py
[2026-01-06T14:28:24.083+1100] {logging_mixin.py:188} INFO - [2026-01-06T14:28:24.083+1100] {dag.py:3089} INFO - Sync 1 DAGs
[2026-01-06T14:28:24.087+1100] {logging_mixin.py:188} INFO - [2026-01-06T14:28:24.087+1100] {dag.py:3947} INFO - Setting next_dagrun for example_sensors to None, run_after=None
[2026-01-06T14:28:24.094+1100] {processor.py:183} INFO - Processing /Users/fionatham/Documents/Projects/vogue_data_pipeline/venv/lib/python3.11/site-packages/airflow/example_dags/example_sensors.py took 0.069 seconds
[2026-01-06T14:30:28.373+1100] {processor.py:161} INFO - Started process (PID=91557) to work on /Users/fionatham/Documents/Projects/vogue_data_pipeline/venv/lib/python3.11/site-packages/airflow/example_dags/example_sensors.py
[2026-01-06T14:30:28.373+1100] {processor.py:830} INFO - Processing file /Users/fionatham/Documents/Projects/vogue_data_pipeline/venv/lib/python3.11/site-packages/airflow/example_dags/example_sensors.py for tasks to queue
[2026-01-06T14:30:28.374+1100] {logging_mixin.py:188} INFO - [2026-01-06T14:30:28.374+1100] {dagbag.py:545} INFO - Filling up the DagBag from /Users/fionatham/Documents/Projects/vogue_data_pipeline/venv/lib/python3.11/site-packages/airflow/example_dags/example_sensors.py
[2026-01-06T14:30:28.380+1100] {processor.py:840} INFO - DAG(s) 'example_sensors' retrieved from /Users/fionatham/Documents/Projects/vogue_data_pipeline/venv/lib/python3.11/site-packages/airflow/example_dags/example_sensors.py
[2026-01-06T14:30:28.429+1100] {logging_mixin.py:188} INFO - [2026-01-06T14:30:28.429+1100] {dag.py:3089} INFO - Sync 1 DAGs
[2026-01-06T14:30:28.433+1100] {logging_mixin.py:188} INFO - [2026-01-06T14:30:28.433+1100] {dag.py:3947} INFO - Setting next_dagrun for example_sensors to None, run_after=None
[2026-01-06T14:30:28.441+1100] {processor.py:183} INFO - Processing /Users/fionatham/Documents/Projects/vogue_data_pipeline/venv/lib/python3.11/site-packages/airflow/example_dags/example_sensors.py took 0.069 seconds
[2026-01-06T14:32:25.774+1100] {processor.py:161} INFO - Started process (PID=92099) to work on /Users/fionatham/Documents/Projects/vogue_data_pipeline/venv/lib/python3.11/site-packages/airflow/example_dags/example_sensors.py
[2026-01-06T14:32:25.775+1100] {processor.py:830} INFO - Processing file /Users/fionatham/Documents/Projects/vogue_data_pipeline/venv/lib/python3.11/site-packages/airflow/example_dags/example_sensors.py for tasks to queue
[2026-01-06T14:32:25.775+1100] {logging_mixin.py:188} INFO - [2026-01-06T14:32:25.775+1100] {dagbag.py:545} INFO - Filling up the DagBag from /Users/fionatham/Documents/Projects/vogue_data_pipeline/venv/lib/python3.11/site-packages/airflow/example_dags/example_sensors.py
[2026-01-06T14:32:25.785+1100] {processor.py:840} INFO - DAG(s) 'example_sensors' retrieved from /Users/fionatham/Documents/Projects/vogue_data_pipeline/venv/lib/python3.11/site-packages/airflow/example_dags/example_sensors.py
[2026-01-06T14:32:25.838+1100] {logging_mixin.py:188} INFO - [2026-01-06T14:32:25.838+1100] {dag.py:3089} INFO - Sync 1 DAGs
[2026-01-06T14:32:25.842+1100] {logging_mixin.py:188} INFO - [2026-01-06T14:32:25.842+1100] {dag.py:3947} INFO - Setting next_dagrun for example_sensors to None, run_after=None
[2026-01-06T14:32:25.851+1100] {processor.py:183} INFO - Processing /Users/fionatham/Documents/Projects/vogue_data_pipeline/venv/lib/python3.11/site-packages/airflow/example_dags/example_sensors.py took 0.080 seconds
[2026-01-06T14:34:21.187+1100] {processor.py:161} INFO - Started process (PID=92325) to work on /Users/fionatham/Documents/Projects/vogue_data_pipeline/venv/lib/python3.11/site-packages/airflow/example_dags/example_sensors.py
[2026-01-06T14:34:21.189+1100] {processor.py:830} INFO - Processing file /Users/fionatham/Documents/Projects/vogue_data_pipeline/venv/lib/python3.11/site-packages/airflow/example_dags/example_sensors.py for tasks to queue
[2026-01-06T14:34:21.189+1100] {logging_mixin.py:188} INFO - [2026-01-06T14:34:21.189+1100] {dagbag.py:545} INFO - Filling up the DagBag from /Users/fionatham/Documents/Projects/vogue_data_pipeline/venv/lib/python3.11/site-packages/airflow/example_dags/example_sensors.py
[2026-01-06T14:34:21.196+1100] {processor.py:840} INFO - DAG(s) 'example_sensors' retrieved from /Users/fionatham/Documents/Projects/vogue_data_pipeline/venv/lib/python3.11/site-packages/airflow/example_dags/example_sensors.py
[2026-01-06T14:34:21.244+1100] {logging_mixin.py:188} INFO - [2026-01-06T14:34:21.244+1100] {dag.py:3089} INFO - Sync 1 DAGs
[2026-01-06T14:34:21.247+1100] {logging_mixin.py:188} INFO - [2026-01-06T14:34:21.247+1100] {dag.py:3947} INFO - Setting next_dagrun for example_sensors to None, run_after=None
[2026-01-06T14:34:21.254+1100] {processor.py:183} INFO - Processing /Users/fionatham/Documents/Projects/vogue_data_pipeline/venv/lib/python3.11/site-packages/airflow/example_dags/example_sensors.py took 0.068 seconds
[2026-01-06T14:36:20.415+1100] {processor.py:161} INFO - Started process (PID=92582) to work on /Users/fionatham/Documents/Projects/vogue_data_pipeline/venv/lib/python3.11/site-packages/airflow/example_dags/example_sensors.py
[2026-01-06T14:36:20.415+1100] {processor.py:830} INFO - Processing file /Users/fionatham/Documents/Projects/vogue_data_pipeline/venv/lib/python3.11/site-packages/airflow/example_dags/example_sensors.py for tasks to queue
[2026-01-06T14:36:20.416+1100] {logging_mixin.py:188} INFO - [2026-01-06T14:36:20.416+1100] {dagbag.py:545} INFO - Filling up the DagBag from /Users/fionatham/Documents/Projects/vogue_data_pipeline/venv/lib/python3.11/site-packages/airflow/example_dags/example_sensors.py
[2026-01-06T14:36:20.425+1100] {processor.py:840} INFO - DAG(s) 'example_sensors' retrieved from /Users/fionatham/Documents/Projects/vogue_data_pipeline/venv/lib/python3.11/site-packages/airflow/example_dags/example_sensors.py
[2026-01-06T14:36:20.483+1100] {logging_mixin.py:188} INFO - [2026-01-06T14:36:20.483+1100] {dag.py:3089} INFO - Sync 1 DAGs
[2026-01-06T14:36:20.487+1100] {logging_mixin.py:188} INFO - [2026-01-06T14:36:20.487+1100] {dag.py:3947} INFO - Setting next_dagrun for example_sensors to None, run_after=None
[2026-01-06T14:36:20.497+1100] {processor.py:183} INFO - Processing /Users/fionatham/Documents/Projects/vogue_data_pipeline/venv/lib/python3.11/site-packages/airflow/example_dags/example_sensors.py took 0.084 seconds
[2026-01-06T14:38:23.822+1100] {processor.py:161} INFO - Started process (PID=92836) to work on /Users/fionatham/Documents/Projects/vogue_data_pipeline/venv/lib/python3.11/site-packages/airflow/example_dags/example_sensors.py
[2026-01-06T14:38:23.823+1100] {processor.py:830} INFO - Processing file /Users/fionatham/Documents/Projects/vogue_data_pipeline/venv/lib/python3.11/site-packages/airflow/example_dags/example_sensors.py for tasks to queue
[2026-01-06T14:38:23.823+1100] {logging_mixin.py:188} INFO - [2026-01-06T14:38:23.823+1100] {dagbag.py:545} INFO - Filling up the DagBag from /Users/fionatham/Documents/Projects/vogue_data_pipeline/venv/lib/python3.11/site-packages/airflow/example_dags/example_sensors.py
[2026-01-06T14:38:23.831+1100] {processor.py:840} INFO - DAG(s) 'example_sensors' retrieved from /Users/fionatham/Documents/Projects/vogue_data_pipeline/venv/lib/python3.11/site-packages/airflow/example_dags/example_sensors.py
[2026-01-06T14:38:23.882+1100] {logging_mixin.py:188} INFO - [2026-01-06T14:38:23.882+1100] {dag.py:3089} INFO - Sync 1 DAGs
[2026-01-06T14:38:23.886+1100] {logging_mixin.py:188} INFO - [2026-01-06T14:38:23.886+1100] {dag.py:3947} INFO - Setting next_dagrun for example_sensors to None, run_after=None
[2026-01-06T14:38:23.894+1100] {processor.py:183} INFO - Processing /Users/fionatham/Documents/Projects/vogue_data_pipeline/venv/lib/python3.11/site-packages/airflow/example_dags/example_sensors.py took 0.073 seconds
[2026-01-06T14:40:18.849+1100] {processor.py:161} INFO - Started process (PID=92928) to work on /Users/fionatham/Documents/Projects/vogue_data_pipeline/venv/lib/python3.11/site-packages/airflow/example_dags/example_sensors.py
[2026-01-06T14:40:18.850+1100] {processor.py:830} INFO - Processing file /Users/fionatham/Documents/Projects/vogue_data_pipeline/venv/lib/python3.11/site-packages/airflow/example_dags/example_sensors.py for tasks to queue
[2026-01-06T14:40:18.850+1100] {logging_mixin.py:188} INFO - [2026-01-06T14:40:18.850+1100] {dagbag.py:545} INFO - Filling up the DagBag from /Users/fionatham/Documents/Projects/vogue_data_pipeline/venv/lib/python3.11/site-packages/airflow/example_dags/example_sensors.py
[2026-01-06T14:40:18.857+1100] {processor.py:840} INFO - DAG(s) 'example_sensors' retrieved from /Users/fionatham/Documents/Projects/vogue_data_pipeline/venv/lib/python3.11/site-packages/airflow/example_dags/example_sensors.py
[2026-01-06T14:40:18.908+1100] {logging_mixin.py:188} INFO - [2026-01-06T14:40:18.907+1100] {dag.py:3089} INFO - Sync 1 DAGs
[2026-01-06T14:40:18.912+1100] {logging_mixin.py:188} INFO - [2026-01-06T14:40:18.911+1100] {dag.py:3947} INFO - Setting next_dagrun for example_sensors to None, run_after=None
[2026-01-06T14:40:18.919+1100] {processor.py:183} INFO - Processing /Users/fionatham/Documents/Projects/vogue_data_pipeline/venv/lib/python3.11/site-packages/airflow/example_dags/example_sensors.py took 0.072 seconds
[2026-01-06T14:42:12.093+1100] {processor.py:161} INFO - Started process (PID=93008) to work on /Users/fionatham/Documents/Projects/vogue_data_pipeline/venv/lib/python3.11/site-packages/airflow/example_dags/example_sensors.py
[2026-01-06T14:42:12.095+1100] {processor.py:830} INFO - Processing file /Users/fionatham/Documents/Projects/vogue_data_pipeline/venv/lib/python3.11/site-packages/airflow/example_dags/example_sensors.py for tasks to queue
[2026-01-06T14:42:12.095+1100] {logging_mixin.py:188} INFO - [2026-01-06T14:42:12.095+1100] {dagbag.py:545} INFO - Filling up the DagBag from /Users/fionatham/Documents/Projects/vogue_data_pipeline/venv/lib/python3.11/site-packages/airflow/example_dags/example_sensors.py
[2026-01-06T14:42:12.102+1100] {processor.py:840} INFO - DAG(s) 'example_sensors' retrieved from /Users/fionatham/Documents/Projects/vogue_data_pipeline/venv/lib/python3.11/site-packages/airflow/example_dags/example_sensors.py
[2026-01-06T14:42:12.151+1100] {logging_mixin.py:188} INFO - [2026-01-06T14:42:12.151+1100] {dag.py:3089} INFO - Sync 1 DAGs
[2026-01-06T14:42:12.155+1100] {logging_mixin.py:188} INFO - [2026-01-06T14:42:12.154+1100] {dag.py:3947} INFO - Setting next_dagrun for example_sensors to None, run_after=None
[2026-01-06T14:42:12.162+1100] {processor.py:183} INFO - Processing /Users/fionatham/Documents/Projects/vogue_data_pipeline/venv/lib/python3.11/site-packages/airflow/example_dags/example_sensors.py took 0.071 seconds
[2026-01-06T14:44:07.977+1100] {processor.py:161} INFO - Started process (PID=93086) to work on /Users/fionatham/Documents/Projects/vogue_data_pipeline/venv/lib/python3.11/site-packages/airflow/example_dags/example_sensors.py
[2026-01-06T14:44:07.978+1100] {processor.py:830} INFO - Processing file /Users/fionatham/Documents/Projects/vogue_data_pipeline/venv/lib/python3.11/site-packages/airflow/example_dags/example_sensors.py for tasks to queue
[2026-01-06T14:44:07.978+1100] {logging_mixin.py:188} INFO - [2026-01-06T14:44:07.978+1100] {dagbag.py:545} INFO - Filling up the DagBag from /Users/fionatham/Documents/Projects/vogue_data_pipeline/venv/lib/python3.11/site-packages/airflow/example_dags/example_sensors.py
[2026-01-06T14:44:07.985+1100] {processor.py:840} INFO - DAG(s) 'example_sensors' retrieved from /Users/fionatham/Documents/Projects/vogue_data_pipeline/venv/lib/python3.11/site-packages/airflow/example_dags/example_sensors.py
[2026-01-06T14:44:08.032+1100] {logging_mixin.py:188} INFO - [2026-01-06T14:44:08.032+1100] {dag.py:3089} INFO - Sync 1 DAGs
[2026-01-06T14:44:08.036+1100] {logging_mixin.py:188} INFO - [2026-01-06T14:44:08.036+1100] {dag.py:3947} INFO - Setting next_dagrun for example_sensors to None, run_after=None
[2026-01-06T14:44:08.043+1100] {processor.py:183} INFO - Processing /Users/fionatham/Documents/Projects/vogue_data_pipeline/venv/lib/python3.11/site-packages/airflow/example_dags/example_sensors.py took 0.067 seconds
[2026-01-06T14:46:04.255+1100] {processor.py:161} INFO - Started process (PID=93167) to work on /Users/fionatham/Documents/Projects/vogue_data_pipeline/venv/lib/python3.11/site-packages/airflow/example_dags/example_sensors.py
[2026-01-06T14:46:04.255+1100] {processor.py:830} INFO - Processing file /Users/fionatham/Documents/Projects/vogue_data_pipeline/venv/lib/python3.11/site-packages/airflow/example_dags/example_sensors.py for tasks to queue
[2026-01-06T14:46:04.256+1100] {logging_mixin.py:188} INFO - [2026-01-06T14:46:04.255+1100] {dagbag.py:545} INFO - Filling up the DagBag from /Users/fionatham/Documents/Projects/vogue_data_pipeline/venv/lib/python3.11/site-packages/airflow/example_dags/example_sensors.py
[2026-01-06T14:46:04.263+1100] {processor.py:840} INFO - DAG(s) 'example_sensors' retrieved from /Users/fionatham/Documents/Projects/vogue_data_pipeline/venv/lib/python3.11/site-packages/airflow/example_dags/example_sensors.py
[2026-01-06T14:46:04.311+1100] {logging_mixin.py:188} INFO - [2026-01-06T14:46:04.310+1100] {dag.py:3089} INFO - Sync 1 DAGs
[2026-01-06T14:46:04.314+1100] {logging_mixin.py:188} INFO - [2026-01-06T14:46:04.314+1100] {dag.py:3947} INFO - Setting next_dagrun for example_sensors to None, run_after=None
[2026-01-06T14:46:04.321+1100] {processor.py:183} INFO - Processing /Users/fionatham/Documents/Projects/vogue_data_pipeline/venv/lib/python3.11/site-packages/airflow/example_dags/example_sensors.py took 0.068 seconds
[2026-01-06T14:48:01.145+1100] {processor.py:161} INFO - Started process (PID=93249) to work on /Users/fionatham/Documents/Projects/vogue_data_pipeline/venv/lib/python3.11/site-packages/airflow/example_dags/example_sensors.py
[2026-01-06T14:48:01.146+1100] {processor.py:830} INFO - Processing file /Users/fionatham/Documents/Projects/vogue_data_pipeline/venv/lib/python3.11/site-packages/airflow/example_dags/example_sensors.py for tasks to queue
[2026-01-06T14:48:01.146+1100] {logging_mixin.py:188} INFO - [2026-01-06T14:48:01.146+1100] {dagbag.py:545} INFO - Filling up the DagBag from /Users/fionatham/Documents/Projects/vogue_data_pipeline/venv/lib/python3.11/site-packages/airflow/example_dags/example_sensors.py
[2026-01-06T14:48:01.153+1100] {processor.py:840} INFO - DAG(s) 'example_sensors' retrieved from /Users/fionatham/Documents/Projects/vogue_data_pipeline/venv/lib/python3.11/site-packages/airflow/example_dags/example_sensors.py
[2026-01-06T14:48:01.203+1100] {logging_mixin.py:188} INFO - [2026-01-06T14:48:01.203+1100] {dag.py:3089} INFO - Sync 1 DAGs
[2026-01-06T14:48:01.207+1100] {logging_mixin.py:188} INFO - [2026-01-06T14:48:01.207+1100] {dag.py:3947} INFO - Setting next_dagrun for example_sensors to None, run_after=None
[2026-01-06T14:48:01.215+1100] {processor.py:183} INFO - Processing /Users/fionatham/Documents/Projects/vogue_data_pipeline/venv/lib/python3.11/site-packages/airflow/example_dags/example_sensors.py took 0.071 seconds
[2026-01-06T14:50:02.500+1100] {processor.py:161} INFO - Started process (PID=93354) to work on /Users/fionatham/Documents/Projects/vogue_data_pipeline/venv/lib/python3.11/site-packages/airflow/example_dags/example_sensors.py
[2026-01-06T14:50:02.501+1100] {processor.py:830} INFO - Processing file /Users/fionatham/Documents/Projects/vogue_data_pipeline/venv/lib/python3.11/site-packages/airflow/example_dags/example_sensors.py for tasks to queue
[2026-01-06T14:50:02.501+1100] {logging_mixin.py:188} INFO - [2026-01-06T14:50:02.501+1100] {dagbag.py:545} INFO - Filling up the DagBag from /Users/fionatham/Documents/Projects/vogue_data_pipeline/venv/lib/python3.11/site-packages/airflow/example_dags/example_sensors.py
[2026-01-06T14:50:02.508+1100] {processor.py:840} INFO - DAG(s) 'example_sensors' retrieved from /Users/fionatham/Documents/Projects/vogue_data_pipeline/venv/lib/python3.11/site-packages/airflow/example_dags/example_sensors.py
[2026-01-06T14:50:02.556+1100] {logging_mixin.py:188} INFO - [2026-01-06T14:50:02.556+1100] {dag.py:3089} INFO - Sync 1 DAGs
[2026-01-06T14:50:02.560+1100] {logging_mixin.py:188} INFO - [2026-01-06T14:50:02.559+1100] {dag.py:3947} INFO - Setting next_dagrun for example_sensors to None, run_after=None
[2026-01-06T14:50:02.567+1100] {processor.py:183} INFO - Processing /Users/fionatham/Documents/Projects/vogue_data_pipeline/venv/lib/python3.11/site-packages/airflow/example_dags/example_sensors.py took 0.068 seconds
[2026-01-06T14:51:52.190+1100] {processor.py:161} INFO - Started process (PID=93452) to work on /Users/fionatham/Documents/Projects/vogue_data_pipeline/venv/lib/python3.11/site-packages/airflow/example_dags/example_sensors.py
[2026-01-06T14:51:52.191+1100] {processor.py:830} INFO - Processing file /Users/fionatham/Documents/Projects/vogue_data_pipeline/venv/lib/python3.11/site-packages/airflow/example_dags/example_sensors.py for tasks to queue
[2026-01-06T14:51:52.192+1100] {logging_mixin.py:188} INFO - [2026-01-06T14:51:52.192+1100] {dagbag.py:545} INFO - Filling up the DagBag from /Users/fionatham/Documents/Projects/vogue_data_pipeline/venv/lib/python3.11/site-packages/airflow/example_dags/example_sensors.py
[2026-01-06T14:51:52.199+1100] {processor.py:840} INFO - DAG(s) 'example_sensors' retrieved from /Users/fionatham/Documents/Projects/vogue_data_pipeline/venv/lib/python3.11/site-packages/airflow/example_dags/example_sensors.py
[2026-01-06T14:51:52.250+1100] {logging_mixin.py:188} INFO - [2026-01-06T14:51:52.250+1100] {dag.py:3089} INFO - Sync 1 DAGs
[2026-01-06T14:51:52.254+1100] {logging_mixin.py:188} INFO - [2026-01-06T14:51:52.254+1100] {dag.py:3947} INFO - Setting next_dagrun for example_sensors to None, run_after=None
[2026-01-06T14:51:52.262+1100] {processor.py:183} INFO - Processing /Users/fionatham/Documents/Projects/vogue_data_pipeline/venv/lib/python3.11/site-packages/airflow/example_dags/example_sensors.py took 0.073 seconds
[2026-01-06T14:53:48.305+1100] {processor.py:161} INFO - Started process (PID=93597) to work on /Users/fionatham/Documents/Projects/vogue_data_pipeline/venv/lib/python3.11/site-packages/airflow/example_dags/example_sensors.py
[2026-01-06T14:53:48.307+1100] {processor.py:830} INFO - Processing file /Users/fionatham/Documents/Projects/vogue_data_pipeline/venv/lib/python3.11/site-packages/airflow/example_dags/example_sensors.py for tasks to queue
[2026-01-06T14:53:48.307+1100] {logging_mixin.py:188} INFO - [2026-01-06T14:53:48.307+1100] {dagbag.py:545} INFO - Filling up the DagBag from /Users/fionatham/Documents/Projects/vogue_data_pipeline/venv/lib/python3.11/site-packages/airflow/example_dags/example_sensors.py
[2026-01-06T14:53:48.315+1100] {processor.py:840} INFO - DAG(s) 'example_sensors' retrieved from /Users/fionatham/Documents/Projects/vogue_data_pipeline/venv/lib/python3.11/site-packages/airflow/example_dags/example_sensors.py
[2026-01-06T14:53:48.363+1100] {logging_mixin.py:188} INFO - [2026-01-06T14:53:48.363+1100] {dag.py:3089} INFO - Sync 1 DAGs
[2026-01-06T14:53:48.366+1100] {logging_mixin.py:188} INFO - [2026-01-06T14:53:48.366+1100] {dag.py:3947} INFO - Setting next_dagrun for example_sensors to None, run_after=None
[2026-01-06T14:53:48.374+1100] {processor.py:183} INFO - Processing /Users/fionatham/Documents/Projects/vogue_data_pipeline/venv/lib/python3.11/site-packages/airflow/example_dags/example_sensors.py took 0.070 seconds
[2026-01-06T14:55:45.774+1100] {processor.py:161} INFO - Started process (PID=93759) to work on /Users/fionatham/Documents/Projects/vogue_data_pipeline/venv/lib/python3.11/site-packages/airflow/example_dags/example_sensors.py
[2026-01-06T14:55:45.775+1100] {processor.py:830} INFO - Processing file /Users/fionatham/Documents/Projects/vogue_data_pipeline/venv/lib/python3.11/site-packages/airflow/example_dags/example_sensors.py for tasks to queue
[2026-01-06T14:55:45.776+1100] {logging_mixin.py:188} INFO - [2026-01-06T14:55:45.775+1100] {dagbag.py:545} INFO - Filling up the DagBag from /Users/fionatham/Documents/Projects/vogue_data_pipeline/venv/lib/python3.11/site-packages/airflow/example_dags/example_sensors.py
[2026-01-06T14:55:45.783+1100] {processor.py:840} INFO - DAG(s) 'example_sensors' retrieved from /Users/fionatham/Documents/Projects/vogue_data_pipeline/venv/lib/python3.11/site-packages/airflow/example_dags/example_sensors.py
[2026-01-06T14:55:45.834+1100] {logging_mixin.py:188} INFO - [2026-01-06T14:55:45.834+1100] {dag.py:3089} INFO - Sync 1 DAGs
[2026-01-06T14:55:45.837+1100] {logging_mixin.py:188} INFO - [2026-01-06T14:55:45.837+1100] {dag.py:3947} INFO - Setting next_dagrun for example_sensors to None, run_after=None
[2026-01-06T14:55:45.845+1100] {processor.py:183} INFO - Processing /Users/fionatham/Documents/Projects/vogue_data_pipeline/venv/lib/python3.11/site-packages/airflow/example_dags/example_sensors.py took 0.073 seconds
[2026-01-06T14:57:44.688+1100] {processor.py:161} INFO - Started process (PID=93868) to work on /Users/fionatham/Documents/Projects/vogue_data_pipeline/venv/lib/python3.11/site-packages/airflow/example_dags/example_sensors.py
[2026-01-06T14:57:44.689+1100] {processor.py:830} INFO - Processing file /Users/fionatham/Documents/Projects/vogue_data_pipeline/venv/lib/python3.11/site-packages/airflow/example_dags/example_sensors.py for tasks to queue
[2026-01-06T14:57:44.689+1100] {logging_mixin.py:188} INFO - [2026-01-06T14:57:44.689+1100] {dagbag.py:545} INFO - Filling up the DagBag from /Users/fionatham/Documents/Projects/vogue_data_pipeline/venv/lib/python3.11/site-packages/airflow/example_dags/example_sensors.py
[2026-01-06T14:57:44.697+1100] {processor.py:840} INFO - DAG(s) 'example_sensors' retrieved from /Users/fionatham/Documents/Projects/vogue_data_pipeline/venv/lib/python3.11/site-packages/airflow/example_dags/example_sensors.py
[2026-01-06T14:57:44.746+1100] {logging_mixin.py:188} INFO - [2026-01-06T14:57:44.746+1100] {dag.py:3089} INFO - Sync 1 DAGs
[2026-01-06T14:57:44.750+1100] {logging_mixin.py:188} INFO - [2026-01-06T14:57:44.750+1100] {dag.py:3947} INFO - Setting next_dagrun for example_sensors to None, run_after=None
[2026-01-06T14:57:44.757+1100] {processor.py:183} INFO - Processing /Users/fionatham/Documents/Projects/vogue_data_pipeline/venv/lib/python3.11/site-packages/airflow/example_dags/example_sensors.py took 0.070 seconds
[2026-01-06T14:59:42.397+1100] {processor.py:161} INFO - Started process (PID=94047) to work on /Users/fionatham/Documents/Projects/vogue_data_pipeline/venv/lib/python3.11/site-packages/airflow/example_dags/example_sensors.py
[2026-01-06T14:59:42.397+1100] {processor.py:830} INFO - Processing file /Users/fionatham/Documents/Projects/vogue_data_pipeline/venv/lib/python3.11/site-packages/airflow/example_dags/example_sensors.py for tasks to queue
[2026-01-06T14:59:42.397+1100] {logging_mixin.py:188} INFO - [2026-01-06T14:59:42.397+1100] {dagbag.py:545} INFO - Filling up the DagBag from /Users/fionatham/Documents/Projects/vogue_data_pipeline/venv/lib/python3.11/site-packages/airflow/example_dags/example_sensors.py
[2026-01-06T14:59:42.404+1100] {processor.py:840} INFO - DAG(s) 'example_sensors' retrieved from /Users/fionatham/Documents/Projects/vogue_data_pipeline/venv/lib/python3.11/site-packages/airflow/example_dags/example_sensors.py
[2026-01-06T14:59:42.455+1100] {logging_mixin.py:188} INFO - [2026-01-06T14:59:42.455+1100] {dag.py:3089} INFO - Sync 1 DAGs
[2026-01-06T14:59:42.459+1100] {logging_mixin.py:188} INFO - [2026-01-06T14:59:42.459+1100] {dag.py:3947} INFO - Setting next_dagrun for example_sensors to None, run_after=None
[2026-01-06T14:59:42.467+1100] {processor.py:183} INFO - Processing /Users/fionatham/Documents/Projects/vogue_data_pipeline/venv/lib/python3.11/site-packages/airflow/example_dags/example_sensors.py took 0.072 seconds
[2026-01-06T15:01:41.501+1100] {processor.py:161} INFO - Started process (PID=94184) to work on /Users/fionatham/Documents/Projects/vogue_data_pipeline/venv/lib/python3.11/site-packages/airflow/example_dags/example_sensors.py
[2026-01-06T15:01:41.502+1100] {processor.py:830} INFO - Processing file /Users/fionatham/Documents/Projects/vogue_data_pipeline/venv/lib/python3.11/site-packages/airflow/example_dags/example_sensors.py for tasks to queue
[2026-01-06T15:01:41.502+1100] {logging_mixin.py:188} INFO - [2026-01-06T15:01:41.502+1100] {dagbag.py:545} INFO - Filling up the DagBag from /Users/fionatham/Documents/Projects/vogue_data_pipeline/venv/lib/python3.11/site-packages/airflow/example_dags/example_sensors.py
[2026-01-06T15:01:41.509+1100] {processor.py:840} INFO - DAG(s) 'example_sensors' retrieved from /Users/fionatham/Documents/Projects/vogue_data_pipeline/venv/lib/python3.11/site-packages/airflow/example_dags/example_sensors.py
[2026-01-06T15:01:41.557+1100] {logging_mixin.py:188} INFO - [2026-01-06T15:01:41.557+1100] {dag.py:3089} INFO - Sync 1 DAGs
[2026-01-06T15:01:41.560+1100] {logging_mixin.py:188} INFO - [2026-01-06T15:01:41.560+1100] {dag.py:3947} INFO - Setting next_dagrun for example_sensors to None, run_after=None
[2026-01-06T15:01:41.568+1100] {processor.py:183} INFO - Processing /Users/fionatham/Documents/Projects/vogue_data_pipeline/venv/lib/python3.11/site-packages/airflow/example_dags/example_sensors.py took 0.068 seconds
[2026-01-06T15:03:42.709+1100] {processor.py:161} INFO - Started process (PID=94524) to work on /Users/fionatham/Documents/Projects/vogue_data_pipeline/venv/lib/python3.11/site-packages/airflow/example_dags/example_sensors.py
[2026-01-06T15:03:42.710+1100] {processor.py:830} INFO - Processing file /Users/fionatham/Documents/Projects/vogue_data_pipeline/venv/lib/python3.11/site-packages/airflow/example_dags/example_sensors.py for tasks to queue
[2026-01-06T15:03:42.710+1100] {logging_mixin.py:188} INFO - [2026-01-06T15:03:42.710+1100] {dagbag.py:545} INFO - Filling up the DagBag from /Users/fionatham/Documents/Projects/vogue_data_pipeline/venv/lib/python3.11/site-packages/airflow/example_dags/example_sensors.py
[2026-01-06T15:03:42.716+1100] {processor.py:840} INFO - DAG(s) 'example_sensors' retrieved from /Users/fionatham/Documents/Projects/vogue_data_pipeline/venv/lib/python3.11/site-packages/airflow/example_dags/example_sensors.py
[2026-01-06T15:03:42.766+1100] {logging_mixin.py:188} INFO - [2026-01-06T15:03:42.766+1100] {dag.py:3089} INFO - Sync 1 DAGs
[2026-01-06T15:03:42.769+1100] {logging_mixin.py:188} INFO - [2026-01-06T15:03:42.769+1100] {dag.py:3947} INFO - Setting next_dagrun for example_sensors to None, run_after=None
[2026-01-06T15:03:42.776+1100] {processor.py:183} INFO - Processing /Users/fionatham/Documents/Projects/vogue_data_pipeline/venv/lib/python3.11/site-packages/airflow/example_dags/example_sensors.py took 0.070 seconds
[2026-01-06T15:05:41.136+1100] {processor.py:161} INFO - Started process (PID=94622) to work on /Users/fionatham/Documents/Projects/vogue_data_pipeline/venv/lib/python3.11/site-packages/airflow/example_dags/example_sensors.py
[2026-01-06T15:05:41.137+1100] {processor.py:830} INFO - Processing file /Users/fionatham/Documents/Projects/vogue_data_pipeline/venv/lib/python3.11/site-packages/airflow/example_dags/example_sensors.py for tasks to queue
[2026-01-06T15:05:41.137+1100] {logging_mixin.py:188} INFO - [2026-01-06T15:05:41.137+1100] {dagbag.py:545} INFO - Filling up the DagBag from /Users/fionatham/Documents/Projects/vogue_data_pipeline/venv/lib/python3.11/site-packages/airflow/example_dags/example_sensors.py
[2026-01-06T15:05:41.145+1100] {processor.py:840} INFO - DAG(s) 'example_sensors' retrieved from /Users/fionatham/Documents/Projects/vogue_data_pipeline/venv/lib/python3.11/site-packages/airflow/example_dags/example_sensors.py
[2026-01-06T15:05:41.197+1100] {logging_mixin.py:188} INFO - [2026-01-06T15:05:41.196+1100] {dag.py:3089} INFO - Sync 1 DAGs
[2026-01-06T15:05:41.200+1100] {logging_mixin.py:188} INFO - [2026-01-06T15:05:41.200+1100] {dag.py:3947} INFO - Setting next_dagrun for example_sensors to None, run_after=None
[2026-01-06T15:05:41.209+1100] {processor.py:183} INFO - Processing /Users/fionatham/Documents/Projects/vogue_data_pipeline/venv/lib/python3.11/site-packages/airflow/example_dags/example_sensors.py took 0.074 seconds
[2026-01-06T15:12:43.301+1100] {processor.py:161} INFO - Started process (PID=95264) to work on /Users/fionatham/Documents/Projects/vogue_data_pipeline/venv/lib/python3.11/site-packages/airflow/example_dags/example_sensors.py
[2026-01-06T15:12:43.303+1100] {processor.py:830} INFO - Processing file /Users/fionatham/Documents/Projects/vogue_data_pipeline/venv/lib/python3.11/site-packages/airflow/example_dags/example_sensors.py for tasks to queue
[2026-01-06T15:12:43.303+1100] {logging_mixin.py:188} INFO - [2026-01-06T15:12:43.303+1100] {dagbag.py:545} INFO - Filling up the DagBag from /Users/fionatham/Documents/Projects/vogue_data_pipeline/venv/lib/python3.11/site-packages/airflow/example_dags/example_sensors.py
[2026-01-06T15:12:43.309+1100] {processor.py:840} INFO - DAG(s) 'example_sensors' retrieved from /Users/fionatham/Documents/Projects/vogue_data_pipeline/venv/lib/python3.11/site-packages/airflow/example_dags/example_sensors.py
[2026-01-06T15:12:43.358+1100] {logging_mixin.py:188} INFO - [2026-01-06T15:12:43.358+1100] {dag.py:3089} INFO - Sync 1 DAGs
[2026-01-06T15:12:43.362+1100] {logging_mixin.py:188} INFO - [2026-01-06T15:12:43.361+1100] {dag.py:3947} INFO - Setting next_dagrun for example_sensors to None, run_after=None
[2026-01-06T15:12:43.369+1100] {processor.py:183} INFO - Processing /Users/fionatham/Documents/Projects/vogue_data_pipeline/venv/lib/python3.11/site-packages/airflow/example_dags/example_sensors.py took 0.070 seconds
[2026-01-06T15:14:15.806+1100] {processor.py:161} INFO - Started process (PID=95378) to work on /Users/fionatham/Documents/Projects/vogue_data_pipeline/venv/lib/python3.11/site-packages/airflow/example_dags/example_sensors.py
[2026-01-06T15:14:15.807+1100] {processor.py:830} INFO - Processing file /Users/fionatham/Documents/Projects/vogue_data_pipeline/venv/lib/python3.11/site-packages/airflow/example_dags/example_sensors.py for tasks to queue
[2026-01-06T15:14:15.808+1100] {logging_mixin.py:188} INFO - [2026-01-06T15:14:15.808+1100] {dagbag.py:545} INFO - Filling up the DagBag from /Users/fionatham/Documents/Projects/vogue_data_pipeline/venv/lib/python3.11/site-packages/airflow/example_dags/example_sensors.py
[2026-01-06T15:14:15.815+1100] {processor.py:840} INFO - DAG(s) 'example_sensors' retrieved from /Users/fionatham/Documents/Projects/vogue_data_pipeline/venv/lib/python3.11/site-packages/airflow/example_dags/example_sensors.py
[2026-01-06T15:14:15.864+1100] {logging_mixin.py:188} INFO - [2026-01-06T15:14:15.864+1100] {dag.py:3089} INFO - Sync 1 DAGs
[2026-01-06T15:14:15.867+1100] {logging_mixin.py:188} INFO - [2026-01-06T15:14:15.867+1100] {dag.py:3947} INFO - Setting next_dagrun for example_sensors to None, run_after=None
[2026-01-06T15:14:15.874+1100] {processor.py:183} INFO - Processing /Users/fionatham/Documents/Projects/vogue_data_pipeline/venv/lib/python3.11/site-packages/airflow/example_dags/example_sensors.py took 0.070 seconds
[2026-01-06T17:48:40.595+1100] {processor.py:161} INFO - Started process (PID=95583) to work on /Users/fionatham/Documents/Projects/vogue_data_pipeline/venv/lib/python3.11/site-packages/airflow/example_dags/example_sensors.py
[2026-01-06T17:48:40.596+1100] {processor.py:830} INFO - Processing file /Users/fionatham/Documents/Projects/vogue_data_pipeline/venv/lib/python3.11/site-packages/airflow/example_dags/example_sensors.py for tasks to queue
[2026-01-06T17:48:40.596+1100] {logging_mixin.py:188} INFO - [2026-01-06T17:48:40.596+1100] {dagbag.py:545} INFO - Filling up the DagBag from /Users/fionatham/Documents/Projects/vogue_data_pipeline/venv/lib/python3.11/site-packages/airflow/example_dags/example_sensors.py
[2026-01-06T17:48:40.604+1100] {processor.py:840} INFO - DAG(s) 'example_sensors' retrieved from /Users/fionatham/Documents/Projects/vogue_data_pipeline/venv/lib/python3.11/site-packages/airflow/example_dags/example_sensors.py
[2026-01-06T17:48:40.652+1100] {logging_mixin.py:188} INFO - [2026-01-06T17:48:40.652+1100] {dag.py:3089} INFO - Sync 1 DAGs
[2026-01-06T17:48:40.656+1100] {logging_mixin.py:188} INFO - [2026-01-06T17:48:40.655+1100] {dag.py:3947} INFO - Setting next_dagrun for example_sensors to None, run_after=None
[2026-01-06T17:48:40.663+1100] {processor.py:183} INFO - Processing /Users/fionatham/Documents/Projects/vogue_data_pipeline/venv/lib/python3.11/site-packages/airflow/example_dags/example_sensors.py took 0.069 seconds
[2026-01-06T20:51:31.939+1100] {processor.py:161} INFO - Started process (PID=95720) to work on /Users/fionatham/Documents/Projects/vogue_data_pipeline/venv/lib/python3.11/site-packages/airflow/example_dags/example_sensors.py
[2026-01-06T20:51:31.940+1100] {processor.py:830} INFO - Processing file /Users/fionatham/Documents/Projects/vogue_data_pipeline/venv/lib/python3.11/site-packages/airflow/example_dags/example_sensors.py for tasks to queue
[2026-01-06T20:51:31.941+1100] {logging_mixin.py:188} INFO - [2026-01-06T20:51:31.941+1100] {dagbag.py:545} INFO - Filling up the DagBag from /Users/fionatham/Documents/Projects/vogue_data_pipeline/venv/lib/python3.11/site-packages/airflow/example_dags/example_sensors.py
[2026-01-06T20:51:31.950+1100] {processor.py:840} INFO - DAG(s) 'example_sensors' retrieved from /Users/fionatham/Documents/Projects/vogue_data_pipeline/venv/lib/python3.11/site-packages/airflow/example_dags/example_sensors.py
[2026-01-06T20:51:32.011+1100] {logging_mixin.py:188} INFO - [2026-01-06T20:51:32.011+1100] {dag.py:3089} INFO - Sync 1 DAGs
[2026-01-06T20:51:32.017+1100] {logging_mixin.py:188} INFO - [2026-01-06T20:51:32.017+1100] {dag.py:3947} INFO - Setting next_dagrun for example_sensors to None, run_after=None
[2026-01-06T20:51:32.026+1100] {processor.py:183} INFO - Processing /Users/fionatham/Documents/Projects/vogue_data_pipeline/venv/lib/python3.11/site-packages/airflow/example_dags/example_sensors.py took 0.088 seconds
[2026-01-06T21:36:26.322+1100] {processor.py:161} INFO - Started process (PID=95848) to work on /Users/fionatham/Documents/Projects/vogue_data_pipeline/venv/lib/python3.11/site-packages/airflow/example_dags/example_sensors.py
[2026-01-06T21:36:26.323+1100] {processor.py:830} INFO - Processing file /Users/fionatham/Documents/Projects/vogue_data_pipeline/venv/lib/python3.11/site-packages/airflow/example_dags/example_sensors.py for tasks to queue
[2026-01-06T21:36:26.323+1100] {logging_mixin.py:188} INFO - [2026-01-06T21:36:26.323+1100] {dagbag.py:545} INFO - Filling up the DagBag from /Users/fionatham/Documents/Projects/vogue_data_pipeline/venv/lib/python3.11/site-packages/airflow/example_dags/example_sensors.py
[2026-01-06T21:36:26.331+1100] {processor.py:840} INFO - DAG(s) 'example_sensors' retrieved from /Users/fionatham/Documents/Projects/vogue_data_pipeline/venv/lib/python3.11/site-packages/airflow/example_dags/example_sensors.py
[2026-01-06T21:36:26.379+1100] {logging_mixin.py:188} INFO - [2026-01-06T21:36:26.379+1100] {dag.py:3089} INFO - Sync 1 DAGs
[2026-01-06T21:36:26.383+1100] {logging_mixin.py:188} INFO - [2026-01-06T21:36:26.383+1100] {dag.py:3947} INFO - Setting next_dagrun for example_sensors to None, run_after=None
[2026-01-06T21:36:26.390+1100] {processor.py:183} INFO - Processing /Users/fionatham/Documents/Projects/vogue_data_pipeline/venv/lib/python3.11/site-packages/airflow/example_dags/example_sensors.py took 0.069 seconds
[2026-01-06T23:21:29.308+1100] {processor.py:161} INFO - Started process (PID=95981) to work on /Users/fionatham/Documents/Projects/vogue_data_pipeline/venv/lib/python3.11/site-packages/airflow/example_dags/example_sensors.py
[2026-01-06T23:21:29.308+1100] {processor.py:830} INFO - Processing file /Users/fionatham/Documents/Projects/vogue_data_pipeline/venv/lib/python3.11/site-packages/airflow/example_dags/example_sensors.py for tasks to queue
[2026-01-06T23:21:29.309+1100] {logging_mixin.py:188} INFO - [2026-01-06T23:21:29.309+1100] {dagbag.py:545} INFO - Filling up the DagBag from /Users/fionatham/Documents/Projects/vogue_data_pipeline/venv/lib/python3.11/site-packages/airflow/example_dags/example_sensors.py
[2026-01-06T23:21:29.317+1100] {processor.py:840} INFO - DAG(s) 'example_sensors' retrieved from /Users/fionatham/Documents/Projects/vogue_data_pipeline/venv/lib/python3.11/site-packages/airflow/example_dags/example_sensors.py
[2026-01-06T23:21:29.367+1100] {logging_mixin.py:188} INFO - [2026-01-06T23:21:29.367+1100] {dag.py:3089} INFO - Sync 1 DAGs
[2026-01-06T23:21:29.370+1100] {logging_mixin.py:188} INFO - [2026-01-06T23:21:29.370+1100] {dag.py:3947} INFO - Setting next_dagrun for example_sensors to None, run_after=None
[2026-01-06T23:21:29.377+1100] {processor.py:183} INFO - Processing /Users/fionatham/Documents/Projects/vogue_data_pipeline/venv/lib/python3.11/site-packages/airflow/example_dags/example_sensors.py took 0.071 seconds
