[2026-01-06T13:57:33.574+1100] {processor.py:161} INFO - Started process (PID=85422) to work on /Users/fionatham/Documents/Projects/vogue_data_pipeline/venv/lib/python3.11/site-packages/airflow/example_dags/example_latest_only.py
[2026-01-06T13:57:33.575+1100] {processor.py:830} INFO - Processing file /Users/fionatham/Documents/Projects/vogue_data_pipeline/venv/lib/python3.11/site-packages/airflow/example_dags/example_latest_only.py for tasks to queue
[2026-01-06T13:57:33.575+1100] {logging_mixin.py:188} INFO - [2026-01-06T13:57:33.575+1100] {dagbag.py:545} INFO - Filling up the DagBag from /Users/fionatham/Documents/Projects/vogue_data_pipeline/venv/lib/python3.11/site-packages/airflow/example_dags/example_latest_only.py
[2026-01-06T13:57:33.579+1100] {processor.py:840} INFO - DAG(s) 'latest_only' retrieved from /Users/fionatham/Documents/Projects/vogue_data_pipeline/venv/lib/python3.11/site-packages/airflow/example_dags/example_latest_only.py
[2026-01-06T13:57:33.660+1100] {logging_mixin.py:188} INFO - [2026-01-06T13:57:33.659+1100] {override.py:1858} INFO - Created Permission View: can edit on DAG:latest_only
[2026-01-06T13:57:33.664+1100] {logging_mixin.py:188} INFO - [2026-01-06T13:57:33.664+1100] {override.py:1858} INFO - Created Permission View: can delete on DAG:latest_only
[2026-01-06T13:57:33.667+1100] {logging_mixin.py:188} INFO - [2026-01-06T13:57:33.667+1100] {override.py:1858} INFO - Created Permission View: can read on DAG:latest_only
[2026-01-06T13:57:33.667+1100] {logging_mixin.py:188} INFO - [2026-01-06T13:57:33.667+1100] {dag.py:3089} INFO - Sync 1 DAGs
[2026-01-06T13:57:33.701+1100] {logging_mixin.py:188} INFO - [2026-01-06T13:57:33.701+1100] {dag.py:3111} INFO - Creating ORM DAG for latest_only
[2026-01-06T13:57:33.704+1100] {logging_mixin.py:188} INFO - [2026-01-06T13:57:33.704+1100] {dag.py:3947} INFO - Setting next_dagrun for latest_only to 2026-01-05 20:00:00+00:00, run_after=2026-01-06 00:00:00+00:00
[2026-01-06T13:57:33.711+1100] {processor.py:183} INFO - Processing /Users/fionatham/Documents/Projects/vogue_data_pipeline/venv/lib/python3.11/site-packages/airflow/example_dags/example_latest_only.py took 0.139 seconds
[2026-01-06T13:59:04.096+1100] {processor.py:161} INFO - Started process (PID=86683) to work on /Users/fionatham/Documents/Projects/vogue_data_pipeline/venv/lib/python3.11/site-packages/airflow/example_dags/example_latest_only.py
[2026-01-06T13:59:04.097+1100] {processor.py:830} INFO - Processing file /Users/fionatham/Documents/Projects/vogue_data_pipeline/venv/lib/python3.11/site-packages/airflow/example_dags/example_latest_only.py for tasks to queue
[2026-01-06T13:59:04.097+1100] {logging_mixin.py:188} INFO - [2026-01-06T13:59:04.097+1100] {dagbag.py:545} INFO - Filling up the DagBag from /Users/fionatham/Documents/Projects/vogue_data_pipeline/venv/lib/python3.11/site-packages/airflow/example_dags/example_latest_only.py
[2026-01-06T13:59:04.101+1100] {processor.py:840} INFO - DAG(s) 'latest_only' retrieved from /Users/fionatham/Documents/Projects/vogue_data_pipeline/venv/lib/python3.11/site-packages/airflow/example_dags/example_latest_only.py
[2026-01-06T13:59:04.142+1100] {logging_mixin.py:188} INFO - [2026-01-06T13:59:04.142+1100] {dag.py:3089} INFO - Sync 1 DAGs
[2026-01-06T13:59:04.148+1100] {logging_mixin.py:188} INFO - [2026-01-06T13:59:04.148+1100] {dag.py:3947} INFO - Setting next_dagrun for latest_only to 2026-01-05 20:00:00+00:00, run_after=2026-01-06 00:00:00+00:00
[2026-01-06T13:59:04.155+1100] {processor.py:183} INFO - Processing /Users/fionatham/Documents/Projects/vogue_data_pipeline/venv/lib/python3.11/site-packages/airflow/example_dags/example_latest_only.py took 0.061 seconds
[2026-01-06T14:01:03.940+1100] {processor.py:161} INFO - Started process (PID=86997) to work on /Users/fionatham/Documents/Projects/vogue_data_pipeline/venv/lib/python3.11/site-packages/airflow/example_dags/example_latest_only.py
[2026-01-06T14:01:03.941+1100] {processor.py:830} INFO - Processing file /Users/fionatham/Documents/Projects/vogue_data_pipeline/venv/lib/python3.11/site-packages/airflow/example_dags/example_latest_only.py for tasks to queue
[2026-01-06T14:01:03.941+1100] {logging_mixin.py:188} INFO - [2026-01-06T14:01:03.941+1100] {dagbag.py:545} INFO - Filling up the DagBag from /Users/fionatham/Documents/Projects/vogue_data_pipeline/venv/lib/python3.11/site-packages/airflow/example_dags/example_latest_only.py
[2026-01-06T14:01:03.944+1100] {processor.py:840} INFO - DAG(s) 'latest_only' retrieved from /Users/fionatham/Documents/Projects/vogue_data_pipeline/venv/lib/python3.11/site-packages/airflow/example_dags/example_latest_only.py
[2026-01-06T14:01:03.991+1100] {logging_mixin.py:188} INFO - [2026-01-06T14:01:03.991+1100] {dag.py:3089} INFO - Sync 1 DAGs
[2026-01-06T14:01:03.998+1100] {logging_mixin.py:188} INFO - [2026-01-06T14:01:03.998+1100] {dag.py:3947} INFO - Setting next_dagrun for latest_only to 2026-01-05 20:00:00+00:00, run_after=2026-01-06 00:00:00+00:00
[2026-01-06T14:01:04.006+1100] {processor.py:183} INFO - Processing /Users/fionatham/Documents/Projects/vogue_data_pipeline/venv/lib/python3.11/site-packages/airflow/example_dags/example_latest_only.py took 0.068 seconds
[2026-01-06T14:03:06.557+1100] {processor.py:161} INFO - Started process (PID=87179) to work on /Users/fionatham/Documents/Projects/vogue_data_pipeline/venv/lib/python3.11/site-packages/airflow/example_dags/example_latest_only.py
[2026-01-06T14:03:06.558+1100] {processor.py:830} INFO - Processing file /Users/fionatham/Documents/Projects/vogue_data_pipeline/venv/lib/python3.11/site-packages/airflow/example_dags/example_latest_only.py for tasks to queue
[2026-01-06T14:03:06.558+1100] {logging_mixin.py:188} INFO - [2026-01-06T14:03:06.558+1100] {dagbag.py:545} INFO - Filling up the DagBag from /Users/fionatham/Documents/Projects/vogue_data_pipeline/venv/lib/python3.11/site-packages/airflow/example_dags/example_latest_only.py
[2026-01-06T14:03:06.562+1100] {processor.py:840} INFO - DAG(s) 'latest_only' retrieved from /Users/fionatham/Documents/Projects/vogue_data_pipeline/venv/lib/python3.11/site-packages/airflow/example_dags/example_latest_only.py
[2026-01-06T14:03:06.606+1100] {logging_mixin.py:188} INFO - [2026-01-06T14:03:06.606+1100] {dag.py:3089} INFO - Sync 1 DAGs
[2026-01-06T14:03:06.613+1100] {logging_mixin.py:188} INFO - [2026-01-06T14:03:06.613+1100] {dag.py:3947} INFO - Setting next_dagrun for latest_only to 2026-01-05 20:00:00+00:00, run_after=2026-01-06 00:00:00+00:00
[2026-01-06T14:03:06.620+1100] {processor.py:183} INFO - Processing /Users/fionatham/Documents/Projects/vogue_data_pipeline/venv/lib/python3.11/site-packages/airflow/example_dags/example_latest_only.py took 0.065 seconds
[2026-01-06T14:05:06.834+1100] {processor.py:161} INFO - Started process (PID=87366) to work on /Users/fionatham/Documents/Projects/vogue_data_pipeline/venv/lib/python3.11/site-packages/airflow/example_dags/example_latest_only.py
[2026-01-06T14:05:06.835+1100] {processor.py:830} INFO - Processing file /Users/fionatham/Documents/Projects/vogue_data_pipeline/venv/lib/python3.11/site-packages/airflow/example_dags/example_latest_only.py for tasks to queue
[2026-01-06T14:05:06.836+1100] {logging_mixin.py:188} INFO - [2026-01-06T14:05:06.835+1100] {dagbag.py:545} INFO - Filling up the DagBag from /Users/fionatham/Documents/Projects/vogue_data_pipeline/venv/lib/python3.11/site-packages/airflow/example_dags/example_latest_only.py
[2026-01-06T14:05:06.839+1100] {processor.py:840} INFO - DAG(s) 'latest_only' retrieved from /Users/fionatham/Documents/Projects/vogue_data_pipeline/venv/lib/python3.11/site-packages/airflow/example_dags/example_latest_only.py
[2026-01-06T14:05:06.884+1100] {logging_mixin.py:188} INFO - [2026-01-06T14:05:06.884+1100] {dag.py:3089} INFO - Sync 1 DAGs
[2026-01-06T14:05:06.890+1100] {logging_mixin.py:188} INFO - [2026-01-06T14:05:06.890+1100] {dag.py:3947} INFO - Setting next_dagrun for latest_only to 2026-01-05 20:00:00+00:00, run_after=2026-01-06 00:00:00+00:00
[2026-01-06T14:05:06.898+1100] {processor.py:183} INFO - Processing /Users/fionatham/Documents/Projects/vogue_data_pipeline/venv/lib/python3.11/site-packages/airflow/example_dags/example_latest_only.py took 0.066 seconds
[2026-01-06T14:07:07.100+1100] {processor.py:161} INFO - Started process (PID=87582) to work on /Users/fionatham/Documents/Projects/vogue_data_pipeline/venv/lib/python3.11/site-packages/airflow/example_dags/example_latest_only.py
[2026-01-06T14:07:07.100+1100] {processor.py:830} INFO - Processing file /Users/fionatham/Documents/Projects/vogue_data_pipeline/venv/lib/python3.11/site-packages/airflow/example_dags/example_latest_only.py for tasks to queue
[2026-01-06T14:07:07.101+1100] {logging_mixin.py:188} INFO - [2026-01-06T14:07:07.100+1100] {dagbag.py:545} INFO - Filling up the DagBag from /Users/fionatham/Documents/Projects/vogue_data_pipeline/venv/lib/python3.11/site-packages/airflow/example_dags/example_latest_only.py
[2026-01-06T14:07:07.104+1100] {processor.py:840} INFO - DAG(s) 'latest_only' retrieved from /Users/fionatham/Documents/Projects/vogue_data_pipeline/venv/lib/python3.11/site-packages/airflow/example_dags/example_latest_only.py
[2026-01-06T14:07:07.150+1100] {logging_mixin.py:188} INFO - [2026-01-06T14:07:07.150+1100] {dag.py:3089} INFO - Sync 1 DAGs
[2026-01-06T14:07:07.156+1100] {logging_mixin.py:188} INFO - [2026-01-06T14:07:07.156+1100] {dag.py:3947} INFO - Setting next_dagrun for latest_only to 2026-01-05 20:00:00+00:00, run_after=2026-01-06 00:00:00+00:00
[2026-01-06T14:07:07.163+1100] {processor.py:183} INFO - Processing /Users/fionatham/Documents/Projects/vogue_data_pipeline/venv/lib/python3.11/site-packages/airflow/example_dags/example_latest_only.py took 0.065 seconds
[2026-01-06T14:09:03.863+1100] {processor.py:161} INFO - Started process (PID=87690) to work on /Users/fionatham/Documents/Projects/vogue_data_pipeline/venv/lib/python3.11/site-packages/airflow/example_dags/example_latest_only.py
[2026-01-06T14:09:03.865+1100] {processor.py:830} INFO - Processing file /Users/fionatham/Documents/Projects/vogue_data_pipeline/venv/lib/python3.11/site-packages/airflow/example_dags/example_latest_only.py for tasks to queue
[2026-01-06T14:09:03.865+1100] {logging_mixin.py:188} INFO - [2026-01-06T14:09:03.865+1100] {dagbag.py:545} INFO - Filling up the DagBag from /Users/fionatham/Documents/Projects/vogue_data_pipeline/venv/lib/python3.11/site-packages/airflow/example_dags/example_latest_only.py
[2026-01-06T14:09:03.868+1100] {processor.py:840} INFO - DAG(s) 'latest_only' retrieved from /Users/fionatham/Documents/Projects/vogue_data_pipeline/venv/lib/python3.11/site-packages/airflow/example_dags/example_latest_only.py
[2026-01-06T14:09:03.913+1100] {logging_mixin.py:188} INFO - [2026-01-06T14:09:03.913+1100] {dag.py:3089} INFO - Sync 1 DAGs
[2026-01-06T14:09:03.919+1100] {logging_mixin.py:188} INFO - [2026-01-06T14:09:03.919+1100] {dag.py:3947} INFO - Setting next_dagrun for latest_only to 2026-01-05 20:00:00+00:00, run_after=2026-01-06 00:00:00+00:00
[2026-01-06T14:09:03.927+1100] {processor.py:183} INFO - Processing /Users/fionatham/Documents/Projects/vogue_data_pipeline/venv/lib/python3.11/site-packages/airflow/example_dags/example_latest_only.py took 0.066 seconds
[2026-01-06T14:11:05.235+1100] {processor.py:161} INFO - Started process (PID=87823) to work on /Users/fionatham/Documents/Projects/vogue_data_pipeline/venv/lib/python3.11/site-packages/airflow/example_dags/example_latest_only.py
[2026-01-06T14:11:05.236+1100] {processor.py:830} INFO - Processing file /Users/fionatham/Documents/Projects/vogue_data_pipeline/venv/lib/python3.11/site-packages/airflow/example_dags/example_latest_only.py for tasks to queue
[2026-01-06T14:11:05.236+1100] {logging_mixin.py:188} INFO - [2026-01-06T14:11:05.236+1100] {dagbag.py:545} INFO - Filling up the DagBag from /Users/fionatham/Documents/Projects/vogue_data_pipeline/venv/lib/python3.11/site-packages/airflow/example_dags/example_latest_only.py
[2026-01-06T14:11:05.241+1100] {processor.py:840} INFO - DAG(s) 'latest_only' retrieved from /Users/fionatham/Documents/Projects/vogue_data_pipeline/venv/lib/python3.11/site-packages/airflow/example_dags/example_latest_only.py
[2026-01-06T14:11:05.287+1100] {logging_mixin.py:188} INFO - [2026-01-06T14:11:05.286+1100] {dag.py:3089} INFO - Sync 1 DAGs
[2026-01-06T14:11:05.293+1100] {logging_mixin.py:188} INFO - [2026-01-06T14:11:05.293+1100] {dag.py:3947} INFO - Setting next_dagrun for latest_only to 2026-01-05 20:00:00+00:00, run_after=2026-01-06 00:00:00+00:00
[2026-01-06T14:11:05.300+1100] {processor.py:183} INFO - Processing /Users/fionatham/Documents/Projects/vogue_data_pipeline/venv/lib/python3.11/site-packages/airflow/example_dags/example_latest_only.py took 0.066 seconds
[2026-01-06T14:13:03.325+1100] {processor.py:161} INFO - Started process (PID=87977) to work on /Users/fionatham/Documents/Projects/vogue_data_pipeline/venv/lib/python3.11/site-packages/airflow/example_dags/example_latest_only.py
[2026-01-06T14:13:03.325+1100] {processor.py:830} INFO - Processing file /Users/fionatham/Documents/Projects/vogue_data_pipeline/venv/lib/python3.11/site-packages/airflow/example_dags/example_latest_only.py for tasks to queue
[2026-01-06T14:13:03.326+1100] {logging_mixin.py:188} INFO - [2026-01-06T14:13:03.326+1100] {dagbag.py:545} INFO - Filling up the DagBag from /Users/fionatham/Documents/Projects/vogue_data_pipeline/venv/lib/python3.11/site-packages/airflow/example_dags/example_latest_only.py
[2026-01-06T14:13:03.329+1100] {processor.py:840} INFO - DAG(s) 'latest_only' retrieved from /Users/fionatham/Documents/Projects/vogue_data_pipeline/venv/lib/python3.11/site-packages/airflow/example_dags/example_latest_only.py
[2026-01-06T14:13:03.374+1100] {logging_mixin.py:188} INFO - [2026-01-06T14:13:03.373+1100] {dag.py:3089} INFO - Sync 1 DAGs
[2026-01-06T14:13:03.380+1100] {logging_mixin.py:188} INFO - [2026-01-06T14:13:03.379+1100] {dag.py:3947} INFO - Setting next_dagrun for latest_only to 2026-01-05 20:00:00+00:00, run_after=2026-01-06 00:00:00+00:00
[2026-01-06T14:13:03.386+1100] {processor.py:183} INFO - Processing /Users/fionatham/Documents/Projects/vogue_data_pipeline/venv/lib/python3.11/site-packages/airflow/example_dags/example_latest_only.py took 0.063 seconds
[2026-01-06T14:15:11.253+1100] {processor.py:161} INFO - Started process (PID=88914) to work on /Users/fionatham/Documents/Projects/vogue_data_pipeline/venv/lib/python3.11/site-packages/airflow/example_dags/example_latest_only.py
[2026-01-06T14:15:11.255+1100] {processor.py:830} INFO - Processing file /Users/fionatham/Documents/Projects/vogue_data_pipeline/venv/lib/python3.11/site-packages/airflow/example_dags/example_latest_only.py for tasks to queue
[2026-01-06T14:15:11.255+1100] {logging_mixin.py:188} INFO - [2026-01-06T14:15:11.255+1100] {dagbag.py:545} INFO - Filling up the DagBag from /Users/fionatham/Documents/Projects/vogue_data_pipeline/venv/lib/python3.11/site-packages/airflow/example_dags/example_latest_only.py
[2026-01-06T14:15:11.258+1100] {processor.py:840} INFO - DAG(s) 'latest_only' retrieved from /Users/fionatham/Documents/Projects/vogue_data_pipeline/venv/lib/python3.11/site-packages/airflow/example_dags/example_latest_only.py
[2026-01-06T14:15:11.301+1100] {logging_mixin.py:188} INFO - [2026-01-06T14:15:11.301+1100] {dag.py:3089} INFO - Sync 1 DAGs
[2026-01-06T14:15:11.308+1100] {logging_mixin.py:188} INFO - [2026-01-06T14:15:11.308+1100] {dag.py:3947} INFO - Setting next_dagrun for latest_only to 2026-01-05 20:00:00+00:00, run_after=2026-01-06 00:00:00+00:00
[2026-01-06T14:15:11.316+1100] {processor.py:183} INFO - Processing /Users/fionatham/Documents/Projects/vogue_data_pipeline/venv/lib/python3.11/site-packages/airflow/example_dags/example_latest_only.py took 0.064 seconds
[2026-01-06T14:17:04.199+1100] {processor.py:161} INFO - Started process (PID=89288) to work on /Users/fionatham/Documents/Projects/vogue_data_pipeline/venv/lib/python3.11/site-packages/airflow/example_dags/example_latest_only.py
[2026-01-06T14:17:04.199+1100] {processor.py:830} INFO - Processing file /Users/fionatham/Documents/Projects/vogue_data_pipeline/venv/lib/python3.11/site-packages/airflow/example_dags/example_latest_only.py for tasks to queue
[2026-01-06T14:17:04.199+1100] {logging_mixin.py:188} INFO - [2026-01-06T14:17:04.199+1100] {dagbag.py:545} INFO - Filling up the DagBag from /Users/fionatham/Documents/Projects/vogue_data_pipeline/venv/lib/python3.11/site-packages/airflow/example_dags/example_latest_only.py
[2026-01-06T14:17:04.202+1100] {processor.py:840} INFO - DAG(s) 'latest_only' retrieved from /Users/fionatham/Documents/Projects/vogue_data_pipeline/venv/lib/python3.11/site-packages/airflow/example_dags/example_latest_only.py
[2026-01-06T14:17:04.245+1100] {logging_mixin.py:188} INFO - [2026-01-06T14:17:04.245+1100] {dag.py:3089} INFO - Sync 1 DAGs
[2026-01-06T14:17:04.251+1100] {logging_mixin.py:188} INFO - [2026-01-06T14:17:04.251+1100] {dag.py:3947} INFO - Setting next_dagrun for latest_only to 2026-01-05 20:00:00+00:00, run_after=2026-01-06 00:00:00+00:00
[2026-01-06T14:17:04.258+1100] {processor.py:183} INFO - Processing /Users/fionatham/Documents/Projects/vogue_data_pipeline/venv/lib/python3.11/site-packages/airflow/example_dags/example_latest_only.py took 0.061 seconds
[2026-01-06T14:19:01.259+1100] {processor.py:161} INFO - Started process (PID=89898) to work on /Users/fionatham/Documents/Projects/vogue_data_pipeline/venv/lib/python3.11/site-packages/airflow/example_dags/example_latest_only.py
[2026-01-06T14:19:01.260+1100] {processor.py:830} INFO - Processing file /Users/fionatham/Documents/Projects/vogue_data_pipeline/venv/lib/python3.11/site-packages/airflow/example_dags/example_latest_only.py for tasks to queue
[2026-01-06T14:19:01.260+1100] {logging_mixin.py:188} INFO - [2026-01-06T14:19:01.260+1100] {dagbag.py:545} INFO - Filling up the DagBag from /Users/fionatham/Documents/Projects/vogue_data_pipeline/venv/lib/python3.11/site-packages/airflow/example_dags/example_latest_only.py
[2026-01-06T14:19:01.264+1100] {processor.py:840} INFO - DAG(s) 'latest_only' retrieved from /Users/fionatham/Documents/Projects/vogue_data_pipeline/venv/lib/python3.11/site-packages/airflow/example_dags/example_latest_only.py
[2026-01-06T14:19:01.306+1100] {logging_mixin.py:188} INFO - [2026-01-06T14:19:01.306+1100] {dag.py:3089} INFO - Sync 1 DAGs
[2026-01-06T14:19:01.312+1100] {logging_mixin.py:188} INFO - [2026-01-06T14:19:01.312+1100] {dag.py:3947} INFO - Setting next_dagrun for latest_only to 2026-01-05 20:00:00+00:00, run_after=2026-01-06 00:00:00+00:00
[2026-01-06T14:19:01.320+1100] {processor.py:183} INFO - Processing /Users/fionatham/Documents/Projects/vogue_data_pipeline/venv/lib/python3.11/site-packages/airflow/example_dags/example_latest_only.py took 0.062 seconds
[2026-01-06T14:21:04.152+1100] {processor.py:161} INFO - Started process (PID=90006) to work on /Users/fionatham/Documents/Projects/vogue_data_pipeline/venv/lib/python3.11/site-packages/airflow/example_dags/example_latest_only.py
[2026-01-06T14:21:04.153+1100] {processor.py:830} INFO - Processing file /Users/fionatham/Documents/Projects/vogue_data_pipeline/venv/lib/python3.11/site-packages/airflow/example_dags/example_latest_only.py for tasks to queue
[2026-01-06T14:21:04.154+1100] {logging_mixin.py:188} INFO - [2026-01-06T14:21:04.154+1100] {dagbag.py:545} INFO - Filling up the DagBag from /Users/fionatham/Documents/Projects/vogue_data_pipeline/venv/lib/python3.11/site-packages/airflow/example_dags/example_latest_only.py
[2026-01-06T14:21:04.157+1100] {processor.py:840} INFO - DAG(s) 'latest_only' retrieved from /Users/fionatham/Documents/Projects/vogue_data_pipeline/venv/lib/python3.11/site-packages/airflow/example_dags/example_latest_only.py
[2026-01-06T14:21:04.200+1100] {logging_mixin.py:188} INFO - [2026-01-06T14:21:04.199+1100] {dag.py:3089} INFO - Sync 1 DAGs
[2026-01-06T14:21:04.205+1100] {logging_mixin.py:188} INFO - [2026-01-06T14:21:04.205+1100] {dag.py:3947} INFO - Setting next_dagrun for latest_only to 2026-01-05 20:00:00+00:00, run_after=2026-01-06 00:00:00+00:00
[2026-01-06T14:21:04.213+1100] {processor.py:183} INFO - Processing /Users/fionatham/Documents/Projects/vogue_data_pipeline/venv/lib/python3.11/site-packages/airflow/example_dags/example_latest_only.py took 0.062 seconds
[2026-01-06T14:23:01.467+1100] {processor.py:161} INFO - Started process (PID=90097) to work on /Users/fionatham/Documents/Projects/vogue_data_pipeline/venv/lib/python3.11/site-packages/airflow/example_dags/example_latest_only.py
[2026-01-06T14:23:01.468+1100] {processor.py:830} INFO - Processing file /Users/fionatham/Documents/Projects/vogue_data_pipeline/venv/lib/python3.11/site-packages/airflow/example_dags/example_latest_only.py for tasks to queue
[2026-01-06T14:23:01.469+1100] {logging_mixin.py:188} INFO - [2026-01-06T14:23:01.468+1100] {dagbag.py:545} INFO - Filling up the DagBag from /Users/fionatham/Documents/Projects/vogue_data_pipeline/venv/lib/python3.11/site-packages/airflow/example_dags/example_latest_only.py
[2026-01-06T14:23:01.472+1100] {processor.py:840} INFO - DAG(s) 'latest_only' retrieved from /Users/fionatham/Documents/Projects/vogue_data_pipeline/venv/lib/python3.11/site-packages/airflow/example_dags/example_latest_only.py
[2026-01-06T14:23:01.513+1100] {logging_mixin.py:188} INFO - [2026-01-06T14:23:01.513+1100] {dag.py:3089} INFO - Sync 1 DAGs
[2026-01-06T14:23:01.519+1100] {logging_mixin.py:188} INFO - [2026-01-06T14:23:01.519+1100] {dag.py:3947} INFO - Setting next_dagrun for latest_only to 2026-01-05 20:00:00+00:00, run_after=2026-01-06 00:00:00+00:00
[2026-01-06T14:23:01.526+1100] {processor.py:183} INFO - Processing /Users/fionatham/Documents/Projects/vogue_data_pipeline/venv/lib/python3.11/site-packages/airflow/example_dags/example_latest_only.py took 0.061 seconds
[2026-01-06T14:24:47.616+1100] {processor.py:161} INFO - Started process (PID=90193) to work on /Users/fionatham/Documents/Projects/vogue_data_pipeline/venv/lib/python3.11/site-packages/airflow/example_dags/example_latest_only.py
[2026-01-06T14:24:47.617+1100] {processor.py:830} INFO - Processing file /Users/fionatham/Documents/Projects/vogue_data_pipeline/venv/lib/python3.11/site-packages/airflow/example_dags/example_latest_only.py for tasks to queue
[2026-01-06T14:24:47.618+1100] {logging_mixin.py:188} INFO - [2026-01-06T14:24:47.617+1100] {dagbag.py:545} INFO - Filling up the DagBag from /Users/fionatham/Documents/Projects/vogue_data_pipeline/venv/lib/python3.11/site-packages/airflow/example_dags/example_latest_only.py
[2026-01-06T14:24:47.621+1100] {processor.py:840} INFO - DAG(s) 'latest_only' retrieved from /Users/fionatham/Documents/Projects/vogue_data_pipeline/venv/lib/python3.11/site-packages/airflow/example_dags/example_latest_only.py
[2026-01-06T14:24:47.664+1100] {logging_mixin.py:188} INFO - [2026-01-06T14:24:47.664+1100] {dag.py:3089} INFO - Sync 1 DAGs
[2026-01-06T14:24:47.670+1100] {logging_mixin.py:188} INFO - [2026-01-06T14:24:47.670+1100] {dag.py:3947} INFO - Setting next_dagrun for latest_only to 2026-01-05 20:00:00+00:00, run_after=2026-01-06 00:00:00+00:00
[2026-01-06T14:24:47.677+1100] {processor.py:183} INFO - Processing /Users/fionatham/Documents/Projects/vogue_data_pipeline/venv/lib/python3.11/site-packages/airflow/example_dags/example_latest_only.py took 0.063 seconds
[2026-01-06T14:26:43.816+1100] {processor.py:161} INFO - Started process (PID=90520) to work on /Users/fionatham/Documents/Projects/vogue_data_pipeline/venv/lib/python3.11/site-packages/airflow/example_dags/example_latest_only.py
[2026-01-06T14:26:43.816+1100] {processor.py:830} INFO - Processing file /Users/fionatham/Documents/Projects/vogue_data_pipeline/venv/lib/python3.11/site-packages/airflow/example_dags/example_latest_only.py for tasks to queue
[2026-01-06T14:26:43.817+1100] {logging_mixin.py:188} INFO - [2026-01-06T14:26:43.817+1100] {dagbag.py:545} INFO - Filling up the DagBag from /Users/fionatham/Documents/Projects/vogue_data_pipeline/venv/lib/python3.11/site-packages/airflow/example_dags/example_latest_only.py
[2026-01-06T14:26:43.820+1100] {processor.py:840} INFO - DAG(s) 'latest_only' retrieved from /Users/fionatham/Documents/Projects/vogue_data_pipeline/venv/lib/python3.11/site-packages/airflow/example_dags/example_latest_only.py
[2026-01-06T14:26:43.862+1100] {logging_mixin.py:188} INFO - [2026-01-06T14:26:43.862+1100] {dag.py:3089} INFO - Sync 1 DAGs
[2026-01-06T14:26:43.868+1100] {logging_mixin.py:188} INFO - [2026-01-06T14:26:43.868+1100] {dag.py:3947} INFO - Setting next_dagrun for latest_only to 2026-01-05 20:00:00+00:00, run_after=2026-01-06 00:00:00+00:00
[2026-01-06T14:26:43.876+1100] {processor.py:183} INFO - Processing /Users/fionatham/Documents/Projects/vogue_data_pipeline/venv/lib/python3.11/site-packages/airflow/example_dags/example_latest_only.py took 0.062 seconds
[2026-01-06T14:28:41.024+1100] {processor.py:161} INFO - Started process (PID=90834) to work on /Users/fionatham/Documents/Projects/vogue_data_pipeline/venv/lib/python3.11/site-packages/airflow/example_dags/example_latest_only.py
[2026-01-06T14:28:41.025+1100] {processor.py:830} INFO - Processing file /Users/fionatham/Documents/Projects/vogue_data_pipeline/venv/lib/python3.11/site-packages/airflow/example_dags/example_latest_only.py for tasks to queue
[2026-01-06T14:28:41.026+1100] {logging_mixin.py:188} INFO - [2026-01-06T14:28:41.026+1100] {dagbag.py:545} INFO - Filling up the DagBag from /Users/fionatham/Documents/Projects/vogue_data_pipeline/venv/lib/python3.11/site-packages/airflow/example_dags/example_latest_only.py
[2026-01-06T14:28:41.029+1100] {processor.py:840} INFO - DAG(s) 'latest_only' retrieved from /Users/fionatham/Documents/Projects/vogue_data_pipeline/venv/lib/python3.11/site-packages/airflow/example_dags/example_latest_only.py
[2026-01-06T14:28:41.076+1100] {logging_mixin.py:188} INFO - [2026-01-06T14:28:41.076+1100] {dag.py:3089} INFO - Sync 1 DAGs
[2026-01-06T14:28:41.083+1100] {logging_mixin.py:188} INFO - [2026-01-06T14:28:41.083+1100] {dag.py:3947} INFO - Setting next_dagrun for latest_only to 2026-01-05 20:00:00+00:00, run_after=2026-01-06 00:00:00+00:00
[2026-01-06T14:28:41.092+1100] {processor.py:183} INFO - Processing /Users/fionatham/Documents/Projects/vogue_data_pipeline/venv/lib/python3.11/site-packages/airflow/example_dags/example_latest_only.py took 0.069 seconds
[2026-01-06T14:30:43.683+1100] {processor.py:161} INFO - Started process (PID=91585) to work on /Users/fionatham/Documents/Projects/vogue_data_pipeline/venv/lib/python3.11/site-packages/airflow/example_dags/example_latest_only.py
[2026-01-06T14:30:43.684+1100] {processor.py:830} INFO - Processing file /Users/fionatham/Documents/Projects/vogue_data_pipeline/venv/lib/python3.11/site-packages/airflow/example_dags/example_latest_only.py for tasks to queue
[2026-01-06T14:30:43.684+1100] {logging_mixin.py:188} INFO - [2026-01-06T14:30:43.684+1100] {dagbag.py:545} INFO - Filling up the DagBag from /Users/fionatham/Documents/Projects/vogue_data_pipeline/venv/lib/python3.11/site-packages/airflow/example_dags/example_latest_only.py
[2026-01-06T14:30:43.687+1100] {processor.py:840} INFO - DAG(s) 'latest_only' retrieved from /Users/fionatham/Documents/Projects/vogue_data_pipeline/venv/lib/python3.11/site-packages/airflow/example_dags/example_latest_only.py
[2026-01-06T14:30:43.733+1100] {logging_mixin.py:188} INFO - [2026-01-06T14:30:43.733+1100] {dag.py:3089} INFO - Sync 1 DAGs
[2026-01-06T14:30:43.739+1100] {logging_mixin.py:188} INFO - [2026-01-06T14:30:43.739+1100] {dag.py:3947} INFO - Setting next_dagrun for latest_only to 2026-01-05 20:00:00+00:00, run_after=2026-01-06 00:00:00+00:00
[2026-01-06T14:30:43.747+1100] {processor.py:183} INFO - Processing /Users/fionatham/Documents/Projects/vogue_data_pipeline/venv/lib/python3.11/site-packages/airflow/example_dags/example_latest_only.py took 0.066 seconds
[2026-01-06T14:32:42.706+1100] {processor.py:161} INFO - Started process (PID=92135) to work on /Users/fionatham/Documents/Projects/vogue_data_pipeline/venv/lib/python3.11/site-packages/airflow/example_dags/example_latest_only.py
[2026-01-06T14:32:42.707+1100] {processor.py:830} INFO - Processing file /Users/fionatham/Documents/Projects/vogue_data_pipeline/venv/lib/python3.11/site-packages/airflow/example_dags/example_latest_only.py for tasks to queue
[2026-01-06T14:32:42.707+1100] {logging_mixin.py:188} INFO - [2026-01-06T14:32:42.707+1100] {dagbag.py:545} INFO - Filling up the DagBag from /Users/fionatham/Documents/Projects/vogue_data_pipeline/venv/lib/python3.11/site-packages/airflow/example_dags/example_latest_only.py
[2026-01-06T14:32:42.711+1100] {processor.py:840} INFO - DAG(s) 'latest_only' retrieved from /Users/fionatham/Documents/Projects/vogue_data_pipeline/venv/lib/python3.11/site-packages/airflow/example_dags/example_latest_only.py
[2026-01-06T14:32:42.755+1100] {logging_mixin.py:188} INFO - [2026-01-06T14:32:42.755+1100] {dag.py:3089} INFO - Sync 1 DAGs
[2026-01-06T14:32:42.761+1100] {logging_mixin.py:188} INFO - [2026-01-06T14:32:42.761+1100] {dag.py:3947} INFO - Setting next_dagrun for latest_only to 2026-01-05 20:00:00+00:00, run_after=2026-01-06 00:00:00+00:00
[2026-01-06T14:32:42.769+1100] {processor.py:183} INFO - Processing /Users/fionatham/Documents/Projects/vogue_data_pipeline/venv/lib/python3.11/site-packages/airflow/example_dags/example_latest_only.py took 0.064 seconds
[2026-01-06T14:34:39.430+1100] {processor.py:161} INFO - Started process (PID=92424) to work on /Users/fionatham/Documents/Projects/vogue_data_pipeline/venv/lib/python3.11/site-packages/airflow/example_dags/example_latest_only.py
[2026-01-06T14:34:39.431+1100] {processor.py:830} INFO - Processing file /Users/fionatham/Documents/Projects/vogue_data_pipeline/venv/lib/python3.11/site-packages/airflow/example_dags/example_latest_only.py for tasks to queue
[2026-01-06T14:34:39.431+1100] {logging_mixin.py:188} INFO - [2026-01-06T14:34:39.431+1100] {dagbag.py:545} INFO - Filling up the DagBag from /Users/fionatham/Documents/Projects/vogue_data_pipeline/venv/lib/python3.11/site-packages/airflow/example_dags/example_latest_only.py
[2026-01-06T14:34:39.434+1100] {processor.py:840} INFO - DAG(s) 'latest_only' retrieved from /Users/fionatham/Documents/Projects/vogue_data_pipeline/venv/lib/python3.11/site-packages/airflow/example_dags/example_latest_only.py
[2026-01-06T14:34:39.481+1100] {logging_mixin.py:188} INFO - [2026-01-06T14:34:39.481+1100] {dag.py:3089} INFO - Sync 1 DAGs
[2026-01-06T14:34:39.487+1100] {logging_mixin.py:188} INFO - [2026-01-06T14:34:39.487+1100] {dag.py:3947} INFO - Setting next_dagrun for latest_only to 2026-01-05 20:00:00+00:00, run_after=2026-01-06 00:00:00+00:00
[2026-01-06T14:34:39.494+1100] {processor.py:183} INFO - Processing /Users/fionatham/Documents/Projects/vogue_data_pipeline/venv/lib/python3.11/site-packages/airflow/example_dags/example_latest_only.py took 0.066 seconds
[2026-01-06T14:36:38.386+1100] {processor.py:161} INFO - Started process (PID=92625) to work on /Users/fionatham/Documents/Projects/vogue_data_pipeline/venv/lib/python3.11/site-packages/airflow/example_dags/example_latest_only.py
[2026-01-06T14:36:38.386+1100] {processor.py:830} INFO - Processing file /Users/fionatham/Documents/Projects/vogue_data_pipeline/venv/lib/python3.11/site-packages/airflow/example_dags/example_latest_only.py for tasks to queue
[2026-01-06T14:36:38.387+1100] {logging_mixin.py:188} INFO - [2026-01-06T14:36:38.387+1100] {dagbag.py:545} INFO - Filling up the DagBag from /Users/fionatham/Documents/Projects/vogue_data_pipeline/venv/lib/python3.11/site-packages/airflow/example_dags/example_latest_only.py
[2026-01-06T14:36:38.391+1100] {processor.py:840} INFO - DAG(s) 'latest_only' retrieved from /Users/fionatham/Documents/Projects/vogue_data_pipeline/venv/lib/python3.11/site-packages/airflow/example_dags/example_latest_only.py
[2026-01-06T14:36:38.436+1100] {logging_mixin.py:188} INFO - [2026-01-06T14:36:38.436+1100] {dag.py:3089} INFO - Sync 1 DAGs
[2026-01-06T14:36:38.443+1100] {logging_mixin.py:188} INFO - [2026-01-06T14:36:38.443+1100] {dag.py:3947} INFO - Setting next_dagrun for latest_only to 2026-01-05 20:00:00+00:00, run_after=2026-01-06 00:00:00+00:00
[2026-01-06T14:36:38.452+1100] {processor.py:183} INFO - Processing /Users/fionatham/Documents/Projects/vogue_data_pipeline/venv/lib/python3.11/site-packages/airflow/example_dags/example_latest_only.py took 0.068 seconds
[2026-01-06T14:38:41.473+1100] {processor.py:161} INFO - Started process (PID=92865) to work on /Users/fionatham/Documents/Projects/vogue_data_pipeline/venv/lib/python3.11/site-packages/airflow/example_dags/example_latest_only.py
[2026-01-06T14:38:41.474+1100] {processor.py:830} INFO - Processing file /Users/fionatham/Documents/Projects/vogue_data_pipeline/venv/lib/python3.11/site-packages/airflow/example_dags/example_latest_only.py for tasks to queue
[2026-01-06T14:38:41.475+1100] {logging_mixin.py:188} INFO - [2026-01-06T14:38:41.475+1100] {dagbag.py:545} INFO - Filling up the DagBag from /Users/fionatham/Documents/Projects/vogue_data_pipeline/venv/lib/python3.11/site-packages/airflow/example_dags/example_latest_only.py
[2026-01-06T14:38:41.479+1100] {processor.py:840} INFO - DAG(s) 'latest_only' retrieved from /Users/fionatham/Documents/Projects/vogue_data_pipeline/venv/lib/python3.11/site-packages/airflow/example_dags/example_latest_only.py
[2026-01-06T14:38:41.534+1100] {logging_mixin.py:188} INFO - [2026-01-06T14:38:41.533+1100] {dag.py:3089} INFO - Sync 1 DAGs
[2026-01-06T14:38:41.543+1100] {logging_mixin.py:188} INFO - [2026-01-06T14:38:41.542+1100] {dag.py:3947} INFO - Setting next_dagrun for latest_only to 2026-01-05 20:00:00+00:00, run_after=2026-01-06 00:00:00+00:00
[2026-01-06T14:38:41.554+1100] {processor.py:183} INFO - Processing /Users/fionatham/Documents/Projects/vogue_data_pipeline/venv/lib/python3.11/site-packages/airflow/example_dags/example_latest_only.py took 0.082 seconds
[2026-01-06T14:40:35.313+1100] {processor.py:161} INFO - Started process (PID=92939) to work on /Users/fionatham/Documents/Projects/vogue_data_pipeline/venv/lib/python3.11/site-packages/airflow/example_dags/example_latest_only.py
[2026-01-06T14:40:35.314+1100] {processor.py:830} INFO - Processing file /Users/fionatham/Documents/Projects/vogue_data_pipeline/venv/lib/python3.11/site-packages/airflow/example_dags/example_latest_only.py for tasks to queue
[2026-01-06T14:40:35.314+1100] {logging_mixin.py:188} INFO - [2026-01-06T14:40:35.314+1100] {dagbag.py:545} INFO - Filling up the DagBag from /Users/fionatham/Documents/Projects/vogue_data_pipeline/venv/lib/python3.11/site-packages/airflow/example_dags/example_latest_only.py
[2026-01-06T14:40:35.317+1100] {processor.py:840} INFO - DAG(s) 'latest_only' retrieved from /Users/fionatham/Documents/Projects/vogue_data_pipeline/venv/lib/python3.11/site-packages/airflow/example_dags/example_latest_only.py
[2026-01-06T14:40:35.361+1100] {logging_mixin.py:188} INFO - [2026-01-06T14:40:35.361+1100] {dag.py:3089} INFO - Sync 1 DAGs
[2026-01-06T14:40:35.368+1100] {logging_mixin.py:188} INFO - [2026-01-06T14:40:35.368+1100] {dag.py:3947} INFO - Setting next_dagrun for latest_only to 2026-01-05 20:00:00+00:00, run_after=2026-01-06 00:00:00+00:00
[2026-01-06T14:40:35.378+1100] {processor.py:183} INFO - Processing /Users/fionatham/Documents/Projects/vogue_data_pipeline/venv/lib/python3.11/site-packages/airflow/example_dags/example_latest_only.py took 0.067 seconds
[2026-01-06T14:42:29.596+1100] {processor.py:161} INFO - Started process (PID=93019) to work on /Users/fionatham/Documents/Projects/vogue_data_pipeline/venv/lib/python3.11/site-packages/airflow/example_dags/example_latest_only.py
[2026-01-06T14:42:29.597+1100] {processor.py:830} INFO - Processing file /Users/fionatham/Documents/Projects/vogue_data_pipeline/venv/lib/python3.11/site-packages/airflow/example_dags/example_latest_only.py for tasks to queue
[2026-01-06T14:42:29.598+1100] {logging_mixin.py:188} INFO - [2026-01-06T14:42:29.598+1100] {dagbag.py:545} INFO - Filling up the DagBag from /Users/fionatham/Documents/Projects/vogue_data_pipeline/venv/lib/python3.11/site-packages/airflow/example_dags/example_latest_only.py
[2026-01-06T14:42:29.601+1100] {processor.py:840} INFO - DAG(s) 'latest_only' retrieved from /Users/fionatham/Documents/Projects/vogue_data_pipeline/venv/lib/python3.11/site-packages/airflow/example_dags/example_latest_only.py
[2026-01-06T14:42:29.645+1100] {logging_mixin.py:188} INFO - [2026-01-06T14:42:29.645+1100] {dag.py:3089} INFO - Sync 1 DAGs
[2026-01-06T14:42:29.651+1100] {logging_mixin.py:188} INFO - [2026-01-06T14:42:29.651+1100] {dag.py:3947} INFO - Setting next_dagrun for latest_only to 2026-01-05 20:00:00+00:00, run_after=2026-01-06 00:00:00+00:00
[2026-01-06T14:42:29.658+1100] {processor.py:183} INFO - Processing /Users/fionatham/Documents/Projects/vogue_data_pipeline/venv/lib/python3.11/site-packages/airflow/example_dags/example_latest_only.py took 0.063 seconds
[2026-01-06T14:44:25.578+1100] {processor.py:161} INFO - Started process (PID=93098) to work on /Users/fionatham/Documents/Projects/vogue_data_pipeline/venv/lib/python3.11/site-packages/airflow/example_dags/example_latest_only.py
[2026-01-06T14:44:25.578+1100] {processor.py:830} INFO - Processing file /Users/fionatham/Documents/Projects/vogue_data_pipeline/venv/lib/python3.11/site-packages/airflow/example_dags/example_latest_only.py for tasks to queue
[2026-01-06T14:44:25.579+1100] {logging_mixin.py:188} INFO - [2026-01-06T14:44:25.579+1100] {dagbag.py:545} INFO - Filling up the DagBag from /Users/fionatham/Documents/Projects/vogue_data_pipeline/venv/lib/python3.11/site-packages/airflow/example_dags/example_latest_only.py
[2026-01-06T14:44:25.582+1100] {processor.py:840} INFO - DAG(s) 'latest_only' retrieved from /Users/fionatham/Documents/Projects/vogue_data_pipeline/venv/lib/python3.11/site-packages/airflow/example_dags/example_latest_only.py
[2026-01-06T14:44:25.628+1100] {logging_mixin.py:188} INFO - [2026-01-06T14:44:25.628+1100] {dag.py:3089} INFO - Sync 1 DAGs
[2026-01-06T14:44:25.634+1100] {logging_mixin.py:188} INFO - [2026-01-06T14:44:25.634+1100] {dag.py:3947} INFO - Setting next_dagrun for latest_only to 2026-01-05 20:00:00+00:00, run_after=2026-01-06 00:00:00+00:00
[2026-01-06T14:44:25.641+1100] {processor.py:183} INFO - Processing /Users/fionatham/Documents/Projects/vogue_data_pipeline/venv/lib/python3.11/site-packages/airflow/example_dags/example_latest_only.py took 0.065 seconds
[2026-01-06T14:46:21.981+1100] {processor.py:161} INFO - Started process (PID=93179) to work on /Users/fionatham/Documents/Projects/vogue_data_pipeline/venv/lib/python3.11/site-packages/airflow/example_dags/example_latest_only.py
[2026-01-06T14:46:21.981+1100] {processor.py:830} INFO - Processing file /Users/fionatham/Documents/Projects/vogue_data_pipeline/venv/lib/python3.11/site-packages/airflow/example_dags/example_latest_only.py for tasks to queue
[2026-01-06T14:46:21.981+1100] {logging_mixin.py:188} INFO - [2026-01-06T14:46:21.981+1100] {dagbag.py:545} INFO - Filling up the DagBag from /Users/fionatham/Documents/Projects/vogue_data_pipeline/venv/lib/python3.11/site-packages/airflow/example_dags/example_latest_only.py
[2026-01-06T14:46:21.985+1100] {processor.py:840} INFO - DAG(s) 'latest_only' retrieved from /Users/fionatham/Documents/Projects/vogue_data_pipeline/venv/lib/python3.11/site-packages/airflow/example_dags/example_latest_only.py
[2026-01-06T14:46:22.028+1100] {logging_mixin.py:188} INFO - [2026-01-06T14:46:22.028+1100] {dag.py:3089} INFO - Sync 1 DAGs
[2026-01-06T14:46:22.034+1100] {logging_mixin.py:188} INFO - [2026-01-06T14:46:22.034+1100] {dag.py:3947} INFO - Setting next_dagrun for latest_only to 2026-01-05 20:00:00+00:00, run_after=2026-01-06 00:00:00+00:00
[2026-01-06T14:46:22.041+1100] {processor.py:183} INFO - Processing /Users/fionatham/Documents/Projects/vogue_data_pipeline/venv/lib/python3.11/site-packages/airflow/example_dags/example_latest_only.py took 0.061 seconds
[2026-01-06T14:48:18.598+1100] {processor.py:161} INFO - Started process (PID=93259) to work on /Users/fionatham/Documents/Projects/vogue_data_pipeline/venv/lib/python3.11/site-packages/airflow/example_dags/example_latest_only.py
[2026-01-06T14:48:18.598+1100] {processor.py:830} INFO - Processing file /Users/fionatham/Documents/Projects/vogue_data_pipeline/venv/lib/python3.11/site-packages/airflow/example_dags/example_latest_only.py for tasks to queue
[2026-01-06T14:48:18.599+1100] {logging_mixin.py:188} INFO - [2026-01-06T14:48:18.599+1100] {dagbag.py:545} INFO - Filling up the DagBag from /Users/fionatham/Documents/Projects/vogue_data_pipeline/venv/lib/python3.11/site-packages/airflow/example_dags/example_latest_only.py
[2026-01-06T14:48:18.603+1100] {processor.py:840} INFO - DAG(s) 'latest_only' retrieved from /Users/fionatham/Documents/Projects/vogue_data_pipeline/venv/lib/python3.11/site-packages/airflow/example_dags/example_latest_only.py
[2026-01-06T14:48:18.659+1100] {logging_mixin.py:188} INFO - [2026-01-06T14:48:18.659+1100] {dag.py:3089} INFO - Sync 1 DAGs
[2026-01-06T14:48:18.668+1100] {logging_mixin.py:188} INFO - [2026-01-06T14:48:18.667+1100] {dag.py:3947} INFO - Setting next_dagrun for latest_only to 2026-01-05 20:00:00+00:00, run_after=2026-01-06 00:00:00+00:00
[2026-01-06T14:48:18.676+1100] {processor.py:183} INFO - Processing /Users/fionatham/Documents/Projects/vogue_data_pipeline/venv/lib/python3.11/site-packages/airflow/example_dags/example_latest_only.py took 0.080 seconds
[2026-01-06T14:50:17.798+1100] {processor.py:161} INFO - Started process (PID=93364) to work on /Users/fionatham/Documents/Projects/vogue_data_pipeline/venv/lib/python3.11/site-packages/airflow/example_dags/example_latest_only.py
[2026-01-06T14:50:17.799+1100] {processor.py:830} INFO - Processing file /Users/fionatham/Documents/Projects/vogue_data_pipeline/venv/lib/python3.11/site-packages/airflow/example_dags/example_latest_only.py for tasks to queue
[2026-01-06T14:50:17.800+1100] {logging_mixin.py:188} INFO - [2026-01-06T14:50:17.799+1100] {dagbag.py:545} INFO - Filling up the DagBag from /Users/fionatham/Documents/Projects/vogue_data_pipeline/venv/lib/python3.11/site-packages/airflow/example_dags/example_latest_only.py
[2026-01-06T14:50:17.803+1100] {processor.py:840} INFO - DAG(s) 'latest_only' retrieved from /Users/fionatham/Documents/Projects/vogue_data_pipeline/venv/lib/python3.11/site-packages/airflow/example_dags/example_latest_only.py
[2026-01-06T14:50:17.843+1100] {logging_mixin.py:188} INFO - [2026-01-06T14:50:17.843+1100] {dag.py:3089} INFO - Sync 1 DAGs
[2026-01-06T14:50:17.849+1100] {logging_mixin.py:188} INFO - [2026-01-06T14:50:17.849+1100] {dag.py:3947} INFO - Setting next_dagrun for latest_only to 2026-01-05 20:00:00+00:00, run_after=2026-01-06 00:00:00+00:00
[2026-01-06T14:50:17.856+1100] {processor.py:183} INFO - Processing /Users/fionatham/Documents/Projects/vogue_data_pipeline/venv/lib/python3.11/site-packages/airflow/example_dags/example_latest_only.py took 0.059 seconds
[2026-01-06T14:52:10.423+1100] {processor.py:161} INFO - Started process (PID=93472) to work on /Users/fionatham/Documents/Projects/vogue_data_pipeline/venv/lib/python3.11/site-packages/airflow/example_dags/example_latest_only.py
[2026-01-06T14:52:10.423+1100] {processor.py:830} INFO - Processing file /Users/fionatham/Documents/Projects/vogue_data_pipeline/venv/lib/python3.11/site-packages/airflow/example_dags/example_latest_only.py for tasks to queue
[2026-01-06T14:52:10.424+1100] {logging_mixin.py:188} INFO - [2026-01-06T14:52:10.424+1100] {dagbag.py:545} INFO - Filling up the DagBag from /Users/fionatham/Documents/Projects/vogue_data_pipeline/venv/lib/python3.11/site-packages/airflow/example_dags/example_latest_only.py
[2026-01-06T14:52:10.427+1100] {processor.py:840} INFO - DAG(s) 'latest_only' retrieved from /Users/fionatham/Documents/Projects/vogue_data_pipeline/venv/lib/python3.11/site-packages/airflow/example_dags/example_latest_only.py
[2026-01-06T14:52:10.470+1100] {logging_mixin.py:188} INFO - [2026-01-06T14:52:10.470+1100] {dag.py:3089} INFO - Sync 1 DAGs
[2026-01-06T14:52:10.476+1100] {logging_mixin.py:188} INFO - [2026-01-06T14:52:10.476+1100] {dag.py:3947} INFO - Setting next_dagrun for latest_only to 2026-01-05 20:00:00+00:00, run_after=2026-01-06 00:00:00+00:00
[2026-01-06T14:52:10.483+1100] {processor.py:183} INFO - Processing /Users/fionatham/Documents/Projects/vogue_data_pipeline/venv/lib/python3.11/site-packages/airflow/example_dags/example_latest_only.py took 0.062 seconds
[2026-01-06T14:54:05.664+1100] {processor.py:161} INFO - Started process (PID=93622) to work on /Users/fionatham/Documents/Projects/vogue_data_pipeline/venv/lib/python3.11/site-packages/airflow/example_dags/example_latest_only.py
[2026-01-06T14:54:05.665+1100] {processor.py:830} INFO - Processing file /Users/fionatham/Documents/Projects/vogue_data_pipeline/venv/lib/python3.11/site-packages/airflow/example_dags/example_latest_only.py for tasks to queue
[2026-01-06T14:54:05.665+1100] {logging_mixin.py:188} INFO - [2026-01-06T14:54:05.665+1100] {dagbag.py:545} INFO - Filling up the DagBag from /Users/fionatham/Documents/Projects/vogue_data_pipeline/venv/lib/python3.11/site-packages/airflow/example_dags/example_latest_only.py
[2026-01-06T14:54:05.668+1100] {processor.py:840} INFO - DAG(s) 'latest_only' retrieved from /Users/fionatham/Documents/Projects/vogue_data_pipeline/venv/lib/python3.11/site-packages/airflow/example_dags/example_latest_only.py
[2026-01-06T14:54:05.715+1100] {logging_mixin.py:188} INFO - [2026-01-06T14:54:05.715+1100] {dag.py:3089} INFO - Sync 1 DAGs
[2026-01-06T14:54:05.722+1100] {logging_mixin.py:188} INFO - [2026-01-06T14:54:05.722+1100] {dag.py:3947} INFO - Setting next_dagrun for latest_only to 2026-01-05 20:00:00+00:00, run_after=2026-01-06 00:00:00+00:00
[2026-01-06T14:54:05.730+1100] {processor.py:183} INFO - Processing /Users/fionatham/Documents/Projects/vogue_data_pipeline/venv/lib/python3.11/site-packages/airflow/example_dags/example_latest_only.py took 0.067 seconds
[2026-01-06T14:56:03.375+1100] {processor.py:161} INFO - Started process (PID=93770) to work on /Users/fionatham/Documents/Projects/vogue_data_pipeline/venv/lib/python3.11/site-packages/airflow/example_dags/example_latest_only.py
[2026-01-06T14:56:03.377+1100] {processor.py:830} INFO - Processing file /Users/fionatham/Documents/Projects/vogue_data_pipeline/venv/lib/python3.11/site-packages/airflow/example_dags/example_latest_only.py for tasks to queue
[2026-01-06T14:56:03.377+1100] {logging_mixin.py:188} INFO - [2026-01-06T14:56:03.377+1100] {dagbag.py:545} INFO - Filling up the DagBag from /Users/fionatham/Documents/Projects/vogue_data_pipeline/venv/lib/python3.11/site-packages/airflow/example_dags/example_latest_only.py
[2026-01-06T14:56:03.381+1100] {processor.py:840} INFO - DAG(s) 'latest_only' retrieved from /Users/fionatham/Documents/Projects/vogue_data_pipeline/venv/lib/python3.11/site-packages/airflow/example_dags/example_latest_only.py
[2026-01-06T14:56:03.427+1100] {logging_mixin.py:188} INFO - [2026-01-06T14:56:03.427+1100] {dag.py:3089} INFO - Sync 1 DAGs
[2026-01-06T14:56:03.434+1100] {logging_mixin.py:188} INFO - [2026-01-06T14:56:03.433+1100] {dag.py:3947} INFO - Setting next_dagrun for latest_only to 2026-01-05 20:00:00+00:00, run_after=2026-01-06 00:00:00+00:00
[2026-01-06T14:56:03.442+1100] {processor.py:183} INFO - Processing /Users/fionatham/Documents/Projects/vogue_data_pipeline/venv/lib/python3.11/site-packages/airflow/example_dags/example_latest_only.py took 0.068 seconds
[2026-01-06T14:58:02.002+1100] {processor.py:161} INFO - Started process (PID=93879) to work on /Users/fionatham/Documents/Projects/vogue_data_pipeline/venv/lib/python3.11/site-packages/airflow/example_dags/example_latest_only.py
[2026-01-06T14:58:02.004+1100] {processor.py:830} INFO - Processing file /Users/fionatham/Documents/Projects/vogue_data_pipeline/venv/lib/python3.11/site-packages/airflow/example_dags/example_latest_only.py for tasks to queue
[2026-01-06T14:58:02.004+1100] {logging_mixin.py:188} INFO - [2026-01-06T14:58:02.004+1100] {dagbag.py:545} INFO - Filling up the DagBag from /Users/fionatham/Documents/Projects/vogue_data_pipeline/venv/lib/python3.11/site-packages/airflow/example_dags/example_latest_only.py
[2026-01-06T14:58:02.007+1100] {processor.py:840} INFO - DAG(s) 'latest_only' retrieved from /Users/fionatham/Documents/Projects/vogue_data_pipeline/venv/lib/python3.11/site-packages/airflow/example_dags/example_latest_only.py
[2026-01-06T14:58:02.049+1100] {logging_mixin.py:188} INFO - [2026-01-06T14:58:02.049+1100] {dag.py:3089} INFO - Sync 1 DAGs
[2026-01-06T14:58:02.055+1100] {logging_mixin.py:188} INFO - [2026-01-06T14:58:02.055+1100] {dag.py:3947} INFO - Setting next_dagrun for latest_only to 2026-01-05 20:00:00+00:00, run_after=2026-01-06 00:00:00+00:00
[2026-01-06T14:58:02.062+1100] {processor.py:183} INFO - Processing /Users/fionatham/Documents/Projects/vogue_data_pipeline/venv/lib/python3.11/site-packages/airflow/example_dags/example_latest_only.py took 0.061 seconds
[2026-01-06T15:00:00.368+1100] {processor.py:161} INFO - Started process (PID=94067) to work on /Users/fionatham/Documents/Projects/vogue_data_pipeline/venv/lib/python3.11/site-packages/airflow/example_dags/example_latest_only.py
[2026-01-06T15:00:00.368+1100] {processor.py:830} INFO - Processing file /Users/fionatham/Documents/Projects/vogue_data_pipeline/venv/lib/python3.11/site-packages/airflow/example_dags/example_latest_only.py for tasks to queue
[2026-01-06T15:00:00.369+1100] {logging_mixin.py:188} INFO - [2026-01-06T15:00:00.369+1100] {dagbag.py:545} INFO - Filling up the DagBag from /Users/fionatham/Documents/Projects/vogue_data_pipeline/venv/lib/python3.11/site-packages/airflow/example_dags/example_latest_only.py
[2026-01-06T15:00:00.372+1100] {processor.py:840} INFO - DAG(s) 'latest_only' retrieved from /Users/fionatham/Documents/Projects/vogue_data_pipeline/venv/lib/python3.11/site-packages/airflow/example_dags/example_latest_only.py
[2026-01-06T15:00:00.418+1100] {logging_mixin.py:188} INFO - [2026-01-06T15:00:00.418+1100] {dag.py:3089} INFO - Sync 1 DAGs
[2026-01-06T15:00:00.425+1100] {logging_mixin.py:188} INFO - [2026-01-06T15:00:00.425+1100] {dag.py:3947} INFO - Setting next_dagrun for latest_only to 2026-01-06 00:00:00+00:00, run_after=2026-01-06 04:00:00+00:00
[2026-01-06T15:00:00.433+1100] {processor.py:183} INFO - Processing /Users/fionatham/Documents/Projects/vogue_data_pipeline/venv/lib/python3.11/site-packages/airflow/example_dags/example_latest_only.py took 0.067 seconds
[2026-01-06T15:01:59.168+1100] {processor.py:161} INFO - Started process (PID=94200) to work on /Users/fionatham/Documents/Projects/vogue_data_pipeline/venv/lib/python3.11/site-packages/airflow/example_dags/example_latest_only.py
[2026-01-06T15:01:59.169+1100] {processor.py:830} INFO - Processing file /Users/fionatham/Documents/Projects/vogue_data_pipeline/venv/lib/python3.11/site-packages/airflow/example_dags/example_latest_only.py for tasks to queue
[2026-01-06T15:01:59.169+1100] {logging_mixin.py:188} INFO - [2026-01-06T15:01:59.169+1100] {dagbag.py:545} INFO - Filling up the DagBag from /Users/fionatham/Documents/Projects/vogue_data_pipeline/venv/lib/python3.11/site-packages/airflow/example_dags/example_latest_only.py
[2026-01-06T15:01:59.172+1100] {processor.py:840} INFO - DAG(s) 'latest_only' retrieved from /Users/fionatham/Documents/Projects/vogue_data_pipeline/venv/lib/python3.11/site-packages/airflow/example_dags/example_latest_only.py
[2026-01-06T15:01:59.216+1100] {logging_mixin.py:188} INFO - [2026-01-06T15:01:59.216+1100] {dag.py:3089} INFO - Sync 1 DAGs
[2026-01-06T15:01:59.222+1100] {logging_mixin.py:188} INFO - [2026-01-06T15:01:59.222+1100] {dag.py:3947} INFO - Setting next_dagrun for latest_only to 2026-01-06 00:00:00+00:00, run_after=2026-01-06 04:00:00+00:00
[2026-01-06T15:01:59.229+1100] {processor.py:183} INFO - Processing /Users/fionatham/Documents/Projects/vogue_data_pipeline/venv/lib/python3.11/site-packages/airflow/example_dags/example_latest_only.py took 0.062 seconds
[2026-01-06T15:03:59.752+1100] {processor.py:161} INFO - Started process (PID=94551) to work on /Users/fionatham/Documents/Projects/vogue_data_pipeline/venv/lib/python3.11/site-packages/airflow/example_dags/example_latest_only.py
[2026-01-06T15:03:59.753+1100] {processor.py:830} INFO - Processing file /Users/fionatham/Documents/Projects/vogue_data_pipeline/venv/lib/python3.11/site-packages/airflow/example_dags/example_latest_only.py for tasks to queue
[2026-01-06T15:03:59.753+1100] {logging_mixin.py:188} INFO - [2026-01-06T15:03:59.753+1100] {dagbag.py:545} INFO - Filling up the DagBag from /Users/fionatham/Documents/Projects/vogue_data_pipeline/venv/lib/python3.11/site-packages/airflow/example_dags/example_latest_only.py
[2026-01-06T15:03:59.757+1100] {processor.py:840} INFO - DAG(s) 'latest_only' retrieved from /Users/fionatham/Documents/Projects/vogue_data_pipeline/venv/lib/python3.11/site-packages/airflow/example_dags/example_latest_only.py
[2026-01-06T15:03:59.798+1100] {logging_mixin.py:188} INFO - [2026-01-06T15:03:59.798+1100] {dag.py:3089} INFO - Sync 1 DAGs
[2026-01-06T15:03:59.805+1100] {logging_mixin.py:188} INFO - [2026-01-06T15:03:59.805+1100] {dag.py:3947} INFO - Setting next_dagrun for latest_only to 2026-01-06 00:00:00+00:00, run_after=2026-01-06 04:00:00+00:00
[2026-01-06T15:03:59.813+1100] {processor.py:183} INFO - Processing /Users/fionatham/Documents/Projects/vogue_data_pipeline/venv/lib/python3.11/site-packages/airflow/example_dags/example_latest_only.py took 0.062 seconds
[2026-01-06T15:05:58.203+1100] {processor.py:161} INFO - Started process (PID=94644) to work on /Users/fionatham/Documents/Projects/vogue_data_pipeline/venv/lib/python3.11/site-packages/airflow/example_dags/example_latest_only.py
[2026-01-06T15:05:58.204+1100] {processor.py:830} INFO - Processing file /Users/fionatham/Documents/Projects/vogue_data_pipeline/venv/lib/python3.11/site-packages/airflow/example_dags/example_latest_only.py for tasks to queue
[2026-01-06T15:05:58.204+1100] {logging_mixin.py:188} INFO - [2026-01-06T15:05:58.204+1100] {dagbag.py:545} INFO - Filling up the DagBag from /Users/fionatham/Documents/Projects/vogue_data_pipeline/venv/lib/python3.11/site-packages/airflow/example_dags/example_latest_only.py
[2026-01-06T15:05:58.208+1100] {processor.py:840} INFO - DAG(s) 'latest_only' retrieved from /Users/fionatham/Documents/Projects/vogue_data_pipeline/venv/lib/python3.11/site-packages/airflow/example_dags/example_latest_only.py
[2026-01-06T15:05:58.252+1100] {logging_mixin.py:188} INFO - [2026-01-06T15:05:58.251+1100] {dag.py:3089} INFO - Sync 1 DAGs
[2026-01-06T15:05:58.260+1100] {logging_mixin.py:188} INFO - [2026-01-06T15:05:58.260+1100] {dag.py:3947} INFO - Setting next_dagrun for latest_only to 2026-01-06 00:00:00+00:00, run_after=2026-01-06 04:00:00+00:00
[2026-01-06T15:05:58.272+1100] {processor.py:183} INFO - Processing /Users/fionatham/Documents/Projects/vogue_data_pipeline/venv/lib/python3.11/site-packages/airflow/example_dags/example_latest_only.py took 0.070 seconds
[2026-01-06T15:12:59.077+1100] {processor.py:161} INFO - Started process (PID=95283) to work on /Users/fionatham/Documents/Projects/vogue_data_pipeline/venv/lib/python3.11/site-packages/airflow/example_dags/example_latest_only.py
[2026-01-06T15:12:59.078+1100] {processor.py:830} INFO - Processing file /Users/fionatham/Documents/Projects/vogue_data_pipeline/venv/lib/python3.11/site-packages/airflow/example_dags/example_latest_only.py for tasks to queue
[2026-01-06T15:12:59.078+1100] {logging_mixin.py:188} INFO - [2026-01-06T15:12:59.078+1100] {dagbag.py:545} INFO - Filling up the DagBag from /Users/fionatham/Documents/Projects/vogue_data_pipeline/venv/lib/python3.11/site-packages/airflow/example_dags/example_latest_only.py
[2026-01-06T15:12:59.082+1100] {processor.py:840} INFO - DAG(s) 'latest_only' retrieved from /Users/fionatham/Documents/Projects/vogue_data_pipeline/venv/lib/python3.11/site-packages/airflow/example_dags/example_latest_only.py
[2026-01-06T15:12:59.128+1100] {logging_mixin.py:188} INFO - [2026-01-06T15:12:59.128+1100] {dag.py:3089} INFO - Sync 1 DAGs
[2026-01-06T15:12:59.135+1100] {logging_mixin.py:188} INFO - [2026-01-06T15:12:59.135+1100] {dag.py:3947} INFO - Setting next_dagrun for latest_only to 2026-01-06 00:00:00+00:00, run_after=2026-01-06 04:00:00+00:00
[2026-01-06T15:12:59.143+1100] {processor.py:183} INFO - Processing /Users/fionatham/Documents/Projects/vogue_data_pipeline/venv/lib/python3.11/site-packages/airflow/example_dags/example_latest_only.py took 0.067 seconds
[2026-01-06T15:31:58.378+1100] {processor.py:161} INFO - Started process (PID=95489) to work on /Users/fionatham/Documents/Projects/vogue_data_pipeline/venv/lib/python3.11/site-packages/airflow/example_dags/example_latest_only.py
[2026-01-06T15:31:58.379+1100] {processor.py:830} INFO - Processing file /Users/fionatham/Documents/Projects/vogue_data_pipeline/venv/lib/python3.11/site-packages/airflow/example_dags/example_latest_only.py for tasks to queue
[2026-01-06T15:31:58.379+1100] {logging_mixin.py:188} INFO - [2026-01-06T15:31:58.379+1100] {dagbag.py:545} INFO - Filling up the DagBag from /Users/fionatham/Documents/Projects/vogue_data_pipeline/venv/lib/python3.11/site-packages/airflow/example_dags/example_latest_only.py
[2026-01-06T15:31:58.382+1100] {processor.py:840} INFO - DAG(s) 'latest_only' retrieved from /Users/fionatham/Documents/Projects/vogue_data_pipeline/venv/lib/python3.11/site-packages/airflow/example_dags/example_latest_only.py
[2026-01-06T15:31:58.425+1100] {logging_mixin.py:188} INFO - [2026-01-06T15:31:58.425+1100] {dag.py:3089} INFO - Sync 1 DAGs
[2026-01-06T15:31:58.431+1100] {logging_mixin.py:188} INFO - [2026-01-06T15:31:58.431+1100] {dag.py:3947} INFO - Setting next_dagrun for latest_only to 2026-01-06 00:00:00+00:00, run_after=2026-01-06 04:00:00+00:00
[2026-01-06T15:31:58.439+1100] {processor.py:183} INFO - Processing /Users/fionatham/Documents/Projects/vogue_data_pipeline/venv/lib/python3.11/site-packages/airflow/example_dags/example_latest_only.py took 0.062 seconds
[2026-01-06T18:32:11.139+1100] {processor.py:161} INFO - Started process (PID=95601) to work on /Users/fionatham/Documents/Projects/vogue_data_pipeline/venv/lib/python3.11/site-packages/airflow/example_dags/example_latest_only.py
[2026-01-06T18:32:11.140+1100] {processor.py:830} INFO - Processing file /Users/fionatham/Documents/Projects/vogue_data_pipeline/venv/lib/python3.11/site-packages/airflow/example_dags/example_latest_only.py for tasks to queue
[2026-01-06T18:32:11.141+1100] {logging_mixin.py:188} INFO - [2026-01-06T18:32:11.141+1100] {dagbag.py:545} INFO - Filling up the DagBag from /Users/fionatham/Documents/Projects/vogue_data_pipeline/venv/lib/python3.11/site-packages/airflow/example_dags/example_latest_only.py
[2026-01-06T18:32:11.144+1100] {processor.py:840} INFO - DAG(s) 'latest_only' retrieved from /Users/fionatham/Documents/Projects/vogue_data_pipeline/venv/lib/python3.11/site-packages/airflow/example_dags/example_latest_only.py
[2026-01-06T18:32:11.189+1100] {logging_mixin.py:188} INFO - [2026-01-06T18:32:11.188+1100] {dag.py:3089} INFO - Sync 1 DAGs
[2026-01-06T18:32:11.195+1100] {logging_mixin.py:188} INFO - [2026-01-06T18:32:11.194+1100] {dag.py:3947} INFO - Setting next_dagrun for latest_only to 2026-01-06 00:00:00+00:00, run_after=2026-01-06 04:00:00+00:00
[2026-01-06T18:32:11.202+1100] {processor.py:183} INFO - Processing /Users/fionatham/Documents/Projects/vogue_data_pipeline/venv/lib/python3.11/site-packages/airflow/example_dags/example_latest_only.py took 0.064 seconds
[2026-01-06T20:51:56.217+1100] {processor.py:161} INFO - Started process (PID=95750) to work on /Users/fionatham/Documents/Projects/vogue_data_pipeline/venv/lib/python3.11/site-packages/airflow/example_dags/example_latest_only.py
[2026-01-06T20:51:56.218+1100] {processor.py:830} INFO - Processing file /Users/fionatham/Documents/Projects/vogue_data_pipeline/venv/lib/python3.11/site-packages/airflow/example_dags/example_latest_only.py for tasks to queue
[2026-01-06T20:51:56.218+1100] {logging_mixin.py:188} INFO - [2026-01-06T20:51:56.218+1100] {dagbag.py:545} INFO - Filling up the DagBag from /Users/fionatham/Documents/Projects/vogue_data_pipeline/venv/lib/python3.11/site-packages/airflow/example_dags/example_latest_only.py
[2026-01-06T20:51:56.222+1100] {processor.py:840} INFO - DAG(s) 'latest_only' retrieved from /Users/fionatham/Documents/Projects/vogue_data_pipeline/venv/lib/python3.11/site-packages/airflow/example_dags/example_latest_only.py
[2026-01-06T20:51:56.271+1100] {logging_mixin.py:188} INFO - [2026-01-06T20:51:56.271+1100] {dag.py:3089} INFO - Sync 1 DAGs
[2026-01-06T20:51:56.278+1100] {logging_mixin.py:188} INFO - [2026-01-06T20:51:56.278+1100] {dag.py:3947} INFO - Setting next_dagrun for latest_only to 2026-01-06 04:00:00+00:00, run_after=2026-01-06 08:00:00+00:00
[2026-01-06T20:51:56.287+1100] {processor.py:183} INFO - Processing /Users/fionatham/Documents/Projects/vogue_data_pipeline/venv/lib/python3.11/site-packages/airflow/example_dags/example_latest_only.py took 0.073 seconds
[2026-01-06T22:06:39.398+1100] {processor.py:161} INFO - Started process (PID=95883) to work on /Users/fionatham/Documents/Projects/vogue_data_pipeline/venv/lib/python3.11/site-packages/airflow/example_dags/example_latest_only.py
[2026-01-06T22:06:39.398+1100] {processor.py:830} INFO - Processing file /Users/fionatham/Documents/Projects/vogue_data_pipeline/venv/lib/python3.11/site-packages/airflow/example_dags/example_latest_only.py for tasks to queue
[2026-01-06T22:06:39.399+1100] {logging_mixin.py:188} INFO - [2026-01-06T22:06:39.399+1100] {dagbag.py:545} INFO - Filling up the DagBag from /Users/fionatham/Documents/Projects/vogue_data_pipeline/venv/lib/python3.11/site-packages/airflow/example_dags/example_latest_only.py
[2026-01-06T22:06:39.402+1100] {processor.py:840} INFO - DAG(s) 'latest_only' retrieved from /Users/fionatham/Documents/Projects/vogue_data_pipeline/venv/lib/python3.11/site-packages/airflow/example_dags/example_latest_only.py
[2026-01-06T22:06:39.444+1100] {logging_mixin.py:188} INFO - [2026-01-06T22:06:39.443+1100] {dag.py:3089} INFO - Sync 1 DAGs
[2026-01-06T22:06:39.450+1100] {logging_mixin.py:188} INFO - [2026-01-06T22:06:39.450+1100] {dag.py:3947} INFO - Setting next_dagrun for latest_only to 2026-01-06 04:00:00+00:00, run_after=2026-01-06 08:00:00+00:00
[2026-01-06T22:06:39.457+1100] {processor.py:183} INFO - Processing /Users/fionatham/Documents/Projects/vogue_data_pipeline/venv/lib/python3.11/site-packages/airflow/example_dags/example_latest_only.py took 0.060 seconds
[2026-01-06T23:56:56.182+1100] {processor.py:161} INFO - Started process (PID=96022) to work on /Users/fionatham/Documents/Projects/vogue_data_pipeline/venv/lib/python3.11/site-packages/airflow/example_dags/example_latest_only.py
[2026-01-06T23:56:56.184+1100] {processor.py:830} INFO - Processing file /Users/fionatham/Documents/Projects/vogue_data_pipeline/venv/lib/python3.11/site-packages/airflow/example_dags/example_latest_only.py for tasks to queue
[2026-01-06T23:56:56.185+1100] {logging_mixin.py:188} INFO - [2026-01-06T23:56:56.185+1100] {dagbag.py:545} INFO - Filling up the DagBag from /Users/fionatham/Documents/Projects/vogue_data_pipeline/venv/lib/python3.11/site-packages/airflow/example_dags/example_latest_only.py
[2026-01-06T23:56:56.189+1100] {processor.py:840} INFO - DAG(s) 'latest_only' retrieved from /Users/fionatham/Documents/Projects/vogue_data_pipeline/venv/lib/python3.11/site-packages/airflow/example_dags/example_latest_only.py
[2026-01-06T23:56:56.236+1100] {logging_mixin.py:188} INFO - [2026-01-06T23:56:56.235+1100] {dag.py:3089} INFO - Sync 1 DAGs
[2026-01-06T23:56:56.243+1100] {logging_mixin.py:188} INFO - [2026-01-06T23:56:56.243+1100] {dag.py:3947} INFO - Setting next_dagrun for latest_only to 2026-01-06 08:00:00+00:00, run_after=2026-01-06 12:00:00+00:00
[2026-01-06T23:56:56.251+1100] {processor.py:183} INFO - Processing /Users/fionatham/Documents/Projects/vogue_data_pipeline/venv/lib/python3.11/site-packages/airflow/example_dags/example_latest_only.py took 0.070 seconds
