[2026-01-06T13:57:14.025+1100] {processor.py:161} INFO - Started process (PID=85264) to work on /Users/fionatham/Documents/Projects/vogue_data_pipeline/venv/lib/python3.11/site-packages/airflow/example_dags/example_setup_teardown.py
[2026-01-06T13:57:14.026+1100] {processor.py:830} INFO - Processing file /Users/fionatham/Documents/Projects/vogue_data_pipeline/venv/lib/python3.11/site-packages/airflow/example_dags/example_setup_teardown.py for tasks to queue
[2026-01-06T13:57:14.026+1100] {logging_mixin.py:188} INFO - [2026-01-06T13:57:14.026+1100] {dagbag.py:545} INFO - Filling up the DagBag from /Users/fionatham/Documents/Projects/vogue_data_pipeline/venv/lib/python3.11/site-packages/airflow/example_dags/example_setup_teardown.py
[2026-01-06T13:57:14.030+1100] {processor.py:840} INFO - DAG(s) 'example_setup_teardown' retrieved from /Users/fionatham/Documents/Projects/vogue_data_pipeline/venv/lib/python3.11/site-packages/airflow/example_dags/example_setup_teardown.py
[2026-01-06T13:57:14.110+1100] {logging_mixin.py:188} INFO - [2026-01-06T13:57:14.110+1100] {override.py:1858} INFO - Created Permission View: can read on DAG:example_setup_teardown
[2026-01-06T13:57:14.113+1100] {logging_mixin.py:188} INFO - [2026-01-06T13:57:14.113+1100] {override.py:1858} INFO - Created Permission View: can edit on DAG:example_setup_teardown
[2026-01-06T13:57:14.115+1100] {logging_mixin.py:188} INFO - [2026-01-06T13:57:14.115+1100] {override.py:1858} INFO - Created Permission View: can delete on DAG:example_setup_teardown
[2026-01-06T13:57:14.116+1100] {logging_mixin.py:188} INFO - [2026-01-06T13:57:14.116+1100] {dag.py:3089} INFO - Sync 1 DAGs
[2026-01-06T13:57:14.147+1100] {logging_mixin.py:188} INFO - [2026-01-06T13:57:14.147+1100] {dag.py:3111} INFO - Creating ORM DAG for example_setup_teardown
[2026-01-06T13:57:14.150+1100] {logging_mixin.py:188} INFO - [2026-01-06T13:57:14.150+1100] {dag.py:3947} INFO - Setting next_dagrun for example_setup_teardown to 2026-01-05 00:00:00+00:00, run_after=2026-01-06 00:00:00+00:00
[2026-01-06T13:57:14.158+1100] {processor.py:183} INFO - Processing /Users/fionatham/Documents/Projects/vogue_data_pipeline/venv/lib/python3.11/site-packages/airflow/example_dags/example_setup_teardown.py took 0.134 seconds
[2026-01-06T13:58:44.563+1100] {processor.py:161} INFO - Started process (PID=85987) to work on /Users/fionatham/Documents/Projects/vogue_data_pipeline/venv/lib/python3.11/site-packages/airflow/example_dags/example_setup_teardown.py
[2026-01-06T13:58:44.564+1100] {processor.py:830} INFO - Processing file /Users/fionatham/Documents/Projects/vogue_data_pipeline/venv/lib/python3.11/site-packages/airflow/example_dags/example_setup_teardown.py for tasks to queue
[2026-01-06T13:58:44.564+1100] {logging_mixin.py:188} INFO - [2026-01-06T13:58:44.564+1100] {dagbag.py:545} INFO - Filling up the DagBag from /Users/fionatham/Documents/Projects/vogue_data_pipeline/venv/lib/python3.11/site-packages/airflow/example_dags/example_setup_teardown.py
[2026-01-06T13:58:44.569+1100] {processor.py:840} INFO - DAG(s) 'example_setup_teardown' retrieved from /Users/fionatham/Documents/Projects/vogue_data_pipeline/venv/lib/python3.11/site-packages/airflow/example_dags/example_setup_teardown.py
[2026-01-06T13:58:44.615+1100] {logging_mixin.py:188} INFO - [2026-01-06T13:58:44.615+1100] {dag.py:3089} INFO - Sync 1 DAGs
[2026-01-06T13:58:44.621+1100] {logging_mixin.py:188} INFO - [2026-01-06T13:58:44.621+1100] {dag.py:3947} INFO - Setting next_dagrun for example_setup_teardown to 2026-01-05 00:00:00+00:00, run_after=2026-01-06 00:00:00+00:00
[2026-01-06T13:58:44.628+1100] {processor.py:183} INFO - Processing /Users/fionatham/Documents/Projects/vogue_data_pipeline/venv/lib/python3.11/site-packages/airflow/example_dags/example_setup_teardown.py took 0.067 seconds
[2026-01-06T14:00:44.495+1100] {processor.py:161} INFO - Started process (PID=86954) to work on /Users/fionatham/Documents/Projects/vogue_data_pipeline/venv/lib/python3.11/site-packages/airflow/example_dags/example_setup_teardown.py
[2026-01-06T14:00:44.497+1100] {processor.py:830} INFO - Processing file /Users/fionatham/Documents/Projects/vogue_data_pipeline/venv/lib/python3.11/site-packages/airflow/example_dags/example_setup_teardown.py for tasks to queue
[2026-01-06T14:00:44.497+1100] {logging_mixin.py:188} INFO - [2026-01-06T14:00:44.497+1100] {dagbag.py:545} INFO - Filling up the DagBag from /Users/fionatham/Documents/Projects/vogue_data_pipeline/venv/lib/python3.11/site-packages/airflow/example_dags/example_setup_teardown.py
[2026-01-06T14:00:44.500+1100] {processor.py:840} INFO - DAG(s) 'example_setup_teardown' retrieved from /Users/fionatham/Documents/Projects/vogue_data_pipeline/venv/lib/python3.11/site-packages/airflow/example_dags/example_setup_teardown.py
[2026-01-06T14:00:44.545+1100] {logging_mixin.py:188} INFO - [2026-01-06T14:00:44.545+1100] {dag.py:3089} INFO - Sync 1 DAGs
[2026-01-06T14:00:44.551+1100] {logging_mixin.py:188} INFO - [2026-01-06T14:00:44.551+1100] {dag.py:3947} INFO - Setting next_dagrun for example_setup_teardown to 2026-01-05 00:00:00+00:00, run_after=2026-01-06 00:00:00+00:00
[2026-01-06T14:00:44.560+1100] {processor.py:183} INFO - Processing /Users/fionatham/Documents/Projects/vogue_data_pipeline/venv/lib/python3.11/site-packages/airflow/example_dags/example_setup_teardown.py took 0.066 seconds
[2026-01-06T14:02:46.813+1100] {processor.py:161} INFO - Started process (PID=87160) to work on /Users/fionatham/Documents/Projects/vogue_data_pipeline/venv/lib/python3.11/site-packages/airflow/example_dags/example_setup_teardown.py
[2026-01-06T14:02:46.814+1100] {processor.py:830} INFO - Processing file /Users/fionatham/Documents/Projects/vogue_data_pipeline/venv/lib/python3.11/site-packages/airflow/example_dags/example_setup_teardown.py for tasks to queue
[2026-01-06T14:02:46.815+1100] {logging_mixin.py:188} INFO - [2026-01-06T14:02:46.815+1100] {dagbag.py:545} INFO - Filling up the DagBag from /Users/fionatham/Documents/Projects/vogue_data_pipeline/venv/lib/python3.11/site-packages/airflow/example_dags/example_setup_teardown.py
[2026-01-06T14:02:46.819+1100] {processor.py:840} INFO - DAG(s) 'example_setup_teardown' retrieved from /Users/fionatham/Documents/Projects/vogue_data_pipeline/venv/lib/python3.11/site-packages/airflow/example_dags/example_setup_teardown.py
[2026-01-06T14:02:46.864+1100] {logging_mixin.py:188} INFO - [2026-01-06T14:02:46.864+1100] {dag.py:3089} INFO - Sync 1 DAGs
[2026-01-06T14:02:46.870+1100] {logging_mixin.py:188} INFO - [2026-01-06T14:02:46.870+1100] {dag.py:3947} INFO - Setting next_dagrun for example_setup_teardown to 2026-01-05 00:00:00+00:00, run_after=2026-01-06 00:00:00+00:00
[2026-01-06T14:02:46.879+1100] {processor.py:183} INFO - Processing /Users/fionatham/Documents/Projects/vogue_data_pipeline/venv/lib/python3.11/site-packages/airflow/example_dags/example_setup_teardown.py took 0.067 seconds
[2026-01-06T14:04:46.619+1100] {processor.py:161} INFO - Started process (PID=87317) to work on /Users/fionatham/Documents/Projects/vogue_data_pipeline/venv/lib/python3.11/site-packages/airflow/example_dags/example_setup_teardown.py
[2026-01-06T14:04:46.620+1100] {processor.py:830} INFO - Processing file /Users/fionatham/Documents/Projects/vogue_data_pipeline/venv/lib/python3.11/site-packages/airflow/example_dags/example_setup_teardown.py for tasks to queue
[2026-01-06T14:04:46.620+1100] {logging_mixin.py:188} INFO - [2026-01-06T14:04:46.620+1100] {dagbag.py:545} INFO - Filling up the DagBag from /Users/fionatham/Documents/Projects/vogue_data_pipeline/venv/lib/python3.11/site-packages/airflow/example_dags/example_setup_teardown.py
[2026-01-06T14:04:46.624+1100] {processor.py:840} INFO - DAG(s) 'example_setup_teardown' retrieved from /Users/fionatham/Documents/Projects/vogue_data_pipeline/venv/lib/python3.11/site-packages/airflow/example_dags/example_setup_teardown.py
[2026-01-06T14:04:46.670+1100] {logging_mixin.py:188} INFO - [2026-01-06T14:04:46.669+1100] {dag.py:3089} INFO - Sync 1 DAGs
[2026-01-06T14:04:46.676+1100] {logging_mixin.py:188} INFO - [2026-01-06T14:04:46.676+1100] {dag.py:3947} INFO - Setting next_dagrun for example_setup_teardown to 2026-01-05 00:00:00+00:00, run_after=2026-01-06 00:00:00+00:00
[2026-01-06T14:04:46.684+1100] {processor.py:183} INFO - Processing /Users/fionatham/Documents/Projects/vogue_data_pipeline/venv/lib/python3.11/site-packages/airflow/example_dags/example_setup_teardown.py took 0.067 seconds
[2026-01-06T14:06:48.500+1100] {processor.py:161} INFO - Started process (PID=87551) to work on /Users/fionatham/Documents/Projects/vogue_data_pipeline/venv/lib/python3.11/site-packages/airflow/example_dags/example_setup_teardown.py
[2026-01-06T14:06:48.500+1100] {processor.py:830} INFO - Processing file /Users/fionatham/Documents/Projects/vogue_data_pipeline/venv/lib/python3.11/site-packages/airflow/example_dags/example_setup_teardown.py for tasks to queue
[2026-01-06T14:06:48.501+1100] {logging_mixin.py:188} INFO - [2026-01-06T14:06:48.501+1100] {dagbag.py:545} INFO - Filling up the DagBag from /Users/fionatham/Documents/Projects/vogue_data_pipeline/venv/lib/python3.11/site-packages/airflow/example_dags/example_setup_teardown.py
[2026-01-06T14:06:48.504+1100] {processor.py:840} INFO - DAG(s) 'example_setup_teardown' retrieved from /Users/fionatham/Documents/Projects/vogue_data_pipeline/venv/lib/python3.11/site-packages/airflow/example_dags/example_setup_teardown.py
[2026-01-06T14:06:48.548+1100] {logging_mixin.py:188} INFO - [2026-01-06T14:06:48.548+1100] {dag.py:3089} INFO - Sync 1 DAGs
[2026-01-06T14:06:48.554+1100] {logging_mixin.py:188} INFO - [2026-01-06T14:06:48.554+1100] {dag.py:3947} INFO - Setting next_dagrun for example_setup_teardown to 2026-01-05 00:00:00+00:00, run_after=2026-01-06 00:00:00+00:00
[2026-01-06T14:06:48.562+1100] {processor.py:183} INFO - Processing /Users/fionatham/Documents/Projects/vogue_data_pipeline/venv/lib/python3.11/site-packages/airflow/example_dags/example_setup_teardown.py took 0.064 seconds
[2026-01-06T14:08:44.396+1100] {processor.py:161} INFO - Started process (PID=87678) to work on /Users/fionatham/Documents/Projects/vogue_data_pipeline/venv/lib/python3.11/site-packages/airflow/example_dags/example_setup_teardown.py
[2026-01-06T14:08:44.396+1100] {processor.py:830} INFO - Processing file /Users/fionatham/Documents/Projects/vogue_data_pipeline/venv/lib/python3.11/site-packages/airflow/example_dags/example_setup_teardown.py for tasks to queue
[2026-01-06T14:08:44.397+1100] {logging_mixin.py:188} INFO - [2026-01-06T14:08:44.397+1100] {dagbag.py:545} INFO - Filling up the DagBag from /Users/fionatham/Documents/Projects/vogue_data_pipeline/venv/lib/python3.11/site-packages/airflow/example_dags/example_setup_teardown.py
[2026-01-06T14:08:44.400+1100] {processor.py:840} INFO - DAG(s) 'example_setup_teardown' retrieved from /Users/fionatham/Documents/Projects/vogue_data_pipeline/venv/lib/python3.11/site-packages/airflow/example_dags/example_setup_teardown.py
[2026-01-06T14:08:44.445+1100] {logging_mixin.py:188} INFO - [2026-01-06T14:08:44.445+1100] {dag.py:3089} INFO - Sync 1 DAGs
[2026-01-06T14:08:44.452+1100] {logging_mixin.py:188} INFO - [2026-01-06T14:08:44.452+1100] {dag.py:3947} INFO - Setting next_dagrun for example_setup_teardown to 2026-01-05 00:00:00+00:00, run_after=2026-01-06 00:00:00+00:00
[2026-01-06T14:08:44.460+1100] {processor.py:183} INFO - Processing /Users/fionatham/Documents/Projects/vogue_data_pipeline/venv/lib/python3.11/site-packages/airflow/example_dags/example_setup_teardown.py took 0.066 seconds
[2026-01-06T14:10:45.960+1100] {processor.py:161} INFO - Started process (PID=87796) to work on /Users/fionatham/Documents/Projects/vogue_data_pipeline/venv/lib/python3.11/site-packages/airflow/example_dags/example_setup_teardown.py
[2026-01-06T14:10:45.961+1100] {processor.py:830} INFO - Processing file /Users/fionatham/Documents/Projects/vogue_data_pipeline/venv/lib/python3.11/site-packages/airflow/example_dags/example_setup_teardown.py for tasks to queue
[2026-01-06T14:10:45.962+1100] {logging_mixin.py:188} INFO - [2026-01-06T14:10:45.962+1100] {dagbag.py:545} INFO - Filling up the DagBag from /Users/fionatham/Documents/Projects/vogue_data_pipeline/venv/lib/python3.11/site-packages/airflow/example_dags/example_setup_teardown.py
[2026-01-06T14:10:45.965+1100] {processor.py:840} INFO - DAG(s) 'example_setup_teardown' retrieved from /Users/fionatham/Documents/Projects/vogue_data_pipeline/venv/lib/python3.11/site-packages/airflow/example_dags/example_setup_teardown.py
[2026-01-06T14:10:46.010+1100] {logging_mixin.py:188} INFO - [2026-01-06T14:10:46.010+1100] {dag.py:3089} INFO - Sync 1 DAGs
[2026-01-06T14:10:46.017+1100] {logging_mixin.py:188} INFO - [2026-01-06T14:10:46.016+1100] {dag.py:3947} INFO - Setting next_dagrun for example_setup_teardown to 2026-01-05 00:00:00+00:00, run_after=2026-01-06 00:00:00+00:00
[2026-01-06T14:10:46.025+1100] {processor.py:183} INFO - Processing /Users/fionatham/Documents/Projects/vogue_data_pipeline/venv/lib/python3.11/site-packages/airflow/example_dags/example_setup_teardown.py took 0.067 seconds
[2026-01-06T14:12:42.868+1100] {processor.py:161} INFO - Started process (PID=87944) to work on /Users/fionatham/Documents/Projects/vogue_data_pipeline/venv/lib/python3.11/site-packages/airflow/example_dags/example_setup_teardown.py
[2026-01-06T14:12:42.869+1100] {processor.py:830} INFO - Processing file /Users/fionatham/Documents/Projects/vogue_data_pipeline/venv/lib/python3.11/site-packages/airflow/example_dags/example_setup_teardown.py for tasks to queue
[2026-01-06T14:12:42.870+1100] {logging_mixin.py:188} INFO - [2026-01-06T14:12:42.869+1100] {dagbag.py:545} INFO - Filling up the DagBag from /Users/fionatham/Documents/Projects/vogue_data_pipeline/venv/lib/python3.11/site-packages/airflow/example_dags/example_setup_teardown.py
[2026-01-06T14:12:42.873+1100] {processor.py:840} INFO - DAG(s) 'example_setup_teardown' retrieved from /Users/fionatham/Documents/Projects/vogue_data_pipeline/venv/lib/python3.11/site-packages/airflow/example_dags/example_setup_teardown.py
[2026-01-06T14:12:42.920+1100] {logging_mixin.py:188} INFO - [2026-01-06T14:12:42.919+1100] {dag.py:3089} INFO - Sync 1 DAGs
[2026-01-06T14:12:42.927+1100] {logging_mixin.py:188} INFO - [2026-01-06T14:12:42.927+1100] {dag.py:3947} INFO - Setting next_dagrun for example_setup_teardown to 2026-01-05 00:00:00+00:00, run_after=2026-01-06 00:00:00+00:00
[2026-01-06T14:12:42.935+1100] {processor.py:183} INFO - Processing /Users/fionatham/Documents/Projects/vogue_data_pipeline/venv/lib/python3.11/site-packages/airflow/example_dags/example_setup_teardown.py took 0.069 seconds
[2026-01-06T14:14:52.290+1100] {processor.py:161} INFO - Started process (PID=88642) to work on /Users/fionatham/Documents/Projects/vogue_data_pipeline/venv/lib/python3.11/site-packages/airflow/example_dags/example_setup_teardown.py
[2026-01-06T14:14:52.291+1100] {processor.py:830} INFO - Processing file /Users/fionatham/Documents/Projects/vogue_data_pipeline/venv/lib/python3.11/site-packages/airflow/example_dags/example_setup_teardown.py for tasks to queue
[2026-01-06T14:14:52.292+1100] {logging_mixin.py:188} INFO - [2026-01-06T14:14:52.292+1100] {dagbag.py:545} INFO - Filling up the DagBag from /Users/fionatham/Documents/Projects/vogue_data_pipeline/venv/lib/python3.11/site-packages/airflow/example_dags/example_setup_teardown.py
[2026-01-06T14:14:52.295+1100] {processor.py:840} INFO - DAG(s) 'example_setup_teardown' retrieved from /Users/fionatham/Documents/Projects/vogue_data_pipeline/venv/lib/python3.11/site-packages/airflow/example_dags/example_setup_teardown.py
[2026-01-06T14:14:52.377+1100] {logging_mixin.py:188} INFO - [2026-01-06T14:14:52.377+1100] {dag.py:3089} INFO - Sync 1 DAGs
[2026-01-06T14:14:52.384+1100] {logging_mixin.py:188} INFO - [2026-01-06T14:14:52.384+1100] {dag.py:3947} INFO - Setting next_dagrun for example_setup_teardown to 2026-01-05 00:00:00+00:00, run_after=2026-01-06 00:00:00+00:00
[2026-01-06T14:14:52.392+1100] {processor.py:183} INFO - Processing /Users/fionatham/Documents/Projects/vogue_data_pipeline/venv/lib/python3.11/site-packages/airflow/example_dags/example_setup_teardown.py took 0.104 seconds
[2026-01-06T14:16:44.693+1100] {processor.py:161} INFO - Started process (PID=89267) to work on /Users/fionatham/Documents/Projects/vogue_data_pipeline/venv/lib/python3.11/site-packages/airflow/example_dags/example_setup_teardown.py
[2026-01-06T14:16:44.694+1100] {processor.py:830} INFO - Processing file /Users/fionatham/Documents/Projects/vogue_data_pipeline/venv/lib/python3.11/site-packages/airflow/example_dags/example_setup_teardown.py for tasks to queue
[2026-01-06T14:16:44.695+1100] {logging_mixin.py:188} INFO - [2026-01-06T14:16:44.695+1100] {dagbag.py:545} INFO - Filling up the DagBag from /Users/fionatham/Documents/Projects/vogue_data_pipeline/venv/lib/python3.11/site-packages/airflow/example_dags/example_setup_teardown.py
[2026-01-06T14:16:44.698+1100] {processor.py:840} INFO - DAG(s) 'example_setup_teardown' retrieved from /Users/fionatham/Documents/Projects/vogue_data_pipeline/venv/lib/python3.11/site-packages/airflow/example_dags/example_setup_teardown.py
[2026-01-06T14:16:44.741+1100] {logging_mixin.py:188} INFO - [2026-01-06T14:16:44.740+1100] {dag.py:3089} INFO - Sync 1 DAGs
[2026-01-06T14:16:44.747+1100] {logging_mixin.py:188} INFO - [2026-01-06T14:16:44.747+1100] {dag.py:3947} INFO - Setting next_dagrun for example_setup_teardown to 2026-01-05 00:00:00+00:00, run_after=2026-01-06 00:00:00+00:00
[2026-01-06T14:16:44.754+1100] {processor.py:183} INFO - Processing /Users/fionatham/Documents/Projects/vogue_data_pipeline/venv/lib/python3.11/site-packages/airflow/example_dags/example_setup_teardown.py took 0.062 seconds
[2026-01-06T14:18:41.836+1100] {processor.py:161} INFO - Started process (PID=89747) to work on /Users/fionatham/Documents/Projects/vogue_data_pipeline/venv/lib/python3.11/site-packages/airflow/example_dags/example_setup_teardown.py
[2026-01-06T14:18:41.838+1100] {processor.py:830} INFO - Processing file /Users/fionatham/Documents/Projects/vogue_data_pipeline/venv/lib/python3.11/site-packages/airflow/example_dags/example_setup_teardown.py for tasks to queue
[2026-01-06T14:18:41.838+1100] {logging_mixin.py:188} INFO - [2026-01-06T14:18:41.838+1100] {dagbag.py:545} INFO - Filling up the DagBag from /Users/fionatham/Documents/Projects/vogue_data_pipeline/venv/lib/python3.11/site-packages/airflow/example_dags/example_setup_teardown.py
[2026-01-06T14:18:41.842+1100] {processor.py:840} INFO - DAG(s) 'example_setup_teardown' retrieved from /Users/fionatham/Documents/Projects/vogue_data_pipeline/venv/lib/python3.11/site-packages/airflow/example_dags/example_setup_teardown.py
[2026-01-06T14:18:41.890+1100] {logging_mixin.py:188} INFO - [2026-01-06T14:18:41.890+1100] {dag.py:3089} INFO - Sync 1 DAGs
[2026-01-06T14:18:41.896+1100] {logging_mixin.py:188} INFO - [2026-01-06T14:18:41.896+1100] {dag.py:3947} INFO - Setting next_dagrun for example_setup_teardown to 2026-01-05 00:00:00+00:00, run_after=2026-01-06 00:00:00+00:00
[2026-01-06T14:18:41.904+1100] {processor.py:183} INFO - Processing /Users/fionatham/Documents/Projects/vogue_data_pipeline/venv/lib/python3.11/site-packages/airflow/example_dags/example_setup_teardown.py took 0.069 seconds
[2026-01-06T14:20:45.542+1100] {processor.py:161} INFO - Started process (PID=89995) to work on /Users/fionatham/Documents/Projects/vogue_data_pipeline/venv/lib/python3.11/site-packages/airflow/example_dags/example_setup_teardown.py
[2026-01-06T14:20:45.543+1100] {processor.py:830} INFO - Processing file /Users/fionatham/Documents/Projects/vogue_data_pipeline/venv/lib/python3.11/site-packages/airflow/example_dags/example_setup_teardown.py for tasks to queue
[2026-01-06T14:20:45.543+1100] {logging_mixin.py:188} INFO - [2026-01-06T14:20:45.543+1100] {dagbag.py:545} INFO - Filling up the DagBag from /Users/fionatham/Documents/Projects/vogue_data_pipeline/venv/lib/python3.11/site-packages/airflow/example_dags/example_setup_teardown.py
[2026-01-06T14:20:45.549+1100] {processor.py:840} INFO - DAG(s) 'example_setup_teardown' retrieved from /Users/fionatham/Documents/Projects/vogue_data_pipeline/venv/lib/python3.11/site-packages/airflow/example_dags/example_setup_teardown.py
[2026-01-06T14:20:45.593+1100] {logging_mixin.py:188} INFO - [2026-01-06T14:20:45.593+1100] {dag.py:3089} INFO - Sync 1 DAGs
[2026-01-06T14:20:45.599+1100] {logging_mixin.py:188} INFO - [2026-01-06T14:20:45.599+1100] {dag.py:3947} INFO - Setting next_dagrun for example_setup_teardown to 2026-01-05 00:00:00+00:00, run_after=2026-01-06 00:00:00+00:00
[2026-01-06T14:20:45.607+1100] {processor.py:183} INFO - Processing /Users/fionatham/Documents/Projects/vogue_data_pipeline/venv/lib/python3.11/site-packages/airflow/example_dags/example_setup_teardown.py took 0.067 seconds
[2026-01-06T14:22:45.317+1100] {processor.py:161} INFO - Started process (PID=90086) to work on /Users/fionatham/Documents/Projects/vogue_data_pipeline/venv/lib/python3.11/site-packages/airflow/example_dags/example_setup_teardown.py
[2026-01-06T14:22:45.318+1100] {processor.py:830} INFO - Processing file /Users/fionatham/Documents/Projects/vogue_data_pipeline/venv/lib/python3.11/site-packages/airflow/example_dags/example_setup_teardown.py for tasks to queue
[2026-01-06T14:22:45.318+1100] {logging_mixin.py:188} INFO - [2026-01-06T14:22:45.318+1100] {dagbag.py:545} INFO - Filling up the DagBag from /Users/fionatham/Documents/Projects/vogue_data_pipeline/venv/lib/python3.11/site-packages/airflow/example_dags/example_setup_teardown.py
[2026-01-06T14:22:45.322+1100] {processor.py:840} INFO - DAG(s) 'example_setup_teardown' retrieved from /Users/fionatham/Documents/Projects/vogue_data_pipeline/venv/lib/python3.11/site-packages/airflow/example_dags/example_setup_teardown.py
[2026-01-06T14:22:45.364+1100] {logging_mixin.py:188} INFO - [2026-01-06T14:22:45.364+1100] {dag.py:3089} INFO - Sync 1 DAGs
[2026-01-06T14:22:45.370+1100] {logging_mixin.py:188} INFO - [2026-01-06T14:22:45.369+1100] {dag.py:3947} INFO - Setting next_dagrun for example_setup_teardown to 2026-01-05 00:00:00+00:00, run_after=2026-01-06 00:00:00+00:00
[2026-01-06T14:22:45.377+1100] {processor.py:183} INFO - Processing /Users/fionatham/Documents/Projects/vogue_data_pipeline/venv/lib/python3.11/site-packages/airflow/example_dags/example_setup_teardown.py took 0.061 seconds
[2026-01-06T14:24:30.722+1100] {processor.py:161} INFO - Started process (PID=90176) to work on /Users/fionatham/Documents/Projects/vogue_data_pipeline/venv/lib/python3.11/site-packages/airflow/example_dags/example_setup_teardown.py
[2026-01-06T14:24:30.724+1100] {processor.py:830} INFO - Processing file /Users/fionatham/Documents/Projects/vogue_data_pipeline/venv/lib/python3.11/site-packages/airflow/example_dags/example_setup_teardown.py for tasks to queue
[2026-01-06T14:24:30.724+1100] {logging_mixin.py:188} INFO - [2026-01-06T14:24:30.724+1100] {dagbag.py:545} INFO - Filling up the DagBag from /Users/fionatham/Documents/Projects/vogue_data_pipeline/venv/lib/python3.11/site-packages/airflow/example_dags/example_setup_teardown.py
[2026-01-06T14:24:30.728+1100] {processor.py:840} INFO - DAG(s) 'example_setup_teardown' retrieved from /Users/fionatham/Documents/Projects/vogue_data_pipeline/venv/lib/python3.11/site-packages/airflow/example_dags/example_setup_teardown.py
[2026-01-06T14:24:30.773+1100] {logging_mixin.py:188} INFO - [2026-01-06T14:24:30.773+1100] {dag.py:3089} INFO - Sync 1 DAGs
[2026-01-06T14:24:30.780+1100] {logging_mixin.py:188} INFO - [2026-01-06T14:24:30.780+1100] {dag.py:3947} INFO - Setting next_dagrun for example_setup_teardown to 2026-01-05 00:00:00+00:00, run_after=2026-01-06 00:00:00+00:00
[2026-01-06T14:24:30.788+1100] {processor.py:183} INFO - Processing /Users/fionatham/Documents/Projects/vogue_data_pipeline/venv/lib/python3.11/site-packages/airflow/example_dags/example_setup_teardown.py took 0.067 seconds
[2026-01-06T14:26:24.275+1100] {processor.py:161} INFO - Started process (PID=90469) to work on /Users/fionatham/Documents/Projects/vogue_data_pipeline/venv/lib/python3.11/site-packages/airflow/example_dags/example_setup_teardown.py
[2026-01-06T14:26:24.276+1100] {processor.py:830} INFO - Processing file /Users/fionatham/Documents/Projects/vogue_data_pipeline/venv/lib/python3.11/site-packages/airflow/example_dags/example_setup_teardown.py for tasks to queue
[2026-01-06T14:26:24.277+1100] {logging_mixin.py:188} INFO - [2026-01-06T14:26:24.276+1100] {dagbag.py:545} INFO - Filling up the DagBag from /Users/fionatham/Documents/Projects/vogue_data_pipeline/venv/lib/python3.11/site-packages/airflow/example_dags/example_setup_teardown.py
[2026-01-06T14:26:24.280+1100] {processor.py:840} INFO - DAG(s) 'example_setup_teardown' retrieved from /Users/fionatham/Documents/Projects/vogue_data_pipeline/venv/lib/python3.11/site-packages/airflow/example_dags/example_setup_teardown.py
[2026-01-06T14:26:24.327+1100] {logging_mixin.py:188} INFO - [2026-01-06T14:26:24.326+1100] {dag.py:3089} INFO - Sync 1 DAGs
[2026-01-06T14:26:24.333+1100] {logging_mixin.py:188} INFO - [2026-01-06T14:26:24.333+1100] {dag.py:3947} INFO - Setting next_dagrun for example_setup_teardown to 2026-01-05 00:00:00+00:00, run_after=2026-01-06 00:00:00+00:00
[2026-01-06T14:26:24.341+1100] {processor.py:183} INFO - Processing /Users/fionatham/Documents/Projects/vogue_data_pipeline/venv/lib/python3.11/site-packages/airflow/example_dags/example_setup_teardown.py took 0.067 seconds
[2026-01-06T14:28:22.509+1100] {processor.py:161} INFO - Started process (PID=90800) to work on /Users/fionatham/Documents/Projects/vogue_data_pipeline/venv/lib/python3.11/site-packages/airflow/example_dags/example_setup_teardown.py
[2026-01-06T14:28:22.509+1100] {processor.py:830} INFO - Processing file /Users/fionatham/Documents/Projects/vogue_data_pipeline/venv/lib/python3.11/site-packages/airflow/example_dags/example_setup_teardown.py for tasks to queue
[2026-01-06T14:28:22.510+1100] {logging_mixin.py:188} INFO - [2026-01-06T14:28:22.510+1100] {dagbag.py:545} INFO - Filling up the DagBag from /Users/fionatham/Documents/Projects/vogue_data_pipeline/venv/lib/python3.11/site-packages/airflow/example_dags/example_setup_teardown.py
[2026-01-06T14:28:22.513+1100] {processor.py:840} INFO - DAG(s) 'example_setup_teardown' retrieved from /Users/fionatham/Documents/Projects/vogue_data_pipeline/venv/lib/python3.11/site-packages/airflow/example_dags/example_setup_teardown.py
[2026-01-06T14:28:22.556+1100] {logging_mixin.py:188} INFO - [2026-01-06T14:28:22.556+1100] {dag.py:3089} INFO - Sync 1 DAGs
[2026-01-06T14:28:22.562+1100] {logging_mixin.py:188} INFO - [2026-01-06T14:28:22.562+1100] {dag.py:3947} INFO - Setting next_dagrun for example_setup_teardown to 2026-01-05 00:00:00+00:00, run_after=2026-01-06 00:00:00+00:00
[2026-01-06T14:28:22.569+1100] {processor.py:183} INFO - Processing /Users/fionatham/Documents/Projects/vogue_data_pipeline/venv/lib/python3.11/site-packages/airflow/example_dags/example_setup_teardown.py took 0.061 seconds
[2026-01-06T14:30:26.591+1100] {processor.py:161} INFO - Started process (PID=91556) to work on /Users/fionatham/Documents/Projects/vogue_data_pipeline/venv/lib/python3.11/site-packages/airflow/example_dags/example_setup_teardown.py
[2026-01-06T14:30:26.592+1100] {processor.py:830} INFO - Processing file /Users/fionatham/Documents/Projects/vogue_data_pipeline/venv/lib/python3.11/site-packages/airflow/example_dags/example_setup_teardown.py for tasks to queue
[2026-01-06T14:30:26.592+1100] {logging_mixin.py:188} INFO - [2026-01-06T14:30:26.592+1100] {dagbag.py:545} INFO - Filling up the DagBag from /Users/fionatham/Documents/Projects/vogue_data_pipeline/venv/lib/python3.11/site-packages/airflow/example_dags/example_setup_teardown.py
[2026-01-06T14:30:26.596+1100] {processor.py:840} INFO - DAG(s) 'example_setup_teardown' retrieved from /Users/fionatham/Documents/Projects/vogue_data_pipeline/venv/lib/python3.11/site-packages/airflow/example_dags/example_setup_teardown.py
[2026-01-06T14:30:26.639+1100] {logging_mixin.py:188} INFO - [2026-01-06T14:30:26.639+1100] {dag.py:3089} INFO - Sync 1 DAGs
[2026-01-06T14:30:26.645+1100] {logging_mixin.py:188} INFO - [2026-01-06T14:30:26.645+1100] {dag.py:3947} INFO - Setting next_dagrun for example_setup_teardown to 2026-01-05 00:00:00+00:00, run_after=2026-01-06 00:00:00+00:00
[2026-01-06T14:30:26.651+1100] {processor.py:183} INFO - Processing /Users/fionatham/Documents/Projects/vogue_data_pipeline/venv/lib/python3.11/site-packages/airflow/example_dags/example_setup_teardown.py took 0.062 seconds
[2026-01-06T14:32:23.879+1100] {processor.py:161} INFO - Started process (PID=92096) to work on /Users/fionatham/Documents/Projects/vogue_data_pipeline/venv/lib/python3.11/site-packages/airflow/example_dags/example_setup_teardown.py
[2026-01-06T14:32:23.880+1100] {processor.py:830} INFO - Processing file /Users/fionatham/Documents/Projects/vogue_data_pipeline/venv/lib/python3.11/site-packages/airflow/example_dags/example_setup_teardown.py for tasks to queue
[2026-01-06T14:32:23.880+1100] {logging_mixin.py:188} INFO - [2026-01-06T14:32:23.880+1100] {dagbag.py:545} INFO - Filling up the DagBag from /Users/fionatham/Documents/Projects/vogue_data_pipeline/venv/lib/python3.11/site-packages/airflow/example_dags/example_setup_teardown.py
[2026-01-06T14:32:23.884+1100] {processor.py:840} INFO - DAG(s) 'example_setup_teardown' retrieved from /Users/fionatham/Documents/Projects/vogue_data_pipeline/venv/lib/python3.11/site-packages/airflow/example_dags/example_setup_teardown.py
[2026-01-06T14:32:23.935+1100] {logging_mixin.py:188} INFO - [2026-01-06T14:32:23.935+1100] {dag.py:3089} INFO - Sync 1 DAGs
[2026-01-06T14:32:23.941+1100] {logging_mixin.py:188} INFO - [2026-01-06T14:32:23.941+1100] {dag.py:3947} INFO - Setting next_dagrun for example_setup_teardown to 2026-01-05 00:00:00+00:00, run_after=2026-01-06 00:00:00+00:00
[2026-01-06T14:32:23.949+1100] {processor.py:183} INFO - Processing /Users/fionatham/Documents/Projects/vogue_data_pipeline/venv/lib/python3.11/site-packages/airflow/example_dags/example_setup_teardown.py took 0.071 seconds
[2026-01-06T14:34:19.388+1100] {processor.py:161} INFO - Started process (PID=92322) to work on /Users/fionatham/Documents/Projects/vogue_data_pipeline/venv/lib/python3.11/site-packages/airflow/example_dags/example_setup_teardown.py
[2026-01-06T14:34:19.389+1100] {processor.py:830} INFO - Processing file /Users/fionatham/Documents/Projects/vogue_data_pipeline/venv/lib/python3.11/site-packages/airflow/example_dags/example_setup_teardown.py for tasks to queue
[2026-01-06T14:34:19.389+1100] {logging_mixin.py:188} INFO - [2026-01-06T14:34:19.389+1100] {dagbag.py:545} INFO - Filling up the DagBag from /Users/fionatham/Documents/Projects/vogue_data_pipeline/venv/lib/python3.11/site-packages/airflow/example_dags/example_setup_teardown.py
[2026-01-06T14:34:19.393+1100] {processor.py:840} INFO - DAG(s) 'example_setup_teardown' retrieved from /Users/fionatham/Documents/Projects/vogue_data_pipeline/venv/lib/python3.11/site-packages/airflow/example_dags/example_setup_teardown.py
[2026-01-06T14:34:19.438+1100] {logging_mixin.py:188} INFO - [2026-01-06T14:34:19.438+1100] {dag.py:3089} INFO - Sync 1 DAGs
[2026-01-06T14:34:19.445+1100] {logging_mixin.py:188} INFO - [2026-01-06T14:34:19.445+1100] {dag.py:3947} INFO - Setting next_dagrun for example_setup_teardown to 2026-01-05 00:00:00+00:00, run_after=2026-01-06 00:00:00+00:00
[2026-01-06T14:34:19.456+1100] {processor.py:183} INFO - Processing /Users/fionatham/Documents/Projects/vogue_data_pipeline/venv/lib/python3.11/site-packages/airflow/example_dags/example_setup_teardown.py took 0.068 seconds
[2026-01-06T14:36:18.454+1100] {processor.py:161} INFO - Started process (PID=92580) to work on /Users/fionatham/Documents/Projects/vogue_data_pipeline/venv/lib/python3.11/site-packages/airflow/example_dags/example_setup_teardown.py
[2026-01-06T14:36:18.456+1100] {processor.py:830} INFO - Processing file /Users/fionatham/Documents/Projects/vogue_data_pipeline/venv/lib/python3.11/site-packages/airflow/example_dags/example_setup_teardown.py for tasks to queue
[2026-01-06T14:36:18.456+1100] {logging_mixin.py:188} INFO - [2026-01-06T14:36:18.456+1100] {dagbag.py:545} INFO - Filling up the DagBag from /Users/fionatham/Documents/Projects/vogue_data_pipeline/venv/lib/python3.11/site-packages/airflow/example_dags/example_setup_teardown.py
[2026-01-06T14:36:18.459+1100] {processor.py:840} INFO - DAG(s) 'example_setup_teardown' retrieved from /Users/fionatham/Documents/Projects/vogue_data_pipeline/venv/lib/python3.11/site-packages/airflow/example_dags/example_setup_teardown.py
[2026-01-06T14:36:18.505+1100] {logging_mixin.py:188} INFO - [2026-01-06T14:36:18.505+1100] {dag.py:3089} INFO - Sync 1 DAGs
[2026-01-06T14:36:18.513+1100] {logging_mixin.py:188} INFO - [2026-01-06T14:36:18.513+1100] {dag.py:3947} INFO - Setting next_dagrun for example_setup_teardown to 2026-01-05 00:00:00+00:00, run_after=2026-01-06 00:00:00+00:00
[2026-01-06T14:36:18.524+1100] {processor.py:183} INFO - Processing /Users/fionatham/Documents/Projects/vogue_data_pipeline/venv/lib/python3.11/site-packages/airflow/example_dags/example_setup_teardown.py took 0.071 seconds
[2026-01-06T14:38:22.008+1100] {processor.py:161} INFO - Started process (PID=92835) to work on /Users/fionatham/Documents/Projects/vogue_data_pipeline/venv/lib/python3.11/site-packages/airflow/example_dags/example_setup_teardown.py
[2026-01-06T14:38:22.010+1100] {processor.py:830} INFO - Processing file /Users/fionatham/Documents/Projects/vogue_data_pipeline/venv/lib/python3.11/site-packages/airflow/example_dags/example_setup_teardown.py for tasks to queue
[2026-01-06T14:38:22.010+1100] {logging_mixin.py:188} INFO - [2026-01-06T14:38:22.010+1100] {dagbag.py:545} INFO - Filling up the DagBag from /Users/fionatham/Documents/Projects/vogue_data_pipeline/venv/lib/python3.11/site-packages/airflow/example_dags/example_setup_teardown.py
[2026-01-06T14:38:22.013+1100] {processor.py:840} INFO - DAG(s) 'example_setup_teardown' retrieved from /Users/fionatham/Documents/Projects/vogue_data_pipeline/venv/lib/python3.11/site-packages/airflow/example_dags/example_setup_teardown.py
[2026-01-06T14:38:22.059+1100] {logging_mixin.py:188} INFO - [2026-01-06T14:38:22.059+1100] {dag.py:3089} INFO - Sync 1 DAGs
[2026-01-06T14:38:22.065+1100] {logging_mixin.py:188} INFO - [2026-01-06T14:38:22.065+1100] {dag.py:3947} INFO - Setting next_dagrun for example_setup_teardown to 2026-01-05 00:00:00+00:00, run_after=2026-01-06 00:00:00+00:00
[2026-01-06T14:38:22.073+1100] {processor.py:183} INFO - Processing /Users/fionatham/Documents/Projects/vogue_data_pipeline/venv/lib/python3.11/site-packages/airflow/example_dags/example_setup_teardown.py took 0.066 seconds
[2026-01-06T14:40:17.095+1100] {processor.py:161} INFO - Started process (PID=92927) to work on /Users/fionatham/Documents/Projects/vogue_data_pipeline/venv/lib/python3.11/site-packages/airflow/example_dags/example_setup_teardown.py
[2026-01-06T14:40:17.096+1100] {processor.py:830} INFO - Processing file /Users/fionatham/Documents/Projects/vogue_data_pipeline/venv/lib/python3.11/site-packages/airflow/example_dags/example_setup_teardown.py for tasks to queue
[2026-01-06T14:40:17.096+1100] {logging_mixin.py:188} INFO - [2026-01-06T14:40:17.096+1100] {dagbag.py:545} INFO - Filling up the DagBag from /Users/fionatham/Documents/Projects/vogue_data_pipeline/venv/lib/python3.11/site-packages/airflow/example_dags/example_setup_teardown.py
[2026-01-06T14:40:17.099+1100] {processor.py:840} INFO - DAG(s) 'example_setup_teardown' retrieved from /Users/fionatham/Documents/Projects/vogue_data_pipeline/venv/lib/python3.11/site-packages/airflow/example_dags/example_setup_teardown.py
[2026-01-06T14:40:17.141+1100] {logging_mixin.py:188} INFO - [2026-01-06T14:40:17.141+1100] {dag.py:3089} INFO - Sync 1 DAGs
[2026-01-06T14:40:17.147+1100] {logging_mixin.py:188} INFO - [2026-01-06T14:40:17.147+1100] {dag.py:3947} INFO - Setting next_dagrun for example_setup_teardown to 2026-01-05 00:00:00+00:00, run_after=2026-01-06 00:00:00+00:00
[2026-01-06T14:40:17.154+1100] {processor.py:183} INFO - Processing /Users/fionatham/Documents/Projects/vogue_data_pipeline/venv/lib/python3.11/site-packages/airflow/example_dags/example_setup_teardown.py took 0.060 seconds
[2026-01-06T14:42:10.235+1100] {processor.py:161} INFO - Started process (PID=93007) to work on /Users/fionatham/Documents/Projects/vogue_data_pipeline/venv/lib/python3.11/site-packages/airflow/example_dags/example_setup_teardown.py
[2026-01-06T14:42:10.236+1100] {processor.py:830} INFO - Processing file /Users/fionatham/Documents/Projects/vogue_data_pipeline/venv/lib/python3.11/site-packages/airflow/example_dags/example_setup_teardown.py for tasks to queue
[2026-01-06T14:42:10.236+1100] {logging_mixin.py:188} INFO - [2026-01-06T14:42:10.236+1100] {dagbag.py:545} INFO - Filling up the DagBag from /Users/fionatham/Documents/Projects/vogue_data_pipeline/venv/lib/python3.11/site-packages/airflow/example_dags/example_setup_teardown.py
[2026-01-06T14:42:10.240+1100] {processor.py:840} INFO - DAG(s) 'example_setup_teardown' retrieved from /Users/fionatham/Documents/Projects/vogue_data_pipeline/venv/lib/python3.11/site-packages/airflow/example_dags/example_setup_teardown.py
[2026-01-06T14:42:10.286+1100] {logging_mixin.py:188} INFO - [2026-01-06T14:42:10.286+1100] {dag.py:3089} INFO - Sync 1 DAGs
[2026-01-06T14:42:10.292+1100] {logging_mixin.py:188} INFO - [2026-01-06T14:42:10.292+1100] {dag.py:3947} INFO - Setting next_dagrun for example_setup_teardown to 2026-01-05 00:00:00+00:00, run_after=2026-01-06 00:00:00+00:00
[2026-01-06T14:42:10.300+1100] {processor.py:183} INFO - Processing /Users/fionatham/Documents/Projects/vogue_data_pipeline/venv/lib/python3.11/site-packages/airflow/example_dags/example_setup_teardown.py took 0.067 seconds
[2026-01-06T14:44:06.462+1100] {processor.py:161} INFO - Started process (PID=93085) to work on /Users/fionatham/Documents/Projects/vogue_data_pipeline/venv/lib/python3.11/site-packages/airflow/example_dags/example_setup_teardown.py
[2026-01-06T14:44:06.464+1100] {processor.py:830} INFO - Processing file /Users/fionatham/Documents/Projects/vogue_data_pipeline/venv/lib/python3.11/site-packages/airflow/example_dags/example_setup_teardown.py for tasks to queue
[2026-01-06T14:44:06.464+1100] {logging_mixin.py:188} INFO - [2026-01-06T14:44:06.464+1100] {dagbag.py:545} INFO - Filling up the DagBag from /Users/fionatham/Documents/Projects/vogue_data_pipeline/venv/lib/python3.11/site-packages/airflow/example_dags/example_setup_teardown.py
[2026-01-06T14:44:06.467+1100] {processor.py:840} INFO - DAG(s) 'example_setup_teardown' retrieved from /Users/fionatham/Documents/Projects/vogue_data_pipeline/venv/lib/python3.11/site-packages/airflow/example_dags/example_setup_teardown.py
[2026-01-06T14:44:06.510+1100] {logging_mixin.py:188} INFO - [2026-01-06T14:44:06.510+1100] {dag.py:3089} INFO - Sync 1 DAGs
[2026-01-06T14:44:06.516+1100] {logging_mixin.py:188} INFO - [2026-01-06T14:44:06.516+1100] {dag.py:3947} INFO - Setting next_dagrun for example_setup_teardown to 2026-01-05 00:00:00+00:00, run_after=2026-01-06 00:00:00+00:00
[2026-01-06T14:44:06.523+1100] {processor.py:183} INFO - Processing /Users/fionatham/Documents/Projects/vogue_data_pipeline/venv/lib/python3.11/site-packages/airflow/example_dags/example_setup_teardown.py took 0.062 seconds
[2026-01-06T14:46:02.474+1100] {processor.py:161} INFO - Started process (PID=93166) to work on /Users/fionatham/Documents/Projects/vogue_data_pipeline/venv/lib/python3.11/site-packages/airflow/example_dags/example_setup_teardown.py
[2026-01-06T14:46:02.475+1100] {processor.py:830} INFO - Processing file /Users/fionatham/Documents/Projects/vogue_data_pipeline/venv/lib/python3.11/site-packages/airflow/example_dags/example_setup_teardown.py for tasks to queue
[2026-01-06T14:46:02.475+1100] {logging_mixin.py:188} INFO - [2026-01-06T14:46:02.475+1100] {dagbag.py:545} INFO - Filling up the DagBag from /Users/fionatham/Documents/Projects/vogue_data_pipeline/venv/lib/python3.11/site-packages/airflow/example_dags/example_setup_teardown.py
[2026-01-06T14:46:02.479+1100] {processor.py:840} INFO - DAG(s) 'example_setup_teardown' retrieved from /Users/fionatham/Documents/Projects/vogue_data_pipeline/venv/lib/python3.11/site-packages/airflow/example_dags/example_setup_teardown.py
[2026-01-06T14:46:02.524+1100] {logging_mixin.py:188} INFO - [2026-01-06T14:46:02.524+1100] {dag.py:3089} INFO - Sync 1 DAGs
[2026-01-06T14:46:02.530+1100] {logging_mixin.py:188} INFO - [2026-01-06T14:46:02.530+1100] {dag.py:3947} INFO - Setting next_dagrun for example_setup_teardown to 2026-01-05 00:00:00+00:00, run_after=2026-01-06 00:00:00+00:00
[2026-01-06T14:46:02.538+1100] {processor.py:183} INFO - Processing /Users/fionatham/Documents/Projects/vogue_data_pipeline/venv/lib/python3.11/site-packages/airflow/example_dags/example_setup_teardown.py took 0.065 seconds
[2026-01-06T14:47:59.379+1100] {processor.py:161} INFO - Started process (PID=93248) to work on /Users/fionatham/Documents/Projects/vogue_data_pipeline/venv/lib/python3.11/site-packages/airflow/example_dags/example_setup_teardown.py
[2026-01-06T14:47:59.380+1100] {processor.py:830} INFO - Processing file /Users/fionatham/Documents/Projects/vogue_data_pipeline/venv/lib/python3.11/site-packages/airflow/example_dags/example_setup_teardown.py for tasks to queue
[2026-01-06T14:47:59.380+1100] {logging_mixin.py:188} INFO - [2026-01-06T14:47:59.380+1100] {dagbag.py:545} INFO - Filling up the DagBag from /Users/fionatham/Documents/Projects/vogue_data_pipeline/venv/lib/python3.11/site-packages/airflow/example_dags/example_setup_teardown.py
[2026-01-06T14:47:59.384+1100] {processor.py:840} INFO - DAG(s) 'example_setup_teardown' retrieved from /Users/fionatham/Documents/Projects/vogue_data_pipeline/venv/lib/python3.11/site-packages/airflow/example_dags/example_setup_teardown.py
[2026-01-06T14:47:59.428+1100] {logging_mixin.py:188} INFO - [2026-01-06T14:47:59.428+1100] {dag.py:3089} INFO - Sync 1 DAGs
[2026-01-06T14:47:59.434+1100] {logging_mixin.py:188} INFO - [2026-01-06T14:47:59.434+1100] {dag.py:3947} INFO - Setting next_dagrun for example_setup_teardown to 2026-01-05 00:00:00+00:00, run_after=2026-01-06 00:00:00+00:00
[2026-01-06T14:47:59.441+1100] {processor.py:183} INFO - Processing /Users/fionatham/Documents/Projects/vogue_data_pipeline/venv/lib/python3.11/site-packages/airflow/example_dags/example_setup_teardown.py took 0.063 seconds
[2026-01-06T14:50:00.744+1100] {processor.py:161} INFO - Started process (PID=93353) to work on /Users/fionatham/Documents/Projects/vogue_data_pipeline/venv/lib/python3.11/site-packages/airflow/example_dags/example_setup_teardown.py
[2026-01-06T14:50:00.746+1100] {processor.py:830} INFO - Processing file /Users/fionatham/Documents/Projects/vogue_data_pipeline/venv/lib/python3.11/site-packages/airflow/example_dags/example_setup_teardown.py for tasks to queue
[2026-01-06T14:50:00.746+1100] {logging_mixin.py:188} INFO - [2026-01-06T14:50:00.746+1100] {dagbag.py:545} INFO - Filling up the DagBag from /Users/fionatham/Documents/Projects/vogue_data_pipeline/venv/lib/python3.11/site-packages/airflow/example_dags/example_setup_teardown.py
[2026-01-06T14:50:00.750+1100] {processor.py:840} INFO - DAG(s) 'example_setup_teardown' retrieved from /Users/fionatham/Documents/Projects/vogue_data_pipeline/venv/lib/python3.11/site-packages/airflow/example_dags/example_setup_teardown.py
[2026-01-06T14:50:00.792+1100] {logging_mixin.py:188} INFO - [2026-01-06T14:50:00.792+1100] {dag.py:3089} INFO - Sync 1 DAGs
[2026-01-06T14:50:00.798+1100] {logging_mixin.py:188} INFO - [2026-01-06T14:50:00.797+1100] {dag.py:3947} INFO - Setting next_dagrun for example_setup_teardown to 2026-01-05 00:00:00+00:00, run_after=2026-01-06 00:00:00+00:00
[2026-01-06T14:50:00.805+1100] {processor.py:183} INFO - Processing /Users/fionatham/Documents/Projects/vogue_data_pipeline/venv/lib/python3.11/site-packages/airflow/example_dags/example_setup_teardown.py took 0.061 seconds
[2026-01-06T14:51:50.307+1100] {processor.py:161} INFO - Started process (PID=93451) to work on /Users/fionatham/Documents/Projects/vogue_data_pipeline/venv/lib/python3.11/site-packages/airflow/example_dags/example_setup_teardown.py
[2026-01-06T14:51:50.309+1100] {processor.py:830} INFO - Processing file /Users/fionatham/Documents/Projects/vogue_data_pipeline/venv/lib/python3.11/site-packages/airflow/example_dags/example_setup_teardown.py for tasks to queue
[2026-01-06T14:51:50.309+1100] {logging_mixin.py:188} INFO - [2026-01-06T14:51:50.309+1100] {dagbag.py:545} INFO - Filling up the DagBag from /Users/fionatham/Documents/Projects/vogue_data_pipeline/venv/lib/python3.11/site-packages/airflow/example_dags/example_setup_teardown.py
[2026-01-06T14:51:50.313+1100] {processor.py:840} INFO - DAG(s) 'example_setup_teardown' retrieved from /Users/fionatham/Documents/Projects/vogue_data_pipeline/venv/lib/python3.11/site-packages/airflow/example_dags/example_setup_teardown.py
[2026-01-06T14:51:50.359+1100] {logging_mixin.py:188} INFO - [2026-01-06T14:51:50.359+1100] {dag.py:3089} INFO - Sync 1 DAGs
[2026-01-06T14:51:50.365+1100] {logging_mixin.py:188} INFO - [2026-01-06T14:51:50.365+1100] {dag.py:3947} INFO - Setting next_dagrun for example_setup_teardown to 2026-01-05 00:00:00+00:00, run_after=2026-01-06 00:00:00+00:00
[2026-01-06T14:51:50.374+1100] {processor.py:183} INFO - Processing /Users/fionatham/Documents/Projects/vogue_data_pipeline/venv/lib/python3.11/site-packages/airflow/example_dags/example_setup_teardown.py took 0.068 seconds
[2026-01-06T14:53:46.545+1100] {processor.py:161} INFO - Started process (PID=93596) to work on /Users/fionatham/Documents/Projects/vogue_data_pipeline/venv/lib/python3.11/site-packages/airflow/example_dags/example_setup_teardown.py
[2026-01-06T14:53:46.546+1100] {processor.py:830} INFO - Processing file /Users/fionatham/Documents/Projects/vogue_data_pipeline/venv/lib/python3.11/site-packages/airflow/example_dags/example_setup_teardown.py for tasks to queue
[2026-01-06T14:53:46.547+1100] {logging_mixin.py:188} INFO - [2026-01-06T14:53:46.547+1100] {dagbag.py:545} INFO - Filling up the DagBag from /Users/fionatham/Documents/Projects/vogue_data_pipeline/venv/lib/python3.11/site-packages/airflow/example_dags/example_setup_teardown.py
[2026-01-06T14:53:46.550+1100] {processor.py:840} INFO - DAG(s) 'example_setup_teardown' retrieved from /Users/fionatham/Documents/Projects/vogue_data_pipeline/venv/lib/python3.11/site-packages/airflow/example_dags/example_setup_teardown.py
[2026-01-06T14:53:46.592+1100] {logging_mixin.py:188} INFO - [2026-01-06T14:53:46.592+1100] {dag.py:3089} INFO - Sync 1 DAGs
[2026-01-06T14:53:46.598+1100] {logging_mixin.py:188} INFO - [2026-01-06T14:53:46.598+1100] {dag.py:3947} INFO - Setting next_dagrun for example_setup_teardown to 2026-01-05 00:00:00+00:00, run_after=2026-01-06 00:00:00+00:00
[2026-01-06T14:53:46.605+1100] {processor.py:183} INFO - Processing /Users/fionatham/Documents/Projects/vogue_data_pipeline/venv/lib/python3.11/site-packages/airflow/example_dags/example_setup_teardown.py took 0.062 seconds
[2026-01-06T14:55:43.983+1100] {processor.py:161} INFO - Started process (PID=93758) to work on /Users/fionatham/Documents/Projects/vogue_data_pipeline/venv/lib/python3.11/site-packages/airflow/example_dags/example_setup_teardown.py
[2026-01-06T14:55:43.984+1100] {processor.py:830} INFO - Processing file /Users/fionatham/Documents/Projects/vogue_data_pipeline/venv/lib/python3.11/site-packages/airflow/example_dags/example_setup_teardown.py for tasks to queue
[2026-01-06T14:55:43.984+1100] {logging_mixin.py:188} INFO - [2026-01-06T14:55:43.984+1100] {dagbag.py:545} INFO - Filling up the DagBag from /Users/fionatham/Documents/Projects/vogue_data_pipeline/venv/lib/python3.11/site-packages/airflow/example_dags/example_setup_teardown.py
[2026-01-06T14:55:43.988+1100] {processor.py:840} INFO - DAG(s) 'example_setup_teardown' retrieved from /Users/fionatham/Documents/Projects/vogue_data_pipeline/venv/lib/python3.11/site-packages/airflow/example_dags/example_setup_teardown.py
[2026-01-06T14:55:44.033+1100] {logging_mixin.py:188} INFO - [2026-01-06T14:55:44.033+1100] {dag.py:3089} INFO - Sync 1 DAGs
[2026-01-06T14:55:44.039+1100] {logging_mixin.py:188} INFO - [2026-01-06T14:55:44.039+1100] {dag.py:3947} INFO - Setting next_dagrun for example_setup_teardown to 2026-01-05 00:00:00+00:00, run_after=2026-01-06 00:00:00+00:00
[2026-01-06T14:55:44.046+1100] {processor.py:183} INFO - Processing /Users/fionatham/Documents/Projects/vogue_data_pipeline/venv/lib/python3.11/site-packages/airflow/example_dags/example_setup_teardown.py took 0.065 seconds
[2026-01-06T14:57:42.918+1100] {processor.py:161} INFO - Started process (PID=93867) to work on /Users/fionatham/Documents/Projects/vogue_data_pipeline/venv/lib/python3.11/site-packages/airflow/example_dags/example_setup_teardown.py
[2026-01-06T14:57:42.919+1100] {processor.py:830} INFO - Processing file /Users/fionatham/Documents/Projects/vogue_data_pipeline/venv/lib/python3.11/site-packages/airflow/example_dags/example_setup_teardown.py for tasks to queue
[2026-01-06T14:57:42.919+1100] {logging_mixin.py:188} INFO - [2026-01-06T14:57:42.919+1100] {dagbag.py:545} INFO - Filling up the DagBag from /Users/fionatham/Documents/Projects/vogue_data_pipeline/venv/lib/python3.11/site-packages/airflow/example_dags/example_setup_teardown.py
[2026-01-06T14:57:42.922+1100] {processor.py:840} INFO - DAG(s) 'example_setup_teardown' retrieved from /Users/fionatham/Documents/Projects/vogue_data_pipeline/venv/lib/python3.11/site-packages/airflow/example_dags/example_setup_teardown.py
[2026-01-06T14:57:42.966+1100] {logging_mixin.py:188} INFO - [2026-01-06T14:57:42.966+1100] {dag.py:3089} INFO - Sync 1 DAGs
[2026-01-06T14:57:42.972+1100] {logging_mixin.py:188} INFO - [2026-01-06T14:57:42.972+1100] {dag.py:3947} INFO - Setting next_dagrun for example_setup_teardown to 2026-01-05 00:00:00+00:00, run_after=2026-01-06 00:00:00+00:00
[2026-01-06T14:57:42.979+1100] {processor.py:183} INFO - Processing /Users/fionatham/Documents/Projects/vogue_data_pipeline/venv/lib/python3.11/site-packages/airflow/example_dags/example_setup_teardown.py took 0.063 seconds
[2026-01-06T14:59:40.566+1100] {processor.py:161} INFO - Started process (PID=94046) to work on /Users/fionatham/Documents/Projects/vogue_data_pipeline/venv/lib/python3.11/site-packages/airflow/example_dags/example_setup_teardown.py
[2026-01-06T14:59:40.567+1100] {processor.py:830} INFO - Processing file /Users/fionatham/Documents/Projects/vogue_data_pipeline/venv/lib/python3.11/site-packages/airflow/example_dags/example_setup_teardown.py for tasks to queue
[2026-01-06T14:59:40.568+1100] {logging_mixin.py:188} INFO - [2026-01-06T14:59:40.568+1100] {dagbag.py:545} INFO - Filling up the DagBag from /Users/fionatham/Documents/Projects/vogue_data_pipeline/venv/lib/python3.11/site-packages/airflow/example_dags/example_setup_teardown.py
[2026-01-06T14:59:40.571+1100] {processor.py:840} INFO - DAG(s) 'example_setup_teardown' retrieved from /Users/fionatham/Documents/Projects/vogue_data_pipeline/venv/lib/python3.11/site-packages/airflow/example_dags/example_setup_teardown.py
[2026-01-06T14:59:40.616+1100] {logging_mixin.py:188} INFO - [2026-01-06T14:59:40.616+1100] {dag.py:3089} INFO - Sync 1 DAGs
[2026-01-06T14:59:40.622+1100] {logging_mixin.py:188} INFO - [2026-01-06T14:59:40.622+1100] {dag.py:3947} INFO - Setting next_dagrun for example_setup_teardown to 2026-01-05 00:00:00+00:00, run_after=2026-01-06 00:00:00+00:00
[2026-01-06T14:59:40.630+1100] {processor.py:183} INFO - Processing /Users/fionatham/Documents/Projects/vogue_data_pipeline/venv/lib/python3.11/site-packages/airflow/example_dags/example_setup_teardown.py took 0.065 seconds
[2026-01-06T15:01:40.169+1100] {processor.py:161} INFO - Started process (PID=94182) to work on /Users/fionatham/Documents/Projects/vogue_data_pipeline/venv/lib/python3.11/site-packages/airflow/example_dags/example_setup_teardown.py
[2026-01-06T15:01:40.170+1100] {processor.py:830} INFO - Processing file /Users/fionatham/Documents/Projects/vogue_data_pipeline/venv/lib/python3.11/site-packages/airflow/example_dags/example_setup_teardown.py for tasks to queue
[2026-01-06T15:01:40.170+1100] {logging_mixin.py:188} INFO - [2026-01-06T15:01:40.170+1100] {dagbag.py:545} INFO - Filling up the DagBag from /Users/fionatham/Documents/Projects/vogue_data_pipeline/venv/lib/python3.11/site-packages/airflow/example_dags/example_setup_teardown.py
[2026-01-06T15:01:40.174+1100] {processor.py:840} INFO - DAG(s) 'example_setup_teardown' retrieved from /Users/fionatham/Documents/Projects/vogue_data_pipeline/venv/lib/python3.11/site-packages/airflow/example_dags/example_setup_teardown.py
[2026-01-06T15:01:40.218+1100] {logging_mixin.py:188} INFO - [2026-01-06T15:01:40.218+1100] {dag.py:3089} INFO - Sync 1 DAGs
[2026-01-06T15:01:40.225+1100] {logging_mixin.py:188} INFO - [2026-01-06T15:01:40.225+1100] {dag.py:3947} INFO - Setting next_dagrun for example_setup_teardown to 2026-01-05 00:00:00+00:00, run_after=2026-01-06 00:00:00+00:00
[2026-01-06T15:01:40.233+1100] {processor.py:183} INFO - Processing /Users/fionatham/Documents/Projects/vogue_data_pipeline/venv/lib/python3.11/site-packages/airflow/example_dags/example_setup_teardown.py took 0.065 seconds
[2026-01-06T15:03:40.893+1100] {processor.py:161} INFO - Started process (PID=94522) to work on /Users/fionatham/Documents/Projects/vogue_data_pipeline/venv/lib/python3.11/site-packages/airflow/example_dags/example_setup_teardown.py
[2026-01-06T15:03:40.895+1100] {processor.py:830} INFO - Processing file /Users/fionatham/Documents/Projects/vogue_data_pipeline/venv/lib/python3.11/site-packages/airflow/example_dags/example_setup_teardown.py for tasks to queue
[2026-01-06T15:03:40.895+1100] {logging_mixin.py:188} INFO - [2026-01-06T15:03:40.895+1100] {dagbag.py:545} INFO - Filling up the DagBag from /Users/fionatham/Documents/Projects/vogue_data_pipeline/venv/lib/python3.11/site-packages/airflow/example_dags/example_setup_teardown.py
[2026-01-06T15:03:40.899+1100] {processor.py:840} INFO - DAG(s) 'example_setup_teardown' retrieved from /Users/fionatham/Documents/Projects/vogue_data_pipeline/venv/lib/python3.11/site-packages/airflow/example_dags/example_setup_teardown.py
[2026-01-06T15:03:40.943+1100] {logging_mixin.py:188} INFO - [2026-01-06T15:03:40.943+1100] {dag.py:3089} INFO - Sync 1 DAGs
[2026-01-06T15:03:40.950+1100] {logging_mixin.py:188} INFO - [2026-01-06T15:03:40.950+1100] {dag.py:3947} INFO - Setting next_dagrun for example_setup_teardown to 2026-01-05 00:00:00+00:00, run_after=2026-01-06 00:00:00+00:00
[2026-01-06T15:03:40.957+1100] {processor.py:183} INFO - Processing /Users/fionatham/Documents/Projects/vogue_data_pipeline/venv/lib/python3.11/site-packages/airflow/example_dags/example_setup_teardown.py took 0.065 seconds
[2026-01-06T15:05:39.286+1100] {processor.py:161} INFO - Started process (PID=94621) to work on /Users/fionatham/Documents/Projects/vogue_data_pipeline/venv/lib/python3.11/site-packages/airflow/example_dags/example_setup_teardown.py
[2026-01-06T15:05:39.287+1100] {processor.py:830} INFO - Processing file /Users/fionatham/Documents/Projects/vogue_data_pipeline/venv/lib/python3.11/site-packages/airflow/example_dags/example_setup_teardown.py for tasks to queue
[2026-01-06T15:05:39.288+1100] {logging_mixin.py:188} INFO - [2026-01-06T15:05:39.288+1100] {dagbag.py:545} INFO - Filling up the DagBag from /Users/fionatham/Documents/Projects/vogue_data_pipeline/venv/lib/python3.11/site-packages/airflow/example_dags/example_setup_teardown.py
[2026-01-06T15:05:39.291+1100] {processor.py:840} INFO - DAG(s) 'example_setup_teardown' retrieved from /Users/fionatham/Documents/Projects/vogue_data_pipeline/venv/lib/python3.11/site-packages/airflow/example_dags/example_setup_teardown.py
[2026-01-06T15:05:39.338+1100] {logging_mixin.py:188} INFO - [2026-01-06T15:05:39.338+1100] {dag.py:3089} INFO - Sync 1 DAGs
[2026-01-06T15:05:39.344+1100] {logging_mixin.py:188} INFO - [2026-01-06T15:05:39.344+1100] {dag.py:3947} INFO - Setting next_dagrun for example_setup_teardown to 2026-01-05 00:00:00+00:00, run_after=2026-01-06 00:00:00+00:00
[2026-01-06T15:05:39.353+1100] {processor.py:183} INFO - Processing /Users/fionatham/Documents/Projects/vogue_data_pipeline/venv/lib/python3.11/site-packages/airflow/example_dags/example_setup_teardown.py took 0.069 seconds
[2026-01-06T15:12:41.460+1100] {processor.py:161} INFO - Started process (PID=95262) to work on /Users/fionatham/Documents/Projects/vogue_data_pipeline/venv/lib/python3.11/site-packages/airflow/example_dags/example_setup_teardown.py
[2026-01-06T15:12:41.461+1100] {processor.py:830} INFO - Processing file /Users/fionatham/Documents/Projects/vogue_data_pipeline/venv/lib/python3.11/site-packages/airflow/example_dags/example_setup_teardown.py for tasks to queue
[2026-01-06T15:12:41.462+1100] {logging_mixin.py:188} INFO - [2026-01-06T15:12:41.462+1100] {dagbag.py:545} INFO - Filling up the DagBag from /Users/fionatham/Documents/Projects/vogue_data_pipeline/venv/lib/python3.11/site-packages/airflow/example_dags/example_setup_teardown.py
[2026-01-06T15:12:41.465+1100] {processor.py:840} INFO - DAG(s) 'example_setup_teardown' retrieved from /Users/fionatham/Documents/Projects/vogue_data_pipeline/venv/lib/python3.11/site-packages/airflow/example_dags/example_setup_teardown.py
[2026-01-06T15:12:41.511+1100] {logging_mixin.py:188} INFO - [2026-01-06T15:12:41.511+1100] {dag.py:3089} INFO - Sync 1 DAGs
[2026-01-06T15:12:41.518+1100] {logging_mixin.py:188} INFO - [2026-01-06T15:12:41.518+1100] {dag.py:3947} INFO - Setting next_dagrun for example_setup_teardown to 2026-01-05 00:00:00+00:00, run_after=2026-01-06 00:00:00+00:00
[2026-01-06T15:12:41.526+1100] {processor.py:183} INFO - Processing /Users/fionatham/Documents/Projects/vogue_data_pipeline/venv/lib/python3.11/site-packages/airflow/example_dags/example_setup_teardown.py took 0.068 seconds
[2026-01-06T15:14:14.055+1100] {processor.py:161} INFO - Started process (PID=95377) to work on /Users/fionatham/Documents/Projects/vogue_data_pipeline/venv/lib/python3.11/site-packages/airflow/example_dags/example_setup_teardown.py
[2026-01-06T15:14:14.056+1100] {processor.py:830} INFO - Processing file /Users/fionatham/Documents/Projects/vogue_data_pipeline/venv/lib/python3.11/site-packages/airflow/example_dags/example_setup_teardown.py for tasks to queue
[2026-01-06T15:14:14.056+1100] {logging_mixin.py:188} INFO - [2026-01-06T15:14:14.056+1100] {dagbag.py:545} INFO - Filling up the DagBag from /Users/fionatham/Documents/Projects/vogue_data_pipeline/venv/lib/python3.11/site-packages/airflow/example_dags/example_setup_teardown.py
[2026-01-06T15:14:14.060+1100] {processor.py:840} INFO - DAG(s) 'example_setup_teardown' retrieved from /Users/fionatham/Documents/Projects/vogue_data_pipeline/venv/lib/python3.11/site-packages/airflow/example_dags/example_setup_teardown.py
[2026-01-06T15:14:14.102+1100] {logging_mixin.py:188} INFO - [2026-01-06T15:14:14.102+1100] {dag.py:3089} INFO - Sync 1 DAGs
[2026-01-06T15:14:14.108+1100] {logging_mixin.py:188} INFO - [2026-01-06T15:14:14.108+1100] {dag.py:3947} INFO - Setting next_dagrun for example_setup_teardown to 2026-01-05 00:00:00+00:00, run_after=2026-01-06 00:00:00+00:00
[2026-01-06T15:14:14.115+1100] {processor.py:183} INFO - Processing /Users/fionatham/Documents/Projects/vogue_data_pipeline/venv/lib/python3.11/site-packages/airflow/example_dags/example_setup_teardown.py took 0.061 seconds
[2026-01-06T17:48:38.454+1100] {processor.py:161} INFO - Started process (PID=95581) to work on /Users/fionatham/Documents/Projects/vogue_data_pipeline/venv/lib/python3.11/site-packages/airflow/example_dags/example_setup_teardown.py
[2026-01-06T17:48:38.456+1100] {processor.py:830} INFO - Processing file /Users/fionatham/Documents/Projects/vogue_data_pipeline/venv/lib/python3.11/site-packages/airflow/example_dags/example_setup_teardown.py for tasks to queue
[2026-01-06T17:48:38.456+1100] {logging_mixin.py:188} INFO - [2026-01-06T17:48:38.456+1100] {dagbag.py:545} INFO - Filling up the DagBag from /Users/fionatham/Documents/Projects/vogue_data_pipeline/venv/lib/python3.11/site-packages/airflow/example_dags/example_setup_teardown.py
[2026-01-06T17:48:38.461+1100] {processor.py:840} INFO - DAG(s) 'example_setup_teardown' retrieved from /Users/fionatham/Documents/Projects/vogue_data_pipeline/venv/lib/python3.11/site-packages/airflow/example_dags/example_setup_teardown.py
[2026-01-06T17:48:38.553+1100] {logging_mixin.py:188} INFO - [2026-01-06T17:48:38.553+1100] {dag.py:3089} INFO - Sync 1 DAGs
[2026-01-06T17:48:38.562+1100] {logging_mixin.py:188} INFO - [2026-01-06T17:48:38.562+1100] {dag.py:3947} INFO - Setting next_dagrun for example_setup_teardown to 2026-01-05 00:00:00+00:00, run_after=2026-01-06 00:00:00+00:00
[2026-01-06T17:48:38.578+1100] {processor.py:183} INFO - Processing /Users/fionatham/Documents/Projects/vogue_data_pipeline/venv/lib/python3.11/site-packages/airflow/example_dags/example_setup_teardown.py took 0.125 seconds
[2026-01-06T20:51:30.105+1100] {processor.py:161} INFO - Started process (PID=95719) to work on /Users/fionatham/Documents/Projects/vogue_data_pipeline/venv/lib/python3.11/site-packages/airflow/example_dags/example_setup_teardown.py
[2026-01-06T20:51:30.106+1100] {processor.py:830} INFO - Processing file /Users/fionatham/Documents/Projects/vogue_data_pipeline/venv/lib/python3.11/site-packages/airflow/example_dags/example_setup_teardown.py for tasks to queue
[2026-01-06T20:51:30.106+1100] {logging_mixin.py:188} INFO - [2026-01-06T20:51:30.106+1100] {dagbag.py:545} INFO - Filling up the DagBag from /Users/fionatham/Documents/Projects/vogue_data_pipeline/venv/lib/python3.11/site-packages/airflow/example_dags/example_setup_teardown.py
[2026-01-06T20:51:30.111+1100] {processor.py:840} INFO - DAG(s) 'example_setup_teardown' retrieved from /Users/fionatham/Documents/Projects/vogue_data_pipeline/venv/lib/python3.11/site-packages/airflow/example_dags/example_setup_teardown.py
[2026-01-06T20:51:30.168+1100] {logging_mixin.py:188} INFO - [2026-01-06T20:51:30.167+1100] {dag.py:3089} INFO - Sync 1 DAGs
[2026-01-06T20:51:30.176+1100] {logging_mixin.py:188} INFO - [2026-01-06T20:51:30.176+1100] {dag.py:3947} INFO - Setting next_dagrun for example_setup_teardown to 2026-01-05 00:00:00+00:00, run_after=2026-01-06 00:00:00+00:00
[2026-01-06T20:51:30.186+1100] {processor.py:183} INFO - Processing /Users/fionatham/Documents/Projects/vogue_data_pipeline/venv/lib/python3.11/site-packages/airflow/example_dags/example_setup_teardown.py took 0.083 seconds
[2026-01-06T21:19:32.723+1100] {processor.py:161} INFO - Started process (PID=95844) to work on /Users/fionatham/Documents/Projects/vogue_data_pipeline/venv/lib/python3.11/site-packages/airflow/example_dags/example_setup_teardown.py
[2026-01-06T21:19:32.724+1100] {processor.py:830} INFO - Processing file /Users/fionatham/Documents/Projects/vogue_data_pipeline/venv/lib/python3.11/site-packages/airflow/example_dags/example_setup_teardown.py for tasks to queue
[2026-01-06T21:19:32.724+1100] {logging_mixin.py:188} INFO - [2026-01-06T21:19:32.724+1100] {dagbag.py:545} INFO - Filling up the DagBag from /Users/fionatham/Documents/Projects/vogue_data_pipeline/venv/lib/python3.11/site-packages/airflow/example_dags/example_setup_teardown.py
[2026-01-06T21:19:32.728+1100] {processor.py:840} INFO - DAG(s) 'example_setup_teardown' retrieved from /Users/fionatham/Documents/Projects/vogue_data_pipeline/venv/lib/python3.11/site-packages/airflow/example_dags/example_setup_teardown.py
[2026-01-06T21:19:32.771+1100] {logging_mixin.py:188} INFO - [2026-01-06T21:19:32.771+1100] {dag.py:3089} INFO - Sync 1 DAGs
[2026-01-06T21:19:32.776+1100] {logging_mixin.py:188} INFO - [2026-01-06T21:19:32.776+1100] {dag.py:3947} INFO - Setting next_dagrun for example_setup_teardown to 2026-01-05 00:00:00+00:00, run_after=2026-01-06 00:00:00+00:00
[2026-01-06T21:19:32.783+1100] {processor.py:183} INFO - Processing /Users/fionatham/Documents/Projects/vogue_data_pipeline/venv/lib/python3.11/site-packages/airflow/example_dags/example_setup_teardown.py took 0.061 seconds
[2026-01-06T23:21:27.542+1100] {processor.py:161} INFO - Started process (PID=95980) to work on /Users/fionatham/Documents/Projects/vogue_data_pipeline/venv/lib/python3.11/site-packages/airflow/example_dags/example_setup_teardown.py
[2026-01-06T23:21:27.543+1100] {processor.py:830} INFO - Processing file /Users/fionatham/Documents/Projects/vogue_data_pipeline/venv/lib/python3.11/site-packages/airflow/example_dags/example_setup_teardown.py for tasks to queue
[2026-01-06T23:21:27.543+1100] {logging_mixin.py:188} INFO - [2026-01-06T23:21:27.543+1100] {dagbag.py:545} INFO - Filling up the DagBag from /Users/fionatham/Documents/Projects/vogue_data_pipeline/venv/lib/python3.11/site-packages/airflow/example_dags/example_setup_teardown.py
[2026-01-06T23:21:27.546+1100] {processor.py:840} INFO - DAG(s) 'example_setup_teardown' retrieved from /Users/fionatham/Documents/Projects/vogue_data_pipeline/venv/lib/python3.11/site-packages/airflow/example_dags/example_setup_teardown.py
[2026-01-06T23:21:27.589+1100] {logging_mixin.py:188} INFO - [2026-01-06T23:21:27.589+1100] {dag.py:3089} INFO - Sync 1 DAGs
[2026-01-06T23:21:27.595+1100] {logging_mixin.py:188} INFO - [2026-01-06T23:21:27.595+1100] {dag.py:3947} INFO - Setting next_dagrun for example_setup_teardown to 2026-01-05 00:00:00+00:00, run_after=2026-01-06 00:00:00+00:00
[2026-01-06T23:21:27.602+1100] {processor.py:183} INFO - Processing /Users/fionatham/Documents/Projects/vogue_data_pipeline/venv/lib/python3.11/site-packages/airflow/example_dags/example_setup_teardown.py took 0.061 seconds
