[2026-01-06T13:57:35.481+1100] {processor.py:161} INFO - Started process (PID=85423) to work on /Users/fionatham/Documents/Projects/vogue_data_pipeline/venv/lib/python3.11/site-packages/airflow/example_dags/example_kubernetes_executor.py
[2026-01-06T13:57:35.482+1100] {processor.py:830} INFO - Processing file /Users/fionatham/Documents/Projects/vogue_data_pipeline/venv/lib/python3.11/site-packages/airflow/example_dags/example_kubernetes_executor.py for tasks to queue
[2026-01-06T13:57:35.482+1100] {logging_mixin.py:188} INFO - [2026-01-06T13:57:35.482+1100] {dagbag.py:545} INFO - Filling up the DagBag from /Users/fionatham/Documents/Projects/vogue_data_pipeline/venv/lib/python3.11/site-packages/airflow/example_dags/example_kubernetes_executor.py
[2026-01-06T13:57:35.498+1100] {logging_mixin.py:188} INFO - [2026-01-06T13:57:35.498+1100] {example_kubernetes_executor.py:39} WARNING - The example_kubernetes_executor example DAG requires the kubernetes provider. Please install it with: pip install apache-airflow[cncf.kubernetes]
[2026-01-06T13:57:35.498+1100] {processor.py:842} WARNING - No viable dags retrieved from /Users/fionatham/Documents/Projects/vogue_data_pipeline/venv/lib/python3.11/site-packages/airflow/example_dags/example_kubernetes_executor.py
[2026-01-06T13:57:35.531+1100] {processor.py:183} INFO - Processing /Users/fionatham/Documents/Projects/vogue_data_pipeline/venv/lib/python3.11/site-packages/airflow/example_dags/example_kubernetes_executor.py took 0.051 seconds
[2026-01-06T13:59:37.436+1100] {processor.py:161} INFO - Started process (PID=86766) to work on /Users/fionatham/Documents/Projects/vogue_data_pipeline/venv/lib/python3.11/site-packages/airflow/example_dags/example_kubernetes_executor.py
[2026-01-06T13:59:37.438+1100] {processor.py:830} INFO - Processing file /Users/fionatham/Documents/Projects/vogue_data_pipeline/venv/lib/python3.11/site-packages/airflow/example_dags/example_kubernetes_executor.py for tasks to queue
[2026-01-06T13:59:37.438+1100] {logging_mixin.py:188} INFO - [2026-01-06T13:59:37.438+1100] {dagbag.py:545} INFO - Filling up the DagBag from /Users/fionatham/Documents/Projects/vogue_data_pipeline/venv/lib/python3.11/site-packages/airflow/example_dags/example_kubernetes_executor.py
[2026-01-06T13:59:37.457+1100] {logging_mixin.py:188} INFO - [2026-01-06T13:59:37.457+1100] {example_kubernetes_executor.py:39} WARNING - The example_kubernetes_executor example DAG requires the kubernetes provider. Please install it with: pip install apache-airflow[cncf.kubernetes]
[2026-01-06T13:59:37.457+1100] {processor.py:842} WARNING - No viable dags retrieved from /Users/fionatham/Documents/Projects/vogue_data_pipeline/venv/lib/python3.11/site-packages/airflow/example_dags/example_kubernetes_executor.py
[2026-01-06T13:59:37.490+1100] {processor.py:183} INFO - Processing /Users/fionatham/Documents/Projects/vogue_data_pipeline/venv/lib/python3.11/site-packages/airflow/example_dags/example_kubernetes_executor.py took 0.056 seconds
[2026-01-06T14:01:36.782+1100] {processor.py:161} INFO - Started process (PID=87046) to work on /Users/fionatham/Documents/Projects/vogue_data_pipeline/venv/lib/python3.11/site-packages/airflow/example_dags/example_kubernetes_executor.py
[2026-01-06T14:01:36.783+1100] {processor.py:830} INFO - Processing file /Users/fionatham/Documents/Projects/vogue_data_pipeline/venv/lib/python3.11/site-packages/airflow/example_dags/example_kubernetes_executor.py for tasks to queue
[2026-01-06T14:01:36.783+1100] {logging_mixin.py:188} INFO - [2026-01-06T14:01:36.783+1100] {dagbag.py:545} INFO - Filling up the DagBag from /Users/fionatham/Documents/Projects/vogue_data_pipeline/venv/lib/python3.11/site-packages/airflow/example_dags/example_kubernetes_executor.py
[2026-01-06T14:01:36.798+1100] {logging_mixin.py:188} INFO - [2026-01-06T14:01:36.798+1100] {example_kubernetes_executor.py:39} WARNING - The example_kubernetes_executor example DAG requires the kubernetes provider. Please install it with: pip install apache-airflow[cncf.kubernetes]
[2026-01-06T14:01:36.798+1100] {processor.py:842} WARNING - No viable dags retrieved from /Users/fionatham/Documents/Projects/vogue_data_pipeline/venv/lib/python3.11/site-packages/airflow/example_dags/example_kubernetes_executor.py
[2026-01-06T14:01:36.827+1100] {processor.py:183} INFO - Processing /Users/fionatham/Documents/Projects/vogue_data_pipeline/venv/lib/python3.11/site-packages/airflow/example_dags/example_kubernetes_executor.py took 0.046 seconds
[2026-01-06T14:03:40.450+1100] {processor.py:161} INFO - Started process (PID=87218) to work on /Users/fionatham/Documents/Projects/vogue_data_pipeline/venv/lib/python3.11/site-packages/airflow/example_dags/example_kubernetes_executor.py
[2026-01-06T14:03:40.450+1100] {processor.py:830} INFO - Processing file /Users/fionatham/Documents/Projects/vogue_data_pipeline/venv/lib/python3.11/site-packages/airflow/example_dags/example_kubernetes_executor.py for tasks to queue
[2026-01-06T14:03:40.451+1100] {logging_mixin.py:188} INFO - [2026-01-06T14:03:40.451+1100] {dagbag.py:545} INFO - Filling up the DagBag from /Users/fionatham/Documents/Projects/vogue_data_pipeline/venv/lib/python3.11/site-packages/airflow/example_dags/example_kubernetes_executor.py
[2026-01-06T14:03:40.466+1100] {logging_mixin.py:188} INFO - [2026-01-06T14:03:40.466+1100] {example_kubernetes_executor.py:39} WARNING - The example_kubernetes_executor example DAG requires the kubernetes provider. Please install it with: pip install apache-airflow[cncf.kubernetes]
[2026-01-06T14:03:40.466+1100] {processor.py:842} WARNING - No viable dags retrieved from /Users/fionatham/Documents/Projects/vogue_data_pipeline/venv/lib/python3.11/site-packages/airflow/example_dags/example_kubernetes_executor.py
[2026-01-06T14:03:40.496+1100] {processor.py:183} INFO - Processing /Users/fionatham/Documents/Projects/vogue_data_pipeline/venv/lib/python3.11/site-packages/airflow/example_dags/example_kubernetes_executor.py took 0.047 seconds
[2026-01-06T14:05:38.503+1100] {processor.py:161} INFO - Started process (PID=87434) to work on /Users/fionatham/Documents/Projects/vogue_data_pipeline/venv/lib/python3.11/site-packages/airflow/example_dags/example_kubernetes_executor.py
[2026-01-06T14:05:38.503+1100] {processor.py:830} INFO - Processing file /Users/fionatham/Documents/Projects/vogue_data_pipeline/venv/lib/python3.11/site-packages/airflow/example_dags/example_kubernetes_executor.py for tasks to queue
[2026-01-06T14:05:38.504+1100] {logging_mixin.py:188} INFO - [2026-01-06T14:05:38.504+1100] {dagbag.py:545} INFO - Filling up the DagBag from /Users/fionatham/Documents/Projects/vogue_data_pipeline/venv/lib/python3.11/site-packages/airflow/example_dags/example_kubernetes_executor.py
[2026-01-06T14:05:38.519+1100] {logging_mixin.py:188} INFO - [2026-01-06T14:05:38.519+1100] {example_kubernetes_executor.py:39} WARNING - The example_kubernetes_executor example DAG requires the kubernetes provider. Please install it with: pip install apache-airflow[cncf.kubernetes]
[2026-01-06T14:05:38.519+1100] {processor.py:842} WARNING - No viable dags retrieved from /Users/fionatham/Documents/Projects/vogue_data_pipeline/venv/lib/python3.11/site-packages/airflow/example_dags/example_kubernetes_executor.py
[2026-01-06T14:05:38.550+1100] {processor.py:183} INFO - Processing /Users/fionatham/Documents/Projects/vogue_data_pipeline/venv/lib/python3.11/site-packages/airflow/example_dags/example_kubernetes_executor.py took 0.049 seconds
[2026-01-06T14:07:41.687+1100] {processor.py:161} INFO - Started process (PID=87631) to work on /Users/fionatham/Documents/Projects/vogue_data_pipeline/venv/lib/python3.11/site-packages/airflow/example_dags/example_kubernetes_executor.py
[2026-01-06T14:07:41.688+1100] {processor.py:830} INFO - Processing file /Users/fionatham/Documents/Projects/vogue_data_pipeline/venv/lib/python3.11/site-packages/airflow/example_dags/example_kubernetes_executor.py for tasks to queue
[2026-01-06T14:07:41.688+1100] {logging_mixin.py:188} INFO - [2026-01-06T14:07:41.688+1100] {dagbag.py:545} INFO - Filling up the DagBag from /Users/fionatham/Documents/Projects/vogue_data_pipeline/venv/lib/python3.11/site-packages/airflow/example_dags/example_kubernetes_executor.py
[2026-01-06T14:07:41.704+1100] {logging_mixin.py:188} INFO - [2026-01-06T14:07:41.704+1100] {example_kubernetes_executor.py:39} WARNING - The example_kubernetes_executor example DAG requires the kubernetes provider. Please install it with: pip install apache-airflow[cncf.kubernetes]
[2026-01-06T14:07:41.704+1100] {processor.py:842} WARNING - No viable dags retrieved from /Users/fionatham/Documents/Projects/vogue_data_pipeline/venv/lib/python3.11/site-packages/airflow/example_dags/example_kubernetes_executor.py
[2026-01-06T14:07:41.734+1100] {processor.py:183} INFO - Processing /Users/fionatham/Documents/Projects/vogue_data_pipeline/venv/lib/python3.11/site-packages/airflow/example_dags/example_kubernetes_executor.py took 0.047 seconds
[2026-01-06T14:09:38.125+1100] {processor.py:161} INFO - Started process (PID=87712) to work on /Users/fionatham/Documents/Projects/vogue_data_pipeline/venv/lib/python3.11/site-packages/airflow/example_dags/example_kubernetes_executor.py
[2026-01-06T14:09:38.126+1100] {processor.py:830} INFO - Processing file /Users/fionatham/Documents/Projects/vogue_data_pipeline/venv/lib/python3.11/site-packages/airflow/example_dags/example_kubernetes_executor.py for tasks to queue
[2026-01-06T14:09:38.126+1100] {logging_mixin.py:188} INFO - [2026-01-06T14:09:38.126+1100] {dagbag.py:545} INFO - Filling up the DagBag from /Users/fionatham/Documents/Projects/vogue_data_pipeline/venv/lib/python3.11/site-packages/airflow/example_dags/example_kubernetes_executor.py
[2026-01-06T14:09:38.141+1100] {logging_mixin.py:188} INFO - [2026-01-06T14:09:38.141+1100] {example_kubernetes_executor.py:39} WARNING - The example_kubernetes_executor example DAG requires the kubernetes provider. Please install it with: pip install apache-airflow[cncf.kubernetes]
[2026-01-06T14:09:38.141+1100] {processor.py:842} WARNING - No viable dags retrieved from /Users/fionatham/Documents/Projects/vogue_data_pipeline/venv/lib/python3.11/site-packages/airflow/example_dags/example_kubernetes_executor.py
[2026-01-06T14:09:38.170+1100] {processor.py:183} INFO - Processing /Users/fionatham/Documents/Projects/vogue_data_pipeline/venv/lib/python3.11/site-packages/airflow/example_dags/example_kubernetes_executor.py took 0.046 seconds
[2026-01-06T14:11:36.302+1100] {processor.py:161} INFO - Started process (PID=87882) to work on /Users/fionatham/Documents/Projects/vogue_data_pipeline/venv/lib/python3.11/site-packages/airflow/example_dags/example_kubernetes_executor.py
[2026-01-06T14:11:36.303+1100] {processor.py:830} INFO - Processing file /Users/fionatham/Documents/Projects/vogue_data_pipeline/venv/lib/python3.11/site-packages/airflow/example_dags/example_kubernetes_executor.py for tasks to queue
[2026-01-06T14:11:36.303+1100] {logging_mixin.py:188} INFO - [2026-01-06T14:11:36.303+1100] {dagbag.py:545} INFO - Filling up the DagBag from /Users/fionatham/Documents/Projects/vogue_data_pipeline/venv/lib/python3.11/site-packages/airflow/example_dags/example_kubernetes_executor.py
[2026-01-06T14:11:36.318+1100] {logging_mixin.py:188} INFO - [2026-01-06T14:11:36.318+1100] {example_kubernetes_executor.py:39} WARNING - The example_kubernetes_executor example DAG requires the kubernetes provider. Please install it with: pip install apache-airflow[cncf.kubernetes]
[2026-01-06T14:11:36.318+1100] {processor.py:842} WARNING - No viable dags retrieved from /Users/fionatham/Documents/Projects/vogue_data_pipeline/venv/lib/python3.11/site-packages/airflow/example_dags/example_kubernetes_executor.py
[2026-01-06T14:11:36.354+1100] {processor.py:183} INFO - Processing /Users/fionatham/Documents/Projects/vogue_data_pipeline/venv/lib/python3.11/site-packages/airflow/example_dags/example_kubernetes_executor.py took 0.054 seconds
[2026-01-06T14:13:41.939+1100] {processor.py:161} INFO - Started process (PID=88024) to work on /Users/fionatham/Documents/Projects/vogue_data_pipeline/venv/lib/python3.11/site-packages/airflow/example_dags/example_kubernetes_executor.py
[2026-01-06T14:13:41.939+1100] {processor.py:830} INFO - Processing file /Users/fionatham/Documents/Projects/vogue_data_pipeline/venv/lib/python3.11/site-packages/airflow/example_dags/example_kubernetes_executor.py for tasks to queue
[2026-01-06T14:13:41.940+1100] {logging_mixin.py:188} INFO - [2026-01-06T14:13:41.940+1100] {dagbag.py:545} INFO - Filling up the DagBag from /Users/fionatham/Documents/Projects/vogue_data_pipeline/venv/lib/python3.11/site-packages/airflow/example_dags/example_kubernetes_executor.py
[2026-01-06T14:13:41.957+1100] {logging_mixin.py:188} INFO - [2026-01-06T14:13:41.957+1100] {example_kubernetes_executor.py:39} WARNING - The example_kubernetes_executor example DAG requires the kubernetes provider. Please install it with: pip install apache-airflow[cncf.kubernetes]
[2026-01-06T14:13:41.957+1100] {processor.py:842} WARNING - No viable dags retrieved from /Users/fionatham/Documents/Projects/vogue_data_pipeline/venv/lib/python3.11/site-packages/airflow/example_dags/example_kubernetes_executor.py
[2026-01-06T14:13:41.989+1100] {processor.py:183} INFO - Processing /Users/fionatham/Documents/Projects/vogue_data_pipeline/venv/lib/python3.11/site-packages/airflow/example_dags/example_kubernetes_executor.py took 0.052 seconds
[2026-01-06T14:15:42.880+1100] {processor.py:161} INFO - Started process (PID=88960) to work on /Users/fionatham/Documents/Projects/vogue_data_pipeline/venv/lib/python3.11/site-packages/airflow/example_dags/example_kubernetes_executor.py
[2026-01-06T14:15:42.881+1100] {processor.py:830} INFO - Processing file /Users/fionatham/Documents/Projects/vogue_data_pipeline/venv/lib/python3.11/site-packages/airflow/example_dags/example_kubernetes_executor.py for tasks to queue
[2026-01-06T14:15:42.881+1100] {logging_mixin.py:188} INFO - [2026-01-06T14:15:42.881+1100] {dagbag.py:545} INFO - Filling up the DagBag from /Users/fionatham/Documents/Projects/vogue_data_pipeline/venv/lib/python3.11/site-packages/airflow/example_dags/example_kubernetes_executor.py
[2026-01-06T14:15:42.896+1100] {logging_mixin.py:188} INFO - [2026-01-06T14:15:42.896+1100] {example_kubernetes_executor.py:39} WARNING - The example_kubernetes_executor example DAG requires the kubernetes provider. Please install it with: pip install apache-airflow[cncf.kubernetes]
[2026-01-06T14:15:42.897+1100] {processor.py:842} WARNING - No viable dags retrieved from /Users/fionatham/Documents/Projects/vogue_data_pipeline/venv/lib/python3.11/site-packages/airflow/example_dags/example_kubernetes_executor.py
[2026-01-06T14:15:42.927+1100] {processor.py:183} INFO - Processing /Users/fionatham/Documents/Projects/vogue_data_pipeline/venv/lib/python3.11/site-packages/airflow/example_dags/example_kubernetes_executor.py took 0.049 seconds
[2026-01-06T14:17:35.728+1100] {processor.py:161} INFO - Started process (PID=89359) to work on /Users/fionatham/Documents/Projects/vogue_data_pipeline/venv/lib/python3.11/site-packages/airflow/example_dags/example_kubernetes_executor.py
[2026-01-06T14:17:35.729+1100] {processor.py:830} INFO - Processing file /Users/fionatham/Documents/Projects/vogue_data_pipeline/venv/lib/python3.11/site-packages/airflow/example_dags/example_kubernetes_executor.py for tasks to queue
[2026-01-06T14:17:35.729+1100] {logging_mixin.py:188} INFO - [2026-01-06T14:17:35.729+1100] {dagbag.py:545} INFO - Filling up the DagBag from /Users/fionatham/Documents/Projects/vogue_data_pipeline/venv/lib/python3.11/site-packages/airflow/example_dags/example_kubernetes_executor.py
[2026-01-06T14:17:35.744+1100] {logging_mixin.py:188} INFO - [2026-01-06T14:17:35.744+1100] {example_kubernetes_executor.py:39} WARNING - The example_kubernetes_executor example DAG requires the kubernetes provider. Please install it with: pip install apache-airflow[cncf.kubernetes]
[2026-01-06T14:17:35.744+1100] {processor.py:842} WARNING - No viable dags retrieved from /Users/fionatham/Documents/Projects/vogue_data_pipeline/venv/lib/python3.11/site-packages/airflow/example_dags/example_kubernetes_executor.py
[2026-01-06T14:17:35.775+1100] {processor.py:183} INFO - Processing /Users/fionatham/Documents/Projects/vogue_data_pipeline/venv/lib/python3.11/site-packages/airflow/example_dags/example_kubernetes_executor.py took 0.049 seconds
[2026-01-06T14:19:36.636+1100] {processor.py:161} INFO - Started process (PID=89933) to work on /Users/fionatham/Documents/Projects/vogue_data_pipeline/venv/lib/python3.11/site-packages/airflow/example_dags/example_kubernetes_executor.py
[2026-01-06T14:19:36.637+1100] {processor.py:830} INFO - Processing file /Users/fionatham/Documents/Projects/vogue_data_pipeline/venv/lib/python3.11/site-packages/airflow/example_dags/example_kubernetes_executor.py for tasks to queue
[2026-01-06T14:19:36.637+1100] {logging_mixin.py:188} INFO - [2026-01-06T14:19:36.637+1100] {dagbag.py:545} INFO - Filling up the DagBag from /Users/fionatham/Documents/Projects/vogue_data_pipeline/venv/lib/python3.11/site-packages/airflow/example_dags/example_kubernetes_executor.py
[2026-01-06T14:19:36.656+1100] {logging_mixin.py:188} INFO - [2026-01-06T14:19:36.656+1100] {example_kubernetes_executor.py:39} WARNING - The example_kubernetes_executor example DAG requires the kubernetes provider. Please install it with: pip install apache-airflow[cncf.kubernetes]
[2026-01-06T14:19:36.657+1100] {processor.py:842} WARNING - No viable dags retrieved from /Users/fionatham/Documents/Projects/vogue_data_pipeline/venv/lib/python3.11/site-packages/airflow/example_dags/example_kubernetes_executor.py
[2026-01-06T14:19:36.688+1100] {processor.py:183} INFO - Processing /Users/fionatham/Documents/Projects/vogue_data_pipeline/venv/lib/python3.11/site-packages/airflow/example_dags/example_kubernetes_executor.py took 0.053 seconds
[2026-01-06T14:21:39.389+1100] {processor.py:161} INFO - Started process (PID=90028) to work on /Users/fionatham/Documents/Projects/vogue_data_pipeline/venv/lib/python3.11/site-packages/airflow/example_dags/example_kubernetes_executor.py
[2026-01-06T14:21:39.390+1100] {processor.py:830} INFO - Processing file /Users/fionatham/Documents/Projects/vogue_data_pipeline/venv/lib/python3.11/site-packages/airflow/example_dags/example_kubernetes_executor.py for tasks to queue
[2026-01-06T14:21:39.391+1100] {logging_mixin.py:188} INFO - [2026-01-06T14:21:39.390+1100] {dagbag.py:545} INFO - Filling up the DagBag from /Users/fionatham/Documents/Projects/vogue_data_pipeline/venv/lib/python3.11/site-packages/airflow/example_dags/example_kubernetes_executor.py
[2026-01-06T14:21:39.405+1100] {logging_mixin.py:188} INFO - [2026-01-06T14:21:39.405+1100] {example_kubernetes_executor.py:39} WARNING - The example_kubernetes_executor example DAG requires the kubernetes provider. Please install it with: pip install apache-airflow[cncf.kubernetes]
[2026-01-06T14:21:39.406+1100] {processor.py:842} WARNING - No viable dags retrieved from /Users/fionatham/Documents/Projects/vogue_data_pipeline/venv/lib/python3.11/site-packages/airflow/example_dags/example_kubernetes_executor.py
[2026-01-06T14:21:39.435+1100] {processor.py:183} INFO - Processing /Users/fionatham/Documents/Projects/vogue_data_pipeline/venv/lib/python3.11/site-packages/airflow/example_dags/example_kubernetes_executor.py took 0.047 seconds
[2026-01-06T14:23:29.954+1100] {processor.py:161} INFO - Started process (PID=90119) to work on /Users/fionatham/Documents/Projects/vogue_data_pipeline/venv/lib/python3.11/site-packages/airflow/example_dags/example_kubernetes_executor.py
[2026-01-06T14:23:29.955+1100] {processor.py:830} INFO - Processing file /Users/fionatham/Documents/Projects/vogue_data_pipeline/venv/lib/python3.11/site-packages/airflow/example_dags/example_kubernetes_executor.py for tasks to queue
[2026-01-06T14:23:29.955+1100] {logging_mixin.py:188} INFO - [2026-01-06T14:23:29.955+1100] {dagbag.py:545} INFO - Filling up the DagBag from /Users/fionatham/Documents/Projects/vogue_data_pipeline/venv/lib/python3.11/site-packages/airflow/example_dags/example_kubernetes_executor.py
[2026-01-06T14:23:29.973+1100] {logging_mixin.py:188} INFO - [2026-01-06T14:23:29.973+1100] {example_kubernetes_executor.py:39} WARNING - The example_kubernetes_executor example DAG requires the kubernetes provider. Please install it with: pip install apache-airflow[cncf.kubernetes]
[2026-01-06T14:23:29.973+1100] {processor.py:842} WARNING - No viable dags retrieved from /Users/fionatham/Documents/Projects/vogue_data_pipeline/venv/lib/python3.11/site-packages/airflow/example_dags/example_kubernetes_executor.py
[2026-01-06T14:23:30.004+1100] {processor.py:183} INFO - Processing /Users/fionatham/Documents/Projects/vogue_data_pipeline/venv/lib/python3.11/site-packages/airflow/example_dags/example_kubernetes_executor.py took 0.052 seconds
[2026-01-06T14:25:19.288+1100] {processor.py:161} INFO - Started process (PID=90391) to work on /Users/fionatham/Documents/Projects/vogue_data_pipeline/venv/lib/python3.11/site-packages/airflow/example_dags/example_kubernetes_executor.py
[2026-01-06T14:25:19.289+1100] {processor.py:830} INFO - Processing file /Users/fionatham/Documents/Projects/vogue_data_pipeline/venv/lib/python3.11/site-packages/airflow/example_dags/example_kubernetes_executor.py for tasks to queue
[2026-01-06T14:25:19.289+1100] {logging_mixin.py:188} INFO - [2026-01-06T14:25:19.289+1100] {dagbag.py:545} INFO - Filling up the DagBag from /Users/fionatham/Documents/Projects/vogue_data_pipeline/venv/lib/python3.11/site-packages/airflow/example_dags/example_kubernetes_executor.py
[2026-01-06T14:25:19.304+1100] {logging_mixin.py:188} INFO - [2026-01-06T14:25:19.304+1100] {example_kubernetes_executor.py:39} WARNING - The example_kubernetes_executor example DAG requires the kubernetes provider. Please install it with: pip install apache-airflow[cncf.kubernetes]
[2026-01-06T14:25:19.304+1100] {processor.py:842} WARNING - No viable dags retrieved from /Users/fionatham/Documents/Projects/vogue_data_pipeline/venv/lib/python3.11/site-packages/airflow/example_dags/example_kubernetes_executor.py
[2026-01-06T14:25:19.333+1100] {processor.py:183} INFO - Processing /Users/fionatham/Documents/Projects/vogue_data_pipeline/venv/lib/python3.11/site-packages/airflow/example_dags/example_kubernetes_executor.py took 0.046 seconds
[2026-01-06T14:27:18.598+1100] {processor.py:161} INFO - Started process (PID=90686) to work on /Users/fionatham/Documents/Projects/vogue_data_pipeline/venv/lib/python3.11/site-packages/airflow/example_dags/example_kubernetes_executor.py
[2026-01-06T14:27:18.599+1100] {processor.py:830} INFO - Processing file /Users/fionatham/Documents/Projects/vogue_data_pipeline/venv/lib/python3.11/site-packages/airflow/example_dags/example_kubernetes_executor.py for tasks to queue
[2026-01-06T14:27:18.599+1100] {logging_mixin.py:188} INFO - [2026-01-06T14:27:18.599+1100] {dagbag.py:545} INFO - Filling up the DagBag from /Users/fionatham/Documents/Projects/vogue_data_pipeline/venv/lib/python3.11/site-packages/airflow/example_dags/example_kubernetes_executor.py
[2026-01-06T14:27:18.614+1100] {logging_mixin.py:188} INFO - [2026-01-06T14:27:18.614+1100] {example_kubernetes_executor.py:39} WARNING - The example_kubernetes_executor example DAG requires the kubernetes provider. Please install it with: pip install apache-airflow[cncf.kubernetes]
[2026-01-06T14:27:18.614+1100] {processor.py:842} WARNING - No viable dags retrieved from /Users/fionatham/Documents/Projects/vogue_data_pipeline/venv/lib/python3.11/site-packages/airflow/example_dags/example_kubernetes_executor.py
[2026-01-06T14:27:18.642+1100] {processor.py:183} INFO - Processing /Users/fionatham/Documents/Projects/vogue_data_pipeline/venv/lib/python3.11/site-packages/airflow/example_dags/example_kubernetes_executor.py took 0.046 seconds
[2026-01-06T14:29:15.285+1100] {processor.py:161} INFO - Started process (PID=91049) to work on /Users/fionatham/Documents/Projects/vogue_data_pipeline/venv/lib/python3.11/site-packages/airflow/example_dags/example_kubernetes_executor.py
[2026-01-06T14:29:15.286+1100] {processor.py:830} INFO - Processing file /Users/fionatham/Documents/Projects/vogue_data_pipeline/venv/lib/python3.11/site-packages/airflow/example_dags/example_kubernetes_executor.py for tasks to queue
[2026-01-06T14:29:15.286+1100] {logging_mixin.py:188} INFO - [2026-01-06T14:29:15.286+1100] {dagbag.py:545} INFO - Filling up the DagBag from /Users/fionatham/Documents/Projects/vogue_data_pipeline/venv/lib/python3.11/site-packages/airflow/example_dags/example_kubernetes_executor.py
[2026-01-06T14:29:15.302+1100] {logging_mixin.py:188} INFO - [2026-01-06T14:29:15.302+1100] {example_kubernetes_executor.py:39} WARNING - The example_kubernetes_executor example DAG requires the kubernetes provider. Please install it with: pip install apache-airflow[cncf.kubernetes]
[2026-01-06T14:29:15.302+1100] {processor.py:842} WARNING - No viable dags retrieved from /Users/fionatham/Documents/Projects/vogue_data_pipeline/venv/lib/python3.11/site-packages/airflow/example_dags/example_kubernetes_executor.py
[2026-01-06T14:29:15.333+1100] {processor.py:183} INFO - Processing /Users/fionatham/Documents/Projects/vogue_data_pipeline/venv/lib/python3.11/site-packages/airflow/example_dags/example_kubernetes_executor.py took 0.050 seconds
[2026-01-06T14:30:45.500+1100] {processor.py:161} INFO - Started process (PID=91586) to work on /Users/fionatham/Documents/Projects/vogue_data_pipeline/venv/lib/python3.11/site-packages/airflow/example_dags/example_kubernetes_executor.py
[2026-01-06T14:30:45.501+1100] {processor.py:830} INFO - Processing file /Users/fionatham/Documents/Projects/vogue_data_pipeline/venv/lib/python3.11/site-packages/airflow/example_dags/example_kubernetes_executor.py for tasks to queue
[2026-01-06T14:30:45.501+1100] {logging_mixin.py:188} INFO - [2026-01-06T14:30:45.501+1100] {dagbag.py:545} INFO - Filling up the DagBag from /Users/fionatham/Documents/Projects/vogue_data_pipeline/venv/lib/python3.11/site-packages/airflow/example_dags/example_kubernetes_executor.py
[2026-01-06T14:30:45.517+1100] {logging_mixin.py:188} INFO - [2026-01-06T14:30:45.517+1100] {example_kubernetes_executor.py:39} WARNING - The example_kubernetes_executor example DAG requires the kubernetes provider. Please install it with: pip install apache-airflow[cncf.kubernetes]
[2026-01-06T14:30:45.517+1100] {processor.py:842} WARNING - No viable dags retrieved from /Users/fionatham/Documents/Projects/vogue_data_pipeline/venv/lib/python3.11/site-packages/airflow/example_dags/example_kubernetes_executor.py
[2026-01-06T14:30:45.549+1100] {processor.py:183} INFO - Processing /Users/fionatham/Documents/Projects/vogue_data_pipeline/venv/lib/python3.11/site-packages/airflow/example_dags/example_kubernetes_executor.py took 0.051 seconds
[2026-01-06T14:32:44.557+1100] {processor.py:161} INFO - Started process (PID=92136) to work on /Users/fionatham/Documents/Projects/vogue_data_pipeline/venv/lib/python3.11/site-packages/airflow/example_dags/example_kubernetes_executor.py
[2026-01-06T14:32:44.557+1100] {processor.py:830} INFO - Processing file /Users/fionatham/Documents/Projects/vogue_data_pipeline/venv/lib/python3.11/site-packages/airflow/example_dags/example_kubernetes_executor.py for tasks to queue
[2026-01-06T14:32:44.558+1100] {logging_mixin.py:188} INFO - [2026-01-06T14:32:44.558+1100] {dagbag.py:545} INFO - Filling up the DagBag from /Users/fionatham/Documents/Projects/vogue_data_pipeline/venv/lib/python3.11/site-packages/airflow/example_dags/example_kubernetes_executor.py
[2026-01-06T14:32:44.574+1100] {logging_mixin.py:188} INFO - [2026-01-06T14:32:44.574+1100] {example_kubernetes_executor.py:39} WARNING - The example_kubernetes_executor example DAG requires the kubernetes provider. Please install it with: pip install apache-airflow[cncf.kubernetes]
[2026-01-06T14:32:44.575+1100] {processor.py:842} WARNING - No viable dags retrieved from /Users/fionatham/Documents/Projects/vogue_data_pipeline/venv/lib/python3.11/site-packages/airflow/example_dags/example_kubernetes_executor.py
[2026-01-06T14:32:44.607+1100] {processor.py:183} INFO - Processing /Users/fionatham/Documents/Projects/vogue_data_pipeline/venv/lib/python3.11/site-packages/airflow/example_dags/example_kubernetes_executor.py took 0.052 seconds
[2026-01-06T14:34:41.370+1100] {processor.py:161} INFO - Started process (PID=92430) to work on /Users/fionatham/Documents/Projects/vogue_data_pipeline/venv/lib/python3.11/site-packages/airflow/example_dags/example_kubernetes_executor.py
[2026-01-06T14:34:41.371+1100] {processor.py:830} INFO - Processing file /Users/fionatham/Documents/Projects/vogue_data_pipeline/venv/lib/python3.11/site-packages/airflow/example_dags/example_kubernetes_executor.py for tasks to queue
[2026-01-06T14:34:41.371+1100] {logging_mixin.py:188} INFO - [2026-01-06T14:34:41.371+1100] {dagbag.py:545} INFO - Filling up the DagBag from /Users/fionatham/Documents/Projects/vogue_data_pipeline/venv/lib/python3.11/site-packages/airflow/example_dags/example_kubernetes_executor.py
[2026-01-06T14:34:41.389+1100] {logging_mixin.py:188} INFO - [2026-01-06T14:34:41.389+1100] {example_kubernetes_executor.py:39} WARNING - The example_kubernetes_executor example DAG requires the kubernetes provider. Please install it with: pip install apache-airflow[cncf.kubernetes]
[2026-01-06T14:34:41.389+1100] {processor.py:842} WARNING - No viable dags retrieved from /Users/fionatham/Documents/Projects/vogue_data_pipeline/venv/lib/python3.11/site-packages/airflow/example_dags/example_kubernetes_executor.py
[2026-01-06T14:34:41.421+1100] {processor.py:183} INFO - Processing /Users/fionatham/Documents/Projects/vogue_data_pipeline/venv/lib/python3.11/site-packages/airflow/example_dags/example_kubernetes_executor.py took 0.052 seconds
[2026-01-06T14:36:40.352+1100] {processor.py:161} INFO - Started process (PID=92626) to work on /Users/fionatham/Documents/Projects/vogue_data_pipeline/venv/lib/python3.11/site-packages/airflow/example_dags/example_kubernetes_executor.py
[2026-01-06T14:36:40.354+1100] {processor.py:830} INFO - Processing file /Users/fionatham/Documents/Projects/vogue_data_pipeline/venv/lib/python3.11/site-packages/airflow/example_dags/example_kubernetes_executor.py for tasks to queue
[2026-01-06T14:36:40.354+1100] {logging_mixin.py:188} INFO - [2026-01-06T14:36:40.354+1100] {dagbag.py:545} INFO - Filling up the DagBag from /Users/fionatham/Documents/Projects/vogue_data_pipeline/venv/lib/python3.11/site-packages/airflow/example_dags/example_kubernetes_executor.py
[2026-01-06T14:36:40.371+1100] {logging_mixin.py:188} INFO - [2026-01-06T14:36:40.371+1100] {example_kubernetes_executor.py:39} WARNING - The example_kubernetes_executor example DAG requires the kubernetes provider. Please install it with: pip install apache-airflow[cncf.kubernetes]
[2026-01-06T14:36:40.371+1100] {processor.py:842} WARNING - No viable dags retrieved from /Users/fionatham/Documents/Projects/vogue_data_pipeline/venv/lib/python3.11/site-packages/airflow/example_dags/example_kubernetes_executor.py
[2026-01-06T14:36:40.406+1100] {processor.py:183} INFO - Processing /Users/fionatham/Documents/Projects/vogue_data_pipeline/venv/lib/python3.11/site-packages/airflow/example_dags/example_kubernetes_executor.py took 0.055 seconds
[2026-01-06T14:38:42.679+1100] {processor.py:161} INFO - Started process (PID=92867) to work on /Users/fionatham/Documents/Projects/vogue_data_pipeline/venv/lib/python3.11/site-packages/airflow/example_dags/example_kubernetes_executor.py
[2026-01-06T14:38:42.680+1100] {processor.py:830} INFO - Processing file /Users/fionatham/Documents/Projects/vogue_data_pipeline/venv/lib/python3.11/site-packages/airflow/example_dags/example_kubernetes_executor.py for tasks to queue
[2026-01-06T14:38:42.681+1100] {logging_mixin.py:188} INFO - [2026-01-06T14:38:42.681+1100] {dagbag.py:545} INFO - Filling up the DagBag from /Users/fionatham/Documents/Projects/vogue_data_pipeline/venv/lib/python3.11/site-packages/airflow/example_dags/example_kubernetes_executor.py
[2026-01-06T14:38:42.706+1100] {logging_mixin.py:188} INFO - [2026-01-06T14:38:42.706+1100] {example_kubernetes_executor.py:39} WARNING - The example_kubernetes_executor example DAG requires the kubernetes provider. Please install it with: pip install apache-airflow[cncf.kubernetes]
[2026-01-06T14:38:42.707+1100] {processor.py:842} WARNING - No viable dags retrieved from /Users/fionatham/Documents/Projects/vogue_data_pipeline/venv/lib/python3.11/site-packages/airflow/example_dags/example_kubernetes_executor.py
[2026-01-06T14:38:42.740+1100] {processor.py:183} INFO - Processing /Users/fionatham/Documents/Projects/vogue_data_pipeline/venv/lib/python3.11/site-packages/airflow/example_dags/example_kubernetes_executor.py took 0.063 seconds
[2026-01-06T14:40:37.095+1100] {processor.py:161} INFO - Started process (PID=92940) to work on /Users/fionatham/Documents/Projects/vogue_data_pipeline/venv/lib/python3.11/site-packages/airflow/example_dags/example_kubernetes_executor.py
[2026-01-06T14:40:37.096+1100] {processor.py:830} INFO - Processing file /Users/fionatham/Documents/Projects/vogue_data_pipeline/venv/lib/python3.11/site-packages/airflow/example_dags/example_kubernetes_executor.py for tasks to queue
[2026-01-06T14:40:37.096+1100] {logging_mixin.py:188} INFO - [2026-01-06T14:40:37.096+1100] {dagbag.py:545} INFO - Filling up the DagBag from /Users/fionatham/Documents/Projects/vogue_data_pipeline/venv/lib/python3.11/site-packages/airflow/example_dags/example_kubernetes_executor.py
[2026-01-06T14:40:37.111+1100] {logging_mixin.py:188} INFO - [2026-01-06T14:40:37.111+1100] {example_kubernetes_executor.py:39} WARNING - The example_kubernetes_executor example DAG requires the kubernetes provider. Please install it with: pip install apache-airflow[cncf.kubernetes]
[2026-01-06T14:40:37.111+1100] {processor.py:842} WARNING - No viable dags retrieved from /Users/fionatham/Documents/Projects/vogue_data_pipeline/venv/lib/python3.11/site-packages/airflow/example_dags/example_kubernetes_executor.py
[2026-01-06T14:40:37.140+1100] {processor.py:183} INFO - Processing /Users/fionatham/Documents/Projects/vogue_data_pipeline/venv/lib/python3.11/site-packages/airflow/example_dags/example_kubernetes_executor.py took 0.046 seconds
[2026-01-06T14:42:31.385+1100] {processor.py:161} INFO - Started process (PID=93020) to work on /Users/fionatham/Documents/Projects/vogue_data_pipeline/venv/lib/python3.11/site-packages/airflow/example_dags/example_kubernetes_executor.py
[2026-01-06T14:42:31.386+1100] {processor.py:830} INFO - Processing file /Users/fionatham/Documents/Projects/vogue_data_pipeline/venv/lib/python3.11/site-packages/airflow/example_dags/example_kubernetes_executor.py for tasks to queue
[2026-01-06T14:42:31.386+1100] {logging_mixin.py:188} INFO - [2026-01-06T14:42:31.386+1100] {dagbag.py:545} INFO - Filling up the DagBag from /Users/fionatham/Documents/Projects/vogue_data_pipeline/venv/lib/python3.11/site-packages/airflow/example_dags/example_kubernetes_executor.py
[2026-01-06T14:42:31.402+1100] {logging_mixin.py:188} INFO - [2026-01-06T14:42:31.402+1100] {example_kubernetes_executor.py:39} WARNING - The example_kubernetes_executor example DAG requires the kubernetes provider. Please install it with: pip install apache-airflow[cncf.kubernetes]
[2026-01-06T14:42:31.402+1100] {processor.py:842} WARNING - No viable dags retrieved from /Users/fionatham/Documents/Projects/vogue_data_pipeline/venv/lib/python3.11/site-packages/airflow/example_dags/example_kubernetes_executor.py
[2026-01-06T14:42:31.432+1100] {processor.py:183} INFO - Processing /Users/fionatham/Documents/Projects/vogue_data_pipeline/venv/lib/python3.11/site-packages/airflow/example_dags/example_kubernetes_executor.py took 0.048 seconds
[2026-01-06T14:44:27.355+1100] {processor.py:161} INFO - Started process (PID=93099) to work on /Users/fionatham/Documents/Projects/vogue_data_pipeline/venv/lib/python3.11/site-packages/airflow/example_dags/example_kubernetes_executor.py
[2026-01-06T14:44:27.356+1100] {processor.py:830} INFO - Processing file /Users/fionatham/Documents/Projects/vogue_data_pipeline/venv/lib/python3.11/site-packages/airflow/example_dags/example_kubernetes_executor.py for tasks to queue
[2026-01-06T14:44:27.356+1100] {logging_mixin.py:188} INFO - [2026-01-06T14:44:27.356+1100] {dagbag.py:545} INFO - Filling up the DagBag from /Users/fionatham/Documents/Projects/vogue_data_pipeline/venv/lib/python3.11/site-packages/airflow/example_dags/example_kubernetes_executor.py
[2026-01-06T14:44:27.371+1100] {logging_mixin.py:188} INFO - [2026-01-06T14:44:27.371+1100] {example_kubernetes_executor.py:39} WARNING - The example_kubernetes_executor example DAG requires the kubernetes provider. Please install it with: pip install apache-airflow[cncf.kubernetes]
[2026-01-06T14:44:27.371+1100] {processor.py:842} WARNING - No viable dags retrieved from /Users/fionatham/Documents/Projects/vogue_data_pipeline/venv/lib/python3.11/site-packages/airflow/example_dags/example_kubernetes_executor.py
[2026-01-06T14:44:27.400+1100] {processor.py:183} INFO - Processing /Users/fionatham/Documents/Projects/vogue_data_pipeline/venv/lib/python3.11/site-packages/airflow/example_dags/example_kubernetes_executor.py took 0.047 seconds
[2026-01-06T14:46:23.822+1100] {processor.py:161} INFO - Started process (PID=93180) to work on /Users/fionatham/Documents/Projects/vogue_data_pipeline/venv/lib/python3.11/site-packages/airflow/example_dags/example_kubernetes_executor.py
[2026-01-06T14:46:23.823+1100] {processor.py:830} INFO - Processing file /Users/fionatham/Documents/Projects/vogue_data_pipeline/venv/lib/python3.11/site-packages/airflow/example_dags/example_kubernetes_executor.py for tasks to queue
[2026-01-06T14:46:23.824+1100] {logging_mixin.py:188} INFO - [2026-01-06T14:46:23.824+1100] {dagbag.py:545} INFO - Filling up the DagBag from /Users/fionatham/Documents/Projects/vogue_data_pipeline/venv/lib/python3.11/site-packages/airflow/example_dags/example_kubernetes_executor.py
[2026-01-06T14:46:23.840+1100] {logging_mixin.py:188} INFO - [2026-01-06T14:46:23.839+1100] {example_kubernetes_executor.py:39} WARNING - The example_kubernetes_executor example DAG requires the kubernetes provider. Please install it with: pip install apache-airflow[cncf.kubernetes]
[2026-01-06T14:46:23.840+1100] {processor.py:842} WARNING - No viable dags retrieved from /Users/fionatham/Documents/Projects/vogue_data_pipeline/venv/lib/python3.11/site-packages/airflow/example_dags/example_kubernetes_executor.py
[2026-01-06T14:46:23.871+1100] {processor.py:183} INFO - Processing /Users/fionatham/Documents/Projects/vogue_data_pipeline/venv/lib/python3.11/site-packages/airflow/example_dags/example_kubernetes_executor.py took 0.050 seconds
[2026-01-06T14:48:20.539+1100] {processor.py:161} INFO - Started process (PID=93262) to work on /Users/fionatham/Documents/Projects/vogue_data_pipeline/venv/lib/python3.11/site-packages/airflow/example_dags/example_kubernetes_executor.py
[2026-01-06T14:48:20.540+1100] {processor.py:830} INFO - Processing file /Users/fionatham/Documents/Projects/vogue_data_pipeline/venv/lib/python3.11/site-packages/airflow/example_dags/example_kubernetes_executor.py for tasks to queue
[2026-01-06T14:48:20.540+1100] {logging_mixin.py:188} INFO - [2026-01-06T14:48:20.540+1100] {dagbag.py:545} INFO - Filling up the DagBag from /Users/fionatham/Documents/Projects/vogue_data_pipeline/venv/lib/python3.11/site-packages/airflow/example_dags/example_kubernetes_executor.py
[2026-01-06T14:48:20.557+1100] {logging_mixin.py:188} INFO - [2026-01-06T14:48:20.557+1100] {example_kubernetes_executor.py:39} WARNING - The example_kubernetes_executor example DAG requires the kubernetes provider. Please install it with: pip install apache-airflow[cncf.kubernetes]
[2026-01-06T14:48:20.557+1100] {processor.py:842} WARNING - No viable dags retrieved from /Users/fionatham/Documents/Projects/vogue_data_pipeline/venv/lib/python3.11/site-packages/airflow/example_dags/example_kubernetes_executor.py
[2026-01-06T14:48:20.590+1100] {processor.py:183} INFO - Processing /Users/fionatham/Documents/Projects/vogue_data_pipeline/venv/lib/python3.11/site-packages/airflow/example_dags/example_kubernetes_executor.py took 0.052 seconds
[2026-01-06T14:50:19.565+1100] {processor.py:161} INFO - Started process (PID=93365) to work on /Users/fionatham/Documents/Projects/vogue_data_pipeline/venv/lib/python3.11/site-packages/airflow/example_dags/example_kubernetes_executor.py
[2026-01-06T14:50:19.566+1100] {processor.py:830} INFO - Processing file /Users/fionatham/Documents/Projects/vogue_data_pipeline/venv/lib/python3.11/site-packages/airflow/example_dags/example_kubernetes_executor.py for tasks to queue
[2026-01-06T14:50:19.566+1100] {logging_mixin.py:188} INFO - [2026-01-06T14:50:19.566+1100] {dagbag.py:545} INFO - Filling up the DagBag from /Users/fionatham/Documents/Projects/vogue_data_pipeline/venv/lib/python3.11/site-packages/airflow/example_dags/example_kubernetes_executor.py
[2026-01-06T14:50:19.581+1100] {logging_mixin.py:188} INFO - [2026-01-06T14:50:19.581+1100] {example_kubernetes_executor.py:39} WARNING - The example_kubernetes_executor example DAG requires the kubernetes provider. Please install it with: pip install apache-airflow[cncf.kubernetes]
[2026-01-06T14:50:19.581+1100] {processor.py:842} WARNING - No viable dags retrieved from /Users/fionatham/Documents/Projects/vogue_data_pipeline/venv/lib/python3.11/site-packages/airflow/example_dags/example_kubernetes_executor.py
[2026-01-06T14:50:19.612+1100] {processor.py:183} INFO - Processing /Users/fionatham/Documents/Projects/vogue_data_pipeline/venv/lib/python3.11/site-packages/airflow/example_dags/example_kubernetes_executor.py took 0.048 seconds
[2026-01-06T14:52:12.204+1100] {processor.py:161} INFO - Started process (PID=93473) to work on /Users/fionatham/Documents/Projects/vogue_data_pipeline/venv/lib/python3.11/site-packages/airflow/example_dags/example_kubernetes_executor.py
[2026-01-06T14:52:12.205+1100] {processor.py:830} INFO - Processing file /Users/fionatham/Documents/Projects/vogue_data_pipeline/venv/lib/python3.11/site-packages/airflow/example_dags/example_kubernetes_executor.py for tasks to queue
[2026-01-06T14:52:12.205+1100] {logging_mixin.py:188} INFO - [2026-01-06T14:52:12.205+1100] {dagbag.py:545} INFO - Filling up the DagBag from /Users/fionatham/Documents/Projects/vogue_data_pipeline/venv/lib/python3.11/site-packages/airflow/example_dags/example_kubernetes_executor.py
[2026-01-06T14:52:12.221+1100] {logging_mixin.py:188} INFO - [2026-01-06T14:52:12.221+1100] {example_kubernetes_executor.py:39} WARNING - The example_kubernetes_executor example DAG requires the kubernetes provider. Please install it with: pip install apache-airflow[cncf.kubernetes]
[2026-01-06T14:52:12.222+1100] {processor.py:842} WARNING - No viable dags retrieved from /Users/fionatham/Documents/Projects/vogue_data_pipeline/venv/lib/python3.11/site-packages/airflow/example_dags/example_kubernetes_executor.py
[2026-01-06T14:52:12.251+1100] {processor.py:183} INFO - Processing /Users/fionatham/Documents/Projects/vogue_data_pipeline/venv/lib/python3.11/site-packages/airflow/example_dags/example_kubernetes_executor.py took 0.049 seconds
[2026-01-06T14:54:07.476+1100] {processor.py:161} INFO - Started process (PID=93623) to work on /Users/fionatham/Documents/Projects/vogue_data_pipeline/venv/lib/python3.11/site-packages/airflow/example_dags/example_kubernetes_executor.py
[2026-01-06T14:54:07.478+1100] {processor.py:830} INFO - Processing file /Users/fionatham/Documents/Projects/vogue_data_pipeline/venv/lib/python3.11/site-packages/airflow/example_dags/example_kubernetes_executor.py for tasks to queue
[2026-01-06T14:54:07.478+1100] {logging_mixin.py:188} INFO - [2026-01-06T14:54:07.478+1100] {dagbag.py:545} INFO - Filling up the DagBag from /Users/fionatham/Documents/Projects/vogue_data_pipeline/venv/lib/python3.11/site-packages/airflow/example_dags/example_kubernetes_executor.py
[2026-01-06T14:54:07.494+1100] {logging_mixin.py:188} INFO - [2026-01-06T14:54:07.494+1100] {example_kubernetes_executor.py:39} WARNING - The example_kubernetes_executor example DAG requires the kubernetes provider. Please install it with: pip install apache-airflow[cncf.kubernetes]
[2026-01-06T14:54:07.494+1100] {processor.py:842} WARNING - No viable dags retrieved from /Users/fionatham/Documents/Projects/vogue_data_pipeline/venv/lib/python3.11/site-packages/airflow/example_dags/example_kubernetes_executor.py
[2026-01-06T14:54:07.527+1100] {processor.py:183} INFO - Processing /Users/fionatham/Documents/Projects/vogue_data_pipeline/venv/lib/python3.11/site-packages/airflow/example_dags/example_kubernetes_executor.py took 0.052 seconds
[2026-01-06T14:56:05.200+1100] {processor.py:161} INFO - Started process (PID=93771) to work on /Users/fionatham/Documents/Projects/vogue_data_pipeline/venv/lib/python3.11/site-packages/airflow/example_dags/example_kubernetes_executor.py
[2026-01-06T14:56:05.201+1100] {processor.py:830} INFO - Processing file /Users/fionatham/Documents/Projects/vogue_data_pipeline/venv/lib/python3.11/site-packages/airflow/example_dags/example_kubernetes_executor.py for tasks to queue
[2026-01-06T14:56:05.202+1100] {logging_mixin.py:188} INFO - [2026-01-06T14:56:05.202+1100] {dagbag.py:545} INFO - Filling up the DagBag from /Users/fionatham/Documents/Projects/vogue_data_pipeline/venv/lib/python3.11/site-packages/airflow/example_dags/example_kubernetes_executor.py
[2026-01-06T14:56:05.217+1100] {logging_mixin.py:188} INFO - [2026-01-06T14:56:05.217+1100] {example_kubernetes_executor.py:39} WARNING - The example_kubernetes_executor example DAG requires the kubernetes provider. Please install it with: pip install apache-airflow[cncf.kubernetes]
[2026-01-06T14:56:05.217+1100] {processor.py:842} WARNING - No viable dags retrieved from /Users/fionatham/Documents/Projects/vogue_data_pipeline/venv/lib/python3.11/site-packages/airflow/example_dags/example_kubernetes_executor.py
[2026-01-06T14:56:05.248+1100] {processor.py:183} INFO - Processing /Users/fionatham/Documents/Projects/vogue_data_pipeline/venv/lib/python3.11/site-packages/airflow/example_dags/example_kubernetes_executor.py took 0.049 seconds
[2026-01-06T14:58:03.823+1100] {processor.py:161} INFO - Started process (PID=93880) to work on /Users/fionatham/Documents/Projects/vogue_data_pipeline/venv/lib/python3.11/site-packages/airflow/example_dags/example_kubernetes_executor.py
[2026-01-06T14:58:03.824+1100] {processor.py:830} INFO - Processing file /Users/fionatham/Documents/Projects/vogue_data_pipeline/venv/lib/python3.11/site-packages/airflow/example_dags/example_kubernetes_executor.py for tasks to queue
[2026-01-06T14:58:03.824+1100] {logging_mixin.py:188} INFO - [2026-01-06T14:58:03.824+1100] {dagbag.py:545} INFO - Filling up the DagBag from /Users/fionatham/Documents/Projects/vogue_data_pipeline/venv/lib/python3.11/site-packages/airflow/example_dags/example_kubernetes_executor.py
[2026-01-06T14:58:03.841+1100] {logging_mixin.py:188} INFO - [2026-01-06T14:58:03.841+1100] {example_kubernetes_executor.py:39} WARNING - The example_kubernetes_executor example DAG requires the kubernetes provider. Please install it with: pip install apache-airflow[cncf.kubernetes]
[2026-01-06T14:58:03.841+1100] {processor.py:842} WARNING - No viable dags retrieved from /Users/fionatham/Documents/Projects/vogue_data_pipeline/venv/lib/python3.11/site-packages/airflow/example_dags/example_kubernetes_executor.py
[2026-01-06T14:58:03.872+1100] {processor.py:183} INFO - Processing /Users/fionatham/Documents/Projects/vogue_data_pipeline/venv/lib/python3.11/site-packages/airflow/example_dags/example_kubernetes_executor.py took 0.050 seconds
[2026-01-06T15:00:02.196+1100] {processor.py:161} INFO - Started process (PID=94068) to work on /Users/fionatham/Documents/Projects/vogue_data_pipeline/venv/lib/python3.11/site-packages/airflow/example_dags/example_kubernetes_executor.py
[2026-01-06T15:00:02.197+1100] {processor.py:830} INFO - Processing file /Users/fionatham/Documents/Projects/vogue_data_pipeline/venv/lib/python3.11/site-packages/airflow/example_dags/example_kubernetes_executor.py for tasks to queue
[2026-01-06T15:00:02.197+1100] {logging_mixin.py:188} INFO - [2026-01-06T15:00:02.197+1100] {dagbag.py:545} INFO - Filling up the DagBag from /Users/fionatham/Documents/Projects/vogue_data_pipeline/venv/lib/python3.11/site-packages/airflow/example_dags/example_kubernetes_executor.py
[2026-01-06T15:00:02.213+1100] {logging_mixin.py:188} INFO - [2026-01-06T15:00:02.213+1100] {example_kubernetes_executor.py:39} WARNING - The example_kubernetes_executor example DAG requires the kubernetes provider. Please install it with: pip install apache-airflow[cncf.kubernetes]
[2026-01-06T15:00:02.213+1100] {processor.py:842} WARNING - No viable dags retrieved from /Users/fionatham/Documents/Projects/vogue_data_pipeline/venv/lib/python3.11/site-packages/airflow/example_dags/example_kubernetes_executor.py
[2026-01-06T15:00:02.244+1100] {processor.py:183} INFO - Processing /Users/fionatham/Documents/Projects/vogue_data_pipeline/venv/lib/python3.11/site-packages/airflow/example_dags/example_kubernetes_executor.py took 0.049 seconds
[2026-01-06T15:02:00.017+1100] {processor.py:161} INFO - Started process (PID=94206) to work on /Users/fionatham/Documents/Projects/vogue_data_pipeline/venv/lib/python3.11/site-packages/airflow/example_dags/example_kubernetes_executor.py
[2026-01-06T15:02:00.018+1100] {processor.py:830} INFO - Processing file /Users/fionatham/Documents/Projects/vogue_data_pipeline/venv/lib/python3.11/site-packages/airflow/example_dags/example_kubernetes_executor.py for tasks to queue
[2026-01-06T15:02:00.018+1100] {logging_mixin.py:188} INFO - [2026-01-06T15:02:00.018+1100] {dagbag.py:545} INFO - Filling up the DagBag from /Users/fionatham/Documents/Projects/vogue_data_pipeline/venv/lib/python3.11/site-packages/airflow/example_dags/example_kubernetes_executor.py
[2026-01-06T15:02:00.036+1100] {logging_mixin.py:188} INFO - [2026-01-06T15:02:00.035+1100] {example_kubernetes_executor.py:39} WARNING - The example_kubernetes_executor example DAG requires the kubernetes provider. Please install it with: pip install apache-airflow[cncf.kubernetes]
[2026-01-06T15:02:00.036+1100] {processor.py:842} WARNING - No viable dags retrieved from /Users/fionatham/Documents/Projects/vogue_data_pipeline/venv/lib/python3.11/site-packages/airflow/example_dags/example_kubernetes_executor.py
[2026-01-06T15:02:00.066+1100] {processor.py:183} INFO - Processing /Users/fionatham/Documents/Projects/vogue_data_pipeline/venv/lib/python3.11/site-packages/airflow/example_dags/example_kubernetes_executor.py took 0.051 seconds
[2026-01-06T15:04:01.526+1100] {processor.py:161} INFO - Started process (PID=94552) to work on /Users/fionatham/Documents/Projects/vogue_data_pipeline/venv/lib/python3.11/site-packages/airflow/example_dags/example_kubernetes_executor.py
[2026-01-06T15:04:01.528+1100] {processor.py:830} INFO - Processing file /Users/fionatham/Documents/Projects/vogue_data_pipeline/venv/lib/python3.11/site-packages/airflow/example_dags/example_kubernetes_executor.py for tasks to queue
[2026-01-06T15:04:01.528+1100] {logging_mixin.py:188} INFO - [2026-01-06T15:04:01.528+1100] {dagbag.py:545} INFO - Filling up the DagBag from /Users/fionatham/Documents/Projects/vogue_data_pipeline/venv/lib/python3.11/site-packages/airflow/example_dags/example_kubernetes_executor.py
[2026-01-06T15:04:01.543+1100] {logging_mixin.py:188} INFO - [2026-01-06T15:04:01.543+1100] {example_kubernetes_executor.py:39} WARNING - The example_kubernetes_executor example DAG requires the kubernetes provider. Please install it with: pip install apache-airflow[cncf.kubernetes]
[2026-01-06T15:04:01.543+1100] {processor.py:842} WARNING - No viable dags retrieved from /Users/fionatham/Documents/Projects/vogue_data_pipeline/venv/lib/python3.11/site-packages/airflow/example_dags/example_kubernetes_executor.py
[2026-01-06T15:04:01.576+1100] {processor.py:183} INFO - Processing /Users/fionatham/Documents/Projects/vogue_data_pipeline/venv/lib/python3.11/site-packages/airflow/example_dags/example_kubernetes_executor.py took 0.050 seconds
[2026-01-06T15:06:00.018+1100] {processor.py:161} INFO - Started process (PID=94645) to work on /Users/fionatham/Documents/Projects/vogue_data_pipeline/venv/lib/python3.11/site-packages/airflow/example_dags/example_kubernetes_executor.py
[2026-01-06T15:06:00.018+1100] {processor.py:830} INFO - Processing file /Users/fionatham/Documents/Projects/vogue_data_pipeline/venv/lib/python3.11/site-packages/airflow/example_dags/example_kubernetes_executor.py for tasks to queue
[2026-01-06T15:06:00.019+1100] {logging_mixin.py:188} INFO - [2026-01-06T15:06:00.019+1100] {dagbag.py:545} INFO - Filling up the DagBag from /Users/fionatham/Documents/Projects/vogue_data_pipeline/venv/lib/python3.11/site-packages/airflow/example_dags/example_kubernetes_executor.py
[2026-01-06T15:06:00.037+1100] {logging_mixin.py:188} INFO - [2026-01-06T15:06:00.037+1100] {example_kubernetes_executor.py:39} WARNING - The example_kubernetes_executor example DAG requires the kubernetes provider. Please install it with: pip install apache-airflow[cncf.kubernetes]
[2026-01-06T15:06:00.037+1100] {processor.py:842} WARNING - No viable dags retrieved from /Users/fionatham/Documents/Projects/vogue_data_pipeline/venv/lib/python3.11/site-packages/airflow/example_dags/example_kubernetes_executor.py
[2026-01-06T15:06:00.068+1100] {processor.py:183} INFO - Processing /Users/fionatham/Documents/Projects/vogue_data_pipeline/venv/lib/python3.11/site-packages/airflow/example_dags/example_kubernetes_executor.py took 0.052 seconds
[2026-01-06T15:13:00.917+1100] {processor.py:161} INFO - Started process (PID=95284) to work on /Users/fionatham/Documents/Projects/vogue_data_pipeline/venv/lib/python3.11/site-packages/airflow/example_dags/example_kubernetes_executor.py
[2026-01-06T15:13:00.918+1100] {processor.py:830} INFO - Processing file /Users/fionatham/Documents/Projects/vogue_data_pipeline/venv/lib/python3.11/site-packages/airflow/example_dags/example_kubernetes_executor.py for tasks to queue
[2026-01-06T15:13:00.919+1100] {logging_mixin.py:188} INFO - [2026-01-06T15:13:00.918+1100] {dagbag.py:545} INFO - Filling up the DagBag from /Users/fionatham/Documents/Projects/vogue_data_pipeline/venv/lib/python3.11/site-packages/airflow/example_dags/example_kubernetes_executor.py
[2026-01-06T15:13:00.934+1100] {logging_mixin.py:188} INFO - [2026-01-06T15:13:00.934+1100] {example_kubernetes_executor.py:39} WARNING - The example_kubernetes_executor example DAG requires the kubernetes provider. Please install it with: pip install apache-airflow[cncf.kubernetes]
[2026-01-06T15:13:00.934+1100] {processor.py:842} WARNING - No viable dags retrieved from /Users/fionatham/Documents/Projects/vogue_data_pipeline/venv/lib/python3.11/site-packages/airflow/example_dags/example_kubernetes_executor.py
[2026-01-06T15:13:00.963+1100] {processor.py:183} INFO - Processing /Users/fionatham/Documents/Projects/vogue_data_pipeline/venv/lib/python3.11/site-packages/airflow/example_dags/example_kubernetes_executor.py took 0.047 seconds
[2026-01-06T15:47:51.967+1100] {processor.py:161} INFO - Started process (PID=95492) to work on /Users/fionatham/Documents/Projects/vogue_data_pipeline/venv/lib/python3.11/site-packages/airflow/example_dags/example_kubernetes_executor.py
[2026-01-06T15:47:51.968+1100] {processor.py:830} INFO - Processing file /Users/fionatham/Documents/Projects/vogue_data_pipeline/venv/lib/python3.11/site-packages/airflow/example_dags/example_kubernetes_executor.py for tasks to queue
[2026-01-06T15:47:51.968+1100] {logging_mixin.py:188} INFO - [2026-01-06T15:47:51.968+1100] {dagbag.py:545} INFO - Filling up the DagBag from /Users/fionatham/Documents/Projects/vogue_data_pipeline/venv/lib/python3.11/site-packages/airflow/example_dags/example_kubernetes_executor.py
[2026-01-06T15:47:51.988+1100] {logging_mixin.py:188} INFO - [2026-01-06T15:47:51.987+1100] {example_kubernetes_executor.py:39} WARNING - The example_kubernetes_executor example DAG requires the kubernetes provider. Please install it with: pip install apache-airflow[cncf.kubernetes]
[2026-01-06T15:47:51.988+1100] {processor.py:842} WARNING - No viable dags retrieved from /Users/fionatham/Documents/Projects/vogue_data_pipeline/venv/lib/python3.11/site-packages/airflow/example_dags/example_kubernetes_executor.py
[2026-01-06T15:47:52.017+1100] {processor.py:183} INFO - Processing /Users/fionatham/Documents/Projects/vogue_data_pipeline/venv/lib/python3.11/site-packages/airflow/example_dags/example_kubernetes_executor.py took 0.051 seconds
[2026-01-06T18:32:12.922+1100] {processor.py:161} INFO - Started process (PID=95602) to work on /Users/fionatham/Documents/Projects/vogue_data_pipeline/venv/lib/python3.11/site-packages/airflow/example_dags/example_kubernetes_executor.py
[2026-01-06T18:32:12.922+1100] {processor.py:830} INFO - Processing file /Users/fionatham/Documents/Projects/vogue_data_pipeline/venv/lib/python3.11/site-packages/airflow/example_dags/example_kubernetes_executor.py for tasks to queue
[2026-01-06T18:32:12.923+1100] {logging_mixin.py:188} INFO - [2026-01-06T18:32:12.923+1100] {dagbag.py:545} INFO - Filling up the DagBag from /Users/fionatham/Documents/Projects/vogue_data_pipeline/venv/lib/python3.11/site-packages/airflow/example_dags/example_kubernetes_executor.py
[2026-01-06T18:32:12.939+1100] {logging_mixin.py:188} INFO - [2026-01-06T18:32:12.938+1100] {example_kubernetes_executor.py:39} WARNING - The example_kubernetes_executor example DAG requires the kubernetes provider. Please install it with: pip install apache-airflow[cncf.kubernetes]
[2026-01-06T18:32:12.939+1100] {processor.py:842} WARNING - No viable dags retrieved from /Users/fionatham/Documents/Projects/vogue_data_pipeline/venv/lib/python3.11/site-packages/airflow/example_dags/example_kubernetes_executor.py
[2026-01-06T18:32:12.970+1100] {processor.py:183} INFO - Processing /Users/fionatham/Documents/Projects/vogue_data_pipeline/venv/lib/python3.11/site-packages/airflow/example_dags/example_kubernetes_executor.py took 0.050 seconds
[2026-01-06T20:51:58.045+1100] {processor.py:161} INFO - Started process (PID=95757) to work on /Users/fionatham/Documents/Projects/vogue_data_pipeline/venv/lib/python3.11/site-packages/airflow/example_dags/example_kubernetes_executor.py
[2026-01-06T20:51:58.046+1100] {processor.py:830} INFO - Processing file /Users/fionatham/Documents/Projects/vogue_data_pipeline/venv/lib/python3.11/site-packages/airflow/example_dags/example_kubernetes_executor.py for tasks to queue
[2026-01-06T20:51:58.047+1100] {logging_mixin.py:188} INFO - [2026-01-06T20:51:58.046+1100] {dagbag.py:545} INFO - Filling up the DagBag from /Users/fionatham/Documents/Projects/vogue_data_pipeline/venv/lib/python3.11/site-packages/airflow/example_dags/example_kubernetes_executor.py
[2026-01-06T20:51:58.064+1100] {logging_mixin.py:188} INFO - [2026-01-06T20:51:58.064+1100] {example_kubernetes_executor.py:39} WARNING - The example_kubernetes_executor example DAG requires the kubernetes provider. Please install it with: pip install apache-airflow[cncf.kubernetes]
[2026-01-06T20:51:58.064+1100] {processor.py:842} WARNING - No viable dags retrieved from /Users/fionatham/Documents/Projects/vogue_data_pipeline/venv/lib/python3.11/site-packages/airflow/example_dags/example_kubernetes_executor.py
[2026-01-06T20:51:58.100+1100] {processor.py:183} INFO - Processing /Users/fionatham/Documents/Projects/vogue_data_pipeline/venv/lib/python3.11/site-packages/airflow/example_dags/example_kubernetes_executor.py took 0.056 seconds
[2026-01-06T22:20:26.865+1100] {processor.py:161} INFO - Started process (PID=95887) to work on /Users/fionatham/Documents/Projects/vogue_data_pipeline/venv/lib/python3.11/site-packages/airflow/example_dags/example_kubernetes_executor.py
[2026-01-06T22:20:26.865+1100] {processor.py:830} INFO - Processing file /Users/fionatham/Documents/Projects/vogue_data_pipeline/venv/lib/python3.11/site-packages/airflow/example_dags/example_kubernetes_executor.py for tasks to queue
[2026-01-06T22:20:26.866+1100] {logging_mixin.py:188} INFO - [2026-01-06T22:20:26.866+1100] {dagbag.py:545} INFO - Filling up the DagBag from /Users/fionatham/Documents/Projects/vogue_data_pipeline/venv/lib/python3.11/site-packages/airflow/example_dags/example_kubernetes_executor.py
[2026-01-06T22:20:26.882+1100] {logging_mixin.py:188} INFO - [2026-01-06T22:20:26.882+1100] {example_kubernetes_executor.py:39} WARNING - The example_kubernetes_executor example DAG requires the kubernetes provider. Please install it with: pip install apache-airflow[cncf.kubernetes]
[2026-01-06T22:20:26.882+1100] {processor.py:842} WARNING - No viable dags retrieved from /Users/fionatham/Documents/Projects/vogue_data_pipeline/venv/lib/python3.11/site-packages/airflow/example_dags/example_kubernetes_executor.py
[2026-01-06T22:20:26.914+1100] {processor.py:183} INFO - Processing /Users/fionatham/Documents/Projects/vogue_data_pipeline/venv/lib/python3.11/site-packages/airflow/example_dags/example_kubernetes_executor.py took 0.050 seconds
