[2026-01-06T13:57:06.925+1100] {processor.py:161} INFO - Started process (PID=85260) to work on /Users/fionatham/Documents/Projects/vogue_data_pipeline/venv/lib/python3.11/site-packages/airflow/example_dags/example_skip_dag.py
[2026-01-06T13:57:06.925+1100] {processor.py:830} INFO - Processing file /Users/fionatham/Documents/Projects/vogue_data_pipeline/venv/lib/python3.11/site-packages/airflow/example_dags/example_skip_dag.py for tasks to queue
[2026-01-06T13:57:06.926+1100] {logging_mixin.py:188} INFO - [2026-01-06T13:57:06.926+1100] {dagbag.py:545} INFO - Filling up the DagBag from /Users/fionatham/Documents/Projects/vogue_data_pipeline/venv/lib/python3.11/site-packages/airflow/example_dags/example_skip_dag.py
[2026-01-06T13:57:06.929+1100] {processor.py:840} INFO - DAG(s) 'example_skip_dag' retrieved from /Users/fionatham/Documents/Projects/vogue_data_pipeline/venv/lib/python3.11/site-packages/airflow/example_dags/example_skip_dag.py
[2026-01-06T13:57:07.015+1100] {logging_mixin.py:188} INFO - [2026-01-06T13:57:07.015+1100] {override.py:1858} INFO - Created Permission View: can edit on DAG:example_skip_dag
[2026-01-06T13:57:07.019+1100] {logging_mixin.py:188} INFO - [2026-01-06T13:57:07.019+1100] {override.py:1858} INFO - Created Permission View: can read on DAG:example_skip_dag
[2026-01-06T13:57:07.021+1100] {logging_mixin.py:188} INFO - [2026-01-06T13:57:07.021+1100] {override.py:1858} INFO - Created Permission View: can delete on DAG:example_skip_dag
[2026-01-06T13:57:07.022+1100] {logging_mixin.py:188} INFO - [2026-01-06T13:57:07.022+1100] {dag.py:3089} INFO - Sync 1 DAGs
[2026-01-06T13:57:07.054+1100] {logging_mixin.py:188} INFO - [2026-01-06T13:57:07.054+1100] {dag.py:3111} INFO - Creating ORM DAG for example_skip_dag
[2026-01-06T13:57:07.057+1100] {logging_mixin.py:188} INFO - [2026-01-06T13:57:07.057+1100] {dag.py:3947} INFO - Setting next_dagrun for example_skip_dag to 2026-01-05 00:00:00+00:00, run_after=2026-01-06 00:00:00+00:00
[2026-01-06T13:57:07.064+1100] {processor.py:183} INFO - Processing /Users/fionatham/Documents/Projects/vogue_data_pipeline/venv/lib/python3.11/site-packages/airflow/example_dags/example_skip_dag.py took 0.141 seconds
[2026-01-06T13:58:37.085+1100] {processor.py:161} INFO - Started process (PID=85870) to work on /Users/fionatham/Documents/Projects/vogue_data_pipeline/venv/lib/python3.11/site-packages/airflow/example_dags/example_skip_dag.py
[2026-01-06T13:58:37.086+1100] {processor.py:830} INFO - Processing file /Users/fionatham/Documents/Projects/vogue_data_pipeline/venv/lib/python3.11/site-packages/airflow/example_dags/example_skip_dag.py for tasks to queue
[2026-01-06T13:58:37.086+1100] {logging_mixin.py:188} INFO - [2026-01-06T13:58:37.086+1100] {dagbag.py:545} INFO - Filling up the DagBag from /Users/fionatham/Documents/Projects/vogue_data_pipeline/venv/lib/python3.11/site-packages/airflow/example_dags/example_skip_dag.py
[2026-01-06T13:58:37.090+1100] {processor.py:840} INFO - DAG(s) 'example_skip_dag' retrieved from /Users/fionatham/Documents/Projects/vogue_data_pipeline/venv/lib/python3.11/site-packages/airflow/example_dags/example_skip_dag.py
[2026-01-06T13:58:37.140+1100] {logging_mixin.py:188} INFO - [2026-01-06T13:58:37.140+1100] {dag.py:3089} INFO - Sync 1 DAGs
[2026-01-06T13:58:37.147+1100] {logging_mixin.py:188} INFO - [2026-01-06T13:58:37.147+1100] {dag.py:3947} INFO - Setting next_dagrun for example_skip_dag to 2026-01-05 00:00:00+00:00, run_after=2026-01-06 00:00:00+00:00
[2026-01-06T13:58:37.155+1100] {processor.py:183} INFO - Processing /Users/fionatham/Documents/Projects/vogue_data_pipeline/venv/lib/python3.11/site-packages/airflow/example_dags/example_skip_dag.py took 0.073 seconds
[2026-01-06T14:00:37.529+1100] {processor.py:161} INFO - Started process (PID=86932) to work on /Users/fionatham/Documents/Projects/vogue_data_pipeline/venv/lib/python3.11/site-packages/airflow/example_dags/example_skip_dag.py
[2026-01-06T14:00:37.529+1100] {processor.py:830} INFO - Processing file /Users/fionatham/Documents/Projects/vogue_data_pipeline/venv/lib/python3.11/site-packages/airflow/example_dags/example_skip_dag.py for tasks to queue
[2026-01-06T14:00:37.530+1100] {logging_mixin.py:188} INFO - [2026-01-06T14:00:37.530+1100] {dagbag.py:545} INFO - Filling up the DagBag from /Users/fionatham/Documents/Projects/vogue_data_pipeline/venv/lib/python3.11/site-packages/airflow/example_dags/example_skip_dag.py
[2026-01-06T14:00:37.533+1100] {processor.py:840} INFO - DAG(s) 'example_skip_dag' retrieved from /Users/fionatham/Documents/Projects/vogue_data_pipeline/venv/lib/python3.11/site-packages/airflow/example_dags/example_skip_dag.py
[2026-01-06T14:00:37.578+1100] {logging_mixin.py:188} INFO - [2026-01-06T14:00:37.577+1100] {dag.py:3089} INFO - Sync 1 DAGs
[2026-01-06T14:00:37.584+1100] {logging_mixin.py:188} INFO - [2026-01-06T14:00:37.583+1100] {dag.py:3947} INFO - Setting next_dagrun for example_skip_dag to 2026-01-05 00:00:00+00:00, run_after=2026-01-06 00:00:00+00:00
[2026-01-06T14:00:37.591+1100] {processor.py:183} INFO - Processing /Users/fionatham/Documents/Projects/vogue_data_pipeline/venv/lib/python3.11/site-packages/airflow/example_dags/example_skip_dag.py took 0.064 seconds
[2026-01-06T14:02:40.071+1100] {processor.py:161} INFO - Started process (PID=87149) to work on /Users/fionatham/Documents/Projects/vogue_data_pipeline/venv/lib/python3.11/site-packages/airflow/example_dags/example_skip_dag.py
[2026-01-06T14:02:40.072+1100] {processor.py:830} INFO - Processing file /Users/fionatham/Documents/Projects/vogue_data_pipeline/venv/lib/python3.11/site-packages/airflow/example_dags/example_skip_dag.py for tasks to queue
[2026-01-06T14:02:40.072+1100] {logging_mixin.py:188} INFO - [2026-01-06T14:02:40.072+1100] {dagbag.py:545} INFO - Filling up the DagBag from /Users/fionatham/Documents/Projects/vogue_data_pipeline/venv/lib/python3.11/site-packages/airflow/example_dags/example_skip_dag.py
[2026-01-06T14:02:40.076+1100] {processor.py:840} INFO - DAG(s) 'example_skip_dag' retrieved from /Users/fionatham/Documents/Projects/vogue_data_pipeline/venv/lib/python3.11/site-packages/airflow/example_dags/example_skip_dag.py
[2026-01-06T14:02:40.122+1100] {logging_mixin.py:188} INFO - [2026-01-06T14:02:40.122+1100] {dag.py:3089} INFO - Sync 1 DAGs
[2026-01-06T14:02:40.128+1100] {logging_mixin.py:188} INFO - [2026-01-06T14:02:40.128+1100] {dag.py:3947} INFO - Setting next_dagrun for example_skip_dag to 2026-01-05 00:00:00+00:00, run_after=2026-01-06 00:00:00+00:00
[2026-01-06T14:02:40.136+1100] {processor.py:183} INFO - Processing /Users/fionatham/Documents/Projects/vogue_data_pipeline/venv/lib/python3.11/site-packages/airflow/example_dags/example_skip_dag.py took 0.067 seconds
[2026-01-06T14:04:40.801+1100] {processor.py:161} INFO - Started process (PID=87307) to work on /Users/fionatham/Documents/Projects/vogue_data_pipeline/venv/lib/python3.11/site-packages/airflow/example_dags/example_skip_dag.py
[2026-01-06T14:04:40.802+1100] {processor.py:830} INFO - Processing file /Users/fionatham/Documents/Projects/vogue_data_pipeline/venv/lib/python3.11/site-packages/airflow/example_dags/example_skip_dag.py for tasks to queue
[2026-01-06T14:04:40.802+1100] {logging_mixin.py:188} INFO - [2026-01-06T14:04:40.802+1100] {dagbag.py:545} INFO - Filling up the DagBag from /Users/fionatham/Documents/Projects/vogue_data_pipeline/venv/lib/python3.11/site-packages/airflow/example_dags/example_skip_dag.py
[2026-01-06T14:04:40.805+1100] {processor.py:840} INFO - DAG(s) 'example_skip_dag' retrieved from /Users/fionatham/Documents/Projects/vogue_data_pipeline/venv/lib/python3.11/site-packages/airflow/example_dags/example_skip_dag.py
[2026-01-06T14:04:40.849+1100] {logging_mixin.py:188} INFO - [2026-01-06T14:04:40.849+1100] {dag.py:3089} INFO - Sync 1 DAGs
[2026-01-06T14:04:40.855+1100] {logging_mixin.py:188} INFO - [2026-01-06T14:04:40.855+1100] {dag.py:3947} INFO - Setting next_dagrun for example_skip_dag to 2026-01-05 00:00:00+00:00, run_after=2026-01-06 00:00:00+00:00
[2026-01-06T14:04:40.862+1100] {processor.py:183} INFO - Processing /Users/fionatham/Documents/Projects/vogue_data_pipeline/venv/lib/python3.11/site-packages/airflow/example_dags/example_skip_dag.py took 0.062 seconds
[2026-01-06T14:06:41.506+1100] {processor.py:161} INFO - Started process (PID=87539) to work on /Users/fionatham/Documents/Projects/vogue_data_pipeline/venv/lib/python3.11/site-packages/airflow/example_dags/example_skip_dag.py
[2026-01-06T14:06:41.507+1100] {processor.py:830} INFO - Processing file /Users/fionatham/Documents/Projects/vogue_data_pipeline/venv/lib/python3.11/site-packages/airflow/example_dags/example_skip_dag.py for tasks to queue
[2026-01-06T14:06:41.507+1100] {logging_mixin.py:188} INFO - [2026-01-06T14:06:41.507+1100] {dagbag.py:545} INFO - Filling up the DagBag from /Users/fionatham/Documents/Projects/vogue_data_pipeline/venv/lib/python3.11/site-packages/airflow/example_dags/example_skip_dag.py
[2026-01-06T14:06:41.511+1100] {processor.py:840} INFO - DAG(s) 'example_skip_dag' retrieved from /Users/fionatham/Documents/Projects/vogue_data_pipeline/venv/lib/python3.11/site-packages/airflow/example_dags/example_skip_dag.py
[2026-01-06T14:06:41.560+1100] {logging_mixin.py:188} INFO - [2026-01-06T14:06:41.560+1100] {dag.py:3089} INFO - Sync 1 DAGs
[2026-01-06T14:06:41.567+1100] {logging_mixin.py:188} INFO - [2026-01-06T14:06:41.567+1100] {dag.py:3947} INFO - Setting next_dagrun for example_skip_dag to 2026-01-05 00:00:00+00:00, run_after=2026-01-06 00:00:00+00:00
[2026-01-06T14:06:41.575+1100] {processor.py:183} INFO - Processing /Users/fionatham/Documents/Projects/vogue_data_pipeline/venv/lib/python3.11/site-packages/airflow/example_dags/example_skip_dag.py took 0.071 seconds
[2026-01-06T14:08:37.271+1100] {processor.py:161} INFO - Started process (PID=87672) to work on /Users/fionatham/Documents/Projects/vogue_data_pipeline/venv/lib/python3.11/site-packages/airflow/example_dags/example_skip_dag.py
[2026-01-06T14:08:37.271+1100] {processor.py:830} INFO - Processing file /Users/fionatham/Documents/Projects/vogue_data_pipeline/venv/lib/python3.11/site-packages/airflow/example_dags/example_skip_dag.py for tasks to queue
[2026-01-06T14:08:37.272+1100] {logging_mixin.py:188} INFO - [2026-01-06T14:08:37.272+1100] {dagbag.py:545} INFO - Filling up the DagBag from /Users/fionatham/Documents/Projects/vogue_data_pipeline/venv/lib/python3.11/site-packages/airflow/example_dags/example_skip_dag.py
[2026-01-06T14:08:37.275+1100] {processor.py:840} INFO - DAG(s) 'example_skip_dag' retrieved from /Users/fionatham/Documents/Projects/vogue_data_pipeline/venv/lib/python3.11/site-packages/airflow/example_dags/example_skip_dag.py
[2026-01-06T14:08:37.320+1100] {logging_mixin.py:188} INFO - [2026-01-06T14:08:37.319+1100] {dag.py:3089} INFO - Sync 1 DAGs
[2026-01-06T14:08:37.326+1100] {logging_mixin.py:188} INFO - [2026-01-06T14:08:37.326+1100] {dag.py:3947} INFO - Setting next_dagrun for example_skip_dag to 2026-01-05 00:00:00+00:00, run_after=2026-01-06 00:00:00+00:00
[2026-01-06T14:08:37.335+1100] {processor.py:183} INFO - Processing /Users/fionatham/Documents/Projects/vogue_data_pipeline/venv/lib/python3.11/site-packages/airflow/example_dags/example_skip_dag.py took 0.066 seconds
[2026-01-06T14:10:40.125+1100] {processor.py:161} INFO - Started process (PID=87791) to work on /Users/fionatham/Documents/Projects/vogue_data_pipeline/venv/lib/python3.11/site-packages/airflow/example_dags/example_skip_dag.py
[2026-01-06T14:10:40.126+1100] {processor.py:830} INFO - Processing file /Users/fionatham/Documents/Projects/vogue_data_pipeline/venv/lib/python3.11/site-packages/airflow/example_dags/example_skip_dag.py for tasks to queue
[2026-01-06T14:10:40.126+1100] {logging_mixin.py:188} INFO - [2026-01-06T14:10:40.126+1100] {dagbag.py:545} INFO - Filling up the DagBag from /Users/fionatham/Documents/Projects/vogue_data_pipeline/venv/lib/python3.11/site-packages/airflow/example_dags/example_skip_dag.py
[2026-01-06T14:10:40.130+1100] {processor.py:840} INFO - DAG(s) 'example_skip_dag' retrieved from /Users/fionatham/Documents/Projects/vogue_data_pipeline/venv/lib/python3.11/site-packages/airflow/example_dags/example_skip_dag.py
[2026-01-06T14:10:40.178+1100] {logging_mixin.py:188} INFO - [2026-01-06T14:10:40.178+1100] {dag.py:3089} INFO - Sync 1 DAGs
[2026-01-06T14:10:40.185+1100] {logging_mixin.py:188} INFO - [2026-01-06T14:10:40.185+1100] {dag.py:3947} INFO - Setting next_dagrun for example_skip_dag to 2026-01-05 00:00:00+00:00, run_after=2026-01-06 00:00:00+00:00
[2026-01-06T14:10:40.194+1100] {processor.py:183} INFO - Processing /Users/fionatham/Documents/Projects/vogue_data_pipeline/venv/lib/python3.11/site-packages/airflow/example_dags/example_skip_dag.py took 0.070 seconds
[2026-01-06T14:12:35.639+1100] {processor.py:161} INFO - Started process (PID=87940) to work on /Users/fionatham/Documents/Projects/vogue_data_pipeline/venv/lib/python3.11/site-packages/airflow/example_dags/example_skip_dag.py
[2026-01-06T14:12:35.640+1100] {processor.py:830} INFO - Processing file /Users/fionatham/Documents/Projects/vogue_data_pipeline/venv/lib/python3.11/site-packages/airflow/example_dags/example_skip_dag.py for tasks to queue
[2026-01-06T14:12:35.640+1100] {logging_mixin.py:188} INFO - [2026-01-06T14:12:35.640+1100] {dagbag.py:545} INFO - Filling up the DagBag from /Users/fionatham/Documents/Projects/vogue_data_pipeline/venv/lib/python3.11/site-packages/airflow/example_dags/example_skip_dag.py
[2026-01-06T14:12:35.643+1100] {processor.py:840} INFO - DAG(s) 'example_skip_dag' retrieved from /Users/fionatham/Documents/Projects/vogue_data_pipeline/venv/lib/python3.11/site-packages/airflow/example_dags/example_skip_dag.py
[2026-01-06T14:12:35.688+1100] {logging_mixin.py:188} INFO - [2026-01-06T14:12:35.687+1100] {dag.py:3089} INFO - Sync 1 DAGs
[2026-01-06T14:12:35.694+1100] {logging_mixin.py:188} INFO - [2026-01-06T14:12:35.694+1100] {dag.py:3947} INFO - Setting next_dagrun for example_skip_dag to 2026-01-05 00:00:00+00:00, run_after=2026-01-06 00:00:00+00:00
[2026-01-06T14:12:35.702+1100] {processor.py:183} INFO - Processing /Users/fionatham/Documents/Projects/vogue_data_pipeline/venv/lib/python3.11/site-packages/airflow/example_dags/example_skip_dag.py took 0.064 seconds
[2026-01-06T14:14:45.010+1100] {processor.py:161} INFO - Started process (PID=88628) to work on /Users/fionatham/Documents/Projects/vogue_data_pipeline/venv/lib/python3.11/site-packages/airflow/example_dags/example_skip_dag.py
[2026-01-06T14:14:45.011+1100] {processor.py:830} INFO - Processing file /Users/fionatham/Documents/Projects/vogue_data_pipeline/venv/lib/python3.11/site-packages/airflow/example_dags/example_skip_dag.py for tasks to queue
[2026-01-06T14:14:45.011+1100] {logging_mixin.py:188} INFO - [2026-01-06T14:14:45.011+1100] {dagbag.py:545} INFO - Filling up the DagBag from /Users/fionatham/Documents/Projects/vogue_data_pipeline/venv/lib/python3.11/site-packages/airflow/example_dags/example_skip_dag.py
[2026-01-06T14:14:45.014+1100] {processor.py:840} INFO - DAG(s) 'example_skip_dag' retrieved from /Users/fionatham/Documents/Projects/vogue_data_pipeline/venv/lib/python3.11/site-packages/airflow/example_dags/example_skip_dag.py
[2026-01-06T14:14:45.062+1100] {logging_mixin.py:188} INFO - [2026-01-06T14:14:45.062+1100] {dag.py:3089} INFO - Sync 1 DAGs
[2026-01-06T14:14:45.069+1100] {logging_mixin.py:188} INFO - [2026-01-06T14:14:45.069+1100] {dag.py:3947} INFO - Setting next_dagrun for example_skip_dag to 2026-01-05 00:00:00+00:00, run_after=2026-01-06 00:00:00+00:00
[2026-01-06T14:14:45.078+1100] {processor.py:183} INFO - Processing /Users/fionatham/Documents/Projects/vogue_data_pipeline/venv/lib/python3.11/site-packages/airflow/example_dags/example_skip_dag.py took 0.070 seconds
[2026-01-06T14:16:37.950+1100] {processor.py:161} INFO - Started process (PID=89261) to work on /Users/fionatham/Documents/Projects/vogue_data_pipeline/venv/lib/python3.11/site-packages/airflow/example_dags/example_skip_dag.py
[2026-01-06T14:16:37.951+1100] {processor.py:830} INFO - Processing file /Users/fionatham/Documents/Projects/vogue_data_pipeline/venv/lib/python3.11/site-packages/airflow/example_dags/example_skip_dag.py for tasks to queue
[2026-01-06T14:16:37.951+1100] {logging_mixin.py:188} INFO - [2026-01-06T14:16:37.951+1100] {dagbag.py:545} INFO - Filling up the DagBag from /Users/fionatham/Documents/Projects/vogue_data_pipeline/venv/lib/python3.11/site-packages/airflow/example_dags/example_skip_dag.py
[2026-01-06T14:16:37.954+1100] {processor.py:840} INFO - DAG(s) 'example_skip_dag' retrieved from /Users/fionatham/Documents/Projects/vogue_data_pipeline/venv/lib/python3.11/site-packages/airflow/example_dags/example_skip_dag.py
[2026-01-06T14:16:37.996+1100] {logging_mixin.py:188} INFO - [2026-01-06T14:16:37.996+1100] {dag.py:3089} INFO - Sync 1 DAGs
[2026-01-06T14:16:38.002+1100] {logging_mixin.py:188} INFO - [2026-01-06T14:16:38.002+1100] {dag.py:3947} INFO - Setting next_dagrun for example_skip_dag to 2026-01-05 00:00:00+00:00, run_after=2026-01-06 00:00:00+00:00
[2026-01-06T14:16:38.009+1100] {processor.py:183} INFO - Processing /Users/fionatham/Documents/Projects/vogue_data_pipeline/venv/lib/python3.11/site-packages/airflow/example_dags/example_skip_dag.py took 0.061 seconds
[2026-01-06T14:18:35.408+1100] {processor.py:161} INFO - Started process (PID=89735) to work on /Users/fionatham/Documents/Projects/vogue_data_pipeline/venv/lib/python3.11/site-packages/airflow/example_dags/example_skip_dag.py
[2026-01-06T14:18:35.409+1100] {processor.py:830} INFO - Processing file /Users/fionatham/Documents/Projects/vogue_data_pipeline/venv/lib/python3.11/site-packages/airflow/example_dags/example_skip_dag.py for tasks to queue
[2026-01-06T14:18:35.409+1100] {logging_mixin.py:188} INFO - [2026-01-06T14:18:35.409+1100] {dagbag.py:545} INFO - Filling up the DagBag from /Users/fionatham/Documents/Projects/vogue_data_pipeline/venv/lib/python3.11/site-packages/airflow/example_dags/example_skip_dag.py
[2026-01-06T14:18:35.412+1100] {processor.py:840} INFO - DAG(s) 'example_skip_dag' retrieved from /Users/fionatham/Documents/Projects/vogue_data_pipeline/venv/lib/python3.11/site-packages/airflow/example_dags/example_skip_dag.py
[2026-01-06T14:18:35.456+1100] {logging_mixin.py:188} INFO - [2026-01-06T14:18:35.456+1100] {dag.py:3089} INFO - Sync 1 DAGs
[2026-01-06T14:18:35.463+1100] {logging_mixin.py:188} INFO - [2026-01-06T14:18:35.463+1100] {dag.py:3947} INFO - Setting next_dagrun for example_skip_dag to 2026-01-05 00:00:00+00:00, run_after=2026-01-06 00:00:00+00:00
[2026-01-06T14:18:35.471+1100] {processor.py:183} INFO - Processing /Users/fionatham/Documents/Projects/vogue_data_pipeline/venv/lib/python3.11/site-packages/airflow/example_dags/example_skip_dag.py took 0.064 seconds
[2026-01-06T14:20:38.256+1100] {processor.py:161} INFO - Started process (PID=89991) to work on /Users/fionatham/Documents/Projects/vogue_data_pipeline/venv/lib/python3.11/site-packages/airflow/example_dags/example_skip_dag.py
[2026-01-06T14:20:38.257+1100] {processor.py:830} INFO - Processing file /Users/fionatham/Documents/Projects/vogue_data_pipeline/venv/lib/python3.11/site-packages/airflow/example_dags/example_skip_dag.py for tasks to queue
[2026-01-06T14:20:38.257+1100] {logging_mixin.py:188} INFO - [2026-01-06T14:20:38.257+1100] {dagbag.py:545} INFO - Filling up the DagBag from /Users/fionatham/Documents/Projects/vogue_data_pipeline/venv/lib/python3.11/site-packages/airflow/example_dags/example_skip_dag.py
[2026-01-06T14:20:38.261+1100] {processor.py:840} INFO - DAG(s) 'example_skip_dag' retrieved from /Users/fionatham/Documents/Projects/vogue_data_pipeline/venv/lib/python3.11/site-packages/airflow/example_dags/example_skip_dag.py
[2026-01-06T14:20:38.304+1100] {logging_mixin.py:188} INFO - [2026-01-06T14:20:38.304+1100] {dag.py:3089} INFO - Sync 1 DAGs
[2026-01-06T14:20:38.310+1100] {logging_mixin.py:188} INFO - [2026-01-06T14:20:38.310+1100] {dag.py:3947} INFO - Setting next_dagrun for example_skip_dag to 2026-01-05 00:00:00+00:00, run_after=2026-01-06 00:00:00+00:00
[2026-01-06T14:20:38.317+1100] {processor.py:183} INFO - Processing /Users/fionatham/Documents/Projects/vogue_data_pipeline/venv/lib/python3.11/site-packages/airflow/example_dags/example_skip_dag.py took 0.062 seconds
[2026-01-06T14:22:38.661+1100] {processor.py:161} INFO - Started process (PID=90082) to work on /Users/fionatham/Documents/Projects/vogue_data_pipeline/venv/lib/python3.11/site-packages/airflow/example_dags/example_skip_dag.py
[2026-01-06T14:22:38.662+1100] {processor.py:830} INFO - Processing file /Users/fionatham/Documents/Projects/vogue_data_pipeline/venv/lib/python3.11/site-packages/airflow/example_dags/example_skip_dag.py for tasks to queue
[2026-01-06T14:22:38.662+1100] {logging_mixin.py:188} INFO - [2026-01-06T14:22:38.662+1100] {dagbag.py:545} INFO - Filling up the DagBag from /Users/fionatham/Documents/Projects/vogue_data_pipeline/venv/lib/python3.11/site-packages/airflow/example_dags/example_skip_dag.py
[2026-01-06T14:22:38.666+1100] {processor.py:840} INFO - DAG(s) 'example_skip_dag' retrieved from /Users/fionatham/Documents/Projects/vogue_data_pipeline/venv/lib/python3.11/site-packages/airflow/example_dags/example_skip_dag.py
[2026-01-06T14:22:38.710+1100] {logging_mixin.py:188} INFO - [2026-01-06T14:22:38.710+1100] {dag.py:3089} INFO - Sync 1 DAGs
[2026-01-06T14:22:38.717+1100] {logging_mixin.py:188} INFO - [2026-01-06T14:22:38.717+1100] {dag.py:3947} INFO - Setting next_dagrun for example_skip_dag to 2026-01-05 00:00:00+00:00, run_after=2026-01-06 00:00:00+00:00
[2026-01-06T14:22:38.724+1100] {processor.py:183} INFO - Processing /Users/fionatham/Documents/Projects/vogue_data_pipeline/venv/lib/python3.11/site-packages/airflow/example_dags/example_skip_dag.py took 0.065 seconds
[2026-01-06T14:24:24.929+1100] {processor.py:161} INFO - Started process (PID=90171) to work on /Users/fionatham/Documents/Projects/vogue_data_pipeline/venv/lib/python3.11/site-packages/airflow/example_dags/example_skip_dag.py
[2026-01-06T14:24:24.930+1100] {processor.py:830} INFO - Processing file /Users/fionatham/Documents/Projects/vogue_data_pipeline/venv/lib/python3.11/site-packages/airflow/example_dags/example_skip_dag.py for tasks to queue
[2026-01-06T14:24:24.930+1100] {logging_mixin.py:188} INFO - [2026-01-06T14:24:24.930+1100] {dagbag.py:545} INFO - Filling up the DagBag from /Users/fionatham/Documents/Projects/vogue_data_pipeline/venv/lib/python3.11/site-packages/airflow/example_dags/example_skip_dag.py
[2026-01-06T14:24:24.933+1100] {processor.py:840} INFO - DAG(s) 'example_skip_dag' retrieved from /Users/fionatham/Documents/Projects/vogue_data_pipeline/venv/lib/python3.11/site-packages/airflow/example_dags/example_skip_dag.py
[2026-01-06T14:24:24.981+1100] {logging_mixin.py:188} INFO - [2026-01-06T14:24:24.981+1100] {dag.py:3089} INFO - Sync 1 DAGs
[2026-01-06T14:24:24.987+1100] {logging_mixin.py:188} INFO - [2026-01-06T14:24:24.987+1100] {dag.py:3947} INFO - Setting next_dagrun for example_skip_dag to 2026-01-05 00:00:00+00:00, run_after=2026-01-06 00:00:00+00:00
[2026-01-06T14:24:24.995+1100] {processor.py:183} INFO - Processing /Users/fionatham/Documents/Projects/vogue_data_pipeline/venv/lib/python3.11/site-packages/airflow/example_dags/example_skip_dag.py took 0.067 seconds
[2026-01-06T14:26:16.979+1100] {processor.py:161} INFO - Started process (PID=90460) to work on /Users/fionatham/Documents/Projects/vogue_data_pipeline/venv/lib/python3.11/site-packages/airflow/example_dags/example_skip_dag.py
[2026-01-06T14:26:16.980+1100] {processor.py:830} INFO - Processing file /Users/fionatham/Documents/Projects/vogue_data_pipeline/venv/lib/python3.11/site-packages/airflow/example_dags/example_skip_dag.py for tasks to queue
[2026-01-06T14:26:16.980+1100] {logging_mixin.py:188} INFO - [2026-01-06T14:26:16.980+1100] {dagbag.py:545} INFO - Filling up the DagBag from /Users/fionatham/Documents/Projects/vogue_data_pipeline/venv/lib/python3.11/site-packages/airflow/example_dags/example_skip_dag.py
[2026-01-06T14:26:16.983+1100] {processor.py:840} INFO - DAG(s) 'example_skip_dag' retrieved from /Users/fionatham/Documents/Projects/vogue_data_pipeline/venv/lib/python3.11/site-packages/airflow/example_dags/example_skip_dag.py
[2026-01-06T14:26:17.028+1100] {logging_mixin.py:188} INFO - [2026-01-06T14:26:17.028+1100] {dag.py:3089} INFO - Sync 1 DAGs
[2026-01-06T14:26:17.034+1100] {logging_mixin.py:188} INFO - [2026-01-06T14:26:17.034+1100] {dag.py:3947} INFO - Setting next_dagrun for example_skip_dag to 2026-01-05 00:00:00+00:00, run_after=2026-01-06 00:00:00+00:00
[2026-01-06T14:26:17.043+1100] {processor.py:183} INFO - Processing /Users/fionatham/Documents/Projects/vogue_data_pipeline/venv/lib/python3.11/site-packages/airflow/example_dags/example_skip_dag.py took 0.065 seconds
[2026-01-06T14:28:15.424+1100] {processor.py:161} INFO - Started process (PID=90791) to work on /Users/fionatham/Documents/Projects/vogue_data_pipeline/venv/lib/python3.11/site-packages/airflow/example_dags/example_skip_dag.py
[2026-01-06T14:28:15.425+1100] {processor.py:830} INFO - Processing file /Users/fionatham/Documents/Projects/vogue_data_pipeline/venv/lib/python3.11/site-packages/airflow/example_dags/example_skip_dag.py for tasks to queue
[2026-01-06T14:28:15.425+1100] {logging_mixin.py:188} INFO - [2026-01-06T14:28:15.425+1100] {dagbag.py:545} INFO - Filling up the DagBag from /Users/fionatham/Documents/Projects/vogue_data_pipeline/venv/lib/python3.11/site-packages/airflow/example_dags/example_skip_dag.py
[2026-01-06T14:28:15.429+1100] {processor.py:840} INFO - DAG(s) 'example_skip_dag' retrieved from /Users/fionatham/Documents/Projects/vogue_data_pipeline/venv/lib/python3.11/site-packages/airflow/example_dags/example_skip_dag.py
[2026-01-06T14:28:15.470+1100] {logging_mixin.py:188} INFO - [2026-01-06T14:28:15.470+1100] {dag.py:3089} INFO - Sync 1 DAGs
[2026-01-06T14:28:15.476+1100] {logging_mixin.py:188} INFO - [2026-01-06T14:28:15.476+1100] {dag.py:3947} INFO - Setting next_dagrun for example_skip_dag to 2026-01-05 00:00:00+00:00, run_after=2026-01-06 00:00:00+00:00
[2026-01-06T14:28:15.483+1100] {processor.py:183} INFO - Processing /Users/fionatham/Documents/Projects/vogue_data_pipeline/venv/lib/python3.11/site-packages/airflow/example_dags/example_skip_dag.py took 0.060 seconds
[2026-01-06T14:30:19.961+1100] {processor.py:161} INFO - Started process (PID=91541) to work on /Users/fionatham/Documents/Projects/vogue_data_pipeline/venv/lib/python3.11/site-packages/airflow/example_dags/example_skip_dag.py
[2026-01-06T14:30:19.962+1100] {processor.py:830} INFO - Processing file /Users/fionatham/Documents/Projects/vogue_data_pipeline/venv/lib/python3.11/site-packages/airflow/example_dags/example_skip_dag.py for tasks to queue
[2026-01-06T14:30:19.963+1100] {logging_mixin.py:188} INFO - [2026-01-06T14:30:19.962+1100] {dagbag.py:545} INFO - Filling up the DagBag from /Users/fionatham/Documents/Projects/vogue_data_pipeline/venv/lib/python3.11/site-packages/airflow/example_dags/example_skip_dag.py
[2026-01-06T14:30:19.966+1100] {processor.py:840} INFO - DAG(s) 'example_skip_dag' retrieved from /Users/fionatham/Documents/Projects/vogue_data_pipeline/venv/lib/python3.11/site-packages/airflow/example_dags/example_skip_dag.py
[2026-01-06T14:30:20.012+1100] {logging_mixin.py:188} INFO - [2026-01-06T14:30:20.011+1100] {dag.py:3089} INFO - Sync 1 DAGs
[2026-01-06T14:30:20.018+1100] {logging_mixin.py:188} INFO - [2026-01-06T14:30:20.018+1100] {dag.py:3947} INFO - Setting next_dagrun for example_skip_dag to 2026-01-05 00:00:00+00:00, run_after=2026-01-06 00:00:00+00:00
[2026-01-06T14:30:20.026+1100] {processor.py:183} INFO - Processing /Users/fionatham/Documents/Projects/vogue_data_pipeline/venv/lib/python3.11/site-packages/airflow/example_dags/example_skip_dag.py took 0.066 seconds
[2026-01-06T14:32:16.663+1100] {processor.py:161} INFO - Started process (PID=92091) to work on /Users/fionatham/Documents/Projects/vogue_data_pipeline/venv/lib/python3.11/site-packages/airflow/example_dags/example_skip_dag.py
[2026-01-06T14:32:16.663+1100] {processor.py:830} INFO - Processing file /Users/fionatham/Documents/Projects/vogue_data_pipeline/venv/lib/python3.11/site-packages/airflow/example_dags/example_skip_dag.py for tasks to queue
[2026-01-06T14:32:16.664+1100] {logging_mixin.py:188} INFO - [2026-01-06T14:32:16.664+1100] {dagbag.py:545} INFO - Filling up the DagBag from /Users/fionatham/Documents/Projects/vogue_data_pipeline/venv/lib/python3.11/site-packages/airflow/example_dags/example_skip_dag.py
[2026-01-06T14:32:16.668+1100] {processor.py:840} INFO - DAG(s) 'example_skip_dag' retrieved from /Users/fionatham/Documents/Projects/vogue_data_pipeline/venv/lib/python3.11/site-packages/airflow/example_dags/example_skip_dag.py
[2026-01-06T14:32:16.716+1100] {logging_mixin.py:188} INFO - [2026-01-06T14:32:16.716+1100] {dag.py:3089} INFO - Sync 1 DAGs
[2026-01-06T14:32:16.723+1100] {logging_mixin.py:188} INFO - [2026-01-06T14:32:16.723+1100] {dag.py:3947} INFO - Setting next_dagrun for example_skip_dag to 2026-01-05 00:00:00+00:00, run_after=2026-01-06 00:00:00+00:00
[2026-01-06T14:32:16.731+1100] {processor.py:183} INFO - Processing /Users/fionatham/Documents/Projects/vogue_data_pipeline/venv/lib/python3.11/site-packages/airflow/example_dags/example_skip_dag.py took 0.070 seconds
[2026-01-06T14:34:12.041+1100] {processor.py:161} INFO - Started process (PID=92314) to work on /Users/fionatham/Documents/Projects/vogue_data_pipeline/venv/lib/python3.11/site-packages/airflow/example_dags/example_skip_dag.py
[2026-01-06T14:34:12.042+1100] {processor.py:830} INFO - Processing file /Users/fionatham/Documents/Projects/vogue_data_pipeline/venv/lib/python3.11/site-packages/airflow/example_dags/example_skip_dag.py for tasks to queue
[2026-01-06T14:34:12.042+1100] {logging_mixin.py:188} INFO - [2026-01-06T14:34:12.042+1100] {dagbag.py:545} INFO - Filling up the DagBag from /Users/fionatham/Documents/Projects/vogue_data_pipeline/venv/lib/python3.11/site-packages/airflow/example_dags/example_skip_dag.py
[2026-01-06T14:34:12.046+1100] {processor.py:840} INFO - DAG(s) 'example_skip_dag' retrieved from /Users/fionatham/Documents/Projects/vogue_data_pipeline/venv/lib/python3.11/site-packages/airflow/example_dags/example_skip_dag.py
[2026-01-06T14:34:12.092+1100] {logging_mixin.py:188} INFO - [2026-01-06T14:34:12.091+1100] {dag.py:3089} INFO - Sync 1 DAGs
[2026-01-06T14:34:12.100+1100] {logging_mixin.py:188} INFO - [2026-01-06T14:34:12.100+1100] {dag.py:3947} INFO - Setting next_dagrun for example_skip_dag to 2026-01-05 00:00:00+00:00, run_after=2026-01-06 00:00:00+00:00
[2026-01-06T14:34:12.108+1100] {processor.py:183} INFO - Processing /Users/fionatham/Documents/Projects/vogue_data_pipeline/venv/lib/python3.11/site-packages/airflow/example_dags/example_skip_dag.py took 0.069 seconds
[2026-01-06T14:36:11.457+1100] {processor.py:161} INFO - Started process (PID=92570) to work on /Users/fionatham/Documents/Projects/vogue_data_pipeline/venv/lib/python3.11/site-packages/airflow/example_dags/example_skip_dag.py
[2026-01-06T14:36:11.458+1100] {processor.py:830} INFO - Processing file /Users/fionatham/Documents/Projects/vogue_data_pipeline/venv/lib/python3.11/site-packages/airflow/example_dags/example_skip_dag.py for tasks to queue
[2026-01-06T14:36:11.459+1100] {logging_mixin.py:188} INFO - [2026-01-06T14:36:11.459+1100] {dagbag.py:545} INFO - Filling up the DagBag from /Users/fionatham/Documents/Projects/vogue_data_pipeline/venv/lib/python3.11/site-packages/airflow/example_dags/example_skip_dag.py
[2026-01-06T14:36:11.462+1100] {processor.py:840} INFO - DAG(s) 'example_skip_dag' retrieved from /Users/fionatham/Documents/Projects/vogue_data_pipeline/venv/lib/python3.11/site-packages/airflow/example_dags/example_skip_dag.py
[2026-01-06T14:36:11.504+1100] {logging_mixin.py:188} INFO - [2026-01-06T14:36:11.504+1100] {dag.py:3089} INFO - Sync 1 DAGs
[2026-01-06T14:36:11.511+1100] {logging_mixin.py:188} INFO - [2026-01-06T14:36:11.511+1100] {dag.py:3947} INFO - Setting next_dagrun for example_skip_dag to 2026-01-05 00:00:00+00:00, run_after=2026-01-06 00:00:00+00:00
[2026-01-06T14:36:11.519+1100] {processor.py:183} INFO - Processing /Users/fionatham/Documents/Projects/vogue_data_pipeline/venv/lib/python3.11/site-packages/airflow/example_dags/example_skip_dag.py took 0.063 seconds
[2026-01-06T14:38:14.813+1100] {processor.py:161} INFO - Started process (PID=92827) to work on /Users/fionatham/Documents/Projects/vogue_data_pipeline/venv/lib/python3.11/site-packages/airflow/example_dags/example_skip_dag.py
[2026-01-06T14:38:14.813+1100] {processor.py:830} INFO - Processing file /Users/fionatham/Documents/Projects/vogue_data_pipeline/venv/lib/python3.11/site-packages/airflow/example_dags/example_skip_dag.py for tasks to queue
[2026-01-06T14:38:14.814+1100] {logging_mixin.py:188} INFO - [2026-01-06T14:38:14.814+1100] {dagbag.py:545} INFO - Filling up the DagBag from /Users/fionatham/Documents/Projects/vogue_data_pipeline/venv/lib/python3.11/site-packages/airflow/example_dags/example_skip_dag.py
[2026-01-06T14:38:14.817+1100] {processor.py:840} INFO - DAG(s) 'example_skip_dag' retrieved from /Users/fionatham/Documents/Projects/vogue_data_pipeline/venv/lib/python3.11/site-packages/airflow/example_dags/example_skip_dag.py
[2026-01-06T14:38:14.863+1100] {logging_mixin.py:188} INFO - [2026-01-06T14:38:14.863+1100] {dag.py:3089} INFO - Sync 1 DAGs
[2026-01-06T14:38:14.870+1100] {logging_mixin.py:188} INFO - [2026-01-06T14:38:14.869+1100] {dag.py:3947} INFO - Setting next_dagrun for example_skip_dag to 2026-01-05 00:00:00+00:00, run_after=2026-01-06 00:00:00+00:00
[2026-01-06T14:38:14.878+1100] {processor.py:183} INFO - Processing /Users/fionatham/Documents/Projects/vogue_data_pipeline/venv/lib/python3.11/site-packages/airflow/example_dags/example_skip_dag.py took 0.066 seconds
[2026-01-06T14:40:11.631+1100] {processor.py:161} INFO - Started process (PID=92923) to work on /Users/fionatham/Documents/Projects/vogue_data_pipeline/venv/lib/python3.11/site-packages/airflow/example_dags/example_skip_dag.py
[2026-01-06T14:40:11.632+1100] {processor.py:830} INFO - Processing file /Users/fionatham/Documents/Projects/vogue_data_pipeline/venv/lib/python3.11/site-packages/airflow/example_dags/example_skip_dag.py for tasks to queue
[2026-01-06T14:40:11.632+1100] {logging_mixin.py:188} INFO - [2026-01-06T14:40:11.632+1100] {dagbag.py:545} INFO - Filling up the DagBag from /Users/fionatham/Documents/Projects/vogue_data_pipeline/venv/lib/python3.11/site-packages/airflow/example_dags/example_skip_dag.py
[2026-01-06T14:40:11.636+1100] {processor.py:840} INFO - DAG(s) 'example_skip_dag' retrieved from /Users/fionatham/Documents/Projects/vogue_data_pipeline/venv/lib/python3.11/site-packages/airflow/example_dags/example_skip_dag.py
[2026-01-06T14:40:11.678+1100] {logging_mixin.py:188} INFO - [2026-01-06T14:40:11.678+1100] {dag.py:3089} INFO - Sync 1 DAGs
[2026-01-06T14:40:11.684+1100] {logging_mixin.py:188} INFO - [2026-01-06T14:40:11.684+1100] {dag.py:3947} INFO - Setting next_dagrun for example_skip_dag to 2026-01-05 00:00:00+00:00, run_after=2026-01-06 00:00:00+00:00
[2026-01-06T14:40:11.691+1100] {processor.py:183} INFO - Processing /Users/fionatham/Documents/Projects/vogue_data_pipeline/venv/lib/python3.11/site-packages/airflow/example_dags/example_skip_dag.py took 0.061 seconds
[2026-01-06T14:42:02.825+1100] {processor.py:161} INFO - Started process (PID=92997) to work on /Users/fionatham/Documents/Projects/vogue_data_pipeline/venv/lib/python3.11/site-packages/airflow/example_dags/example_skip_dag.py
[2026-01-06T14:42:02.826+1100] {processor.py:830} INFO - Processing file /Users/fionatham/Documents/Projects/vogue_data_pipeline/venv/lib/python3.11/site-packages/airflow/example_dags/example_skip_dag.py for tasks to queue
[2026-01-06T14:42:02.826+1100] {logging_mixin.py:188} INFO - [2026-01-06T14:42:02.826+1100] {dagbag.py:545} INFO - Filling up the DagBag from /Users/fionatham/Documents/Projects/vogue_data_pipeline/venv/lib/python3.11/site-packages/airflow/example_dags/example_skip_dag.py
[2026-01-06T14:42:02.830+1100] {processor.py:840} INFO - DAG(s) 'example_skip_dag' retrieved from /Users/fionatham/Documents/Projects/vogue_data_pipeline/venv/lib/python3.11/site-packages/airflow/example_dags/example_skip_dag.py
[2026-01-06T14:42:02.876+1100] {logging_mixin.py:188} INFO - [2026-01-06T14:42:02.876+1100] {dag.py:3089} INFO - Sync 1 DAGs
[2026-01-06T14:42:02.883+1100] {logging_mixin.py:188} INFO - [2026-01-06T14:42:02.883+1100] {dag.py:3947} INFO - Setting next_dagrun for example_skip_dag to 2026-01-05 00:00:00+00:00, run_after=2026-01-06 00:00:00+00:00
[2026-01-06T14:42:02.893+1100] {processor.py:183} INFO - Processing /Users/fionatham/Documents/Projects/vogue_data_pipeline/venv/lib/python3.11/site-packages/airflow/example_dags/example_skip_dag.py took 0.069 seconds
[2026-01-06T14:43:59.360+1100] {processor.py:161} INFO - Started process (PID=93081) to work on /Users/fionatham/Documents/Projects/vogue_data_pipeline/venv/lib/python3.11/site-packages/airflow/example_dags/example_skip_dag.py
[2026-01-06T14:43:59.360+1100] {processor.py:830} INFO - Processing file /Users/fionatham/Documents/Projects/vogue_data_pipeline/venv/lib/python3.11/site-packages/airflow/example_dags/example_skip_dag.py for tasks to queue
[2026-01-06T14:43:59.361+1100] {logging_mixin.py:188} INFO - [2026-01-06T14:43:59.361+1100] {dagbag.py:545} INFO - Filling up the DagBag from /Users/fionatham/Documents/Projects/vogue_data_pipeline/venv/lib/python3.11/site-packages/airflow/example_dags/example_skip_dag.py
[2026-01-06T14:43:59.364+1100] {processor.py:840} INFO - DAG(s) 'example_skip_dag' retrieved from /Users/fionatham/Documents/Projects/vogue_data_pipeline/venv/lib/python3.11/site-packages/airflow/example_dags/example_skip_dag.py
[2026-01-06T14:43:59.408+1100] {logging_mixin.py:188} INFO - [2026-01-06T14:43:59.407+1100] {dag.py:3089} INFO - Sync 1 DAGs
[2026-01-06T14:43:59.414+1100] {logging_mixin.py:188} INFO - [2026-01-06T14:43:59.414+1100] {dag.py:3947} INFO - Setting next_dagrun for example_skip_dag to 2026-01-05 00:00:00+00:00, run_after=2026-01-06 00:00:00+00:00
[2026-01-06T14:43:59.433+1100] {processor.py:183} INFO - Processing /Users/fionatham/Documents/Projects/vogue_data_pipeline/venv/lib/python3.11/site-packages/airflow/example_dags/example_skip_dag.py took 0.075 seconds
[2026-01-06T14:45:55.684+1100] {processor.py:161} INFO - Started process (PID=93162) to work on /Users/fionatham/Documents/Projects/vogue_data_pipeline/venv/lib/python3.11/site-packages/airflow/example_dags/example_skip_dag.py
[2026-01-06T14:45:55.685+1100] {processor.py:830} INFO - Processing file /Users/fionatham/Documents/Projects/vogue_data_pipeline/venv/lib/python3.11/site-packages/airflow/example_dags/example_skip_dag.py for tasks to queue
[2026-01-06T14:45:55.685+1100] {logging_mixin.py:188} INFO - [2026-01-06T14:45:55.685+1100] {dagbag.py:545} INFO - Filling up the DagBag from /Users/fionatham/Documents/Projects/vogue_data_pipeline/venv/lib/python3.11/site-packages/airflow/example_dags/example_skip_dag.py
[2026-01-06T14:45:55.689+1100] {processor.py:840} INFO - DAG(s) 'example_skip_dag' retrieved from /Users/fionatham/Documents/Projects/vogue_data_pipeline/venv/lib/python3.11/site-packages/airflow/example_dags/example_skip_dag.py
[2026-01-06T14:45:55.731+1100] {logging_mixin.py:188} INFO - [2026-01-06T14:45:55.730+1100] {dag.py:3089} INFO - Sync 1 DAGs
[2026-01-06T14:45:55.736+1100] {logging_mixin.py:188} INFO - [2026-01-06T14:45:55.736+1100] {dag.py:3947} INFO - Setting next_dagrun for example_skip_dag to 2026-01-05 00:00:00+00:00, run_after=2026-01-06 00:00:00+00:00
[2026-01-06T14:45:55.744+1100] {processor.py:183} INFO - Processing /Users/fionatham/Documents/Projects/vogue_data_pipeline/venv/lib/python3.11/site-packages/airflow/example_dags/example_skip_dag.py took 0.061 seconds
[2026-01-06T14:47:52.252+1100] {processor.py:161} INFO - Started process (PID=93244) to work on /Users/fionatham/Documents/Projects/vogue_data_pipeline/venv/lib/python3.11/site-packages/airflow/example_dags/example_skip_dag.py
[2026-01-06T14:47:52.253+1100] {processor.py:830} INFO - Processing file /Users/fionatham/Documents/Projects/vogue_data_pipeline/venv/lib/python3.11/site-packages/airflow/example_dags/example_skip_dag.py for tasks to queue
[2026-01-06T14:47:52.253+1100] {logging_mixin.py:188} INFO - [2026-01-06T14:47:52.253+1100] {dagbag.py:545} INFO - Filling up the DagBag from /Users/fionatham/Documents/Projects/vogue_data_pipeline/venv/lib/python3.11/site-packages/airflow/example_dags/example_skip_dag.py
[2026-01-06T14:47:52.256+1100] {processor.py:840} INFO - DAG(s) 'example_skip_dag' retrieved from /Users/fionatham/Documents/Projects/vogue_data_pipeline/venv/lib/python3.11/site-packages/airflow/example_dags/example_skip_dag.py
[2026-01-06T14:47:52.299+1100] {logging_mixin.py:188} INFO - [2026-01-06T14:47:52.298+1100] {dag.py:3089} INFO - Sync 1 DAGs
[2026-01-06T14:47:52.304+1100] {logging_mixin.py:188} INFO - [2026-01-06T14:47:52.304+1100] {dag.py:3947} INFO - Setting next_dagrun for example_skip_dag to 2026-01-05 00:00:00+00:00, run_after=2026-01-06 00:00:00+00:00
[2026-01-06T14:47:52.311+1100] {processor.py:183} INFO - Processing /Users/fionatham/Documents/Projects/vogue_data_pipeline/venv/lib/python3.11/site-packages/airflow/example_dags/example_skip_dag.py took 0.060 seconds
[2026-01-06T14:49:54.986+1100] {processor.py:161} INFO - Started process (PID=93349) to work on /Users/fionatham/Documents/Projects/vogue_data_pipeline/venv/lib/python3.11/site-packages/airflow/example_dags/example_skip_dag.py
[2026-01-06T14:49:54.986+1100] {processor.py:830} INFO - Processing file /Users/fionatham/Documents/Projects/vogue_data_pipeline/venv/lib/python3.11/site-packages/airflow/example_dags/example_skip_dag.py for tasks to queue
[2026-01-06T14:49:54.987+1100] {logging_mixin.py:188} INFO - [2026-01-06T14:49:54.986+1100] {dagbag.py:545} INFO - Filling up the DagBag from /Users/fionatham/Documents/Projects/vogue_data_pipeline/venv/lib/python3.11/site-packages/airflow/example_dags/example_skip_dag.py
[2026-01-06T14:49:54.990+1100] {processor.py:840} INFO - DAG(s) 'example_skip_dag' retrieved from /Users/fionatham/Documents/Projects/vogue_data_pipeline/venv/lib/python3.11/site-packages/airflow/example_dags/example_skip_dag.py
[2026-01-06T14:49:55.034+1100] {logging_mixin.py:188} INFO - [2026-01-06T14:49:55.034+1100] {dag.py:3089} INFO - Sync 1 DAGs
[2026-01-06T14:49:55.040+1100] {logging_mixin.py:188} INFO - [2026-01-06T14:49:55.040+1100] {dag.py:3947} INFO - Setting next_dagrun for example_skip_dag to 2026-01-05 00:00:00+00:00, run_after=2026-01-06 00:00:00+00:00
[2026-01-06T14:49:55.048+1100] {processor.py:183} INFO - Processing /Users/fionatham/Documents/Projects/vogue_data_pipeline/venv/lib/python3.11/site-packages/airflow/example_dags/example_skip_dag.py took 0.063 seconds
[2026-01-06T14:51:43.884+1100] {processor.py:161} INFO - Started process (PID=93447) to work on /Users/fionatham/Documents/Projects/vogue_data_pipeline/venv/lib/python3.11/site-packages/airflow/example_dags/example_skip_dag.py
[2026-01-06T14:51:43.885+1100] {processor.py:830} INFO - Processing file /Users/fionatham/Documents/Projects/vogue_data_pipeline/venv/lib/python3.11/site-packages/airflow/example_dags/example_skip_dag.py for tasks to queue
[2026-01-06T14:51:43.885+1100] {logging_mixin.py:188} INFO - [2026-01-06T14:51:43.885+1100] {dagbag.py:545} INFO - Filling up the DagBag from /Users/fionatham/Documents/Projects/vogue_data_pipeline/venv/lib/python3.11/site-packages/airflow/example_dags/example_skip_dag.py
[2026-01-06T14:51:43.888+1100] {processor.py:840} INFO - DAG(s) 'example_skip_dag' retrieved from /Users/fionatham/Documents/Projects/vogue_data_pipeline/venv/lib/python3.11/site-packages/airflow/example_dags/example_skip_dag.py
[2026-01-06T14:51:43.934+1100] {logging_mixin.py:188} INFO - [2026-01-06T14:51:43.934+1100] {dag.py:3089} INFO - Sync 1 DAGs
[2026-01-06T14:51:43.941+1100] {logging_mixin.py:188} INFO - [2026-01-06T14:51:43.940+1100] {dag.py:3947} INFO - Setting next_dagrun for example_skip_dag to 2026-01-05 00:00:00+00:00, run_after=2026-01-06 00:00:00+00:00
[2026-01-06T14:51:43.949+1100] {processor.py:183} INFO - Processing /Users/fionatham/Documents/Projects/vogue_data_pipeline/venv/lib/python3.11/site-packages/airflow/example_dags/example_skip_dag.py took 0.066 seconds
[2026-01-06T14:53:39.379+1100] {processor.py:161} INFO - Started process (PID=93587) to work on /Users/fionatham/Documents/Projects/vogue_data_pipeline/venv/lib/python3.11/site-packages/airflow/example_dags/example_skip_dag.py
[2026-01-06T14:53:39.380+1100] {processor.py:830} INFO - Processing file /Users/fionatham/Documents/Projects/vogue_data_pipeline/venv/lib/python3.11/site-packages/airflow/example_dags/example_skip_dag.py for tasks to queue
[2026-01-06T14:53:39.380+1100] {logging_mixin.py:188} INFO - [2026-01-06T14:53:39.380+1100] {dagbag.py:545} INFO - Filling up the DagBag from /Users/fionatham/Documents/Projects/vogue_data_pipeline/venv/lib/python3.11/site-packages/airflow/example_dags/example_skip_dag.py
[2026-01-06T14:53:39.384+1100] {processor.py:840} INFO - DAG(s) 'example_skip_dag' retrieved from /Users/fionatham/Documents/Projects/vogue_data_pipeline/venv/lib/python3.11/site-packages/airflow/example_dags/example_skip_dag.py
[2026-01-06T14:53:39.429+1100] {logging_mixin.py:188} INFO - [2026-01-06T14:53:39.428+1100] {dag.py:3089} INFO - Sync 1 DAGs
[2026-01-06T14:53:39.434+1100] {logging_mixin.py:188} INFO - [2026-01-06T14:53:39.434+1100] {dag.py:3947} INFO - Setting next_dagrun for example_skip_dag to 2026-01-05 00:00:00+00:00, run_after=2026-01-06 00:00:00+00:00
[2026-01-06T14:53:39.441+1100] {processor.py:183} INFO - Processing /Users/fionatham/Documents/Projects/vogue_data_pipeline/venv/lib/python3.11/site-packages/airflow/example_dags/example_skip_dag.py took 0.063 seconds
[2026-01-06T14:55:37.078+1100] {processor.py:161} INFO - Started process (PID=93754) to work on /Users/fionatham/Documents/Projects/vogue_data_pipeline/venv/lib/python3.11/site-packages/airflow/example_dags/example_skip_dag.py
[2026-01-06T14:55:37.078+1100] {processor.py:830} INFO - Processing file /Users/fionatham/Documents/Projects/vogue_data_pipeline/venv/lib/python3.11/site-packages/airflow/example_dags/example_skip_dag.py for tasks to queue
[2026-01-06T14:55:37.079+1100] {logging_mixin.py:188} INFO - [2026-01-06T14:55:37.078+1100] {dagbag.py:545} INFO - Filling up the DagBag from /Users/fionatham/Documents/Projects/vogue_data_pipeline/venv/lib/python3.11/site-packages/airflow/example_dags/example_skip_dag.py
[2026-01-06T14:55:37.082+1100] {processor.py:840} INFO - DAG(s) 'example_skip_dag' retrieved from /Users/fionatham/Documents/Projects/vogue_data_pipeline/venv/lib/python3.11/site-packages/airflow/example_dags/example_skip_dag.py
[2026-01-06T14:55:37.125+1100] {logging_mixin.py:188} INFO - [2026-01-06T14:55:37.125+1100] {dag.py:3089} INFO - Sync 1 DAGs
[2026-01-06T14:55:37.131+1100] {logging_mixin.py:188} INFO - [2026-01-06T14:55:37.131+1100] {dag.py:3947} INFO - Setting next_dagrun for example_skip_dag to 2026-01-05 00:00:00+00:00, run_after=2026-01-06 00:00:00+00:00
[2026-01-06T14:55:37.138+1100] {processor.py:183} INFO - Processing /Users/fionatham/Documents/Projects/vogue_data_pipeline/venv/lib/python3.11/site-packages/airflow/example_dags/example_skip_dag.py took 0.062 seconds
[2026-01-06T14:57:36.086+1100] {processor.py:161} INFO - Started process (PID=93863) to work on /Users/fionatham/Documents/Projects/vogue_data_pipeline/venv/lib/python3.11/site-packages/airflow/example_dags/example_skip_dag.py
[2026-01-06T14:57:36.086+1100] {processor.py:830} INFO - Processing file /Users/fionatham/Documents/Projects/vogue_data_pipeline/venv/lib/python3.11/site-packages/airflow/example_dags/example_skip_dag.py for tasks to queue
[2026-01-06T14:57:36.087+1100] {logging_mixin.py:188} INFO - [2026-01-06T14:57:36.087+1100] {dagbag.py:545} INFO - Filling up the DagBag from /Users/fionatham/Documents/Projects/vogue_data_pipeline/venv/lib/python3.11/site-packages/airflow/example_dags/example_skip_dag.py
[2026-01-06T14:57:36.090+1100] {processor.py:840} INFO - DAG(s) 'example_skip_dag' retrieved from /Users/fionatham/Documents/Projects/vogue_data_pipeline/venv/lib/python3.11/site-packages/airflow/example_dags/example_skip_dag.py
[2026-01-06T14:57:36.137+1100] {logging_mixin.py:188} INFO - [2026-01-06T14:57:36.137+1100] {dag.py:3089} INFO - Sync 1 DAGs
[2026-01-06T14:57:36.144+1100] {logging_mixin.py:188} INFO - [2026-01-06T14:57:36.144+1100] {dag.py:3947} INFO - Setting next_dagrun for example_skip_dag to 2026-01-05 00:00:00+00:00, run_after=2026-01-06 00:00:00+00:00
[2026-01-06T14:57:36.152+1100] {processor.py:183} INFO - Processing /Users/fionatham/Documents/Projects/vogue_data_pipeline/venv/lib/python3.11/site-packages/airflow/example_dags/example_skip_dag.py took 0.069 seconds
[2026-01-06T14:59:34.077+1100] {processor.py:161} INFO - Started process (PID=94037) to work on /Users/fionatham/Documents/Projects/vogue_data_pipeline/venv/lib/python3.11/site-packages/airflow/example_dags/example_skip_dag.py
[2026-01-06T14:59:34.078+1100] {processor.py:830} INFO - Processing file /Users/fionatham/Documents/Projects/vogue_data_pipeline/venv/lib/python3.11/site-packages/airflow/example_dags/example_skip_dag.py for tasks to queue
[2026-01-06T14:59:34.078+1100] {logging_mixin.py:188} INFO - [2026-01-06T14:59:34.078+1100] {dagbag.py:545} INFO - Filling up the DagBag from /Users/fionatham/Documents/Projects/vogue_data_pipeline/venv/lib/python3.11/site-packages/airflow/example_dags/example_skip_dag.py
[2026-01-06T14:59:34.081+1100] {processor.py:840} INFO - DAG(s) 'example_skip_dag' retrieved from /Users/fionatham/Documents/Projects/vogue_data_pipeline/venv/lib/python3.11/site-packages/airflow/example_dags/example_skip_dag.py
[2026-01-06T14:59:34.130+1100] {logging_mixin.py:188} INFO - [2026-01-06T14:59:34.129+1100] {dag.py:3089} INFO - Sync 1 DAGs
[2026-01-06T14:59:34.136+1100] {logging_mixin.py:188} INFO - [2026-01-06T14:59:34.136+1100] {dag.py:3947} INFO - Setting next_dagrun for example_skip_dag to 2026-01-05 00:00:00+00:00, run_after=2026-01-06 00:00:00+00:00
[2026-01-06T14:59:34.145+1100] {processor.py:183} INFO - Processing /Users/fionatham/Documents/Projects/vogue_data_pipeline/venv/lib/python3.11/site-packages/airflow/example_dags/example_skip_dag.py took 0.069 seconds
[2026-01-06T15:01:32.780+1100] {processor.py:161} INFO - Started process (PID=94177) to work on /Users/fionatham/Documents/Projects/vogue_data_pipeline/venv/lib/python3.11/site-packages/airflow/example_dags/example_skip_dag.py
[2026-01-06T15:01:32.780+1100] {processor.py:830} INFO - Processing file /Users/fionatham/Documents/Projects/vogue_data_pipeline/venv/lib/python3.11/site-packages/airflow/example_dags/example_skip_dag.py for tasks to queue
[2026-01-06T15:01:32.781+1100] {logging_mixin.py:188} INFO - [2026-01-06T15:01:32.781+1100] {dagbag.py:545} INFO - Filling up the DagBag from /Users/fionatham/Documents/Projects/vogue_data_pipeline/venv/lib/python3.11/site-packages/airflow/example_dags/example_skip_dag.py
[2026-01-06T15:01:32.784+1100] {processor.py:840} INFO - DAG(s) 'example_skip_dag' retrieved from /Users/fionatham/Documents/Projects/vogue_data_pipeline/venv/lib/python3.11/site-packages/airflow/example_dags/example_skip_dag.py
[2026-01-06T15:01:32.831+1100] {logging_mixin.py:188} INFO - [2026-01-06T15:01:32.831+1100] {dag.py:3089} INFO - Sync 1 DAGs
[2026-01-06T15:01:32.838+1100] {logging_mixin.py:188} INFO - [2026-01-06T15:01:32.838+1100] {dag.py:3947} INFO - Setting next_dagrun for example_skip_dag to 2026-01-05 00:00:00+00:00, run_after=2026-01-06 00:00:00+00:00
[2026-01-06T15:01:32.847+1100] {processor.py:183} INFO - Processing /Users/fionatham/Documents/Projects/vogue_data_pipeline/venv/lib/python3.11/site-packages/airflow/example_dags/example_skip_dag.py took 0.068 seconds
[2026-01-06T15:03:33.405+1100] {processor.py:161} INFO - Started process (PID=94493) to work on /Users/fionatham/Documents/Projects/vogue_data_pipeline/venv/lib/python3.11/site-packages/airflow/example_dags/example_skip_dag.py
[2026-01-06T15:03:33.405+1100] {processor.py:830} INFO - Processing file /Users/fionatham/Documents/Projects/vogue_data_pipeline/venv/lib/python3.11/site-packages/airflow/example_dags/example_skip_dag.py for tasks to queue
[2026-01-06T15:03:33.406+1100] {logging_mixin.py:188} INFO - [2026-01-06T15:03:33.406+1100] {dagbag.py:545} INFO - Filling up the DagBag from /Users/fionatham/Documents/Projects/vogue_data_pipeline/venv/lib/python3.11/site-packages/airflow/example_dags/example_skip_dag.py
[2026-01-06T15:03:33.409+1100] {processor.py:840} INFO - DAG(s) 'example_skip_dag' retrieved from /Users/fionatham/Documents/Projects/vogue_data_pipeline/venv/lib/python3.11/site-packages/airflow/example_dags/example_skip_dag.py
[2026-01-06T15:03:33.453+1100] {logging_mixin.py:188} INFO - [2026-01-06T15:03:33.452+1100] {dag.py:3089} INFO - Sync 1 DAGs
[2026-01-06T15:03:33.462+1100] {logging_mixin.py:188} INFO - [2026-01-06T15:03:33.461+1100] {dag.py:3947} INFO - Setting next_dagrun for example_skip_dag to 2026-01-05 00:00:00+00:00, run_after=2026-01-06 00:00:00+00:00
[2026-01-06T15:03:33.471+1100] {processor.py:183} INFO - Processing /Users/fionatham/Documents/Projects/vogue_data_pipeline/venv/lib/python3.11/site-packages/airflow/example_dags/example_skip_dag.py took 0.067 seconds
[2026-01-06T15:05:32.161+1100] {processor.py:161} INFO - Started process (PID=94617) to work on /Users/fionatham/Documents/Projects/vogue_data_pipeline/venv/lib/python3.11/site-packages/airflow/example_dags/example_skip_dag.py
[2026-01-06T15:05:32.161+1100] {processor.py:830} INFO - Processing file /Users/fionatham/Documents/Projects/vogue_data_pipeline/venv/lib/python3.11/site-packages/airflow/example_dags/example_skip_dag.py for tasks to queue
[2026-01-06T15:05:32.162+1100] {logging_mixin.py:188} INFO - [2026-01-06T15:05:32.162+1100] {dagbag.py:545} INFO - Filling up the DagBag from /Users/fionatham/Documents/Projects/vogue_data_pipeline/venv/lib/python3.11/site-packages/airflow/example_dags/example_skip_dag.py
[2026-01-06T15:05:32.165+1100] {processor.py:840} INFO - DAG(s) 'example_skip_dag' retrieved from /Users/fionatham/Documents/Projects/vogue_data_pipeline/venv/lib/python3.11/site-packages/airflow/example_dags/example_skip_dag.py
[2026-01-06T15:05:32.209+1100] {logging_mixin.py:188} INFO - [2026-01-06T15:05:32.209+1100] {dag.py:3089} INFO - Sync 1 DAGs
[2026-01-06T15:05:32.215+1100] {logging_mixin.py:188} INFO - [2026-01-06T15:05:32.215+1100] {dag.py:3947} INFO - Setting next_dagrun for example_skip_dag to 2026-01-05 00:00:00+00:00, run_after=2026-01-06 00:00:00+00:00
[2026-01-06T15:05:32.222+1100] {processor.py:183} INFO - Processing /Users/fionatham/Documents/Projects/vogue_data_pipeline/venv/lib/python3.11/site-packages/airflow/example_dags/example_skip_dag.py took 0.062 seconds
[2026-01-06T15:12:34.581+1100] {processor.py:161} INFO - Started process (PID=95256) to work on /Users/fionatham/Documents/Projects/vogue_data_pipeline/venv/lib/python3.11/site-packages/airflow/example_dags/example_skip_dag.py
[2026-01-06T15:12:34.582+1100] {processor.py:830} INFO - Processing file /Users/fionatham/Documents/Projects/vogue_data_pipeline/venv/lib/python3.11/site-packages/airflow/example_dags/example_skip_dag.py for tasks to queue
[2026-01-06T15:12:34.582+1100] {logging_mixin.py:188} INFO - [2026-01-06T15:12:34.582+1100] {dagbag.py:545} INFO - Filling up the DagBag from /Users/fionatham/Documents/Projects/vogue_data_pipeline/venv/lib/python3.11/site-packages/airflow/example_dags/example_skip_dag.py
[2026-01-06T15:12:34.586+1100] {processor.py:840} INFO - DAG(s) 'example_skip_dag' retrieved from /Users/fionatham/Documents/Projects/vogue_data_pipeline/venv/lib/python3.11/site-packages/airflow/example_dags/example_skip_dag.py
[2026-01-06T15:12:34.633+1100] {logging_mixin.py:188} INFO - [2026-01-06T15:12:34.632+1100] {dag.py:3089} INFO - Sync 1 DAGs
[2026-01-06T15:12:34.639+1100] {logging_mixin.py:188} INFO - [2026-01-06T15:12:34.639+1100] {dag.py:3947} INFO - Setting next_dagrun for example_skip_dag to 2026-01-05 00:00:00+00:00, run_after=2026-01-06 00:00:00+00:00
[2026-01-06T15:12:34.647+1100] {processor.py:183} INFO - Processing /Users/fionatham/Documents/Projects/vogue_data_pipeline/venv/lib/python3.11/site-packages/airflow/example_dags/example_skip_dag.py took 0.068 seconds
[2026-01-06T15:14:06.889+1100] {processor.py:161} INFO - Started process (PID=95373) to work on /Users/fionatham/Documents/Projects/vogue_data_pipeline/venv/lib/python3.11/site-packages/airflow/example_dags/example_skip_dag.py
[2026-01-06T15:14:06.890+1100] {processor.py:830} INFO - Processing file /Users/fionatham/Documents/Projects/vogue_data_pipeline/venv/lib/python3.11/site-packages/airflow/example_dags/example_skip_dag.py for tasks to queue
[2026-01-06T15:14:06.890+1100] {logging_mixin.py:188} INFO - [2026-01-06T15:14:06.890+1100] {dagbag.py:545} INFO - Filling up the DagBag from /Users/fionatham/Documents/Projects/vogue_data_pipeline/venv/lib/python3.11/site-packages/airflow/example_dags/example_skip_dag.py
[2026-01-06T15:14:06.894+1100] {processor.py:840} INFO - DAG(s) 'example_skip_dag' retrieved from /Users/fionatham/Documents/Projects/vogue_data_pipeline/venv/lib/python3.11/site-packages/airflow/example_dags/example_skip_dag.py
[2026-01-06T15:14:06.939+1100] {logging_mixin.py:188} INFO - [2026-01-06T15:14:06.939+1100] {dag.py:3089} INFO - Sync 1 DAGs
[2026-01-06T15:14:06.945+1100] {logging_mixin.py:188} INFO - [2026-01-06T15:14:06.945+1100] {dag.py:3947} INFO - Setting next_dagrun for example_skip_dag to 2026-01-05 00:00:00+00:00, run_after=2026-01-06 00:00:00+00:00
[2026-01-06T15:14:06.953+1100] {processor.py:183} INFO - Processing /Users/fionatham/Documents/Projects/vogue_data_pipeline/venv/lib/python3.11/site-packages/airflow/example_dags/example_skip_dag.py took 0.065 seconds
[2026-01-06T17:47:09.636+1100] {processor.py:161} INFO - Started process (PID=95576) to work on /Users/fionatham/Documents/Projects/vogue_data_pipeline/venv/lib/python3.11/site-packages/airflow/example_dags/example_skip_dag.py
[2026-01-06T17:47:09.637+1100] {processor.py:830} INFO - Processing file /Users/fionatham/Documents/Projects/vogue_data_pipeline/venv/lib/python3.11/site-packages/airflow/example_dags/example_skip_dag.py for tasks to queue
[2026-01-06T17:47:09.637+1100] {logging_mixin.py:188} INFO - [2026-01-06T17:47:09.637+1100] {dagbag.py:545} INFO - Filling up the DagBag from /Users/fionatham/Documents/Projects/vogue_data_pipeline/venv/lib/python3.11/site-packages/airflow/example_dags/example_skip_dag.py
[2026-01-06T17:47:09.641+1100] {processor.py:840} INFO - DAG(s) 'example_skip_dag' retrieved from /Users/fionatham/Documents/Projects/vogue_data_pipeline/venv/lib/python3.11/site-packages/airflow/example_dags/example_skip_dag.py
[2026-01-06T17:47:09.698+1100] {logging_mixin.py:188} INFO - [2026-01-06T17:47:09.698+1100] {dag.py:3089} INFO - Sync 1 DAGs
[2026-01-06T17:47:09.706+1100] {logging_mixin.py:188} INFO - [2026-01-06T17:47:09.706+1100] {dag.py:3947} INFO - Setting next_dagrun for example_skip_dag to 2026-01-05 00:00:00+00:00, run_after=2026-01-06 00:00:00+00:00
[2026-01-06T17:47:09.716+1100] {processor.py:183} INFO - Processing /Users/fionatham/Documents/Projects/vogue_data_pipeline/venv/lib/python3.11/site-packages/airflow/example_dags/example_skip_dag.py took 0.082 seconds
[2026-01-06T20:51:21.936+1100] {processor.py:161} INFO - Started process (PID=95715) to work on /Users/fionatham/Documents/Projects/vogue_data_pipeline/venv/lib/python3.11/site-packages/airflow/example_dags/example_skip_dag.py
[2026-01-06T20:51:21.937+1100] {processor.py:830} INFO - Processing file /Users/fionatham/Documents/Projects/vogue_data_pipeline/venv/lib/python3.11/site-packages/airflow/example_dags/example_skip_dag.py for tasks to queue
[2026-01-06T20:51:21.938+1100] {logging_mixin.py:188} INFO - [2026-01-06T20:51:21.938+1100] {dagbag.py:545} INFO - Filling up the DagBag from /Users/fionatham/Documents/Projects/vogue_data_pipeline/venv/lib/python3.11/site-packages/airflow/example_dags/example_skip_dag.py
[2026-01-06T20:51:21.944+1100] {processor.py:840} INFO - DAG(s) 'example_skip_dag' retrieved from /Users/fionatham/Documents/Projects/vogue_data_pipeline/venv/lib/python3.11/site-packages/airflow/example_dags/example_skip_dag.py
[2026-01-06T20:51:22.021+1100] {logging_mixin.py:188} INFO - [2026-01-06T20:51:22.021+1100] {dag.py:3089} INFO - Sync 1 DAGs
[2026-01-06T20:51:22.031+1100] {logging_mixin.py:188} INFO - [2026-01-06T20:51:22.031+1100] {dag.py:3947} INFO - Setting next_dagrun for example_skip_dag to 2026-01-05 00:00:00+00:00, run_after=2026-01-06 00:00:00+00:00
[2026-01-06T20:51:22.043+1100] {processor.py:183} INFO - Processing /Users/fionatham/Documents/Projects/vogue_data_pipeline/venv/lib/python3.11/site-packages/airflow/example_dags/example_skip_dag.py took 0.109 seconds
[2026-01-06T21:10:37.827+1100] {processor.py:161} INFO - Started process (PID=95822) to work on /Users/fionatham/Documents/Projects/vogue_data_pipeline/venv/lib/python3.11/site-packages/airflow/example_dags/example_skip_dag.py
[2026-01-06T21:10:37.828+1100] {processor.py:830} INFO - Processing file /Users/fionatham/Documents/Projects/vogue_data_pipeline/venv/lib/python3.11/site-packages/airflow/example_dags/example_skip_dag.py for tasks to queue
[2026-01-06T21:10:37.828+1100] {logging_mixin.py:188} INFO - [2026-01-06T21:10:37.828+1100] {dagbag.py:545} INFO - Filling up the DagBag from /Users/fionatham/Documents/Projects/vogue_data_pipeline/venv/lib/python3.11/site-packages/airflow/example_dags/example_skip_dag.py
[2026-01-06T21:10:37.832+1100] {processor.py:840} INFO - DAG(s) 'example_skip_dag' retrieved from /Users/fionatham/Documents/Projects/vogue_data_pipeline/venv/lib/python3.11/site-packages/airflow/example_dags/example_skip_dag.py
[2026-01-06T21:10:37.877+1100] {logging_mixin.py:188} INFO - [2026-01-06T21:10:37.877+1100] {dag.py:3089} INFO - Sync 1 DAGs
[2026-01-06T21:10:37.883+1100] {logging_mixin.py:188} INFO - [2026-01-06T21:10:37.883+1100] {dag.py:3947} INFO - Setting next_dagrun for example_skip_dag to 2026-01-05 00:00:00+00:00, run_after=2026-01-06 00:00:00+00:00
[2026-01-06T21:10:37.890+1100] {processor.py:183} INFO - Processing /Users/fionatham/Documents/Projects/vogue_data_pipeline/venv/lib/python3.11/site-packages/airflow/example_dags/example_skip_dag.py took 0.064 seconds
[2026-01-06T23:11:13.343+1100] {processor.py:161} INFO - Started process (PID=95970) to work on /Users/fionatham/Documents/Projects/vogue_data_pipeline/venv/lib/python3.11/site-packages/airflow/example_dags/example_skip_dag.py
[2026-01-06T23:11:13.344+1100] {processor.py:830} INFO - Processing file /Users/fionatham/Documents/Projects/vogue_data_pipeline/venv/lib/python3.11/site-packages/airflow/example_dags/example_skip_dag.py for tasks to queue
[2026-01-06T23:11:13.345+1100] {logging_mixin.py:188} INFO - [2026-01-06T23:11:13.345+1100] {dagbag.py:545} INFO - Filling up the DagBag from /Users/fionatham/Documents/Projects/vogue_data_pipeline/venv/lib/python3.11/site-packages/airflow/example_dags/example_skip_dag.py
[2026-01-06T23:11:13.353+1100] {processor.py:840} INFO - DAG(s) 'example_skip_dag' retrieved from /Users/fionatham/Documents/Projects/vogue_data_pipeline/venv/lib/python3.11/site-packages/airflow/example_dags/example_skip_dag.py
[2026-01-06T23:11:13.459+1100] {logging_mixin.py:188} INFO - [2026-01-06T23:11:13.458+1100] {dag.py:3089} INFO - Sync 1 DAGs
[2026-01-06T23:11:13.472+1100] {logging_mixin.py:188} INFO - [2026-01-06T23:11:13.472+1100] {dag.py:3947} INFO - Setting next_dagrun for example_skip_dag to 2026-01-05 00:00:00+00:00, run_after=2026-01-06 00:00:00+00:00
[2026-01-06T23:11:13.488+1100] {processor.py:183} INFO - Processing /Users/fionatham/Documents/Projects/vogue_data_pipeline/venv/lib/python3.11/site-packages/airflow/example_dags/example_skip_dag.py took 0.148 seconds
