[2026-01-06T13:57:27.007+1100] {processor.py:161} INFO - Started process (PID=85416) to work on /Users/fionatham/Documents/Projects/vogue_data_pipeline/venv/lib/python3.11/site-packages/airflow/example_dags/example_params_trigger_ui.py
[2026-01-06T13:57:27.008+1100] {processor.py:830} INFO - Processing file /Users/fionatham/Documents/Projects/vogue_data_pipeline/venv/lib/python3.11/site-packages/airflow/example_dags/example_params_trigger_ui.py for tasks to queue
[2026-01-06T13:57:27.008+1100] {logging_mixin.py:188} INFO - [2026-01-06T13:57:27.008+1100] {dagbag.py:545} INFO - Filling up the DagBag from /Users/fionatham/Documents/Projects/vogue_data_pipeline/venv/lib/python3.11/site-packages/airflow/example_dags/example_params_trigger_ui.py
[2026-01-06T13:57:27.026+1100] {processor.py:840} INFO - DAG(s) 'example_params_trigger_ui' retrieved from /Users/fionatham/Documents/Projects/vogue_data_pipeline/venv/lib/python3.11/site-packages/airflow/example_dags/example_params_trigger_ui.py
[2026-01-06T13:57:27.138+1100] {logging_mixin.py:188} INFO - [2026-01-06T13:57:27.138+1100] {override.py:1858} INFO - Created Permission View: can read on DAG:example_params_trigger_ui
[2026-01-06T13:57:27.141+1100] {logging_mixin.py:188} INFO - [2026-01-06T13:57:27.141+1100] {override.py:1858} INFO - Created Permission View: can edit on DAG:example_params_trigger_ui
[2026-01-06T13:57:27.143+1100] {logging_mixin.py:188} INFO - [2026-01-06T13:57:27.143+1100] {override.py:1858} INFO - Created Permission View: can delete on DAG:example_params_trigger_ui
[2026-01-06T13:57:27.143+1100] {logging_mixin.py:188} INFO - [2026-01-06T13:57:27.143+1100] {dag.py:3089} INFO - Sync 1 DAGs
[2026-01-06T13:57:27.147+1100] {logging_mixin.py:188} INFO - [2026-01-06T13:57:27.147+1100] {dag.py:3111} INFO - Creating ORM DAG for example_params_trigger_ui
[2026-01-06T13:57:27.147+1100] {logging_mixin.py:188} INFO - [2026-01-06T13:57:27.147+1100] {dag.py:3947} INFO - Setting next_dagrun for example_params_trigger_ui to None, run_after=None
[2026-01-06T13:57:27.154+1100] {processor.py:183} INFO - Processing /Users/fionatham/Documents/Projects/vogue_data_pipeline/venv/lib/python3.11/site-packages/airflow/example_dags/example_params_trigger_ui.py took 0.148 seconds
[2026-01-06T13:58:56.803+1100] {processor.py:161} INFO - Started process (PID=86113) to work on /Users/fionatham/Documents/Projects/vogue_data_pipeline/venv/lib/python3.11/site-packages/airflow/example_dags/example_params_trigger_ui.py
[2026-01-06T13:58:56.804+1100] {processor.py:830} INFO - Processing file /Users/fionatham/Documents/Projects/vogue_data_pipeline/venv/lib/python3.11/site-packages/airflow/example_dags/example_params_trigger_ui.py for tasks to queue
[2026-01-06T13:58:56.804+1100] {logging_mixin.py:188} INFO - [2026-01-06T13:58:56.804+1100] {dagbag.py:545} INFO - Filling up the DagBag from /Users/fionatham/Documents/Projects/vogue_data_pipeline/venv/lib/python3.11/site-packages/airflow/example_dags/example_params_trigger_ui.py
[2026-01-06T13:58:56.822+1100] {processor.py:840} INFO - DAG(s) 'example_params_trigger_ui' retrieved from /Users/fionatham/Documents/Projects/vogue_data_pipeline/venv/lib/python3.11/site-packages/airflow/example_dags/example_params_trigger_ui.py
[2026-01-06T13:58:56.877+1100] {logging_mixin.py:188} INFO - [2026-01-06T13:58:56.877+1100] {dag.py:3089} INFO - Sync 1 DAGs
[2026-01-06T13:58:56.880+1100] {logging_mixin.py:188} INFO - [2026-01-06T13:58:56.880+1100] {dag.py:3947} INFO - Setting next_dagrun for example_params_trigger_ui to None, run_after=None
[2026-01-06T13:58:56.888+1100] {processor.py:183} INFO - Processing /Users/fionatham/Documents/Projects/vogue_data_pipeline/venv/lib/python3.11/site-packages/airflow/example_dags/example_params_trigger_ui.py took 0.088 seconds
[2026-01-06T14:00:56.969+1100] {processor.py:161} INFO - Started process (PID=86982) to work on /Users/fionatham/Documents/Projects/vogue_data_pipeline/venv/lib/python3.11/site-packages/airflow/example_dags/example_params_trigger_ui.py
[2026-01-06T14:00:56.970+1100] {processor.py:830} INFO - Processing file /Users/fionatham/Documents/Projects/vogue_data_pipeline/venv/lib/python3.11/site-packages/airflow/example_dags/example_params_trigger_ui.py for tasks to queue
[2026-01-06T14:00:56.971+1100] {logging_mixin.py:188} INFO - [2026-01-06T14:00:56.971+1100] {dagbag.py:545} INFO - Filling up the DagBag from /Users/fionatham/Documents/Projects/vogue_data_pipeline/venv/lib/python3.11/site-packages/airflow/example_dags/example_params_trigger_ui.py
[2026-01-06T14:00:56.994+1100] {processor.py:840} INFO - DAG(s) 'example_params_trigger_ui' retrieved from /Users/fionatham/Documents/Projects/vogue_data_pipeline/venv/lib/python3.11/site-packages/airflow/example_dags/example_params_trigger_ui.py
[2026-01-06T14:00:57.053+1100] {logging_mixin.py:188} INFO - [2026-01-06T14:00:57.053+1100] {dag.py:3089} INFO - Sync 1 DAGs
[2026-01-06T14:00:57.057+1100] {logging_mixin.py:188} INFO - [2026-01-06T14:00:57.057+1100] {dag.py:3947} INFO - Setting next_dagrun for example_params_trigger_ui to None, run_after=None
[2026-01-06T14:00:57.065+1100] {processor.py:183} INFO - Processing /Users/fionatham/Documents/Projects/vogue_data_pipeline/venv/lib/python3.11/site-packages/airflow/example_dags/example_params_trigger_ui.py took 0.099 seconds
[2026-01-06T14:02:59.637+1100] {processor.py:161} INFO - Started process (PID=87171) to work on /Users/fionatham/Documents/Projects/vogue_data_pipeline/venv/lib/python3.11/site-packages/airflow/example_dags/example_params_trigger_ui.py
[2026-01-06T14:02:59.638+1100] {processor.py:830} INFO - Processing file /Users/fionatham/Documents/Projects/vogue_data_pipeline/venv/lib/python3.11/site-packages/airflow/example_dags/example_params_trigger_ui.py for tasks to queue
[2026-01-06T14:02:59.638+1100] {logging_mixin.py:188} INFO - [2026-01-06T14:02:59.638+1100] {dagbag.py:545} INFO - Filling up the DagBag from /Users/fionatham/Documents/Projects/vogue_data_pipeline/venv/lib/python3.11/site-packages/airflow/example_dags/example_params_trigger_ui.py
[2026-01-06T14:02:59.655+1100] {processor.py:840} INFO - DAG(s) 'example_params_trigger_ui' retrieved from /Users/fionatham/Documents/Projects/vogue_data_pipeline/venv/lib/python3.11/site-packages/airflow/example_dags/example_params_trigger_ui.py
[2026-01-06T14:02:59.709+1100] {logging_mixin.py:188} INFO - [2026-01-06T14:02:59.708+1100] {dag.py:3089} INFO - Sync 1 DAGs
[2026-01-06T14:02:59.712+1100] {logging_mixin.py:188} INFO - [2026-01-06T14:02:59.712+1100] {dag.py:3947} INFO - Setting next_dagrun for example_params_trigger_ui to None, run_after=None
[2026-01-06T14:02:59.721+1100] {processor.py:183} INFO - Processing /Users/fionatham/Documents/Projects/vogue_data_pipeline/venv/lib/python3.11/site-packages/airflow/example_dags/example_params_trigger_ui.py took 0.085 seconds
[2026-01-06T14:05:00.228+1100] {processor.py:161} INFO - Started process (PID=87353) to work on /Users/fionatham/Documents/Projects/vogue_data_pipeline/venv/lib/python3.11/site-packages/airflow/example_dags/example_params_trigger_ui.py
[2026-01-06T14:05:00.229+1100] {processor.py:830} INFO - Processing file /Users/fionatham/Documents/Projects/vogue_data_pipeline/venv/lib/python3.11/site-packages/airflow/example_dags/example_params_trigger_ui.py for tasks to queue
[2026-01-06T14:05:00.229+1100] {logging_mixin.py:188} INFO - [2026-01-06T14:05:00.229+1100] {dagbag.py:545} INFO - Filling up the DagBag from /Users/fionatham/Documents/Projects/vogue_data_pipeline/venv/lib/python3.11/site-packages/airflow/example_dags/example_params_trigger_ui.py
[2026-01-06T14:05:00.248+1100] {processor.py:840} INFO - DAG(s) 'example_params_trigger_ui' retrieved from /Users/fionatham/Documents/Projects/vogue_data_pipeline/venv/lib/python3.11/site-packages/airflow/example_dags/example_params_trigger_ui.py
[2026-01-06T14:05:00.302+1100] {logging_mixin.py:188} INFO - [2026-01-06T14:05:00.302+1100] {dag.py:3089} INFO - Sync 1 DAGs
[2026-01-06T14:05:00.306+1100] {logging_mixin.py:188} INFO - [2026-01-06T14:05:00.306+1100] {dag.py:3947} INFO - Setting next_dagrun for example_params_trigger_ui to None, run_after=None
[2026-01-06T14:05:00.314+1100] {processor.py:183} INFO - Processing /Users/fionatham/Documents/Projects/vogue_data_pipeline/venv/lib/python3.11/site-packages/airflow/example_dags/example_params_trigger_ui.py took 0.088 seconds
[2026-01-06T14:07:00.475+1100] {processor.py:161} INFO - Started process (PID=87570) to work on /Users/fionatham/Documents/Projects/vogue_data_pipeline/venv/lib/python3.11/site-packages/airflow/example_dags/example_params_trigger_ui.py
[2026-01-06T14:07:00.476+1100] {processor.py:830} INFO - Processing file /Users/fionatham/Documents/Projects/vogue_data_pipeline/venv/lib/python3.11/site-packages/airflow/example_dags/example_params_trigger_ui.py for tasks to queue
[2026-01-06T14:07:00.476+1100] {logging_mixin.py:188} INFO - [2026-01-06T14:07:00.476+1100] {dagbag.py:545} INFO - Filling up the DagBag from /Users/fionatham/Documents/Projects/vogue_data_pipeline/venv/lib/python3.11/site-packages/airflow/example_dags/example_params_trigger_ui.py
[2026-01-06T14:07:00.493+1100] {processor.py:840} INFO - DAG(s) 'example_params_trigger_ui' retrieved from /Users/fionatham/Documents/Projects/vogue_data_pipeline/venv/lib/python3.11/site-packages/airflow/example_dags/example_params_trigger_ui.py
[2026-01-06T14:07:00.546+1100] {logging_mixin.py:188} INFO - [2026-01-06T14:07:00.546+1100] {dag.py:3089} INFO - Sync 1 DAGs
[2026-01-06T14:07:00.551+1100] {logging_mixin.py:188} INFO - [2026-01-06T14:07:00.550+1100] {dag.py:3947} INFO - Setting next_dagrun for example_params_trigger_ui to None, run_after=None
[2026-01-06T14:07:00.559+1100] {processor.py:183} INFO - Processing /Users/fionatham/Documents/Projects/vogue_data_pipeline/venv/lib/python3.11/site-packages/airflow/example_dags/example_params_trigger_ui.py took 0.085 seconds
[2026-01-06T14:08:57.166+1100] {processor.py:161} INFO - Started process (PID=87685) to work on /Users/fionatham/Documents/Projects/vogue_data_pipeline/venv/lib/python3.11/site-packages/airflow/example_dags/example_params_trigger_ui.py
[2026-01-06T14:08:57.167+1100] {processor.py:830} INFO - Processing file /Users/fionatham/Documents/Projects/vogue_data_pipeline/venv/lib/python3.11/site-packages/airflow/example_dags/example_params_trigger_ui.py for tasks to queue
[2026-01-06T14:08:57.167+1100] {logging_mixin.py:188} INFO - [2026-01-06T14:08:57.167+1100] {dagbag.py:545} INFO - Filling up the DagBag from /Users/fionatham/Documents/Projects/vogue_data_pipeline/venv/lib/python3.11/site-packages/airflow/example_dags/example_params_trigger_ui.py
[2026-01-06T14:08:57.186+1100] {processor.py:840} INFO - DAG(s) 'example_params_trigger_ui' retrieved from /Users/fionatham/Documents/Projects/vogue_data_pipeline/venv/lib/python3.11/site-packages/airflow/example_dags/example_params_trigger_ui.py
[2026-01-06T14:08:57.242+1100] {logging_mixin.py:188} INFO - [2026-01-06T14:08:57.242+1100] {dag.py:3089} INFO - Sync 1 DAGs
[2026-01-06T14:08:57.246+1100] {logging_mixin.py:188} INFO - [2026-01-06T14:08:57.246+1100] {dag.py:3947} INFO - Setting next_dagrun for example_params_trigger_ui to None, run_after=None
[2026-01-06T14:08:57.254+1100] {processor.py:183} INFO - Processing /Users/fionatham/Documents/Projects/vogue_data_pipeline/venv/lib/python3.11/site-packages/airflow/example_dags/example_params_trigger_ui.py took 0.089 seconds
[2026-01-06T14:10:57.802+1100] {processor.py:161} INFO - Started process (PID=87808) to work on /Users/fionatham/Documents/Projects/vogue_data_pipeline/venv/lib/python3.11/site-packages/airflow/example_dags/example_params_trigger_ui.py
[2026-01-06T14:10:57.804+1100] {processor.py:830} INFO - Processing file /Users/fionatham/Documents/Projects/vogue_data_pipeline/venv/lib/python3.11/site-packages/airflow/example_dags/example_params_trigger_ui.py for tasks to queue
[2026-01-06T14:10:57.804+1100] {logging_mixin.py:188} INFO - [2026-01-06T14:10:57.804+1100] {dagbag.py:545} INFO - Filling up the DagBag from /Users/fionatham/Documents/Projects/vogue_data_pipeline/venv/lib/python3.11/site-packages/airflow/example_dags/example_params_trigger_ui.py
[2026-01-06T14:10:57.823+1100] {processor.py:840} INFO - DAG(s) 'example_params_trigger_ui' retrieved from /Users/fionatham/Documents/Projects/vogue_data_pipeline/venv/lib/python3.11/site-packages/airflow/example_dags/example_params_trigger_ui.py
[2026-01-06T14:10:57.877+1100] {logging_mixin.py:188} INFO - [2026-01-06T14:10:57.877+1100] {dag.py:3089} INFO - Sync 1 DAGs
[2026-01-06T14:10:57.880+1100] {logging_mixin.py:188} INFO - [2026-01-06T14:10:57.880+1100] {dag.py:3947} INFO - Setting next_dagrun for example_params_trigger_ui to None, run_after=None
[2026-01-06T14:10:57.889+1100] {processor.py:183} INFO - Processing /Users/fionatham/Documents/Projects/vogue_data_pipeline/venv/lib/python3.11/site-packages/airflow/example_dags/example_params_trigger_ui.py took 0.089 seconds
[2026-01-06T14:12:55.900+1100] {processor.py:161} INFO - Started process (PID=87971) to work on /Users/fionatham/Documents/Projects/vogue_data_pipeline/venv/lib/python3.11/site-packages/airflow/example_dags/example_params_trigger_ui.py
[2026-01-06T14:12:55.901+1100] {processor.py:830} INFO - Processing file /Users/fionatham/Documents/Projects/vogue_data_pipeline/venv/lib/python3.11/site-packages/airflow/example_dags/example_params_trigger_ui.py for tasks to queue
[2026-01-06T14:12:55.902+1100] {logging_mixin.py:188} INFO - [2026-01-06T14:12:55.901+1100] {dagbag.py:545} INFO - Filling up the DagBag from /Users/fionatham/Documents/Projects/vogue_data_pipeline/venv/lib/python3.11/site-packages/airflow/example_dags/example_params_trigger_ui.py
[2026-01-06T14:12:55.921+1100] {processor.py:840} INFO - DAG(s) 'example_params_trigger_ui' retrieved from /Users/fionatham/Documents/Projects/vogue_data_pipeline/venv/lib/python3.11/site-packages/airflow/example_dags/example_params_trigger_ui.py
[2026-01-06T14:12:55.976+1100] {logging_mixin.py:188} INFO - [2026-01-06T14:12:55.976+1100] {dag.py:3089} INFO - Sync 1 DAGs
[2026-01-06T14:12:55.980+1100] {logging_mixin.py:188} INFO - [2026-01-06T14:12:55.980+1100] {dag.py:3947} INFO - Setting next_dagrun for example_params_trigger_ui to None, run_after=None
[2026-01-06T14:12:55.992+1100] {processor.py:183} INFO - Processing /Users/fionatham/Documents/Projects/vogue_data_pipeline/venv/lib/python3.11/site-packages/airflow/example_dags/example_params_trigger_ui.py took 0.093 seconds
[2026-01-06T14:15:04.016+1100] {processor.py:161} INFO - Started process (PID=88663) to work on /Users/fionatham/Documents/Projects/vogue_data_pipeline/venv/lib/python3.11/site-packages/airflow/example_dags/example_params_trigger_ui.py
[2026-01-06T14:15:04.017+1100] {processor.py:830} INFO - Processing file /Users/fionatham/Documents/Projects/vogue_data_pipeline/venv/lib/python3.11/site-packages/airflow/example_dags/example_params_trigger_ui.py for tasks to queue
[2026-01-06T14:15:04.017+1100] {logging_mixin.py:188} INFO - [2026-01-06T14:15:04.017+1100] {dagbag.py:545} INFO - Filling up the DagBag from /Users/fionatham/Documents/Projects/vogue_data_pipeline/venv/lib/python3.11/site-packages/airflow/example_dags/example_params_trigger_ui.py
[2026-01-06T14:15:04.035+1100] {processor.py:840} INFO - DAG(s) 'example_params_trigger_ui' retrieved from /Users/fionatham/Documents/Projects/vogue_data_pipeline/venv/lib/python3.11/site-packages/airflow/example_dags/example_params_trigger_ui.py
[2026-01-06T14:15:04.089+1100] {logging_mixin.py:188} INFO - [2026-01-06T14:15:04.088+1100] {dag.py:3089} INFO - Sync 1 DAGs
[2026-01-06T14:15:04.092+1100] {logging_mixin.py:188} INFO - [2026-01-06T14:15:04.092+1100] {dag.py:3947} INFO - Setting next_dagrun for example_params_trigger_ui to None, run_after=None
[2026-01-06T14:15:04.099+1100] {processor.py:183} INFO - Processing /Users/fionatham/Documents/Projects/vogue_data_pipeline/venv/lib/python3.11/site-packages/airflow/example_dags/example_params_trigger_ui.py took 0.084 seconds
[2026-01-06T14:16:57.037+1100] {processor.py:161} INFO - Started process (PID=89279) to work on /Users/fionatham/Documents/Projects/vogue_data_pipeline/venv/lib/python3.11/site-packages/airflow/example_dags/example_params_trigger_ui.py
[2026-01-06T14:16:57.037+1100] {processor.py:830} INFO - Processing file /Users/fionatham/Documents/Projects/vogue_data_pipeline/venv/lib/python3.11/site-packages/airflow/example_dags/example_params_trigger_ui.py for tasks to queue
[2026-01-06T14:16:57.038+1100] {logging_mixin.py:188} INFO - [2026-01-06T14:16:57.038+1100] {dagbag.py:545} INFO - Filling up the DagBag from /Users/fionatham/Documents/Projects/vogue_data_pipeline/venv/lib/python3.11/site-packages/airflow/example_dags/example_params_trigger_ui.py
[2026-01-06T14:16:57.055+1100] {processor.py:840} INFO - DAG(s) 'example_params_trigger_ui' retrieved from /Users/fionatham/Documents/Projects/vogue_data_pipeline/venv/lib/python3.11/site-packages/airflow/example_dags/example_params_trigger_ui.py
[2026-01-06T14:16:57.108+1100] {logging_mixin.py:188} INFO - [2026-01-06T14:16:57.108+1100] {dag.py:3089} INFO - Sync 1 DAGs
[2026-01-06T14:16:57.112+1100] {logging_mixin.py:188} INFO - [2026-01-06T14:16:57.112+1100] {dag.py:3947} INFO - Setting next_dagrun for example_params_trigger_ui to None, run_after=None
[2026-01-06T14:16:57.120+1100] {processor.py:183} INFO - Processing /Users/fionatham/Documents/Projects/vogue_data_pipeline/venv/lib/python3.11/site-packages/airflow/example_dags/example_params_trigger_ui.py took 0.085 seconds
[2026-01-06T14:18:54.418+1100] {processor.py:161} INFO - Started process (PID=89763) to work on /Users/fionatham/Documents/Projects/vogue_data_pipeline/venv/lib/python3.11/site-packages/airflow/example_dags/example_params_trigger_ui.py
[2026-01-06T14:18:54.419+1100] {processor.py:830} INFO - Processing file /Users/fionatham/Documents/Projects/vogue_data_pipeline/venv/lib/python3.11/site-packages/airflow/example_dags/example_params_trigger_ui.py for tasks to queue
[2026-01-06T14:18:54.419+1100] {logging_mixin.py:188} INFO - [2026-01-06T14:18:54.419+1100] {dagbag.py:545} INFO - Filling up the DagBag from /Users/fionatham/Documents/Projects/vogue_data_pipeline/venv/lib/python3.11/site-packages/airflow/example_dags/example_params_trigger_ui.py
[2026-01-06T14:18:54.437+1100] {processor.py:840} INFO - DAG(s) 'example_params_trigger_ui' retrieved from /Users/fionatham/Documents/Projects/vogue_data_pipeline/venv/lib/python3.11/site-packages/airflow/example_dags/example_params_trigger_ui.py
[2026-01-06T14:18:54.492+1100] {logging_mixin.py:188} INFO - [2026-01-06T14:18:54.492+1100] {dag.py:3089} INFO - Sync 1 DAGs
[2026-01-06T14:18:54.496+1100] {logging_mixin.py:188} INFO - [2026-01-06T14:18:54.496+1100] {dag.py:3947} INFO - Setting next_dagrun for example_params_trigger_ui to None, run_after=None
[2026-01-06T14:18:54.504+1100] {processor.py:183} INFO - Processing /Users/fionatham/Documents/Projects/vogue_data_pipeline/venv/lib/python3.11/site-packages/airflow/example_dags/example_params_trigger_ui.py took 0.088 seconds
[2026-01-06T14:20:56.849+1100] {processor.py:161} INFO - Started process (PID=90002) to work on /Users/fionatham/Documents/Projects/vogue_data_pipeline/venv/lib/python3.11/site-packages/airflow/example_dags/example_params_trigger_ui.py
[2026-01-06T14:20:56.850+1100] {processor.py:830} INFO - Processing file /Users/fionatham/Documents/Projects/vogue_data_pipeline/venv/lib/python3.11/site-packages/airflow/example_dags/example_params_trigger_ui.py for tasks to queue
[2026-01-06T14:20:56.850+1100] {logging_mixin.py:188} INFO - [2026-01-06T14:20:56.850+1100] {dagbag.py:545} INFO - Filling up the DagBag from /Users/fionatham/Documents/Projects/vogue_data_pipeline/venv/lib/python3.11/site-packages/airflow/example_dags/example_params_trigger_ui.py
[2026-01-06T14:20:56.868+1100] {processor.py:840} INFO - DAG(s) 'example_params_trigger_ui' retrieved from /Users/fionatham/Documents/Projects/vogue_data_pipeline/venv/lib/python3.11/site-packages/airflow/example_dags/example_params_trigger_ui.py
[2026-01-06T14:20:56.919+1100] {logging_mixin.py:188} INFO - [2026-01-06T14:20:56.919+1100] {dag.py:3089} INFO - Sync 1 DAGs
[2026-01-06T14:20:56.922+1100] {logging_mixin.py:188} INFO - [2026-01-06T14:20:56.922+1100] {dag.py:3947} INFO - Setting next_dagrun for example_params_trigger_ui to None, run_after=None
[2026-01-06T14:20:56.931+1100] {processor.py:183} INFO - Processing /Users/fionatham/Documents/Projects/vogue_data_pipeline/venv/lib/python3.11/site-packages/airflow/example_dags/example_params_trigger_ui.py took 0.083 seconds
[2026-01-06T14:22:55.729+1100] {processor.py:161} INFO - Started process (PID=90093) to work on /Users/fionatham/Documents/Projects/vogue_data_pipeline/venv/lib/python3.11/site-packages/airflow/example_dags/example_params_trigger_ui.py
[2026-01-06T14:22:55.730+1100] {processor.py:830} INFO - Processing file /Users/fionatham/Documents/Projects/vogue_data_pipeline/venv/lib/python3.11/site-packages/airflow/example_dags/example_params_trigger_ui.py for tasks to queue
[2026-01-06T14:22:55.730+1100] {logging_mixin.py:188} INFO - [2026-01-06T14:22:55.730+1100] {dagbag.py:545} INFO - Filling up the DagBag from /Users/fionatham/Documents/Projects/vogue_data_pipeline/venv/lib/python3.11/site-packages/airflow/example_dags/example_params_trigger_ui.py
[2026-01-06T14:22:55.747+1100] {processor.py:840} INFO - DAG(s) 'example_params_trigger_ui' retrieved from /Users/fionatham/Documents/Projects/vogue_data_pipeline/venv/lib/python3.11/site-packages/airflow/example_dags/example_params_trigger_ui.py
[2026-01-06T14:22:55.795+1100] {logging_mixin.py:188} INFO - [2026-01-06T14:22:55.795+1100] {dag.py:3089} INFO - Sync 1 DAGs
[2026-01-06T14:22:55.799+1100] {logging_mixin.py:188} INFO - [2026-01-06T14:22:55.799+1100] {dag.py:3947} INFO - Setting next_dagrun for example_params_trigger_ui to None, run_after=None
[2026-01-06T14:22:55.806+1100] {processor.py:183} INFO - Processing /Users/fionatham/Documents/Projects/vogue_data_pipeline/venv/lib/python3.11/site-packages/airflow/example_dags/example_params_trigger_ui.py took 0.078 seconds
[2026-01-06T14:24:41.275+1100] {processor.py:161} INFO - Started process (PID=90183) to work on /Users/fionatham/Documents/Projects/vogue_data_pipeline/venv/lib/python3.11/site-packages/airflow/example_dags/example_params_trigger_ui.py
[2026-01-06T14:24:41.276+1100] {processor.py:830} INFO - Processing file /Users/fionatham/Documents/Projects/vogue_data_pipeline/venv/lib/python3.11/site-packages/airflow/example_dags/example_params_trigger_ui.py for tasks to queue
[2026-01-06T14:24:41.277+1100] {logging_mixin.py:188} INFO - [2026-01-06T14:24:41.277+1100] {dagbag.py:545} INFO - Filling up the DagBag from /Users/fionatham/Documents/Projects/vogue_data_pipeline/venv/lib/python3.11/site-packages/airflow/example_dags/example_params_trigger_ui.py
[2026-01-06T14:24:41.293+1100] {processor.py:840} INFO - DAG(s) 'example_params_trigger_ui' retrieved from /Users/fionatham/Documents/Projects/vogue_data_pipeline/venv/lib/python3.11/site-packages/airflow/example_dags/example_params_trigger_ui.py
[2026-01-06T14:24:41.342+1100] {logging_mixin.py:188} INFO - [2026-01-06T14:24:41.342+1100] {dag.py:3089} INFO - Sync 1 DAGs
[2026-01-06T14:24:41.346+1100] {logging_mixin.py:188} INFO - [2026-01-06T14:24:41.346+1100] {dag.py:3947} INFO - Setting next_dagrun for example_params_trigger_ui to None, run_after=None
[2026-01-06T14:24:41.353+1100] {processor.py:183} INFO - Processing /Users/fionatham/Documents/Projects/vogue_data_pipeline/venv/lib/python3.11/site-packages/airflow/example_dags/example_params_trigger_ui.py took 0.079 seconds
[2026-01-06T14:26:36.545+1100] {processor.py:161} INFO - Started process (PID=90511) to work on /Users/fionatham/Documents/Projects/vogue_data_pipeline/venv/lib/python3.11/site-packages/airflow/example_dags/example_params_trigger_ui.py
[2026-01-06T14:26:36.547+1100] {processor.py:830} INFO - Processing file /Users/fionatham/Documents/Projects/vogue_data_pipeline/venv/lib/python3.11/site-packages/airflow/example_dags/example_params_trigger_ui.py for tasks to queue
[2026-01-06T14:26:36.547+1100] {logging_mixin.py:188} INFO - [2026-01-06T14:26:36.547+1100] {dagbag.py:545} INFO - Filling up the DagBag from /Users/fionatham/Documents/Projects/vogue_data_pipeline/venv/lib/python3.11/site-packages/airflow/example_dags/example_params_trigger_ui.py
[2026-01-06T14:26:36.564+1100] {processor.py:840} INFO - DAG(s) 'example_params_trigger_ui' retrieved from /Users/fionatham/Documents/Projects/vogue_data_pipeline/venv/lib/python3.11/site-packages/airflow/example_dags/example_params_trigger_ui.py
[2026-01-06T14:26:36.619+1100] {logging_mixin.py:188} INFO - [2026-01-06T14:26:36.619+1100] {dag.py:3089} INFO - Sync 1 DAGs
[2026-01-06T14:26:36.623+1100] {logging_mixin.py:188} INFO - [2026-01-06T14:26:36.623+1100] {dag.py:3947} INFO - Setting next_dagrun for example_params_trigger_ui to None, run_after=None
[2026-01-06T14:26:36.630+1100] {processor.py:183} INFO - Processing /Users/fionatham/Documents/Projects/vogue_data_pipeline/venv/lib/python3.11/site-packages/airflow/example_dags/example_params_trigger_ui.py took 0.086 seconds
[2026-01-06T14:28:34.853+1100] {processor.py:161} INFO - Started process (PID=90823) to work on /Users/fionatham/Documents/Projects/vogue_data_pipeline/venv/lib/python3.11/site-packages/airflow/example_dags/example_params_trigger_ui.py
[2026-01-06T14:28:34.855+1100] {processor.py:830} INFO - Processing file /Users/fionatham/Documents/Projects/vogue_data_pipeline/venv/lib/python3.11/site-packages/airflow/example_dags/example_params_trigger_ui.py for tasks to queue
[2026-01-06T14:28:34.855+1100] {logging_mixin.py:188} INFO - [2026-01-06T14:28:34.855+1100] {dagbag.py:545} INFO - Filling up the DagBag from /Users/fionatham/Documents/Projects/vogue_data_pipeline/venv/lib/python3.11/site-packages/airflow/example_dags/example_params_trigger_ui.py
[2026-01-06T14:28:34.873+1100] {processor.py:840} INFO - DAG(s) 'example_params_trigger_ui' retrieved from /Users/fionatham/Documents/Projects/vogue_data_pipeline/venv/lib/python3.11/site-packages/airflow/example_dags/example_params_trigger_ui.py
[2026-01-06T14:28:34.929+1100] {logging_mixin.py:188} INFO - [2026-01-06T14:28:34.929+1100] {dag.py:3089} INFO - Sync 1 DAGs
[2026-01-06T14:28:34.933+1100] {logging_mixin.py:188} INFO - [2026-01-06T14:28:34.933+1100] {dag.py:3947} INFO - Setting next_dagrun for example_params_trigger_ui to None, run_after=None
[2026-01-06T14:28:34.940+1100] {processor.py:183} INFO - Processing /Users/fionatham/Documents/Projects/vogue_data_pipeline/venv/lib/python3.11/site-packages/airflow/example_dags/example_params_trigger_ui.py took 0.089 seconds
[2026-01-06T14:30:37.422+1100] {processor.py:161} INFO - Started process (PID=91576) to work on /Users/fionatham/Documents/Projects/vogue_data_pipeline/venv/lib/python3.11/site-packages/airflow/example_dags/example_params_trigger_ui.py
[2026-01-06T14:30:37.423+1100] {processor.py:830} INFO - Processing file /Users/fionatham/Documents/Projects/vogue_data_pipeline/venv/lib/python3.11/site-packages/airflow/example_dags/example_params_trigger_ui.py for tasks to queue
[2026-01-06T14:30:37.423+1100] {logging_mixin.py:188} INFO - [2026-01-06T14:30:37.423+1100] {dagbag.py:545} INFO - Filling up the DagBag from /Users/fionatham/Documents/Projects/vogue_data_pipeline/venv/lib/python3.11/site-packages/airflow/example_dags/example_params_trigger_ui.py
[2026-01-06T14:30:37.441+1100] {processor.py:840} INFO - DAG(s) 'example_params_trigger_ui' retrieved from /Users/fionatham/Documents/Projects/vogue_data_pipeline/venv/lib/python3.11/site-packages/airflow/example_dags/example_params_trigger_ui.py
[2026-01-06T14:30:37.494+1100] {logging_mixin.py:188} INFO - [2026-01-06T14:30:37.494+1100] {dag.py:3089} INFO - Sync 1 DAGs
[2026-01-06T14:30:37.498+1100] {logging_mixin.py:188} INFO - [2026-01-06T14:30:37.498+1100] {dag.py:3947} INFO - Setting next_dagrun for example_params_trigger_ui to None, run_after=None
[2026-01-06T14:30:37.505+1100] {processor.py:183} INFO - Processing /Users/fionatham/Documents/Projects/vogue_data_pipeline/venv/lib/python3.11/site-packages/airflow/example_dags/example_params_trigger_ui.py took 0.085 seconds
[2026-01-06T14:32:36.296+1100] {processor.py:161} INFO - Started process (PID=92112) to work on /Users/fionatham/Documents/Projects/vogue_data_pipeline/venv/lib/python3.11/site-packages/airflow/example_dags/example_params_trigger_ui.py
[2026-01-06T14:32:36.297+1100] {processor.py:830} INFO - Processing file /Users/fionatham/Documents/Projects/vogue_data_pipeline/venv/lib/python3.11/site-packages/airflow/example_dags/example_params_trigger_ui.py for tasks to queue
[2026-01-06T14:32:36.297+1100] {logging_mixin.py:188} INFO - [2026-01-06T14:32:36.297+1100] {dagbag.py:545} INFO - Filling up the DagBag from /Users/fionatham/Documents/Projects/vogue_data_pipeline/venv/lib/python3.11/site-packages/airflow/example_dags/example_params_trigger_ui.py
[2026-01-06T14:32:36.314+1100] {processor.py:840} INFO - DAG(s) 'example_params_trigger_ui' retrieved from /Users/fionatham/Documents/Projects/vogue_data_pipeline/venv/lib/python3.11/site-packages/airflow/example_dags/example_params_trigger_ui.py
[2026-01-06T14:32:36.370+1100] {logging_mixin.py:188} INFO - [2026-01-06T14:32:36.370+1100] {dag.py:3089} INFO - Sync 1 DAGs
[2026-01-06T14:32:36.373+1100] {logging_mixin.py:188} INFO - [2026-01-06T14:32:36.373+1100] {dag.py:3947} INFO - Setting next_dagrun for example_params_trigger_ui to None, run_after=None
[2026-01-06T14:32:36.381+1100] {processor.py:183} INFO - Processing /Users/fionatham/Documents/Projects/vogue_data_pipeline/venv/lib/python3.11/site-packages/airflow/example_dags/example_params_trigger_ui.py took 0.087 seconds
[2026-01-06T14:34:32.106+1100] {processor.py:161} INFO - Started process (PID=92392) to work on /Users/fionatham/Documents/Projects/vogue_data_pipeline/venv/lib/python3.11/site-packages/airflow/example_dags/example_params_trigger_ui.py
[2026-01-06T14:34:32.107+1100] {processor.py:830} INFO - Processing file /Users/fionatham/Documents/Projects/vogue_data_pipeline/venv/lib/python3.11/site-packages/airflow/example_dags/example_params_trigger_ui.py for tasks to queue
[2026-01-06T14:34:32.107+1100] {logging_mixin.py:188} INFO - [2026-01-06T14:34:32.107+1100] {dagbag.py:545} INFO - Filling up the DagBag from /Users/fionatham/Documents/Projects/vogue_data_pipeline/venv/lib/python3.11/site-packages/airflow/example_dags/example_params_trigger_ui.py
[2026-01-06T14:34:32.126+1100] {processor.py:840} INFO - DAG(s) 'example_params_trigger_ui' retrieved from /Users/fionatham/Documents/Projects/vogue_data_pipeline/venv/lib/python3.11/site-packages/airflow/example_dags/example_params_trigger_ui.py
[2026-01-06T14:34:32.181+1100] {logging_mixin.py:188} INFO - [2026-01-06T14:34:32.180+1100] {dag.py:3089} INFO - Sync 1 DAGs
[2026-01-06T14:34:32.185+1100] {logging_mixin.py:188} INFO - [2026-01-06T14:34:32.185+1100] {dag.py:3947} INFO - Setting next_dagrun for example_params_trigger_ui to None, run_after=None
[2026-01-06T14:34:32.193+1100] {processor.py:183} INFO - Processing /Users/fionatham/Documents/Projects/vogue_data_pipeline/venv/lib/python3.11/site-packages/airflow/example_dags/example_params_trigger_ui.py took 0.089 seconds
[2026-01-06T14:36:32.111+1100] {processor.py:161} INFO - Started process (PID=92607) to work on /Users/fionatham/Documents/Projects/vogue_data_pipeline/venv/lib/python3.11/site-packages/airflow/example_dags/example_params_trigger_ui.py
[2026-01-06T14:36:32.112+1100] {processor.py:830} INFO - Processing file /Users/fionatham/Documents/Projects/vogue_data_pipeline/venv/lib/python3.11/site-packages/airflow/example_dags/example_params_trigger_ui.py for tasks to queue
[2026-01-06T14:36:32.112+1100] {logging_mixin.py:188} INFO - [2026-01-06T14:36:32.112+1100] {dagbag.py:545} INFO - Filling up the DagBag from /Users/fionatham/Documents/Projects/vogue_data_pipeline/venv/lib/python3.11/site-packages/airflow/example_dags/example_params_trigger_ui.py
[2026-01-06T14:36:32.131+1100] {processor.py:840} INFO - DAG(s) 'example_params_trigger_ui' retrieved from /Users/fionatham/Documents/Projects/vogue_data_pipeline/venv/lib/python3.11/site-packages/airflow/example_dags/example_params_trigger_ui.py
[2026-01-06T14:36:32.191+1100] {logging_mixin.py:188} INFO - [2026-01-06T14:36:32.191+1100] {dag.py:3089} INFO - Sync 1 DAGs
[2026-01-06T14:36:32.195+1100] {logging_mixin.py:188} INFO - [2026-01-06T14:36:32.195+1100] {dag.py:3947} INFO - Setting next_dagrun for example_params_trigger_ui to None, run_after=None
[2026-01-06T14:36:32.205+1100] {processor.py:183} INFO - Processing /Users/fionatham/Documents/Projects/vogue_data_pipeline/venv/lib/python3.11/site-packages/airflow/example_dags/example_params_trigger_ui.py took 0.095 seconds
[2026-01-06T14:38:34.813+1100] {processor.py:161} INFO - Started process (PID=92857) to work on /Users/fionatham/Documents/Projects/vogue_data_pipeline/venv/lib/python3.11/site-packages/airflow/example_dags/example_params_trigger_ui.py
[2026-01-06T14:38:34.815+1100] {processor.py:830} INFO - Processing file /Users/fionatham/Documents/Projects/vogue_data_pipeline/venv/lib/python3.11/site-packages/airflow/example_dags/example_params_trigger_ui.py for tasks to queue
[2026-01-06T14:38:34.815+1100] {logging_mixin.py:188} INFO - [2026-01-06T14:38:34.815+1100] {dagbag.py:545} INFO - Filling up the DagBag from /Users/fionatham/Documents/Projects/vogue_data_pipeline/venv/lib/python3.11/site-packages/airflow/example_dags/example_params_trigger_ui.py
[2026-01-06T14:38:34.833+1100] {processor.py:840} INFO - DAG(s) 'example_params_trigger_ui' retrieved from /Users/fionatham/Documents/Projects/vogue_data_pipeline/venv/lib/python3.11/site-packages/airflow/example_dags/example_params_trigger_ui.py
[2026-01-06T14:38:34.884+1100] {logging_mixin.py:188} INFO - [2026-01-06T14:38:34.884+1100] {dag.py:3089} INFO - Sync 1 DAGs
[2026-01-06T14:38:34.887+1100] {logging_mixin.py:188} INFO - [2026-01-06T14:38:34.887+1100] {dag.py:3947} INFO - Setting next_dagrun for example_params_trigger_ui to None, run_after=None
[2026-01-06T14:38:34.895+1100] {processor.py:183} INFO - Processing /Users/fionatham/Documents/Projects/vogue_data_pipeline/venv/lib/python3.11/site-packages/airflow/example_dags/example_params_trigger_ui.py took 0.083 seconds
[2026-01-06T14:40:28.715+1100] {processor.py:161} INFO - Started process (PID=92935) to work on /Users/fionatham/Documents/Projects/vogue_data_pipeline/venv/lib/python3.11/site-packages/airflow/example_dags/example_params_trigger_ui.py
[2026-01-06T14:40:28.717+1100] {processor.py:830} INFO - Processing file /Users/fionatham/Documents/Projects/vogue_data_pipeline/venv/lib/python3.11/site-packages/airflow/example_dags/example_params_trigger_ui.py for tasks to queue
[2026-01-06T14:40:28.717+1100] {logging_mixin.py:188} INFO - [2026-01-06T14:40:28.717+1100] {dagbag.py:545} INFO - Filling up the DagBag from /Users/fionatham/Documents/Projects/vogue_data_pipeline/venv/lib/python3.11/site-packages/airflow/example_dags/example_params_trigger_ui.py
[2026-01-06T14:40:28.733+1100] {processor.py:840} INFO - DAG(s) 'example_params_trigger_ui' retrieved from /Users/fionatham/Documents/Projects/vogue_data_pipeline/venv/lib/python3.11/site-packages/airflow/example_dags/example_params_trigger_ui.py
[2026-01-06T14:40:28.783+1100] {logging_mixin.py:188} INFO - [2026-01-06T14:40:28.783+1100] {dag.py:3089} INFO - Sync 1 DAGs
[2026-01-06T14:40:28.787+1100] {logging_mixin.py:188} INFO - [2026-01-06T14:40:28.787+1100] {dag.py:3947} INFO - Setting next_dagrun for example_params_trigger_ui to None, run_after=None
[2026-01-06T14:40:28.794+1100] {processor.py:183} INFO - Processing /Users/fionatham/Documents/Projects/vogue_data_pipeline/venv/lib/python3.11/site-packages/airflow/example_dags/example_params_trigger_ui.py took 0.080 seconds
[2026-01-06T14:42:22.281+1100] {processor.py:161} INFO - Started process (PID=93014) to work on /Users/fionatham/Documents/Projects/vogue_data_pipeline/venv/lib/python3.11/site-packages/airflow/example_dags/example_params_trigger_ui.py
[2026-01-06T14:42:22.282+1100] {processor.py:830} INFO - Processing file /Users/fionatham/Documents/Projects/vogue_data_pipeline/venv/lib/python3.11/site-packages/airflow/example_dags/example_params_trigger_ui.py for tasks to queue
[2026-01-06T14:42:22.283+1100] {logging_mixin.py:188} INFO - [2026-01-06T14:42:22.283+1100] {dagbag.py:545} INFO - Filling up the DagBag from /Users/fionatham/Documents/Projects/vogue_data_pipeline/venv/lib/python3.11/site-packages/airflow/example_dags/example_params_trigger_ui.py
[2026-01-06T14:42:22.302+1100] {processor.py:840} INFO - DAG(s) 'example_params_trigger_ui' retrieved from /Users/fionatham/Documents/Projects/vogue_data_pipeline/venv/lib/python3.11/site-packages/airflow/example_dags/example_params_trigger_ui.py
[2026-01-06T14:42:22.355+1100] {logging_mixin.py:188} INFO - [2026-01-06T14:42:22.355+1100] {dag.py:3089} INFO - Sync 1 DAGs
[2026-01-06T14:42:22.358+1100] {logging_mixin.py:188} INFO - [2026-01-06T14:42:22.358+1100] {dag.py:3947} INFO - Setting next_dagrun for example_params_trigger_ui to None, run_after=None
[2026-01-06T14:42:22.367+1100] {processor.py:183} INFO - Processing /Users/fionatham/Documents/Projects/vogue_data_pipeline/venv/lib/python3.11/site-packages/airflow/example_dags/example_params_trigger_ui.py took 0.087 seconds
[2026-01-06T14:44:18.724+1100] {processor.py:161} INFO - Started process (PID=93092) to work on /Users/fionatham/Documents/Projects/vogue_data_pipeline/venv/lib/python3.11/site-packages/airflow/example_dags/example_params_trigger_ui.py
[2026-01-06T14:44:18.725+1100] {processor.py:830} INFO - Processing file /Users/fionatham/Documents/Projects/vogue_data_pipeline/venv/lib/python3.11/site-packages/airflow/example_dags/example_params_trigger_ui.py for tasks to queue
[2026-01-06T14:44:18.726+1100] {logging_mixin.py:188} INFO - [2026-01-06T14:44:18.726+1100] {dagbag.py:545} INFO - Filling up the DagBag from /Users/fionatham/Documents/Projects/vogue_data_pipeline/venv/lib/python3.11/site-packages/airflow/example_dags/example_params_trigger_ui.py
[2026-01-06T14:44:18.742+1100] {processor.py:840} INFO - DAG(s) 'example_params_trigger_ui' retrieved from /Users/fionatham/Documents/Projects/vogue_data_pipeline/venv/lib/python3.11/site-packages/airflow/example_dags/example_params_trigger_ui.py
[2026-01-06T14:44:18.793+1100] {logging_mixin.py:188} INFO - [2026-01-06T14:44:18.793+1100] {dag.py:3089} INFO - Sync 1 DAGs
[2026-01-06T14:44:18.797+1100] {logging_mixin.py:188} INFO - [2026-01-06T14:44:18.797+1100] {dag.py:3947} INFO - Setting next_dagrun for example_params_trigger_ui to None, run_after=None
[2026-01-06T14:44:18.804+1100] {processor.py:183} INFO - Processing /Users/fionatham/Documents/Projects/vogue_data_pipeline/venv/lib/python3.11/site-packages/airflow/example_dags/example_params_trigger_ui.py took 0.081 seconds
[2026-01-06T14:46:14.925+1100] {processor.py:161} INFO - Started process (PID=93173) to work on /Users/fionatham/Documents/Projects/vogue_data_pipeline/venv/lib/python3.11/site-packages/airflow/example_dags/example_params_trigger_ui.py
[2026-01-06T14:46:14.926+1100] {processor.py:830} INFO - Processing file /Users/fionatham/Documents/Projects/vogue_data_pipeline/venv/lib/python3.11/site-packages/airflow/example_dags/example_params_trigger_ui.py for tasks to queue
[2026-01-06T14:46:14.927+1100] {logging_mixin.py:188} INFO - [2026-01-06T14:46:14.927+1100] {dagbag.py:545} INFO - Filling up the DagBag from /Users/fionatham/Documents/Projects/vogue_data_pipeline/venv/lib/python3.11/site-packages/airflow/example_dags/example_params_trigger_ui.py
[2026-01-06T14:46:14.944+1100] {processor.py:840} INFO - DAG(s) 'example_params_trigger_ui' retrieved from /Users/fionatham/Documents/Projects/vogue_data_pipeline/venv/lib/python3.11/site-packages/airflow/example_dags/example_params_trigger_ui.py
[2026-01-06T14:46:14.994+1100] {logging_mixin.py:188} INFO - [2026-01-06T14:46:14.994+1100] {dag.py:3089} INFO - Sync 1 DAGs
[2026-01-06T14:46:14.998+1100] {logging_mixin.py:188} INFO - [2026-01-06T14:46:14.997+1100] {dag.py:3947} INFO - Setting next_dagrun for example_params_trigger_ui to None, run_after=None
[2026-01-06T14:46:15.006+1100] {processor.py:183} INFO - Processing /Users/fionatham/Documents/Projects/vogue_data_pipeline/venv/lib/python3.11/site-packages/airflow/example_dags/example_params_trigger_ui.py took 0.082 seconds
[2026-01-06T14:48:11.448+1100] {processor.py:161} INFO - Started process (PID=93255) to work on /Users/fionatham/Documents/Projects/vogue_data_pipeline/venv/lib/python3.11/site-packages/airflow/example_dags/example_params_trigger_ui.py
[2026-01-06T14:48:11.449+1100] {processor.py:830} INFO - Processing file /Users/fionatham/Documents/Projects/vogue_data_pipeline/venv/lib/python3.11/site-packages/airflow/example_dags/example_params_trigger_ui.py for tasks to queue
[2026-01-06T14:48:11.449+1100] {logging_mixin.py:188} INFO - [2026-01-06T14:48:11.449+1100] {dagbag.py:545} INFO - Filling up the DagBag from /Users/fionatham/Documents/Projects/vogue_data_pipeline/venv/lib/python3.11/site-packages/airflow/example_dags/example_params_trigger_ui.py
[2026-01-06T14:48:11.467+1100] {processor.py:840} INFO - DAG(s) 'example_params_trigger_ui' retrieved from /Users/fionatham/Documents/Projects/vogue_data_pipeline/venv/lib/python3.11/site-packages/airflow/example_dags/example_params_trigger_ui.py
[2026-01-06T14:48:11.519+1100] {logging_mixin.py:188} INFO - [2026-01-06T14:48:11.518+1100] {dag.py:3089} INFO - Sync 1 DAGs
[2026-01-06T14:48:11.522+1100] {logging_mixin.py:188} INFO - [2026-01-06T14:48:11.522+1100] {dag.py:3947} INFO - Setting next_dagrun for example_params_trigger_ui to None, run_after=None
[2026-01-06T14:48:11.529+1100] {processor.py:183} INFO - Processing /Users/fionatham/Documents/Projects/vogue_data_pipeline/venv/lib/python3.11/site-packages/airflow/example_dags/example_params_trigger_ui.py took 0.084 seconds
[2026-01-06T14:50:10.739+1100] {processor.py:161} INFO - Started process (PID=93360) to work on /Users/fionatham/Documents/Projects/vogue_data_pipeline/venv/lib/python3.11/site-packages/airflow/example_dags/example_params_trigger_ui.py
[2026-01-06T14:50:10.741+1100] {processor.py:830} INFO - Processing file /Users/fionatham/Documents/Projects/vogue_data_pipeline/venv/lib/python3.11/site-packages/airflow/example_dags/example_params_trigger_ui.py for tasks to queue
[2026-01-06T14:50:10.741+1100] {logging_mixin.py:188} INFO - [2026-01-06T14:50:10.741+1100] {dagbag.py:545} INFO - Filling up the DagBag from /Users/fionatham/Documents/Projects/vogue_data_pipeline/venv/lib/python3.11/site-packages/airflow/example_dags/example_params_trigger_ui.py
[2026-01-06T14:50:10.757+1100] {processor.py:840} INFO - DAG(s) 'example_params_trigger_ui' retrieved from /Users/fionatham/Documents/Projects/vogue_data_pipeline/venv/lib/python3.11/site-packages/airflow/example_dags/example_params_trigger_ui.py
[2026-01-06T14:50:10.807+1100] {logging_mixin.py:188} INFO - [2026-01-06T14:50:10.807+1100] {dag.py:3089} INFO - Sync 1 DAGs
[2026-01-06T14:50:10.810+1100] {logging_mixin.py:188} INFO - [2026-01-06T14:50:10.810+1100] {dag.py:3947} INFO - Setting next_dagrun for example_params_trigger_ui to None, run_after=None
[2026-01-06T14:50:10.817+1100] {processor.py:183} INFO - Processing /Users/fionatham/Documents/Projects/vogue_data_pipeline/venv/lib/python3.11/site-packages/airflow/example_dags/example_params_trigger_ui.py took 0.079 seconds
[2026-01-06T14:52:03.291+1100] {processor.py:161} INFO - Started process (PID=93463) to work on /Users/fionatham/Documents/Projects/vogue_data_pipeline/venv/lib/python3.11/site-packages/airflow/example_dags/example_params_trigger_ui.py
[2026-01-06T14:52:03.292+1100] {processor.py:830} INFO - Processing file /Users/fionatham/Documents/Projects/vogue_data_pipeline/venv/lib/python3.11/site-packages/airflow/example_dags/example_params_trigger_ui.py for tasks to queue
[2026-01-06T14:52:03.292+1100] {logging_mixin.py:188} INFO - [2026-01-06T14:52:03.292+1100] {dagbag.py:545} INFO - Filling up the DagBag from /Users/fionatham/Documents/Projects/vogue_data_pipeline/venv/lib/python3.11/site-packages/airflow/example_dags/example_params_trigger_ui.py
[2026-01-06T14:52:03.312+1100] {processor.py:840} INFO - DAG(s) 'example_params_trigger_ui' retrieved from /Users/fionatham/Documents/Projects/vogue_data_pipeline/venv/lib/python3.11/site-packages/airflow/example_dags/example_params_trigger_ui.py
[2026-01-06T14:52:03.369+1100] {logging_mixin.py:188} INFO - [2026-01-06T14:52:03.369+1100] {dag.py:3089} INFO - Sync 1 DAGs
[2026-01-06T14:52:03.373+1100] {logging_mixin.py:188} INFO - [2026-01-06T14:52:03.373+1100] {dag.py:3947} INFO - Setting next_dagrun for example_params_trigger_ui to None, run_after=None
[2026-01-06T14:52:03.381+1100] {processor.py:183} INFO - Processing /Users/fionatham/Documents/Projects/vogue_data_pipeline/venv/lib/python3.11/site-packages/airflow/example_dags/example_params_trigger_ui.py took 0.093 seconds
[2026-01-06T14:53:59.151+1100] {processor.py:161} INFO - Started process (PID=93613) to work on /Users/fionatham/Documents/Projects/vogue_data_pipeline/venv/lib/python3.11/site-packages/airflow/example_dags/example_params_trigger_ui.py
[2026-01-06T14:53:59.152+1100] {processor.py:830} INFO - Processing file /Users/fionatham/Documents/Projects/vogue_data_pipeline/venv/lib/python3.11/site-packages/airflow/example_dags/example_params_trigger_ui.py for tasks to queue
[2026-01-06T14:53:59.152+1100] {logging_mixin.py:188} INFO - [2026-01-06T14:53:59.152+1100] {dagbag.py:545} INFO - Filling up the DagBag from /Users/fionatham/Documents/Projects/vogue_data_pipeline/venv/lib/python3.11/site-packages/airflow/example_dags/example_params_trigger_ui.py
[2026-01-06T14:53:59.169+1100] {processor.py:840} INFO - DAG(s) 'example_params_trigger_ui' retrieved from /Users/fionatham/Documents/Projects/vogue_data_pipeline/venv/lib/python3.11/site-packages/airflow/example_dags/example_params_trigger_ui.py
[2026-01-06T14:53:59.223+1100] {logging_mixin.py:188} INFO - [2026-01-06T14:53:59.223+1100] {dag.py:3089} INFO - Sync 1 DAGs
[2026-01-06T14:53:59.226+1100] {logging_mixin.py:188} INFO - [2026-01-06T14:53:59.226+1100] {dag.py:3947} INFO - Setting next_dagrun for example_params_trigger_ui to None, run_after=None
[2026-01-06T14:53:59.234+1100] {processor.py:183} INFO - Processing /Users/fionatham/Documents/Projects/vogue_data_pipeline/venv/lib/python3.11/site-packages/airflow/example_dags/example_params_trigger_ui.py took 0.084 seconds
[2026-01-06T14:55:56.051+1100] {processor.py:161} INFO - Started process (PID=93765) to work on /Users/fionatham/Documents/Projects/vogue_data_pipeline/venv/lib/python3.11/site-packages/airflow/example_dags/example_params_trigger_ui.py
[2026-01-06T14:55:56.052+1100] {processor.py:830} INFO - Processing file /Users/fionatham/Documents/Projects/vogue_data_pipeline/venv/lib/python3.11/site-packages/airflow/example_dags/example_params_trigger_ui.py for tasks to queue
[2026-01-06T14:55:56.052+1100] {logging_mixin.py:188} INFO - [2026-01-06T14:55:56.052+1100] {dagbag.py:545} INFO - Filling up the DagBag from /Users/fionatham/Documents/Projects/vogue_data_pipeline/venv/lib/python3.11/site-packages/airflow/example_dags/example_params_trigger_ui.py
[2026-01-06T14:55:56.070+1100] {processor.py:840} INFO - DAG(s) 'example_params_trigger_ui' retrieved from /Users/fionatham/Documents/Projects/vogue_data_pipeline/venv/lib/python3.11/site-packages/airflow/example_dags/example_params_trigger_ui.py
[2026-01-06T14:55:56.123+1100] {logging_mixin.py:188} INFO - [2026-01-06T14:55:56.123+1100] {dag.py:3089} INFO - Sync 1 DAGs
[2026-01-06T14:55:56.128+1100] {logging_mixin.py:188} INFO - [2026-01-06T14:55:56.127+1100] {dag.py:3947} INFO - Setting next_dagrun for example_params_trigger_ui to None, run_after=None
[2026-01-06T14:55:56.136+1100] {processor.py:183} INFO - Processing /Users/fionatham/Documents/Projects/vogue_data_pipeline/venv/lib/python3.11/site-packages/airflow/example_dags/example_params_trigger_ui.py took 0.087 seconds
[2026-01-06T14:57:55.269+1100] {processor.py:161} INFO - Started process (PID=93875) to work on /Users/fionatham/Documents/Projects/vogue_data_pipeline/venv/lib/python3.11/site-packages/airflow/example_dags/example_params_trigger_ui.py
[2026-01-06T14:57:55.270+1100] {processor.py:830} INFO - Processing file /Users/fionatham/Documents/Projects/vogue_data_pipeline/venv/lib/python3.11/site-packages/airflow/example_dags/example_params_trigger_ui.py for tasks to queue
[2026-01-06T14:57:55.271+1100] {logging_mixin.py:188} INFO - [2026-01-06T14:57:55.270+1100] {dagbag.py:545} INFO - Filling up the DagBag from /Users/fionatham/Documents/Projects/vogue_data_pipeline/venv/lib/python3.11/site-packages/airflow/example_dags/example_params_trigger_ui.py
[2026-01-06T14:57:55.288+1100] {processor.py:840} INFO - DAG(s) 'example_params_trigger_ui' retrieved from /Users/fionatham/Documents/Projects/vogue_data_pipeline/venv/lib/python3.11/site-packages/airflow/example_dags/example_params_trigger_ui.py
[2026-01-06T14:57:55.339+1100] {logging_mixin.py:188} INFO - [2026-01-06T14:57:55.339+1100] {dag.py:3089} INFO - Sync 1 DAGs
[2026-01-06T14:57:55.343+1100] {logging_mixin.py:188} INFO - [2026-01-06T14:57:55.343+1100] {dag.py:3947} INFO - Setting next_dagrun for example_params_trigger_ui to None, run_after=None
[2026-01-06T14:57:55.351+1100] {processor.py:183} INFO - Processing /Users/fionatham/Documents/Projects/vogue_data_pipeline/venv/lib/python3.11/site-packages/airflow/example_dags/example_params_trigger_ui.py took 0.084 seconds
[2026-01-06T14:59:52.999+1100] {processor.py:161} INFO - Started process (PID=94057) to work on /Users/fionatham/Documents/Projects/vogue_data_pipeline/venv/lib/python3.11/site-packages/airflow/example_dags/example_params_trigger_ui.py
[2026-01-06T14:59:53.000+1100] {processor.py:830} INFO - Processing file /Users/fionatham/Documents/Projects/vogue_data_pipeline/venv/lib/python3.11/site-packages/airflow/example_dags/example_params_trigger_ui.py for tasks to queue
[2026-01-06T14:59:53.001+1100] {logging_mixin.py:188} INFO - [2026-01-06T14:59:53.001+1100] {dagbag.py:545} INFO - Filling up the DagBag from /Users/fionatham/Documents/Projects/vogue_data_pipeline/venv/lib/python3.11/site-packages/airflow/example_dags/example_params_trigger_ui.py
[2026-01-06T14:59:53.019+1100] {processor.py:840} INFO - DAG(s) 'example_params_trigger_ui' retrieved from /Users/fionatham/Documents/Projects/vogue_data_pipeline/venv/lib/python3.11/site-packages/airflow/example_dags/example_params_trigger_ui.py
[2026-01-06T14:59:53.071+1100] {logging_mixin.py:188} INFO - [2026-01-06T14:59:53.071+1100] {dag.py:3089} INFO - Sync 1 DAGs
[2026-01-06T14:59:53.075+1100] {logging_mixin.py:188} INFO - [2026-01-06T14:59:53.074+1100] {dag.py:3947} INFO - Setting next_dagrun for example_params_trigger_ui to None, run_after=None
[2026-01-06T14:59:53.082+1100] {processor.py:183} INFO - Processing /Users/fionatham/Documents/Projects/vogue_data_pipeline/venv/lib/python3.11/site-packages/airflow/example_dags/example_params_trigger_ui.py took 0.084 seconds
[2026-01-06T15:01:52.349+1100] {processor.py:161} INFO - Started process (PID=94191) to work on /Users/fionatham/Documents/Projects/vogue_data_pipeline/venv/lib/python3.11/site-packages/airflow/example_dags/example_params_trigger_ui.py
[2026-01-06T15:01:52.350+1100] {processor.py:830} INFO - Processing file /Users/fionatham/Documents/Projects/vogue_data_pipeline/venv/lib/python3.11/site-packages/airflow/example_dags/example_params_trigger_ui.py for tasks to queue
[2026-01-06T15:01:52.351+1100] {logging_mixin.py:188} INFO - [2026-01-06T15:01:52.351+1100] {dagbag.py:545} INFO - Filling up the DagBag from /Users/fionatham/Documents/Projects/vogue_data_pipeline/venv/lib/python3.11/site-packages/airflow/example_dags/example_params_trigger_ui.py
[2026-01-06T15:01:52.369+1100] {processor.py:840} INFO - DAG(s) 'example_params_trigger_ui' retrieved from /Users/fionatham/Documents/Projects/vogue_data_pipeline/venv/lib/python3.11/site-packages/airflow/example_dags/example_params_trigger_ui.py
[2026-01-06T15:01:52.421+1100] {logging_mixin.py:188} INFO - [2026-01-06T15:01:52.421+1100] {dag.py:3089} INFO - Sync 1 DAGs
[2026-01-06T15:01:52.425+1100] {logging_mixin.py:188} INFO - [2026-01-06T15:01:52.425+1100] {dag.py:3947} INFO - Setting next_dagrun for example_params_trigger_ui to None, run_after=None
[2026-01-06T15:01:52.433+1100] {processor.py:183} INFO - Processing /Users/fionatham/Documents/Projects/vogue_data_pipeline/venv/lib/python3.11/site-packages/airflow/example_dags/example_params_trigger_ui.py took 0.085 seconds
[2026-01-06T15:03:52.346+1100] {processor.py:161} INFO - Started process (PID=94544) to work on /Users/fionatham/Documents/Projects/vogue_data_pipeline/venv/lib/python3.11/site-packages/airflow/example_dags/example_params_trigger_ui.py
[2026-01-06T15:03:52.348+1100] {processor.py:830} INFO - Processing file /Users/fionatham/Documents/Projects/vogue_data_pipeline/venv/lib/python3.11/site-packages/airflow/example_dags/example_params_trigger_ui.py for tasks to queue
[2026-01-06T15:03:52.348+1100] {logging_mixin.py:188} INFO - [2026-01-06T15:03:52.348+1100] {dagbag.py:545} INFO - Filling up the DagBag from /Users/fionatham/Documents/Projects/vogue_data_pipeline/venv/lib/python3.11/site-packages/airflow/example_dags/example_params_trigger_ui.py
[2026-01-06T15:03:52.366+1100] {processor.py:840} INFO - DAG(s) 'example_params_trigger_ui' retrieved from /Users/fionatham/Documents/Projects/vogue_data_pipeline/venv/lib/python3.11/site-packages/airflow/example_dags/example_params_trigger_ui.py
[2026-01-06T15:03:52.421+1100] {logging_mixin.py:188} INFO - [2026-01-06T15:03:52.421+1100] {dag.py:3089} INFO - Sync 1 DAGs
[2026-01-06T15:03:52.424+1100] {logging_mixin.py:188} INFO - [2026-01-06T15:03:52.424+1100] {dag.py:3947} INFO - Setting next_dagrun for example_params_trigger_ui to None, run_after=None
[2026-01-06T15:03:52.432+1100] {processor.py:183} INFO - Processing /Users/fionatham/Documents/Projects/vogue_data_pipeline/venv/lib/python3.11/site-packages/airflow/example_dags/example_params_trigger_ui.py took 0.087 seconds
[2026-01-06T15:05:52.324+1100] {processor.py:161} INFO - Started process (PID=94639) to work on /Users/fionatham/Documents/Projects/vogue_data_pipeline/venv/lib/python3.11/site-packages/airflow/example_dags/example_params_trigger_ui.py
[2026-01-06T15:05:52.324+1100] {processor.py:830} INFO - Processing file /Users/fionatham/Documents/Projects/vogue_data_pipeline/venv/lib/python3.11/site-packages/airflow/example_dags/example_params_trigger_ui.py for tasks to queue
[2026-01-06T15:05:52.325+1100] {logging_mixin.py:188} INFO - [2026-01-06T15:05:52.325+1100] {dagbag.py:545} INFO - Filling up the DagBag from /Users/fionatham/Documents/Projects/vogue_data_pipeline/venv/lib/python3.11/site-packages/airflow/example_dags/example_params_trigger_ui.py
[2026-01-06T15:05:52.342+1100] {processor.py:840} INFO - DAG(s) 'example_params_trigger_ui' retrieved from /Users/fionatham/Documents/Projects/vogue_data_pipeline/venv/lib/python3.11/site-packages/airflow/example_dags/example_params_trigger_ui.py
[2026-01-06T15:05:52.391+1100] {logging_mixin.py:188} INFO - [2026-01-06T15:05:52.391+1100] {dag.py:3089} INFO - Sync 1 DAGs
[2026-01-06T15:05:52.395+1100] {logging_mixin.py:188} INFO - [2026-01-06T15:05:52.394+1100] {dag.py:3947} INFO - Setting next_dagrun for example_params_trigger_ui to None, run_after=None
[2026-01-06T15:05:52.403+1100] {processor.py:183} INFO - Processing /Users/fionatham/Documents/Projects/vogue_data_pipeline/venv/lib/python3.11/site-packages/airflow/example_dags/example_params_trigger_ui.py took 0.081 seconds
[2026-01-06T15:12:51.934+1100] {processor.py:161} INFO - Started process (PID=95279) to work on /Users/fionatham/Documents/Projects/vogue_data_pipeline/venv/lib/python3.11/site-packages/airflow/example_dags/example_params_trigger_ui.py
[2026-01-06T15:12:51.935+1100] {processor.py:830} INFO - Processing file /Users/fionatham/Documents/Projects/vogue_data_pipeline/venv/lib/python3.11/site-packages/airflow/example_dags/example_params_trigger_ui.py for tasks to queue
[2026-01-06T15:12:51.935+1100] {logging_mixin.py:188} INFO - [2026-01-06T15:12:51.935+1100] {dagbag.py:545} INFO - Filling up the DagBag from /Users/fionatham/Documents/Projects/vogue_data_pipeline/venv/lib/python3.11/site-packages/airflow/example_dags/example_params_trigger_ui.py
[2026-01-06T15:12:51.954+1100] {processor.py:840} INFO - DAG(s) 'example_params_trigger_ui' retrieved from /Users/fionatham/Documents/Projects/vogue_data_pipeline/venv/lib/python3.11/site-packages/airflow/example_dags/example_params_trigger_ui.py
[2026-01-06T15:12:52.010+1100] {logging_mixin.py:188} INFO - [2026-01-06T15:12:52.010+1100] {dag.py:3089} INFO - Sync 1 DAGs
[2026-01-06T15:12:52.014+1100] {logging_mixin.py:188} INFO - [2026-01-06T15:12:52.013+1100] {dag.py:3947} INFO - Setting next_dagrun for example_params_trigger_ui to None, run_after=None
[2026-01-06T15:12:52.021+1100] {processor.py:183} INFO - Processing /Users/fionatham/Documents/Projects/vogue_data_pipeline/venv/lib/python3.11/site-packages/airflow/example_dags/example_params_trigger_ui.py took 0.089 seconds
[2026-01-06T15:14:25.123+1100] {processor.py:161} INFO - Started process (PID=95389) to work on /Users/fionatham/Documents/Projects/vogue_data_pipeline/venv/lib/python3.11/site-packages/airflow/example_dags/example_params_trigger_ui.py
[2026-01-06T15:14:25.123+1100] {processor.py:830} INFO - Processing file /Users/fionatham/Documents/Projects/vogue_data_pipeline/venv/lib/python3.11/site-packages/airflow/example_dags/example_params_trigger_ui.py for tasks to queue
[2026-01-06T15:14:25.124+1100] {logging_mixin.py:188} INFO - [2026-01-06T15:14:25.124+1100] {dagbag.py:545} INFO - Filling up the DagBag from /Users/fionatham/Documents/Projects/vogue_data_pipeline/venv/lib/python3.11/site-packages/airflow/example_dags/example_params_trigger_ui.py
[2026-01-06T15:14:25.146+1100] {processor.py:840} INFO - DAG(s) 'example_params_trigger_ui' retrieved from /Users/fionatham/Documents/Projects/vogue_data_pipeline/venv/lib/python3.11/site-packages/airflow/example_dags/example_params_trigger_ui.py
[2026-01-06T15:14:25.202+1100] {logging_mixin.py:188} INFO - [2026-01-06T15:14:25.202+1100] {dag.py:3089} INFO - Sync 1 DAGs
[2026-01-06T15:14:25.206+1100] {logging_mixin.py:188} INFO - [2026-01-06T15:14:25.206+1100] {dag.py:3947} INFO - Setting next_dagrun for example_params_trigger_ui to None, run_after=None
[2026-01-06T15:14:25.214+1100] {processor.py:183} INFO - Processing /Users/fionatham/Documents/Projects/vogue_data_pipeline/venv/lib/python3.11/site-packages/airflow/example_dags/example_params_trigger_ui.py took 0.093 seconds
[2026-01-06T18:16:30.533+1100] {processor.py:161} INFO - Started process (PID=95589) to work on /Users/fionatham/Documents/Projects/vogue_data_pipeline/venv/lib/python3.11/site-packages/airflow/example_dags/example_params_trigger_ui.py
[2026-01-06T18:16:30.534+1100] {processor.py:830} INFO - Processing file /Users/fionatham/Documents/Projects/vogue_data_pipeline/venv/lib/python3.11/site-packages/airflow/example_dags/example_params_trigger_ui.py for tasks to queue
[2026-01-06T18:16:30.535+1100] {logging_mixin.py:188} INFO - [2026-01-06T18:16:30.535+1100] {dagbag.py:545} INFO - Filling up the DagBag from /Users/fionatham/Documents/Projects/vogue_data_pipeline/venv/lib/python3.11/site-packages/airflow/example_dags/example_params_trigger_ui.py
[2026-01-06T18:16:30.555+1100] {processor.py:840} INFO - DAG(s) 'example_params_trigger_ui' retrieved from /Users/fionatham/Documents/Projects/vogue_data_pipeline/venv/lib/python3.11/site-packages/airflow/example_dags/example_params_trigger_ui.py
[2026-01-06T18:16:30.621+1100] {logging_mixin.py:188} INFO - [2026-01-06T18:16:30.621+1100] {dag.py:3089} INFO - Sync 1 DAGs
[2026-01-06T18:16:30.625+1100] {logging_mixin.py:188} INFO - [2026-01-06T18:16:30.625+1100] {dag.py:3947} INFO - Setting next_dagrun for example_params_trigger_ui to None, run_after=None
[2026-01-06T18:16:30.635+1100] {processor.py:183} INFO - Processing /Users/fionatham/Documents/Projects/vogue_data_pipeline/venv/lib/python3.11/site-packages/airflow/example_dags/example_params_trigger_ui.py took 0.104 seconds
[2026-01-06T20:51:48.291+1100] {processor.py:161} INFO - Started process (PID=95746) to work on /Users/fionatham/Documents/Projects/vogue_data_pipeline/venv/lib/python3.11/site-packages/airflow/example_dags/example_params_trigger_ui.py
[2026-01-06T20:51:48.293+1100] {processor.py:830} INFO - Processing file /Users/fionatham/Documents/Projects/vogue_data_pipeline/venv/lib/python3.11/site-packages/airflow/example_dags/example_params_trigger_ui.py for tasks to queue
[2026-01-06T20:51:48.293+1100] {logging_mixin.py:188} INFO - [2026-01-06T20:51:48.293+1100] {dagbag.py:545} INFO - Filling up the DagBag from /Users/fionatham/Documents/Projects/vogue_data_pipeline/venv/lib/python3.11/site-packages/airflow/example_dags/example_params_trigger_ui.py
[2026-01-06T20:51:48.341+1100] {processor.py:840} INFO - DAG(s) 'example_params_trigger_ui' retrieved from /Users/fionatham/Documents/Projects/vogue_data_pipeline/venv/lib/python3.11/site-packages/airflow/example_dags/example_params_trigger_ui.py
[2026-01-06T20:51:48.486+1100] {logging_mixin.py:188} INFO - [2026-01-06T20:51:48.485+1100] {dag.py:3089} INFO - Sync 1 DAGs
[2026-01-06T20:51:48.494+1100] {logging_mixin.py:188} INFO - [2026-01-06T20:51:48.494+1100] {dag.py:3947} INFO - Setting next_dagrun for example_params_trigger_ui to None, run_after=None
[2026-01-06T20:51:48.518+1100] {processor.py:183} INFO - Processing /Users/fionatham/Documents/Projects/vogue_data_pipeline/venv/lib/python3.11/site-packages/airflow/example_dags/example_params_trigger_ui.py took 0.230 seconds
[2026-01-06T21:49:44.180+1100] {processor.py:161} INFO - Started process (PID=95869) to work on /Users/fionatham/Documents/Projects/vogue_data_pipeline/venv/lib/python3.11/site-packages/airflow/example_dags/example_params_trigger_ui.py
[2026-01-06T21:49:44.181+1100] {processor.py:830} INFO - Processing file /Users/fionatham/Documents/Projects/vogue_data_pipeline/venv/lib/python3.11/site-packages/airflow/example_dags/example_params_trigger_ui.py for tasks to queue
[2026-01-06T21:49:44.182+1100] {logging_mixin.py:188} INFO - [2026-01-06T21:49:44.182+1100] {dagbag.py:545} INFO - Filling up the DagBag from /Users/fionatham/Documents/Projects/vogue_data_pipeline/venv/lib/python3.11/site-packages/airflow/example_dags/example_params_trigger_ui.py
[2026-01-06T21:49:44.204+1100] {processor.py:840} INFO - DAG(s) 'example_params_trigger_ui' retrieved from /Users/fionatham/Documents/Projects/vogue_data_pipeline/venv/lib/python3.11/site-packages/airflow/example_dags/example_params_trigger_ui.py
[2026-01-06T21:49:44.275+1100] {logging_mixin.py:188} INFO - [2026-01-06T21:49:44.274+1100] {dag.py:3089} INFO - Sync 1 DAGs
[2026-01-06T21:49:44.280+1100] {logging_mixin.py:188} INFO - [2026-01-06T21:49:44.279+1100] {dag.py:3947} INFO - Setting next_dagrun for example_params_trigger_ui to None, run_after=None
[2026-01-06T21:49:44.289+1100] {processor.py:183} INFO - Processing /Users/fionatham/Documents/Projects/vogue_data_pipeline/venv/lib/python3.11/site-packages/airflow/example_dags/example_params_trigger_ui.py took 0.111 seconds
[2026-01-06T23:55:37.872+1100] {processor.py:161} INFO - Started process (PID=96001) to work on /Users/fionatham/Documents/Projects/vogue_data_pipeline/venv/lib/python3.11/site-packages/airflow/example_dags/example_params_trigger_ui.py
[2026-01-06T23:55:37.873+1100] {processor.py:830} INFO - Processing file /Users/fionatham/Documents/Projects/vogue_data_pipeline/venv/lib/python3.11/site-packages/airflow/example_dags/example_params_trigger_ui.py for tasks to queue
[2026-01-06T23:55:37.873+1100] {logging_mixin.py:188} INFO - [2026-01-06T23:55:37.873+1100] {dagbag.py:545} INFO - Filling up the DagBag from /Users/fionatham/Documents/Projects/vogue_data_pipeline/venv/lib/python3.11/site-packages/airflow/example_dags/example_params_trigger_ui.py
[2026-01-06T23:55:37.891+1100] {processor.py:840} INFO - DAG(s) 'example_params_trigger_ui' retrieved from /Users/fionatham/Documents/Projects/vogue_data_pipeline/venv/lib/python3.11/site-packages/airflow/example_dags/example_params_trigger_ui.py
[2026-01-06T23:55:37.944+1100] {logging_mixin.py:188} INFO - [2026-01-06T23:55:37.944+1100] {dag.py:3089} INFO - Sync 1 DAGs
[2026-01-06T23:55:37.948+1100] {logging_mixin.py:188} INFO - [2026-01-06T23:55:37.948+1100] {dag.py:3947} INFO - Setting next_dagrun for example_params_trigger_ui to None, run_after=None
[2026-01-06T23:55:37.955+1100] {processor.py:183} INFO - Processing /Users/fionatham/Documents/Projects/vogue_data_pipeline/venv/lib/python3.11/site-packages/airflow/example_dags/example_params_trigger_ui.py took 0.086 seconds
