[2026-01-06T13:57:25.060+1100] {processor.py:161} INFO - Started process (PID=85413) to work on /Users/fionatham/Documents/Projects/vogue_data_pipeline/venv/lib/python3.11/site-packages/airflow/example_dags/example_params_ui_tutorial.py
[2026-01-06T13:57:25.060+1100] {processor.py:830} INFO - Processing file /Users/fionatham/Documents/Projects/vogue_data_pipeline/venv/lib/python3.11/site-packages/airflow/example_dags/example_params_ui_tutorial.py for tasks to queue
[2026-01-06T13:57:25.061+1100] {logging_mixin.py:188} INFO - [2026-01-06T13:57:25.060+1100] {dagbag.py:545} INFO - Filling up the DagBag from /Users/fionatham/Documents/Projects/vogue_data_pipeline/venv/lib/python3.11/site-packages/airflow/example_dags/example_params_ui_tutorial.py
[2026-01-06T13:57:25.079+1100] {processor.py:840} INFO - DAG(s) 'example_params_ui_tutorial' retrieved from /Users/fionatham/Documents/Projects/vogue_data_pipeline/venv/lib/python3.11/site-packages/airflow/example_dags/example_params_ui_tutorial.py
[2026-01-06T13:57:25.194+1100] {logging_mixin.py:188} INFO - [2026-01-06T13:57:25.194+1100] {override.py:1858} INFO - Created Permission View: can delete on DAG:example_params_ui_tutorial
[2026-01-06T13:57:25.197+1100] {logging_mixin.py:188} INFO - [2026-01-06T13:57:25.197+1100] {override.py:1858} INFO - Created Permission View: can edit on DAG:example_params_ui_tutorial
[2026-01-06T13:57:25.200+1100] {logging_mixin.py:188} INFO - [2026-01-06T13:57:25.200+1100] {override.py:1858} INFO - Created Permission View: can read on DAG:example_params_ui_tutorial
[2026-01-06T13:57:25.200+1100] {logging_mixin.py:188} INFO - [2026-01-06T13:57:25.200+1100] {dag.py:3089} INFO - Sync 1 DAGs
[2026-01-06T13:57:25.204+1100] {logging_mixin.py:188} INFO - [2026-01-06T13:57:25.204+1100] {dag.py:3111} INFO - Creating ORM DAG for example_params_ui_tutorial
[2026-01-06T13:57:25.204+1100] {logging_mixin.py:188} INFO - [2026-01-06T13:57:25.204+1100] {dag.py:3947} INFO - Setting next_dagrun for example_params_ui_tutorial to None, run_after=None
[2026-01-06T13:57:25.212+1100] {processor.py:183} INFO - Processing /Users/fionatham/Documents/Projects/vogue_data_pipeline/venv/lib/python3.11/site-packages/airflow/example_dags/example_params_ui_tutorial.py took 0.153 seconds
[2026-01-06T13:58:54.883+1100] {processor.py:161} INFO - Started process (PID=86110) to work on /Users/fionatham/Documents/Projects/vogue_data_pipeline/venv/lib/python3.11/site-packages/airflow/example_dags/example_params_ui_tutorial.py
[2026-01-06T13:58:54.884+1100] {processor.py:830} INFO - Processing file /Users/fionatham/Documents/Projects/vogue_data_pipeline/venv/lib/python3.11/site-packages/airflow/example_dags/example_params_ui_tutorial.py for tasks to queue
[2026-01-06T13:58:54.884+1100] {logging_mixin.py:188} INFO - [2026-01-06T13:58:54.884+1100] {dagbag.py:545} INFO - Filling up the DagBag from /Users/fionatham/Documents/Projects/vogue_data_pipeline/venv/lib/python3.11/site-packages/airflow/example_dags/example_params_ui_tutorial.py
[2026-01-06T13:58:54.901+1100] {processor.py:840} INFO - DAG(s) 'example_params_ui_tutorial' retrieved from /Users/fionatham/Documents/Projects/vogue_data_pipeline/venv/lib/python3.11/site-packages/airflow/example_dags/example_params_ui_tutorial.py
[2026-01-06T13:58:54.956+1100] {logging_mixin.py:188} INFO - [2026-01-06T13:58:54.956+1100] {dag.py:3089} INFO - Sync 1 DAGs
[2026-01-06T13:58:54.960+1100] {logging_mixin.py:188} INFO - [2026-01-06T13:58:54.960+1100] {dag.py:3947} INFO - Setting next_dagrun for example_params_ui_tutorial to None, run_after=None
[2026-01-06T13:58:54.967+1100] {processor.py:183} INFO - Processing /Users/fionatham/Documents/Projects/vogue_data_pipeline/venv/lib/python3.11/site-packages/airflow/example_dags/example_params_ui_tutorial.py took 0.086 seconds
[2026-01-06T14:00:55.095+1100] {processor.py:161} INFO - Started process (PID=86979) to work on /Users/fionatham/Documents/Projects/vogue_data_pipeline/venv/lib/python3.11/site-packages/airflow/example_dags/example_params_ui_tutorial.py
[2026-01-06T14:00:55.096+1100] {processor.py:830} INFO - Processing file /Users/fionatham/Documents/Projects/vogue_data_pipeline/venv/lib/python3.11/site-packages/airflow/example_dags/example_params_ui_tutorial.py for tasks to queue
[2026-01-06T14:00:55.096+1100] {logging_mixin.py:188} INFO - [2026-01-06T14:00:55.096+1100] {dagbag.py:545} INFO - Filling up the DagBag from /Users/fionatham/Documents/Projects/vogue_data_pipeline/venv/lib/python3.11/site-packages/airflow/example_dags/example_params_ui_tutorial.py
[2026-01-06T14:00:55.113+1100] {processor.py:840} INFO - DAG(s) 'example_params_ui_tutorial' retrieved from /Users/fionatham/Documents/Projects/vogue_data_pipeline/venv/lib/python3.11/site-packages/airflow/example_dags/example_params_ui_tutorial.py
[2026-01-06T14:00:55.167+1100] {logging_mixin.py:188} INFO - [2026-01-06T14:00:55.167+1100] {dag.py:3089} INFO - Sync 1 DAGs
[2026-01-06T14:00:55.170+1100] {logging_mixin.py:188} INFO - [2026-01-06T14:00:55.170+1100] {dag.py:3947} INFO - Setting next_dagrun for example_params_ui_tutorial to None, run_after=None
[2026-01-06T14:00:55.177+1100] {processor.py:183} INFO - Processing /Users/fionatham/Documents/Projects/vogue_data_pipeline/venv/lib/python3.11/site-packages/airflow/example_dags/example_params_ui_tutorial.py took 0.083 seconds
[2026-01-06T14:02:57.672+1100] {processor.py:161} INFO - Started process (PID=87170) to work on /Users/fionatham/Documents/Projects/vogue_data_pipeline/venv/lib/python3.11/site-packages/airflow/example_dags/example_params_ui_tutorial.py
[2026-01-06T14:02:57.673+1100] {processor.py:830} INFO - Processing file /Users/fionatham/Documents/Projects/vogue_data_pipeline/venv/lib/python3.11/site-packages/airflow/example_dags/example_params_ui_tutorial.py for tasks to queue
[2026-01-06T14:02:57.674+1100] {logging_mixin.py:188} INFO - [2026-01-06T14:02:57.673+1100] {dagbag.py:545} INFO - Filling up the DagBag from /Users/fionatham/Documents/Projects/vogue_data_pipeline/venv/lib/python3.11/site-packages/airflow/example_dags/example_params_ui_tutorial.py
[2026-01-06T14:02:57.701+1100] {processor.py:840} INFO - DAG(s) 'example_params_ui_tutorial' retrieved from /Users/fionatham/Documents/Projects/vogue_data_pipeline/venv/lib/python3.11/site-packages/airflow/example_dags/example_params_ui_tutorial.py
[2026-01-06T14:02:57.792+1100] {logging_mixin.py:188} INFO - [2026-01-06T14:02:57.792+1100] {dag.py:3089} INFO - Sync 1 DAGs
[2026-01-06T14:02:57.796+1100] {logging_mixin.py:188} INFO - [2026-01-06T14:02:57.796+1100] {dag.py:3947} INFO - Setting next_dagrun for example_params_ui_tutorial to None, run_after=None
[2026-01-06T14:02:57.812+1100] {processor.py:183} INFO - Processing /Users/fionatham/Documents/Projects/vogue_data_pipeline/venv/lib/python3.11/site-packages/airflow/example_dags/example_params_ui_tutorial.py took 0.141 seconds
[2026-01-06T14:04:57.962+1100] {processor.py:161} INFO - Started process (PID=87342) to work on /Users/fionatham/Documents/Projects/vogue_data_pipeline/venv/lib/python3.11/site-packages/airflow/example_dags/example_params_ui_tutorial.py
[2026-01-06T14:04:57.963+1100] {processor.py:830} INFO - Processing file /Users/fionatham/Documents/Projects/vogue_data_pipeline/venv/lib/python3.11/site-packages/airflow/example_dags/example_params_ui_tutorial.py for tasks to queue
[2026-01-06T14:04:57.963+1100] {logging_mixin.py:188} INFO - [2026-01-06T14:04:57.963+1100] {dagbag.py:545} INFO - Filling up the DagBag from /Users/fionatham/Documents/Projects/vogue_data_pipeline/venv/lib/python3.11/site-packages/airflow/example_dags/example_params_ui_tutorial.py
[2026-01-06T14:04:57.983+1100] {processor.py:840} INFO - DAG(s) 'example_params_ui_tutorial' retrieved from /Users/fionatham/Documents/Projects/vogue_data_pipeline/venv/lib/python3.11/site-packages/airflow/example_dags/example_params_ui_tutorial.py
[2026-01-06T14:04:58.037+1100] {logging_mixin.py:188} INFO - [2026-01-06T14:04:58.037+1100] {dag.py:3089} INFO - Sync 1 DAGs
[2026-01-06T14:04:58.041+1100] {logging_mixin.py:188} INFO - [2026-01-06T14:04:58.041+1100] {dag.py:3947} INFO - Setting next_dagrun for example_params_ui_tutorial to None, run_after=None
[2026-01-06T14:04:58.049+1100] {processor.py:183} INFO - Processing /Users/fionatham/Documents/Projects/vogue_data_pipeline/venv/lib/python3.11/site-packages/airflow/example_dags/example_params_ui_tutorial.py took 0.089 seconds
[2026-01-06T14:06:58.628+1100] {processor.py:161} INFO - Started process (PID=87564) to work on /Users/fionatham/Documents/Projects/vogue_data_pipeline/venv/lib/python3.11/site-packages/airflow/example_dags/example_params_ui_tutorial.py
[2026-01-06T14:06:58.629+1100] {processor.py:830} INFO - Processing file /Users/fionatham/Documents/Projects/vogue_data_pipeline/venv/lib/python3.11/site-packages/airflow/example_dags/example_params_ui_tutorial.py for tasks to queue
[2026-01-06T14:06:58.629+1100] {logging_mixin.py:188} INFO - [2026-01-06T14:06:58.629+1100] {dagbag.py:545} INFO - Filling up the DagBag from /Users/fionatham/Documents/Projects/vogue_data_pipeline/venv/lib/python3.11/site-packages/airflow/example_dags/example_params_ui_tutorial.py
[2026-01-06T14:06:58.648+1100] {processor.py:840} INFO - DAG(s) 'example_params_ui_tutorial' retrieved from /Users/fionatham/Documents/Projects/vogue_data_pipeline/venv/lib/python3.11/site-packages/airflow/example_dags/example_params_ui_tutorial.py
[2026-01-06T14:06:58.702+1100] {logging_mixin.py:188} INFO - [2026-01-06T14:06:58.702+1100] {dag.py:3089} INFO - Sync 1 DAGs
[2026-01-06T14:06:58.706+1100] {logging_mixin.py:188} INFO - [2026-01-06T14:06:58.706+1100] {dag.py:3947} INFO - Setting next_dagrun for example_params_ui_tutorial to None, run_after=None
[2026-01-06T14:06:58.714+1100] {processor.py:183} INFO - Processing /Users/fionatham/Documents/Projects/vogue_data_pipeline/venv/lib/python3.11/site-packages/airflow/example_dags/example_params_ui_tutorial.py took 0.087 seconds
[2026-01-06T14:08:55.280+1100] {processor.py:161} INFO - Started process (PID=87684) to work on /Users/fionatham/Documents/Projects/vogue_data_pipeline/venv/lib/python3.11/site-packages/airflow/example_dags/example_params_ui_tutorial.py
[2026-01-06T14:08:55.281+1100] {processor.py:830} INFO - Processing file /Users/fionatham/Documents/Projects/vogue_data_pipeline/venv/lib/python3.11/site-packages/airflow/example_dags/example_params_ui_tutorial.py for tasks to queue
[2026-01-06T14:08:55.281+1100] {logging_mixin.py:188} INFO - [2026-01-06T14:08:55.281+1100] {dagbag.py:545} INFO - Filling up the DagBag from /Users/fionatham/Documents/Projects/vogue_data_pipeline/venv/lib/python3.11/site-packages/airflow/example_dags/example_params_ui_tutorial.py
[2026-01-06T14:08:55.300+1100] {processor.py:840} INFO - DAG(s) 'example_params_ui_tutorial' retrieved from /Users/fionatham/Documents/Projects/vogue_data_pipeline/venv/lib/python3.11/site-packages/airflow/example_dags/example_params_ui_tutorial.py
[2026-01-06T14:08:55.361+1100] {logging_mixin.py:188} INFO - [2026-01-06T14:08:55.361+1100] {dag.py:3089} INFO - Sync 1 DAGs
[2026-01-06T14:08:55.364+1100] {logging_mixin.py:188} INFO - [2026-01-06T14:08:55.364+1100] {dag.py:3947} INFO - Setting next_dagrun for example_params_ui_tutorial to None, run_after=None
[2026-01-06T14:08:55.371+1100] {processor.py:183} INFO - Processing /Users/fionatham/Documents/Projects/vogue_data_pipeline/venv/lib/python3.11/site-packages/airflow/example_dags/example_params_ui_tutorial.py took 0.093 seconds
[2026-01-06T14:10:55.960+1100] {processor.py:161} INFO - Started process (PID=87807) to work on /Users/fionatham/Documents/Projects/vogue_data_pipeline/venv/lib/python3.11/site-packages/airflow/example_dags/example_params_ui_tutorial.py
[2026-01-06T14:10:55.960+1100] {processor.py:830} INFO - Processing file /Users/fionatham/Documents/Projects/vogue_data_pipeline/venv/lib/python3.11/site-packages/airflow/example_dags/example_params_ui_tutorial.py for tasks to queue
[2026-01-06T14:10:55.961+1100] {logging_mixin.py:188} INFO - [2026-01-06T14:10:55.961+1100] {dagbag.py:545} INFO - Filling up the DagBag from /Users/fionatham/Documents/Projects/vogue_data_pipeline/venv/lib/python3.11/site-packages/airflow/example_dags/example_params_ui_tutorial.py
[2026-01-06T14:10:55.978+1100] {processor.py:840} INFO - DAG(s) 'example_params_ui_tutorial' retrieved from /Users/fionatham/Documents/Projects/vogue_data_pipeline/venv/lib/python3.11/site-packages/airflow/example_dags/example_params_ui_tutorial.py
[2026-01-06T14:10:56.034+1100] {logging_mixin.py:188} INFO - [2026-01-06T14:10:56.034+1100] {dag.py:3089} INFO - Sync 1 DAGs
[2026-01-06T14:10:56.038+1100] {logging_mixin.py:188} INFO - [2026-01-06T14:10:56.038+1100] {dag.py:3947} INFO - Setting next_dagrun for example_params_ui_tutorial to None, run_after=None
[2026-01-06T14:10:56.045+1100] {processor.py:183} INFO - Processing /Users/fionatham/Documents/Projects/vogue_data_pipeline/venv/lib/python3.11/site-packages/airflow/example_dags/example_params_ui_tutorial.py took 0.088 seconds
[2026-01-06T14:12:53.874+1100] {processor.py:161} INFO - Started process (PID=87965) to work on /Users/fionatham/Documents/Projects/vogue_data_pipeline/venv/lib/python3.11/site-packages/airflow/example_dags/example_params_ui_tutorial.py
[2026-01-06T14:12:53.875+1100] {processor.py:830} INFO - Processing file /Users/fionatham/Documents/Projects/vogue_data_pipeline/venv/lib/python3.11/site-packages/airflow/example_dags/example_params_ui_tutorial.py for tasks to queue
[2026-01-06T14:12:53.875+1100] {logging_mixin.py:188} INFO - [2026-01-06T14:12:53.875+1100] {dagbag.py:545} INFO - Filling up the DagBag from /Users/fionatham/Documents/Projects/vogue_data_pipeline/venv/lib/python3.11/site-packages/airflow/example_dags/example_params_ui_tutorial.py
[2026-01-06T14:12:53.898+1100] {processor.py:840} INFO - DAG(s) 'example_params_ui_tutorial' retrieved from /Users/fionatham/Documents/Projects/vogue_data_pipeline/venv/lib/python3.11/site-packages/airflow/example_dags/example_params_ui_tutorial.py
[2026-01-06T14:12:53.970+1100] {logging_mixin.py:188} INFO - [2026-01-06T14:12:53.969+1100] {dag.py:3089} INFO - Sync 1 DAGs
[2026-01-06T14:12:53.979+1100] {logging_mixin.py:188} INFO - [2026-01-06T14:12:53.979+1100] {dag.py:3947} INFO - Setting next_dagrun for example_params_ui_tutorial to None, run_after=None
[2026-01-06T14:12:53.988+1100] {processor.py:183} INFO - Processing /Users/fionatham/Documents/Projects/vogue_data_pipeline/venv/lib/python3.11/site-packages/airflow/example_dags/example_params_ui_tutorial.py took 0.116 seconds
[2026-01-06T14:15:02.196+1100] {processor.py:161} INFO - Started process (PID=88660) to work on /Users/fionatham/Documents/Projects/vogue_data_pipeline/venv/lib/python3.11/site-packages/airflow/example_dags/example_params_ui_tutorial.py
[2026-01-06T14:15:02.197+1100] {processor.py:830} INFO - Processing file /Users/fionatham/Documents/Projects/vogue_data_pipeline/venv/lib/python3.11/site-packages/airflow/example_dags/example_params_ui_tutorial.py for tasks to queue
[2026-01-06T14:15:02.197+1100] {logging_mixin.py:188} INFO - [2026-01-06T14:15:02.197+1100] {dagbag.py:545} INFO - Filling up the DagBag from /Users/fionatham/Documents/Projects/vogue_data_pipeline/venv/lib/python3.11/site-packages/airflow/example_dags/example_params_ui_tutorial.py
[2026-01-06T14:15:02.213+1100] {processor.py:840} INFO - DAG(s) 'example_params_ui_tutorial' retrieved from /Users/fionatham/Documents/Projects/vogue_data_pipeline/venv/lib/python3.11/site-packages/airflow/example_dags/example_params_ui_tutorial.py
[2026-01-06T14:15:02.264+1100] {logging_mixin.py:188} INFO - [2026-01-06T14:15:02.264+1100] {dag.py:3089} INFO - Sync 1 DAGs
[2026-01-06T14:15:02.268+1100] {logging_mixin.py:188} INFO - [2026-01-06T14:15:02.268+1100] {dag.py:3947} INFO - Setting next_dagrun for example_params_ui_tutorial to None, run_after=None
[2026-01-06T14:15:02.276+1100] {processor.py:183} INFO - Processing /Users/fionatham/Documents/Projects/vogue_data_pipeline/venv/lib/python3.11/site-packages/airflow/example_dags/example_params_ui_tutorial.py took 0.081 seconds
[2026-01-06T14:16:55.168+1100] {processor.py:161} INFO - Started process (PID=89273) to work on /Users/fionatham/Documents/Projects/vogue_data_pipeline/venv/lib/python3.11/site-packages/airflow/example_dags/example_params_ui_tutorial.py
[2026-01-06T14:16:55.169+1100] {processor.py:830} INFO - Processing file /Users/fionatham/Documents/Projects/vogue_data_pipeline/venv/lib/python3.11/site-packages/airflow/example_dags/example_params_ui_tutorial.py for tasks to queue
[2026-01-06T14:16:55.169+1100] {logging_mixin.py:188} INFO - [2026-01-06T14:16:55.169+1100] {dagbag.py:545} INFO - Filling up the DagBag from /Users/fionatham/Documents/Projects/vogue_data_pipeline/venv/lib/python3.11/site-packages/airflow/example_dags/example_params_ui_tutorial.py
[2026-01-06T14:16:55.187+1100] {processor.py:840} INFO - DAG(s) 'example_params_ui_tutorial' retrieved from /Users/fionatham/Documents/Projects/vogue_data_pipeline/venv/lib/python3.11/site-packages/airflow/example_dags/example_params_ui_tutorial.py
[2026-01-06T14:16:55.241+1100] {logging_mixin.py:188} INFO - [2026-01-06T14:16:55.240+1100] {dag.py:3089} INFO - Sync 1 DAGs
[2026-01-06T14:16:55.244+1100] {logging_mixin.py:188} INFO - [2026-01-06T14:16:55.244+1100] {dag.py:3947} INFO - Setting next_dagrun for example_params_ui_tutorial to None, run_after=None
[2026-01-06T14:16:55.252+1100] {processor.py:183} INFO - Processing /Users/fionatham/Documents/Projects/vogue_data_pipeline/venv/lib/python3.11/site-packages/airflow/example_dags/example_params_ui_tutorial.py took 0.086 seconds
[2026-01-06T14:18:52.745+1100] {processor.py:161} INFO - Started process (PID=89762) to work on /Users/fionatham/Documents/Projects/vogue_data_pipeline/venv/lib/python3.11/site-packages/airflow/example_dags/example_params_ui_tutorial.py
[2026-01-06T14:18:52.746+1100] {processor.py:830} INFO - Processing file /Users/fionatham/Documents/Projects/vogue_data_pipeline/venv/lib/python3.11/site-packages/airflow/example_dags/example_params_ui_tutorial.py for tasks to queue
[2026-01-06T14:18:52.746+1100] {logging_mixin.py:188} INFO - [2026-01-06T14:18:52.746+1100] {dagbag.py:545} INFO - Filling up the DagBag from /Users/fionatham/Documents/Projects/vogue_data_pipeline/venv/lib/python3.11/site-packages/airflow/example_dags/example_params_ui_tutorial.py
[2026-01-06T14:18:52.763+1100] {processor.py:840} INFO - DAG(s) 'example_params_ui_tutorial' retrieved from /Users/fionatham/Documents/Projects/vogue_data_pipeline/venv/lib/python3.11/site-packages/airflow/example_dags/example_params_ui_tutorial.py
[2026-01-06T14:18:52.819+1100] {logging_mixin.py:188} INFO - [2026-01-06T14:18:52.819+1100] {dag.py:3089} INFO - Sync 1 DAGs
[2026-01-06T14:18:52.823+1100] {logging_mixin.py:188} INFO - [2026-01-06T14:18:52.823+1100] {dag.py:3947} INFO - Setting next_dagrun for example_params_ui_tutorial to None, run_after=None
[2026-01-06T14:18:52.832+1100] {processor.py:183} INFO - Processing /Users/fionatham/Documents/Projects/vogue_data_pipeline/venv/lib/python3.11/site-packages/airflow/example_dags/example_params_ui_tutorial.py took 0.088 seconds
[2026-01-06T14:20:55.050+1100] {processor.py:161} INFO - Started process (PID=90001) to work on /Users/fionatham/Documents/Projects/vogue_data_pipeline/venv/lib/python3.11/site-packages/airflow/example_dags/example_params_ui_tutorial.py
[2026-01-06T14:20:55.051+1100] {processor.py:830} INFO - Processing file /Users/fionatham/Documents/Projects/vogue_data_pipeline/venv/lib/python3.11/site-packages/airflow/example_dags/example_params_ui_tutorial.py for tasks to queue
[2026-01-06T14:20:55.051+1100] {logging_mixin.py:188} INFO - [2026-01-06T14:20:55.051+1100] {dagbag.py:545} INFO - Filling up the DagBag from /Users/fionatham/Documents/Projects/vogue_data_pipeline/venv/lib/python3.11/site-packages/airflow/example_dags/example_params_ui_tutorial.py
[2026-01-06T14:20:55.067+1100] {processor.py:840} INFO - DAG(s) 'example_params_ui_tutorial' retrieved from /Users/fionatham/Documents/Projects/vogue_data_pipeline/venv/lib/python3.11/site-packages/airflow/example_dags/example_params_ui_tutorial.py
[2026-01-06T14:20:55.120+1100] {logging_mixin.py:188} INFO - [2026-01-06T14:20:55.120+1100] {dag.py:3089} INFO - Sync 1 DAGs
[2026-01-06T14:20:55.124+1100] {logging_mixin.py:188} INFO - [2026-01-06T14:20:55.123+1100] {dag.py:3947} INFO - Setting next_dagrun for example_params_ui_tutorial to None, run_after=None
[2026-01-06T14:20:55.130+1100] {processor.py:183} INFO - Processing /Users/fionatham/Documents/Projects/vogue_data_pipeline/venv/lib/python3.11/site-packages/airflow/example_dags/example_params_ui_tutorial.py took 0.081 seconds
[2026-01-06T14:22:54.699+1100] {processor.py:161} INFO - Started process (PID=90092) to work on /Users/fionatham/Documents/Projects/vogue_data_pipeline/venv/lib/python3.11/site-packages/airflow/example_dags/example_params_ui_tutorial.py
[2026-01-06T14:22:54.699+1100] {processor.py:830} INFO - Processing file /Users/fionatham/Documents/Projects/vogue_data_pipeline/venv/lib/python3.11/site-packages/airflow/example_dags/example_params_ui_tutorial.py for tasks to queue
[2026-01-06T14:22:54.700+1100] {logging_mixin.py:188} INFO - [2026-01-06T14:22:54.699+1100] {dagbag.py:545} INFO - Filling up the DagBag from /Users/fionatham/Documents/Projects/vogue_data_pipeline/venv/lib/python3.11/site-packages/airflow/example_dags/example_params_ui_tutorial.py
[2026-01-06T14:22:54.716+1100] {processor.py:840} INFO - DAG(s) 'example_params_ui_tutorial' retrieved from /Users/fionatham/Documents/Projects/vogue_data_pipeline/venv/lib/python3.11/site-packages/airflow/example_dags/example_params_ui_tutorial.py
[2026-01-06T14:22:54.771+1100] {logging_mixin.py:188} INFO - [2026-01-06T14:22:54.771+1100] {dag.py:3089} INFO - Sync 1 DAGs
[2026-01-06T14:22:54.775+1100] {logging_mixin.py:188} INFO - [2026-01-06T14:22:54.775+1100] {dag.py:3947} INFO - Setting next_dagrun for example_params_ui_tutorial to None, run_after=None
[2026-01-06T14:22:54.783+1100] {processor.py:183} INFO - Processing /Users/fionatham/Documents/Projects/vogue_data_pipeline/venv/lib/python3.11/site-packages/airflow/example_dags/example_params_ui_tutorial.py took 0.086 seconds
[2026-01-06T14:24:39.466+1100] {processor.py:161} INFO - Started process (PID=90182) to work on /Users/fionatham/Documents/Projects/vogue_data_pipeline/venv/lib/python3.11/site-packages/airflow/example_dags/example_params_ui_tutorial.py
[2026-01-06T14:24:39.467+1100] {processor.py:830} INFO - Processing file /Users/fionatham/Documents/Projects/vogue_data_pipeline/venv/lib/python3.11/site-packages/airflow/example_dags/example_params_ui_tutorial.py for tasks to queue
[2026-01-06T14:24:39.467+1100] {logging_mixin.py:188} INFO - [2026-01-06T14:24:39.467+1100] {dagbag.py:545} INFO - Filling up the DagBag from /Users/fionatham/Documents/Projects/vogue_data_pipeline/venv/lib/python3.11/site-packages/airflow/example_dags/example_params_ui_tutorial.py
[2026-01-06T14:24:39.486+1100] {processor.py:840} INFO - DAG(s) 'example_params_ui_tutorial' retrieved from /Users/fionatham/Documents/Projects/vogue_data_pipeline/venv/lib/python3.11/site-packages/airflow/example_dags/example_params_ui_tutorial.py
[2026-01-06T14:24:39.538+1100] {logging_mixin.py:188} INFO - [2026-01-06T14:24:39.538+1100] {dag.py:3089} INFO - Sync 1 DAGs
[2026-01-06T14:24:39.541+1100] {logging_mixin.py:188} INFO - [2026-01-06T14:24:39.541+1100] {dag.py:3947} INFO - Setting next_dagrun for example_params_ui_tutorial to None, run_after=None
[2026-01-06T14:24:39.549+1100] {processor.py:183} INFO - Processing /Users/fionatham/Documents/Projects/vogue_data_pipeline/venv/lib/python3.11/site-packages/airflow/example_dags/example_params_ui_tutorial.py took 0.084 seconds
[2026-01-06T14:26:34.712+1100] {processor.py:161} INFO - Started process (PID=90486) to work on /Users/fionatham/Documents/Projects/vogue_data_pipeline/venv/lib/python3.11/site-packages/airflow/example_dags/example_params_ui_tutorial.py
[2026-01-06T14:26:34.713+1100] {processor.py:830} INFO - Processing file /Users/fionatham/Documents/Projects/vogue_data_pipeline/venv/lib/python3.11/site-packages/airflow/example_dags/example_params_ui_tutorial.py for tasks to queue
[2026-01-06T14:26:34.713+1100] {logging_mixin.py:188} INFO - [2026-01-06T14:26:34.713+1100] {dagbag.py:545} INFO - Filling up the DagBag from /Users/fionatham/Documents/Projects/vogue_data_pipeline/venv/lib/python3.11/site-packages/airflow/example_dags/example_params_ui_tutorial.py
[2026-01-06T14:26:34.730+1100] {processor.py:840} INFO - DAG(s) 'example_params_ui_tutorial' retrieved from /Users/fionatham/Documents/Projects/vogue_data_pipeline/venv/lib/python3.11/site-packages/airflow/example_dags/example_params_ui_tutorial.py
[2026-01-06T14:26:34.813+1100] {logging_mixin.py:188} INFO - [2026-01-06T14:26:34.813+1100] {dag.py:3089} INFO - Sync 1 DAGs
[2026-01-06T14:26:34.817+1100] {logging_mixin.py:188} INFO - [2026-01-06T14:26:34.817+1100] {dag.py:3947} INFO - Setting next_dagrun for example_params_ui_tutorial to None, run_after=None
[2026-01-06T14:26:34.824+1100] {processor.py:183} INFO - Processing /Users/fionatham/Documents/Projects/vogue_data_pipeline/venv/lib/python3.11/site-packages/airflow/example_dags/example_params_ui_tutorial.py took 0.113 seconds
[2026-01-06T14:28:33.028+1100] {processor.py:161} INFO - Started process (PID=90817) to work on /Users/fionatham/Documents/Projects/vogue_data_pipeline/venv/lib/python3.11/site-packages/airflow/example_dags/example_params_ui_tutorial.py
[2026-01-06T14:28:33.029+1100] {processor.py:830} INFO - Processing file /Users/fionatham/Documents/Projects/vogue_data_pipeline/venv/lib/python3.11/site-packages/airflow/example_dags/example_params_ui_tutorial.py for tasks to queue
[2026-01-06T14:28:33.029+1100] {logging_mixin.py:188} INFO - [2026-01-06T14:28:33.029+1100] {dagbag.py:545} INFO - Filling up the DagBag from /Users/fionatham/Documents/Projects/vogue_data_pipeline/venv/lib/python3.11/site-packages/airflow/example_dags/example_params_ui_tutorial.py
[2026-01-06T14:28:33.048+1100] {processor.py:840} INFO - DAG(s) 'example_params_ui_tutorial' retrieved from /Users/fionatham/Documents/Projects/vogue_data_pipeline/venv/lib/python3.11/site-packages/airflow/example_dags/example_params_ui_tutorial.py
[2026-01-06T14:28:33.103+1100] {logging_mixin.py:188} INFO - [2026-01-06T14:28:33.103+1100] {dag.py:3089} INFO - Sync 1 DAGs
[2026-01-06T14:28:33.107+1100] {logging_mixin.py:188} INFO - [2026-01-06T14:28:33.107+1100] {dag.py:3947} INFO - Setting next_dagrun for example_params_ui_tutorial to None, run_after=None
[2026-01-06T14:28:33.115+1100] {processor.py:183} INFO - Processing /Users/fionatham/Documents/Projects/vogue_data_pipeline/venv/lib/python3.11/site-packages/airflow/example_dags/example_params_ui_tutorial.py took 0.088 seconds
[2026-01-06T14:30:35.595+1100] {processor.py:161} INFO - Started process (PID=91575) to work on /Users/fionatham/Documents/Projects/vogue_data_pipeline/venv/lib/python3.11/site-packages/airflow/example_dags/example_params_ui_tutorial.py
[2026-01-06T14:30:35.595+1100] {processor.py:830} INFO - Processing file /Users/fionatham/Documents/Projects/vogue_data_pipeline/venv/lib/python3.11/site-packages/airflow/example_dags/example_params_ui_tutorial.py for tasks to queue
[2026-01-06T14:30:35.596+1100] {logging_mixin.py:188} INFO - [2026-01-06T14:30:35.595+1100] {dagbag.py:545} INFO - Filling up the DagBag from /Users/fionatham/Documents/Projects/vogue_data_pipeline/venv/lib/python3.11/site-packages/airflow/example_dags/example_params_ui_tutorial.py
[2026-01-06T14:30:35.612+1100] {processor.py:840} INFO - DAG(s) 'example_params_ui_tutorial' retrieved from /Users/fionatham/Documents/Projects/vogue_data_pipeline/venv/lib/python3.11/site-packages/airflow/example_dags/example_params_ui_tutorial.py
[2026-01-06T14:30:35.670+1100] {logging_mixin.py:188} INFO - [2026-01-06T14:30:35.669+1100] {dag.py:3089} INFO - Sync 1 DAGs
[2026-01-06T14:30:35.674+1100] {logging_mixin.py:188} INFO - [2026-01-06T14:30:35.673+1100] {dag.py:3947} INFO - Setting next_dagrun for example_params_ui_tutorial to None, run_after=None
[2026-01-06T14:30:35.682+1100] {processor.py:183} INFO - Processing /Users/fionatham/Documents/Projects/vogue_data_pipeline/venv/lib/python3.11/site-packages/airflow/example_dags/example_params_ui_tutorial.py took 0.089 seconds
[2026-01-06T14:32:34.764+1100] {processor.py:161} INFO - Started process (PID=92110) to work on /Users/fionatham/Documents/Projects/vogue_data_pipeline/venv/lib/python3.11/site-packages/airflow/example_dags/example_params_ui_tutorial.py
[2026-01-06T14:32:34.764+1100] {processor.py:830} INFO - Processing file /Users/fionatham/Documents/Projects/vogue_data_pipeline/venv/lib/python3.11/site-packages/airflow/example_dags/example_params_ui_tutorial.py for tasks to queue
[2026-01-06T14:32:34.765+1100] {logging_mixin.py:188} INFO - [2026-01-06T14:32:34.765+1100] {dagbag.py:545} INFO - Filling up the DagBag from /Users/fionatham/Documents/Projects/vogue_data_pipeline/venv/lib/python3.11/site-packages/airflow/example_dags/example_params_ui_tutorial.py
[2026-01-06T14:32:34.783+1100] {processor.py:840} INFO - DAG(s) 'example_params_ui_tutorial' retrieved from /Users/fionatham/Documents/Projects/vogue_data_pipeline/venv/lib/python3.11/site-packages/airflow/example_dags/example_params_ui_tutorial.py
[2026-01-06T14:32:34.840+1100] {logging_mixin.py:188} INFO - [2026-01-06T14:32:34.840+1100] {dag.py:3089} INFO - Sync 1 DAGs
[2026-01-06T14:32:34.844+1100] {logging_mixin.py:188} INFO - [2026-01-06T14:32:34.844+1100] {dag.py:3947} INFO - Setting next_dagrun for example_params_ui_tutorial to None, run_after=None
[2026-01-06T14:32:34.851+1100] {processor.py:183} INFO - Processing /Users/fionatham/Documents/Projects/vogue_data_pipeline/venv/lib/python3.11/site-packages/airflow/example_dags/example_params_ui_tutorial.py took 0.090 seconds
[2026-01-06T14:34:30.191+1100] {processor.py:161} INFO - Started process (PID=92380) to work on /Users/fionatham/Documents/Projects/vogue_data_pipeline/venv/lib/python3.11/site-packages/airflow/example_dags/example_params_ui_tutorial.py
[2026-01-06T14:34:30.191+1100] {processor.py:830} INFO - Processing file /Users/fionatham/Documents/Projects/vogue_data_pipeline/venv/lib/python3.11/site-packages/airflow/example_dags/example_params_ui_tutorial.py for tasks to queue
[2026-01-06T14:34:30.192+1100] {logging_mixin.py:188} INFO - [2026-01-06T14:34:30.191+1100] {dagbag.py:545} INFO - Filling up the DagBag from /Users/fionatham/Documents/Projects/vogue_data_pipeline/venv/lib/python3.11/site-packages/airflow/example_dags/example_params_ui_tutorial.py
[2026-01-06T14:34:30.209+1100] {processor.py:840} INFO - DAG(s) 'example_params_ui_tutorial' retrieved from /Users/fionatham/Documents/Projects/vogue_data_pipeline/venv/lib/python3.11/site-packages/airflow/example_dags/example_params_ui_tutorial.py
[2026-01-06T14:34:30.263+1100] {logging_mixin.py:188} INFO - [2026-01-06T14:34:30.263+1100] {dag.py:3089} INFO - Sync 1 DAGs
[2026-01-06T14:34:30.267+1100] {logging_mixin.py:188} INFO - [2026-01-06T14:34:30.267+1100] {dag.py:3947} INFO - Setting next_dagrun for example_params_ui_tutorial to None, run_after=None
[2026-01-06T14:34:30.276+1100] {processor.py:183} INFO - Processing /Users/fionatham/Documents/Projects/vogue_data_pipeline/venv/lib/python3.11/site-packages/airflow/example_dags/example_params_ui_tutorial.py took 0.087 seconds
[2026-01-06T14:36:30.099+1100] {processor.py:161} INFO - Started process (PID=92604) to work on /Users/fionatham/Documents/Projects/vogue_data_pipeline/venv/lib/python3.11/site-packages/airflow/example_dags/example_params_ui_tutorial.py
[2026-01-06T14:36:30.100+1100] {processor.py:830} INFO - Processing file /Users/fionatham/Documents/Projects/vogue_data_pipeline/venv/lib/python3.11/site-packages/airflow/example_dags/example_params_ui_tutorial.py for tasks to queue
[2026-01-06T14:36:30.100+1100] {logging_mixin.py:188} INFO - [2026-01-06T14:36:30.100+1100] {dagbag.py:545} INFO - Filling up the DagBag from /Users/fionatham/Documents/Projects/vogue_data_pipeline/venv/lib/python3.11/site-packages/airflow/example_dags/example_params_ui_tutorial.py
[2026-01-06T14:36:30.117+1100] {processor.py:840} INFO - DAG(s) 'example_params_ui_tutorial' retrieved from /Users/fionatham/Documents/Projects/vogue_data_pipeline/venv/lib/python3.11/site-packages/airflow/example_dags/example_params_ui_tutorial.py
[2026-01-06T14:36:30.178+1100] {logging_mixin.py:188} INFO - [2026-01-06T14:36:30.178+1100] {dag.py:3089} INFO - Sync 1 DAGs
[2026-01-06T14:36:30.182+1100] {logging_mixin.py:188} INFO - [2026-01-06T14:36:30.182+1100] {dag.py:3947} INFO - Setting next_dagrun for example_params_ui_tutorial to None, run_after=None
[2026-01-06T14:36:30.190+1100] {processor.py:183} INFO - Processing /Users/fionatham/Documents/Projects/vogue_data_pipeline/venv/lib/python3.11/site-packages/airflow/example_dags/example_params_ui_tutorial.py took 0.092 seconds
[2026-01-06T14:38:32.952+1100] {processor.py:161} INFO - Started process (PID=92852) to work on /Users/fionatham/Documents/Projects/vogue_data_pipeline/venv/lib/python3.11/site-packages/airflow/example_dags/example_params_ui_tutorial.py
[2026-01-06T14:38:32.953+1100] {processor.py:830} INFO - Processing file /Users/fionatham/Documents/Projects/vogue_data_pipeline/venv/lib/python3.11/site-packages/airflow/example_dags/example_params_ui_tutorial.py for tasks to queue
[2026-01-06T14:38:32.953+1100] {logging_mixin.py:188} INFO - [2026-01-06T14:38:32.953+1100] {dagbag.py:545} INFO - Filling up the DagBag from /Users/fionatham/Documents/Projects/vogue_data_pipeline/venv/lib/python3.11/site-packages/airflow/example_dags/example_params_ui_tutorial.py
[2026-01-06T14:38:32.970+1100] {processor.py:840} INFO - DAG(s) 'example_params_ui_tutorial' retrieved from /Users/fionatham/Documents/Projects/vogue_data_pipeline/venv/lib/python3.11/site-packages/airflow/example_dags/example_params_ui_tutorial.py
[2026-01-06T14:38:33.030+1100] {logging_mixin.py:188} INFO - [2026-01-06T14:38:33.030+1100] {dag.py:3089} INFO - Sync 1 DAGs
[2026-01-06T14:38:33.034+1100] {logging_mixin.py:188} INFO - [2026-01-06T14:38:33.034+1100] {dag.py:3947} INFO - Setting next_dagrun for example_params_ui_tutorial to None, run_after=None
[2026-01-06T14:38:33.043+1100] {processor.py:183} INFO - Processing /Users/fionatham/Documents/Projects/vogue_data_pipeline/venv/lib/python3.11/site-packages/airflow/example_dags/example_params_ui_tutorial.py took 0.093 seconds
[2026-01-06T14:40:27.828+1100] {processor.py:161} INFO - Started process (PID=92934) to work on /Users/fionatham/Documents/Projects/vogue_data_pipeline/venv/lib/python3.11/site-packages/airflow/example_dags/example_params_ui_tutorial.py
[2026-01-06T14:40:27.828+1100] {processor.py:830} INFO - Processing file /Users/fionatham/Documents/Projects/vogue_data_pipeline/venv/lib/python3.11/site-packages/airflow/example_dags/example_params_ui_tutorial.py for tasks to queue
[2026-01-06T14:40:27.829+1100] {logging_mixin.py:188} INFO - [2026-01-06T14:40:27.828+1100] {dagbag.py:545} INFO - Filling up the DagBag from /Users/fionatham/Documents/Projects/vogue_data_pipeline/venv/lib/python3.11/site-packages/airflow/example_dags/example_params_ui_tutorial.py
[2026-01-06T14:40:27.847+1100] {processor.py:840} INFO - DAG(s) 'example_params_ui_tutorial' retrieved from /Users/fionatham/Documents/Projects/vogue_data_pipeline/venv/lib/python3.11/site-packages/airflow/example_dags/example_params_ui_tutorial.py
[2026-01-06T14:40:27.901+1100] {logging_mixin.py:188} INFO - [2026-01-06T14:40:27.900+1100] {dag.py:3089} INFO - Sync 1 DAGs
[2026-01-06T14:40:27.904+1100] {logging_mixin.py:188} INFO - [2026-01-06T14:40:27.904+1100] {dag.py:3947} INFO - Setting next_dagrun for example_params_ui_tutorial to None, run_after=None
[2026-01-06T14:40:27.912+1100] {processor.py:183} INFO - Processing /Users/fionatham/Documents/Projects/vogue_data_pipeline/venv/lib/python3.11/site-packages/airflow/example_dags/example_params_ui_tutorial.py took 0.086 seconds
[2026-01-06T14:42:20.471+1100] {processor.py:161} INFO - Started process (PID=93013) to work on /Users/fionatham/Documents/Projects/vogue_data_pipeline/venv/lib/python3.11/site-packages/airflow/example_dags/example_params_ui_tutorial.py
[2026-01-06T14:42:20.471+1100] {processor.py:830} INFO - Processing file /Users/fionatham/Documents/Projects/vogue_data_pipeline/venv/lib/python3.11/site-packages/airflow/example_dags/example_params_ui_tutorial.py for tasks to queue
[2026-01-06T14:42:20.472+1100] {logging_mixin.py:188} INFO - [2026-01-06T14:42:20.472+1100] {dagbag.py:545} INFO - Filling up the DagBag from /Users/fionatham/Documents/Projects/vogue_data_pipeline/venv/lib/python3.11/site-packages/airflow/example_dags/example_params_ui_tutorial.py
[2026-01-06T14:42:20.489+1100] {processor.py:840} INFO - DAG(s) 'example_params_ui_tutorial' retrieved from /Users/fionatham/Documents/Projects/vogue_data_pipeline/venv/lib/python3.11/site-packages/airflow/example_dags/example_params_ui_tutorial.py
[2026-01-06T14:42:20.544+1100] {logging_mixin.py:188} INFO - [2026-01-06T14:42:20.544+1100] {dag.py:3089} INFO - Sync 1 DAGs
[2026-01-06T14:42:20.549+1100] {logging_mixin.py:188} INFO - [2026-01-06T14:42:20.549+1100] {dag.py:3947} INFO - Setting next_dagrun for example_params_ui_tutorial to None, run_after=None
[2026-01-06T14:42:20.557+1100] {processor.py:183} INFO - Processing /Users/fionatham/Documents/Projects/vogue_data_pipeline/venv/lib/python3.11/site-packages/airflow/example_dags/example_params_ui_tutorial.py took 0.087 seconds
[2026-01-06T14:44:16.921+1100] {processor.py:161} INFO - Started process (PID=93091) to work on /Users/fionatham/Documents/Projects/vogue_data_pipeline/venv/lib/python3.11/site-packages/airflow/example_dags/example_params_ui_tutorial.py
[2026-01-06T14:44:16.922+1100] {processor.py:830} INFO - Processing file /Users/fionatham/Documents/Projects/vogue_data_pipeline/venv/lib/python3.11/site-packages/airflow/example_dags/example_params_ui_tutorial.py for tasks to queue
[2026-01-06T14:44:16.922+1100] {logging_mixin.py:188} INFO - [2026-01-06T14:44:16.922+1100] {dagbag.py:545} INFO - Filling up the DagBag from /Users/fionatham/Documents/Projects/vogue_data_pipeline/venv/lib/python3.11/site-packages/airflow/example_dags/example_params_ui_tutorial.py
[2026-01-06T14:44:16.940+1100] {processor.py:840} INFO - DAG(s) 'example_params_ui_tutorial' retrieved from /Users/fionatham/Documents/Projects/vogue_data_pipeline/venv/lib/python3.11/site-packages/airflow/example_dags/example_params_ui_tutorial.py
[2026-01-06T14:44:16.995+1100] {logging_mixin.py:188} INFO - [2026-01-06T14:44:16.995+1100] {dag.py:3089} INFO - Sync 1 DAGs
[2026-01-06T14:44:17.000+1100] {logging_mixin.py:188} INFO - [2026-01-06T14:44:16.999+1100] {dag.py:3947} INFO - Setting next_dagrun for example_params_ui_tutorial to None, run_after=None
[2026-01-06T14:44:17.008+1100] {processor.py:183} INFO - Processing /Users/fionatham/Documents/Projects/vogue_data_pipeline/venv/lib/python3.11/site-packages/airflow/example_dags/example_params_ui_tutorial.py took 0.088 seconds
[2026-01-06T14:46:13.143+1100] {processor.py:161} INFO - Started process (PID=93172) to work on /Users/fionatham/Documents/Projects/vogue_data_pipeline/venv/lib/python3.11/site-packages/airflow/example_dags/example_params_ui_tutorial.py
[2026-01-06T14:46:13.144+1100] {processor.py:830} INFO - Processing file /Users/fionatham/Documents/Projects/vogue_data_pipeline/venv/lib/python3.11/site-packages/airflow/example_dags/example_params_ui_tutorial.py for tasks to queue
[2026-01-06T14:46:13.144+1100] {logging_mixin.py:188} INFO - [2026-01-06T14:46:13.144+1100] {dagbag.py:545} INFO - Filling up the DagBag from /Users/fionatham/Documents/Projects/vogue_data_pipeline/venv/lib/python3.11/site-packages/airflow/example_dags/example_params_ui_tutorial.py
[2026-01-06T14:46:13.160+1100] {processor.py:840} INFO - DAG(s) 'example_params_ui_tutorial' retrieved from /Users/fionatham/Documents/Projects/vogue_data_pipeline/venv/lib/python3.11/site-packages/airflow/example_dags/example_params_ui_tutorial.py
[2026-01-06T14:46:13.211+1100] {logging_mixin.py:188} INFO - [2026-01-06T14:46:13.211+1100] {dag.py:3089} INFO - Sync 1 DAGs
[2026-01-06T14:46:13.215+1100] {logging_mixin.py:188} INFO - [2026-01-06T14:46:13.215+1100] {dag.py:3947} INFO - Setting next_dagrun for example_params_ui_tutorial to None, run_after=None
[2026-01-06T14:46:13.222+1100] {processor.py:183} INFO - Processing /Users/fionatham/Documents/Projects/vogue_data_pipeline/venv/lib/python3.11/site-packages/airflow/example_dags/example_params_ui_tutorial.py took 0.080 seconds
[2026-01-06T14:48:09.643+1100] {processor.py:161} INFO - Started process (PID=93254) to work on /Users/fionatham/Documents/Projects/vogue_data_pipeline/venv/lib/python3.11/site-packages/airflow/example_dags/example_params_ui_tutorial.py
[2026-01-06T14:48:09.643+1100] {processor.py:830} INFO - Processing file /Users/fionatham/Documents/Projects/vogue_data_pipeline/venv/lib/python3.11/site-packages/airflow/example_dags/example_params_ui_tutorial.py for tasks to queue
[2026-01-06T14:48:09.644+1100] {logging_mixin.py:188} INFO - [2026-01-06T14:48:09.643+1100] {dagbag.py:545} INFO - Filling up the DagBag from /Users/fionatham/Documents/Projects/vogue_data_pipeline/venv/lib/python3.11/site-packages/airflow/example_dags/example_params_ui_tutorial.py
[2026-01-06T14:48:09.661+1100] {processor.py:840} INFO - DAG(s) 'example_params_ui_tutorial' retrieved from /Users/fionatham/Documents/Projects/vogue_data_pipeline/venv/lib/python3.11/site-packages/airflow/example_dags/example_params_ui_tutorial.py
[2026-01-06T14:48:09.712+1100] {logging_mixin.py:188} INFO - [2026-01-06T14:48:09.712+1100] {dag.py:3089} INFO - Sync 1 DAGs
[2026-01-06T14:48:09.716+1100] {logging_mixin.py:188} INFO - [2026-01-06T14:48:09.716+1100] {dag.py:3947} INFO - Setting next_dagrun for example_params_ui_tutorial to None, run_after=None
[2026-01-06T14:48:09.723+1100] {processor.py:183} INFO - Processing /Users/fionatham/Documents/Projects/vogue_data_pipeline/venv/lib/python3.11/site-packages/airflow/example_dags/example_params_ui_tutorial.py took 0.082 seconds
[2026-01-06T14:50:08.958+1100] {processor.py:161} INFO - Started process (PID=93359) to work on /Users/fionatham/Documents/Projects/vogue_data_pipeline/venv/lib/python3.11/site-packages/airflow/example_dags/example_params_ui_tutorial.py
[2026-01-06T14:50:08.959+1100] {processor.py:830} INFO - Processing file /Users/fionatham/Documents/Projects/vogue_data_pipeline/venv/lib/python3.11/site-packages/airflow/example_dags/example_params_ui_tutorial.py for tasks to queue
[2026-01-06T14:50:08.959+1100] {logging_mixin.py:188} INFO - [2026-01-06T14:50:08.959+1100] {dagbag.py:545} INFO - Filling up the DagBag from /Users/fionatham/Documents/Projects/vogue_data_pipeline/venv/lib/python3.11/site-packages/airflow/example_dags/example_params_ui_tutorial.py
[2026-01-06T14:50:08.975+1100] {processor.py:840} INFO - DAG(s) 'example_params_ui_tutorial' retrieved from /Users/fionatham/Documents/Projects/vogue_data_pipeline/venv/lib/python3.11/site-packages/airflow/example_dags/example_params_ui_tutorial.py
[2026-01-06T14:50:09.026+1100] {logging_mixin.py:188} INFO - [2026-01-06T14:50:09.026+1100] {dag.py:3089} INFO - Sync 1 DAGs
[2026-01-06T14:50:09.030+1100] {logging_mixin.py:188} INFO - [2026-01-06T14:50:09.030+1100] {dag.py:3947} INFO - Setting next_dagrun for example_params_ui_tutorial to None, run_after=None
[2026-01-06T14:50:09.036+1100] {processor.py:183} INFO - Processing /Users/fionatham/Documents/Projects/vogue_data_pipeline/venv/lib/python3.11/site-packages/airflow/example_dags/example_params_ui_tutorial.py took 0.079 seconds
[2026-01-06T14:52:01.397+1100] {processor.py:161} INFO - Started process (PID=93457) to work on /Users/fionatham/Documents/Projects/vogue_data_pipeline/venv/lib/python3.11/site-packages/airflow/example_dags/example_params_ui_tutorial.py
[2026-01-06T14:52:01.397+1100] {processor.py:830} INFO - Processing file /Users/fionatham/Documents/Projects/vogue_data_pipeline/venv/lib/python3.11/site-packages/airflow/example_dags/example_params_ui_tutorial.py for tasks to queue
[2026-01-06T14:52:01.398+1100] {logging_mixin.py:188} INFO - [2026-01-06T14:52:01.398+1100] {dagbag.py:545} INFO - Filling up the DagBag from /Users/fionatham/Documents/Projects/vogue_data_pipeline/venv/lib/python3.11/site-packages/airflow/example_dags/example_params_ui_tutorial.py
[2026-01-06T14:52:01.414+1100] {processor.py:840} INFO - DAG(s) 'example_params_ui_tutorial' retrieved from /Users/fionatham/Documents/Projects/vogue_data_pipeline/venv/lib/python3.11/site-packages/airflow/example_dags/example_params_ui_tutorial.py
[2026-01-06T14:52:01.465+1100] {logging_mixin.py:188} INFO - [2026-01-06T14:52:01.464+1100] {dag.py:3089} INFO - Sync 1 DAGs
[2026-01-06T14:52:01.468+1100] {logging_mixin.py:188} INFO - [2026-01-06T14:52:01.468+1100] {dag.py:3947} INFO - Setting next_dagrun for example_params_ui_tutorial to None, run_after=None
[2026-01-06T14:52:01.475+1100] {processor.py:183} INFO - Processing /Users/fionatham/Documents/Projects/vogue_data_pipeline/venv/lib/python3.11/site-packages/airflow/example_dags/example_params_ui_tutorial.py took 0.080 seconds
[2026-01-06T14:53:57.313+1100] {processor.py:161} INFO - Started process (PID=93612) to work on /Users/fionatham/Documents/Projects/vogue_data_pipeline/venv/lib/python3.11/site-packages/airflow/example_dags/example_params_ui_tutorial.py
[2026-01-06T14:53:57.314+1100] {processor.py:830} INFO - Processing file /Users/fionatham/Documents/Projects/vogue_data_pipeline/venv/lib/python3.11/site-packages/airflow/example_dags/example_params_ui_tutorial.py for tasks to queue
[2026-01-06T14:53:57.314+1100] {logging_mixin.py:188} INFO - [2026-01-06T14:53:57.314+1100] {dagbag.py:545} INFO - Filling up the DagBag from /Users/fionatham/Documents/Projects/vogue_data_pipeline/venv/lib/python3.11/site-packages/airflow/example_dags/example_params_ui_tutorial.py
[2026-01-06T14:53:57.330+1100] {processor.py:840} INFO - DAG(s) 'example_params_ui_tutorial' retrieved from /Users/fionatham/Documents/Projects/vogue_data_pipeline/venv/lib/python3.11/site-packages/airflow/example_dags/example_params_ui_tutorial.py
[2026-01-06T14:53:57.389+1100] {logging_mixin.py:188} INFO - [2026-01-06T14:53:57.388+1100] {dag.py:3089} INFO - Sync 1 DAGs
[2026-01-06T14:53:57.393+1100] {logging_mixin.py:188} INFO - [2026-01-06T14:53:57.392+1100] {dag.py:3947} INFO - Setting next_dagrun for example_params_ui_tutorial to None, run_after=None
[2026-01-06T14:53:57.400+1100] {processor.py:183} INFO - Processing /Users/fionatham/Documents/Projects/vogue_data_pipeline/venv/lib/python3.11/site-packages/airflow/example_dags/example_params_ui_tutorial.py took 0.089 seconds
[2026-01-06T14:55:54.621+1100] {processor.py:161} INFO - Started process (PID=93764) to work on /Users/fionatham/Documents/Projects/vogue_data_pipeline/venv/lib/python3.11/site-packages/airflow/example_dags/example_params_ui_tutorial.py
[2026-01-06T14:55:54.622+1100] {processor.py:830} INFO - Processing file /Users/fionatham/Documents/Projects/vogue_data_pipeline/venv/lib/python3.11/site-packages/airflow/example_dags/example_params_ui_tutorial.py for tasks to queue
[2026-01-06T14:55:54.622+1100] {logging_mixin.py:188} INFO - [2026-01-06T14:55:54.622+1100] {dagbag.py:545} INFO - Filling up the DagBag from /Users/fionatham/Documents/Projects/vogue_data_pipeline/venv/lib/python3.11/site-packages/airflow/example_dags/example_params_ui_tutorial.py
[2026-01-06T14:55:54.638+1100] {processor.py:840} INFO - DAG(s) 'example_params_ui_tutorial' retrieved from /Users/fionatham/Documents/Projects/vogue_data_pipeline/venv/lib/python3.11/site-packages/airflow/example_dags/example_params_ui_tutorial.py
[2026-01-06T14:55:54.692+1100] {logging_mixin.py:188} INFO - [2026-01-06T14:55:54.692+1100] {dag.py:3089} INFO - Sync 1 DAGs
[2026-01-06T14:55:54.696+1100] {logging_mixin.py:188} INFO - [2026-01-06T14:55:54.696+1100] {dag.py:3947} INFO - Setting next_dagrun for example_params_ui_tutorial to None, run_after=None
[2026-01-06T14:55:54.704+1100] {processor.py:183} INFO - Processing /Users/fionatham/Documents/Projects/vogue_data_pipeline/venv/lib/python3.11/site-packages/airflow/example_dags/example_params_ui_tutorial.py took 0.084 seconds
[2026-01-06T14:57:53.412+1100] {processor.py:161} INFO - Started process (PID=93873) to work on /Users/fionatham/Documents/Projects/vogue_data_pipeline/venv/lib/python3.11/site-packages/airflow/example_dags/example_params_ui_tutorial.py
[2026-01-06T14:57:53.413+1100] {processor.py:830} INFO - Processing file /Users/fionatham/Documents/Projects/vogue_data_pipeline/venv/lib/python3.11/site-packages/airflow/example_dags/example_params_ui_tutorial.py for tasks to queue
[2026-01-06T14:57:53.413+1100] {logging_mixin.py:188} INFO - [2026-01-06T14:57:53.413+1100] {dagbag.py:545} INFO - Filling up the DagBag from /Users/fionatham/Documents/Projects/vogue_data_pipeline/venv/lib/python3.11/site-packages/airflow/example_dags/example_params_ui_tutorial.py
[2026-01-06T14:57:53.430+1100] {processor.py:840} INFO - DAG(s) 'example_params_ui_tutorial' retrieved from /Users/fionatham/Documents/Projects/vogue_data_pipeline/venv/lib/python3.11/site-packages/airflow/example_dags/example_params_ui_tutorial.py
[2026-01-06T14:57:53.485+1100] {logging_mixin.py:188} INFO - [2026-01-06T14:57:53.485+1100] {dag.py:3089} INFO - Sync 1 DAGs
[2026-01-06T14:57:53.489+1100] {logging_mixin.py:188} INFO - [2026-01-06T14:57:53.489+1100] {dag.py:3947} INFO - Setting next_dagrun for example_params_ui_tutorial to None, run_after=None
[2026-01-06T14:57:53.498+1100] {processor.py:183} INFO - Processing /Users/fionatham/Documents/Projects/vogue_data_pipeline/venv/lib/python3.11/site-packages/airflow/example_dags/example_params_ui_tutorial.py took 0.087 seconds
[2026-01-06T14:59:51.179+1100] {processor.py:161} INFO - Started process (PID=94054) to work on /Users/fionatham/Documents/Projects/vogue_data_pipeline/venv/lib/python3.11/site-packages/airflow/example_dags/example_params_ui_tutorial.py
[2026-01-06T14:59:51.180+1100] {processor.py:830} INFO - Processing file /Users/fionatham/Documents/Projects/vogue_data_pipeline/venv/lib/python3.11/site-packages/airflow/example_dags/example_params_ui_tutorial.py for tasks to queue
[2026-01-06T14:59:51.180+1100] {logging_mixin.py:188} INFO - [2026-01-06T14:59:51.180+1100] {dagbag.py:545} INFO - Filling up the DagBag from /Users/fionatham/Documents/Projects/vogue_data_pipeline/venv/lib/python3.11/site-packages/airflow/example_dags/example_params_ui_tutorial.py
[2026-01-06T14:59:51.196+1100] {processor.py:840} INFO - DAG(s) 'example_params_ui_tutorial' retrieved from /Users/fionatham/Documents/Projects/vogue_data_pipeline/venv/lib/python3.11/site-packages/airflow/example_dags/example_params_ui_tutorial.py
[2026-01-06T14:59:51.246+1100] {logging_mixin.py:188} INFO - [2026-01-06T14:59:51.246+1100] {dag.py:3089} INFO - Sync 1 DAGs
[2026-01-06T14:59:51.250+1100] {logging_mixin.py:188} INFO - [2026-01-06T14:59:51.250+1100] {dag.py:3947} INFO - Setting next_dagrun for example_params_ui_tutorial to None, run_after=None
[2026-01-06T14:59:51.257+1100] {processor.py:183} INFO - Processing /Users/fionatham/Documents/Projects/vogue_data_pipeline/venv/lib/python3.11/site-packages/airflow/example_dags/example_params_ui_tutorial.py took 0.080 seconds
[2026-01-06T15:01:50.795+1100] {processor.py:161} INFO - Started process (PID=94190) to work on /Users/fionatham/Documents/Projects/vogue_data_pipeline/venv/lib/python3.11/site-packages/airflow/example_dags/example_params_ui_tutorial.py
[2026-01-06T15:01:50.795+1100] {processor.py:830} INFO - Processing file /Users/fionatham/Documents/Projects/vogue_data_pipeline/venv/lib/python3.11/site-packages/airflow/example_dags/example_params_ui_tutorial.py for tasks to queue
[2026-01-06T15:01:50.796+1100] {logging_mixin.py:188} INFO - [2026-01-06T15:01:50.796+1100] {dagbag.py:545} INFO - Filling up the DagBag from /Users/fionatham/Documents/Projects/vogue_data_pipeline/venv/lib/python3.11/site-packages/airflow/example_dags/example_params_ui_tutorial.py
[2026-01-06T15:01:50.813+1100] {processor.py:840} INFO - DAG(s) 'example_params_ui_tutorial' retrieved from /Users/fionatham/Documents/Projects/vogue_data_pipeline/venv/lib/python3.11/site-packages/airflow/example_dags/example_params_ui_tutorial.py
[2026-01-06T15:01:50.868+1100] {logging_mixin.py:188} INFO - [2026-01-06T15:01:50.868+1100] {dag.py:3089} INFO - Sync 1 DAGs
[2026-01-06T15:01:50.872+1100] {logging_mixin.py:188} INFO - [2026-01-06T15:01:50.872+1100] {dag.py:3947} INFO - Setting next_dagrun for example_params_ui_tutorial to None, run_after=None
[2026-01-06T15:01:50.881+1100] {processor.py:183} INFO - Processing /Users/fionatham/Documents/Projects/vogue_data_pipeline/venv/lib/python3.11/site-packages/airflow/example_dags/example_params_ui_tutorial.py took 0.088 seconds
[2026-01-06T15:03:50.474+1100] {processor.py:161} INFO - Started process (PID=94538) to work on /Users/fionatham/Documents/Projects/vogue_data_pipeline/venv/lib/python3.11/site-packages/airflow/example_dags/example_params_ui_tutorial.py
[2026-01-06T15:03:50.475+1100] {processor.py:830} INFO - Processing file /Users/fionatham/Documents/Projects/vogue_data_pipeline/venv/lib/python3.11/site-packages/airflow/example_dags/example_params_ui_tutorial.py for tasks to queue
[2026-01-06T15:03:50.475+1100] {logging_mixin.py:188} INFO - [2026-01-06T15:03:50.475+1100] {dagbag.py:545} INFO - Filling up the DagBag from /Users/fionatham/Documents/Projects/vogue_data_pipeline/venv/lib/python3.11/site-packages/airflow/example_dags/example_params_ui_tutorial.py
[2026-01-06T15:03:50.492+1100] {processor.py:840} INFO - DAG(s) 'example_params_ui_tutorial' retrieved from /Users/fionatham/Documents/Projects/vogue_data_pipeline/venv/lib/python3.11/site-packages/airflow/example_dags/example_params_ui_tutorial.py
[2026-01-06T15:03:50.558+1100] {logging_mixin.py:188} INFO - [2026-01-06T15:03:50.558+1100] {dag.py:3089} INFO - Sync 1 DAGs
[2026-01-06T15:03:50.562+1100] {logging_mixin.py:188} INFO - [2026-01-06T15:03:50.562+1100] {dag.py:3947} INFO - Setting next_dagrun for example_params_ui_tutorial to None, run_after=None
[2026-01-06T15:03:50.571+1100] {processor.py:183} INFO - Processing /Users/fionatham/Documents/Projects/vogue_data_pipeline/venv/lib/python3.11/site-packages/airflow/example_dags/example_params_ui_tutorial.py took 0.099 seconds
[2026-01-06T15:05:50.472+1100] {processor.py:161} INFO - Started process (PID=94638) to work on /Users/fionatham/Documents/Projects/vogue_data_pipeline/venv/lib/python3.11/site-packages/airflow/example_dags/example_params_ui_tutorial.py
[2026-01-06T15:05:50.472+1100] {processor.py:830} INFO - Processing file /Users/fionatham/Documents/Projects/vogue_data_pipeline/venv/lib/python3.11/site-packages/airflow/example_dags/example_params_ui_tutorial.py for tasks to queue
[2026-01-06T15:05:50.473+1100] {logging_mixin.py:188} INFO - [2026-01-06T15:05:50.473+1100] {dagbag.py:545} INFO - Filling up the DagBag from /Users/fionatham/Documents/Projects/vogue_data_pipeline/venv/lib/python3.11/site-packages/airflow/example_dags/example_params_ui_tutorial.py
[2026-01-06T15:05:50.490+1100] {processor.py:840} INFO - DAG(s) 'example_params_ui_tutorial' retrieved from /Users/fionatham/Documents/Projects/vogue_data_pipeline/venv/lib/python3.11/site-packages/airflow/example_dags/example_params_ui_tutorial.py
[2026-01-06T15:05:50.558+1100] {logging_mixin.py:188} INFO - [2026-01-06T15:05:50.558+1100] {dag.py:3089} INFO - Sync 1 DAGs
[2026-01-06T15:05:50.562+1100] {logging_mixin.py:188} INFO - [2026-01-06T15:05:50.562+1100] {dag.py:3947} INFO - Setting next_dagrun for example_params_ui_tutorial to None, run_after=None
[2026-01-06T15:05:50.570+1100] {processor.py:183} INFO - Processing /Users/fionatham/Documents/Projects/vogue_data_pipeline/venv/lib/python3.11/site-packages/airflow/example_dags/example_params_ui_tutorial.py took 0.100 seconds
[2026-01-06T15:12:49.990+1100] {processor.py:161} INFO - Started process (PID=95278) to work on /Users/fionatham/Documents/Projects/vogue_data_pipeline/venv/lib/python3.11/site-packages/airflow/example_dags/example_params_ui_tutorial.py
[2026-01-06T15:12:49.991+1100] {processor.py:830} INFO - Processing file /Users/fionatham/Documents/Projects/vogue_data_pipeline/venv/lib/python3.11/site-packages/airflow/example_dags/example_params_ui_tutorial.py for tasks to queue
[2026-01-06T15:12:49.991+1100] {logging_mixin.py:188} INFO - [2026-01-06T15:12:49.991+1100] {dagbag.py:545} INFO - Filling up the DagBag from /Users/fionatham/Documents/Projects/vogue_data_pipeline/venv/lib/python3.11/site-packages/airflow/example_dags/example_params_ui_tutorial.py
[2026-01-06T15:12:50.011+1100] {processor.py:840} INFO - DAG(s) 'example_params_ui_tutorial' retrieved from /Users/fionatham/Documents/Projects/vogue_data_pipeline/venv/lib/python3.11/site-packages/airflow/example_dags/example_params_ui_tutorial.py
[2026-01-06T15:12:50.080+1100] {logging_mixin.py:188} INFO - [2026-01-06T15:12:50.080+1100] {dag.py:3089} INFO - Sync 1 DAGs
[2026-01-06T15:12:50.084+1100] {logging_mixin.py:188} INFO - [2026-01-06T15:12:50.083+1100] {dag.py:3947} INFO - Setting next_dagrun for example_params_ui_tutorial to None, run_after=None
[2026-01-06T15:12:50.092+1100] {processor.py:183} INFO - Processing /Users/fionatham/Documents/Projects/vogue_data_pipeline/venv/lib/python3.11/site-packages/airflow/example_dags/example_params_ui_tutorial.py took 0.104 seconds
[2026-01-06T15:14:23.464+1100] {processor.py:161} INFO - Started process (PID=95385) to work on /Users/fionatham/Documents/Projects/vogue_data_pipeline/venv/lib/python3.11/site-packages/airflow/example_dags/example_params_ui_tutorial.py
[2026-01-06T15:14:23.464+1100] {processor.py:830} INFO - Processing file /Users/fionatham/Documents/Projects/vogue_data_pipeline/venv/lib/python3.11/site-packages/airflow/example_dags/example_params_ui_tutorial.py for tasks to queue
[2026-01-06T15:14:23.465+1100] {logging_mixin.py:188} INFO - [2026-01-06T15:14:23.465+1100] {dagbag.py:545} INFO - Filling up the DagBag from /Users/fionatham/Documents/Projects/vogue_data_pipeline/venv/lib/python3.11/site-packages/airflow/example_dags/example_params_ui_tutorial.py
[2026-01-06T15:14:23.481+1100] {processor.py:840} INFO - DAG(s) 'example_params_ui_tutorial' retrieved from /Users/fionatham/Documents/Projects/vogue_data_pipeline/venv/lib/python3.11/site-packages/airflow/example_dags/example_params_ui_tutorial.py
[2026-01-06T15:14:23.535+1100] {logging_mixin.py:188} INFO - [2026-01-06T15:14:23.535+1100] {dag.py:3089} INFO - Sync 1 DAGs
[2026-01-06T15:14:23.539+1100] {logging_mixin.py:188} INFO - [2026-01-06T15:14:23.539+1100] {dag.py:3947} INFO - Setting next_dagrun for example_params_ui_tutorial to None, run_after=None
[2026-01-06T15:14:23.546+1100] {processor.py:183} INFO - Processing /Users/fionatham/Documents/Projects/vogue_data_pipeline/venv/lib/python3.11/site-packages/airflow/example_dags/example_params_ui_tutorial.py took 0.084 seconds
[2026-01-06T18:16:28.720+1100] {processor.py:161} INFO - Started process (PID=95588) to work on /Users/fionatham/Documents/Projects/vogue_data_pipeline/venv/lib/python3.11/site-packages/airflow/example_dags/example_params_ui_tutorial.py
[2026-01-06T18:16:28.720+1100] {processor.py:830} INFO - Processing file /Users/fionatham/Documents/Projects/vogue_data_pipeline/venv/lib/python3.11/site-packages/airflow/example_dags/example_params_ui_tutorial.py for tasks to queue
[2026-01-06T18:16:28.721+1100] {logging_mixin.py:188} INFO - [2026-01-06T18:16:28.720+1100] {dagbag.py:545} INFO - Filling up the DagBag from /Users/fionatham/Documents/Projects/vogue_data_pipeline/venv/lib/python3.11/site-packages/airflow/example_dags/example_params_ui_tutorial.py
[2026-01-06T18:16:28.737+1100] {processor.py:840} INFO - DAG(s) 'example_params_ui_tutorial' retrieved from /Users/fionatham/Documents/Projects/vogue_data_pipeline/venv/lib/python3.11/site-packages/airflow/example_dags/example_params_ui_tutorial.py
[2026-01-06T18:16:28.788+1100] {logging_mixin.py:188} INFO - [2026-01-06T18:16:28.788+1100] {dag.py:3089} INFO - Sync 1 DAGs
[2026-01-06T18:16:28.791+1100] {logging_mixin.py:188} INFO - [2026-01-06T18:16:28.791+1100] {dag.py:3947} INFO - Setting next_dagrun for example_params_ui_tutorial to None, run_after=None
[2026-01-06T18:16:28.798+1100] {processor.py:183} INFO - Processing /Users/fionatham/Documents/Projects/vogue_data_pipeline/venv/lib/python3.11/site-packages/airflow/example_dags/example_params_ui_tutorial.py took 0.079 seconds
[2026-01-06T20:51:45.942+1100] {processor.py:161} INFO - Started process (PID=95745) to work on /Users/fionatham/Documents/Projects/vogue_data_pipeline/venv/lib/python3.11/site-packages/airflow/example_dags/example_params_ui_tutorial.py
[2026-01-06T20:51:45.943+1100] {processor.py:830} INFO - Processing file /Users/fionatham/Documents/Projects/vogue_data_pipeline/venv/lib/python3.11/site-packages/airflow/example_dags/example_params_ui_tutorial.py for tasks to queue
[2026-01-06T20:51:45.943+1100] {logging_mixin.py:188} INFO - [2026-01-06T20:51:45.943+1100] {dagbag.py:545} INFO - Filling up the DagBag from /Users/fionatham/Documents/Projects/vogue_data_pipeline/venv/lib/python3.11/site-packages/airflow/example_dags/example_params_ui_tutorial.py
[2026-01-06T20:51:45.969+1100] {processor.py:840} INFO - DAG(s) 'example_params_ui_tutorial' retrieved from /Users/fionatham/Documents/Projects/vogue_data_pipeline/venv/lib/python3.11/site-packages/airflow/example_dags/example_params_ui_tutorial.py
[2026-01-06T20:51:46.051+1100] {logging_mixin.py:188} INFO - [2026-01-06T20:51:46.051+1100] {dag.py:3089} INFO - Sync 1 DAGs
[2026-01-06T20:51:46.057+1100] {logging_mixin.py:188} INFO - [2026-01-06T20:51:46.057+1100] {dag.py:3947} INFO - Setting next_dagrun for example_params_ui_tutorial to None, run_after=None
[2026-01-06T20:51:46.068+1100] {processor.py:183} INFO - Processing /Users/fionatham/Documents/Projects/vogue_data_pipeline/venv/lib/python3.11/site-packages/airflow/example_dags/example_params_ui_tutorial.py took 0.128 seconds
[2026-01-06T21:49:42.751+1100] {processor.py:161} INFO - Started process (PID=95867) to work on /Users/fionatham/Documents/Projects/vogue_data_pipeline/venv/lib/python3.11/site-packages/airflow/example_dags/example_params_ui_tutorial.py
[2026-01-06T21:49:42.752+1100] {processor.py:830} INFO - Processing file /Users/fionatham/Documents/Projects/vogue_data_pipeline/venv/lib/python3.11/site-packages/airflow/example_dags/example_params_ui_tutorial.py for tasks to queue
[2026-01-06T21:49:42.752+1100] {logging_mixin.py:188} INFO - [2026-01-06T21:49:42.752+1100] {dagbag.py:545} INFO - Filling up the DagBag from /Users/fionatham/Documents/Projects/vogue_data_pipeline/venv/lib/python3.11/site-packages/airflow/example_dags/example_params_ui_tutorial.py
[2026-01-06T21:49:42.770+1100] {processor.py:840} INFO - DAG(s) 'example_params_ui_tutorial' retrieved from /Users/fionatham/Documents/Projects/vogue_data_pipeline/venv/lib/python3.11/site-packages/airflow/example_dags/example_params_ui_tutorial.py
[2026-01-06T21:49:42.825+1100] {logging_mixin.py:188} INFO - [2026-01-06T21:49:42.825+1100] {dag.py:3089} INFO - Sync 1 DAGs
[2026-01-06T21:49:42.831+1100] {logging_mixin.py:188} INFO - [2026-01-06T21:49:42.831+1100] {dag.py:3947} INFO - Setting next_dagrun for example_params_ui_tutorial to None, run_after=None
[2026-01-06T21:49:42.841+1100] {processor.py:183} INFO - Processing /Users/fionatham/Documents/Projects/vogue_data_pipeline/venv/lib/python3.11/site-packages/airflow/example_dags/example_params_ui_tutorial.py took 0.091 seconds
[2026-01-06T23:39:08.089+1100] {processor.py:161} INFO - Started process (PID=95993) to work on /Users/fionatham/Documents/Projects/vogue_data_pipeline/venv/lib/python3.11/site-packages/airflow/example_dags/example_params_ui_tutorial.py
[2026-01-06T23:39:08.089+1100] {processor.py:830} INFO - Processing file /Users/fionatham/Documents/Projects/vogue_data_pipeline/venv/lib/python3.11/site-packages/airflow/example_dags/example_params_ui_tutorial.py for tasks to queue
[2026-01-06T23:39:08.090+1100] {logging_mixin.py:188} INFO - [2026-01-06T23:39:08.090+1100] {dagbag.py:545} INFO - Filling up the DagBag from /Users/fionatham/Documents/Projects/vogue_data_pipeline/venv/lib/python3.11/site-packages/airflow/example_dags/example_params_ui_tutorial.py
[2026-01-06T23:39:08.107+1100] {processor.py:840} INFO - DAG(s) 'example_params_ui_tutorial' retrieved from /Users/fionatham/Documents/Projects/vogue_data_pipeline/venv/lib/python3.11/site-packages/airflow/example_dags/example_params_ui_tutorial.py
[2026-01-06T23:39:08.159+1100] {logging_mixin.py:188} INFO - [2026-01-06T23:39:08.159+1100] {dag.py:3089} INFO - Sync 1 DAGs
[2026-01-06T23:39:08.162+1100] {logging_mixin.py:188} INFO - [2026-01-06T23:39:08.162+1100] {dag.py:3947} INFO - Setting next_dagrun for example_params_ui_tutorial to None, run_after=None
[2026-01-06T23:39:08.170+1100] {processor.py:183} INFO - Processing /Users/fionatham/Documents/Projects/vogue_data_pipeline/venv/lib/python3.11/site-packages/airflow/example_dags/example_params_ui_tutorial.py took 0.083 seconds
