[2026-01-06T13:57:58.377+1100] {processor.py:161} INFO - Started process (PID=85447) to work on /Users/fionatham/Documents/Projects/vogue_data_pipeline/venv/lib/python3.11/site-packages/airflow/example_dags/example_branch_datetime_operator.py
[2026-01-06T13:57:58.377+1100] {processor.py:830} INFO - Processing file /Users/fionatham/Documents/Projects/vogue_data_pipeline/venv/lib/python3.11/site-packages/airflow/example_dags/example_branch_datetime_operator.py for tasks to queue
[2026-01-06T13:57:58.377+1100] {logging_mixin.py:188} INFO - [2026-01-06T13:57:58.377+1100] {dagbag.py:545} INFO - Filling up the DagBag from /Users/fionatham/Documents/Projects/vogue_data_pipeline/venv/lib/python3.11/site-packages/airflow/example_dags/example_branch_datetime_operator.py
[2026-01-06T13:57:58.383+1100] {processor.py:840} INFO - DAG(s) 'example_branch_datetime_operator_2', 'example_branch_datetime_operator_3', 'example_branch_datetime_operator' retrieved from /Users/fionatham/Documents/Projects/vogue_data_pipeline/venv/lib/python3.11/site-packages/airflow/example_dags/example_branch_datetime_operator.py
[2026-01-06T13:57:58.465+1100] {logging_mixin.py:188} INFO - [2026-01-06T13:57:58.465+1100] {override.py:1858} INFO - Created Permission View: can read on DAG:example_branch_datetime_operator_2
[2026-01-06T13:57:58.468+1100] {logging_mixin.py:188} INFO - [2026-01-06T13:57:58.468+1100] {override.py:1858} INFO - Created Permission View: can edit on DAG:example_branch_datetime_operator_2
[2026-01-06T13:57:58.471+1100] {logging_mixin.py:188} INFO - [2026-01-06T13:57:58.471+1100] {override.py:1858} INFO - Created Permission View: can delete on DAG:example_branch_datetime_operator_2
[2026-01-06T13:57:58.476+1100] {logging_mixin.py:188} INFO - [2026-01-06T13:57:58.476+1100] {override.py:1858} INFO - Created Permission View: can read on DAG:example_branch_datetime_operator_3
[2026-01-06T13:57:58.478+1100] {logging_mixin.py:188} INFO - [2026-01-06T13:57:58.478+1100] {override.py:1858} INFO - Created Permission View: can edit on DAG:example_branch_datetime_operator_3
[2026-01-06T13:57:58.480+1100] {logging_mixin.py:188} INFO - [2026-01-06T13:57:58.480+1100] {override.py:1858} INFO - Created Permission View: can delete on DAG:example_branch_datetime_operator_3
[2026-01-06T13:57:58.484+1100] {logging_mixin.py:188} INFO - [2026-01-06T13:57:58.484+1100] {override.py:1858} INFO - Created Permission View: can read on DAG:example_branch_datetime_operator
[2026-01-06T13:57:58.486+1100] {logging_mixin.py:188} INFO - [2026-01-06T13:57:58.486+1100] {override.py:1858} INFO - Created Permission View: can edit on DAG:example_branch_datetime_operator
[2026-01-06T13:57:58.488+1100] {logging_mixin.py:188} INFO - [2026-01-06T13:57:58.488+1100] {override.py:1858} INFO - Created Permission View: can delete on DAG:example_branch_datetime_operator
[2026-01-06T13:57:58.488+1100] {logging_mixin.py:188} INFO - [2026-01-06T13:57:58.488+1100] {dag.py:3089} INFO - Sync 3 DAGs
[2026-01-06T13:57:58.519+1100] {logging_mixin.py:188} INFO - [2026-01-06T13:57:58.519+1100] {dag.py:3111} INFO - Creating ORM DAG for example_branch_datetime_operator_2
[2026-01-06T13:57:58.519+1100] {logging_mixin.py:188} INFO - [2026-01-06T13:57:58.519+1100] {dag.py:3111} INFO - Creating ORM DAG for example_branch_datetime_operator
[2026-01-06T13:57:58.519+1100] {logging_mixin.py:188} INFO - [2026-01-06T13:57:58.519+1100] {dag.py:3111} INFO - Creating ORM DAG for example_branch_datetime_operator_3
[2026-01-06T13:57:58.523+1100] {logging_mixin.py:188} INFO - [2026-01-06T13:57:58.523+1100] {dag.py:3947} INFO - Setting next_dagrun for example_branch_datetime_operator to 2026-01-05 00:00:00+00:00, run_after=2026-01-06 00:00:00+00:00
[2026-01-06T13:57:58.524+1100] {logging_mixin.py:188} INFO - [2026-01-06T13:57:58.524+1100] {dag.py:3947} INFO - Setting next_dagrun for example_branch_datetime_operator_2 to 2026-01-05 00:00:00+00:00, run_after=2026-01-06 00:00:00+00:00
[2026-01-06T13:57:58.524+1100] {logging_mixin.py:188} INFO - [2026-01-06T13:57:58.524+1100] {dag.py:3947} INFO - Setting next_dagrun for example_branch_datetime_operator_3 to 2026-01-05 00:00:00+00:00, run_after=2026-01-06 00:00:00+00:00
[2026-01-06T13:57:58.531+1100] {processor.py:183} INFO - Processing /Users/fionatham/Documents/Projects/vogue_data_pipeline/venv/lib/python3.11/site-packages/airflow/example_dags/example_branch_datetime_operator.py took 0.156 seconds
[2026-01-06T13:59:58.134+1100] {processor.py:161} INFO - Started process (PID=86817) to work on /Users/fionatham/Documents/Projects/vogue_data_pipeline/venv/lib/python3.11/site-packages/airflow/example_dags/example_branch_datetime_operator.py
[2026-01-06T13:59:58.135+1100] {processor.py:830} INFO - Processing file /Users/fionatham/Documents/Projects/vogue_data_pipeline/venv/lib/python3.11/site-packages/airflow/example_dags/example_branch_datetime_operator.py for tasks to queue
[2026-01-06T13:59:58.135+1100] {logging_mixin.py:188} INFO - [2026-01-06T13:59:58.135+1100] {dagbag.py:545} INFO - Filling up the DagBag from /Users/fionatham/Documents/Projects/vogue_data_pipeline/venv/lib/python3.11/site-packages/airflow/example_dags/example_branch_datetime_operator.py
[2026-01-06T13:59:58.141+1100] {processor.py:840} INFO - DAG(s) 'example_branch_datetime_operator_2', 'example_branch_datetime_operator', 'example_branch_datetime_operator_3' retrieved from /Users/fionatham/Documents/Projects/vogue_data_pipeline/venv/lib/python3.11/site-packages/airflow/example_dags/example_branch_datetime_operator.py
[2026-01-06T13:59:58.186+1100] {logging_mixin.py:188} INFO - [2026-01-06T13:59:58.186+1100] {dag.py:3089} INFO - Sync 3 DAGs
[2026-01-06T13:59:58.193+1100] {logging_mixin.py:188} INFO - [2026-01-06T13:59:58.193+1100] {dag.py:3947} INFO - Setting next_dagrun for example_branch_datetime_operator to 2026-01-05 00:00:00+00:00, run_after=2026-01-06 00:00:00+00:00
[2026-01-06T13:59:58.195+1100] {logging_mixin.py:188} INFO - [2026-01-06T13:59:58.195+1100] {dag.py:3947} INFO - Setting next_dagrun for example_branch_datetime_operator_2 to 2026-01-05 00:00:00+00:00, run_after=2026-01-06 00:00:00+00:00
[2026-01-06T13:59:58.196+1100] {logging_mixin.py:188} INFO - [2026-01-06T13:59:58.196+1100] {dag.py:3947} INFO - Setting next_dagrun for example_branch_datetime_operator_3 to 2026-01-05 00:00:00+00:00, run_after=2026-01-06 00:00:00+00:00
[2026-01-06T13:59:58.202+1100] {processor.py:183} INFO - Processing /Users/fionatham/Documents/Projects/vogue_data_pipeline/venv/lib/python3.11/site-packages/airflow/example_dags/example_branch_datetime_operator.py took 0.072 seconds
[2026-01-06T14:02:00.890+1100] {processor.py:161} INFO - Started process (PID=87073) to work on /Users/fionatham/Documents/Projects/vogue_data_pipeline/venv/lib/python3.11/site-packages/airflow/example_dags/example_branch_datetime_operator.py
[2026-01-06T14:02:00.890+1100] {processor.py:830} INFO - Processing file /Users/fionatham/Documents/Projects/vogue_data_pipeline/venv/lib/python3.11/site-packages/airflow/example_dags/example_branch_datetime_operator.py for tasks to queue
[2026-01-06T14:02:00.891+1100] {logging_mixin.py:188} INFO - [2026-01-06T14:02:00.891+1100] {dagbag.py:545} INFO - Filling up the DagBag from /Users/fionatham/Documents/Projects/vogue_data_pipeline/venv/lib/python3.11/site-packages/airflow/example_dags/example_branch_datetime_operator.py
[2026-01-06T14:02:00.896+1100] {processor.py:840} INFO - DAG(s) 'example_branch_datetime_operator', 'example_branch_datetime_operator_3', 'example_branch_datetime_operator_2' retrieved from /Users/fionatham/Documents/Projects/vogue_data_pipeline/venv/lib/python3.11/site-packages/airflow/example_dags/example_branch_datetime_operator.py
[2026-01-06T14:02:00.944+1100] {logging_mixin.py:188} INFO - [2026-01-06T14:02:00.943+1100] {dag.py:3089} INFO - Sync 3 DAGs
[2026-01-06T14:02:00.951+1100] {logging_mixin.py:188} INFO - [2026-01-06T14:02:00.951+1100] {dag.py:3947} INFO - Setting next_dagrun for example_branch_datetime_operator to 2026-01-05 00:00:00+00:00, run_after=2026-01-06 00:00:00+00:00
[2026-01-06T14:02:00.953+1100] {logging_mixin.py:188} INFO - [2026-01-06T14:02:00.953+1100] {dag.py:3947} INFO - Setting next_dagrun for example_branch_datetime_operator_2 to 2026-01-05 00:00:00+00:00, run_after=2026-01-06 00:00:00+00:00
[2026-01-06T14:02:00.953+1100] {logging_mixin.py:188} INFO - [2026-01-06T14:02:00.953+1100] {dag.py:3947} INFO - Setting next_dagrun for example_branch_datetime_operator_3 to 2026-01-05 00:00:00+00:00, run_after=2026-01-06 00:00:00+00:00
[2026-01-06T14:02:00.961+1100] {processor.py:183} INFO - Processing /Users/fionatham/Documents/Projects/vogue_data_pipeline/venv/lib/python3.11/site-packages/airflow/example_dags/example_branch_datetime_operator.py took 0.072 seconds
[2026-01-06T14:04:03.661+1100] {processor.py:161} INFO - Started process (PID=87237) to work on /Users/fionatham/Documents/Projects/vogue_data_pipeline/venv/lib/python3.11/site-packages/airflow/example_dags/example_branch_datetime_operator.py
[2026-01-06T14:04:03.662+1100] {processor.py:830} INFO - Processing file /Users/fionatham/Documents/Projects/vogue_data_pipeline/venv/lib/python3.11/site-packages/airflow/example_dags/example_branch_datetime_operator.py for tasks to queue
[2026-01-06T14:04:03.663+1100] {logging_mixin.py:188} INFO - [2026-01-06T14:04:03.663+1100] {dagbag.py:545} INFO - Filling up the DagBag from /Users/fionatham/Documents/Projects/vogue_data_pipeline/venv/lib/python3.11/site-packages/airflow/example_dags/example_branch_datetime_operator.py
[2026-01-06T14:04:03.668+1100] {processor.py:840} INFO - DAG(s) 'example_branch_datetime_operator_2', 'example_branch_datetime_operator_3', 'example_branch_datetime_operator' retrieved from /Users/fionatham/Documents/Projects/vogue_data_pipeline/venv/lib/python3.11/site-packages/airflow/example_dags/example_branch_datetime_operator.py
[2026-01-06T14:04:03.713+1100] {logging_mixin.py:188} INFO - [2026-01-06T14:04:03.713+1100] {dag.py:3089} INFO - Sync 3 DAGs
[2026-01-06T14:04:03.720+1100] {logging_mixin.py:188} INFO - [2026-01-06T14:04:03.720+1100] {dag.py:3947} INFO - Setting next_dagrun for example_branch_datetime_operator to 2026-01-05 00:00:00+00:00, run_after=2026-01-06 00:00:00+00:00
[2026-01-06T14:04:03.722+1100] {logging_mixin.py:188} INFO - [2026-01-06T14:04:03.722+1100] {dag.py:3947} INFO - Setting next_dagrun for example_branch_datetime_operator_2 to 2026-01-05 00:00:00+00:00, run_after=2026-01-06 00:00:00+00:00
[2026-01-06T14:04:03.722+1100] {logging_mixin.py:188} INFO - [2026-01-06T14:04:03.722+1100] {dag.py:3947} INFO - Setting next_dagrun for example_branch_datetime_operator_3 to 2026-01-05 00:00:00+00:00, run_after=2026-01-06 00:00:00+00:00
[2026-01-06T14:04:03.729+1100] {processor.py:183} INFO - Processing /Users/fionatham/Documents/Projects/vogue_data_pipeline/venv/lib/python3.11/site-packages/airflow/example_dags/example_branch_datetime_operator.py took 0.070 seconds
[2026-01-06T14:06:02.334+1100] {processor.py:161} INFO - Started process (PID=87469) to work on /Users/fionatham/Documents/Projects/vogue_data_pipeline/venv/lib/python3.11/site-packages/airflow/example_dags/example_branch_datetime_operator.py
[2026-01-06T14:06:02.334+1100] {processor.py:830} INFO - Processing file /Users/fionatham/Documents/Projects/vogue_data_pipeline/venv/lib/python3.11/site-packages/airflow/example_dags/example_branch_datetime_operator.py for tasks to queue
[2026-01-06T14:06:02.335+1100] {logging_mixin.py:188} INFO - [2026-01-06T14:06:02.335+1100] {dagbag.py:545} INFO - Filling up the DagBag from /Users/fionatham/Documents/Projects/vogue_data_pipeline/venv/lib/python3.11/site-packages/airflow/example_dags/example_branch_datetime_operator.py
[2026-01-06T14:06:02.340+1100] {processor.py:840} INFO - DAG(s) 'example_branch_datetime_operator_3', 'example_branch_datetime_operator', 'example_branch_datetime_operator_2' retrieved from /Users/fionatham/Documents/Projects/vogue_data_pipeline/venv/lib/python3.11/site-packages/airflow/example_dags/example_branch_datetime_operator.py
[2026-01-06T14:06:02.387+1100] {logging_mixin.py:188} INFO - [2026-01-06T14:06:02.387+1100] {dag.py:3089} INFO - Sync 3 DAGs
[2026-01-06T14:06:02.394+1100] {logging_mixin.py:188} INFO - [2026-01-06T14:06:02.394+1100] {dag.py:3947} INFO - Setting next_dagrun for example_branch_datetime_operator to 2026-01-05 00:00:00+00:00, run_after=2026-01-06 00:00:00+00:00
[2026-01-06T14:06:02.395+1100] {logging_mixin.py:188} INFO - [2026-01-06T14:06:02.395+1100] {dag.py:3947} INFO - Setting next_dagrun for example_branch_datetime_operator_2 to 2026-01-05 00:00:00+00:00, run_after=2026-01-06 00:00:00+00:00
[2026-01-06T14:06:02.396+1100] {logging_mixin.py:188} INFO - [2026-01-06T14:06:02.396+1100] {dag.py:3947} INFO - Setting next_dagrun for example_branch_datetime_operator_3 to 2026-01-05 00:00:00+00:00, run_after=2026-01-06 00:00:00+00:00
[2026-01-06T14:06:02.404+1100] {processor.py:183} INFO - Processing /Users/fionatham/Documents/Projects/vogue_data_pipeline/venv/lib/python3.11/site-packages/airflow/example_dags/example_branch_datetime_operator.py took 0.071 seconds
[2026-01-06T14:08:03.688+1100] {processor.py:161} INFO - Started process (PID=87646) to work on /Users/fionatham/Documents/Projects/vogue_data_pipeline/venv/lib/python3.11/site-packages/airflow/example_dags/example_branch_datetime_operator.py
[2026-01-06T14:08:03.689+1100] {processor.py:830} INFO - Processing file /Users/fionatham/Documents/Projects/vogue_data_pipeline/venv/lib/python3.11/site-packages/airflow/example_dags/example_branch_datetime_operator.py for tasks to queue
[2026-01-06T14:08:03.689+1100] {logging_mixin.py:188} INFO - [2026-01-06T14:08:03.689+1100] {dagbag.py:545} INFO - Filling up the DagBag from /Users/fionatham/Documents/Projects/vogue_data_pipeline/venv/lib/python3.11/site-packages/airflow/example_dags/example_branch_datetime_operator.py
[2026-01-06T14:08:03.695+1100] {processor.py:840} INFO - DAG(s) 'example_branch_datetime_operator', 'example_branch_datetime_operator_2', 'example_branch_datetime_operator_3' retrieved from /Users/fionatham/Documents/Projects/vogue_data_pipeline/venv/lib/python3.11/site-packages/airflow/example_dags/example_branch_datetime_operator.py
[2026-01-06T14:08:03.742+1100] {logging_mixin.py:188} INFO - [2026-01-06T14:08:03.742+1100] {dag.py:3089} INFO - Sync 3 DAGs
[2026-01-06T14:08:03.749+1100] {logging_mixin.py:188} INFO - [2026-01-06T14:08:03.749+1100] {dag.py:3947} INFO - Setting next_dagrun for example_branch_datetime_operator to 2026-01-05 00:00:00+00:00, run_after=2026-01-06 00:00:00+00:00
[2026-01-06T14:08:03.750+1100] {logging_mixin.py:188} INFO - [2026-01-06T14:08:03.750+1100] {dag.py:3947} INFO - Setting next_dagrun for example_branch_datetime_operator_2 to 2026-01-05 00:00:00+00:00, run_after=2026-01-06 00:00:00+00:00
[2026-01-06T14:08:03.751+1100] {logging_mixin.py:188} INFO - [2026-01-06T14:08:03.751+1100] {dag.py:3947} INFO - Setting next_dagrun for example_branch_datetime_operator_3 to 2026-01-05 00:00:00+00:00, run_after=2026-01-06 00:00:00+00:00
[2026-01-06T14:08:03.758+1100] {processor.py:183} INFO - Processing /Users/fionatham/Documents/Projects/vogue_data_pipeline/venv/lib/python3.11/site-packages/airflow/example_dags/example_branch_datetime_operator.py took 0.072 seconds
[2026-01-06T14:10:01.434+1100] {processor.py:161} INFO - Started process (PID=87746) to work on /Users/fionatham/Documents/Projects/vogue_data_pipeline/venv/lib/python3.11/site-packages/airflow/example_dags/example_branch_datetime_operator.py
[2026-01-06T14:10:01.435+1100] {processor.py:830} INFO - Processing file /Users/fionatham/Documents/Projects/vogue_data_pipeline/venv/lib/python3.11/site-packages/airflow/example_dags/example_branch_datetime_operator.py for tasks to queue
[2026-01-06T14:10:01.435+1100] {logging_mixin.py:188} INFO - [2026-01-06T14:10:01.435+1100] {dagbag.py:545} INFO - Filling up the DagBag from /Users/fionatham/Documents/Projects/vogue_data_pipeline/venv/lib/python3.11/site-packages/airflow/example_dags/example_branch_datetime_operator.py
[2026-01-06T14:10:01.440+1100] {processor.py:840} INFO - DAG(s) 'example_branch_datetime_operator_3', 'example_branch_datetime_operator_2', 'example_branch_datetime_operator' retrieved from /Users/fionatham/Documents/Projects/vogue_data_pipeline/venv/lib/python3.11/site-packages/airflow/example_dags/example_branch_datetime_operator.py
[2026-01-06T14:10:01.486+1100] {logging_mixin.py:188} INFO - [2026-01-06T14:10:01.486+1100] {dag.py:3089} INFO - Sync 3 DAGs
[2026-01-06T14:10:01.493+1100] {logging_mixin.py:188} INFO - [2026-01-06T14:10:01.493+1100] {dag.py:3947} INFO - Setting next_dagrun for example_branch_datetime_operator to 2026-01-05 00:00:00+00:00, run_after=2026-01-06 00:00:00+00:00
[2026-01-06T14:10:01.495+1100] {logging_mixin.py:188} INFO - [2026-01-06T14:10:01.495+1100] {dag.py:3947} INFO - Setting next_dagrun for example_branch_datetime_operator_2 to 2026-01-05 00:00:00+00:00, run_after=2026-01-06 00:00:00+00:00
[2026-01-06T14:10:01.496+1100] {logging_mixin.py:188} INFO - [2026-01-06T14:10:01.496+1100] {dag.py:3947} INFO - Setting next_dagrun for example_branch_datetime_operator_3 to 2026-01-05 00:00:00+00:00, run_after=2026-01-06 00:00:00+00:00
[2026-01-06T14:10:01.503+1100] {processor.py:183} INFO - Processing /Users/fionatham/Documents/Projects/vogue_data_pipeline/venv/lib/python3.11/site-packages/airflow/example_dags/example_branch_datetime_operator.py took 0.070 seconds
[2026-01-06T14:11:58.601+1100] {processor.py:161} INFO - Started process (PID=87912) to work on /Users/fionatham/Documents/Projects/vogue_data_pipeline/venv/lib/python3.11/site-packages/airflow/example_dags/example_branch_datetime_operator.py
[2026-01-06T14:11:58.602+1100] {processor.py:830} INFO - Processing file /Users/fionatham/Documents/Projects/vogue_data_pipeline/venv/lib/python3.11/site-packages/airflow/example_dags/example_branch_datetime_operator.py for tasks to queue
[2026-01-06T14:11:58.602+1100] {logging_mixin.py:188} INFO - [2026-01-06T14:11:58.602+1100] {dagbag.py:545} INFO - Filling up the DagBag from /Users/fionatham/Documents/Projects/vogue_data_pipeline/venv/lib/python3.11/site-packages/airflow/example_dags/example_branch_datetime_operator.py
[2026-01-06T14:11:58.607+1100] {processor.py:840} INFO - DAG(s) 'example_branch_datetime_operator_2', 'example_branch_datetime_operator_3', 'example_branch_datetime_operator' retrieved from /Users/fionatham/Documents/Projects/vogue_data_pipeline/venv/lib/python3.11/site-packages/airflow/example_dags/example_branch_datetime_operator.py
[2026-01-06T14:11:58.657+1100] {logging_mixin.py:188} INFO - [2026-01-06T14:11:58.656+1100] {dag.py:3089} INFO - Sync 3 DAGs
[2026-01-06T14:11:58.664+1100] {logging_mixin.py:188} INFO - [2026-01-06T14:11:58.664+1100] {dag.py:3947} INFO - Setting next_dagrun for example_branch_datetime_operator to 2026-01-05 00:00:00+00:00, run_after=2026-01-06 00:00:00+00:00
[2026-01-06T14:11:58.666+1100] {logging_mixin.py:188} INFO - [2026-01-06T14:11:58.666+1100] {dag.py:3947} INFO - Setting next_dagrun for example_branch_datetime_operator_2 to 2026-01-05 00:00:00+00:00, run_after=2026-01-06 00:00:00+00:00
[2026-01-06T14:11:58.667+1100] {logging_mixin.py:188} INFO - [2026-01-06T14:11:58.667+1100] {dag.py:3947} INFO - Setting next_dagrun for example_branch_datetime_operator_3 to 2026-01-05 00:00:00+00:00, run_after=2026-01-06 00:00:00+00:00
[2026-01-06T14:11:58.674+1100] {processor.py:183} INFO - Processing /Users/fionatham/Documents/Projects/vogue_data_pipeline/venv/lib/python3.11/site-packages/airflow/example_dags/example_branch_datetime_operator.py took 0.075 seconds
[2026-01-06T14:14:04.482+1100] {processor.py:161} INFO - Started process (PID=88461) to work on /Users/fionatham/Documents/Projects/vogue_data_pipeline/venv/lib/python3.11/site-packages/airflow/example_dags/example_branch_datetime_operator.py
[2026-01-06T14:14:04.483+1100] {processor.py:830} INFO - Processing file /Users/fionatham/Documents/Projects/vogue_data_pipeline/venv/lib/python3.11/site-packages/airflow/example_dags/example_branch_datetime_operator.py for tasks to queue
[2026-01-06T14:14:04.483+1100] {logging_mixin.py:188} INFO - [2026-01-06T14:14:04.483+1100] {dagbag.py:545} INFO - Filling up the DagBag from /Users/fionatham/Documents/Projects/vogue_data_pipeline/venv/lib/python3.11/site-packages/airflow/example_dags/example_branch_datetime_operator.py
[2026-01-06T14:14:04.489+1100] {processor.py:840} INFO - DAG(s) 'example_branch_datetime_operator', 'example_branch_datetime_operator_2', 'example_branch_datetime_operator_3' retrieved from /Users/fionatham/Documents/Projects/vogue_data_pipeline/venv/lib/python3.11/site-packages/airflow/example_dags/example_branch_datetime_operator.py
[2026-01-06T14:14:04.538+1100] {logging_mixin.py:188} INFO - [2026-01-06T14:14:04.538+1100] {dag.py:3089} INFO - Sync 3 DAGs
[2026-01-06T14:14:04.545+1100] {logging_mixin.py:188} INFO - [2026-01-06T14:14:04.545+1100] {dag.py:3947} INFO - Setting next_dagrun for example_branch_datetime_operator to 2026-01-05 00:00:00+00:00, run_after=2026-01-06 00:00:00+00:00
[2026-01-06T14:14:04.547+1100] {logging_mixin.py:188} INFO - [2026-01-06T14:14:04.547+1100] {dag.py:3947} INFO - Setting next_dagrun for example_branch_datetime_operator_2 to 2026-01-05 00:00:00+00:00, run_after=2026-01-06 00:00:00+00:00
[2026-01-06T14:14:04.548+1100] {logging_mixin.py:188} INFO - [2026-01-06T14:14:04.548+1100] {dag.py:3947} INFO - Setting next_dagrun for example_branch_datetime_operator_3 to 2026-01-05 00:00:00+00:00, run_after=2026-01-06 00:00:00+00:00
[2026-01-06T14:14:04.555+1100] {processor.py:183} INFO - Processing /Users/fionatham/Documents/Projects/vogue_data_pipeline/venv/lib/python3.11/site-packages/airflow/example_dags/example_branch_datetime_operator.py took 0.074 seconds
[2026-01-06T14:16:05.131+1100] {processor.py:161} INFO - Started process (PID=89095) to work on /Users/fionatham/Documents/Projects/vogue_data_pipeline/venv/lib/python3.11/site-packages/airflow/example_dags/example_branch_datetime_operator.py
[2026-01-06T14:16:05.132+1100] {processor.py:830} INFO - Processing file /Users/fionatham/Documents/Projects/vogue_data_pipeline/venv/lib/python3.11/site-packages/airflow/example_dags/example_branch_datetime_operator.py for tasks to queue
[2026-01-06T14:16:05.132+1100] {logging_mixin.py:188} INFO - [2026-01-06T14:16:05.132+1100] {dagbag.py:545} INFO - Filling up the DagBag from /Users/fionatham/Documents/Projects/vogue_data_pipeline/venv/lib/python3.11/site-packages/airflow/example_dags/example_branch_datetime_operator.py
[2026-01-06T14:16:05.138+1100] {processor.py:840} INFO - DAG(s) 'example_branch_datetime_operator', 'example_branch_datetime_operator_3', 'example_branch_datetime_operator_2' retrieved from /Users/fionatham/Documents/Projects/vogue_data_pipeline/venv/lib/python3.11/site-packages/airflow/example_dags/example_branch_datetime_operator.py
[2026-01-06T14:16:05.185+1100] {logging_mixin.py:188} INFO - [2026-01-06T14:16:05.185+1100] {dag.py:3089} INFO - Sync 3 DAGs
[2026-01-06T14:16:05.191+1100] {logging_mixin.py:188} INFO - [2026-01-06T14:16:05.191+1100] {dag.py:3947} INFO - Setting next_dagrun for example_branch_datetime_operator to 2026-01-05 00:00:00+00:00, run_after=2026-01-06 00:00:00+00:00
[2026-01-06T14:16:05.193+1100] {logging_mixin.py:188} INFO - [2026-01-06T14:16:05.193+1100] {dag.py:3947} INFO - Setting next_dagrun for example_branch_datetime_operator_2 to 2026-01-05 00:00:00+00:00, run_after=2026-01-06 00:00:00+00:00
[2026-01-06T14:16:05.194+1100] {logging_mixin.py:188} INFO - [2026-01-06T14:16:05.194+1100] {dag.py:3947} INFO - Setting next_dagrun for example_branch_datetime_operator_3 to 2026-01-05 00:00:00+00:00, run_after=2026-01-06 00:00:00+00:00
[2026-01-06T14:16:05.200+1100] {processor.py:183} INFO - Processing /Users/fionatham/Documents/Projects/vogue_data_pipeline/venv/lib/python3.11/site-packages/airflow/example_dags/example_branch_datetime_operator.py took 0.071 seconds
[2026-01-06T14:17:58.084+1100] {processor.py:161} INFO - Started process (PID=89402) to work on /Users/fionatham/Documents/Projects/vogue_data_pipeline/venv/lib/python3.11/site-packages/airflow/example_dags/example_branch_datetime_operator.py
[2026-01-06T14:17:58.086+1100] {processor.py:830} INFO - Processing file /Users/fionatham/Documents/Projects/vogue_data_pipeline/venv/lib/python3.11/site-packages/airflow/example_dags/example_branch_datetime_operator.py for tasks to queue
[2026-01-06T14:17:58.086+1100] {logging_mixin.py:188} INFO - [2026-01-06T14:17:58.086+1100] {dagbag.py:545} INFO - Filling up the DagBag from /Users/fionatham/Documents/Projects/vogue_data_pipeline/venv/lib/python3.11/site-packages/airflow/example_dags/example_branch_datetime_operator.py
[2026-01-06T14:17:58.091+1100] {processor.py:840} INFO - DAG(s) 'example_branch_datetime_operator', 'example_branch_datetime_operator_3', 'example_branch_datetime_operator_2' retrieved from /Users/fionatham/Documents/Projects/vogue_data_pipeline/venv/lib/python3.11/site-packages/airflow/example_dags/example_branch_datetime_operator.py
[2026-01-06T14:17:58.139+1100] {logging_mixin.py:188} INFO - [2026-01-06T14:17:58.139+1100] {dag.py:3089} INFO - Sync 3 DAGs
[2026-01-06T14:17:58.146+1100] {logging_mixin.py:188} INFO - [2026-01-06T14:17:58.146+1100] {dag.py:3947} INFO - Setting next_dagrun for example_branch_datetime_operator to 2026-01-05 00:00:00+00:00, run_after=2026-01-06 00:00:00+00:00
[2026-01-06T14:17:58.147+1100] {logging_mixin.py:188} INFO - [2026-01-06T14:17:58.147+1100] {dag.py:3947} INFO - Setting next_dagrun for example_branch_datetime_operator_2 to 2026-01-05 00:00:00+00:00, run_after=2026-01-06 00:00:00+00:00
[2026-01-06T14:17:58.148+1100] {logging_mixin.py:188} INFO - [2026-01-06T14:17:58.148+1100] {dag.py:3947} INFO - Setting next_dagrun for example_branch_datetime_operator_3 to 2026-01-05 00:00:00+00:00, run_after=2026-01-06 00:00:00+00:00
[2026-01-06T14:17:58.155+1100] {processor.py:183} INFO - Processing /Users/fionatham/Documents/Projects/vogue_data_pipeline/venv/lib/python3.11/site-packages/airflow/example_dags/example_branch_datetime_operator.py took 0.073 seconds
[2026-01-06T14:19:59.747+1100] {processor.py:161} INFO - Started process (PID=89967) to work on /Users/fionatham/Documents/Projects/vogue_data_pipeline/venv/lib/python3.11/site-packages/airflow/example_dags/example_branch_datetime_operator.py
[2026-01-06T14:19:59.748+1100] {processor.py:830} INFO - Processing file /Users/fionatham/Documents/Projects/vogue_data_pipeline/venv/lib/python3.11/site-packages/airflow/example_dags/example_branch_datetime_operator.py for tasks to queue
[2026-01-06T14:19:59.748+1100] {logging_mixin.py:188} INFO - [2026-01-06T14:19:59.748+1100] {dagbag.py:545} INFO - Filling up the DagBag from /Users/fionatham/Documents/Projects/vogue_data_pipeline/venv/lib/python3.11/site-packages/airflow/example_dags/example_branch_datetime_operator.py
[2026-01-06T14:19:59.754+1100] {processor.py:840} INFO - DAG(s) 'example_branch_datetime_operator', 'example_branch_datetime_operator_3', 'example_branch_datetime_operator_2' retrieved from /Users/fionatham/Documents/Projects/vogue_data_pipeline/venv/lib/python3.11/site-packages/airflow/example_dags/example_branch_datetime_operator.py
[2026-01-06T14:19:59.801+1100] {logging_mixin.py:188} INFO - [2026-01-06T14:19:59.801+1100] {dag.py:3089} INFO - Sync 3 DAGs
[2026-01-06T14:19:59.807+1100] {logging_mixin.py:188} INFO - [2026-01-06T14:19:59.807+1100] {dag.py:3947} INFO - Setting next_dagrun for example_branch_datetime_operator to 2026-01-05 00:00:00+00:00, run_after=2026-01-06 00:00:00+00:00
[2026-01-06T14:19:59.809+1100] {logging_mixin.py:188} INFO - [2026-01-06T14:19:59.809+1100] {dag.py:3947} INFO - Setting next_dagrun for example_branch_datetime_operator_2 to 2026-01-05 00:00:00+00:00, run_after=2026-01-06 00:00:00+00:00
[2026-01-06T14:19:59.810+1100] {logging_mixin.py:188} INFO - [2026-01-06T14:19:59.810+1100] {dag.py:3947} INFO - Setting next_dagrun for example_branch_datetime_operator_3 to 2026-01-05 00:00:00+00:00, run_after=2026-01-06 00:00:00+00:00
[2026-01-06T14:19:59.818+1100] {processor.py:183} INFO - Processing /Users/fionatham/Documents/Projects/vogue_data_pipeline/venv/lib/python3.11/site-packages/airflow/example_dags/example_branch_datetime_operator.py took 0.073 seconds
[2026-01-06T14:22:01.426+1100] {processor.py:161} INFO - Started process (PID=90050) to work on /Users/fionatham/Documents/Projects/vogue_data_pipeline/venv/lib/python3.11/site-packages/airflow/example_dags/example_branch_datetime_operator.py
[2026-01-06T14:22:01.428+1100] {processor.py:830} INFO - Processing file /Users/fionatham/Documents/Projects/vogue_data_pipeline/venv/lib/python3.11/site-packages/airflow/example_dags/example_branch_datetime_operator.py for tasks to queue
[2026-01-06T14:22:01.428+1100] {logging_mixin.py:188} INFO - [2026-01-06T14:22:01.428+1100] {dagbag.py:545} INFO - Filling up the DagBag from /Users/fionatham/Documents/Projects/vogue_data_pipeline/venv/lib/python3.11/site-packages/airflow/example_dags/example_branch_datetime_operator.py
[2026-01-06T14:22:01.433+1100] {processor.py:840} INFO - DAG(s) 'example_branch_datetime_operator_2', 'example_branch_datetime_operator', 'example_branch_datetime_operator_3' retrieved from /Users/fionatham/Documents/Projects/vogue_data_pipeline/venv/lib/python3.11/site-packages/airflow/example_dags/example_branch_datetime_operator.py
[2026-01-06T14:22:01.476+1100] {logging_mixin.py:188} INFO - [2026-01-06T14:22:01.476+1100] {dag.py:3089} INFO - Sync 3 DAGs
[2026-01-06T14:22:01.483+1100] {logging_mixin.py:188} INFO - [2026-01-06T14:22:01.483+1100] {dag.py:3947} INFO - Setting next_dagrun for example_branch_datetime_operator to 2026-01-05 00:00:00+00:00, run_after=2026-01-06 00:00:00+00:00
[2026-01-06T14:22:01.484+1100] {logging_mixin.py:188} INFO - [2026-01-06T14:22:01.484+1100] {dag.py:3947} INFO - Setting next_dagrun for example_branch_datetime_operator_2 to 2026-01-05 00:00:00+00:00, run_after=2026-01-06 00:00:00+00:00
[2026-01-06T14:22:01.485+1100] {logging_mixin.py:188} INFO - [2026-01-06T14:22:01.485+1100] {dag.py:3947} INFO - Setting next_dagrun for example_branch_datetime_operator_3 to 2026-01-05 00:00:00+00:00, run_after=2026-01-06 00:00:00+00:00
[2026-01-06T14:22:01.491+1100] {processor.py:183} INFO - Processing /Users/fionatham/Documents/Projects/vogue_data_pipeline/venv/lib/python3.11/site-packages/airflow/example_dags/example_branch_datetime_operator.py took 0.066 seconds
[2026-01-06T14:23:50.849+1100] {processor.py:161} INFO - Started process (PID=90146) to work on /Users/fionatham/Documents/Projects/vogue_data_pipeline/venv/lib/python3.11/site-packages/airflow/example_dags/example_branch_datetime_operator.py
[2026-01-06T14:23:50.850+1100] {processor.py:830} INFO - Processing file /Users/fionatham/Documents/Projects/vogue_data_pipeline/venv/lib/python3.11/site-packages/airflow/example_dags/example_branch_datetime_operator.py for tasks to queue
[2026-01-06T14:23:50.850+1100] {logging_mixin.py:188} INFO - [2026-01-06T14:23:50.850+1100] {dagbag.py:545} INFO - Filling up the DagBag from /Users/fionatham/Documents/Projects/vogue_data_pipeline/venv/lib/python3.11/site-packages/airflow/example_dags/example_branch_datetime_operator.py
[2026-01-06T14:23:50.856+1100] {processor.py:840} INFO - DAG(s) 'example_branch_datetime_operator_3', 'example_branch_datetime_operator', 'example_branch_datetime_operator_2' retrieved from /Users/fionatham/Documents/Projects/vogue_data_pipeline/venv/lib/python3.11/site-packages/airflow/example_dags/example_branch_datetime_operator.py
[2026-01-06T14:23:50.900+1100] {logging_mixin.py:188} INFO - [2026-01-06T14:23:50.900+1100] {dag.py:3089} INFO - Sync 3 DAGs
[2026-01-06T14:23:50.906+1100] {logging_mixin.py:188} INFO - [2026-01-06T14:23:50.906+1100] {dag.py:3947} INFO - Setting next_dagrun for example_branch_datetime_operator to 2026-01-05 00:00:00+00:00, run_after=2026-01-06 00:00:00+00:00
[2026-01-06T14:23:50.908+1100] {logging_mixin.py:188} INFO - [2026-01-06T14:23:50.908+1100] {dag.py:3947} INFO - Setting next_dagrun for example_branch_datetime_operator_2 to 2026-01-05 00:00:00+00:00, run_after=2026-01-06 00:00:00+00:00
[2026-01-06T14:23:50.909+1100] {logging_mixin.py:188} INFO - [2026-01-06T14:23:50.909+1100] {dag.py:3947} INFO - Setting next_dagrun for example_branch_datetime_operator_3 to 2026-01-05 00:00:00+00:00, run_after=2026-01-06 00:00:00+00:00
[2026-01-06T14:23:50.915+1100] {processor.py:183} INFO - Processing /Users/fionatham/Documents/Projects/vogue_data_pipeline/venv/lib/python3.11/site-packages/airflow/example_dags/example_branch_datetime_operator.py took 0.068 seconds
[2026-01-06T14:25:41.533+1100] {processor.py:161} INFO - Started process (PID=90424) to work on /Users/fionatham/Documents/Projects/vogue_data_pipeline/venv/lib/python3.11/site-packages/airflow/example_dags/example_branch_datetime_operator.py
[2026-01-06T14:25:41.533+1100] {processor.py:830} INFO - Processing file /Users/fionatham/Documents/Projects/vogue_data_pipeline/venv/lib/python3.11/site-packages/airflow/example_dags/example_branch_datetime_operator.py for tasks to queue
[2026-01-06T14:25:41.534+1100] {logging_mixin.py:188} INFO - [2026-01-06T14:25:41.533+1100] {dagbag.py:545} INFO - Filling up the DagBag from /Users/fionatham/Documents/Projects/vogue_data_pipeline/venv/lib/python3.11/site-packages/airflow/example_dags/example_branch_datetime_operator.py
[2026-01-06T14:25:41.539+1100] {processor.py:840} INFO - DAG(s) 'example_branch_datetime_operator_2', 'example_branch_datetime_operator', 'example_branch_datetime_operator_3' retrieved from /Users/fionatham/Documents/Projects/vogue_data_pipeline/venv/lib/python3.11/site-packages/airflow/example_dags/example_branch_datetime_operator.py
[2026-01-06T14:25:41.584+1100] {logging_mixin.py:188} INFO - [2026-01-06T14:25:41.584+1100] {dag.py:3089} INFO - Sync 3 DAGs
[2026-01-06T14:25:41.592+1100] {logging_mixin.py:188} INFO - [2026-01-06T14:25:41.591+1100] {dag.py:3947} INFO - Setting next_dagrun for example_branch_datetime_operator to 2026-01-05 00:00:00+00:00, run_after=2026-01-06 00:00:00+00:00
[2026-01-06T14:25:41.593+1100] {logging_mixin.py:188} INFO - [2026-01-06T14:25:41.593+1100] {dag.py:3947} INFO - Setting next_dagrun for example_branch_datetime_operator_2 to 2026-01-05 00:00:00+00:00, run_after=2026-01-06 00:00:00+00:00
[2026-01-06T14:25:41.594+1100] {logging_mixin.py:188} INFO - [2026-01-06T14:25:41.594+1100] {dag.py:3947} INFO - Setting next_dagrun for example_branch_datetime_operator_3 to 2026-01-05 00:00:00+00:00, run_after=2026-01-06 00:00:00+00:00
[2026-01-06T14:25:41.601+1100] {processor.py:183} INFO - Processing /Users/fionatham/Documents/Projects/vogue_data_pipeline/venv/lib/python3.11/site-packages/airflow/example_dags/example_branch_datetime_operator.py took 0.070 seconds
[2026-01-06T14:27:40.539+1100] {processor.py:161} INFO - Started process (PID=90727) to work on /Users/fionatham/Documents/Projects/vogue_data_pipeline/venv/lib/python3.11/site-packages/airflow/example_dags/example_branch_datetime_operator.py
[2026-01-06T14:27:40.540+1100] {processor.py:830} INFO - Processing file /Users/fionatham/Documents/Projects/vogue_data_pipeline/venv/lib/python3.11/site-packages/airflow/example_dags/example_branch_datetime_operator.py for tasks to queue
[2026-01-06T14:27:40.540+1100] {logging_mixin.py:188} INFO - [2026-01-06T14:27:40.540+1100] {dagbag.py:545} INFO - Filling up the DagBag from /Users/fionatham/Documents/Projects/vogue_data_pipeline/venv/lib/python3.11/site-packages/airflow/example_dags/example_branch_datetime_operator.py
[2026-01-06T14:27:40.545+1100] {processor.py:840} INFO - DAG(s) 'example_branch_datetime_operator', 'example_branch_datetime_operator_2', 'example_branch_datetime_operator_3' retrieved from /Users/fionatham/Documents/Projects/vogue_data_pipeline/venv/lib/python3.11/site-packages/airflow/example_dags/example_branch_datetime_operator.py
[2026-01-06T14:27:40.593+1100] {logging_mixin.py:188} INFO - [2026-01-06T14:27:40.593+1100] {dag.py:3089} INFO - Sync 3 DAGs
[2026-01-06T14:27:40.600+1100] {logging_mixin.py:188} INFO - [2026-01-06T14:27:40.600+1100] {dag.py:3947} INFO - Setting next_dagrun for example_branch_datetime_operator to 2026-01-05 00:00:00+00:00, run_after=2026-01-06 00:00:00+00:00
[2026-01-06T14:27:40.602+1100] {logging_mixin.py:188} INFO - [2026-01-06T14:27:40.602+1100] {dag.py:3947} INFO - Setting next_dagrun for example_branch_datetime_operator_2 to 2026-01-05 00:00:00+00:00, run_after=2026-01-06 00:00:00+00:00
[2026-01-06T14:27:40.602+1100] {logging_mixin.py:188} INFO - [2026-01-06T14:27:40.602+1100] {dag.py:3947} INFO - Setting next_dagrun for example_branch_datetime_operator_3 to 2026-01-05 00:00:00+00:00, run_after=2026-01-06 00:00:00+00:00
[2026-01-06T14:27:40.610+1100] {processor.py:183} INFO - Processing /Users/fionatham/Documents/Projects/vogue_data_pipeline/venv/lib/python3.11/site-packages/airflow/example_dags/example_branch_datetime_operator.py took 0.073 seconds
[2026-01-06T14:29:42.092+1100] {processor.py:161} INFO - Started process (PID=91330) to work on /Users/fionatham/Documents/Projects/vogue_data_pipeline/venv/lib/python3.11/site-packages/airflow/example_dags/example_branch_datetime_operator.py
[2026-01-06T14:29:42.093+1100] {processor.py:830} INFO - Processing file /Users/fionatham/Documents/Projects/vogue_data_pipeline/venv/lib/python3.11/site-packages/airflow/example_dags/example_branch_datetime_operator.py for tasks to queue
[2026-01-06T14:29:42.093+1100] {logging_mixin.py:188} INFO - [2026-01-06T14:29:42.093+1100] {dagbag.py:545} INFO - Filling up the DagBag from /Users/fionatham/Documents/Projects/vogue_data_pipeline/venv/lib/python3.11/site-packages/airflow/example_dags/example_branch_datetime_operator.py
[2026-01-06T14:29:42.099+1100] {processor.py:840} INFO - DAG(s) 'example_branch_datetime_operator_2', 'example_branch_datetime_operator_3', 'example_branch_datetime_operator' retrieved from /Users/fionatham/Documents/Projects/vogue_data_pipeline/venv/lib/python3.11/site-packages/airflow/example_dags/example_branch_datetime_operator.py
[2026-01-06T14:29:42.145+1100] {logging_mixin.py:188} INFO - [2026-01-06T14:29:42.145+1100] {dag.py:3089} INFO - Sync 3 DAGs
[2026-01-06T14:29:42.152+1100] {logging_mixin.py:188} INFO - [2026-01-06T14:29:42.152+1100] {dag.py:3947} INFO - Setting next_dagrun for example_branch_datetime_operator to 2026-01-05 00:00:00+00:00, run_after=2026-01-06 00:00:00+00:00
[2026-01-06T14:29:42.154+1100] {logging_mixin.py:188} INFO - [2026-01-06T14:29:42.154+1100] {dag.py:3947} INFO - Setting next_dagrun for example_branch_datetime_operator_2 to 2026-01-05 00:00:00+00:00, run_after=2026-01-06 00:00:00+00:00
[2026-01-06T14:29:42.154+1100] {logging_mixin.py:188} INFO - [2026-01-06T14:29:42.154+1100] {dag.py:3947} INFO - Setting next_dagrun for example_branch_datetime_operator_3 to 2026-01-05 00:00:00+00:00, run_after=2026-01-06 00:00:00+00:00
[2026-01-06T14:29:42.161+1100] {processor.py:183} INFO - Processing /Users/fionatham/Documents/Projects/vogue_data_pipeline/venv/lib/python3.11/site-packages/airflow/example_dags/example_branch_datetime_operator.py took 0.071 seconds
[2026-01-06T14:31:39.298+1100] {processor.py:161} INFO - Started process (PID=91918) to work on /Users/fionatham/Documents/Projects/vogue_data_pipeline/venv/lib/python3.11/site-packages/airflow/example_dags/example_branch_datetime_operator.py
[2026-01-06T14:31:39.299+1100] {processor.py:830} INFO - Processing file /Users/fionatham/Documents/Projects/vogue_data_pipeline/venv/lib/python3.11/site-packages/airflow/example_dags/example_branch_datetime_operator.py for tasks to queue
[2026-01-06T14:31:39.299+1100] {logging_mixin.py:188} INFO - [2026-01-06T14:31:39.299+1100] {dagbag.py:545} INFO - Filling up the DagBag from /Users/fionatham/Documents/Projects/vogue_data_pipeline/venv/lib/python3.11/site-packages/airflow/example_dags/example_branch_datetime_operator.py
[2026-01-06T14:31:39.305+1100] {processor.py:840} INFO - DAG(s) 'example_branch_datetime_operator_3', 'example_branch_datetime_operator_2', 'example_branch_datetime_operator' retrieved from /Users/fionatham/Documents/Projects/vogue_data_pipeline/venv/lib/python3.11/site-packages/airflow/example_dags/example_branch_datetime_operator.py
[2026-01-06T14:31:39.359+1100] {logging_mixin.py:188} INFO - [2026-01-06T14:31:39.359+1100] {dag.py:3089} INFO - Sync 3 DAGs
[2026-01-06T14:31:39.368+1100] {logging_mixin.py:188} INFO - [2026-01-06T14:31:39.367+1100] {dag.py:3947} INFO - Setting next_dagrun for example_branch_datetime_operator to 2026-01-05 00:00:00+00:00, run_after=2026-01-06 00:00:00+00:00
[2026-01-06T14:31:39.369+1100] {logging_mixin.py:188} INFO - [2026-01-06T14:31:39.369+1100] {dag.py:3947} INFO - Setting next_dagrun for example_branch_datetime_operator_2 to 2026-01-05 00:00:00+00:00, run_after=2026-01-06 00:00:00+00:00
[2026-01-06T14:31:39.371+1100] {logging_mixin.py:188} INFO - [2026-01-06T14:31:39.370+1100] {dag.py:3947} INFO - Setting next_dagrun for example_branch_datetime_operator_3 to 2026-01-05 00:00:00+00:00, run_after=2026-01-06 00:00:00+00:00
[2026-01-06T14:31:39.379+1100] {processor.py:183} INFO - Processing /Users/fionatham/Documents/Projects/vogue_data_pipeline/venv/lib/python3.11/site-packages/airflow/example_dags/example_branch_datetime_operator.py took 0.081 seconds
[2026-01-06T14:33:39.123+1100] {processor.py:161} INFO - Started process (PID=92246) to work on /Users/fionatham/Documents/Projects/vogue_data_pipeline/venv/lib/python3.11/site-packages/airflow/example_dags/example_branch_datetime_operator.py
[2026-01-06T14:33:39.124+1100] {processor.py:830} INFO - Processing file /Users/fionatham/Documents/Projects/vogue_data_pipeline/venv/lib/python3.11/site-packages/airflow/example_dags/example_branch_datetime_operator.py for tasks to queue
[2026-01-06T14:33:39.125+1100] {logging_mixin.py:188} INFO - [2026-01-06T14:33:39.124+1100] {dagbag.py:545} INFO - Filling up the DagBag from /Users/fionatham/Documents/Projects/vogue_data_pipeline/venv/lib/python3.11/site-packages/airflow/example_dags/example_branch_datetime_operator.py
[2026-01-06T14:33:39.130+1100] {processor.py:840} INFO - DAG(s) 'example_branch_datetime_operator_2', 'example_branch_datetime_operator_3', 'example_branch_datetime_operator' retrieved from /Users/fionatham/Documents/Projects/vogue_data_pipeline/venv/lib/python3.11/site-packages/airflow/example_dags/example_branch_datetime_operator.py
[2026-01-06T14:33:39.176+1100] {logging_mixin.py:188} INFO - [2026-01-06T14:33:39.176+1100] {dag.py:3089} INFO - Sync 3 DAGs
[2026-01-06T14:33:39.183+1100] {logging_mixin.py:188} INFO - [2026-01-06T14:33:39.183+1100] {dag.py:3947} INFO - Setting next_dagrun for example_branch_datetime_operator to 2026-01-05 00:00:00+00:00, run_after=2026-01-06 00:00:00+00:00
[2026-01-06T14:33:39.184+1100] {logging_mixin.py:188} INFO - [2026-01-06T14:33:39.184+1100] {dag.py:3947} INFO - Setting next_dagrun for example_branch_datetime_operator_2 to 2026-01-05 00:00:00+00:00, run_after=2026-01-06 00:00:00+00:00
[2026-01-06T14:33:39.185+1100] {logging_mixin.py:188} INFO - [2026-01-06T14:33:39.185+1100] {dag.py:3947} INFO - Setting next_dagrun for example_branch_datetime_operator_3 to 2026-01-05 00:00:00+00:00, run_after=2026-01-06 00:00:00+00:00
[2026-01-06T14:33:39.192+1100] {processor.py:183} INFO - Processing /Users/fionatham/Documents/Projects/vogue_data_pipeline/venv/lib/python3.11/site-packages/airflow/example_dags/example_branch_datetime_operator.py took 0.070 seconds
[2026-01-06T14:35:35.255+1100] {processor.py:161} INFO - Started process (PID=92493) to work on /Users/fionatham/Documents/Projects/vogue_data_pipeline/venv/lib/python3.11/site-packages/airflow/example_dags/example_branch_datetime_operator.py
[2026-01-06T14:35:35.257+1100] {processor.py:830} INFO - Processing file /Users/fionatham/Documents/Projects/vogue_data_pipeline/venv/lib/python3.11/site-packages/airflow/example_dags/example_branch_datetime_operator.py for tasks to queue
[2026-01-06T14:35:35.257+1100] {logging_mixin.py:188} INFO - [2026-01-06T14:35:35.257+1100] {dagbag.py:545} INFO - Filling up the DagBag from /Users/fionatham/Documents/Projects/vogue_data_pipeline/venv/lib/python3.11/site-packages/airflow/example_dags/example_branch_datetime_operator.py
[2026-01-06T14:35:35.264+1100] {processor.py:840} INFO - DAG(s) 'example_branch_datetime_operator_3', 'example_branch_datetime_operator', 'example_branch_datetime_operator_2' retrieved from /Users/fionatham/Documents/Projects/vogue_data_pipeline/venv/lib/python3.11/site-packages/airflow/example_dags/example_branch_datetime_operator.py
[2026-01-06T14:35:35.310+1100] {logging_mixin.py:188} INFO - [2026-01-06T14:35:35.309+1100] {dag.py:3089} INFO - Sync 3 DAGs
[2026-01-06T14:35:35.316+1100] {logging_mixin.py:188} INFO - [2026-01-06T14:35:35.316+1100] {dag.py:3947} INFO - Setting next_dagrun for example_branch_datetime_operator to 2026-01-05 00:00:00+00:00, run_after=2026-01-06 00:00:00+00:00
[2026-01-06T14:35:35.318+1100] {logging_mixin.py:188} INFO - [2026-01-06T14:35:35.318+1100] {dag.py:3947} INFO - Setting next_dagrun for example_branch_datetime_operator_2 to 2026-01-05 00:00:00+00:00, run_after=2026-01-06 00:00:00+00:00
[2026-01-06T14:35:35.318+1100] {logging_mixin.py:188} INFO - [2026-01-06T14:35:35.318+1100] {dag.py:3947} INFO - Setting next_dagrun for example_branch_datetime_operator_3 to 2026-01-05 00:00:00+00:00, run_after=2026-01-06 00:00:00+00:00
[2026-01-06T14:35:35.325+1100] {processor.py:183} INFO - Processing /Users/fionatham/Documents/Projects/vogue_data_pipeline/venv/lib/python3.11/site-packages/airflow/example_dags/example_branch_datetime_operator.py took 0.071 seconds
[2026-01-06T14:37:38.022+1100] {processor.py:161} INFO - Started process (PID=92715) to work on /Users/fionatham/Documents/Projects/vogue_data_pipeline/venv/lib/python3.11/site-packages/airflow/example_dags/example_branch_datetime_operator.py
[2026-01-06T14:37:38.024+1100] {processor.py:830} INFO - Processing file /Users/fionatham/Documents/Projects/vogue_data_pipeline/venv/lib/python3.11/site-packages/airflow/example_dags/example_branch_datetime_operator.py for tasks to queue
[2026-01-06T14:37:38.024+1100] {logging_mixin.py:188} INFO - [2026-01-06T14:37:38.024+1100] {dagbag.py:545} INFO - Filling up the DagBag from /Users/fionatham/Documents/Projects/vogue_data_pipeline/venv/lib/python3.11/site-packages/airflow/example_dags/example_branch_datetime_operator.py
[2026-01-06T14:37:38.030+1100] {processor.py:840} INFO - DAG(s) 'example_branch_datetime_operator', 'example_branch_datetime_operator_2', 'example_branch_datetime_operator_3' retrieved from /Users/fionatham/Documents/Projects/vogue_data_pipeline/venv/lib/python3.11/site-packages/airflow/example_dags/example_branch_datetime_operator.py
[2026-01-06T14:37:38.080+1100] {logging_mixin.py:188} INFO - [2026-01-06T14:37:38.080+1100] {dag.py:3089} INFO - Sync 3 DAGs
[2026-01-06T14:37:38.088+1100] {logging_mixin.py:188} INFO - [2026-01-06T14:37:38.088+1100] {dag.py:3947} INFO - Setting next_dagrun for example_branch_datetime_operator to 2026-01-05 00:00:00+00:00, run_after=2026-01-06 00:00:00+00:00
[2026-01-06T14:37:38.090+1100] {logging_mixin.py:188} INFO - [2026-01-06T14:37:38.090+1100] {dag.py:3947} INFO - Setting next_dagrun for example_branch_datetime_operator_2 to 2026-01-05 00:00:00+00:00, run_after=2026-01-06 00:00:00+00:00
[2026-01-06T14:37:38.092+1100] {logging_mixin.py:188} INFO - [2026-01-06T14:37:38.092+1100] {dag.py:3947} INFO - Setting next_dagrun for example_branch_datetime_operator_3 to 2026-01-05 00:00:00+00:00, run_after=2026-01-06 00:00:00+00:00
[2026-01-06T14:37:38.100+1100] {processor.py:183} INFO - Processing /Users/fionatham/Documents/Projects/vogue_data_pipeline/venv/lib/python3.11/site-packages/airflow/example_dags/example_branch_datetime_operator.py took 0.080 seconds
[2026-01-06T14:39:38.001+1100] {processor.py:161} INFO - Started process (PID=92901) to work on /Users/fionatham/Documents/Projects/vogue_data_pipeline/venv/lib/python3.11/site-packages/airflow/example_dags/example_branch_datetime_operator.py
[2026-01-06T14:39:38.002+1100] {processor.py:830} INFO - Processing file /Users/fionatham/Documents/Projects/vogue_data_pipeline/venv/lib/python3.11/site-packages/airflow/example_dags/example_branch_datetime_operator.py for tasks to queue
[2026-01-06T14:39:38.002+1100] {logging_mixin.py:188} INFO - [2026-01-06T14:39:38.002+1100] {dagbag.py:545} INFO - Filling up the DagBag from /Users/fionatham/Documents/Projects/vogue_data_pipeline/venv/lib/python3.11/site-packages/airflow/example_dags/example_branch_datetime_operator.py
[2026-01-06T14:39:38.008+1100] {processor.py:840} INFO - DAG(s) 'example_branch_datetime_operator', 'example_branch_datetime_operator_3', 'example_branch_datetime_operator_2' retrieved from /Users/fionatham/Documents/Projects/vogue_data_pipeline/venv/lib/python3.11/site-packages/airflow/example_dags/example_branch_datetime_operator.py
[2026-01-06T14:39:38.056+1100] {logging_mixin.py:188} INFO - [2026-01-06T14:39:38.056+1100] {dag.py:3089} INFO - Sync 3 DAGs
[2026-01-06T14:39:38.063+1100] {logging_mixin.py:188} INFO - [2026-01-06T14:39:38.063+1100] {dag.py:3947} INFO - Setting next_dagrun for example_branch_datetime_operator to 2026-01-05 00:00:00+00:00, run_after=2026-01-06 00:00:00+00:00
[2026-01-06T14:39:38.065+1100] {logging_mixin.py:188} INFO - [2026-01-06T14:39:38.065+1100] {dag.py:3947} INFO - Setting next_dagrun for example_branch_datetime_operator_2 to 2026-01-05 00:00:00+00:00, run_after=2026-01-06 00:00:00+00:00
[2026-01-06T14:39:38.065+1100] {logging_mixin.py:188} INFO - [2026-01-06T14:39:38.065+1100] {dag.py:3947} INFO - Setting next_dagrun for example_branch_datetime_operator_3 to 2026-01-05 00:00:00+00:00, run_after=2026-01-06 00:00:00+00:00
[2026-01-06T14:39:38.073+1100] {processor.py:183} INFO - Processing /Users/fionatham/Documents/Projects/vogue_data_pipeline/venv/lib/python3.11/site-packages/airflow/example_dags/example_branch_datetime_operator.py took 0.073 seconds
[2026-01-06T14:41:27.713+1100] {processor.py:161} INFO - Started process (PID=92974) to work on /Users/fionatham/Documents/Projects/vogue_data_pipeline/venv/lib/python3.11/site-packages/airflow/example_dags/example_branch_datetime_operator.py
[2026-01-06T14:41:27.714+1100] {processor.py:830} INFO - Processing file /Users/fionatham/Documents/Projects/vogue_data_pipeline/venv/lib/python3.11/site-packages/airflow/example_dags/example_branch_datetime_operator.py for tasks to queue
[2026-01-06T14:41:27.714+1100] {logging_mixin.py:188} INFO - [2026-01-06T14:41:27.714+1100] {dagbag.py:545} INFO - Filling up the DagBag from /Users/fionatham/Documents/Projects/vogue_data_pipeline/venv/lib/python3.11/site-packages/airflow/example_dags/example_branch_datetime_operator.py
[2026-01-06T14:41:27.720+1100] {processor.py:840} INFO - DAG(s) 'example_branch_datetime_operator_3', 'example_branch_datetime_operator', 'example_branch_datetime_operator_2' retrieved from /Users/fionatham/Documents/Projects/vogue_data_pipeline/venv/lib/python3.11/site-packages/airflow/example_dags/example_branch_datetime_operator.py
[2026-01-06T14:41:27.764+1100] {logging_mixin.py:188} INFO - [2026-01-06T14:41:27.764+1100] {dag.py:3089} INFO - Sync 3 DAGs
[2026-01-06T14:41:27.771+1100] {logging_mixin.py:188} INFO - [2026-01-06T14:41:27.771+1100] {dag.py:3947} INFO - Setting next_dagrun for example_branch_datetime_operator to 2026-01-05 00:00:00+00:00, run_after=2026-01-06 00:00:00+00:00
[2026-01-06T14:41:27.772+1100] {logging_mixin.py:188} INFO - [2026-01-06T14:41:27.772+1100] {dag.py:3947} INFO - Setting next_dagrun for example_branch_datetime_operator_2 to 2026-01-05 00:00:00+00:00, run_after=2026-01-06 00:00:00+00:00
[2026-01-06T14:41:27.773+1100] {logging_mixin.py:188} INFO - [2026-01-06T14:41:27.773+1100] {dag.py:3947} INFO - Setting next_dagrun for example_branch_datetime_operator_3 to 2026-01-05 00:00:00+00:00, run_after=2026-01-06 00:00:00+00:00
[2026-01-06T14:41:27.780+1100] {processor.py:183} INFO - Processing /Users/fionatham/Documents/Projects/vogue_data_pipeline/venv/lib/python3.11/site-packages/airflow/example_dags/example_branch_datetime_operator.py took 0.068 seconds
[2026-01-06T14:43:24.190+1100] {processor.py:161} INFO - Started process (PID=93055) to work on /Users/fionatham/Documents/Projects/vogue_data_pipeline/venv/lib/python3.11/site-packages/airflow/example_dags/example_branch_datetime_operator.py
[2026-01-06T14:43:24.191+1100] {processor.py:830} INFO - Processing file /Users/fionatham/Documents/Projects/vogue_data_pipeline/venv/lib/python3.11/site-packages/airflow/example_dags/example_branch_datetime_operator.py for tasks to queue
[2026-01-06T14:43:24.192+1100] {logging_mixin.py:188} INFO - [2026-01-06T14:43:24.191+1100] {dagbag.py:545} INFO - Filling up the DagBag from /Users/fionatham/Documents/Projects/vogue_data_pipeline/venv/lib/python3.11/site-packages/airflow/example_dags/example_branch_datetime_operator.py
[2026-01-06T14:43:24.197+1100] {processor.py:840} INFO - DAG(s) 'example_branch_datetime_operator_2', 'example_branch_datetime_operator_3', 'example_branch_datetime_operator' retrieved from /Users/fionatham/Documents/Projects/vogue_data_pipeline/venv/lib/python3.11/site-packages/airflow/example_dags/example_branch_datetime_operator.py
[2026-01-06T14:43:24.241+1100] {logging_mixin.py:188} INFO - [2026-01-06T14:43:24.241+1100] {dag.py:3089} INFO - Sync 3 DAGs
[2026-01-06T14:43:24.247+1100] {logging_mixin.py:188} INFO - [2026-01-06T14:43:24.247+1100] {dag.py:3947} INFO - Setting next_dagrun for example_branch_datetime_operator to 2026-01-05 00:00:00+00:00, run_after=2026-01-06 00:00:00+00:00
[2026-01-06T14:43:24.249+1100] {logging_mixin.py:188} INFO - [2026-01-06T14:43:24.249+1100] {dag.py:3947} INFO - Setting next_dagrun for example_branch_datetime_operator_2 to 2026-01-05 00:00:00+00:00, run_after=2026-01-06 00:00:00+00:00
[2026-01-06T14:43:24.249+1100] {logging_mixin.py:188} INFO - [2026-01-06T14:43:24.249+1100] {dag.py:3947} INFO - Setting next_dagrun for example_branch_datetime_operator_3 to 2026-01-05 00:00:00+00:00, run_after=2026-01-06 00:00:00+00:00
[2026-01-06T14:43:24.256+1100] {processor.py:183} INFO - Processing /Users/fionatham/Documents/Projects/vogue_data_pipeline/venv/lib/python3.11/site-packages/airflow/example_dags/example_branch_datetime_operator.py took 0.068 seconds
[2026-01-06T14:45:25.217+1100] {processor.py:161} INFO - Started process (PID=93142) to work on /Users/fionatham/Documents/Projects/vogue_data_pipeline/venv/lib/python3.11/site-packages/airflow/example_dags/example_branch_datetime_operator.py
[2026-01-06T14:45:25.217+1100] {processor.py:830} INFO - Processing file /Users/fionatham/Documents/Projects/vogue_data_pipeline/venv/lib/python3.11/site-packages/airflow/example_dags/example_branch_datetime_operator.py for tasks to queue
[2026-01-06T14:45:25.218+1100] {logging_mixin.py:188} INFO - [2026-01-06T14:45:25.218+1100] {dagbag.py:545} INFO - Filling up the DagBag from /Users/fionatham/Documents/Projects/vogue_data_pipeline/venv/lib/python3.11/site-packages/airflow/example_dags/example_branch_datetime_operator.py
[2026-01-06T14:45:25.223+1100] {processor.py:840} INFO - DAG(s) 'example_branch_datetime_operator_2', 'example_branch_datetime_operator_3', 'example_branch_datetime_operator' retrieved from /Users/fionatham/Documents/Projects/vogue_data_pipeline/venv/lib/python3.11/site-packages/airflow/example_dags/example_branch_datetime_operator.py
[2026-01-06T14:45:25.268+1100] {logging_mixin.py:188} INFO - [2026-01-06T14:45:25.268+1100] {dag.py:3089} INFO - Sync 3 DAGs
[2026-01-06T14:45:25.275+1100] {logging_mixin.py:188} INFO - [2026-01-06T14:45:25.275+1100] {dag.py:3947} INFO - Setting next_dagrun for example_branch_datetime_operator to 2026-01-05 00:00:00+00:00, run_after=2026-01-06 00:00:00+00:00
[2026-01-06T14:45:25.276+1100] {logging_mixin.py:188} INFO - [2026-01-06T14:45:25.276+1100] {dag.py:3947} INFO - Setting next_dagrun for example_branch_datetime_operator_2 to 2026-01-05 00:00:00+00:00, run_after=2026-01-06 00:00:00+00:00
[2026-01-06T14:45:25.277+1100] {logging_mixin.py:188} INFO - [2026-01-06T14:45:25.277+1100] {dag.py:3947} INFO - Setting next_dagrun for example_branch_datetime_operator_3 to 2026-01-05 00:00:00+00:00, run_after=2026-01-06 00:00:00+00:00
[2026-01-06T14:45:25.284+1100] {processor.py:183} INFO - Processing /Users/fionatham/Documents/Projects/vogue_data_pipeline/venv/lib/python3.11/site-packages/airflow/example_dags/example_branch_datetime_operator.py took 0.069 seconds
[2026-01-06T14:47:17.456+1100] {processor.py:161} INFO - Started process (PID=93221) to work on /Users/fionatham/Documents/Projects/vogue_data_pipeline/venv/lib/python3.11/site-packages/airflow/example_dags/example_branch_datetime_operator.py
[2026-01-06T14:47:17.456+1100] {processor.py:830} INFO - Processing file /Users/fionatham/Documents/Projects/vogue_data_pipeline/venv/lib/python3.11/site-packages/airflow/example_dags/example_branch_datetime_operator.py for tasks to queue
[2026-01-06T14:47:17.457+1100] {logging_mixin.py:188} INFO - [2026-01-06T14:47:17.457+1100] {dagbag.py:545} INFO - Filling up the DagBag from /Users/fionatham/Documents/Projects/vogue_data_pipeline/venv/lib/python3.11/site-packages/airflow/example_dags/example_branch_datetime_operator.py
[2026-01-06T14:47:17.464+1100] {processor.py:840} INFO - DAG(s) 'example_branch_datetime_operator', 'example_branch_datetime_operator_2', 'example_branch_datetime_operator_3' retrieved from /Users/fionatham/Documents/Projects/vogue_data_pipeline/venv/lib/python3.11/site-packages/airflow/example_dags/example_branch_datetime_operator.py
[2026-01-06T14:47:17.510+1100] {logging_mixin.py:188} INFO - [2026-01-06T14:47:17.510+1100] {dag.py:3089} INFO - Sync 3 DAGs
[2026-01-06T14:47:17.517+1100] {logging_mixin.py:188} INFO - [2026-01-06T14:47:17.517+1100] {dag.py:3947} INFO - Setting next_dagrun for example_branch_datetime_operator to 2026-01-05 00:00:00+00:00, run_after=2026-01-06 00:00:00+00:00
[2026-01-06T14:47:17.518+1100] {logging_mixin.py:188} INFO - [2026-01-06T14:47:17.518+1100] {dag.py:3947} INFO - Setting next_dagrun for example_branch_datetime_operator_2 to 2026-01-05 00:00:00+00:00, run_after=2026-01-06 00:00:00+00:00
[2026-01-06T14:47:17.519+1100] {logging_mixin.py:188} INFO - [2026-01-06T14:47:17.519+1100] {dag.py:3947} INFO - Setting next_dagrun for example_branch_datetime_operator_3 to 2026-01-05 00:00:00+00:00, run_after=2026-01-06 00:00:00+00:00
[2026-01-06T14:47:17.526+1100] {processor.py:183} INFO - Processing /Users/fionatham/Documents/Projects/vogue_data_pipeline/venv/lib/python3.11/site-packages/airflow/example_dags/example_branch_datetime_operator.py took 0.072 seconds
[2026-01-06T14:49:17.701+1100] {processor.py:161} INFO - Started process (PID=93324) to work on /Users/fionatham/Documents/Projects/vogue_data_pipeline/venv/lib/python3.11/site-packages/airflow/example_dags/example_branch_datetime_operator.py
[2026-01-06T14:49:17.702+1100] {processor.py:830} INFO - Processing file /Users/fionatham/Documents/Projects/vogue_data_pipeline/venv/lib/python3.11/site-packages/airflow/example_dags/example_branch_datetime_operator.py for tasks to queue
[2026-01-06T14:49:17.702+1100] {logging_mixin.py:188} INFO - [2026-01-06T14:49:17.702+1100] {dagbag.py:545} INFO - Filling up the DagBag from /Users/fionatham/Documents/Projects/vogue_data_pipeline/venv/lib/python3.11/site-packages/airflow/example_dags/example_branch_datetime_operator.py
[2026-01-06T14:49:17.707+1100] {processor.py:840} INFO - DAG(s) 'example_branch_datetime_operator_2', 'example_branch_datetime_operator', 'example_branch_datetime_operator_3' retrieved from /Users/fionatham/Documents/Projects/vogue_data_pipeline/venv/lib/python3.11/site-packages/airflow/example_dags/example_branch_datetime_operator.py
[2026-01-06T14:49:17.755+1100] {logging_mixin.py:188} INFO - [2026-01-06T14:49:17.755+1100] {dag.py:3089} INFO - Sync 3 DAGs
[2026-01-06T14:49:17.762+1100] {logging_mixin.py:188} INFO - [2026-01-06T14:49:17.762+1100] {dag.py:3947} INFO - Setting next_dagrun for example_branch_datetime_operator to 2026-01-05 00:00:00+00:00, run_after=2026-01-06 00:00:00+00:00
[2026-01-06T14:49:17.764+1100] {logging_mixin.py:188} INFO - [2026-01-06T14:49:17.764+1100] {dag.py:3947} INFO - Setting next_dagrun for example_branch_datetime_operator_2 to 2026-01-05 00:00:00+00:00, run_after=2026-01-06 00:00:00+00:00
[2026-01-06T14:49:17.764+1100] {logging_mixin.py:188} INFO - [2026-01-06T14:49:17.764+1100] {dag.py:3947} INFO - Setting next_dagrun for example_branch_datetime_operator_3 to 2026-01-05 00:00:00+00:00, run_after=2026-01-06 00:00:00+00:00
[2026-01-06T14:49:17.774+1100] {processor.py:183} INFO - Processing /Users/fionatham/Documents/Projects/vogue_data_pipeline/venv/lib/python3.11/site-packages/airflow/example_dags/example_branch_datetime_operator.py took 0.074 seconds
[2026-01-06T14:51:11.166+1100] {processor.py:161} INFO - Started process (PID=93409) to work on /Users/fionatham/Documents/Projects/vogue_data_pipeline/venv/lib/python3.11/site-packages/airflow/example_dags/example_branch_datetime_operator.py
[2026-01-06T14:51:11.167+1100] {processor.py:830} INFO - Processing file /Users/fionatham/Documents/Projects/vogue_data_pipeline/venv/lib/python3.11/site-packages/airflow/example_dags/example_branch_datetime_operator.py for tasks to queue
[2026-01-06T14:51:11.167+1100] {logging_mixin.py:188} INFO - [2026-01-06T14:51:11.167+1100] {dagbag.py:545} INFO - Filling up the DagBag from /Users/fionatham/Documents/Projects/vogue_data_pipeline/venv/lib/python3.11/site-packages/airflow/example_dags/example_branch_datetime_operator.py
[2026-01-06T14:51:11.173+1100] {processor.py:840} INFO - DAG(s) 'example_branch_datetime_operator', 'example_branch_datetime_operator_2', 'example_branch_datetime_operator_3' retrieved from /Users/fionatham/Documents/Projects/vogue_data_pipeline/venv/lib/python3.11/site-packages/airflow/example_dags/example_branch_datetime_operator.py
[2026-01-06T14:51:11.218+1100] {logging_mixin.py:188} INFO - [2026-01-06T14:51:11.218+1100] {dag.py:3089} INFO - Sync 3 DAGs
[2026-01-06T14:51:11.225+1100] {logging_mixin.py:188} INFO - [2026-01-06T14:51:11.225+1100] {dag.py:3947} INFO - Setting next_dagrun for example_branch_datetime_operator to 2026-01-05 00:00:00+00:00, run_after=2026-01-06 00:00:00+00:00
[2026-01-06T14:51:11.226+1100] {logging_mixin.py:188} INFO - [2026-01-06T14:51:11.226+1100] {dag.py:3947} INFO - Setting next_dagrun for example_branch_datetime_operator_2 to 2026-01-05 00:00:00+00:00, run_after=2026-01-06 00:00:00+00:00
[2026-01-06T14:51:11.227+1100] {logging_mixin.py:188} INFO - [2026-01-06T14:51:11.227+1100] {dag.py:3947} INFO - Setting next_dagrun for example_branch_datetime_operator_3 to 2026-01-05 00:00:00+00:00, run_after=2026-01-06 00:00:00+00:00
[2026-01-06T14:51:11.234+1100] {processor.py:183} INFO - Processing /Users/fionatham/Documents/Projects/vogue_data_pipeline/venv/lib/python3.11/site-packages/airflow/example_dags/example_branch_datetime_operator.py took 0.070 seconds
[2026-01-06T14:53:05.326+1100] {processor.py:161} INFO - Started process (PID=93537) to work on /Users/fionatham/Documents/Projects/vogue_data_pipeline/venv/lib/python3.11/site-packages/airflow/example_dags/example_branch_datetime_operator.py
[2026-01-06T14:53:05.328+1100] {processor.py:830} INFO - Processing file /Users/fionatham/Documents/Projects/vogue_data_pipeline/venv/lib/python3.11/site-packages/airflow/example_dags/example_branch_datetime_operator.py for tasks to queue
[2026-01-06T14:53:05.328+1100] {logging_mixin.py:188} INFO - [2026-01-06T14:53:05.328+1100] {dagbag.py:545} INFO - Filling up the DagBag from /Users/fionatham/Documents/Projects/vogue_data_pipeline/venv/lib/python3.11/site-packages/airflow/example_dags/example_branch_datetime_operator.py
[2026-01-06T14:53:05.333+1100] {processor.py:840} INFO - DAG(s) 'example_branch_datetime_operator_2', 'example_branch_datetime_operator', 'example_branch_datetime_operator_3' retrieved from /Users/fionatham/Documents/Projects/vogue_data_pipeline/venv/lib/python3.11/site-packages/airflow/example_dags/example_branch_datetime_operator.py
[2026-01-06T14:53:05.377+1100] {logging_mixin.py:188} INFO - [2026-01-06T14:53:05.377+1100] {dag.py:3089} INFO - Sync 3 DAGs
[2026-01-06T14:53:05.383+1100] {logging_mixin.py:188} INFO - [2026-01-06T14:53:05.383+1100] {dag.py:3947} INFO - Setting next_dagrun for example_branch_datetime_operator to 2026-01-05 00:00:00+00:00, run_after=2026-01-06 00:00:00+00:00
[2026-01-06T14:53:05.385+1100] {logging_mixin.py:188} INFO - [2026-01-06T14:53:05.385+1100] {dag.py:3947} INFO - Setting next_dagrun for example_branch_datetime_operator_2 to 2026-01-05 00:00:00+00:00, run_after=2026-01-06 00:00:00+00:00
[2026-01-06T14:53:05.386+1100] {logging_mixin.py:188} INFO - [2026-01-06T14:53:05.386+1100] {dag.py:3947} INFO - Setting next_dagrun for example_branch_datetime_operator_3 to 2026-01-05 00:00:00+00:00, run_after=2026-01-06 00:00:00+00:00
[2026-01-06T14:53:05.392+1100] {processor.py:183} INFO - Processing /Users/fionatham/Documents/Projects/vogue_data_pipeline/venv/lib/python3.11/site-packages/airflow/example_dags/example_branch_datetime_operator.py took 0.067 seconds
[2026-01-06T14:55:02.434+1100] {processor.py:161} INFO - Started process (PID=93722) to work on /Users/fionatham/Documents/Projects/vogue_data_pipeline/venv/lib/python3.11/site-packages/airflow/example_dags/example_branch_datetime_operator.py
[2026-01-06T14:55:02.435+1100] {processor.py:830} INFO - Processing file /Users/fionatham/Documents/Projects/vogue_data_pipeline/venv/lib/python3.11/site-packages/airflow/example_dags/example_branch_datetime_operator.py for tasks to queue
[2026-01-06T14:55:02.435+1100] {logging_mixin.py:188} INFO - [2026-01-06T14:55:02.435+1100] {dagbag.py:545} INFO - Filling up the DagBag from /Users/fionatham/Documents/Projects/vogue_data_pipeline/venv/lib/python3.11/site-packages/airflow/example_dags/example_branch_datetime_operator.py
[2026-01-06T14:55:02.443+1100] {processor.py:840} INFO - DAG(s) 'example_branch_datetime_operator_3', 'example_branch_datetime_operator', 'example_branch_datetime_operator_2' retrieved from /Users/fionatham/Documents/Projects/vogue_data_pipeline/venv/lib/python3.11/site-packages/airflow/example_dags/example_branch_datetime_operator.py
[2026-01-06T14:55:02.502+1100] {logging_mixin.py:188} INFO - [2026-01-06T14:55:02.502+1100] {dag.py:3089} INFO - Sync 3 DAGs
[2026-01-06T14:55:02.511+1100] {logging_mixin.py:188} INFO - [2026-01-06T14:55:02.511+1100] {dag.py:3947} INFO - Setting next_dagrun for example_branch_datetime_operator to 2026-01-05 00:00:00+00:00, run_after=2026-01-06 00:00:00+00:00
[2026-01-06T14:55:02.513+1100] {logging_mixin.py:188} INFO - [2026-01-06T14:55:02.513+1100] {dag.py:3947} INFO - Setting next_dagrun for example_branch_datetime_operator_2 to 2026-01-05 00:00:00+00:00, run_after=2026-01-06 00:00:00+00:00
[2026-01-06T14:55:02.514+1100] {logging_mixin.py:188} INFO - [2026-01-06T14:55:02.514+1100] {dag.py:3947} INFO - Setting next_dagrun for example_branch_datetime_operator_3 to 2026-01-05 00:00:00+00:00, run_after=2026-01-06 00:00:00+00:00
[2026-01-06T14:55:02.523+1100] {processor.py:183} INFO - Processing /Users/fionatham/Documents/Projects/vogue_data_pipeline/venv/lib/python3.11/site-packages/airflow/example_dags/example_branch_datetime_operator.py took 0.091 seconds
[2026-01-06T14:57:01.817+1100] {processor.py:161} INFO - Started process (PID=93832) to work on /Users/fionatham/Documents/Projects/vogue_data_pipeline/venv/lib/python3.11/site-packages/airflow/example_dags/example_branch_datetime_operator.py
[2026-01-06T14:57:01.817+1100] {processor.py:830} INFO - Processing file /Users/fionatham/Documents/Projects/vogue_data_pipeline/venv/lib/python3.11/site-packages/airflow/example_dags/example_branch_datetime_operator.py for tasks to queue
[2026-01-06T14:57:01.818+1100] {logging_mixin.py:188} INFO - [2026-01-06T14:57:01.818+1100] {dagbag.py:545} INFO - Filling up the DagBag from /Users/fionatham/Documents/Projects/vogue_data_pipeline/venv/lib/python3.11/site-packages/airflow/example_dags/example_branch_datetime_operator.py
[2026-01-06T14:57:01.823+1100] {processor.py:840} INFO - DAG(s) 'example_branch_datetime_operator_2', 'example_branch_datetime_operator', 'example_branch_datetime_operator_3' retrieved from /Users/fionatham/Documents/Projects/vogue_data_pipeline/venv/lib/python3.11/site-packages/airflow/example_dags/example_branch_datetime_operator.py
[2026-01-06T14:57:01.871+1100] {logging_mixin.py:188} INFO - [2026-01-06T14:57:01.870+1100] {dag.py:3089} INFO - Sync 3 DAGs
[2026-01-06T14:57:01.878+1100] {logging_mixin.py:188} INFO - [2026-01-06T14:57:01.878+1100] {dag.py:3947} INFO - Setting next_dagrun for example_branch_datetime_operator to 2026-01-05 00:00:00+00:00, run_after=2026-01-06 00:00:00+00:00
[2026-01-06T14:57:01.879+1100] {logging_mixin.py:188} INFO - [2026-01-06T14:57:01.879+1100] {dag.py:3947} INFO - Setting next_dagrun for example_branch_datetime_operator_2 to 2026-01-05 00:00:00+00:00, run_after=2026-01-06 00:00:00+00:00
[2026-01-06T14:57:01.880+1100] {logging_mixin.py:188} INFO - [2026-01-06T14:57:01.880+1100] {dag.py:3947} INFO - Setting next_dagrun for example_branch_datetime_operator_3 to 2026-01-05 00:00:00+00:00, run_after=2026-01-06 00:00:00+00:00
[2026-01-06T14:57:01.888+1100] {processor.py:183} INFO - Processing /Users/fionatham/Documents/Projects/vogue_data_pipeline/venv/lib/python3.11/site-packages/airflow/example_dags/example_branch_datetime_operator.py took 0.073 seconds
[2026-01-06T14:58:56.180+1100] {processor.py:161} INFO - Started process (PID=93961) to work on /Users/fionatham/Documents/Projects/vogue_data_pipeline/venv/lib/python3.11/site-packages/airflow/example_dags/example_branch_datetime_operator.py
[2026-01-06T14:58:56.181+1100] {processor.py:830} INFO - Processing file /Users/fionatham/Documents/Projects/vogue_data_pipeline/venv/lib/python3.11/site-packages/airflow/example_dags/example_branch_datetime_operator.py for tasks to queue
[2026-01-06T14:58:56.181+1100] {logging_mixin.py:188} INFO - [2026-01-06T14:58:56.181+1100] {dagbag.py:545} INFO - Filling up the DagBag from /Users/fionatham/Documents/Projects/vogue_data_pipeline/venv/lib/python3.11/site-packages/airflow/example_dags/example_branch_datetime_operator.py
[2026-01-06T14:58:56.187+1100] {processor.py:840} INFO - DAG(s) 'example_branch_datetime_operator_2', 'example_branch_datetime_operator_3', 'example_branch_datetime_operator' retrieved from /Users/fionatham/Documents/Projects/vogue_data_pipeline/venv/lib/python3.11/site-packages/airflow/example_dags/example_branch_datetime_operator.py
[2026-01-06T14:58:56.233+1100] {logging_mixin.py:188} INFO - [2026-01-06T14:58:56.233+1100] {dag.py:3089} INFO - Sync 3 DAGs
[2026-01-06T14:58:56.241+1100] {logging_mixin.py:188} INFO - [2026-01-06T14:58:56.241+1100] {dag.py:3947} INFO - Setting next_dagrun for example_branch_datetime_operator to 2026-01-05 00:00:00+00:00, run_after=2026-01-06 00:00:00+00:00
[2026-01-06T14:58:56.242+1100] {logging_mixin.py:188} INFO - [2026-01-06T14:58:56.242+1100] {dag.py:3947} INFO - Setting next_dagrun for example_branch_datetime_operator_2 to 2026-01-05 00:00:00+00:00, run_after=2026-01-06 00:00:00+00:00
[2026-01-06T14:58:56.243+1100] {logging_mixin.py:188} INFO - [2026-01-06T14:58:56.243+1100] {dag.py:3947} INFO - Setting next_dagrun for example_branch_datetime_operator_3 to 2026-01-05 00:00:00+00:00, run_after=2026-01-06 00:00:00+00:00
[2026-01-06T14:58:56.250+1100] {processor.py:183} INFO - Processing /Users/fionatham/Documents/Projects/vogue_data_pipeline/venv/lib/python3.11/site-packages/airflow/example_dags/example_branch_datetime_operator.py took 0.071 seconds
[2026-01-06T15:00:57.019+1100] {processor.py:161} INFO - Started process (PID=94135) to work on /Users/fionatham/Documents/Projects/vogue_data_pipeline/venv/lib/python3.11/site-packages/airflow/example_dags/example_branch_datetime_operator.py
[2026-01-06T15:00:57.019+1100] {processor.py:830} INFO - Processing file /Users/fionatham/Documents/Projects/vogue_data_pipeline/venv/lib/python3.11/site-packages/airflow/example_dags/example_branch_datetime_operator.py for tasks to queue
[2026-01-06T15:00:57.020+1100] {logging_mixin.py:188} INFO - [2026-01-06T15:00:57.020+1100] {dagbag.py:545} INFO - Filling up the DagBag from /Users/fionatham/Documents/Projects/vogue_data_pipeline/venv/lib/python3.11/site-packages/airflow/example_dags/example_branch_datetime_operator.py
[2026-01-06T15:00:57.025+1100] {processor.py:840} INFO - DAG(s) 'example_branch_datetime_operator', 'example_branch_datetime_operator_2', 'example_branch_datetime_operator_3' retrieved from /Users/fionatham/Documents/Projects/vogue_data_pipeline/venv/lib/python3.11/site-packages/airflow/example_dags/example_branch_datetime_operator.py
[2026-01-06T15:00:57.070+1100] {logging_mixin.py:188} INFO - [2026-01-06T15:00:57.070+1100] {dag.py:3089} INFO - Sync 3 DAGs
[2026-01-06T15:00:57.076+1100] {logging_mixin.py:188} INFO - [2026-01-06T15:00:57.076+1100] {dag.py:3947} INFO - Setting next_dagrun for example_branch_datetime_operator to 2026-01-05 00:00:00+00:00, run_after=2026-01-06 00:00:00+00:00
[2026-01-06T15:00:57.078+1100] {logging_mixin.py:188} INFO - [2026-01-06T15:00:57.078+1100] {dag.py:3947} INFO - Setting next_dagrun for example_branch_datetime_operator_2 to 2026-01-05 00:00:00+00:00, run_after=2026-01-06 00:00:00+00:00
[2026-01-06T15:00:57.078+1100] {logging_mixin.py:188} INFO - [2026-01-06T15:00:57.078+1100] {dag.py:3947} INFO - Setting next_dagrun for example_branch_datetime_operator_3 to 2026-01-05 00:00:00+00:00, run_after=2026-01-06 00:00:00+00:00
[2026-01-06T15:00:57.085+1100] {processor.py:183} INFO - Processing /Users/fionatham/Documents/Projects/vogue_data_pipeline/venv/lib/python3.11/site-packages/airflow/example_dags/example_branch_datetime_operator.py took 0.068 seconds
[2026-01-06T15:02:58.148+1100] {processor.py:161} INFO - Started process (PID=94377) to work on /Users/fionatham/Documents/Projects/vogue_data_pipeline/venv/lib/python3.11/site-packages/airflow/example_dags/example_branch_datetime_operator.py
[2026-01-06T15:02:58.149+1100] {processor.py:830} INFO - Processing file /Users/fionatham/Documents/Projects/vogue_data_pipeline/venv/lib/python3.11/site-packages/airflow/example_dags/example_branch_datetime_operator.py for tasks to queue
[2026-01-06T15:02:58.149+1100] {logging_mixin.py:188} INFO - [2026-01-06T15:02:58.149+1100] {dagbag.py:545} INFO - Filling up the DagBag from /Users/fionatham/Documents/Projects/vogue_data_pipeline/venv/lib/python3.11/site-packages/airflow/example_dags/example_branch_datetime_operator.py
[2026-01-06T15:02:58.156+1100] {processor.py:840} INFO - DAG(s) 'example_branch_datetime_operator_2', 'example_branch_datetime_operator', 'example_branch_datetime_operator_3' retrieved from /Users/fionatham/Documents/Projects/vogue_data_pipeline/venv/lib/python3.11/site-packages/airflow/example_dags/example_branch_datetime_operator.py
[2026-01-06T15:02:58.204+1100] {logging_mixin.py:188} INFO - [2026-01-06T15:02:58.204+1100] {dag.py:3089} INFO - Sync 3 DAGs
[2026-01-06T15:02:58.212+1100] {logging_mixin.py:188} INFO - [2026-01-06T15:02:58.212+1100] {dag.py:3947} INFO - Setting next_dagrun for example_branch_datetime_operator to 2026-01-05 00:00:00+00:00, run_after=2026-01-06 00:00:00+00:00
[2026-01-06T15:02:58.214+1100] {logging_mixin.py:188} INFO - [2026-01-06T15:02:58.213+1100] {dag.py:3947} INFO - Setting next_dagrun for example_branch_datetime_operator_2 to 2026-01-05 00:00:00+00:00, run_after=2026-01-06 00:00:00+00:00
[2026-01-06T15:02:58.214+1100] {logging_mixin.py:188} INFO - [2026-01-06T15:02:58.214+1100] {dag.py:3947} INFO - Setting next_dagrun for example_branch_datetime_operator_3 to 2026-01-05 00:00:00+00:00, run_after=2026-01-06 00:00:00+00:00
[2026-01-06T15:02:58.222+1100] {processor.py:183} INFO - Processing /Users/fionatham/Documents/Projects/vogue_data_pipeline/venv/lib/python3.11/site-packages/airflow/example_dags/example_branch_datetime_operator.py took 0.075 seconds
[2026-01-06T15:04:58.664+1100] {processor.py:161} INFO - Started process (PID=94595) to work on /Users/fionatham/Documents/Projects/vogue_data_pipeline/venv/lib/python3.11/site-packages/airflow/example_dags/example_branch_datetime_operator.py
[2026-01-06T15:04:58.664+1100] {processor.py:830} INFO - Processing file /Users/fionatham/Documents/Projects/vogue_data_pipeline/venv/lib/python3.11/site-packages/airflow/example_dags/example_branch_datetime_operator.py for tasks to queue
[2026-01-06T15:04:58.665+1100] {logging_mixin.py:188} INFO - [2026-01-06T15:04:58.665+1100] {dagbag.py:545} INFO - Filling up the DagBag from /Users/fionatham/Documents/Projects/vogue_data_pipeline/venv/lib/python3.11/site-packages/airflow/example_dags/example_branch_datetime_operator.py
[2026-01-06T15:04:58.670+1100] {processor.py:840} INFO - DAG(s) 'example_branch_datetime_operator_2', 'example_branch_datetime_operator_3', 'example_branch_datetime_operator' retrieved from /Users/fionatham/Documents/Projects/vogue_data_pipeline/venv/lib/python3.11/site-packages/airflow/example_dags/example_branch_datetime_operator.py
[2026-01-06T15:04:58.717+1100] {logging_mixin.py:188} INFO - [2026-01-06T15:04:58.717+1100] {dag.py:3089} INFO - Sync 3 DAGs
[2026-01-06T15:04:58.724+1100] {logging_mixin.py:188} INFO - [2026-01-06T15:04:58.724+1100] {dag.py:3947} INFO - Setting next_dagrun for example_branch_datetime_operator to 2026-01-05 00:00:00+00:00, run_after=2026-01-06 00:00:00+00:00
[2026-01-06T15:04:58.725+1100] {logging_mixin.py:188} INFO - [2026-01-06T15:04:58.725+1100] {dag.py:3947} INFO - Setting next_dagrun for example_branch_datetime_operator_2 to 2026-01-05 00:00:00+00:00, run_after=2026-01-06 00:00:00+00:00
[2026-01-06T15:04:58.726+1100] {logging_mixin.py:188} INFO - [2026-01-06T15:04:58.726+1100] {dag.py:3947} INFO - Setting next_dagrun for example_branch_datetime_operator_3 to 2026-01-05 00:00:00+00:00, run_after=2026-01-06 00:00:00+00:00
[2026-01-06T15:04:58.733+1100] {processor.py:183} INFO - Processing /Users/fionatham/Documents/Projects/vogue_data_pipeline/venv/lib/python3.11/site-packages/airflow/example_dags/example_branch_datetime_operator.py took 0.071 seconds
[2026-01-06T15:06:58.315+1100] {processor.py:161} INFO - Started process (PID=94745) to work on /Users/fionatham/Documents/Projects/vogue_data_pipeline/venv/lib/python3.11/site-packages/airflow/example_dags/example_branch_datetime_operator.py
[2026-01-06T15:06:58.315+1100] {processor.py:830} INFO - Processing file /Users/fionatham/Documents/Projects/vogue_data_pipeline/venv/lib/python3.11/site-packages/airflow/example_dags/example_branch_datetime_operator.py for tasks to queue
[2026-01-06T15:06:58.316+1100] {logging_mixin.py:188} INFO - [2026-01-06T15:06:58.316+1100] {dagbag.py:545} INFO - Filling up the DagBag from /Users/fionatham/Documents/Projects/vogue_data_pipeline/venv/lib/python3.11/site-packages/airflow/example_dags/example_branch_datetime_operator.py
[2026-01-06T15:06:58.321+1100] {processor.py:840} INFO - DAG(s) 'example_branch_datetime_operator_2', 'example_branch_datetime_operator_3', 'example_branch_datetime_operator' retrieved from /Users/fionatham/Documents/Projects/vogue_data_pipeline/venv/lib/python3.11/site-packages/airflow/example_dags/example_branch_datetime_operator.py
[2026-01-06T15:06:58.368+1100] {logging_mixin.py:188} INFO - [2026-01-06T15:06:58.368+1100] {dag.py:3089} INFO - Sync 3 DAGs
[2026-01-06T15:06:58.375+1100] {logging_mixin.py:188} INFO - [2026-01-06T15:06:58.375+1100] {dag.py:3947} INFO - Setting next_dagrun for example_branch_datetime_operator to 2026-01-05 00:00:00+00:00, run_after=2026-01-06 00:00:00+00:00
[2026-01-06T15:06:58.377+1100] {logging_mixin.py:188} INFO - [2026-01-06T15:06:58.377+1100] {dag.py:3947} INFO - Setting next_dagrun for example_branch_datetime_operator_2 to 2026-01-05 00:00:00+00:00, run_after=2026-01-06 00:00:00+00:00
[2026-01-06T15:06:58.377+1100] {logging_mixin.py:188} INFO - [2026-01-06T15:06:58.377+1100] {dag.py:3947} INFO - Setting next_dagrun for example_branch_datetime_operator_3 to 2026-01-05 00:00:00+00:00, run_after=2026-01-06 00:00:00+00:00
[2026-01-06T15:06:58.385+1100] {processor.py:183} INFO - Processing /Users/fionatham/Documents/Projects/vogue_data_pipeline/venv/lib/python3.11/site-packages/airflow/example_dags/example_branch_datetime_operator.py took 0.071 seconds
[2026-01-06T15:13:22.636+1100] {processor.py:161} INFO - Started process (PID=95300) to work on /Users/fionatham/Documents/Projects/vogue_data_pipeline/venv/lib/python3.11/site-packages/airflow/example_dags/example_branch_datetime_operator.py
[2026-01-06T15:13:22.637+1100] {processor.py:830} INFO - Processing file /Users/fionatham/Documents/Projects/vogue_data_pipeline/venv/lib/python3.11/site-packages/airflow/example_dags/example_branch_datetime_operator.py for tasks to queue
[2026-01-06T15:13:22.637+1100] {logging_mixin.py:188} INFO - [2026-01-06T15:13:22.637+1100] {dagbag.py:545} INFO - Filling up the DagBag from /Users/fionatham/Documents/Projects/vogue_data_pipeline/venv/lib/python3.11/site-packages/airflow/example_dags/example_branch_datetime_operator.py
[2026-01-06T15:13:22.643+1100] {processor.py:840} INFO - DAG(s) 'example_branch_datetime_operator_2', 'example_branch_datetime_operator', 'example_branch_datetime_operator_3' retrieved from /Users/fionatham/Documents/Projects/vogue_data_pipeline/venv/lib/python3.11/site-packages/airflow/example_dags/example_branch_datetime_operator.py
[2026-01-06T15:13:22.687+1100] {logging_mixin.py:188} INFO - [2026-01-06T15:13:22.687+1100] {dag.py:3089} INFO - Sync 3 DAGs
[2026-01-06T15:13:22.694+1100] {logging_mixin.py:188} INFO - [2026-01-06T15:13:22.694+1100] {dag.py:3947} INFO - Setting next_dagrun for example_branch_datetime_operator to 2026-01-05 00:00:00+00:00, run_after=2026-01-06 00:00:00+00:00
[2026-01-06T15:13:22.695+1100] {logging_mixin.py:188} INFO - [2026-01-06T15:13:22.695+1100] {dag.py:3947} INFO - Setting next_dagrun for example_branch_datetime_operator_2 to 2026-01-05 00:00:00+00:00, run_after=2026-01-06 00:00:00+00:00
[2026-01-06T15:13:22.696+1100] {logging_mixin.py:188} INFO - [2026-01-06T15:13:22.696+1100] {dag.py:3947} INFO - Setting next_dagrun for example_branch_datetime_operator_3 to 2026-01-05 00:00:00+00:00, run_after=2026-01-06 00:00:00+00:00
[2026-01-06T15:13:22.702+1100] {processor.py:183} INFO - Processing /Users/fionatham/Documents/Projects/vogue_data_pipeline/venv/lib/python3.11/site-packages/airflow/example_dags/example_branch_datetime_operator.py took 0.068 seconds
[2026-01-06T16:56:40.934+1100] {processor.py:161} INFO - Started process (PID=95525) to work on /Users/fionatham/Documents/Projects/vogue_data_pipeline/venv/lib/python3.11/site-packages/airflow/example_dags/example_branch_datetime_operator.py
[2026-01-06T16:56:40.935+1100] {processor.py:830} INFO - Processing file /Users/fionatham/Documents/Projects/vogue_data_pipeline/venv/lib/python3.11/site-packages/airflow/example_dags/example_branch_datetime_operator.py for tasks to queue
[2026-01-06T16:56:40.935+1100] {logging_mixin.py:188} INFO - [2026-01-06T16:56:40.935+1100] {dagbag.py:545} INFO - Filling up the DagBag from /Users/fionatham/Documents/Projects/vogue_data_pipeline/venv/lib/python3.11/site-packages/airflow/example_dags/example_branch_datetime_operator.py
[2026-01-06T16:56:40.940+1100] {processor.py:840} INFO - DAG(s) 'example_branch_datetime_operator_3', 'example_branch_datetime_operator_2', 'example_branch_datetime_operator' retrieved from /Users/fionatham/Documents/Projects/vogue_data_pipeline/venv/lib/python3.11/site-packages/airflow/example_dags/example_branch_datetime_operator.py
[2026-01-06T16:56:40.985+1100] {logging_mixin.py:188} INFO - [2026-01-06T16:56:40.985+1100] {dag.py:3089} INFO - Sync 3 DAGs
[2026-01-06T16:56:40.991+1100] {logging_mixin.py:188} INFO - [2026-01-06T16:56:40.991+1100] {dag.py:3947} INFO - Setting next_dagrun for example_branch_datetime_operator to 2026-01-05 00:00:00+00:00, run_after=2026-01-06 00:00:00+00:00
[2026-01-06T16:56:40.993+1100] {logging_mixin.py:188} INFO - [2026-01-06T16:56:40.993+1100] {dag.py:3947} INFO - Setting next_dagrun for example_branch_datetime_operator_2 to 2026-01-05 00:00:00+00:00, run_after=2026-01-06 00:00:00+00:00
[2026-01-06T16:56:40.994+1100] {logging_mixin.py:188} INFO - [2026-01-06T16:56:40.994+1100] {dag.py:3947} INFO - Setting next_dagrun for example_branch_datetime_operator_3 to 2026-01-05 00:00:00+00:00, run_after=2026-01-06 00:00:00+00:00
[2026-01-06T16:56:41.000+1100] {processor.py:183} INFO - Processing /Users/fionatham/Documents/Projects/vogue_data_pipeline/venv/lib/python3.11/site-packages/airflow/example_dags/example_branch_datetime_operator.py took 0.067 seconds
[2026-01-06T19:32:41.729+1100] {processor.py:161} INFO - Started process (PID=95624) to work on /Users/fionatham/Documents/Projects/vogue_data_pipeline/venv/lib/python3.11/site-packages/airflow/example_dags/example_branch_datetime_operator.py
[2026-01-06T19:32:41.730+1100] {processor.py:830} INFO - Processing file /Users/fionatham/Documents/Projects/vogue_data_pipeline/venv/lib/python3.11/site-packages/airflow/example_dags/example_branch_datetime_operator.py for tasks to queue
[2026-01-06T19:32:41.731+1100] {logging_mixin.py:188} INFO - [2026-01-06T19:32:41.730+1100] {dagbag.py:545} INFO - Filling up the DagBag from /Users/fionatham/Documents/Projects/vogue_data_pipeline/venv/lib/python3.11/site-packages/airflow/example_dags/example_branch_datetime_operator.py
[2026-01-06T19:32:41.736+1100] {processor.py:840} INFO - DAG(s) 'example_branch_datetime_operator', 'example_branch_datetime_operator_3', 'example_branch_datetime_operator_2' retrieved from /Users/fionatham/Documents/Projects/vogue_data_pipeline/venv/lib/python3.11/site-packages/airflow/example_dags/example_branch_datetime_operator.py
[2026-01-06T19:32:41.779+1100] {logging_mixin.py:188} INFO - [2026-01-06T19:32:41.779+1100] {dag.py:3089} INFO - Sync 3 DAGs
[2026-01-06T19:32:41.786+1100] {logging_mixin.py:188} INFO - [2026-01-06T19:32:41.786+1100] {dag.py:3947} INFO - Setting next_dagrun for example_branch_datetime_operator to 2026-01-05 00:00:00+00:00, run_after=2026-01-06 00:00:00+00:00
[2026-01-06T19:32:41.787+1100] {logging_mixin.py:188} INFO - [2026-01-06T19:32:41.787+1100] {dag.py:3947} INFO - Setting next_dagrun for example_branch_datetime_operator_2 to 2026-01-05 00:00:00+00:00, run_after=2026-01-06 00:00:00+00:00
[2026-01-06T19:32:41.788+1100] {logging_mixin.py:188} INFO - [2026-01-06T19:32:41.788+1100] {dag.py:3947} INFO - Setting next_dagrun for example_branch_datetime_operator_3 to 2026-01-05 00:00:00+00:00, run_after=2026-01-06 00:00:00+00:00
[2026-01-06T19:32:41.794+1100] {processor.py:183} INFO - Processing /Users/fionatham/Documents/Projects/vogue_data_pipeline/venv/lib/python3.11/site-packages/airflow/example_dags/example_branch_datetime_operator.py took 0.066 seconds
[2026-01-06T20:52:25.077+1100] {processor.py:161} INFO - Started process (PID=95775) to work on /Users/fionatham/Documents/Projects/vogue_data_pipeline/venv/lib/python3.11/site-packages/airflow/example_dags/example_branch_datetime_operator.py
[2026-01-06T20:52:25.078+1100] {processor.py:830} INFO - Processing file /Users/fionatham/Documents/Projects/vogue_data_pipeline/venv/lib/python3.11/site-packages/airflow/example_dags/example_branch_datetime_operator.py for tasks to queue
[2026-01-06T20:52:25.079+1100] {logging_mixin.py:188} INFO - [2026-01-06T20:52:25.079+1100] {dagbag.py:545} INFO - Filling up the DagBag from /Users/fionatham/Documents/Projects/vogue_data_pipeline/venv/lib/python3.11/site-packages/airflow/example_dags/example_branch_datetime_operator.py
[2026-01-06T20:52:25.087+1100] {processor.py:840} INFO - DAG(s) 'example_branch_datetime_operator_2', 'example_branch_datetime_operator', 'example_branch_datetime_operator_3' retrieved from /Users/fionatham/Documents/Projects/vogue_data_pipeline/venv/lib/python3.11/site-packages/airflow/example_dags/example_branch_datetime_operator.py
[2026-01-06T20:52:25.153+1100] {logging_mixin.py:188} INFO - [2026-01-06T20:52:25.153+1100] {dag.py:3089} INFO - Sync 3 DAGs
[2026-01-06T20:52:25.162+1100] {logging_mixin.py:188} INFO - [2026-01-06T20:52:25.162+1100] {dag.py:3947} INFO - Setting next_dagrun for example_branch_datetime_operator to 2026-01-05 00:00:00+00:00, run_after=2026-01-06 00:00:00+00:00
[2026-01-06T20:52:25.164+1100] {logging_mixin.py:188} INFO - [2026-01-06T20:52:25.164+1100] {dag.py:3947} INFO - Setting next_dagrun for example_branch_datetime_operator_2 to 2026-01-05 00:00:00+00:00, run_after=2026-01-06 00:00:00+00:00
[2026-01-06T20:52:25.166+1100] {logging_mixin.py:188} INFO - [2026-01-06T20:52:25.165+1100] {dag.py:3947} INFO - Setting next_dagrun for example_branch_datetime_operator_3 to 2026-01-05 00:00:00+00:00, run_after=2026-01-06 00:00:00+00:00
[2026-01-06T20:52:25.174+1100] {processor.py:183} INFO - Processing /Users/fionatham/Documents/Projects/vogue_data_pipeline/venv/lib/python3.11/site-packages/airflow/example_dags/example_branch_datetime_operator.py took 0.098 seconds
[2026-01-06T23:57:21.056+1100] {processor.py:161} INFO - Started process (PID=96069) to work on /Users/fionatham/Documents/Projects/vogue_data_pipeline/venv/lib/python3.11/site-packages/airflow/example_dags/example_branch_datetime_operator.py
[2026-01-06T23:57:21.057+1100] {processor.py:830} INFO - Processing file /Users/fionatham/Documents/Projects/vogue_data_pipeline/venv/lib/python3.11/site-packages/airflow/example_dags/example_branch_datetime_operator.py for tasks to queue
[2026-01-06T23:57:21.057+1100] {logging_mixin.py:188} INFO - [2026-01-06T23:57:21.057+1100] {dagbag.py:545} INFO - Filling up the DagBag from /Users/fionatham/Documents/Projects/vogue_data_pipeline/venv/lib/python3.11/site-packages/airflow/example_dags/example_branch_datetime_operator.py
[2026-01-06T23:57:21.063+1100] {processor.py:840} INFO - DAG(s) 'example_branch_datetime_operator_3', 'example_branch_datetime_operator_2', 'example_branch_datetime_operator' retrieved from /Users/fionatham/Documents/Projects/vogue_data_pipeline/venv/lib/python3.11/site-packages/airflow/example_dags/example_branch_datetime_operator.py
[2026-01-06T23:57:21.111+1100] {logging_mixin.py:188} INFO - [2026-01-06T23:57:21.111+1100] {dag.py:3089} INFO - Sync 3 DAGs
[2026-01-06T23:57:21.117+1100] {logging_mixin.py:188} INFO - [2026-01-06T23:57:21.117+1100] {dag.py:3947} INFO - Setting next_dagrun for example_branch_datetime_operator to 2026-01-05 00:00:00+00:00, run_after=2026-01-06 00:00:00+00:00
[2026-01-06T23:57:21.119+1100] {logging_mixin.py:188} INFO - [2026-01-06T23:57:21.119+1100] {dag.py:3947} INFO - Setting next_dagrun for example_branch_datetime_operator_2 to 2026-01-05 00:00:00+00:00, run_after=2026-01-06 00:00:00+00:00
[2026-01-06T23:57:21.120+1100] {logging_mixin.py:188} INFO - [2026-01-06T23:57:21.120+1100] {dag.py:3947} INFO - Setting next_dagrun for example_branch_datetime_operator_3 to 2026-01-05 00:00:00+00:00, run_after=2026-01-06 00:00:00+00:00
[2026-01-06T23:57:21.128+1100] {processor.py:183} INFO - Processing /Users/fionatham/Documents/Projects/vogue_data_pipeline/venv/lib/python3.11/site-packages/airflow/example_dags/example_branch_datetime_operator.py took 0.073 seconds
