[2026-01-06T13:57:28.942+1100] {processor.py:161} INFO - Started process (PID=85417) to work on /Users/fionatham/Documents/Projects/vogue_data_pipeline/venv/lib/python3.11/site-packages/airflow/example_dags/example_nested_branch_dag.py
[2026-01-06T13:57:28.943+1100] {processor.py:830} INFO - Processing file /Users/fionatham/Documents/Projects/vogue_data_pipeline/venv/lib/python3.11/site-packages/airflow/example_dags/example_nested_branch_dag.py for tasks to queue
[2026-01-06T13:57:28.943+1100] {logging_mixin.py:188} INFO - [2026-01-06T13:57:28.943+1100] {dagbag.py:545} INFO - Filling up the DagBag from /Users/fionatham/Documents/Projects/vogue_data_pipeline/venv/lib/python3.11/site-packages/airflow/example_dags/example_nested_branch_dag.py
[2026-01-06T13:57:28.960+1100] {processor.py:840} INFO - DAG(s) 'example_nested_branch_dag' retrieved from /Users/fionatham/Documents/Projects/vogue_data_pipeline/venv/lib/python3.11/site-packages/airflow/example_dags/example_nested_branch_dag.py
[2026-01-06T13:57:29.063+1100] {logging_mixin.py:188} INFO - [2026-01-06T13:57:29.063+1100] {override.py:1858} INFO - Created Permission View: can read on DAG:example_nested_branch_dag
[2026-01-06T13:57:29.067+1100] {logging_mixin.py:188} INFO - [2026-01-06T13:57:29.066+1100] {override.py:1858} INFO - Created Permission View: can edit on DAG:example_nested_branch_dag
[2026-01-06T13:57:29.068+1100] {logging_mixin.py:188} INFO - [2026-01-06T13:57:29.068+1100] {override.py:1858} INFO - Created Permission View: can delete on DAG:example_nested_branch_dag
[2026-01-06T13:57:29.069+1100] {logging_mixin.py:188} INFO - [2026-01-06T13:57:29.069+1100] {dag.py:3089} INFO - Sync 1 DAGs
[2026-01-06T13:57:29.072+1100] {logging_mixin.py:188} INFO - [2026-01-06T13:57:29.072+1100] {dag.py:3111} INFO - Creating ORM DAG for example_nested_branch_dag
[2026-01-06T13:57:29.076+1100] {logging_mixin.py:188} INFO - [2026-01-06T13:57:29.076+1100] {dag.py:3947} INFO - Setting next_dagrun for example_nested_branch_dag to 2026-01-05 00:00:00+00:00, run_after=2026-01-06 00:00:00+00:00
[2026-01-06T13:57:29.083+1100] {processor.py:183} INFO - Processing /Users/fionatham/Documents/Projects/vogue_data_pipeline/venv/lib/python3.11/site-packages/airflow/example_dags/example_nested_branch_dag.py took 0.143 seconds
[2026-01-06T13:58:58.652+1100] {processor.py:161} INFO - Started process (PID=86121) to work on /Users/fionatham/Documents/Projects/vogue_data_pipeline/venv/lib/python3.11/site-packages/airflow/example_dags/example_nested_branch_dag.py
[2026-01-06T13:58:58.653+1100] {processor.py:830} INFO - Processing file /Users/fionatham/Documents/Projects/vogue_data_pipeline/venv/lib/python3.11/site-packages/airflow/example_dags/example_nested_branch_dag.py for tasks to queue
[2026-01-06T13:58:58.653+1100] {logging_mixin.py:188} INFO - [2026-01-06T13:58:58.653+1100] {dagbag.py:545} INFO - Filling up the DagBag from /Users/fionatham/Documents/Projects/vogue_data_pipeline/venv/lib/python3.11/site-packages/airflow/example_dags/example_nested_branch_dag.py
[2026-01-06T13:58:58.671+1100] {processor.py:840} INFO - DAG(s) 'example_nested_branch_dag' retrieved from /Users/fionatham/Documents/Projects/vogue_data_pipeline/venv/lib/python3.11/site-packages/airflow/example_dags/example_nested_branch_dag.py
[2026-01-06T13:58:58.716+1100] {logging_mixin.py:188} INFO - [2026-01-06T13:58:58.716+1100] {dag.py:3089} INFO - Sync 1 DAGs
[2026-01-06T13:58:58.725+1100] {logging_mixin.py:188} INFO - [2026-01-06T13:58:58.725+1100] {dag.py:3947} INFO - Setting next_dagrun for example_nested_branch_dag to 2026-01-05 00:00:00+00:00, run_after=2026-01-06 00:00:00+00:00
[2026-01-06T13:58:58.733+1100] {processor.py:183} INFO - Processing /Users/fionatham/Documents/Projects/vogue_data_pipeline/venv/lib/python3.11/site-packages/airflow/example_dags/example_nested_branch_dag.py took 0.083 seconds
[2026-01-06T14:00:59.244+1100] {processor.py:161} INFO - Started process (PID=86987) to work on /Users/fionatham/Documents/Projects/vogue_data_pipeline/venv/lib/python3.11/site-packages/airflow/example_dags/example_nested_branch_dag.py
[2026-01-06T14:00:59.244+1100] {processor.py:830} INFO - Processing file /Users/fionatham/Documents/Projects/vogue_data_pipeline/venv/lib/python3.11/site-packages/airflow/example_dags/example_nested_branch_dag.py for tasks to queue
[2026-01-06T14:00:59.245+1100] {logging_mixin.py:188} INFO - [2026-01-06T14:00:59.245+1100] {dagbag.py:545} INFO - Filling up the DagBag from /Users/fionatham/Documents/Projects/vogue_data_pipeline/venv/lib/python3.11/site-packages/airflow/example_dags/example_nested_branch_dag.py
[2026-01-06T14:00:59.266+1100] {processor.py:840} INFO - DAG(s) 'example_nested_branch_dag' retrieved from /Users/fionatham/Documents/Projects/vogue_data_pipeline/venv/lib/python3.11/site-packages/airflow/example_dags/example_nested_branch_dag.py
[2026-01-06T14:00:59.314+1100] {logging_mixin.py:188} INFO - [2026-01-06T14:00:59.313+1100] {dag.py:3089} INFO - Sync 1 DAGs
[2026-01-06T14:00:59.322+1100] {logging_mixin.py:188} INFO - [2026-01-06T14:00:59.322+1100] {dag.py:3947} INFO - Setting next_dagrun for example_nested_branch_dag to 2026-01-05 00:00:00+00:00, run_after=2026-01-06 00:00:00+00:00
[2026-01-06T14:00:59.330+1100] {processor.py:183} INFO - Processing /Users/fionatham/Documents/Projects/vogue_data_pipeline/venv/lib/python3.11/site-packages/airflow/example_dags/example_nested_branch_dag.py took 0.088 seconds
[2026-01-06T14:03:01.486+1100] {processor.py:161} INFO - Started process (PID=87174) to work on /Users/fionatham/Documents/Projects/vogue_data_pipeline/venv/lib/python3.11/site-packages/airflow/example_dags/example_nested_branch_dag.py
[2026-01-06T14:03:01.487+1100] {processor.py:830} INFO - Processing file /Users/fionatham/Documents/Projects/vogue_data_pipeline/venv/lib/python3.11/site-packages/airflow/example_dags/example_nested_branch_dag.py for tasks to queue
[2026-01-06T14:03:01.488+1100] {logging_mixin.py:188} INFO - [2026-01-06T14:03:01.487+1100] {dagbag.py:545} INFO - Filling up the DagBag from /Users/fionatham/Documents/Projects/vogue_data_pipeline/venv/lib/python3.11/site-packages/airflow/example_dags/example_nested_branch_dag.py
[2026-01-06T14:03:01.506+1100] {processor.py:840} INFO - DAG(s) 'example_nested_branch_dag' retrieved from /Users/fionatham/Documents/Projects/vogue_data_pipeline/venv/lib/python3.11/site-packages/airflow/example_dags/example_nested_branch_dag.py
[2026-01-06T14:03:01.553+1100] {logging_mixin.py:188} INFO - [2026-01-06T14:03:01.552+1100] {dag.py:3089} INFO - Sync 1 DAGs
[2026-01-06T14:03:01.560+1100] {logging_mixin.py:188} INFO - [2026-01-06T14:03:01.560+1100] {dag.py:3947} INFO - Setting next_dagrun for example_nested_branch_dag to 2026-01-05 00:00:00+00:00, run_after=2026-01-06 00:00:00+00:00
[2026-01-06T14:03:01.567+1100] {processor.py:183} INFO - Processing /Users/fionatham/Documents/Projects/vogue_data_pipeline/venv/lib/python3.11/site-packages/airflow/example_dags/example_nested_branch_dag.py took 0.083 seconds
[2026-01-06T14:05:01.866+1100] {processor.py:161} INFO - Started process (PID=87354) to work on /Users/fionatham/Documents/Projects/vogue_data_pipeline/venv/lib/python3.11/site-packages/airflow/example_dags/example_nested_branch_dag.py
[2026-01-06T14:05:01.867+1100] {processor.py:830} INFO - Processing file /Users/fionatham/Documents/Projects/vogue_data_pipeline/venv/lib/python3.11/site-packages/airflow/example_dags/example_nested_branch_dag.py for tasks to queue
[2026-01-06T14:05:01.868+1100] {logging_mixin.py:188} INFO - [2026-01-06T14:05:01.867+1100] {dagbag.py:545} INFO - Filling up the DagBag from /Users/fionatham/Documents/Projects/vogue_data_pipeline/venv/lib/python3.11/site-packages/airflow/example_dags/example_nested_branch_dag.py
[2026-01-06T14:05:01.887+1100] {processor.py:840} INFO - DAG(s) 'example_nested_branch_dag' retrieved from /Users/fionatham/Documents/Projects/vogue_data_pipeline/venv/lib/python3.11/site-packages/airflow/example_dags/example_nested_branch_dag.py
[2026-01-06T14:05:01.931+1100] {logging_mixin.py:188} INFO - [2026-01-06T14:05:01.931+1100] {dag.py:3089} INFO - Sync 1 DAGs
[2026-01-06T14:05:01.939+1100] {logging_mixin.py:188} INFO - [2026-01-06T14:05:01.938+1100] {dag.py:3947} INFO - Setting next_dagrun for example_nested_branch_dag to 2026-01-05 00:00:00+00:00, run_after=2026-01-06 00:00:00+00:00
[2026-01-06T14:05:01.946+1100] {processor.py:183} INFO - Processing /Users/fionatham/Documents/Projects/vogue_data_pipeline/venv/lib/python3.11/site-packages/airflow/example_dags/example_nested_branch_dag.py took 0.081 seconds
[2026-01-06T14:07:02.317+1100] {processor.py:161} INFO - Started process (PID=87571) to work on /Users/fionatham/Documents/Projects/vogue_data_pipeline/venv/lib/python3.11/site-packages/airflow/example_dags/example_nested_branch_dag.py
[2026-01-06T14:07:02.318+1100] {processor.py:830} INFO - Processing file /Users/fionatham/Documents/Projects/vogue_data_pipeline/venv/lib/python3.11/site-packages/airflow/example_dags/example_nested_branch_dag.py for tasks to queue
[2026-01-06T14:07:02.319+1100] {logging_mixin.py:188} INFO - [2026-01-06T14:07:02.318+1100] {dagbag.py:545} INFO - Filling up the DagBag from /Users/fionatham/Documents/Projects/vogue_data_pipeline/venv/lib/python3.11/site-packages/airflow/example_dags/example_nested_branch_dag.py
[2026-01-06T14:07:02.335+1100] {processor.py:840} INFO - DAG(s) 'example_nested_branch_dag' retrieved from /Users/fionatham/Documents/Projects/vogue_data_pipeline/venv/lib/python3.11/site-packages/airflow/example_dags/example_nested_branch_dag.py
[2026-01-06T14:07:02.385+1100] {logging_mixin.py:188} INFO - [2026-01-06T14:07:02.384+1100] {dag.py:3089} INFO - Sync 1 DAGs
[2026-01-06T14:07:02.392+1100] {logging_mixin.py:188} INFO - [2026-01-06T14:07:02.392+1100] {dag.py:3947} INFO - Setting next_dagrun for example_nested_branch_dag to 2026-01-05 00:00:00+00:00, run_after=2026-01-06 00:00:00+00:00
[2026-01-06T14:07:02.399+1100] {processor.py:183} INFO - Processing /Users/fionatham/Documents/Projects/vogue_data_pipeline/venv/lib/python3.11/site-packages/airflow/example_dags/example_nested_branch_dag.py took 0.084 seconds
[2026-01-06T14:08:58.816+1100] {processor.py:161} INFO - Started process (PID=87686) to work on /Users/fionatham/Documents/Projects/vogue_data_pipeline/venv/lib/python3.11/site-packages/airflow/example_dags/example_nested_branch_dag.py
[2026-01-06T14:08:58.817+1100] {processor.py:830} INFO - Processing file /Users/fionatham/Documents/Projects/vogue_data_pipeline/venv/lib/python3.11/site-packages/airflow/example_dags/example_nested_branch_dag.py for tasks to queue
[2026-01-06T14:08:58.817+1100] {logging_mixin.py:188} INFO - [2026-01-06T14:08:58.817+1100] {dagbag.py:545} INFO - Filling up the DagBag from /Users/fionatham/Documents/Projects/vogue_data_pipeline/venv/lib/python3.11/site-packages/airflow/example_dags/example_nested_branch_dag.py
[2026-01-06T14:08:58.835+1100] {processor.py:840} INFO - DAG(s) 'example_nested_branch_dag' retrieved from /Users/fionatham/Documents/Projects/vogue_data_pipeline/venv/lib/python3.11/site-packages/airflow/example_dags/example_nested_branch_dag.py
[2026-01-06T14:08:58.880+1100] {logging_mixin.py:188} INFO - [2026-01-06T14:08:58.880+1100] {dag.py:3089} INFO - Sync 1 DAGs
[2026-01-06T14:08:58.887+1100] {logging_mixin.py:188} INFO - [2026-01-06T14:08:58.887+1100] {dag.py:3947} INFO - Setting next_dagrun for example_nested_branch_dag to 2026-01-05 00:00:00+00:00, run_after=2026-01-06 00:00:00+00:00
[2026-01-06T14:08:58.894+1100] {processor.py:183} INFO - Processing /Users/fionatham/Documents/Projects/vogue_data_pipeline/venv/lib/python3.11/site-packages/airflow/example_dags/example_nested_branch_dag.py took 0.079 seconds
[2026-01-06T14:10:59.725+1100] {processor.py:161} INFO - Started process (PID=87815) to work on /Users/fionatham/Documents/Projects/vogue_data_pipeline/venv/lib/python3.11/site-packages/airflow/example_dags/example_nested_branch_dag.py
[2026-01-06T14:10:59.726+1100] {processor.py:830} INFO - Processing file /Users/fionatham/Documents/Projects/vogue_data_pipeline/venv/lib/python3.11/site-packages/airflow/example_dags/example_nested_branch_dag.py for tasks to queue
[2026-01-06T14:10:59.726+1100] {logging_mixin.py:188} INFO - [2026-01-06T14:10:59.726+1100] {dagbag.py:545} INFO - Filling up the DagBag from /Users/fionatham/Documents/Projects/vogue_data_pipeline/venv/lib/python3.11/site-packages/airflow/example_dags/example_nested_branch_dag.py
[2026-01-06T14:10:59.745+1100] {processor.py:840} INFO - DAG(s) 'example_nested_branch_dag' retrieved from /Users/fionatham/Documents/Projects/vogue_data_pipeline/venv/lib/python3.11/site-packages/airflow/example_dags/example_nested_branch_dag.py
[2026-01-06T14:10:59.791+1100] {logging_mixin.py:188} INFO - [2026-01-06T14:10:59.790+1100] {dag.py:3089} INFO - Sync 1 DAGs
[2026-01-06T14:10:59.797+1100] {logging_mixin.py:188} INFO - [2026-01-06T14:10:59.797+1100] {dag.py:3947} INFO - Setting next_dagrun for example_nested_branch_dag to 2026-01-05 00:00:00+00:00, run_after=2026-01-06 00:00:00+00:00
[2026-01-06T14:10:59.805+1100] {processor.py:183} INFO - Processing /Users/fionatham/Documents/Projects/vogue_data_pipeline/venv/lib/python3.11/site-packages/airflow/example_dags/example_nested_branch_dag.py took 0.081 seconds
[2026-01-06T14:12:57.883+1100] {processor.py:161} INFO - Started process (PID=87972) to work on /Users/fionatham/Documents/Projects/vogue_data_pipeline/venv/lib/python3.11/site-packages/airflow/example_dags/example_nested_branch_dag.py
[2026-01-06T14:12:57.884+1100] {processor.py:830} INFO - Processing file /Users/fionatham/Documents/Projects/vogue_data_pipeline/venv/lib/python3.11/site-packages/airflow/example_dags/example_nested_branch_dag.py for tasks to queue
[2026-01-06T14:12:57.884+1100] {logging_mixin.py:188} INFO - [2026-01-06T14:12:57.884+1100] {dagbag.py:545} INFO - Filling up the DagBag from /Users/fionatham/Documents/Projects/vogue_data_pipeline/venv/lib/python3.11/site-packages/airflow/example_dags/example_nested_branch_dag.py
[2026-01-06T14:12:57.903+1100] {processor.py:840} INFO - DAG(s) 'example_nested_branch_dag' retrieved from /Users/fionatham/Documents/Projects/vogue_data_pipeline/venv/lib/python3.11/site-packages/airflow/example_dags/example_nested_branch_dag.py
[2026-01-06T14:12:57.948+1100] {logging_mixin.py:188} INFO - [2026-01-06T14:12:57.948+1100] {dag.py:3089} INFO - Sync 1 DAGs
[2026-01-06T14:12:57.956+1100] {logging_mixin.py:188} INFO - [2026-01-06T14:12:57.956+1100] {dag.py:3947} INFO - Setting next_dagrun for example_nested_branch_dag to 2026-01-05 00:00:00+00:00, run_after=2026-01-06 00:00:00+00:00
[2026-01-06T14:12:57.964+1100] {processor.py:183} INFO - Processing /Users/fionatham/Documents/Projects/vogue_data_pipeline/venv/lib/python3.11/site-packages/airflow/example_dags/example_nested_branch_dag.py took 0.082 seconds
[2026-01-06T14:15:05.843+1100] {processor.py:161} INFO - Started process (PID=88746) to work on /Users/fionatham/Documents/Projects/vogue_data_pipeline/venv/lib/python3.11/site-packages/airflow/example_dags/example_nested_branch_dag.py
[2026-01-06T14:15:05.843+1100] {processor.py:830} INFO - Processing file /Users/fionatham/Documents/Projects/vogue_data_pipeline/venv/lib/python3.11/site-packages/airflow/example_dags/example_nested_branch_dag.py for tasks to queue
[2026-01-06T14:15:05.844+1100] {logging_mixin.py:188} INFO - [2026-01-06T14:15:05.844+1100] {dagbag.py:545} INFO - Filling up the DagBag from /Users/fionatham/Documents/Projects/vogue_data_pipeline/venv/lib/python3.11/site-packages/airflow/example_dags/example_nested_branch_dag.py
[2026-01-06T14:15:05.861+1100] {processor.py:840} INFO - DAG(s) 'example_nested_branch_dag' retrieved from /Users/fionatham/Documents/Projects/vogue_data_pipeline/venv/lib/python3.11/site-packages/airflow/example_dags/example_nested_branch_dag.py
[2026-01-06T14:15:05.906+1100] {logging_mixin.py:188} INFO - [2026-01-06T14:15:05.905+1100] {dag.py:3089} INFO - Sync 1 DAGs
[2026-01-06T14:15:05.913+1100] {logging_mixin.py:188} INFO - [2026-01-06T14:15:05.913+1100] {dag.py:3947} INFO - Setting next_dagrun for example_nested_branch_dag to 2026-01-05 00:00:00+00:00, run_after=2026-01-06 00:00:00+00:00
[2026-01-06T14:15:05.920+1100] {processor.py:183} INFO - Processing /Users/fionatham/Documents/Projects/vogue_data_pipeline/venv/lib/python3.11/site-packages/airflow/example_dags/example_nested_branch_dag.py took 0.079 seconds
[2026-01-06T14:16:58.713+1100] {processor.py:161} INFO - Started process (PID=89280) to work on /Users/fionatham/Documents/Projects/vogue_data_pipeline/venv/lib/python3.11/site-packages/airflow/example_dags/example_nested_branch_dag.py
[2026-01-06T14:16:58.714+1100] {processor.py:830} INFO - Processing file /Users/fionatham/Documents/Projects/vogue_data_pipeline/venv/lib/python3.11/site-packages/airflow/example_dags/example_nested_branch_dag.py for tasks to queue
[2026-01-06T14:16:58.714+1100] {logging_mixin.py:188} INFO - [2026-01-06T14:16:58.714+1100] {dagbag.py:545} INFO - Filling up the DagBag from /Users/fionatham/Documents/Projects/vogue_data_pipeline/venv/lib/python3.11/site-packages/airflow/example_dags/example_nested_branch_dag.py
[2026-01-06T14:16:58.732+1100] {processor.py:840} INFO - DAG(s) 'example_nested_branch_dag' retrieved from /Users/fionatham/Documents/Projects/vogue_data_pipeline/venv/lib/python3.11/site-packages/airflow/example_dags/example_nested_branch_dag.py
[2026-01-06T14:16:58.777+1100] {logging_mixin.py:188} INFO - [2026-01-06T14:16:58.777+1100] {dag.py:3089} INFO - Sync 1 DAGs
[2026-01-06T14:16:58.784+1100] {logging_mixin.py:188} INFO - [2026-01-06T14:16:58.784+1100] {dag.py:3947} INFO - Setting next_dagrun for example_nested_branch_dag to 2026-01-05 00:00:00+00:00, run_after=2026-01-06 00:00:00+00:00
[2026-01-06T14:16:58.792+1100] {processor.py:183} INFO - Processing /Users/fionatham/Documents/Projects/vogue_data_pipeline/venv/lib/python3.11/site-packages/airflow/example_dags/example_nested_branch_dag.py took 0.080 seconds
[2026-01-06T14:18:56.277+1100] {processor.py:161} INFO - Started process (PID=89769) to work on /Users/fionatham/Documents/Projects/vogue_data_pipeline/venv/lib/python3.11/site-packages/airflow/example_dags/example_nested_branch_dag.py
[2026-01-06T14:18:56.278+1100] {processor.py:830} INFO - Processing file /Users/fionatham/Documents/Projects/vogue_data_pipeline/venv/lib/python3.11/site-packages/airflow/example_dags/example_nested_branch_dag.py for tasks to queue
[2026-01-06T14:18:56.278+1100] {logging_mixin.py:188} INFO - [2026-01-06T14:18:56.278+1100] {dagbag.py:545} INFO - Filling up the DagBag from /Users/fionatham/Documents/Projects/vogue_data_pipeline/venv/lib/python3.11/site-packages/airflow/example_dags/example_nested_branch_dag.py
[2026-01-06T14:18:56.295+1100] {processor.py:840} INFO - DAG(s) 'example_nested_branch_dag' retrieved from /Users/fionatham/Documents/Projects/vogue_data_pipeline/venv/lib/python3.11/site-packages/airflow/example_dags/example_nested_branch_dag.py
[2026-01-06T14:18:56.340+1100] {logging_mixin.py:188} INFO - [2026-01-06T14:18:56.340+1100] {dag.py:3089} INFO - Sync 1 DAGs
[2026-01-06T14:18:56.348+1100] {logging_mixin.py:188} INFO - [2026-01-06T14:18:56.347+1100] {dag.py:3947} INFO - Setting next_dagrun for example_nested_branch_dag to 2026-01-05 00:00:00+00:00, run_after=2026-01-06 00:00:00+00:00
[2026-01-06T14:18:56.355+1100] {processor.py:183} INFO - Processing /Users/fionatham/Documents/Projects/vogue_data_pipeline/venv/lib/python3.11/site-packages/airflow/example_dags/example_nested_branch_dag.py took 0.080 seconds
[2026-01-06T14:20:58.685+1100] {processor.py:161} INFO - Started process (PID=90003) to work on /Users/fionatham/Documents/Projects/vogue_data_pipeline/venv/lib/python3.11/site-packages/airflow/example_dags/example_nested_branch_dag.py
[2026-01-06T14:20:58.686+1100] {processor.py:830} INFO - Processing file /Users/fionatham/Documents/Projects/vogue_data_pipeline/venv/lib/python3.11/site-packages/airflow/example_dags/example_nested_branch_dag.py for tasks to queue
[2026-01-06T14:20:58.687+1100] {logging_mixin.py:188} INFO - [2026-01-06T14:20:58.686+1100] {dagbag.py:545} INFO - Filling up the DagBag from /Users/fionatham/Documents/Projects/vogue_data_pipeline/venv/lib/python3.11/site-packages/airflow/example_dags/example_nested_branch_dag.py
[2026-01-06T14:20:58.704+1100] {processor.py:840} INFO - DAG(s) 'example_nested_branch_dag' retrieved from /Users/fionatham/Documents/Projects/vogue_data_pipeline/venv/lib/python3.11/site-packages/airflow/example_dags/example_nested_branch_dag.py
[2026-01-06T14:20:58.749+1100] {logging_mixin.py:188} INFO - [2026-01-06T14:20:58.749+1100] {dag.py:3089} INFO - Sync 1 DAGs
[2026-01-06T14:20:58.756+1100] {logging_mixin.py:188} INFO - [2026-01-06T14:20:58.756+1100] {dag.py:3947} INFO - Setting next_dagrun for example_nested_branch_dag to 2026-01-05 00:00:00+00:00, run_after=2026-01-06 00:00:00+00:00
[2026-01-06T14:20:58.763+1100] {processor.py:183} INFO - Processing /Users/fionatham/Documents/Projects/vogue_data_pipeline/venv/lib/python3.11/site-packages/airflow/example_dags/example_nested_branch_dag.py took 0.080 seconds
[2026-01-06T14:22:56.914+1100] {processor.py:161} INFO - Started process (PID=90094) to work on /Users/fionatham/Documents/Projects/vogue_data_pipeline/venv/lib/python3.11/site-packages/airflow/example_dags/example_nested_branch_dag.py
[2026-01-06T14:22:56.915+1100] {processor.py:830} INFO - Processing file /Users/fionatham/Documents/Projects/vogue_data_pipeline/venv/lib/python3.11/site-packages/airflow/example_dags/example_nested_branch_dag.py for tasks to queue
[2026-01-06T14:22:56.915+1100] {logging_mixin.py:188} INFO - [2026-01-06T14:22:56.915+1100] {dagbag.py:545} INFO - Filling up the DagBag from /Users/fionatham/Documents/Projects/vogue_data_pipeline/venv/lib/python3.11/site-packages/airflow/example_dags/example_nested_branch_dag.py
[2026-01-06T14:22:56.933+1100] {processor.py:840} INFO - DAG(s) 'example_nested_branch_dag' retrieved from /Users/fionatham/Documents/Projects/vogue_data_pipeline/venv/lib/python3.11/site-packages/airflow/example_dags/example_nested_branch_dag.py
[2026-01-06T14:22:56.978+1100] {logging_mixin.py:188} INFO - [2026-01-06T14:22:56.978+1100] {dag.py:3089} INFO - Sync 1 DAGs
[2026-01-06T14:22:56.985+1100] {logging_mixin.py:188} INFO - [2026-01-06T14:22:56.985+1100] {dag.py:3947} INFO - Setting next_dagrun for example_nested_branch_dag to 2026-01-05 00:00:00+00:00, run_after=2026-01-06 00:00:00+00:00
[2026-01-06T14:22:56.994+1100] {processor.py:183} INFO - Processing /Users/fionatham/Documents/Projects/vogue_data_pipeline/venv/lib/python3.11/site-packages/airflow/example_dags/example_nested_branch_dag.py took 0.081 seconds
[2026-01-06T14:24:42.277+1100] {processor.py:161} INFO - Started process (PID=90184) to work on /Users/fionatham/Documents/Projects/vogue_data_pipeline/venv/lib/python3.11/site-packages/airflow/example_dags/example_nested_branch_dag.py
[2026-01-06T14:24:42.278+1100] {processor.py:830} INFO - Processing file /Users/fionatham/Documents/Projects/vogue_data_pipeline/venv/lib/python3.11/site-packages/airflow/example_dags/example_nested_branch_dag.py for tasks to queue
[2026-01-06T14:24:42.279+1100] {logging_mixin.py:188} INFO - [2026-01-06T14:24:42.279+1100] {dagbag.py:545} INFO - Filling up the DagBag from /Users/fionatham/Documents/Projects/vogue_data_pipeline/venv/lib/python3.11/site-packages/airflow/example_dags/example_nested_branch_dag.py
[2026-01-06T14:24:42.296+1100] {processor.py:840} INFO - DAG(s) 'example_nested_branch_dag' retrieved from /Users/fionatham/Documents/Projects/vogue_data_pipeline/venv/lib/python3.11/site-packages/airflow/example_dags/example_nested_branch_dag.py
[2026-01-06T14:24:42.342+1100] {logging_mixin.py:188} INFO - [2026-01-06T14:24:42.342+1100] {dag.py:3089} INFO - Sync 1 DAGs
[2026-01-06T14:24:42.349+1100] {logging_mixin.py:188} INFO - [2026-01-06T14:24:42.349+1100] {dag.py:3947} INFO - Setting next_dagrun for example_nested_branch_dag to 2026-01-05 00:00:00+00:00, run_after=2026-01-06 00:00:00+00:00
[2026-01-06T14:24:42.357+1100] {processor.py:183} INFO - Processing /Users/fionatham/Documents/Projects/vogue_data_pipeline/venv/lib/python3.11/site-packages/airflow/example_dags/example_nested_branch_dag.py took 0.081 seconds
[2026-01-06T14:26:38.379+1100] {processor.py:161} INFO - Started process (PID=90512) to work on /Users/fionatham/Documents/Projects/vogue_data_pipeline/venv/lib/python3.11/site-packages/airflow/example_dags/example_nested_branch_dag.py
[2026-01-06T14:26:38.381+1100] {processor.py:830} INFO - Processing file /Users/fionatham/Documents/Projects/vogue_data_pipeline/venv/lib/python3.11/site-packages/airflow/example_dags/example_nested_branch_dag.py for tasks to queue
[2026-01-06T14:26:38.382+1100] {logging_mixin.py:188} INFO - [2026-01-06T14:26:38.382+1100] {dagbag.py:545} INFO - Filling up the DagBag from /Users/fionatham/Documents/Projects/vogue_data_pipeline/venv/lib/python3.11/site-packages/airflow/example_dags/example_nested_branch_dag.py
[2026-01-06T14:26:38.401+1100] {processor.py:840} INFO - DAG(s) 'example_nested_branch_dag' retrieved from /Users/fionatham/Documents/Projects/vogue_data_pipeline/venv/lib/python3.11/site-packages/airflow/example_dags/example_nested_branch_dag.py
[2026-01-06T14:26:38.445+1100] {logging_mixin.py:188} INFO - [2026-01-06T14:26:38.444+1100] {dag.py:3089} INFO - Sync 1 DAGs
[2026-01-06T14:26:38.452+1100] {logging_mixin.py:188} INFO - [2026-01-06T14:26:38.452+1100] {dag.py:3947} INFO - Setting next_dagrun for example_nested_branch_dag to 2026-01-05 00:00:00+00:00, run_after=2026-01-06 00:00:00+00:00
[2026-01-06T14:26:38.460+1100] {processor.py:183} INFO - Processing /Users/fionatham/Documents/Projects/vogue_data_pipeline/venv/lib/python3.11/site-packages/airflow/example_dags/example_nested_branch_dag.py took 0.083 seconds
[2026-01-06T14:28:36.677+1100] {processor.py:161} INFO - Started process (PID=90824) to work on /Users/fionatham/Documents/Projects/vogue_data_pipeline/venv/lib/python3.11/site-packages/airflow/example_dags/example_nested_branch_dag.py
[2026-01-06T14:28:36.678+1100] {processor.py:830} INFO - Processing file /Users/fionatham/Documents/Projects/vogue_data_pipeline/venv/lib/python3.11/site-packages/airflow/example_dags/example_nested_branch_dag.py for tasks to queue
[2026-01-06T14:28:36.678+1100] {logging_mixin.py:188} INFO - [2026-01-06T14:28:36.678+1100] {dagbag.py:545} INFO - Filling up the DagBag from /Users/fionatham/Documents/Projects/vogue_data_pipeline/venv/lib/python3.11/site-packages/airflow/example_dags/example_nested_branch_dag.py
[2026-01-06T14:28:36.695+1100] {processor.py:840} INFO - DAG(s) 'example_nested_branch_dag' retrieved from /Users/fionatham/Documents/Projects/vogue_data_pipeline/venv/lib/python3.11/site-packages/airflow/example_dags/example_nested_branch_dag.py
[2026-01-06T14:28:36.736+1100] {logging_mixin.py:188} INFO - [2026-01-06T14:28:36.736+1100] {dag.py:3089} INFO - Sync 1 DAGs
[2026-01-06T14:28:36.743+1100] {logging_mixin.py:188} INFO - [2026-01-06T14:28:36.742+1100] {dag.py:3947} INFO - Setting next_dagrun for example_nested_branch_dag to 2026-01-05 00:00:00+00:00, run_after=2026-01-06 00:00:00+00:00
[2026-01-06T14:28:36.750+1100] {processor.py:183} INFO - Processing /Users/fionatham/Documents/Projects/vogue_data_pipeline/venv/lib/python3.11/site-packages/airflow/example_dags/example_nested_branch_dag.py took 0.074 seconds
[2026-01-06T14:30:39.236+1100] {processor.py:161} INFO - Started process (PID=91577) to work on /Users/fionatham/Documents/Projects/vogue_data_pipeline/venv/lib/python3.11/site-packages/airflow/example_dags/example_nested_branch_dag.py
[2026-01-06T14:30:39.238+1100] {processor.py:830} INFO - Processing file /Users/fionatham/Documents/Projects/vogue_data_pipeline/venv/lib/python3.11/site-packages/airflow/example_dags/example_nested_branch_dag.py for tasks to queue
[2026-01-06T14:30:39.238+1100] {logging_mixin.py:188} INFO - [2026-01-06T14:30:39.238+1100] {dagbag.py:545} INFO - Filling up the DagBag from /Users/fionatham/Documents/Projects/vogue_data_pipeline/venv/lib/python3.11/site-packages/airflow/example_dags/example_nested_branch_dag.py
[2026-01-06T14:30:39.255+1100] {processor.py:840} INFO - DAG(s) 'example_nested_branch_dag' retrieved from /Users/fionatham/Documents/Projects/vogue_data_pipeline/venv/lib/python3.11/site-packages/airflow/example_dags/example_nested_branch_dag.py
[2026-01-06T14:30:39.296+1100] {logging_mixin.py:188} INFO - [2026-01-06T14:30:39.296+1100] {dag.py:3089} INFO - Sync 1 DAGs
[2026-01-06T14:30:39.303+1100] {logging_mixin.py:188} INFO - [2026-01-06T14:30:39.303+1100] {dag.py:3947} INFO - Setting next_dagrun for example_nested_branch_dag to 2026-01-05 00:00:00+00:00, run_after=2026-01-06 00:00:00+00:00
[2026-01-06T14:30:39.312+1100] {processor.py:183} INFO - Processing /Users/fionatham/Documents/Projects/vogue_data_pipeline/venv/lib/python3.11/site-packages/airflow/example_dags/example_nested_branch_dag.py took 0.077 seconds
[2026-01-06T14:32:37.433+1100] {processor.py:161} INFO - Started process (PID=92117) to work on /Users/fionatham/Documents/Projects/vogue_data_pipeline/venv/lib/python3.11/site-packages/airflow/example_dags/example_nested_branch_dag.py
[2026-01-06T14:32:37.434+1100] {processor.py:830} INFO - Processing file /Users/fionatham/Documents/Projects/vogue_data_pipeline/venv/lib/python3.11/site-packages/airflow/example_dags/example_nested_branch_dag.py for tasks to queue
[2026-01-06T14:32:37.434+1100] {logging_mixin.py:188} INFO - [2026-01-06T14:32:37.434+1100] {dagbag.py:545} INFO - Filling up the DagBag from /Users/fionatham/Documents/Projects/vogue_data_pipeline/venv/lib/python3.11/site-packages/airflow/example_dags/example_nested_branch_dag.py
[2026-01-06T14:32:37.452+1100] {processor.py:840} INFO - DAG(s) 'example_nested_branch_dag' retrieved from /Users/fionatham/Documents/Projects/vogue_data_pipeline/venv/lib/python3.11/site-packages/airflow/example_dags/example_nested_branch_dag.py
[2026-01-06T14:32:37.497+1100] {logging_mixin.py:188} INFO - [2026-01-06T14:32:37.497+1100] {dag.py:3089} INFO - Sync 1 DAGs
[2026-01-06T14:32:37.504+1100] {logging_mixin.py:188} INFO - [2026-01-06T14:32:37.504+1100] {dag.py:3947} INFO - Setting next_dagrun for example_nested_branch_dag to 2026-01-05 00:00:00+00:00, run_after=2026-01-06 00:00:00+00:00
[2026-01-06T14:32:37.513+1100] {processor.py:183} INFO - Processing /Users/fionatham/Documents/Projects/vogue_data_pipeline/venv/lib/python3.11/site-packages/airflow/example_dags/example_nested_branch_dag.py took 0.082 seconds
[2026-01-06T14:34:33.895+1100] {processor.py:161} INFO - Started process (PID=92400) to work on /Users/fionatham/Documents/Projects/vogue_data_pipeline/venv/lib/python3.11/site-packages/airflow/example_dags/example_nested_branch_dag.py
[2026-01-06T14:34:33.895+1100] {processor.py:830} INFO - Processing file /Users/fionatham/Documents/Projects/vogue_data_pipeline/venv/lib/python3.11/site-packages/airflow/example_dags/example_nested_branch_dag.py for tasks to queue
[2026-01-06T14:34:33.896+1100] {logging_mixin.py:188} INFO - [2026-01-06T14:34:33.896+1100] {dagbag.py:545} INFO - Filling up the DagBag from /Users/fionatham/Documents/Projects/vogue_data_pipeline/venv/lib/python3.11/site-packages/airflow/example_dags/example_nested_branch_dag.py
[2026-01-06T14:34:33.915+1100] {processor.py:840} INFO - DAG(s) 'example_nested_branch_dag' retrieved from /Users/fionatham/Documents/Projects/vogue_data_pipeline/venv/lib/python3.11/site-packages/airflow/example_dags/example_nested_branch_dag.py
[2026-01-06T14:34:33.960+1100] {logging_mixin.py:188} INFO - [2026-01-06T14:34:33.960+1100] {dag.py:3089} INFO - Sync 1 DAGs
[2026-01-06T14:34:33.967+1100] {logging_mixin.py:188} INFO - [2026-01-06T14:34:33.966+1100] {dag.py:3947} INFO - Setting next_dagrun for example_nested_branch_dag to 2026-01-05 00:00:00+00:00, run_after=2026-01-06 00:00:00+00:00
[2026-01-06T14:34:33.974+1100] {processor.py:183} INFO - Processing /Users/fionatham/Documents/Projects/vogue_data_pipeline/venv/lib/python3.11/site-packages/airflow/example_dags/example_nested_branch_dag.py took 0.081 seconds
[2026-01-06T14:36:33.298+1100] {processor.py:161} INFO - Started process (PID=92614) to work on /Users/fionatham/Documents/Projects/vogue_data_pipeline/venv/lib/python3.11/site-packages/airflow/example_dags/example_nested_branch_dag.py
[2026-01-06T14:36:33.298+1100] {processor.py:830} INFO - Processing file /Users/fionatham/Documents/Projects/vogue_data_pipeline/venv/lib/python3.11/site-packages/airflow/example_dags/example_nested_branch_dag.py for tasks to queue
[2026-01-06T14:36:33.299+1100] {logging_mixin.py:188} INFO - [2026-01-06T14:36:33.299+1100] {dagbag.py:545} INFO - Filling up the DagBag from /Users/fionatham/Documents/Projects/vogue_data_pipeline/venv/lib/python3.11/site-packages/airflow/example_dags/example_nested_branch_dag.py
[2026-01-06T14:36:33.320+1100] {processor.py:840} INFO - DAG(s) 'example_nested_branch_dag' retrieved from /Users/fionatham/Documents/Projects/vogue_data_pipeline/venv/lib/python3.11/site-packages/airflow/example_dags/example_nested_branch_dag.py
[2026-01-06T14:36:33.367+1100] {logging_mixin.py:188} INFO - [2026-01-06T14:36:33.367+1100] {dag.py:3089} INFO - Sync 1 DAGs
[2026-01-06T14:36:33.381+1100] {logging_mixin.py:188} INFO - [2026-01-06T14:36:33.381+1100] {dag.py:3947} INFO - Setting next_dagrun for example_nested_branch_dag to 2026-01-05 00:00:00+00:00, run_after=2026-01-06 00:00:00+00:00
[2026-01-06T14:36:33.405+1100] {processor.py:183} INFO - Processing /Users/fionatham/Documents/Projects/vogue_data_pipeline/venv/lib/python3.11/site-packages/airflow/example_dags/example_nested_branch_dag.py took 0.109 seconds
[2026-01-06T14:38:36.715+1100] {processor.py:161} INFO - Started process (PID=92860) to work on /Users/fionatham/Documents/Projects/vogue_data_pipeline/venv/lib/python3.11/site-packages/airflow/example_dags/example_nested_branch_dag.py
[2026-01-06T14:38:36.716+1100] {processor.py:830} INFO - Processing file /Users/fionatham/Documents/Projects/vogue_data_pipeline/venv/lib/python3.11/site-packages/airflow/example_dags/example_nested_branch_dag.py for tasks to queue
[2026-01-06T14:38:36.716+1100] {logging_mixin.py:188} INFO - [2026-01-06T14:38:36.716+1100] {dagbag.py:545} INFO - Filling up the DagBag from /Users/fionatham/Documents/Projects/vogue_data_pipeline/venv/lib/python3.11/site-packages/airflow/example_dags/example_nested_branch_dag.py
[2026-01-06T14:38:36.734+1100] {processor.py:840} INFO - DAG(s) 'example_nested_branch_dag' retrieved from /Users/fionatham/Documents/Projects/vogue_data_pipeline/venv/lib/python3.11/site-packages/airflow/example_dags/example_nested_branch_dag.py
[2026-01-06T14:38:36.778+1100] {logging_mixin.py:188} INFO - [2026-01-06T14:38:36.778+1100] {dag.py:3089} INFO - Sync 1 DAGs
[2026-01-06T14:38:36.785+1100] {logging_mixin.py:188} INFO - [2026-01-06T14:38:36.785+1100] {dag.py:3947} INFO - Setting next_dagrun for example_nested_branch_dag to 2026-01-05 00:00:00+00:00, run_after=2026-01-06 00:00:00+00:00
[2026-01-06T14:38:36.793+1100] {processor.py:183} INFO - Processing /Users/fionatham/Documents/Projects/vogue_data_pipeline/venv/lib/python3.11/site-packages/airflow/example_dags/example_nested_branch_dag.py took 0.078 seconds
[2026-01-06T14:40:30.509+1100] {processor.py:161} INFO - Started process (PID=92936) to work on /Users/fionatham/Documents/Projects/vogue_data_pipeline/venv/lib/python3.11/site-packages/airflow/example_dags/example_nested_branch_dag.py
[2026-01-06T14:40:30.510+1100] {processor.py:830} INFO - Processing file /Users/fionatham/Documents/Projects/vogue_data_pipeline/venv/lib/python3.11/site-packages/airflow/example_dags/example_nested_branch_dag.py for tasks to queue
[2026-01-06T14:40:30.510+1100] {logging_mixin.py:188} INFO - [2026-01-06T14:40:30.510+1100] {dagbag.py:545} INFO - Filling up the DagBag from /Users/fionatham/Documents/Projects/vogue_data_pipeline/venv/lib/python3.11/site-packages/airflow/example_dags/example_nested_branch_dag.py
[2026-01-06T14:40:30.528+1100] {processor.py:840} INFO - DAG(s) 'example_nested_branch_dag' retrieved from /Users/fionatham/Documents/Projects/vogue_data_pipeline/venv/lib/python3.11/site-packages/airflow/example_dags/example_nested_branch_dag.py
[2026-01-06T14:40:30.573+1100] {logging_mixin.py:188} INFO - [2026-01-06T14:40:30.572+1100] {dag.py:3089} INFO - Sync 1 DAGs
[2026-01-06T14:40:30.579+1100] {logging_mixin.py:188} INFO - [2026-01-06T14:40:30.579+1100] {dag.py:3947} INFO - Setting next_dagrun for example_nested_branch_dag to 2026-01-05 00:00:00+00:00, run_after=2026-01-06 00:00:00+00:00
[2026-01-06T14:40:30.586+1100] {processor.py:183} INFO - Processing /Users/fionatham/Documents/Projects/vogue_data_pipeline/venv/lib/python3.11/site-packages/airflow/example_dags/example_nested_branch_dag.py took 0.079 seconds
[2026-01-06T14:42:24.135+1100] {processor.py:161} INFO - Started process (PID=93015) to work on /Users/fionatham/Documents/Projects/vogue_data_pipeline/venv/lib/python3.11/site-packages/airflow/example_dags/example_nested_branch_dag.py
[2026-01-06T14:42:24.136+1100] {processor.py:830} INFO - Processing file /Users/fionatham/Documents/Projects/vogue_data_pipeline/venv/lib/python3.11/site-packages/airflow/example_dags/example_nested_branch_dag.py for tasks to queue
[2026-01-06T14:42:24.136+1100] {logging_mixin.py:188} INFO - [2026-01-06T14:42:24.136+1100] {dagbag.py:545} INFO - Filling up the DagBag from /Users/fionatham/Documents/Projects/vogue_data_pipeline/venv/lib/python3.11/site-packages/airflow/example_dags/example_nested_branch_dag.py
[2026-01-06T14:42:24.156+1100] {processor.py:840} INFO - DAG(s) 'example_nested_branch_dag' retrieved from /Users/fionatham/Documents/Projects/vogue_data_pipeline/venv/lib/python3.11/site-packages/airflow/example_dags/example_nested_branch_dag.py
[2026-01-06T14:42:24.202+1100] {logging_mixin.py:188} INFO - [2026-01-06T14:42:24.202+1100] {dag.py:3089} INFO - Sync 1 DAGs
[2026-01-06T14:42:24.210+1100] {logging_mixin.py:188} INFO - [2026-01-06T14:42:24.210+1100] {dag.py:3947} INFO - Setting next_dagrun for example_nested_branch_dag to 2026-01-05 00:00:00+00:00, run_after=2026-01-06 00:00:00+00:00
[2026-01-06T14:42:24.219+1100] {processor.py:183} INFO - Processing /Users/fionatham/Documents/Projects/vogue_data_pipeline/venv/lib/python3.11/site-packages/airflow/example_dags/example_nested_branch_dag.py took 0.086 seconds
[2026-01-06T14:44:20.510+1100] {processor.py:161} INFO - Started process (PID=93093) to work on /Users/fionatham/Documents/Projects/vogue_data_pipeline/venv/lib/python3.11/site-packages/airflow/example_dags/example_nested_branch_dag.py
[2026-01-06T14:44:20.510+1100] {processor.py:830} INFO - Processing file /Users/fionatham/Documents/Projects/vogue_data_pipeline/venv/lib/python3.11/site-packages/airflow/example_dags/example_nested_branch_dag.py for tasks to queue
[2026-01-06T14:44:20.511+1100] {logging_mixin.py:188} INFO - [2026-01-06T14:44:20.510+1100] {dagbag.py:545} INFO - Filling up the DagBag from /Users/fionatham/Documents/Projects/vogue_data_pipeline/venv/lib/python3.11/site-packages/airflow/example_dags/example_nested_branch_dag.py
[2026-01-06T14:44:20.528+1100] {processor.py:840} INFO - DAG(s) 'example_nested_branch_dag' retrieved from /Users/fionatham/Documents/Projects/vogue_data_pipeline/venv/lib/python3.11/site-packages/airflow/example_dags/example_nested_branch_dag.py
[2026-01-06T14:44:20.572+1100] {logging_mixin.py:188} INFO - [2026-01-06T14:44:20.572+1100] {dag.py:3089} INFO - Sync 1 DAGs
[2026-01-06T14:44:20.579+1100] {logging_mixin.py:188} INFO - [2026-01-06T14:44:20.579+1100] {dag.py:3947} INFO - Setting next_dagrun for example_nested_branch_dag to 2026-01-05 00:00:00+00:00, run_after=2026-01-06 00:00:00+00:00
[2026-01-06T14:44:20.587+1100] {processor.py:183} INFO - Processing /Users/fionatham/Documents/Projects/vogue_data_pipeline/venv/lib/python3.11/site-packages/airflow/example_dags/example_nested_branch_dag.py took 0.078 seconds
[2026-01-06T14:46:16.704+1100] {processor.py:161} INFO - Started process (PID=93174) to work on /Users/fionatham/Documents/Projects/vogue_data_pipeline/venv/lib/python3.11/site-packages/airflow/example_dags/example_nested_branch_dag.py
[2026-01-06T14:46:16.705+1100] {processor.py:830} INFO - Processing file /Users/fionatham/Documents/Projects/vogue_data_pipeline/venv/lib/python3.11/site-packages/airflow/example_dags/example_nested_branch_dag.py for tasks to queue
[2026-01-06T14:46:16.706+1100] {logging_mixin.py:188} INFO - [2026-01-06T14:46:16.705+1100] {dagbag.py:545} INFO - Filling up the DagBag from /Users/fionatham/Documents/Projects/vogue_data_pipeline/venv/lib/python3.11/site-packages/airflow/example_dags/example_nested_branch_dag.py
[2026-01-06T14:46:16.723+1100] {processor.py:840} INFO - DAG(s) 'example_nested_branch_dag' retrieved from /Users/fionatham/Documents/Projects/vogue_data_pipeline/venv/lib/python3.11/site-packages/airflow/example_dags/example_nested_branch_dag.py
[2026-01-06T14:46:16.766+1100] {logging_mixin.py:188} INFO - [2026-01-06T14:46:16.765+1100] {dag.py:3089} INFO - Sync 1 DAGs
[2026-01-06T14:46:16.773+1100] {logging_mixin.py:188} INFO - [2026-01-06T14:46:16.773+1100] {dag.py:3947} INFO - Setting next_dagrun for example_nested_branch_dag to 2026-01-05 00:00:00+00:00, run_after=2026-01-06 00:00:00+00:00
[2026-01-06T14:46:16.780+1100] {processor.py:183} INFO - Processing /Users/fionatham/Documents/Projects/vogue_data_pipeline/venv/lib/python3.11/site-packages/airflow/example_dags/example_nested_branch_dag.py took 0.077 seconds
[2026-01-06T14:48:13.260+1100] {processor.py:161} INFO - Started process (PID=93256) to work on /Users/fionatham/Documents/Projects/vogue_data_pipeline/venv/lib/python3.11/site-packages/airflow/example_dags/example_nested_branch_dag.py
[2026-01-06T14:48:13.261+1100] {processor.py:830} INFO - Processing file /Users/fionatham/Documents/Projects/vogue_data_pipeline/venv/lib/python3.11/site-packages/airflow/example_dags/example_nested_branch_dag.py for tasks to queue
[2026-01-06T14:48:13.261+1100] {logging_mixin.py:188} INFO - [2026-01-06T14:48:13.261+1100] {dagbag.py:545} INFO - Filling up the DagBag from /Users/fionatham/Documents/Projects/vogue_data_pipeline/venv/lib/python3.11/site-packages/airflow/example_dags/example_nested_branch_dag.py
[2026-01-06T14:48:13.279+1100] {processor.py:840} INFO - DAG(s) 'example_nested_branch_dag' retrieved from /Users/fionatham/Documents/Projects/vogue_data_pipeline/venv/lib/python3.11/site-packages/airflow/example_dags/example_nested_branch_dag.py
[2026-01-06T14:48:13.321+1100] {logging_mixin.py:188} INFO - [2026-01-06T14:48:13.321+1100] {dag.py:3089} INFO - Sync 1 DAGs
[2026-01-06T14:48:13.328+1100] {logging_mixin.py:188} INFO - [2026-01-06T14:48:13.328+1100] {dag.py:3947} INFO - Setting next_dagrun for example_nested_branch_dag to 2026-01-05 00:00:00+00:00, run_after=2026-01-06 00:00:00+00:00
[2026-01-06T14:48:13.335+1100] {processor.py:183} INFO - Processing /Users/fionatham/Documents/Projects/vogue_data_pipeline/venv/lib/python3.11/site-packages/airflow/example_dags/example_nested_branch_dag.py took 0.076 seconds
[2026-01-06T14:50:12.509+1100] {processor.py:161} INFO - Started process (PID=93361) to work on /Users/fionatham/Documents/Projects/vogue_data_pipeline/venv/lib/python3.11/site-packages/airflow/example_dags/example_nested_branch_dag.py
[2026-01-06T14:50:12.510+1100] {processor.py:830} INFO - Processing file /Users/fionatham/Documents/Projects/vogue_data_pipeline/venv/lib/python3.11/site-packages/airflow/example_dags/example_nested_branch_dag.py for tasks to queue
[2026-01-06T14:50:12.510+1100] {logging_mixin.py:188} INFO - [2026-01-06T14:50:12.510+1100] {dagbag.py:545} INFO - Filling up the DagBag from /Users/fionatham/Documents/Projects/vogue_data_pipeline/venv/lib/python3.11/site-packages/airflow/example_dags/example_nested_branch_dag.py
[2026-01-06T14:50:12.527+1100] {processor.py:840} INFO - DAG(s) 'example_nested_branch_dag' retrieved from /Users/fionatham/Documents/Projects/vogue_data_pipeline/venv/lib/python3.11/site-packages/airflow/example_dags/example_nested_branch_dag.py
[2026-01-06T14:50:12.569+1100] {logging_mixin.py:188} INFO - [2026-01-06T14:50:12.568+1100] {dag.py:3089} INFO - Sync 1 DAGs
[2026-01-06T14:50:12.575+1100] {logging_mixin.py:188} INFO - [2026-01-06T14:50:12.575+1100] {dag.py:3947} INFO - Setting next_dagrun for example_nested_branch_dag to 2026-01-05 00:00:00+00:00, run_after=2026-01-06 00:00:00+00:00
[2026-01-06T14:50:12.582+1100] {processor.py:183} INFO - Processing /Users/fionatham/Documents/Projects/vogue_data_pipeline/venv/lib/python3.11/site-packages/airflow/example_dags/example_nested_branch_dag.py took 0.075 seconds
[2026-01-06T14:52:05.148+1100] {processor.py:161} INFO - Started process (PID=93464) to work on /Users/fionatham/Documents/Projects/vogue_data_pipeline/venv/lib/python3.11/site-packages/airflow/example_dags/example_nested_branch_dag.py
[2026-01-06T14:52:05.149+1100] {processor.py:830} INFO - Processing file /Users/fionatham/Documents/Projects/vogue_data_pipeline/venv/lib/python3.11/site-packages/airflow/example_dags/example_nested_branch_dag.py for tasks to queue
[2026-01-06T14:52:05.149+1100] {logging_mixin.py:188} INFO - [2026-01-06T14:52:05.149+1100] {dagbag.py:545} INFO - Filling up the DagBag from /Users/fionatham/Documents/Projects/vogue_data_pipeline/venv/lib/python3.11/site-packages/airflow/example_dags/example_nested_branch_dag.py
[2026-01-06T14:52:05.169+1100] {processor.py:840} INFO - DAG(s) 'example_nested_branch_dag' retrieved from /Users/fionatham/Documents/Projects/vogue_data_pipeline/venv/lib/python3.11/site-packages/airflow/example_dags/example_nested_branch_dag.py
[2026-01-06T14:52:05.215+1100] {logging_mixin.py:188} INFO - [2026-01-06T14:52:05.215+1100] {dag.py:3089} INFO - Sync 1 DAGs
[2026-01-06T14:52:05.223+1100] {logging_mixin.py:188} INFO - [2026-01-06T14:52:05.223+1100] {dag.py:3947} INFO - Setting next_dagrun for example_nested_branch_dag to 2026-01-05 00:00:00+00:00, run_after=2026-01-06 00:00:00+00:00
[2026-01-06T14:52:05.231+1100] {processor.py:183} INFO - Processing /Users/fionatham/Documents/Projects/vogue_data_pipeline/venv/lib/python3.11/site-packages/airflow/example_dags/example_nested_branch_dag.py took 0.085 seconds
[2026-01-06T14:54:00.994+1100] {processor.py:161} INFO - Started process (PID=93619) to work on /Users/fionatham/Documents/Projects/vogue_data_pipeline/venv/lib/python3.11/site-packages/airflow/example_dags/example_nested_branch_dag.py
[2026-01-06T14:54:00.995+1100] {processor.py:830} INFO - Processing file /Users/fionatham/Documents/Projects/vogue_data_pipeline/venv/lib/python3.11/site-packages/airflow/example_dags/example_nested_branch_dag.py for tasks to queue
[2026-01-06T14:54:00.996+1100] {logging_mixin.py:188} INFO - [2026-01-06T14:54:00.995+1100] {dagbag.py:545} INFO - Filling up the DagBag from /Users/fionatham/Documents/Projects/vogue_data_pipeline/venv/lib/python3.11/site-packages/airflow/example_dags/example_nested_branch_dag.py
[2026-01-06T14:54:01.015+1100] {processor.py:840} INFO - DAG(s) 'example_nested_branch_dag' retrieved from /Users/fionatham/Documents/Projects/vogue_data_pipeline/venv/lib/python3.11/site-packages/airflow/example_dags/example_nested_branch_dag.py
[2026-01-06T14:54:01.060+1100] {logging_mixin.py:188} INFO - [2026-01-06T14:54:01.060+1100] {dag.py:3089} INFO - Sync 1 DAGs
[2026-01-06T14:54:01.067+1100] {logging_mixin.py:188} INFO - [2026-01-06T14:54:01.067+1100] {dag.py:3947} INFO - Setting next_dagrun for example_nested_branch_dag to 2026-01-05 00:00:00+00:00, run_after=2026-01-06 00:00:00+00:00
[2026-01-06T14:54:01.075+1100] {processor.py:183} INFO - Processing /Users/fionatham/Documents/Projects/vogue_data_pipeline/venv/lib/python3.11/site-packages/airflow/example_dags/example_nested_branch_dag.py took 0.083 seconds
[2026-01-06T14:55:57.875+1100] {processor.py:161} INFO - Started process (PID=93767) to work on /Users/fionatham/Documents/Projects/vogue_data_pipeline/venv/lib/python3.11/site-packages/airflow/example_dags/example_nested_branch_dag.py
[2026-01-06T14:55:57.877+1100] {processor.py:830} INFO - Processing file /Users/fionatham/Documents/Projects/vogue_data_pipeline/venv/lib/python3.11/site-packages/airflow/example_dags/example_nested_branch_dag.py for tasks to queue
[2026-01-06T14:55:57.877+1100] {logging_mixin.py:188} INFO - [2026-01-06T14:55:57.877+1100] {dagbag.py:545} INFO - Filling up the DagBag from /Users/fionatham/Documents/Projects/vogue_data_pipeline/venv/lib/python3.11/site-packages/airflow/example_dags/example_nested_branch_dag.py
[2026-01-06T14:55:57.894+1100] {processor.py:840} INFO - DAG(s) 'example_nested_branch_dag' retrieved from /Users/fionatham/Documents/Projects/vogue_data_pipeline/venv/lib/python3.11/site-packages/airflow/example_dags/example_nested_branch_dag.py
[2026-01-06T14:55:57.936+1100] {logging_mixin.py:188} INFO - [2026-01-06T14:55:57.936+1100] {dag.py:3089} INFO - Sync 1 DAGs
[2026-01-06T14:55:57.943+1100] {logging_mixin.py:188} INFO - [2026-01-06T14:55:57.943+1100] {dag.py:3947} INFO - Setting next_dagrun for example_nested_branch_dag to 2026-01-05 00:00:00+00:00, run_after=2026-01-06 00:00:00+00:00
[2026-01-06T14:55:57.951+1100] {processor.py:183} INFO - Processing /Users/fionatham/Documents/Projects/vogue_data_pipeline/venv/lib/python3.11/site-packages/airflow/example_dags/example_nested_branch_dag.py took 0.077 seconds
[2026-01-06T14:57:57.094+1100] {processor.py:161} INFO - Started process (PID=93876) to work on /Users/fionatham/Documents/Projects/vogue_data_pipeline/venv/lib/python3.11/site-packages/airflow/example_dags/example_nested_branch_dag.py
[2026-01-06T14:57:57.094+1100] {processor.py:830} INFO - Processing file /Users/fionatham/Documents/Projects/vogue_data_pipeline/venv/lib/python3.11/site-packages/airflow/example_dags/example_nested_branch_dag.py for tasks to queue
[2026-01-06T14:57:57.095+1100] {logging_mixin.py:188} INFO - [2026-01-06T14:57:57.095+1100] {dagbag.py:545} INFO - Filling up the DagBag from /Users/fionatham/Documents/Projects/vogue_data_pipeline/venv/lib/python3.11/site-packages/airflow/example_dags/example_nested_branch_dag.py
[2026-01-06T14:57:57.113+1100] {processor.py:840} INFO - DAG(s) 'example_nested_branch_dag' retrieved from /Users/fionatham/Documents/Projects/vogue_data_pipeline/venv/lib/python3.11/site-packages/airflow/example_dags/example_nested_branch_dag.py
[2026-01-06T14:57:57.160+1100] {logging_mixin.py:188} INFO - [2026-01-06T14:57:57.159+1100] {dag.py:3089} INFO - Sync 1 DAGs
[2026-01-06T14:57:57.168+1100] {logging_mixin.py:188} INFO - [2026-01-06T14:57:57.168+1100] {dag.py:3947} INFO - Setting next_dagrun for example_nested_branch_dag to 2026-01-05 00:00:00+00:00, run_after=2026-01-06 00:00:00+00:00
[2026-01-06T14:57:57.176+1100] {processor.py:183} INFO - Processing /Users/fionatham/Documents/Projects/vogue_data_pipeline/venv/lib/python3.11/site-packages/airflow/example_dags/example_nested_branch_dag.py took 0.083 seconds
[2026-01-06T14:59:54.823+1100] {processor.py:161} INFO - Started process (PID=94059) to work on /Users/fionatham/Documents/Projects/vogue_data_pipeline/venv/lib/python3.11/site-packages/airflow/example_dags/example_nested_branch_dag.py
[2026-01-06T14:59:54.823+1100] {processor.py:830} INFO - Processing file /Users/fionatham/Documents/Projects/vogue_data_pipeline/venv/lib/python3.11/site-packages/airflow/example_dags/example_nested_branch_dag.py for tasks to queue
[2026-01-06T14:59:54.824+1100] {logging_mixin.py:188} INFO - [2026-01-06T14:59:54.824+1100] {dagbag.py:545} INFO - Filling up the DagBag from /Users/fionatham/Documents/Projects/vogue_data_pipeline/venv/lib/python3.11/site-packages/airflow/example_dags/example_nested_branch_dag.py
[2026-01-06T14:59:54.841+1100] {processor.py:840} INFO - DAG(s) 'example_nested_branch_dag' retrieved from /Users/fionatham/Documents/Projects/vogue_data_pipeline/venv/lib/python3.11/site-packages/airflow/example_dags/example_nested_branch_dag.py
[2026-01-06T14:59:54.889+1100] {logging_mixin.py:188} INFO - [2026-01-06T14:59:54.888+1100] {dag.py:3089} INFO - Sync 1 DAGs
[2026-01-06T14:59:54.896+1100] {logging_mixin.py:188} INFO - [2026-01-06T14:59:54.896+1100] {dag.py:3947} INFO - Setting next_dagrun for example_nested_branch_dag to 2026-01-05 00:00:00+00:00, run_after=2026-01-06 00:00:00+00:00
[2026-01-06T14:59:54.905+1100] {processor.py:183} INFO - Processing /Users/fionatham/Documents/Projects/vogue_data_pipeline/venv/lib/python3.11/site-packages/airflow/example_dags/example_nested_branch_dag.py took 0.083 seconds
[2026-01-06T15:01:54.190+1100] {processor.py:161} INFO - Started process (PID=94192) to work on /Users/fionatham/Documents/Projects/vogue_data_pipeline/venv/lib/python3.11/site-packages/airflow/example_dags/example_nested_branch_dag.py
[2026-01-06T15:01:54.190+1100] {processor.py:830} INFO - Processing file /Users/fionatham/Documents/Projects/vogue_data_pipeline/venv/lib/python3.11/site-packages/airflow/example_dags/example_nested_branch_dag.py for tasks to queue
[2026-01-06T15:01:54.191+1100] {logging_mixin.py:188} INFO - [2026-01-06T15:01:54.191+1100] {dagbag.py:545} INFO - Filling up the DagBag from /Users/fionatham/Documents/Projects/vogue_data_pipeline/venv/lib/python3.11/site-packages/airflow/example_dags/example_nested_branch_dag.py
[2026-01-06T15:01:54.209+1100] {processor.py:840} INFO - DAG(s) 'example_nested_branch_dag' retrieved from /Users/fionatham/Documents/Projects/vogue_data_pipeline/venv/lib/python3.11/site-packages/airflow/example_dags/example_nested_branch_dag.py
[2026-01-06T15:01:54.251+1100] {logging_mixin.py:188} INFO - [2026-01-06T15:01:54.251+1100] {dag.py:3089} INFO - Sync 1 DAGs
[2026-01-06T15:01:54.259+1100] {logging_mixin.py:188} INFO - [2026-01-06T15:01:54.259+1100] {dag.py:3947} INFO - Setting next_dagrun for example_nested_branch_dag to 2026-01-05 00:00:00+00:00, run_after=2026-01-06 00:00:00+00:00
[2026-01-06T15:01:54.266+1100] {processor.py:183} INFO - Processing /Users/fionatham/Documents/Projects/vogue_data_pipeline/venv/lib/python3.11/site-packages/airflow/example_dags/example_nested_branch_dag.py took 0.078 seconds
[2026-01-06T15:03:54.224+1100] {processor.py:161} INFO - Started process (PID=94545) to work on /Users/fionatham/Documents/Projects/vogue_data_pipeline/venv/lib/python3.11/site-packages/airflow/example_dags/example_nested_branch_dag.py
[2026-01-06T15:03:54.225+1100] {processor.py:830} INFO - Processing file /Users/fionatham/Documents/Projects/vogue_data_pipeline/venv/lib/python3.11/site-packages/airflow/example_dags/example_nested_branch_dag.py for tasks to queue
[2026-01-06T15:03:54.225+1100] {logging_mixin.py:188} INFO - [2026-01-06T15:03:54.225+1100] {dagbag.py:545} INFO - Filling up the DagBag from /Users/fionatham/Documents/Projects/vogue_data_pipeline/venv/lib/python3.11/site-packages/airflow/example_dags/example_nested_branch_dag.py
[2026-01-06T15:03:54.244+1100] {processor.py:840} INFO - DAG(s) 'example_nested_branch_dag' retrieved from /Users/fionatham/Documents/Projects/vogue_data_pipeline/venv/lib/python3.11/site-packages/airflow/example_dags/example_nested_branch_dag.py
[2026-01-06T15:03:54.289+1100] {logging_mixin.py:188} INFO - [2026-01-06T15:03:54.289+1100] {dag.py:3089} INFO - Sync 1 DAGs
[2026-01-06T15:03:54.296+1100] {logging_mixin.py:188} INFO - [2026-01-06T15:03:54.296+1100] {dag.py:3947} INFO - Setting next_dagrun for example_nested_branch_dag to 2026-01-05 00:00:00+00:00, run_after=2026-01-06 00:00:00+00:00
[2026-01-06T15:03:54.304+1100] {processor.py:183} INFO - Processing /Users/fionatham/Documents/Projects/vogue_data_pipeline/venv/lib/python3.11/site-packages/airflow/example_dags/example_nested_branch_dag.py took 0.082 seconds
[2026-01-06T15:05:53.340+1100] {processor.py:161} INFO - Started process (PID=94640) to work on /Users/fionatham/Documents/Projects/vogue_data_pipeline/venv/lib/python3.11/site-packages/airflow/example_dags/example_nested_branch_dag.py
[2026-01-06T15:05:53.342+1100] {processor.py:830} INFO - Processing file /Users/fionatham/Documents/Projects/vogue_data_pipeline/venv/lib/python3.11/site-packages/airflow/example_dags/example_nested_branch_dag.py for tasks to queue
[2026-01-06T15:05:53.342+1100] {logging_mixin.py:188} INFO - [2026-01-06T15:05:53.342+1100] {dagbag.py:545} INFO - Filling up the DagBag from /Users/fionatham/Documents/Projects/vogue_data_pipeline/venv/lib/python3.11/site-packages/airflow/example_dags/example_nested_branch_dag.py
[2026-01-06T15:05:53.362+1100] {processor.py:840} INFO - DAG(s) 'example_nested_branch_dag' retrieved from /Users/fionatham/Documents/Projects/vogue_data_pipeline/venv/lib/python3.11/site-packages/airflow/example_dags/example_nested_branch_dag.py
[2026-01-06T15:05:53.407+1100] {logging_mixin.py:188} INFO - [2026-01-06T15:05:53.406+1100] {dag.py:3089} INFO - Sync 1 DAGs
[2026-01-06T15:05:53.414+1100] {logging_mixin.py:188} INFO - [2026-01-06T15:05:53.414+1100] {dag.py:3947} INFO - Setting next_dagrun for example_nested_branch_dag to 2026-01-05 00:00:00+00:00, run_after=2026-01-06 00:00:00+00:00
[2026-01-06T15:05:53.421+1100] {processor.py:183} INFO - Processing /Users/fionatham/Documents/Projects/vogue_data_pipeline/venv/lib/python3.11/site-packages/airflow/example_dags/example_nested_branch_dag.py took 0.082 seconds
[2026-01-06T15:12:53.770+1100] {processor.py:161} INFO - Started process (PID=95280) to work on /Users/fionatham/Documents/Projects/vogue_data_pipeline/venv/lib/python3.11/site-packages/airflow/example_dags/example_nested_branch_dag.py
[2026-01-06T15:12:53.772+1100] {processor.py:830} INFO - Processing file /Users/fionatham/Documents/Projects/vogue_data_pipeline/venv/lib/python3.11/site-packages/airflow/example_dags/example_nested_branch_dag.py for tasks to queue
[2026-01-06T15:12:53.772+1100] {logging_mixin.py:188} INFO - [2026-01-06T15:12:53.772+1100] {dagbag.py:545} INFO - Filling up the DagBag from /Users/fionatham/Documents/Projects/vogue_data_pipeline/venv/lib/python3.11/site-packages/airflow/example_dags/example_nested_branch_dag.py
[2026-01-06T15:12:53.789+1100] {processor.py:840} INFO - DAG(s) 'example_nested_branch_dag' retrieved from /Users/fionatham/Documents/Projects/vogue_data_pipeline/venv/lib/python3.11/site-packages/airflow/example_dags/example_nested_branch_dag.py
[2026-01-06T15:12:53.832+1100] {logging_mixin.py:188} INFO - [2026-01-06T15:12:53.832+1100] {dag.py:3089} INFO - Sync 1 DAGs
[2026-01-06T15:12:53.839+1100] {logging_mixin.py:188} INFO - [2026-01-06T15:12:53.839+1100] {dag.py:3947} INFO - Setting next_dagrun for example_nested_branch_dag to 2026-01-05 00:00:00+00:00, run_after=2026-01-06 00:00:00+00:00
[2026-01-06T15:12:53.846+1100] {processor.py:183} INFO - Processing /Users/fionatham/Documents/Projects/vogue_data_pipeline/venv/lib/python3.11/site-packages/airflow/example_dags/example_nested_branch_dag.py took 0.077 seconds
[2026-01-06T15:14:27.349+1100] {processor.py:161} INFO - Started process (PID=95393) to work on /Users/fionatham/Documents/Projects/vogue_data_pipeline/venv/lib/python3.11/site-packages/airflow/example_dags/example_nested_branch_dag.py
[2026-01-06T15:14:27.350+1100] {processor.py:830} INFO - Processing file /Users/fionatham/Documents/Projects/vogue_data_pipeline/venv/lib/python3.11/site-packages/airflow/example_dags/example_nested_branch_dag.py for tasks to queue
[2026-01-06T15:14:27.350+1100] {logging_mixin.py:188} INFO - [2026-01-06T15:14:27.350+1100] {dagbag.py:545} INFO - Filling up the DagBag from /Users/fionatham/Documents/Projects/vogue_data_pipeline/venv/lib/python3.11/site-packages/airflow/example_dags/example_nested_branch_dag.py
[2026-01-06T15:14:27.371+1100] {processor.py:840} INFO - DAG(s) 'example_nested_branch_dag' retrieved from /Users/fionatham/Documents/Projects/vogue_data_pipeline/venv/lib/python3.11/site-packages/airflow/example_dags/example_nested_branch_dag.py
[2026-01-06T15:14:27.418+1100] {logging_mixin.py:188} INFO - [2026-01-06T15:14:27.418+1100] {dag.py:3089} INFO - Sync 1 DAGs
[2026-01-06T15:14:27.426+1100] {logging_mixin.py:188} INFO - [2026-01-06T15:14:27.426+1100] {dag.py:3947} INFO - Setting next_dagrun for example_nested_branch_dag to 2026-01-05 00:00:00+00:00, run_after=2026-01-06 00:00:00+00:00
[2026-01-06T15:14:27.434+1100] {processor.py:183} INFO - Processing /Users/fionatham/Documents/Projects/vogue_data_pipeline/venv/lib/python3.11/site-packages/airflow/example_dags/example_nested_branch_dag.py took 0.087 seconds
[2026-01-06T18:16:32.403+1100] {processor.py:161} INFO - Started process (PID=95590) to work on /Users/fionatham/Documents/Projects/vogue_data_pipeline/venv/lib/python3.11/site-packages/airflow/example_dags/example_nested_branch_dag.py
[2026-01-06T18:16:32.405+1100] {processor.py:830} INFO - Processing file /Users/fionatham/Documents/Projects/vogue_data_pipeline/venv/lib/python3.11/site-packages/airflow/example_dags/example_nested_branch_dag.py for tasks to queue
[2026-01-06T18:16:32.405+1100] {logging_mixin.py:188} INFO - [2026-01-06T18:16:32.405+1100] {dagbag.py:545} INFO - Filling up the DagBag from /Users/fionatham/Documents/Projects/vogue_data_pipeline/venv/lib/python3.11/site-packages/airflow/example_dags/example_nested_branch_dag.py
[2026-01-06T18:16:32.426+1100] {processor.py:840} INFO - DAG(s) 'example_nested_branch_dag' retrieved from /Users/fionatham/Documents/Projects/vogue_data_pipeline/venv/lib/python3.11/site-packages/airflow/example_dags/example_nested_branch_dag.py
[2026-01-06T18:16:32.479+1100] {logging_mixin.py:188} INFO - [2026-01-06T18:16:32.479+1100] {dag.py:3089} INFO - Sync 1 DAGs
[2026-01-06T18:16:32.488+1100] {logging_mixin.py:188} INFO - [2026-01-06T18:16:32.488+1100] {dag.py:3947} INFO - Setting next_dagrun for example_nested_branch_dag to 2026-01-05 00:00:00+00:00, run_after=2026-01-06 00:00:00+00:00
[2026-01-06T18:16:32.497+1100] {processor.py:183} INFO - Processing /Users/fionatham/Documents/Projects/vogue_data_pipeline/venv/lib/python3.11/site-packages/airflow/example_dags/example_nested_branch_dag.py took 0.095 seconds
[2026-01-06T20:51:50.585+1100] {processor.py:161} INFO - Started process (PID=95747) to work on /Users/fionatham/Documents/Projects/vogue_data_pipeline/venv/lib/python3.11/site-packages/airflow/example_dags/example_nested_branch_dag.py
[2026-01-06T20:51:50.588+1100] {processor.py:830} INFO - Processing file /Users/fionatham/Documents/Projects/vogue_data_pipeline/venv/lib/python3.11/site-packages/airflow/example_dags/example_nested_branch_dag.py for tasks to queue
[2026-01-06T20:51:50.589+1100] {logging_mixin.py:188} INFO - [2026-01-06T20:51:50.588+1100] {dagbag.py:545} INFO - Filling up the DagBag from /Users/fionatham/Documents/Projects/vogue_data_pipeline/venv/lib/python3.11/site-packages/airflow/example_dags/example_nested_branch_dag.py
[2026-01-06T20:51:50.633+1100] {processor.py:840} INFO - DAG(s) 'example_nested_branch_dag' retrieved from /Users/fionatham/Documents/Projects/vogue_data_pipeline/venv/lib/python3.11/site-packages/airflow/example_dags/example_nested_branch_dag.py
[2026-01-06T20:51:50.734+1100] {logging_mixin.py:188} INFO - [2026-01-06T20:51:50.733+1100] {dag.py:3089} INFO - Sync 1 DAGs
[2026-01-06T20:51:50.752+1100] {logging_mixin.py:188} INFO - [2026-01-06T20:51:50.751+1100] {dag.py:3947} INFO - Setting next_dagrun for example_nested_branch_dag to 2026-01-05 00:00:00+00:00, run_after=2026-01-06 00:00:00+00:00
[2026-01-06T20:51:50.770+1100] {processor.py:183} INFO - Processing /Users/fionatham/Documents/Projects/vogue_data_pipeline/venv/lib/python3.11/site-packages/airflow/example_dags/example_nested_branch_dag.py took 0.188 seconds
[2026-01-06T21:49:47.463+1100] {processor.py:161} INFO - Started process (PID=95871) to work on /Users/fionatham/Documents/Projects/vogue_data_pipeline/venv/lib/python3.11/site-packages/airflow/example_dags/example_nested_branch_dag.py
[2026-01-06T21:49:47.464+1100] {processor.py:830} INFO - Processing file /Users/fionatham/Documents/Projects/vogue_data_pipeline/venv/lib/python3.11/site-packages/airflow/example_dags/example_nested_branch_dag.py for tasks to queue
[2026-01-06T21:49:47.464+1100] {logging_mixin.py:188} INFO - [2026-01-06T21:49:47.464+1100] {dagbag.py:545} INFO - Filling up the DagBag from /Users/fionatham/Documents/Projects/vogue_data_pipeline/venv/lib/python3.11/site-packages/airflow/example_dags/example_nested_branch_dag.py
[2026-01-06T21:49:47.485+1100] {processor.py:840} INFO - DAG(s) 'example_nested_branch_dag' retrieved from /Users/fionatham/Documents/Projects/vogue_data_pipeline/venv/lib/python3.11/site-packages/airflow/example_dags/example_nested_branch_dag.py
[2026-01-06T21:49:47.530+1100] {logging_mixin.py:188} INFO - [2026-01-06T21:49:47.530+1100] {dag.py:3089} INFO - Sync 1 DAGs
[2026-01-06T21:49:47.538+1100] {logging_mixin.py:188} INFO - [2026-01-06T21:49:47.538+1100] {dag.py:3947} INFO - Setting next_dagrun for example_nested_branch_dag to 2026-01-05 00:00:00+00:00, run_after=2026-01-06 00:00:00+00:00
[2026-01-06T21:49:47.545+1100] {processor.py:183} INFO - Processing /Users/fionatham/Documents/Projects/vogue_data_pipeline/venv/lib/python3.11/site-packages/airflow/example_dags/example_nested_branch_dag.py took 0.083 seconds
[2026-01-06T23:55:39.731+1100] {processor.py:161} INFO - Started process (PID=96010) to work on /Users/fionatham/Documents/Projects/vogue_data_pipeline/venv/lib/python3.11/site-packages/airflow/example_dags/example_nested_branch_dag.py
[2026-01-06T23:55:39.731+1100] {processor.py:830} INFO - Processing file /Users/fionatham/Documents/Projects/vogue_data_pipeline/venv/lib/python3.11/site-packages/airflow/example_dags/example_nested_branch_dag.py for tasks to queue
[2026-01-06T23:55:39.732+1100] {logging_mixin.py:188} INFO - [2026-01-06T23:55:39.732+1100] {dagbag.py:545} INFO - Filling up the DagBag from /Users/fionatham/Documents/Projects/vogue_data_pipeline/venv/lib/python3.11/site-packages/airflow/example_dags/example_nested_branch_dag.py
[2026-01-06T23:55:39.749+1100] {processor.py:840} INFO - DAG(s) 'example_nested_branch_dag' retrieved from /Users/fionatham/Documents/Projects/vogue_data_pipeline/venv/lib/python3.11/site-packages/airflow/example_dags/example_nested_branch_dag.py
[2026-01-06T23:55:39.791+1100] {logging_mixin.py:188} INFO - [2026-01-06T23:55:39.791+1100] {dag.py:3089} INFO - Sync 1 DAGs
[2026-01-06T23:55:39.798+1100] {logging_mixin.py:188} INFO - [2026-01-06T23:55:39.798+1100] {dag.py:3947} INFO - Setting next_dagrun for example_nested_branch_dag to 2026-01-05 00:00:00+00:00, run_after=2026-01-06 00:00:00+00:00
[2026-01-06T23:55:39.805+1100] {processor.py:183} INFO - Processing /Users/fionatham/Documents/Projects/vogue_data_pipeline/venv/lib/python3.11/site-packages/airflow/example_dags/example_nested_branch_dag.py took 0.075 seconds
