[2026-01-06T13:57:17.630+1100] {processor.py:161} INFO - Started process (PID=85271) to work on /Users/fionatham/Documents/Projects/vogue_data_pipeline/venv/lib/python3.11/site-packages/airflow/example_dags/example_sensor_decorator.py
[2026-01-06T13:57:17.630+1100] {processor.py:830} INFO - Processing file /Users/fionatham/Documents/Projects/vogue_data_pipeline/venv/lib/python3.11/site-packages/airflow/example_dags/example_sensor_decorator.py for tasks to queue
[2026-01-06T13:57:17.631+1100] {logging_mixin.py:188} INFO - [2026-01-06T13:57:17.631+1100] {dagbag.py:545} INFO - Filling up the DagBag from /Users/fionatham/Documents/Projects/vogue_data_pipeline/venv/lib/python3.11/site-packages/airflow/example_dags/example_sensor_decorator.py
[2026-01-06T13:57:17.647+1100] {processor.py:840} INFO - DAG(s) 'example_sensor_decorator' retrieved from /Users/fionatham/Documents/Projects/vogue_data_pipeline/venv/lib/python3.11/site-packages/airflow/example_dags/example_sensor_decorator.py
[2026-01-06T13:57:17.756+1100] {logging_mixin.py:188} INFO - [2026-01-06T13:57:17.756+1100] {override.py:1858} INFO - Created Permission View: can delete on DAG:example_sensor_decorator
[2026-01-06T13:57:17.760+1100] {logging_mixin.py:188} INFO - [2026-01-06T13:57:17.760+1100] {override.py:1858} INFO - Created Permission View: can read on DAG:example_sensor_decorator
[2026-01-06T13:57:17.763+1100] {logging_mixin.py:188} INFO - [2026-01-06T13:57:17.762+1100] {override.py:1858} INFO - Created Permission View: can edit on DAG:example_sensor_decorator
[2026-01-06T13:57:17.763+1100] {logging_mixin.py:188} INFO - [2026-01-06T13:57:17.763+1100] {dag.py:3089} INFO - Sync 1 DAGs
[2026-01-06T13:57:17.767+1100] {logging_mixin.py:188} INFO - [2026-01-06T13:57:17.766+1100] {dag.py:3111} INFO - Creating ORM DAG for example_sensor_decorator
[2026-01-06T13:57:17.767+1100] {logging_mixin.py:188} INFO - [2026-01-06T13:57:17.767+1100] {dag.py:3947} INFO - Setting next_dagrun for example_sensor_decorator to None, run_after=None
[2026-01-06T13:57:17.776+1100] {processor.py:183} INFO - Processing /Users/fionatham/Documents/Projects/vogue_data_pipeline/venv/lib/python3.11/site-packages/airflow/example_dags/example_sensor_decorator.py took 0.147 seconds
[2026-01-06T13:58:48.209+1100] {processor.py:161} INFO - Started process (PID=86095) to work on /Users/fionatham/Documents/Projects/vogue_data_pipeline/venv/lib/python3.11/site-packages/airflow/example_dags/example_sensor_decorator.py
[2026-01-06T13:58:48.210+1100] {processor.py:830} INFO - Processing file /Users/fionatham/Documents/Projects/vogue_data_pipeline/venv/lib/python3.11/site-packages/airflow/example_dags/example_sensor_decorator.py for tasks to queue
[2026-01-06T13:58:48.210+1100] {logging_mixin.py:188} INFO - [2026-01-06T13:58:48.210+1100] {dagbag.py:545} INFO - Filling up the DagBag from /Users/fionatham/Documents/Projects/vogue_data_pipeline/venv/lib/python3.11/site-packages/airflow/example_dags/example_sensor_decorator.py
[2026-01-06T13:58:48.227+1100] {processor.py:840} INFO - DAG(s) 'example_sensor_decorator' retrieved from /Users/fionatham/Documents/Projects/vogue_data_pipeline/venv/lib/python3.11/site-packages/airflow/example_dags/example_sensor_decorator.py
[2026-01-06T13:58:48.276+1100] {logging_mixin.py:188} INFO - [2026-01-06T13:58:48.276+1100] {dag.py:3089} INFO - Sync 1 DAGs
[2026-01-06T13:58:48.280+1100] {logging_mixin.py:188} INFO - [2026-01-06T13:58:48.280+1100] {dag.py:3947} INFO - Setting next_dagrun for example_sensor_decorator to None, run_after=None
[2026-01-06T13:58:48.290+1100] {processor.py:183} INFO - Processing /Users/fionatham/Documents/Projects/vogue_data_pipeline/venv/lib/python3.11/site-packages/airflow/example_dags/example_sensor_decorator.py took 0.083 seconds
[2026-01-06T14:00:48.013+1100] {processor.py:161} INFO - Started process (PID=86962) to work on /Users/fionatham/Documents/Projects/vogue_data_pipeline/venv/lib/python3.11/site-packages/airflow/example_dags/example_sensor_decorator.py
[2026-01-06T14:00:48.014+1100] {processor.py:830} INFO - Processing file /Users/fionatham/Documents/Projects/vogue_data_pipeline/venv/lib/python3.11/site-packages/airflow/example_dags/example_sensor_decorator.py for tasks to queue
[2026-01-06T14:00:48.014+1100] {logging_mixin.py:188} INFO - [2026-01-06T14:00:48.014+1100] {dagbag.py:545} INFO - Filling up the DagBag from /Users/fionatham/Documents/Projects/vogue_data_pipeline/venv/lib/python3.11/site-packages/airflow/example_dags/example_sensor_decorator.py
[2026-01-06T14:00:48.031+1100] {processor.py:840} INFO - DAG(s) 'example_sensor_decorator' retrieved from /Users/fionatham/Documents/Projects/vogue_data_pipeline/venv/lib/python3.11/site-packages/airflow/example_dags/example_sensor_decorator.py
[2026-01-06T14:00:48.078+1100] {logging_mixin.py:188} INFO - [2026-01-06T14:00:48.078+1100] {dag.py:3089} INFO - Sync 1 DAGs
[2026-01-06T14:00:48.082+1100] {logging_mixin.py:188} INFO - [2026-01-06T14:00:48.082+1100] {dag.py:3947} INFO - Setting next_dagrun for example_sensor_decorator to None, run_after=None
[2026-01-06T14:00:48.089+1100] {processor.py:183} INFO - Processing /Users/fionatham/Documents/Projects/vogue_data_pipeline/venv/lib/python3.11/site-packages/airflow/example_dags/example_sensor_decorator.py took 0.077 seconds
[2026-01-06T14:02:50.046+1100] {processor.py:161} INFO - Started process (PID=87164) to work on /Users/fionatham/Documents/Projects/vogue_data_pipeline/venv/lib/python3.11/site-packages/airflow/example_dags/example_sensor_decorator.py
[2026-01-06T14:02:50.046+1100] {processor.py:830} INFO - Processing file /Users/fionatham/Documents/Projects/vogue_data_pipeline/venv/lib/python3.11/site-packages/airflow/example_dags/example_sensor_decorator.py for tasks to queue
[2026-01-06T14:02:50.047+1100] {logging_mixin.py:188} INFO - [2026-01-06T14:02:50.047+1100] {dagbag.py:545} INFO - Filling up the DagBag from /Users/fionatham/Documents/Projects/vogue_data_pipeline/venv/lib/python3.11/site-packages/airflow/example_dags/example_sensor_decorator.py
[2026-01-06T14:02:50.064+1100] {processor.py:840} INFO - DAG(s) 'example_sensor_decorator' retrieved from /Users/fionatham/Documents/Projects/vogue_data_pipeline/venv/lib/python3.11/site-packages/airflow/example_dags/example_sensor_decorator.py
[2026-01-06T14:02:50.113+1100] {logging_mixin.py:188} INFO - [2026-01-06T14:02:50.113+1100] {dag.py:3089} INFO - Sync 1 DAGs
[2026-01-06T14:02:50.117+1100] {logging_mixin.py:188} INFO - [2026-01-06T14:02:50.116+1100] {dag.py:3947} INFO - Setting next_dagrun for example_sensor_decorator to None, run_after=None
[2026-01-06T14:02:50.125+1100] {processor.py:183} INFO - Processing /Users/fionatham/Documents/Projects/vogue_data_pipeline/venv/lib/python3.11/site-packages/airflow/example_dags/example_sensor_decorator.py took 0.080 seconds
[2026-01-06T14:04:50.299+1100] {processor.py:161} INFO - Started process (PID=87324) to work on /Users/fionatham/Documents/Projects/vogue_data_pipeline/venv/lib/python3.11/site-packages/airflow/example_dags/example_sensor_decorator.py
[2026-01-06T14:04:50.300+1100] {processor.py:830} INFO - Processing file /Users/fionatham/Documents/Projects/vogue_data_pipeline/venv/lib/python3.11/site-packages/airflow/example_dags/example_sensor_decorator.py for tasks to queue
[2026-01-06T14:04:50.300+1100] {logging_mixin.py:188} INFO - [2026-01-06T14:04:50.300+1100] {dagbag.py:545} INFO - Filling up the DagBag from /Users/fionatham/Documents/Projects/vogue_data_pipeline/venv/lib/python3.11/site-packages/airflow/example_dags/example_sensor_decorator.py
[2026-01-06T14:04:50.316+1100] {processor.py:840} INFO - DAG(s) 'example_sensor_decorator' retrieved from /Users/fionatham/Documents/Projects/vogue_data_pipeline/venv/lib/python3.11/site-packages/airflow/example_dags/example_sensor_decorator.py
[2026-01-06T14:04:50.366+1100] {logging_mixin.py:188} INFO - [2026-01-06T14:04:50.366+1100] {dag.py:3089} INFO - Sync 1 DAGs
[2026-01-06T14:04:50.370+1100] {logging_mixin.py:188} INFO - [2026-01-06T14:04:50.370+1100] {dag.py:3947} INFO - Setting next_dagrun for example_sensor_decorator to None, run_after=None
[2026-01-06T14:04:50.378+1100] {processor.py:183} INFO - Processing /Users/fionatham/Documents/Projects/vogue_data_pipeline/venv/lib/python3.11/site-packages/airflow/example_dags/example_sensor_decorator.py took 0.080 seconds
[2026-01-06T14:06:52.088+1100] {processor.py:161} INFO - Started process (PID=87556) to work on /Users/fionatham/Documents/Projects/vogue_data_pipeline/venv/lib/python3.11/site-packages/airflow/example_dags/example_sensor_decorator.py
[2026-01-06T14:06:52.089+1100] {processor.py:830} INFO - Processing file /Users/fionatham/Documents/Projects/vogue_data_pipeline/venv/lib/python3.11/site-packages/airflow/example_dags/example_sensor_decorator.py for tasks to queue
[2026-01-06T14:06:52.089+1100] {logging_mixin.py:188} INFO - [2026-01-06T14:06:52.089+1100] {dagbag.py:545} INFO - Filling up the DagBag from /Users/fionatham/Documents/Projects/vogue_data_pipeline/venv/lib/python3.11/site-packages/airflow/example_dags/example_sensor_decorator.py
[2026-01-06T14:06:52.106+1100] {processor.py:840} INFO - DAG(s) 'example_sensor_decorator' retrieved from /Users/fionatham/Documents/Projects/vogue_data_pipeline/venv/lib/python3.11/site-packages/airflow/example_dags/example_sensor_decorator.py
[2026-01-06T14:06:52.153+1100] {logging_mixin.py:188} INFO - [2026-01-06T14:06:52.153+1100] {dag.py:3089} INFO - Sync 1 DAGs
[2026-01-06T14:06:52.157+1100] {logging_mixin.py:188} INFO - [2026-01-06T14:06:52.157+1100] {dag.py:3947} INFO - Setting next_dagrun for example_sensor_decorator to None, run_after=None
[2026-01-06T14:06:52.164+1100] {processor.py:183} INFO - Processing /Users/fionatham/Documents/Projects/vogue_data_pipeline/venv/lib/python3.11/site-packages/airflow/example_dags/example_sensor_decorator.py took 0.077 seconds
[2026-01-06T14:08:48.020+1100] {processor.py:161} INFO - Started process (PID=87680) to work on /Users/fionatham/Documents/Projects/vogue_data_pipeline/venv/lib/python3.11/site-packages/airflow/example_dags/example_sensor_decorator.py
[2026-01-06T14:08:48.022+1100] {processor.py:830} INFO - Processing file /Users/fionatham/Documents/Projects/vogue_data_pipeline/venv/lib/python3.11/site-packages/airflow/example_dags/example_sensor_decorator.py for tasks to queue
[2026-01-06T14:08:48.022+1100] {logging_mixin.py:188} INFO - [2026-01-06T14:08:48.022+1100] {dagbag.py:545} INFO - Filling up the DagBag from /Users/fionatham/Documents/Projects/vogue_data_pipeline/venv/lib/python3.11/site-packages/airflow/example_dags/example_sensor_decorator.py
[2026-01-06T14:08:48.038+1100] {processor.py:840} INFO - DAG(s) 'example_sensor_decorator' retrieved from /Users/fionatham/Documents/Projects/vogue_data_pipeline/venv/lib/python3.11/site-packages/airflow/example_dags/example_sensor_decorator.py
[2026-01-06T14:08:48.085+1100] {logging_mixin.py:188} INFO - [2026-01-06T14:08:48.085+1100] {dag.py:3089} INFO - Sync 1 DAGs
[2026-01-06T14:08:48.088+1100] {logging_mixin.py:188} INFO - [2026-01-06T14:08:48.088+1100] {dag.py:3947} INFO - Setting next_dagrun for example_sensor_decorator to None, run_after=None
[2026-01-06T14:08:48.096+1100] {processor.py:183} INFO - Processing /Users/fionatham/Documents/Projects/vogue_data_pipeline/venv/lib/python3.11/site-packages/airflow/example_dags/example_sensor_decorator.py took 0.076 seconds
[2026-01-06T14:10:48.597+1100] {processor.py:161} INFO - Started process (PID=87798) to work on /Users/fionatham/Documents/Projects/vogue_data_pipeline/venv/lib/python3.11/site-packages/airflow/example_dags/example_sensor_decorator.py
[2026-01-06T14:10:48.597+1100] {processor.py:830} INFO - Processing file /Users/fionatham/Documents/Projects/vogue_data_pipeline/venv/lib/python3.11/site-packages/airflow/example_dags/example_sensor_decorator.py for tasks to queue
[2026-01-06T14:10:48.598+1100] {logging_mixin.py:188} INFO - [2026-01-06T14:10:48.598+1100] {dagbag.py:545} INFO - Filling up the DagBag from /Users/fionatham/Documents/Projects/vogue_data_pipeline/venv/lib/python3.11/site-packages/airflow/example_dags/example_sensor_decorator.py
[2026-01-06T14:10:48.614+1100] {processor.py:840} INFO - DAG(s) 'example_sensor_decorator' retrieved from /Users/fionatham/Documents/Projects/vogue_data_pipeline/venv/lib/python3.11/site-packages/airflow/example_dags/example_sensor_decorator.py
[2026-01-06T14:10:48.663+1100] {logging_mixin.py:188} INFO - [2026-01-06T14:10:48.663+1100] {dag.py:3089} INFO - Sync 1 DAGs
[2026-01-06T14:10:48.667+1100] {logging_mixin.py:188} INFO - [2026-01-06T14:10:48.667+1100] {dag.py:3947} INFO - Setting next_dagrun for example_sensor_decorator to None, run_after=None
[2026-01-06T14:10:48.675+1100] {processor.py:183} INFO - Processing /Users/fionatham/Documents/Projects/vogue_data_pipeline/venv/lib/python3.11/site-packages/airflow/example_dags/example_sensor_decorator.py took 0.079 seconds
[2026-01-06T14:12:46.076+1100] {processor.py:161} INFO - Started process (PID=87946) to work on /Users/fionatham/Documents/Projects/vogue_data_pipeline/venv/lib/python3.11/site-packages/airflow/example_dags/example_sensor_decorator.py
[2026-01-06T14:12:46.077+1100] {processor.py:830} INFO - Processing file /Users/fionatham/Documents/Projects/vogue_data_pipeline/venv/lib/python3.11/site-packages/airflow/example_dags/example_sensor_decorator.py for tasks to queue
[2026-01-06T14:12:46.078+1100] {logging_mixin.py:188} INFO - [2026-01-06T14:12:46.078+1100] {dagbag.py:545} INFO - Filling up the DagBag from /Users/fionatham/Documents/Projects/vogue_data_pipeline/venv/lib/python3.11/site-packages/airflow/example_dags/example_sensor_decorator.py
[2026-01-06T14:12:46.095+1100] {processor.py:840} INFO - DAG(s) 'example_sensor_decorator' retrieved from /Users/fionatham/Documents/Projects/vogue_data_pipeline/venv/lib/python3.11/site-packages/airflow/example_dags/example_sensor_decorator.py
[2026-01-06T14:12:46.142+1100] {logging_mixin.py:188} INFO - [2026-01-06T14:12:46.142+1100] {dag.py:3089} INFO - Sync 1 DAGs
[2026-01-06T14:12:46.146+1100] {logging_mixin.py:188} INFO - [2026-01-06T14:12:46.146+1100] {dag.py:3947} INFO - Setting next_dagrun for example_sensor_decorator to None, run_after=None
[2026-01-06T14:12:46.153+1100] {processor.py:183} INFO - Processing /Users/fionatham/Documents/Projects/vogue_data_pipeline/venv/lib/python3.11/site-packages/airflow/example_dags/example_sensor_decorator.py took 0.079 seconds
[2026-01-06T14:14:56.243+1100] {processor.py:161} INFO - Started process (PID=88644) to work on /Users/fionatham/Documents/Projects/vogue_data_pipeline/venv/lib/python3.11/site-packages/airflow/example_dags/example_sensor_decorator.py
[2026-01-06T14:14:56.244+1100] {processor.py:830} INFO - Processing file /Users/fionatham/Documents/Projects/vogue_data_pipeline/venv/lib/python3.11/site-packages/airflow/example_dags/example_sensor_decorator.py for tasks to queue
[2026-01-06T14:14:56.244+1100] {logging_mixin.py:188} INFO - [2026-01-06T14:14:56.244+1100] {dagbag.py:545} INFO - Filling up the DagBag from /Users/fionatham/Documents/Projects/vogue_data_pipeline/venv/lib/python3.11/site-packages/airflow/example_dags/example_sensor_decorator.py
[2026-01-06T14:14:56.263+1100] {processor.py:840} INFO - DAG(s) 'example_sensor_decorator' retrieved from /Users/fionatham/Documents/Projects/vogue_data_pipeline/venv/lib/python3.11/site-packages/airflow/example_dags/example_sensor_decorator.py
[2026-01-06T14:14:56.396+1100] {logging_mixin.py:188} INFO - [2026-01-06T14:14:56.396+1100] {dag.py:3089} INFO - Sync 1 DAGs
[2026-01-06T14:14:56.402+1100] {logging_mixin.py:188} INFO - [2026-01-06T14:14:56.402+1100] {dag.py:3947} INFO - Setting next_dagrun for example_sensor_decorator to None, run_after=None
[2026-01-06T14:14:56.410+1100] {processor.py:183} INFO - Processing /Users/fionatham/Documents/Projects/vogue_data_pipeline/venv/lib/python3.11/site-packages/airflow/example_dags/example_sensor_decorator.py took 0.169 seconds
[2026-01-06T14:16:47.916+1100] {processor.py:161} INFO - Started process (PID=89269) to work on /Users/fionatham/Documents/Projects/vogue_data_pipeline/venv/lib/python3.11/site-packages/airflow/example_dags/example_sensor_decorator.py
[2026-01-06T14:16:47.917+1100] {processor.py:830} INFO - Processing file /Users/fionatham/Documents/Projects/vogue_data_pipeline/venv/lib/python3.11/site-packages/airflow/example_dags/example_sensor_decorator.py for tasks to queue
[2026-01-06T14:16:47.918+1100] {logging_mixin.py:188} INFO - [2026-01-06T14:16:47.918+1100] {dagbag.py:545} INFO - Filling up the DagBag from /Users/fionatham/Documents/Projects/vogue_data_pipeline/venv/lib/python3.11/site-packages/airflow/example_dags/example_sensor_decorator.py
[2026-01-06T14:16:47.933+1100] {processor.py:840} INFO - DAG(s) 'example_sensor_decorator' retrieved from /Users/fionatham/Documents/Projects/vogue_data_pipeline/venv/lib/python3.11/site-packages/airflow/example_dags/example_sensor_decorator.py
[2026-01-06T14:16:47.978+1100] {logging_mixin.py:188} INFO - [2026-01-06T14:16:47.978+1100] {dag.py:3089} INFO - Sync 1 DAGs
[2026-01-06T14:16:47.981+1100] {logging_mixin.py:188} INFO - [2026-01-06T14:16:47.981+1100] {dag.py:3947} INFO - Setting next_dagrun for example_sensor_decorator to None, run_after=None
[2026-01-06T14:16:47.989+1100] {processor.py:183} INFO - Processing /Users/fionatham/Documents/Projects/vogue_data_pipeline/venv/lib/python3.11/site-packages/airflow/example_dags/example_sensor_decorator.py took 0.074 seconds
[2026-01-06T14:18:45.434+1100] {processor.py:161} INFO - Started process (PID=89750) to work on /Users/fionatham/Documents/Projects/vogue_data_pipeline/venv/lib/python3.11/site-packages/airflow/example_dags/example_sensor_decorator.py
[2026-01-06T14:18:45.435+1100] {processor.py:830} INFO - Processing file /Users/fionatham/Documents/Projects/vogue_data_pipeline/venv/lib/python3.11/site-packages/airflow/example_dags/example_sensor_decorator.py for tasks to queue
[2026-01-06T14:18:45.435+1100] {logging_mixin.py:188} INFO - [2026-01-06T14:18:45.435+1100] {dagbag.py:545} INFO - Filling up the DagBag from /Users/fionatham/Documents/Projects/vogue_data_pipeline/venv/lib/python3.11/site-packages/airflow/example_dags/example_sensor_decorator.py
[2026-01-06T14:18:45.452+1100] {processor.py:840} INFO - DAG(s) 'example_sensor_decorator' retrieved from /Users/fionatham/Documents/Projects/vogue_data_pipeline/venv/lib/python3.11/site-packages/airflow/example_dags/example_sensor_decorator.py
[2026-01-06T14:18:45.525+1100] {logging_mixin.py:188} INFO - [2026-01-06T14:18:45.524+1100] {dag.py:3089} INFO - Sync 1 DAGs
[2026-01-06T14:18:45.528+1100] {logging_mixin.py:188} INFO - [2026-01-06T14:18:45.528+1100] {dag.py:3947} INFO - Setting next_dagrun for example_sensor_decorator to None, run_after=None
[2026-01-06T14:18:45.537+1100] {processor.py:183} INFO - Processing /Users/fionatham/Documents/Projects/vogue_data_pipeline/venv/lib/python3.11/site-packages/airflow/example_dags/example_sensor_decorator.py took 0.104 seconds
[2026-01-06T14:20:48.251+1100] {processor.py:161} INFO - Started process (PID=89997) to work on /Users/fionatham/Documents/Projects/vogue_data_pipeline/venv/lib/python3.11/site-packages/airflow/example_dags/example_sensor_decorator.py
[2026-01-06T14:20:48.252+1100] {processor.py:830} INFO - Processing file /Users/fionatham/Documents/Projects/vogue_data_pipeline/venv/lib/python3.11/site-packages/airflow/example_dags/example_sensor_decorator.py for tasks to queue
[2026-01-06T14:20:48.253+1100] {logging_mixin.py:188} INFO - [2026-01-06T14:20:48.252+1100] {dagbag.py:545} INFO - Filling up the DagBag from /Users/fionatham/Documents/Projects/vogue_data_pipeline/venv/lib/python3.11/site-packages/airflow/example_dags/example_sensor_decorator.py
[2026-01-06T14:20:48.268+1100] {processor.py:840} INFO - DAG(s) 'example_sensor_decorator' retrieved from /Users/fionatham/Documents/Projects/vogue_data_pipeline/venv/lib/python3.11/site-packages/airflow/example_dags/example_sensor_decorator.py
[2026-01-06T14:20:48.318+1100] {logging_mixin.py:188} INFO - [2026-01-06T14:20:48.318+1100] {dag.py:3089} INFO - Sync 1 DAGs
[2026-01-06T14:20:48.322+1100] {logging_mixin.py:188} INFO - [2026-01-06T14:20:48.322+1100] {dag.py:3947} INFO - Setting next_dagrun for example_sensor_decorator to None, run_after=None
[2026-01-06T14:20:48.330+1100] {processor.py:183} INFO - Processing /Users/fionatham/Documents/Projects/vogue_data_pipeline/venv/lib/python3.11/site-packages/airflow/example_dags/example_sensor_decorator.py took 0.080 seconds
[2026-01-06T14:22:47.855+1100] {processor.py:161} INFO - Started process (PID=90088) to work on /Users/fionatham/Documents/Projects/vogue_data_pipeline/venv/lib/python3.11/site-packages/airflow/example_dags/example_sensor_decorator.py
[2026-01-06T14:22:47.857+1100] {processor.py:830} INFO - Processing file /Users/fionatham/Documents/Projects/vogue_data_pipeline/venv/lib/python3.11/site-packages/airflow/example_dags/example_sensor_decorator.py for tasks to queue
[2026-01-06T14:22:47.857+1100] {logging_mixin.py:188} INFO - [2026-01-06T14:22:47.857+1100] {dagbag.py:545} INFO - Filling up the DagBag from /Users/fionatham/Documents/Projects/vogue_data_pipeline/venv/lib/python3.11/site-packages/airflow/example_dags/example_sensor_decorator.py
[2026-01-06T14:22:47.874+1100] {processor.py:840} INFO - DAG(s) 'example_sensor_decorator' retrieved from /Users/fionatham/Documents/Projects/vogue_data_pipeline/venv/lib/python3.11/site-packages/airflow/example_dags/example_sensor_decorator.py
[2026-01-06T14:22:47.923+1100] {logging_mixin.py:188} INFO - [2026-01-06T14:22:47.923+1100] {dag.py:3089} INFO - Sync 1 DAGs
[2026-01-06T14:22:47.927+1100] {logging_mixin.py:188} INFO - [2026-01-06T14:22:47.927+1100] {dag.py:3947} INFO - Setting next_dagrun for example_sensor_decorator to None, run_after=None
[2026-01-06T14:22:47.935+1100] {processor.py:183} INFO - Processing /Users/fionatham/Documents/Projects/vogue_data_pipeline/venv/lib/python3.11/site-packages/airflow/example_dags/example_sensor_decorator.py took 0.080 seconds
[2026-01-06T14:24:33.919+1100] {processor.py:161} INFO - Started process (PID=90178) to work on /Users/fionatham/Documents/Projects/vogue_data_pipeline/venv/lib/python3.11/site-packages/airflow/example_dags/example_sensor_decorator.py
[2026-01-06T14:24:33.920+1100] {processor.py:830} INFO - Processing file /Users/fionatham/Documents/Projects/vogue_data_pipeline/venv/lib/python3.11/site-packages/airflow/example_dags/example_sensor_decorator.py for tasks to queue
[2026-01-06T14:24:33.921+1100] {logging_mixin.py:188} INFO - [2026-01-06T14:24:33.920+1100] {dagbag.py:545} INFO - Filling up the DagBag from /Users/fionatham/Documents/Projects/vogue_data_pipeline/venv/lib/python3.11/site-packages/airflow/example_dags/example_sensor_decorator.py
[2026-01-06T14:24:33.936+1100] {processor.py:840} INFO - DAG(s) 'example_sensor_decorator' retrieved from /Users/fionatham/Documents/Projects/vogue_data_pipeline/venv/lib/python3.11/site-packages/airflow/example_dags/example_sensor_decorator.py
[2026-01-06T14:24:33.983+1100] {logging_mixin.py:188} INFO - [2026-01-06T14:24:33.983+1100] {dag.py:3089} INFO - Sync 1 DAGs
[2026-01-06T14:24:33.987+1100] {logging_mixin.py:188} INFO - [2026-01-06T14:24:33.987+1100] {dag.py:3947} INFO - Setting next_dagrun for example_sensor_decorator to None, run_after=None
[2026-01-06T14:24:33.994+1100] {processor.py:183} INFO - Processing /Users/fionatham/Documents/Projects/vogue_data_pipeline/venv/lib/python3.11/site-packages/airflow/example_dags/example_sensor_decorator.py took 0.077 seconds
[2026-01-06T14:26:27.983+1100] {processor.py:161} INFO - Started process (PID=90477) to work on /Users/fionatham/Documents/Projects/vogue_data_pipeline/venv/lib/python3.11/site-packages/airflow/example_dags/example_sensor_decorator.py
[2026-01-06T14:26:27.984+1100] {processor.py:830} INFO - Processing file /Users/fionatham/Documents/Projects/vogue_data_pipeline/venv/lib/python3.11/site-packages/airflow/example_dags/example_sensor_decorator.py for tasks to queue
[2026-01-06T14:26:27.984+1100] {logging_mixin.py:188} INFO - [2026-01-06T14:26:27.984+1100] {dagbag.py:545} INFO - Filling up the DagBag from /Users/fionatham/Documents/Projects/vogue_data_pipeline/venv/lib/python3.11/site-packages/airflow/example_dags/example_sensor_decorator.py
[2026-01-06T14:26:28.002+1100] {processor.py:840} INFO - DAG(s) 'example_sensor_decorator' retrieved from /Users/fionatham/Documents/Projects/vogue_data_pipeline/venv/lib/python3.11/site-packages/airflow/example_dags/example_sensor_decorator.py
[2026-01-06T14:26:28.050+1100] {logging_mixin.py:188} INFO - [2026-01-06T14:26:28.050+1100] {dag.py:3089} INFO - Sync 1 DAGs
[2026-01-06T14:26:28.055+1100] {logging_mixin.py:188} INFO - [2026-01-06T14:26:28.054+1100] {dag.py:3947} INFO - Setting next_dagrun for example_sensor_decorator to None, run_after=None
[2026-01-06T14:26:28.063+1100] {processor.py:183} INFO - Processing /Users/fionatham/Documents/Projects/vogue_data_pipeline/venv/lib/python3.11/site-packages/airflow/example_dags/example_sensor_decorator.py took 0.083 seconds
[2026-01-06T14:28:25.825+1100] {processor.py:161} INFO - Started process (PID=90808) to work on /Users/fionatham/Documents/Projects/vogue_data_pipeline/venv/lib/python3.11/site-packages/airflow/example_dags/example_sensor_decorator.py
[2026-01-06T14:28:25.826+1100] {processor.py:830} INFO - Processing file /Users/fionatham/Documents/Projects/vogue_data_pipeline/venv/lib/python3.11/site-packages/airflow/example_dags/example_sensor_decorator.py for tasks to queue
[2026-01-06T14:28:25.827+1100] {logging_mixin.py:188} INFO - [2026-01-06T14:28:25.827+1100] {dagbag.py:545} INFO - Filling up the DagBag from /Users/fionatham/Documents/Projects/vogue_data_pipeline/venv/lib/python3.11/site-packages/airflow/example_dags/example_sensor_decorator.py
[2026-01-06T14:28:25.844+1100] {processor.py:840} INFO - DAG(s) 'example_sensor_decorator' retrieved from /Users/fionatham/Documents/Projects/vogue_data_pipeline/venv/lib/python3.11/site-packages/airflow/example_dags/example_sensor_decorator.py
[2026-01-06T14:28:25.890+1100] {logging_mixin.py:188} INFO - [2026-01-06T14:28:25.890+1100] {dag.py:3089} INFO - Sync 1 DAGs
[2026-01-06T14:28:25.894+1100] {logging_mixin.py:188} INFO - [2026-01-06T14:28:25.894+1100] {dag.py:3947} INFO - Setting next_dagrun for example_sensor_decorator to None, run_after=None
[2026-01-06T14:28:25.902+1100] {processor.py:183} INFO - Processing /Users/fionatham/Documents/Projects/vogue_data_pipeline/venv/lib/python3.11/site-packages/airflow/example_dags/example_sensor_decorator.py took 0.078 seconds
[2026-01-06T14:30:29.465+1100] {processor.py:161} INFO - Started process (PID=91559) to work on /Users/fionatham/Documents/Projects/vogue_data_pipeline/venv/lib/python3.11/site-packages/airflow/example_dags/example_sensor_decorator.py
[2026-01-06T14:30:29.466+1100] {processor.py:830} INFO - Processing file /Users/fionatham/Documents/Projects/vogue_data_pipeline/venv/lib/python3.11/site-packages/airflow/example_dags/example_sensor_decorator.py for tasks to queue
[2026-01-06T14:30:29.466+1100] {logging_mixin.py:188} INFO - [2026-01-06T14:30:29.466+1100] {dagbag.py:545} INFO - Filling up the DagBag from /Users/fionatham/Documents/Projects/vogue_data_pipeline/venv/lib/python3.11/site-packages/airflow/example_dags/example_sensor_decorator.py
[2026-01-06T14:30:29.483+1100] {processor.py:840} INFO - DAG(s) 'example_sensor_decorator' retrieved from /Users/fionatham/Documents/Projects/vogue_data_pipeline/venv/lib/python3.11/site-packages/airflow/example_dags/example_sensor_decorator.py
[2026-01-06T14:30:29.529+1100] {logging_mixin.py:188} INFO - [2026-01-06T14:30:29.529+1100] {dag.py:3089} INFO - Sync 1 DAGs
[2026-01-06T14:30:29.533+1100] {logging_mixin.py:188} INFO - [2026-01-06T14:30:29.533+1100] {dag.py:3947} INFO - Setting next_dagrun for example_sensor_decorator to None, run_after=None
[2026-01-06T14:30:29.540+1100] {processor.py:183} INFO - Processing /Users/fionatham/Documents/Projects/vogue_data_pipeline/venv/lib/python3.11/site-packages/airflow/example_dags/example_sensor_decorator.py took 0.076 seconds
[2026-01-06T14:32:27.667+1100] {processor.py:161} INFO - Started process (PID=92101) to work on /Users/fionatham/Documents/Projects/vogue_data_pipeline/venv/lib/python3.11/site-packages/airflow/example_dags/example_sensor_decorator.py
[2026-01-06T14:32:27.669+1100] {processor.py:830} INFO - Processing file /Users/fionatham/Documents/Projects/vogue_data_pipeline/venv/lib/python3.11/site-packages/airflow/example_dags/example_sensor_decorator.py for tasks to queue
[2026-01-06T14:32:27.669+1100] {logging_mixin.py:188} INFO - [2026-01-06T14:32:27.669+1100] {dagbag.py:545} INFO - Filling up the DagBag from /Users/fionatham/Documents/Projects/vogue_data_pipeline/venv/lib/python3.11/site-packages/airflow/example_dags/example_sensor_decorator.py
[2026-01-06T14:32:27.687+1100] {processor.py:840} INFO - DAG(s) 'example_sensor_decorator' retrieved from /Users/fionatham/Documents/Projects/vogue_data_pipeline/venv/lib/python3.11/site-packages/airflow/example_dags/example_sensor_decorator.py
[2026-01-06T14:32:27.738+1100] {logging_mixin.py:188} INFO - [2026-01-06T14:32:27.738+1100] {dag.py:3089} INFO - Sync 1 DAGs
[2026-01-06T14:32:27.742+1100] {logging_mixin.py:188} INFO - [2026-01-06T14:32:27.742+1100] {dag.py:3947} INFO - Setting next_dagrun for example_sensor_decorator to None, run_after=None
[2026-01-06T14:32:27.750+1100] {processor.py:183} INFO - Processing /Users/fionatham/Documents/Projects/vogue_data_pipeline/venv/lib/python3.11/site-packages/airflow/example_dags/example_sensor_decorator.py took 0.085 seconds
[2026-01-06T14:34:22.925+1100] {processor.py:161} INFO - Started process (PID=92326) to work on /Users/fionatham/Documents/Projects/vogue_data_pipeline/venv/lib/python3.11/site-packages/airflow/example_dags/example_sensor_decorator.py
[2026-01-06T14:34:22.926+1100] {processor.py:830} INFO - Processing file /Users/fionatham/Documents/Projects/vogue_data_pipeline/venv/lib/python3.11/site-packages/airflow/example_dags/example_sensor_decorator.py for tasks to queue
[2026-01-06T14:34:22.926+1100] {logging_mixin.py:188} INFO - [2026-01-06T14:34:22.926+1100] {dagbag.py:545} INFO - Filling up the DagBag from /Users/fionatham/Documents/Projects/vogue_data_pipeline/venv/lib/python3.11/site-packages/airflow/example_dags/example_sensor_decorator.py
[2026-01-06T14:34:22.943+1100] {processor.py:840} INFO - DAG(s) 'example_sensor_decorator' retrieved from /Users/fionatham/Documents/Projects/vogue_data_pipeline/venv/lib/python3.11/site-packages/airflow/example_dags/example_sensor_decorator.py
[2026-01-06T14:34:23.025+1100] {logging_mixin.py:188} INFO - [2026-01-06T14:34:23.025+1100] {dag.py:3089} INFO - Sync 1 DAGs
[2026-01-06T14:34:23.035+1100] {logging_mixin.py:188} INFO - [2026-01-06T14:34:23.035+1100] {dag.py:3947} INFO - Setting next_dagrun for example_sensor_decorator to None, run_after=None
[2026-01-06T14:34:23.045+1100] {processor.py:183} INFO - Processing /Users/fionatham/Documents/Projects/vogue_data_pipeline/venv/lib/python3.11/site-packages/airflow/example_dags/example_sensor_decorator.py took 0.121 seconds
[2026-01-06T14:36:22.311+1100] {processor.py:161} INFO - Started process (PID=92585) to work on /Users/fionatham/Documents/Projects/vogue_data_pipeline/venv/lib/python3.11/site-packages/airflow/example_dags/example_sensor_decorator.py
[2026-01-06T14:36:22.312+1100] {processor.py:830} INFO - Processing file /Users/fionatham/Documents/Projects/vogue_data_pipeline/venv/lib/python3.11/site-packages/airflow/example_dags/example_sensor_decorator.py for tasks to queue
[2026-01-06T14:36:22.312+1100] {logging_mixin.py:188} INFO - [2026-01-06T14:36:22.312+1100] {dagbag.py:545} INFO - Filling up the DagBag from /Users/fionatham/Documents/Projects/vogue_data_pipeline/venv/lib/python3.11/site-packages/airflow/example_dags/example_sensor_decorator.py
[2026-01-06T14:36:22.329+1100] {processor.py:840} INFO - DAG(s) 'example_sensor_decorator' retrieved from /Users/fionatham/Documents/Projects/vogue_data_pipeline/venv/lib/python3.11/site-packages/airflow/example_dags/example_sensor_decorator.py
[2026-01-06T14:36:22.383+1100] {logging_mixin.py:188} INFO - [2026-01-06T14:36:22.383+1100] {dag.py:3089} INFO - Sync 1 DAGs
[2026-01-06T14:36:22.386+1100] {logging_mixin.py:188} INFO - [2026-01-06T14:36:22.386+1100] {dag.py:3947} INFO - Setting next_dagrun for example_sensor_decorator to None, run_after=None
[2026-01-06T14:36:22.394+1100] {processor.py:183} INFO - Processing /Users/fionatham/Documents/Projects/vogue_data_pipeline/venv/lib/python3.11/site-packages/airflow/example_dags/example_sensor_decorator.py took 0.085 seconds
[2026-01-06T14:38:25.689+1100] {processor.py:161} INFO - Started process (PID=92839) to work on /Users/fionatham/Documents/Projects/vogue_data_pipeline/venv/lib/python3.11/site-packages/airflow/example_dags/example_sensor_decorator.py
[2026-01-06T14:38:25.689+1100] {processor.py:830} INFO - Processing file /Users/fionatham/Documents/Projects/vogue_data_pipeline/venv/lib/python3.11/site-packages/airflow/example_dags/example_sensor_decorator.py for tasks to queue
[2026-01-06T14:38:25.690+1100] {logging_mixin.py:188} INFO - [2026-01-06T14:38:25.690+1100] {dagbag.py:545} INFO - Filling up the DagBag from /Users/fionatham/Documents/Projects/vogue_data_pipeline/venv/lib/python3.11/site-packages/airflow/example_dags/example_sensor_decorator.py
[2026-01-06T14:38:25.707+1100] {processor.py:840} INFO - DAG(s) 'example_sensor_decorator' retrieved from /Users/fionatham/Documents/Projects/vogue_data_pipeline/venv/lib/python3.11/site-packages/airflow/example_dags/example_sensor_decorator.py
[2026-01-06T14:38:25.756+1100] {logging_mixin.py:188} INFO - [2026-01-06T14:38:25.756+1100] {dag.py:3089} INFO - Sync 1 DAGs
[2026-01-06T14:38:25.760+1100] {logging_mixin.py:188} INFO - [2026-01-06T14:38:25.760+1100] {dag.py:3947} INFO - Setting next_dagrun for example_sensor_decorator to None, run_after=None
[2026-01-06T14:38:25.769+1100] {processor.py:183} INFO - Processing /Users/fionatham/Documents/Projects/vogue_data_pipeline/venv/lib/python3.11/site-packages/airflow/example_dags/example_sensor_decorator.py took 0.082 seconds
[2026-01-06T14:40:20.631+1100] {processor.py:161} INFO - Started process (PID=92929) to work on /Users/fionatham/Documents/Projects/vogue_data_pipeline/venv/lib/python3.11/site-packages/airflow/example_dags/example_sensor_decorator.py
[2026-01-06T14:40:20.633+1100] {processor.py:830} INFO - Processing file /Users/fionatham/Documents/Projects/vogue_data_pipeline/venv/lib/python3.11/site-packages/airflow/example_dags/example_sensor_decorator.py for tasks to queue
[2026-01-06T14:40:20.633+1100] {logging_mixin.py:188} INFO - [2026-01-06T14:40:20.633+1100] {dagbag.py:545} INFO - Filling up the DagBag from /Users/fionatham/Documents/Projects/vogue_data_pipeline/venv/lib/python3.11/site-packages/airflow/example_dags/example_sensor_decorator.py
[2026-01-06T14:40:20.649+1100] {processor.py:840} INFO - DAG(s) 'example_sensor_decorator' retrieved from /Users/fionatham/Documents/Projects/vogue_data_pipeline/venv/lib/python3.11/site-packages/airflow/example_dags/example_sensor_decorator.py
[2026-01-06T14:40:20.695+1100] {logging_mixin.py:188} INFO - [2026-01-06T14:40:20.695+1100] {dag.py:3089} INFO - Sync 1 DAGs
[2026-01-06T14:40:20.699+1100] {logging_mixin.py:188} INFO - [2026-01-06T14:40:20.699+1100] {dag.py:3947} INFO - Setting next_dagrun for example_sensor_decorator to None, run_after=None
[2026-01-06T14:40:20.706+1100] {processor.py:183} INFO - Processing /Users/fionatham/Documents/Projects/vogue_data_pipeline/venv/lib/python3.11/site-packages/airflow/example_dags/example_sensor_decorator.py took 0.076 seconds
[2026-01-06T14:42:13.645+1100] {processor.py:161} INFO - Started process (PID=93009) to work on /Users/fionatham/Documents/Projects/vogue_data_pipeline/venv/lib/python3.11/site-packages/airflow/example_dags/example_sensor_decorator.py
[2026-01-06T14:42:13.646+1100] {processor.py:830} INFO - Processing file /Users/fionatham/Documents/Projects/vogue_data_pipeline/venv/lib/python3.11/site-packages/airflow/example_dags/example_sensor_decorator.py for tasks to queue
[2026-01-06T14:42:13.646+1100] {logging_mixin.py:188} INFO - [2026-01-06T14:42:13.646+1100] {dagbag.py:545} INFO - Filling up the DagBag from /Users/fionatham/Documents/Projects/vogue_data_pipeline/venv/lib/python3.11/site-packages/airflow/example_dags/example_sensor_decorator.py
[2026-01-06T14:42:13.662+1100] {processor.py:840} INFO - DAG(s) 'example_sensor_decorator' retrieved from /Users/fionatham/Documents/Projects/vogue_data_pipeline/venv/lib/python3.11/site-packages/airflow/example_dags/example_sensor_decorator.py
[2026-01-06T14:42:13.708+1100] {logging_mixin.py:188} INFO - [2026-01-06T14:42:13.707+1100] {dag.py:3089} INFO - Sync 1 DAGs
[2026-01-06T14:42:13.711+1100] {logging_mixin.py:188} INFO - [2026-01-06T14:42:13.711+1100] {dag.py:3947} INFO - Setting next_dagrun for example_sensor_decorator to None, run_after=None
[2026-01-06T14:42:13.718+1100] {processor.py:183} INFO - Processing /Users/fionatham/Documents/Projects/vogue_data_pipeline/venv/lib/python3.11/site-packages/airflow/example_dags/example_sensor_decorator.py took 0.074 seconds
[2026-01-06T14:44:09.772+1100] {processor.py:161} INFO - Started process (PID=93087) to work on /Users/fionatham/Documents/Projects/vogue_data_pipeline/venv/lib/python3.11/site-packages/airflow/example_dags/example_sensor_decorator.py
[2026-01-06T14:44:09.773+1100] {processor.py:830} INFO - Processing file /Users/fionatham/Documents/Projects/vogue_data_pipeline/venv/lib/python3.11/site-packages/airflow/example_dags/example_sensor_decorator.py for tasks to queue
[2026-01-06T14:44:09.773+1100] {logging_mixin.py:188} INFO - [2026-01-06T14:44:09.773+1100] {dagbag.py:545} INFO - Filling up the DagBag from /Users/fionatham/Documents/Projects/vogue_data_pipeline/venv/lib/python3.11/site-packages/airflow/example_dags/example_sensor_decorator.py
[2026-01-06T14:44:09.790+1100] {processor.py:840} INFO - DAG(s) 'example_sensor_decorator' retrieved from /Users/fionatham/Documents/Projects/vogue_data_pipeline/venv/lib/python3.11/site-packages/airflow/example_dags/example_sensor_decorator.py
[2026-01-06T14:44:09.836+1100] {logging_mixin.py:188} INFO - [2026-01-06T14:44:09.836+1100] {dag.py:3089} INFO - Sync 1 DAGs
[2026-01-06T14:44:09.839+1100] {logging_mixin.py:188} INFO - [2026-01-06T14:44:09.839+1100] {dag.py:3947} INFO - Setting next_dagrun for example_sensor_decorator to None, run_after=None
[2026-01-06T14:44:09.846+1100] {processor.py:183} INFO - Processing /Users/fionatham/Documents/Projects/vogue_data_pipeline/venv/lib/python3.11/site-packages/airflow/example_dags/example_sensor_decorator.py took 0.075 seconds
[2026-01-06T14:46:06.030+1100] {processor.py:161} INFO - Started process (PID=93168) to work on /Users/fionatham/Documents/Projects/vogue_data_pipeline/venv/lib/python3.11/site-packages/airflow/example_dags/example_sensor_decorator.py
[2026-01-06T14:46:06.031+1100] {processor.py:830} INFO - Processing file /Users/fionatham/Documents/Projects/vogue_data_pipeline/venv/lib/python3.11/site-packages/airflow/example_dags/example_sensor_decorator.py for tasks to queue
[2026-01-06T14:46:06.032+1100] {logging_mixin.py:188} INFO - [2026-01-06T14:46:06.031+1100] {dagbag.py:545} INFO - Filling up the DagBag from /Users/fionatham/Documents/Projects/vogue_data_pipeline/venv/lib/python3.11/site-packages/airflow/example_dags/example_sensor_decorator.py
[2026-01-06T14:46:06.047+1100] {processor.py:840} INFO - DAG(s) 'example_sensor_decorator' retrieved from /Users/fionatham/Documents/Projects/vogue_data_pipeline/venv/lib/python3.11/site-packages/airflow/example_dags/example_sensor_decorator.py
[2026-01-06T14:46:06.093+1100] {logging_mixin.py:188} INFO - [2026-01-06T14:46:06.092+1100] {dag.py:3089} INFO - Sync 1 DAGs
[2026-01-06T14:46:06.097+1100] {logging_mixin.py:188} INFO - [2026-01-06T14:46:06.097+1100] {dag.py:3947} INFO - Setting next_dagrun for example_sensor_decorator to None, run_after=None
[2026-01-06T14:46:06.105+1100] {processor.py:183} INFO - Processing /Users/fionatham/Documents/Projects/vogue_data_pipeline/venv/lib/python3.11/site-packages/airflow/example_dags/example_sensor_decorator.py took 0.076 seconds
[2026-01-06T14:48:02.748+1100] {processor.py:161} INFO - Started process (PID=93250) to work on /Users/fionatham/Documents/Projects/vogue_data_pipeline/venv/lib/python3.11/site-packages/airflow/example_dags/example_sensor_decorator.py
[2026-01-06T14:48:02.750+1100] {processor.py:830} INFO - Processing file /Users/fionatham/Documents/Projects/vogue_data_pipeline/venv/lib/python3.11/site-packages/airflow/example_dags/example_sensor_decorator.py for tasks to queue
[2026-01-06T14:48:02.750+1100] {logging_mixin.py:188} INFO - [2026-01-06T14:48:02.750+1100] {dagbag.py:545} INFO - Filling up the DagBag from /Users/fionatham/Documents/Projects/vogue_data_pipeline/venv/lib/python3.11/site-packages/airflow/example_dags/example_sensor_decorator.py
[2026-01-06T14:48:02.766+1100] {processor.py:840} INFO - DAG(s) 'example_sensor_decorator' retrieved from /Users/fionatham/Documents/Projects/vogue_data_pipeline/venv/lib/python3.11/site-packages/airflow/example_dags/example_sensor_decorator.py
[2026-01-06T14:48:02.811+1100] {logging_mixin.py:188} INFO - [2026-01-06T14:48:02.811+1100] {dag.py:3089} INFO - Sync 1 DAGs
[2026-01-06T14:48:02.814+1100] {logging_mixin.py:188} INFO - [2026-01-06T14:48:02.814+1100] {dag.py:3947} INFO - Setting next_dagrun for example_sensor_decorator to None, run_after=None
[2026-01-06T14:48:02.822+1100] {processor.py:183} INFO - Processing /Users/fionatham/Documents/Projects/vogue_data_pipeline/venv/lib/python3.11/site-packages/airflow/example_dags/example_sensor_decorator.py took 0.075 seconds
[2026-01-06T14:50:03.281+1100] {processor.py:161} INFO - Started process (PID=93355) to work on /Users/fionatham/Documents/Projects/vogue_data_pipeline/venv/lib/python3.11/site-packages/airflow/example_dags/example_sensor_decorator.py
[2026-01-06T14:50:03.282+1100] {processor.py:830} INFO - Processing file /Users/fionatham/Documents/Projects/vogue_data_pipeline/venv/lib/python3.11/site-packages/airflow/example_dags/example_sensor_decorator.py for tasks to queue
[2026-01-06T14:50:03.282+1100] {logging_mixin.py:188} INFO - [2026-01-06T14:50:03.282+1100] {dagbag.py:545} INFO - Filling up the DagBag from /Users/fionatham/Documents/Projects/vogue_data_pipeline/venv/lib/python3.11/site-packages/airflow/example_dags/example_sensor_decorator.py
[2026-01-06T14:50:03.298+1100] {processor.py:840} INFO - DAG(s) 'example_sensor_decorator' retrieved from /Users/fionatham/Documents/Projects/vogue_data_pipeline/venv/lib/python3.11/site-packages/airflow/example_dags/example_sensor_decorator.py
[2026-01-06T14:50:03.342+1100] {logging_mixin.py:188} INFO - [2026-01-06T14:50:03.342+1100] {dag.py:3089} INFO - Sync 1 DAGs
[2026-01-06T14:50:03.346+1100] {logging_mixin.py:188} INFO - [2026-01-06T14:50:03.346+1100] {dag.py:3947} INFO - Setting next_dagrun for example_sensor_decorator to None, run_after=None
[2026-01-06T14:50:03.353+1100] {processor.py:183} INFO - Processing /Users/fionatham/Documents/Projects/vogue_data_pipeline/venv/lib/python3.11/site-packages/airflow/example_dags/example_sensor_decorator.py took 0.073 seconds
[2026-01-06T14:51:54.033+1100] {processor.py:161} INFO - Started process (PID=93453) to work on /Users/fionatham/Documents/Projects/vogue_data_pipeline/venv/lib/python3.11/site-packages/airflow/example_dags/example_sensor_decorator.py
[2026-01-06T14:51:54.034+1100] {processor.py:830} INFO - Processing file /Users/fionatham/Documents/Projects/vogue_data_pipeline/venv/lib/python3.11/site-packages/airflow/example_dags/example_sensor_decorator.py for tasks to queue
[2026-01-06T14:51:54.035+1100] {logging_mixin.py:188} INFO - [2026-01-06T14:51:54.035+1100] {dagbag.py:545} INFO - Filling up the DagBag from /Users/fionatham/Documents/Projects/vogue_data_pipeline/venv/lib/python3.11/site-packages/airflow/example_dags/example_sensor_decorator.py
[2026-01-06T14:51:54.052+1100] {processor.py:840} INFO - DAG(s) 'example_sensor_decorator' retrieved from /Users/fionatham/Documents/Projects/vogue_data_pipeline/venv/lib/python3.11/site-packages/airflow/example_dags/example_sensor_decorator.py
[2026-01-06T14:51:54.102+1100] {logging_mixin.py:188} INFO - [2026-01-06T14:51:54.102+1100] {dag.py:3089} INFO - Sync 1 DAGs
[2026-01-06T14:51:54.106+1100] {logging_mixin.py:188} INFO - [2026-01-06T14:51:54.106+1100] {dag.py:3947} INFO - Setting next_dagrun for example_sensor_decorator to None, run_after=None
[2026-01-06T14:51:54.118+1100] {processor.py:183} INFO - Processing /Users/fionatham/Documents/Projects/vogue_data_pipeline/venv/lib/python3.11/site-packages/airflow/example_dags/example_sensor_decorator.py took 0.086 seconds
[2026-01-06T14:53:49.865+1100] {processor.py:161} INFO - Started process (PID=93603) to work on /Users/fionatham/Documents/Projects/vogue_data_pipeline/venv/lib/python3.11/site-packages/airflow/example_dags/example_sensor_decorator.py
[2026-01-06T14:53:49.867+1100] {processor.py:830} INFO - Processing file /Users/fionatham/Documents/Projects/vogue_data_pipeline/venv/lib/python3.11/site-packages/airflow/example_dags/example_sensor_decorator.py for tasks to queue
[2026-01-06T14:53:49.867+1100] {logging_mixin.py:188} INFO - [2026-01-06T14:53:49.867+1100] {dagbag.py:545} INFO - Filling up the DagBag from /Users/fionatham/Documents/Projects/vogue_data_pipeline/venv/lib/python3.11/site-packages/airflow/example_dags/example_sensor_decorator.py
[2026-01-06T14:53:49.884+1100] {processor.py:840} INFO - DAG(s) 'example_sensor_decorator' retrieved from /Users/fionatham/Documents/Projects/vogue_data_pipeline/venv/lib/python3.11/site-packages/airflow/example_dags/example_sensor_decorator.py
[2026-01-06T14:53:49.932+1100] {logging_mixin.py:188} INFO - [2026-01-06T14:53:49.932+1100] {dag.py:3089} INFO - Sync 1 DAGs
[2026-01-06T14:53:49.936+1100] {logging_mixin.py:188} INFO - [2026-01-06T14:53:49.936+1100] {dag.py:3947} INFO - Setting next_dagrun for example_sensor_decorator to None, run_after=None
[2026-01-06T14:53:49.944+1100] {processor.py:183} INFO - Processing /Users/fionatham/Documents/Projects/vogue_data_pipeline/venv/lib/python3.11/site-packages/airflow/example_dags/example_sensor_decorator.py took 0.080 seconds
[2026-01-06T14:55:47.566+1100] {processor.py:161} INFO - Started process (PID=93760) to work on /Users/fionatham/Documents/Projects/vogue_data_pipeline/venv/lib/python3.11/site-packages/airflow/example_dags/example_sensor_decorator.py
[2026-01-06T14:55:47.568+1100] {processor.py:830} INFO - Processing file /Users/fionatham/Documents/Projects/vogue_data_pipeline/venv/lib/python3.11/site-packages/airflow/example_dags/example_sensor_decorator.py for tasks to queue
[2026-01-06T14:55:47.568+1100] {logging_mixin.py:188} INFO - [2026-01-06T14:55:47.568+1100] {dagbag.py:545} INFO - Filling up the DagBag from /Users/fionatham/Documents/Projects/vogue_data_pipeline/venv/lib/python3.11/site-packages/airflow/example_dags/example_sensor_decorator.py
[2026-01-06T14:55:47.584+1100] {processor.py:840} INFO - DAG(s) 'example_sensor_decorator' retrieved from /Users/fionatham/Documents/Projects/vogue_data_pipeline/venv/lib/python3.11/site-packages/airflow/example_dags/example_sensor_decorator.py
[2026-01-06T14:55:47.630+1100] {logging_mixin.py:188} INFO - [2026-01-06T14:55:47.630+1100] {dag.py:3089} INFO - Sync 1 DAGs
[2026-01-06T14:55:47.634+1100] {logging_mixin.py:188} INFO - [2026-01-06T14:55:47.634+1100] {dag.py:3947} INFO - Setting next_dagrun for example_sensor_decorator to None, run_after=None
[2026-01-06T14:55:47.641+1100] {processor.py:183} INFO - Processing /Users/fionatham/Documents/Projects/vogue_data_pipeline/venv/lib/python3.11/site-packages/airflow/example_dags/example_sensor_decorator.py took 0.076 seconds
[2026-01-06T14:57:46.200+1100] {processor.py:161} INFO - Started process (PID=93869) to work on /Users/fionatham/Documents/Projects/vogue_data_pipeline/venv/lib/python3.11/site-packages/airflow/example_dags/example_sensor_decorator.py
[2026-01-06T14:57:46.202+1100] {processor.py:830} INFO - Processing file /Users/fionatham/Documents/Projects/vogue_data_pipeline/venv/lib/python3.11/site-packages/airflow/example_dags/example_sensor_decorator.py for tasks to queue
[2026-01-06T14:57:46.202+1100] {logging_mixin.py:188} INFO - [2026-01-06T14:57:46.202+1100] {dagbag.py:545} INFO - Filling up the DagBag from /Users/fionatham/Documents/Projects/vogue_data_pipeline/venv/lib/python3.11/site-packages/airflow/example_dags/example_sensor_decorator.py
[2026-01-06T14:57:46.218+1100] {processor.py:840} INFO - DAG(s) 'example_sensor_decorator' retrieved from /Users/fionatham/Documents/Projects/vogue_data_pipeline/venv/lib/python3.11/site-packages/airflow/example_dags/example_sensor_decorator.py
[2026-01-06T14:57:46.266+1100] {logging_mixin.py:188} INFO - [2026-01-06T14:57:46.266+1100] {dag.py:3089} INFO - Sync 1 DAGs
[2026-01-06T14:57:46.270+1100] {logging_mixin.py:188} INFO - [2026-01-06T14:57:46.270+1100] {dag.py:3947} INFO - Setting next_dagrun for example_sensor_decorator to None, run_after=None
[2026-01-06T14:57:46.278+1100] {processor.py:183} INFO - Processing /Users/fionatham/Documents/Projects/vogue_data_pipeline/venv/lib/python3.11/site-packages/airflow/example_dags/example_sensor_decorator.py took 0.079 seconds
[2026-01-06T14:59:44.247+1100] {processor.py:161} INFO - Started process (PID=94048) to work on /Users/fionatham/Documents/Projects/vogue_data_pipeline/venv/lib/python3.11/site-packages/airflow/example_dags/example_sensor_decorator.py
[2026-01-06T14:59:44.248+1100] {processor.py:830} INFO - Processing file /Users/fionatham/Documents/Projects/vogue_data_pipeline/venv/lib/python3.11/site-packages/airflow/example_dags/example_sensor_decorator.py for tasks to queue
[2026-01-06T14:59:44.248+1100] {logging_mixin.py:188} INFO - [2026-01-06T14:59:44.248+1100] {dagbag.py:545} INFO - Filling up the DagBag from /Users/fionatham/Documents/Projects/vogue_data_pipeline/venv/lib/python3.11/site-packages/airflow/example_dags/example_sensor_decorator.py
[2026-01-06T14:59:44.264+1100] {processor.py:840} INFO - DAG(s) 'example_sensor_decorator' retrieved from /Users/fionatham/Documents/Projects/vogue_data_pipeline/venv/lib/python3.11/site-packages/airflow/example_dags/example_sensor_decorator.py
[2026-01-06T14:59:44.312+1100] {logging_mixin.py:188} INFO - [2026-01-06T14:59:44.312+1100] {dag.py:3089} INFO - Sync 1 DAGs
[2026-01-06T14:59:44.316+1100] {logging_mixin.py:188} INFO - [2026-01-06T14:59:44.316+1100] {dag.py:3947} INFO - Setting next_dagrun for example_sensor_decorator to None, run_after=None
[2026-01-06T14:59:44.324+1100] {processor.py:183} INFO - Processing /Users/fionatham/Documents/Projects/vogue_data_pipeline/venv/lib/python3.11/site-packages/airflow/example_dags/example_sensor_decorator.py took 0.079 seconds
[2026-01-06T15:01:43.395+1100] {processor.py:161} INFO - Started process (PID=94185) to work on /Users/fionatham/Documents/Projects/vogue_data_pipeline/venv/lib/python3.11/site-packages/airflow/example_dags/example_sensor_decorator.py
[2026-01-06T15:01:43.396+1100] {processor.py:830} INFO - Processing file /Users/fionatham/Documents/Projects/vogue_data_pipeline/venv/lib/python3.11/site-packages/airflow/example_dags/example_sensor_decorator.py for tasks to queue
[2026-01-06T15:01:43.396+1100] {logging_mixin.py:188} INFO - [2026-01-06T15:01:43.396+1100] {dagbag.py:545} INFO - Filling up the DagBag from /Users/fionatham/Documents/Projects/vogue_data_pipeline/venv/lib/python3.11/site-packages/airflow/example_dags/example_sensor_decorator.py
[2026-01-06T15:01:43.415+1100] {processor.py:840} INFO - DAG(s) 'example_sensor_decorator' retrieved from /Users/fionatham/Documents/Projects/vogue_data_pipeline/venv/lib/python3.11/site-packages/airflow/example_dags/example_sensor_decorator.py
[2026-01-06T15:01:43.464+1100] {logging_mixin.py:188} INFO - [2026-01-06T15:01:43.464+1100] {dag.py:3089} INFO - Sync 1 DAGs
[2026-01-06T15:01:43.468+1100] {logging_mixin.py:188} INFO - [2026-01-06T15:01:43.468+1100] {dag.py:3947} INFO - Setting next_dagrun for example_sensor_decorator to None, run_after=None
[2026-01-06T15:01:43.476+1100] {processor.py:183} INFO - Processing /Users/fionatham/Documents/Projects/vogue_data_pipeline/venv/lib/python3.11/site-packages/airflow/example_dags/example_sensor_decorator.py took 0.082 seconds
[2026-01-06T15:03:44.559+1100] {processor.py:161} INFO - Started process (PID=94525) to work on /Users/fionatham/Documents/Projects/vogue_data_pipeline/venv/lib/python3.11/site-packages/airflow/example_dags/example_sensor_decorator.py
[2026-01-06T15:03:44.559+1100] {processor.py:830} INFO - Processing file /Users/fionatham/Documents/Projects/vogue_data_pipeline/venv/lib/python3.11/site-packages/airflow/example_dags/example_sensor_decorator.py for tasks to queue
[2026-01-06T15:03:44.560+1100] {logging_mixin.py:188} INFO - [2026-01-06T15:03:44.559+1100] {dagbag.py:545} INFO - Filling up the DagBag from /Users/fionatham/Documents/Projects/vogue_data_pipeline/venv/lib/python3.11/site-packages/airflow/example_dags/example_sensor_decorator.py
[2026-01-06T15:03:44.577+1100] {processor.py:840} INFO - DAG(s) 'example_sensor_decorator' retrieved from /Users/fionatham/Documents/Projects/vogue_data_pipeline/venv/lib/python3.11/site-packages/airflow/example_dags/example_sensor_decorator.py
[2026-01-06T15:03:44.625+1100] {logging_mixin.py:188} INFO - [2026-01-06T15:03:44.625+1100] {dag.py:3089} INFO - Sync 1 DAGs
[2026-01-06T15:03:44.629+1100] {logging_mixin.py:188} INFO - [2026-01-06T15:03:44.629+1100] {dag.py:3947} INFO - Setting next_dagrun for example_sensor_decorator to None, run_after=None
[2026-01-06T15:03:44.638+1100] {processor.py:183} INFO - Processing /Users/fionatham/Documents/Projects/vogue_data_pipeline/venv/lib/python3.11/site-packages/airflow/example_dags/example_sensor_decorator.py took 0.081 seconds
[2026-01-06T15:05:42.937+1100] {processor.py:161} INFO - Started process (PID=94623) to work on /Users/fionatham/Documents/Projects/vogue_data_pipeline/venv/lib/python3.11/site-packages/airflow/example_dags/example_sensor_decorator.py
[2026-01-06T15:05:42.937+1100] {processor.py:830} INFO - Processing file /Users/fionatham/Documents/Projects/vogue_data_pipeline/venv/lib/python3.11/site-packages/airflow/example_dags/example_sensor_decorator.py for tasks to queue
[2026-01-06T15:05:42.938+1100] {logging_mixin.py:188} INFO - [2026-01-06T15:05:42.938+1100] {dagbag.py:545} INFO - Filling up the DagBag from /Users/fionatham/Documents/Projects/vogue_data_pipeline/venv/lib/python3.11/site-packages/airflow/example_dags/example_sensor_decorator.py
[2026-01-06T15:05:42.955+1100] {processor.py:840} INFO - DAG(s) 'example_sensor_decorator' retrieved from /Users/fionatham/Documents/Projects/vogue_data_pipeline/venv/lib/python3.11/site-packages/airflow/example_dags/example_sensor_decorator.py
[2026-01-06T15:05:43.002+1100] {logging_mixin.py:188} INFO - [2026-01-06T15:05:43.002+1100] {dag.py:3089} INFO - Sync 1 DAGs
[2026-01-06T15:05:43.006+1100] {logging_mixin.py:188} INFO - [2026-01-06T15:05:43.006+1100] {dag.py:3947} INFO - Setting next_dagrun for example_sensor_decorator to None, run_after=None
[2026-01-06T15:05:43.014+1100] {processor.py:183} INFO - Processing /Users/fionatham/Documents/Projects/vogue_data_pipeline/venv/lib/python3.11/site-packages/airflow/example_dags/example_sensor_decorator.py took 0.079 seconds
[2026-01-06T15:12:44.151+1100] {processor.py:161} INFO - Started process (PID=95266) to work on /Users/fionatham/Documents/Projects/vogue_data_pipeline/venv/lib/python3.11/site-packages/airflow/example_dags/example_sensor_decorator.py
[2026-01-06T15:12:44.152+1100] {processor.py:830} INFO - Processing file /Users/fionatham/Documents/Projects/vogue_data_pipeline/venv/lib/python3.11/site-packages/airflow/example_dags/example_sensor_decorator.py for tasks to queue
[2026-01-06T15:12:44.153+1100] {logging_mixin.py:188} INFO - [2026-01-06T15:12:44.153+1100] {dagbag.py:545} INFO - Filling up the DagBag from /Users/fionatham/Documents/Projects/vogue_data_pipeline/venv/lib/python3.11/site-packages/airflow/example_dags/example_sensor_decorator.py
[2026-01-06T15:12:44.168+1100] {processor.py:840} INFO - DAG(s) 'example_sensor_decorator' retrieved from /Users/fionatham/Documents/Projects/vogue_data_pipeline/venv/lib/python3.11/site-packages/airflow/example_dags/example_sensor_decorator.py
[2026-01-06T15:12:44.213+1100] {logging_mixin.py:188} INFO - [2026-01-06T15:12:44.213+1100] {dag.py:3089} INFO - Sync 1 DAGs
[2026-01-06T15:12:44.216+1100] {logging_mixin.py:188} INFO - [2026-01-06T15:12:44.216+1100] {dag.py:3947} INFO - Setting next_dagrun for example_sensor_decorator to None, run_after=None
[2026-01-06T15:12:44.224+1100] {processor.py:183} INFO - Processing /Users/fionatham/Documents/Projects/vogue_data_pipeline/venv/lib/python3.11/site-packages/airflow/example_dags/example_sensor_decorator.py took 0.074 seconds
[2026-01-06T15:14:17.622+1100] {processor.py:161} INFO - Started process (PID=95379) to work on /Users/fionatham/Documents/Projects/vogue_data_pipeline/venv/lib/python3.11/site-packages/airflow/example_dags/example_sensor_decorator.py
[2026-01-06T15:14:17.623+1100] {processor.py:830} INFO - Processing file /Users/fionatham/Documents/Projects/vogue_data_pipeline/venv/lib/python3.11/site-packages/airflow/example_dags/example_sensor_decorator.py for tasks to queue
[2026-01-06T15:14:17.624+1100] {logging_mixin.py:188} INFO - [2026-01-06T15:14:17.624+1100] {dagbag.py:545} INFO - Filling up the DagBag from /Users/fionatham/Documents/Projects/vogue_data_pipeline/venv/lib/python3.11/site-packages/airflow/example_dags/example_sensor_decorator.py
[2026-01-06T15:14:17.641+1100] {processor.py:840} INFO - DAG(s) 'example_sensor_decorator' retrieved from /Users/fionatham/Documents/Projects/vogue_data_pipeline/venv/lib/python3.11/site-packages/airflow/example_dags/example_sensor_decorator.py
[2026-01-06T15:14:17.692+1100] {logging_mixin.py:188} INFO - [2026-01-06T15:14:17.692+1100] {dag.py:3089} INFO - Sync 1 DAGs
[2026-01-06T15:14:17.695+1100] {logging_mixin.py:188} INFO - [2026-01-06T15:14:17.695+1100] {dag.py:3947} INFO - Setting next_dagrun for example_sensor_decorator to None, run_after=None
[2026-01-06T15:14:17.703+1100] {processor.py:183} INFO - Processing /Users/fionatham/Documents/Projects/vogue_data_pipeline/venv/lib/python3.11/site-packages/airflow/example_dags/example_sensor_decorator.py took 0.082 seconds
[2026-01-06T18:03:45.069+1100] {processor.py:161} INFO - Started process (PID=95584) to work on /Users/fionatham/Documents/Projects/vogue_data_pipeline/venv/lib/python3.11/site-packages/airflow/example_dags/example_sensor_decorator.py
[2026-01-06T18:03:45.070+1100] {processor.py:830} INFO - Processing file /Users/fionatham/Documents/Projects/vogue_data_pipeline/venv/lib/python3.11/site-packages/airflow/example_dags/example_sensor_decorator.py for tasks to queue
[2026-01-06T18:03:45.070+1100] {logging_mixin.py:188} INFO - [2026-01-06T18:03:45.070+1100] {dagbag.py:545} INFO - Filling up the DagBag from /Users/fionatham/Documents/Projects/vogue_data_pipeline/venv/lib/python3.11/site-packages/airflow/example_dags/example_sensor_decorator.py
[2026-01-06T18:03:45.088+1100] {processor.py:840} INFO - DAG(s) 'example_sensor_decorator' retrieved from /Users/fionatham/Documents/Projects/vogue_data_pipeline/venv/lib/python3.11/site-packages/airflow/example_dags/example_sensor_decorator.py
[2026-01-06T18:03:45.137+1100] {logging_mixin.py:188} INFO - [2026-01-06T18:03:45.137+1100] {dag.py:3089} INFO - Sync 1 DAGs
[2026-01-06T18:03:45.140+1100] {logging_mixin.py:188} INFO - [2026-01-06T18:03:45.140+1100] {dag.py:3947} INFO - Setting next_dagrun for example_sensor_decorator to None, run_after=None
[2026-01-06T18:03:45.148+1100] {processor.py:183} INFO - Processing /Users/fionatham/Documents/Projects/vogue_data_pipeline/venv/lib/python3.11/site-packages/airflow/example_dags/example_sensor_decorator.py took 0.081 seconds
[2026-01-06T20:51:33.898+1100] {processor.py:161} INFO - Started process (PID=95721) to work on /Users/fionatham/Documents/Projects/vogue_data_pipeline/venv/lib/python3.11/site-packages/airflow/example_dags/example_sensor_decorator.py
[2026-01-06T20:51:33.899+1100] {processor.py:830} INFO - Processing file /Users/fionatham/Documents/Projects/vogue_data_pipeline/venv/lib/python3.11/site-packages/airflow/example_dags/example_sensor_decorator.py for tasks to queue
[2026-01-06T20:51:33.899+1100] {logging_mixin.py:188} INFO - [2026-01-06T20:51:33.899+1100] {dagbag.py:545} INFO - Filling up the DagBag from /Users/fionatham/Documents/Projects/vogue_data_pipeline/venv/lib/python3.11/site-packages/airflow/example_dags/example_sensor_decorator.py
[2026-01-06T20:51:33.927+1100] {processor.py:840} INFO - DAG(s) 'example_sensor_decorator' retrieved from /Users/fionatham/Documents/Projects/vogue_data_pipeline/venv/lib/python3.11/site-packages/airflow/example_dags/example_sensor_decorator.py
[2026-01-06T20:51:34.029+1100] {logging_mixin.py:188} INFO - [2026-01-06T20:51:34.029+1100] {dag.py:3089} INFO - Sync 1 DAGs
[2026-01-06T20:51:34.037+1100] {logging_mixin.py:188} INFO - [2026-01-06T20:51:34.037+1100] {dag.py:3947} INFO - Setting next_dagrun for example_sensor_decorator to None, run_after=None
[2026-01-06T20:51:34.052+1100] {processor.py:183} INFO - Processing /Users/fionatham/Documents/Projects/vogue_data_pipeline/venv/lib/python3.11/site-packages/airflow/example_dags/example_sensor_decorator.py took 0.157 seconds
[2026-01-06T21:36:28.150+1100] {processor.py:161} INFO - Started process (PID=95860) to work on /Users/fionatham/Documents/Projects/vogue_data_pipeline/venv/lib/python3.11/site-packages/airflow/example_dags/example_sensor_decorator.py
[2026-01-06T21:36:28.151+1100] {processor.py:830} INFO - Processing file /Users/fionatham/Documents/Projects/vogue_data_pipeline/venv/lib/python3.11/site-packages/airflow/example_dags/example_sensor_decorator.py for tasks to queue
[2026-01-06T21:36:28.151+1100] {logging_mixin.py:188} INFO - [2026-01-06T21:36:28.151+1100] {dagbag.py:545} INFO - Filling up the DagBag from /Users/fionatham/Documents/Projects/vogue_data_pipeline/venv/lib/python3.11/site-packages/airflow/example_dags/example_sensor_decorator.py
[2026-01-06T21:36:28.167+1100] {processor.py:840} INFO - DAG(s) 'example_sensor_decorator' retrieved from /Users/fionatham/Documents/Projects/vogue_data_pipeline/venv/lib/python3.11/site-packages/airflow/example_dags/example_sensor_decorator.py
[2026-01-06T21:36:28.214+1100] {logging_mixin.py:188} INFO - [2026-01-06T21:36:28.214+1100] {dag.py:3089} INFO - Sync 1 DAGs
[2026-01-06T21:36:28.217+1100] {logging_mixin.py:188} INFO - [2026-01-06T21:36:28.217+1100] {dag.py:3947} INFO - Setting next_dagrun for example_sensor_decorator to None, run_after=None
[2026-01-06T21:36:28.225+1100] {processor.py:183} INFO - Processing /Users/fionatham/Documents/Projects/vogue_data_pipeline/venv/lib/python3.11/site-packages/airflow/example_dags/example_sensor_decorator.py took 0.076 seconds
[2026-01-06T23:21:30.684+1100] {processor.py:161} INFO - Started process (PID=95982) to work on /Users/fionatham/Documents/Projects/vogue_data_pipeline/venv/lib/python3.11/site-packages/airflow/example_dags/example_sensor_decorator.py
[2026-01-06T23:21:30.685+1100] {processor.py:830} INFO - Processing file /Users/fionatham/Documents/Projects/vogue_data_pipeline/venv/lib/python3.11/site-packages/airflow/example_dags/example_sensor_decorator.py for tasks to queue
[2026-01-06T23:21:30.686+1100] {logging_mixin.py:188} INFO - [2026-01-06T23:21:30.686+1100] {dagbag.py:545} INFO - Filling up the DagBag from /Users/fionatham/Documents/Projects/vogue_data_pipeline/venv/lib/python3.11/site-packages/airflow/example_dags/example_sensor_decorator.py
[2026-01-06T23:21:30.706+1100] {processor.py:840} INFO - DAG(s) 'example_sensor_decorator' retrieved from /Users/fionatham/Documents/Projects/vogue_data_pipeline/venv/lib/python3.11/site-packages/airflow/example_dags/example_sensor_decorator.py
[2026-01-06T23:21:30.765+1100] {logging_mixin.py:188} INFO - [2026-01-06T23:21:30.765+1100] {dag.py:3089} INFO - Sync 1 DAGs
[2026-01-06T23:21:30.770+1100] {logging_mixin.py:188} INFO - [2026-01-06T23:21:30.770+1100] {dag.py:3947} INFO - Setting next_dagrun for example_sensor_decorator to None, run_after=None
[2026-01-06T23:21:30.778+1100] {processor.py:183} INFO - Processing /Users/fionatham/Documents/Projects/vogue_data_pipeline/venv/lib/python3.11/site-packages/airflow/example_dags/example_sensor_decorator.py took 0.096 seconds
