[2026-01-06T13:57:21.498+1100] {processor.py:161} INFO - Started process (PID=85407) to work on /Users/fionatham/Documents/Projects/vogue_data_pipeline/venv/lib/python3.11/site-packages/airflow/example_dags/example_python_decorator.py
[2026-01-06T13:57:21.498+1100] {processor.py:830} INFO - Processing file /Users/fionatham/Documents/Projects/vogue_data_pipeline/venv/lib/python3.11/site-packages/airflow/example_dags/example_python_decorator.py for tasks to queue
[2026-01-06T13:57:21.499+1100] {logging_mixin.py:188} INFO - [2026-01-06T13:57:21.498+1100] {dagbag.py:545} INFO - Filling up the DagBag from /Users/fionatham/Documents/Projects/vogue_data_pipeline/venv/lib/python3.11/site-packages/airflow/example_dags/example_python_decorator.py
[2026-01-06T13:57:21.514+1100] {logging_mixin.py:188} INFO - [2026-01-06T13:57:21.514+1100] {example_python_decorator.py:80} WARNING - The virtalenv_python example task requires virtualenv, please install it.
[2026-01-06T13:57:21.515+1100] {processor.py:840} INFO - DAG(s) 'example_python_decorator' retrieved from /Users/fionatham/Documents/Projects/vogue_data_pipeline/venv/lib/python3.11/site-packages/airflow/example_dags/example_python_decorator.py
[2026-01-06T13:57:21.626+1100] {logging_mixin.py:188} INFO - [2026-01-06T13:57:21.625+1100] {override.py:1858} INFO - Created Permission View: can delete on DAG:example_python_decorator
[2026-01-06T13:57:21.630+1100] {logging_mixin.py:188} INFO - [2026-01-06T13:57:21.629+1100] {override.py:1858} INFO - Created Permission View: can read on DAG:example_python_decorator
[2026-01-06T13:57:21.632+1100] {logging_mixin.py:188} INFO - [2026-01-06T13:57:21.632+1100] {override.py:1858} INFO - Created Permission View: can edit on DAG:example_python_decorator
[2026-01-06T13:57:21.632+1100] {logging_mixin.py:188} INFO - [2026-01-06T13:57:21.632+1100] {dag.py:3089} INFO - Sync 1 DAGs
[2026-01-06T13:57:21.637+1100] {logging_mixin.py:188} INFO - [2026-01-06T13:57:21.636+1100] {dag.py:3111} INFO - Creating ORM DAG for example_python_decorator
[2026-01-06T13:57:21.637+1100] {logging_mixin.py:188} INFO - [2026-01-06T13:57:21.637+1100] {dag.py:3947} INFO - Setting next_dagrun for example_python_decorator to None, run_after=None
[2026-01-06T13:57:21.644+1100] {processor.py:183} INFO - Processing /Users/fionatham/Documents/Projects/vogue_data_pipeline/venv/lib/python3.11/site-packages/airflow/example_dags/example_python_decorator.py took 0.148 seconds
[2026-01-06T13:58:51.660+1100] {processor.py:161} INFO - Started process (PID=86107) to work on /Users/fionatham/Documents/Projects/vogue_data_pipeline/venv/lib/python3.11/site-packages/airflow/example_dags/example_python_decorator.py
[2026-01-06T13:58:51.662+1100] {processor.py:830} INFO - Processing file /Users/fionatham/Documents/Projects/vogue_data_pipeline/venv/lib/python3.11/site-packages/airflow/example_dags/example_python_decorator.py for tasks to queue
[2026-01-06T13:58:51.662+1100] {logging_mixin.py:188} INFO - [2026-01-06T13:58:51.662+1100] {dagbag.py:545} INFO - Filling up the DagBag from /Users/fionatham/Documents/Projects/vogue_data_pipeline/venv/lib/python3.11/site-packages/airflow/example_dags/example_python_decorator.py
[2026-01-06T13:58:51.678+1100] {logging_mixin.py:188} INFO - [2026-01-06T13:58:51.678+1100] {example_python_decorator.py:80} WARNING - The virtalenv_python example task requires virtualenv, please install it.
[2026-01-06T13:58:51.679+1100] {processor.py:840} INFO - DAG(s) 'example_python_decorator' retrieved from /Users/fionatham/Documents/Projects/vogue_data_pipeline/venv/lib/python3.11/site-packages/airflow/example_dags/example_python_decorator.py
[2026-01-06T13:58:51.721+1100] {logging_mixin.py:188} INFO - [2026-01-06T13:58:51.721+1100] {dag.py:3089} INFO - Sync 1 DAGs
[2026-01-06T13:58:51.725+1100] {logging_mixin.py:188} INFO - [2026-01-06T13:58:51.724+1100] {dag.py:3947} INFO - Setting next_dagrun for example_python_decorator to None, run_after=None
[2026-01-06T13:58:51.732+1100] {processor.py:183} INFO - Processing /Users/fionatham/Documents/Projects/vogue_data_pipeline/venv/lib/python3.11/site-packages/airflow/example_dags/example_python_decorator.py took 0.073 seconds
[2026-01-06T14:00:51.867+1100] {processor.py:161} INFO - Started process (PID=86974) to work on /Users/fionatham/Documents/Projects/vogue_data_pipeline/venv/lib/python3.11/site-packages/airflow/example_dags/example_python_decorator.py
[2026-01-06T14:00:51.869+1100] {processor.py:830} INFO - Processing file /Users/fionatham/Documents/Projects/vogue_data_pipeline/venv/lib/python3.11/site-packages/airflow/example_dags/example_python_decorator.py for tasks to queue
[2026-01-06T14:00:51.869+1100] {logging_mixin.py:188} INFO - [2026-01-06T14:00:51.869+1100] {dagbag.py:545} INFO - Filling up the DagBag from /Users/fionatham/Documents/Projects/vogue_data_pipeline/venv/lib/python3.11/site-packages/airflow/example_dags/example_python_decorator.py
[2026-01-06T14:00:51.886+1100] {logging_mixin.py:188} INFO - [2026-01-06T14:00:51.886+1100] {example_python_decorator.py:80} WARNING - The virtalenv_python example task requires virtualenv, please install it.
[2026-01-06T14:00:51.887+1100] {processor.py:840} INFO - DAG(s) 'example_python_decorator' retrieved from /Users/fionatham/Documents/Projects/vogue_data_pipeline/venv/lib/python3.11/site-packages/airflow/example_dags/example_python_decorator.py
[2026-01-06T14:00:51.932+1100] {logging_mixin.py:188} INFO - [2026-01-06T14:00:51.932+1100] {dag.py:3089} INFO - Sync 1 DAGs
[2026-01-06T14:00:51.936+1100] {logging_mixin.py:188} INFO - [2026-01-06T14:00:51.936+1100] {dag.py:3947} INFO - Setting next_dagrun for example_python_decorator to None, run_after=None
[2026-01-06T14:00:51.944+1100] {processor.py:183} INFO - Processing /Users/fionatham/Documents/Projects/vogue_data_pipeline/venv/lib/python3.11/site-packages/airflow/example_dags/example_python_decorator.py took 0.078 seconds
[2026-01-06T14:02:53.670+1100] {processor.py:161} INFO - Started process (PID=87166) to work on /Users/fionatham/Documents/Projects/vogue_data_pipeline/venv/lib/python3.11/site-packages/airflow/example_dags/example_python_decorator.py
[2026-01-06T14:02:53.671+1100] {processor.py:830} INFO - Processing file /Users/fionatham/Documents/Projects/vogue_data_pipeline/venv/lib/python3.11/site-packages/airflow/example_dags/example_python_decorator.py for tasks to queue
[2026-01-06T14:02:53.671+1100] {logging_mixin.py:188} INFO - [2026-01-06T14:02:53.671+1100] {dagbag.py:545} INFO - Filling up the DagBag from /Users/fionatham/Documents/Projects/vogue_data_pipeline/venv/lib/python3.11/site-packages/airflow/example_dags/example_python_decorator.py
[2026-01-06T14:02:53.688+1100] {logging_mixin.py:188} INFO - [2026-01-06T14:02:53.688+1100] {example_python_decorator.py:80} WARNING - The virtalenv_python example task requires virtualenv, please install it.
[2026-01-06T14:02:53.689+1100] {processor.py:840} INFO - DAG(s) 'example_python_decorator' retrieved from /Users/fionatham/Documents/Projects/vogue_data_pipeline/venv/lib/python3.11/site-packages/airflow/example_dags/example_python_decorator.py
[2026-01-06T14:02:53.734+1100] {logging_mixin.py:188} INFO - [2026-01-06T14:02:53.734+1100] {dag.py:3089} INFO - Sync 1 DAGs
[2026-01-06T14:02:53.738+1100] {logging_mixin.py:188} INFO - [2026-01-06T14:02:53.738+1100] {dag.py:3947} INFO - Setting next_dagrun for example_python_decorator to None, run_after=None
[2026-01-06T14:02:53.746+1100] {processor.py:183} INFO - Processing /Users/fionatham/Documents/Projects/vogue_data_pipeline/venv/lib/python3.11/site-packages/airflow/example_dags/example_python_decorator.py took 0.077 seconds
[2026-01-06T14:04:54.076+1100] {processor.py:161} INFO - Started process (PID=87333) to work on /Users/fionatham/Documents/Projects/vogue_data_pipeline/venv/lib/python3.11/site-packages/airflow/example_dags/example_python_decorator.py
[2026-01-06T14:04:54.077+1100] {processor.py:830} INFO - Processing file /Users/fionatham/Documents/Projects/vogue_data_pipeline/venv/lib/python3.11/site-packages/airflow/example_dags/example_python_decorator.py for tasks to queue
[2026-01-06T14:04:54.077+1100] {logging_mixin.py:188} INFO - [2026-01-06T14:04:54.077+1100] {dagbag.py:545} INFO - Filling up the DagBag from /Users/fionatham/Documents/Projects/vogue_data_pipeline/venv/lib/python3.11/site-packages/airflow/example_dags/example_python_decorator.py
[2026-01-06T14:04:54.093+1100] {logging_mixin.py:188} INFO - [2026-01-06T14:04:54.093+1100] {example_python_decorator.py:80} WARNING - The virtalenv_python example task requires virtualenv, please install it.
[2026-01-06T14:04:54.094+1100] {processor.py:840} INFO - DAG(s) 'example_python_decorator' retrieved from /Users/fionatham/Documents/Projects/vogue_data_pipeline/venv/lib/python3.11/site-packages/airflow/example_dags/example_python_decorator.py
[2026-01-06T14:04:54.139+1100] {logging_mixin.py:188} INFO - [2026-01-06T14:04:54.139+1100] {dag.py:3089} INFO - Sync 1 DAGs
[2026-01-06T14:04:54.143+1100] {logging_mixin.py:188} INFO - [2026-01-06T14:04:54.143+1100] {dag.py:3947} INFO - Setting next_dagrun for example_python_decorator to None, run_after=None
[2026-01-06T14:04:54.152+1100] {processor.py:183} INFO - Processing /Users/fionatham/Documents/Projects/vogue_data_pipeline/venv/lib/python3.11/site-packages/airflow/example_dags/example_python_decorator.py took 0.077 seconds
[2026-01-06T14:06:55.730+1100] {processor.py:161} INFO - Started process (PID=87560) to work on /Users/fionatham/Documents/Projects/vogue_data_pipeline/venv/lib/python3.11/site-packages/airflow/example_dags/example_python_decorator.py
[2026-01-06T14:06:55.732+1100] {processor.py:830} INFO - Processing file /Users/fionatham/Documents/Projects/vogue_data_pipeline/venv/lib/python3.11/site-packages/airflow/example_dags/example_python_decorator.py for tasks to queue
[2026-01-06T14:06:55.732+1100] {logging_mixin.py:188} INFO - [2026-01-06T14:06:55.732+1100] {dagbag.py:545} INFO - Filling up the DagBag from /Users/fionatham/Documents/Projects/vogue_data_pipeline/venv/lib/python3.11/site-packages/airflow/example_dags/example_python_decorator.py
[2026-01-06T14:06:55.748+1100] {logging_mixin.py:188} INFO - [2026-01-06T14:06:55.748+1100] {example_python_decorator.py:80} WARNING - The virtalenv_python example task requires virtualenv, please install it.
[2026-01-06T14:06:55.749+1100] {processor.py:840} INFO - DAG(s) 'example_python_decorator' retrieved from /Users/fionatham/Documents/Projects/vogue_data_pipeline/venv/lib/python3.11/site-packages/airflow/example_dags/example_python_decorator.py
[2026-01-06T14:06:55.792+1100] {logging_mixin.py:188} INFO - [2026-01-06T14:06:55.791+1100] {dag.py:3089} INFO - Sync 1 DAGs
[2026-01-06T14:06:55.796+1100] {logging_mixin.py:188} INFO - [2026-01-06T14:06:55.795+1100] {dag.py:3947} INFO - Setting next_dagrun for example_python_decorator to None, run_after=None
[2026-01-06T14:06:55.803+1100] {processor.py:183} INFO - Processing /Users/fionatham/Documents/Projects/vogue_data_pipeline/venv/lib/python3.11/site-packages/airflow/example_dags/example_python_decorator.py took 0.075 seconds
[2026-01-06T14:08:51.590+1100] {processor.py:161} INFO - Started process (PID=87682) to work on /Users/fionatham/Documents/Projects/vogue_data_pipeline/venv/lib/python3.11/site-packages/airflow/example_dags/example_python_decorator.py
[2026-01-06T14:08:51.591+1100] {processor.py:830} INFO - Processing file /Users/fionatham/Documents/Projects/vogue_data_pipeline/venv/lib/python3.11/site-packages/airflow/example_dags/example_python_decorator.py for tasks to queue
[2026-01-06T14:08:51.591+1100] {logging_mixin.py:188} INFO - [2026-01-06T14:08:51.591+1100] {dagbag.py:545} INFO - Filling up the DagBag from /Users/fionatham/Documents/Projects/vogue_data_pipeline/venv/lib/python3.11/site-packages/airflow/example_dags/example_python_decorator.py
[2026-01-06T14:08:51.608+1100] {logging_mixin.py:188} INFO - [2026-01-06T14:08:51.608+1100] {example_python_decorator.py:80} WARNING - The virtalenv_python example task requires virtualenv, please install it.
[2026-01-06T14:08:51.609+1100] {processor.py:840} INFO - DAG(s) 'example_python_decorator' retrieved from /Users/fionatham/Documents/Projects/vogue_data_pipeline/venv/lib/python3.11/site-packages/airflow/example_dags/example_python_decorator.py
[2026-01-06T14:08:51.653+1100] {logging_mixin.py:188} INFO - [2026-01-06T14:08:51.653+1100] {dag.py:3089} INFO - Sync 1 DAGs
[2026-01-06T14:08:51.658+1100] {logging_mixin.py:188} INFO - [2026-01-06T14:08:51.658+1100] {dag.py:3947} INFO - Setting next_dagrun for example_python_decorator to None, run_after=None
[2026-01-06T14:08:51.666+1100] {processor.py:183} INFO - Processing /Users/fionatham/Documents/Projects/vogue_data_pipeline/venv/lib/python3.11/site-packages/airflow/example_dags/example_python_decorator.py took 0.078 seconds
[2026-01-06T14:10:52.233+1100] {processor.py:161} INFO - Started process (PID=87800) to work on /Users/fionatham/Documents/Projects/vogue_data_pipeline/venv/lib/python3.11/site-packages/airflow/example_dags/example_python_decorator.py
[2026-01-06T14:10:52.234+1100] {processor.py:830} INFO - Processing file /Users/fionatham/Documents/Projects/vogue_data_pipeline/venv/lib/python3.11/site-packages/airflow/example_dags/example_python_decorator.py for tasks to queue
[2026-01-06T14:10:52.235+1100] {logging_mixin.py:188} INFO - [2026-01-06T14:10:52.235+1100] {dagbag.py:545} INFO - Filling up the DagBag from /Users/fionatham/Documents/Projects/vogue_data_pipeline/venv/lib/python3.11/site-packages/airflow/example_dags/example_python_decorator.py
[2026-01-06T14:10:52.251+1100] {logging_mixin.py:188} INFO - [2026-01-06T14:10:52.250+1100] {example_python_decorator.py:80} WARNING - The virtalenv_python example task requires virtualenv, please install it.
[2026-01-06T14:10:52.251+1100] {processor.py:840} INFO - DAG(s) 'example_python_decorator' retrieved from /Users/fionatham/Documents/Projects/vogue_data_pipeline/venv/lib/python3.11/site-packages/airflow/example_dags/example_python_decorator.py
[2026-01-06T14:10:52.298+1100] {logging_mixin.py:188} INFO - [2026-01-06T14:10:52.297+1100] {dag.py:3089} INFO - Sync 1 DAGs
[2026-01-06T14:10:52.302+1100] {logging_mixin.py:188} INFO - [2026-01-06T14:10:52.302+1100] {dag.py:3947} INFO - Setting next_dagrun for example_python_decorator to None, run_after=None
[2026-01-06T14:10:52.310+1100] {processor.py:183} INFO - Processing /Users/fionatham/Documents/Projects/vogue_data_pipeline/venv/lib/python3.11/site-packages/airflow/example_dags/example_python_decorator.py took 0.078 seconds
[2026-01-06T14:12:50.040+1100] {processor.py:161} INFO - Started process (PID=87958) to work on /Users/fionatham/Documents/Projects/vogue_data_pipeline/venv/lib/python3.11/site-packages/airflow/example_dags/example_python_decorator.py
[2026-01-06T14:12:50.042+1100] {processor.py:830} INFO - Processing file /Users/fionatham/Documents/Projects/vogue_data_pipeline/venv/lib/python3.11/site-packages/airflow/example_dags/example_python_decorator.py for tasks to queue
[2026-01-06T14:12:50.042+1100] {logging_mixin.py:188} INFO - [2026-01-06T14:12:50.042+1100] {dagbag.py:545} INFO - Filling up the DagBag from /Users/fionatham/Documents/Projects/vogue_data_pipeline/venv/lib/python3.11/site-packages/airflow/example_dags/example_python_decorator.py
[2026-01-06T14:12:50.066+1100] {logging_mixin.py:188} INFO - [2026-01-06T14:12:50.066+1100] {example_python_decorator.py:80} WARNING - The virtalenv_python example task requires virtualenv, please install it.
[2026-01-06T14:12:50.067+1100] {processor.py:840} INFO - DAG(s) 'example_python_decorator' retrieved from /Users/fionatham/Documents/Projects/vogue_data_pipeline/venv/lib/python3.11/site-packages/airflow/example_dags/example_python_decorator.py
[2026-01-06T14:12:50.113+1100] {logging_mixin.py:188} INFO - [2026-01-06T14:12:50.113+1100] {dag.py:3089} INFO - Sync 1 DAGs
[2026-01-06T14:12:50.119+1100] {logging_mixin.py:188} INFO - [2026-01-06T14:12:50.118+1100] {dag.py:3947} INFO - Setting next_dagrun for example_python_decorator to None, run_after=None
[2026-01-06T14:12:50.127+1100] {processor.py:183} INFO - Processing /Users/fionatham/Documents/Projects/vogue_data_pipeline/venv/lib/python3.11/site-packages/airflow/example_dags/example_python_decorator.py took 0.089 seconds
[2026-01-06T14:15:00.441+1100] {processor.py:161} INFO - Started process (PID=88651) to work on /Users/fionatham/Documents/Projects/vogue_data_pipeline/venv/lib/python3.11/site-packages/airflow/example_dags/example_python_decorator.py
[2026-01-06T14:15:00.442+1100] {processor.py:830} INFO - Processing file /Users/fionatham/Documents/Projects/vogue_data_pipeline/venv/lib/python3.11/site-packages/airflow/example_dags/example_python_decorator.py for tasks to queue
[2026-01-06T14:15:00.442+1100] {logging_mixin.py:188} INFO - [2026-01-06T14:15:00.442+1100] {dagbag.py:545} INFO - Filling up the DagBag from /Users/fionatham/Documents/Projects/vogue_data_pipeline/venv/lib/python3.11/site-packages/airflow/example_dags/example_python_decorator.py
[2026-01-06T14:15:00.459+1100] {logging_mixin.py:188} INFO - [2026-01-06T14:15:00.459+1100] {example_python_decorator.py:80} WARNING - The virtalenv_python example task requires virtualenv, please install it.
[2026-01-06T14:15:00.460+1100] {processor.py:840} INFO - DAG(s) 'example_python_decorator' retrieved from /Users/fionatham/Documents/Projects/vogue_data_pipeline/venv/lib/python3.11/site-packages/airflow/example_dags/example_python_decorator.py
[2026-01-06T14:15:00.507+1100] {logging_mixin.py:188} INFO - [2026-01-06T14:15:00.507+1100] {dag.py:3089} INFO - Sync 1 DAGs
[2026-01-06T14:15:00.511+1100] {logging_mixin.py:188} INFO - [2026-01-06T14:15:00.511+1100] {dag.py:3947} INFO - Setting next_dagrun for example_python_decorator to None, run_after=None
[2026-01-06T14:15:00.520+1100] {processor.py:183} INFO - Processing /Users/fionatham/Documents/Projects/vogue_data_pipeline/venv/lib/python3.11/site-packages/airflow/example_dags/example_python_decorator.py took 0.080 seconds
[2026-01-06T14:16:51.501+1100] {processor.py:161} INFO - Started process (PID=89271) to work on /Users/fionatham/Documents/Projects/vogue_data_pipeline/venv/lib/python3.11/site-packages/airflow/example_dags/example_python_decorator.py
[2026-01-06T14:16:51.503+1100] {processor.py:830} INFO - Processing file /Users/fionatham/Documents/Projects/vogue_data_pipeline/venv/lib/python3.11/site-packages/airflow/example_dags/example_python_decorator.py for tasks to queue
[2026-01-06T14:16:51.503+1100] {logging_mixin.py:188} INFO - [2026-01-06T14:16:51.503+1100] {dagbag.py:545} INFO - Filling up the DagBag from /Users/fionatham/Documents/Projects/vogue_data_pipeline/venv/lib/python3.11/site-packages/airflow/example_dags/example_python_decorator.py
[2026-01-06T14:16:51.519+1100] {logging_mixin.py:188} INFO - [2026-01-06T14:16:51.519+1100] {example_python_decorator.py:80} WARNING - The virtalenv_python example task requires virtualenv, please install it.
[2026-01-06T14:16:51.520+1100] {processor.py:840} INFO - DAG(s) 'example_python_decorator' retrieved from /Users/fionatham/Documents/Projects/vogue_data_pipeline/venv/lib/python3.11/site-packages/airflow/example_dags/example_python_decorator.py
[2026-01-06T14:16:51.565+1100] {logging_mixin.py:188} INFO - [2026-01-06T14:16:51.564+1100] {dag.py:3089} INFO - Sync 1 DAGs
[2026-01-06T14:16:51.569+1100] {logging_mixin.py:188} INFO - [2026-01-06T14:16:51.569+1100] {dag.py:3947} INFO - Setting next_dagrun for example_python_decorator to None, run_after=None
[2026-01-06T14:16:51.576+1100] {processor.py:183} INFO - Processing /Users/fionatham/Documents/Projects/vogue_data_pipeline/venv/lib/python3.11/site-packages/airflow/example_dags/example_python_decorator.py took 0.076 seconds
[2026-01-06T14:18:49.179+1100] {processor.py:161} INFO - Started process (PID=89760) to work on /Users/fionatham/Documents/Projects/vogue_data_pipeline/venv/lib/python3.11/site-packages/airflow/example_dags/example_python_decorator.py
[2026-01-06T14:18:49.180+1100] {processor.py:830} INFO - Processing file /Users/fionatham/Documents/Projects/vogue_data_pipeline/venv/lib/python3.11/site-packages/airflow/example_dags/example_python_decorator.py for tasks to queue
[2026-01-06T14:18:49.180+1100] {logging_mixin.py:188} INFO - [2026-01-06T14:18:49.180+1100] {dagbag.py:545} INFO - Filling up the DagBag from /Users/fionatham/Documents/Projects/vogue_data_pipeline/venv/lib/python3.11/site-packages/airflow/example_dags/example_python_decorator.py
[2026-01-06T14:18:49.197+1100] {logging_mixin.py:188} INFO - [2026-01-06T14:18:49.197+1100] {example_python_decorator.py:80} WARNING - The virtalenv_python example task requires virtualenv, please install it.
[2026-01-06T14:18:49.198+1100] {processor.py:840} INFO - DAG(s) 'example_python_decorator' retrieved from /Users/fionatham/Documents/Projects/vogue_data_pipeline/venv/lib/python3.11/site-packages/airflow/example_dags/example_python_decorator.py
[2026-01-06T14:18:49.241+1100] {logging_mixin.py:188} INFO - [2026-01-06T14:18:49.241+1100] {dag.py:3089} INFO - Sync 1 DAGs
[2026-01-06T14:18:49.245+1100] {logging_mixin.py:188} INFO - [2026-01-06T14:18:49.245+1100] {dag.py:3947} INFO - Setting next_dagrun for example_python_decorator to None, run_after=None
[2026-01-06T14:18:49.252+1100] {processor.py:183} INFO - Processing /Users/fionatham/Documents/Projects/vogue_data_pipeline/venv/lib/python3.11/site-packages/airflow/example_dags/example_python_decorator.py took 0.074 seconds
[2026-01-06T14:20:51.356+1100] {processor.py:161} INFO - Started process (PID=89999) to work on /Users/fionatham/Documents/Projects/vogue_data_pipeline/venv/lib/python3.11/site-packages/airflow/example_dags/example_python_decorator.py
[2026-01-06T14:20:51.357+1100] {processor.py:830} INFO - Processing file /Users/fionatham/Documents/Projects/vogue_data_pipeline/venv/lib/python3.11/site-packages/airflow/example_dags/example_python_decorator.py for tasks to queue
[2026-01-06T14:20:51.358+1100] {logging_mixin.py:188} INFO - [2026-01-06T14:20:51.358+1100] {dagbag.py:545} INFO - Filling up the DagBag from /Users/fionatham/Documents/Projects/vogue_data_pipeline/venv/lib/python3.11/site-packages/airflow/example_dags/example_python_decorator.py
[2026-01-06T14:20:51.373+1100] {logging_mixin.py:188} INFO - [2026-01-06T14:20:51.373+1100] {example_python_decorator.py:80} WARNING - The virtalenv_python example task requires virtualenv, please install it.
[2026-01-06T14:20:51.374+1100] {processor.py:840} INFO - DAG(s) 'example_python_decorator' retrieved from /Users/fionatham/Documents/Projects/vogue_data_pipeline/venv/lib/python3.11/site-packages/airflow/example_dags/example_python_decorator.py
[2026-01-06T14:20:51.415+1100] {logging_mixin.py:188} INFO - [2026-01-06T14:20:51.415+1100] {dag.py:3089} INFO - Sync 1 DAGs
[2026-01-06T14:20:51.419+1100] {logging_mixin.py:188} INFO - [2026-01-06T14:20:51.419+1100] {dag.py:3947} INFO - Setting next_dagrun for example_python_decorator to None, run_after=None
[2026-01-06T14:20:51.426+1100] {processor.py:183} INFO - Processing /Users/fionatham/Documents/Projects/vogue_data_pipeline/venv/lib/python3.11/site-packages/airflow/example_dags/example_python_decorator.py took 0.071 seconds
[2026-01-06T14:22:51.085+1100] {processor.py:161} INFO - Started process (PID=90090) to work on /Users/fionatham/Documents/Projects/vogue_data_pipeline/venv/lib/python3.11/site-packages/airflow/example_dags/example_python_decorator.py
[2026-01-06T14:22:51.086+1100] {processor.py:830} INFO - Processing file /Users/fionatham/Documents/Projects/vogue_data_pipeline/venv/lib/python3.11/site-packages/airflow/example_dags/example_python_decorator.py for tasks to queue
[2026-01-06T14:22:51.086+1100] {logging_mixin.py:188} INFO - [2026-01-06T14:22:51.086+1100] {dagbag.py:545} INFO - Filling up the DagBag from /Users/fionatham/Documents/Projects/vogue_data_pipeline/venv/lib/python3.11/site-packages/airflow/example_dags/example_python_decorator.py
[2026-01-06T14:22:51.102+1100] {logging_mixin.py:188} INFO - [2026-01-06T14:22:51.102+1100] {example_python_decorator.py:80} WARNING - The virtalenv_python example task requires virtualenv, please install it.
[2026-01-06T14:22:51.104+1100] {processor.py:840} INFO - DAG(s) 'example_python_decorator' retrieved from /Users/fionatham/Documents/Projects/vogue_data_pipeline/venv/lib/python3.11/site-packages/airflow/example_dags/example_python_decorator.py
[2026-01-06T14:22:51.146+1100] {logging_mixin.py:188} INFO - [2026-01-06T14:22:51.146+1100] {dag.py:3089} INFO - Sync 1 DAGs
[2026-01-06T14:22:51.150+1100] {logging_mixin.py:188} INFO - [2026-01-06T14:22:51.150+1100] {dag.py:3947} INFO - Setting next_dagrun for example_python_decorator to None, run_after=None
[2026-01-06T14:22:51.157+1100] {processor.py:183} INFO - Processing /Users/fionatham/Documents/Projects/vogue_data_pipeline/venv/lib/python3.11/site-packages/airflow/example_dags/example_python_decorator.py took 0.074 seconds
[2026-01-06T14:24:36.492+1100] {processor.py:161} INFO - Started process (PID=90180) to work on /Users/fionatham/Documents/Projects/vogue_data_pipeline/venv/lib/python3.11/site-packages/airflow/example_dags/example_python_decorator.py
[2026-01-06T14:24:36.493+1100] {processor.py:830} INFO - Processing file /Users/fionatham/Documents/Projects/vogue_data_pipeline/venv/lib/python3.11/site-packages/airflow/example_dags/example_python_decorator.py for tasks to queue
[2026-01-06T14:24:36.494+1100] {logging_mixin.py:188} INFO - [2026-01-06T14:24:36.494+1100] {dagbag.py:545} INFO - Filling up the DagBag from /Users/fionatham/Documents/Projects/vogue_data_pipeline/venv/lib/python3.11/site-packages/airflow/example_dags/example_python_decorator.py
[2026-01-06T14:24:36.511+1100] {logging_mixin.py:188} INFO - [2026-01-06T14:24:36.510+1100] {example_python_decorator.py:80} WARNING - The virtalenv_python example task requires virtualenv, please install it.
[2026-01-06T14:24:36.511+1100] {processor.py:840} INFO - DAG(s) 'example_python_decorator' retrieved from /Users/fionatham/Documents/Projects/vogue_data_pipeline/venv/lib/python3.11/site-packages/airflow/example_dags/example_python_decorator.py
[2026-01-06T14:24:36.556+1100] {logging_mixin.py:188} INFO - [2026-01-06T14:24:36.556+1100] {dag.py:3089} INFO - Sync 1 DAGs
[2026-01-06T14:24:36.560+1100] {logging_mixin.py:188} INFO - [2026-01-06T14:24:36.560+1100] {dag.py:3947} INFO - Setting next_dagrun for example_python_decorator to None, run_after=None
[2026-01-06T14:24:36.568+1100] {processor.py:183} INFO - Processing /Users/fionatham/Documents/Projects/vogue_data_pipeline/venv/lib/python3.11/site-packages/airflow/example_dags/example_python_decorator.py took 0.077 seconds
[2026-01-06T14:26:31.365+1100] {processor.py:161} INFO - Started process (PID=90484) to work on /Users/fionatham/Documents/Projects/vogue_data_pipeline/venv/lib/python3.11/site-packages/airflow/example_dags/example_python_decorator.py
[2026-01-06T14:26:31.366+1100] {processor.py:830} INFO - Processing file /Users/fionatham/Documents/Projects/vogue_data_pipeline/venv/lib/python3.11/site-packages/airflow/example_dags/example_python_decorator.py for tasks to queue
[2026-01-06T14:26:31.367+1100] {logging_mixin.py:188} INFO - [2026-01-06T14:26:31.366+1100] {dagbag.py:545} INFO - Filling up the DagBag from /Users/fionatham/Documents/Projects/vogue_data_pipeline/venv/lib/python3.11/site-packages/airflow/example_dags/example_python_decorator.py
[2026-01-06T14:26:31.383+1100] {logging_mixin.py:188} INFO - [2026-01-06T14:26:31.383+1100] {example_python_decorator.py:80} WARNING - The virtalenv_python example task requires virtualenv, please install it.
[2026-01-06T14:26:31.384+1100] {processor.py:840} INFO - DAG(s) 'example_python_decorator' retrieved from /Users/fionatham/Documents/Projects/vogue_data_pipeline/venv/lib/python3.11/site-packages/airflow/example_dags/example_python_decorator.py
[2026-01-06T14:26:31.430+1100] {logging_mixin.py:188} INFO - [2026-01-06T14:26:31.430+1100] {dag.py:3089} INFO - Sync 1 DAGs
[2026-01-06T14:26:31.434+1100] {logging_mixin.py:188} INFO - [2026-01-06T14:26:31.434+1100] {dag.py:3947} INFO - Setting next_dagrun for example_python_decorator to None, run_after=None
[2026-01-06T14:26:31.443+1100] {processor.py:183} INFO - Processing /Users/fionatham/Documents/Projects/vogue_data_pipeline/venv/lib/python3.11/site-packages/airflow/example_dags/example_python_decorator.py took 0.079 seconds
[2026-01-06T14:28:29.425+1100] {processor.py:161} INFO - Started process (PID=90815) to work on /Users/fionatham/Documents/Projects/vogue_data_pipeline/venv/lib/python3.11/site-packages/airflow/example_dags/example_python_decorator.py
[2026-01-06T14:28:29.425+1100] {processor.py:830} INFO - Processing file /Users/fionatham/Documents/Projects/vogue_data_pipeline/venv/lib/python3.11/site-packages/airflow/example_dags/example_python_decorator.py for tasks to queue
[2026-01-06T14:28:29.426+1100] {logging_mixin.py:188} INFO - [2026-01-06T14:28:29.426+1100] {dagbag.py:545} INFO - Filling up the DagBag from /Users/fionatham/Documents/Projects/vogue_data_pipeline/venv/lib/python3.11/site-packages/airflow/example_dags/example_python_decorator.py
[2026-01-06T14:28:29.442+1100] {logging_mixin.py:188} INFO - [2026-01-06T14:28:29.442+1100] {example_python_decorator.py:80} WARNING - The virtalenv_python example task requires virtualenv, please install it.
[2026-01-06T14:28:29.443+1100] {processor.py:840} INFO - DAG(s) 'example_python_decorator' retrieved from /Users/fionatham/Documents/Projects/vogue_data_pipeline/venv/lib/python3.11/site-packages/airflow/example_dags/example_python_decorator.py
[2026-01-06T14:28:29.488+1100] {logging_mixin.py:188} INFO - [2026-01-06T14:28:29.488+1100] {dag.py:3089} INFO - Sync 1 DAGs
[2026-01-06T14:28:29.492+1100] {logging_mixin.py:188} INFO - [2026-01-06T14:28:29.492+1100] {dag.py:3947} INFO - Setting next_dagrun for example_python_decorator to None, run_after=None
[2026-01-06T14:28:29.499+1100] {processor.py:183} INFO - Processing /Users/fionatham/Documents/Projects/vogue_data_pipeline/venv/lib/python3.11/site-packages/airflow/example_dags/example_python_decorator.py took 0.075 seconds
[2026-01-06T14:30:32.748+1100] {processor.py:161} INFO - Started process (PID=91568) to work on /Users/fionatham/Documents/Projects/vogue_data_pipeline/venv/lib/python3.11/site-packages/airflow/example_dags/example_python_decorator.py
[2026-01-06T14:30:32.749+1100] {processor.py:830} INFO - Processing file /Users/fionatham/Documents/Projects/vogue_data_pipeline/venv/lib/python3.11/site-packages/airflow/example_dags/example_python_decorator.py for tasks to queue
[2026-01-06T14:30:32.750+1100] {logging_mixin.py:188} INFO - [2026-01-06T14:30:32.750+1100] {dagbag.py:545} INFO - Filling up the DagBag from /Users/fionatham/Documents/Projects/vogue_data_pipeline/venv/lib/python3.11/site-packages/airflow/example_dags/example_python_decorator.py
[2026-01-06T14:30:32.766+1100] {logging_mixin.py:188} INFO - [2026-01-06T14:30:32.766+1100] {example_python_decorator.py:80} WARNING - The virtalenv_python example task requires virtualenv, please install it.
[2026-01-06T14:30:32.767+1100] {processor.py:840} INFO - DAG(s) 'example_python_decorator' retrieved from /Users/fionatham/Documents/Projects/vogue_data_pipeline/venv/lib/python3.11/site-packages/airflow/example_dags/example_python_decorator.py
[2026-01-06T14:30:32.814+1100] {logging_mixin.py:188} INFO - [2026-01-06T14:30:32.813+1100] {dag.py:3089} INFO - Sync 1 DAGs
[2026-01-06T14:30:32.818+1100] {logging_mixin.py:188} INFO - [2026-01-06T14:30:32.818+1100] {dag.py:3947} INFO - Setting next_dagrun for example_python_decorator to None, run_after=None
[2026-01-06T14:30:32.825+1100] {processor.py:183} INFO - Processing /Users/fionatham/Documents/Projects/vogue_data_pipeline/venv/lib/python3.11/site-packages/airflow/example_dags/example_python_decorator.py took 0.079 seconds
[2026-01-06T14:32:31.473+1100] {processor.py:161} INFO - Started process (PID=92103) to work on /Users/fionatham/Documents/Projects/vogue_data_pipeline/venv/lib/python3.11/site-packages/airflow/example_dags/example_python_decorator.py
[2026-01-06T14:32:31.474+1100] {processor.py:830} INFO - Processing file /Users/fionatham/Documents/Projects/vogue_data_pipeline/venv/lib/python3.11/site-packages/airflow/example_dags/example_python_decorator.py for tasks to queue
[2026-01-06T14:32:31.474+1100] {logging_mixin.py:188} INFO - [2026-01-06T14:32:31.474+1100] {dagbag.py:545} INFO - Filling up the DagBag from /Users/fionatham/Documents/Projects/vogue_data_pipeline/venv/lib/python3.11/site-packages/airflow/example_dags/example_python_decorator.py
[2026-01-06T14:32:31.495+1100] {logging_mixin.py:188} INFO - [2026-01-06T14:32:31.494+1100] {example_python_decorator.py:80} WARNING - The virtalenv_python example task requires virtualenv, please install it.
[2026-01-06T14:32:31.496+1100] {processor.py:840} INFO - DAG(s) 'example_python_decorator' retrieved from /Users/fionatham/Documents/Projects/vogue_data_pipeline/venv/lib/python3.11/site-packages/airflow/example_dags/example_python_decorator.py
[2026-01-06T14:32:31.582+1100] {logging_mixin.py:188} INFO - [2026-01-06T14:32:31.582+1100] {dag.py:3089} INFO - Sync 1 DAGs
[2026-01-06T14:32:31.612+1100] {logging_mixin.py:188} INFO - [2026-01-06T14:32:31.612+1100] {dag.py:3947} INFO - Setting next_dagrun for example_python_decorator to None, run_after=None
[2026-01-06T14:32:31.630+1100] {processor.py:183} INFO - Processing /Users/fionatham/Documents/Projects/vogue_data_pipeline/venv/lib/python3.11/site-packages/airflow/example_dags/example_python_decorator.py took 0.161 seconds
[2026-01-06T14:34:26.433+1100] {processor.py:161} INFO - Started process (PID=92335) to work on /Users/fionatham/Documents/Projects/vogue_data_pipeline/venv/lib/python3.11/site-packages/airflow/example_dags/example_python_decorator.py
[2026-01-06T14:34:26.433+1100] {processor.py:830} INFO - Processing file /Users/fionatham/Documents/Projects/vogue_data_pipeline/venv/lib/python3.11/site-packages/airflow/example_dags/example_python_decorator.py for tasks to queue
[2026-01-06T14:34:26.433+1100] {logging_mixin.py:188} INFO - [2026-01-06T14:34:26.433+1100] {dagbag.py:545} INFO - Filling up the DagBag from /Users/fionatham/Documents/Projects/vogue_data_pipeline/venv/lib/python3.11/site-packages/airflow/example_dags/example_python_decorator.py
[2026-01-06T14:34:26.451+1100] {logging_mixin.py:188} INFO - [2026-01-06T14:34:26.450+1100] {example_python_decorator.py:80} WARNING - The virtalenv_python example task requires virtualenv, please install it.
[2026-01-06T14:34:26.452+1100] {processor.py:840} INFO - DAG(s) 'example_python_decorator' retrieved from /Users/fionatham/Documents/Projects/vogue_data_pipeline/venv/lib/python3.11/site-packages/airflow/example_dags/example_python_decorator.py
[2026-01-06T14:34:26.498+1100] {logging_mixin.py:188} INFO - [2026-01-06T14:34:26.498+1100] {dag.py:3089} INFO - Sync 1 DAGs
[2026-01-06T14:34:26.502+1100] {logging_mixin.py:188} INFO - [2026-01-06T14:34:26.502+1100] {dag.py:3947} INFO - Setting next_dagrun for example_python_decorator to None, run_after=None
[2026-01-06T14:34:26.510+1100] {processor.py:183} INFO - Processing /Users/fionatham/Documents/Projects/vogue_data_pipeline/venv/lib/python3.11/site-packages/airflow/example_dags/example_python_decorator.py took 0.080 seconds
[2026-01-06T14:36:26.235+1100] {processor.py:161} INFO - Started process (PID=92595) to work on /Users/fionatham/Documents/Projects/vogue_data_pipeline/venv/lib/python3.11/site-packages/airflow/example_dags/example_python_decorator.py
[2026-01-06T14:36:26.236+1100] {processor.py:830} INFO - Processing file /Users/fionatham/Documents/Projects/vogue_data_pipeline/venv/lib/python3.11/site-packages/airflow/example_dags/example_python_decorator.py for tasks to queue
[2026-01-06T14:36:26.237+1100] {logging_mixin.py:188} INFO - [2026-01-06T14:36:26.236+1100] {dagbag.py:545} INFO - Filling up the DagBag from /Users/fionatham/Documents/Projects/vogue_data_pipeline/venv/lib/python3.11/site-packages/airflow/example_dags/example_python_decorator.py
[2026-01-06T14:36:26.255+1100] {logging_mixin.py:188} INFO - [2026-01-06T14:36:26.255+1100] {example_python_decorator.py:80} WARNING - The virtalenv_python example task requires virtualenv, please install it.
[2026-01-06T14:36:26.256+1100] {processor.py:840} INFO - DAG(s) 'example_python_decorator' retrieved from /Users/fionatham/Documents/Projects/vogue_data_pipeline/venv/lib/python3.11/site-packages/airflow/example_dags/example_python_decorator.py
[2026-01-06T14:36:26.301+1100] {logging_mixin.py:188} INFO - [2026-01-06T14:36:26.301+1100] {dag.py:3089} INFO - Sync 1 DAGs
[2026-01-06T14:36:26.305+1100] {logging_mixin.py:188} INFO - [2026-01-06T14:36:26.305+1100] {dag.py:3947} INFO - Setting next_dagrun for example_python_decorator to None, run_after=None
[2026-01-06T14:36:26.315+1100] {processor.py:183} INFO - Processing /Users/fionatham/Documents/Projects/vogue_data_pipeline/venv/lib/python3.11/site-packages/airflow/example_dags/example_python_decorator.py took 0.089 seconds
[2026-01-06T14:38:29.398+1100] {processor.py:161} INFO - Started process (PID=92844) to work on /Users/fionatham/Documents/Projects/vogue_data_pipeline/venv/lib/python3.11/site-packages/airflow/example_dags/example_python_decorator.py
[2026-01-06T14:38:29.399+1100] {processor.py:830} INFO - Processing file /Users/fionatham/Documents/Projects/vogue_data_pipeline/venv/lib/python3.11/site-packages/airflow/example_dags/example_python_decorator.py for tasks to queue
[2026-01-06T14:38:29.400+1100] {logging_mixin.py:188} INFO - [2026-01-06T14:38:29.400+1100] {dagbag.py:545} INFO - Filling up the DagBag from /Users/fionatham/Documents/Projects/vogue_data_pipeline/venv/lib/python3.11/site-packages/airflow/example_dags/example_python_decorator.py
[2026-01-06T14:38:29.416+1100] {logging_mixin.py:188} INFO - [2026-01-06T14:38:29.416+1100] {example_python_decorator.py:80} WARNING - The virtalenv_python example task requires virtualenv, please install it.
[2026-01-06T14:38:29.417+1100] {processor.py:840} INFO - DAG(s) 'example_python_decorator' retrieved from /Users/fionatham/Documents/Projects/vogue_data_pipeline/venv/lib/python3.11/site-packages/airflow/example_dags/example_python_decorator.py
[2026-01-06T14:38:29.462+1100] {logging_mixin.py:188} INFO - [2026-01-06T14:38:29.462+1100] {dag.py:3089} INFO - Sync 1 DAGs
[2026-01-06T14:38:29.466+1100] {logging_mixin.py:188} INFO - [2026-01-06T14:38:29.466+1100] {dag.py:3947} INFO - Setting next_dagrun for example_python_decorator to None, run_after=None
[2026-01-06T14:38:29.475+1100] {processor.py:183} INFO - Processing /Users/fionatham/Documents/Projects/vogue_data_pipeline/venv/lib/python3.11/site-packages/airflow/example_dags/example_python_decorator.py took 0.078 seconds
[2026-01-06T14:40:24.206+1100] {processor.py:161} INFO - Started process (PID=92931) to work on /Users/fionatham/Documents/Projects/vogue_data_pipeline/venv/lib/python3.11/site-packages/airflow/example_dags/example_python_decorator.py
[2026-01-06T14:40:24.207+1100] {processor.py:830} INFO - Processing file /Users/fionatham/Documents/Projects/vogue_data_pipeline/venv/lib/python3.11/site-packages/airflow/example_dags/example_python_decorator.py for tasks to queue
[2026-01-06T14:40:24.208+1100] {logging_mixin.py:188} INFO - [2026-01-06T14:40:24.208+1100] {dagbag.py:545} INFO - Filling up the DagBag from /Users/fionatham/Documents/Projects/vogue_data_pipeline/venv/lib/python3.11/site-packages/airflow/example_dags/example_python_decorator.py
[2026-01-06T14:40:24.224+1100] {logging_mixin.py:188} INFO - [2026-01-06T14:40:24.224+1100] {example_python_decorator.py:80} WARNING - The virtalenv_python example task requires virtualenv, please install it.
[2026-01-06T14:40:24.225+1100] {processor.py:840} INFO - DAG(s) 'example_python_decorator' retrieved from /Users/fionatham/Documents/Projects/vogue_data_pipeline/venv/lib/python3.11/site-packages/airflow/example_dags/example_python_decorator.py
[2026-01-06T14:40:24.267+1100] {logging_mixin.py:188} INFO - [2026-01-06T14:40:24.267+1100] {dag.py:3089} INFO - Sync 1 DAGs
[2026-01-06T14:40:24.271+1100] {logging_mixin.py:188} INFO - [2026-01-06T14:40:24.271+1100] {dag.py:3947} INFO - Setting next_dagrun for example_python_decorator to None, run_after=None
[2026-01-06T14:40:24.279+1100] {processor.py:183} INFO - Processing /Users/fionatham/Documents/Projects/vogue_data_pipeline/venv/lib/python3.11/site-packages/airflow/example_dags/example_python_decorator.py took 0.075 seconds
[2026-01-06T14:42:17.254+1100] {processor.py:161} INFO - Started process (PID=93011) to work on /Users/fionatham/Documents/Projects/vogue_data_pipeline/venv/lib/python3.11/site-packages/airflow/example_dags/example_python_decorator.py
[2026-01-06T14:42:17.255+1100] {processor.py:830} INFO - Processing file /Users/fionatham/Documents/Projects/vogue_data_pipeline/venv/lib/python3.11/site-packages/airflow/example_dags/example_python_decorator.py for tasks to queue
[2026-01-06T14:42:17.256+1100] {logging_mixin.py:188} INFO - [2026-01-06T14:42:17.256+1100] {dagbag.py:545} INFO - Filling up the DagBag from /Users/fionatham/Documents/Projects/vogue_data_pipeline/venv/lib/python3.11/site-packages/airflow/example_dags/example_python_decorator.py
[2026-01-06T14:42:17.271+1100] {logging_mixin.py:188} INFO - [2026-01-06T14:42:17.271+1100] {example_python_decorator.py:80} WARNING - The virtalenv_python example task requires virtualenv, please install it.
[2026-01-06T14:42:17.272+1100] {processor.py:840} INFO - DAG(s) 'example_python_decorator' retrieved from /Users/fionatham/Documents/Projects/vogue_data_pipeline/venv/lib/python3.11/site-packages/airflow/example_dags/example_python_decorator.py
[2026-01-06T14:42:17.314+1100] {logging_mixin.py:188} INFO - [2026-01-06T14:42:17.314+1100] {dag.py:3089} INFO - Sync 1 DAGs
[2026-01-06T14:42:17.318+1100] {logging_mixin.py:188} INFO - [2026-01-06T14:42:17.318+1100] {dag.py:3947} INFO - Setting next_dagrun for example_python_decorator to None, run_after=None
[2026-01-06T14:42:17.326+1100] {processor.py:183} INFO - Processing /Users/fionatham/Documents/Projects/vogue_data_pipeline/venv/lib/python3.11/site-packages/airflow/example_dags/example_python_decorator.py took 0.073 seconds
[2026-01-06T14:44:13.342+1100] {processor.py:161} INFO - Started process (PID=93089) to work on /Users/fionatham/Documents/Projects/vogue_data_pipeline/venv/lib/python3.11/site-packages/airflow/example_dags/example_python_decorator.py
[2026-01-06T14:44:13.343+1100] {processor.py:830} INFO - Processing file /Users/fionatham/Documents/Projects/vogue_data_pipeline/venv/lib/python3.11/site-packages/airflow/example_dags/example_python_decorator.py for tasks to queue
[2026-01-06T14:44:13.343+1100] {logging_mixin.py:188} INFO - [2026-01-06T14:44:13.343+1100] {dagbag.py:545} INFO - Filling up the DagBag from /Users/fionatham/Documents/Projects/vogue_data_pipeline/venv/lib/python3.11/site-packages/airflow/example_dags/example_python_decorator.py
[2026-01-06T14:44:13.360+1100] {logging_mixin.py:188} INFO - [2026-01-06T14:44:13.359+1100] {example_python_decorator.py:80} WARNING - The virtalenv_python example task requires virtualenv, please install it.
[2026-01-06T14:44:13.361+1100] {processor.py:840} INFO - DAG(s) 'example_python_decorator' retrieved from /Users/fionatham/Documents/Projects/vogue_data_pipeline/venv/lib/python3.11/site-packages/airflow/example_dags/example_python_decorator.py
[2026-01-06T14:44:13.405+1100] {logging_mixin.py:188} INFO - [2026-01-06T14:44:13.405+1100] {dag.py:3089} INFO - Sync 1 DAGs
[2026-01-06T14:44:13.409+1100] {logging_mixin.py:188} INFO - [2026-01-06T14:44:13.409+1100] {dag.py:3947} INFO - Setting next_dagrun for example_python_decorator to None, run_after=None
[2026-01-06T14:44:13.419+1100] {processor.py:183} INFO - Processing /Users/fionatham/Documents/Projects/vogue_data_pipeline/venv/lib/python3.11/site-packages/airflow/example_dags/example_python_decorator.py took 0.079 seconds
[2026-01-06T14:46:09.580+1100] {processor.py:161} INFO - Started process (PID=93170) to work on /Users/fionatham/Documents/Projects/vogue_data_pipeline/venv/lib/python3.11/site-packages/airflow/example_dags/example_python_decorator.py
[2026-01-06T14:46:09.584+1100] {processor.py:830} INFO - Processing file /Users/fionatham/Documents/Projects/vogue_data_pipeline/venv/lib/python3.11/site-packages/airflow/example_dags/example_python_decorator.py for tasks to queue
[2026-01-06T14:46:09.584+1100] {logging_mixin.py:188} INFO - [2026-01-06T14:46:09.584+1100] {dagbag.py:545} INFO - Filling up the DagBag from /Users/fionatham/Documents/Projects/vogue_data_pipeline/venv/lib/python3.11/site-packages/airflow/example_dags/example_python_decorator.py
[2026-01-06T14:46:09.600+1100] {logging_mixin.py:188} INFO - [2026-01-06T14:46:09.600+1100] {example_python_decorator.py:80} WARNING - The virtalenv_python example task requires virtualenv, please install it.
[2026-01-06T14:46:09.601+1100] {processor.py:840} INFO - DAG(s) 'example_python_decorator' retrieved from /Users/fionatham/Documents/Projects/vogue_data_pipeline/venv/lib/python3.11/site-packages/airflow/example_dags/example_python_decorator.py
[2026-01-06T14:46:09.642+1100] {logging_mixin.py:188} INFO - [2026-01-06T14:46:09.642+1100] {dag.py:3089} INFO - Sync 1 DAGs
[2026-01-06T14:46:09.646+1100] {logging_mixin.py:188} INFO - [2026-01-06T14:46:09.646+1100] {dag.py:3947} INFO - Setting next_dagrun for example_python_decorator to None, run_after=None
[2026-01-06T14:46:09.654+1100] {processor.py:183} INFO - Processing /Users/fionatham/Documents/Projects/vogue_data_pipeline/venv/lib/python3.11/site-packages/airflow/example_dags/example_python_decorator.py took 0.075 seconds
[2026-01-06T14:48:06.026+1100] {processor.py:161} INFO - Started process (PID=93252) to work on /Users/fionatham/Documents/Projects/vogue_data_pipeline/venv/lib/python3.11/site-packages/airflow/example_dags/example_python_decorator.py
[2026-01-06T14:48:06.027+1100] {processor.py:830} INFO - Processing file /Users/fionatham/Documents/Projects/vogue_data_pipeline/venv/lib/python3.11/site-packages/airflow/example_dags/example_python_decorator.py for tasks to queue
[2026-01-06T14:48:06.028+1100] {logging_mixin.py:188} INFO - [2026-01-06T14:48:06.028+1100] {dagbag.py:545} INFO - Filling up the DagBag from /Users/fionatham/Documents/Projects/vogue_data_pipeline/venv/lib/python3.11/site-packages/airflow/example_dags/example_python_decorator.py
[2026-01-06T14:48:06.044+1100] {logging_mixin.py:188} INFO - [2026-01-06T14:48:06.043+1100] {example_python_decorator.py:80} WARNING - The virtalenv_python example task requires virtualenv, please install it.
[2026-01-06T14:48:06.044+1100] {processor.py:840} INFO - DAG(s) 'example_python_decorator' retrieved from /Users/fionatham/Documents/Projects/vogue_data_pipeline/venv/lib/python3.11/site-packages/airflow/example_dags/example_python_decorator.py
[2026-01-06T14:48:06.086+1100] {logging_mixin.py:188} INFO - [2026-01-06T14:48:06.086+1100] {dag.py:3089} INFO - Sync 1 DAGs
[2026-01-06T14:48:06.089+1100] {logging_mixin.py:188} INFO - [2026-01-06T14:48:06.089+1100] {dag.py:3947} INFO - Setting next_dagrun for example_python_decorator to None, run_after=None
[2026-01-06T14:48:06.097+1100] {processor.py:183} INFO - Processing /Users/fionatham/Documents/Projects/vogue_data_pipeline/venv/lib/python3.11/site-packages/airflow/example_dags/example_python_decorator.py took 0.072 seconds
[2026-01-06T14:50:06.827+1100] {processor.py:161} INFO - Started process (PID=93357) to work on /Users/fionatham/Documents/Projects/vogue_data_pipeline/venv/lib/python3.11/site-packages/airflow/example_dags/example_python_decorator.py
[2026-01-06T14:50:06.828+1100] {processor.py:830} INFO - Processing file /Users/fionatham/Documents/Projects/vogue_data_pipeline/venv/lib/python3.11/site-packages/airflow/example_dags/example_python_decorator.py for tasks to queue
[2026-01-06T14:50:06.828+1100] {logging_mixin.py:188} INFO - [2026-01-06T14:50:06.828+1100] {dagbag.py:545} INFO - Filling up the DagBag from /Users/fionatham/Documents/Projects/vogue_data_pipeline/venv/lib/python3.11/site-packages/airflow/example_dags/example_python_decorator.py
[2026-01-06T14:50:06.844+1100] {logging_mixin.py:188} INFO - [2026-01-06T14:50:06.844+1100] {example_python_decorator.py:80} WARNING - The virtalenv_python example task requires virtualenv, please install it.
[2026-01-06T14:50:06.845+1100] {processor.py:840} INFO - DAG(s) 'example_python_decorator' retrieved from /Users/fionatham/Documents/Projects/vogue_data_pipeline/venv/lib/python3.11/site-packages/airflow/example_dags/example_python_decorator.py
[2026-01-06T14:50:06.886+1100] {logging_mixin.py:188} INFO - [2026-01-06T14:50:06.886+1100] {dag.py:3089} INFO - Sync 1 DAGs
[2026-01-06T14:50:06.890+1100] {logging_mixin.py:188} INFO - [2026-01-06T14:50:06.889+1100] {dag.py:3947} INFO - Setting next_dagrun for example_python_decorator to None, run_after=None
[2026-01-06T14:50:06.897+1100] {processor.py:183} INFO - Processing /Users/fionatham/Documents/Projects/vogue_data_pipeline/venv/lib/python3.11/site-packages/airflow/example_dags/example_python_decorator.py took 0.071 seconds
[2026-01-06T14:51:57.721+1100] {processor.py:161} INFO - Started process (PID=93455) to work on /Users/fionatham/Documents/Projects/vogue_data_pipeline/venv/lib/python3.11/site-packages/airflow/example_dags/example_python_decorator.py
[2026-01-06T14:51:57.721+1100] {processor.py:830} INFO - Processing file /Users/fionatham/Documents/Projects/vogue_data_pipeline/venv/lib/python3.11/site-packages/airflow/example_dags/example_python_decorator.py for tasks to queue
[2026-01-06T14:51:57.722+1100] {logging_mixin.py:188} INFO - [2026-01-06T14:51:57.722+1100] {dagbag.py:545} INFO - Filling up the DagBag from /Users/fionatham/Documents/Projects/vogue_data_pipeline/venv/lib/python3.11/site-packages/airflow/example_dags/example_python_decorator.py
[2026-01-06T14:51:57.739+1100] {logging_mixin.py:188} INFO - [2026-01-06T14:51:57.738+1100] {example_python_decorator.py:80} WARNING - The virtalenv_python example task requires virtualenv, please install it.
[2026-01-06T14:51:57.739+1100] {processor.py:840} INFO - DAG(s) 'example_python_decorator' retrieved from /Users/fionatham/Documents/Projects/vogue_data_pipeline/venv/lib/python3.11/site-packages/airflow/example_dags/example_python_decorator.py
[2026-01-06T14:51:57.784+1100] {logging_mixin.py:188} INFO - [2026-01-06T14:51:57.784+1100] {dag.py:3089} INFO - Sync 1 DAGs
[2026-01-06T14:51:57.789+1100] {logging_mixin.py:188} INFO - [2026-01-06T14:51:57.789+1100] {dag.py:3947} INFO - Setting next_dagrun for example_python_decorator to None, run_after=None
[2026-01-06T14:51:57.796+1100] {processor.py:183} INFO - Processing /Users/fionatham/Documents/Projects/vogue_data_pipeline/venv/lib/python3.11/site-packages/airflow/example_dags/example_python_decorator.py took 0.077 seconds
[2026-01-06T14:53:53.522+1100] {processor.py:161} INFO - Started process (PID=93605) to work on /Users/fionatham/Documents/Projects/vogue_data_pipeline/venv/lib/python3.11/site-packages/airflow/example_dags/example_python_decorator.py
[2026-01-06T14:53:53.523+1100] {processor.py:830} INFO - Processing file /Users/fionatham/Documents/Projects/vogue_data_pipeline/venv/lib/python3.11/site-packages/airflow/example_dags/example_python_decorator.py for tasks to queue
[2026-01-06T14:53:53.523+1100] {logging_mixin.py:188} INFO - [2026-01-06T14:53:53.523+1100] {dagbag.py:545} INFO - Filling up the DagBag from /Users/fionatham/Documents/Projects/vogue_data_pipeline/venv/lib/python3.11/site-packages/airflow/example_dags/example_python_decorator.py
[2026-01-06T14:53:53.541+1100] {logging_mixin.py:188} INFO - [2026-01-06T14:53:53.540+1100] {example_python_decorator.py:80} WARNING - The virtalenv_python example task requires virtualenv, please install it.
[2026-01-06T14:53:53.542+1100] {processor.py:840} INFO - DAG(s) 'example_python_decorator' retrieved from /Users/fionatham/Documents/Projects/vogue_data_pipeline/venv/lib/python3.11/site-packages/airflow/example_dags/example_python_decorator.py
[2026-01-06T14:53:53.589+1100] {logging_mixin.py:188} INFO - [2026-01-06T14:53:53.588+1100] {dag.py:3089} INFO - Sync 1 DAGs
[2026-01-06T14:53:53.593+1100] {logging_mixin.py:188} INFO - [2026-01-06T14:53:53.593+1100] {dag.py:3947} INFO - Setting next_dagrun for example_python_decorator to None, run_after=None
[2026-01-06T14:53:53.601+1100] {processor.py:183} INFO - Processing /Users/fionatham/Documents/Projects/vogue_data_pipeline/venv/lib/python3.11/site-packages/airflow/example_dags/example_python_decorator.py took 0.081 seconds
[2026-01-06T14:55:51.050+1100] {processor.py:161} INFO - Started process (PID=93762) to work on /Users/fionatham/Documents/Projects/vogue_data_pipeline/venv/lib/python3.11/site-packages/airflow/example_dags/example_python_decorator.py
[2026-01-06T14:55:51.052+1100] {processor.py:830} INFO - Processing file /Users/fionatham/Documents/Projects/vogue_data_pipeline/venv/lib/python3.11/site-packages/airflow/example_dags/example_python_decorator.py for tasks to queue
[2026-01-06T14:55:51.052+1100] {logging_mixin.py:188} INFO - [2026-01-06T14:55:51.052+1100] {dagbag.py:545} INFO - Filling up the DagBag from /Users/fionatham/Documents/Projects/vogue_data_pipeline/venv/lib/python3.11/site-packages/airflow/example_dags/example_python_decorator.py
[2026-01-06T14:55:51.068+1100] {logging_mixin.py:188} INFO - [2026-01-06T14:55:51.068+1100] {example_python_decorator.py:80} WARNING - The virtalenv_python example task requires virtualenv, please install it.
[2026-01-06T14:55:51.069+1100] {processor.py:840} INFO - DAG(s) 'example_python_decorator' retrieved from /Users/fionatham/Documents/Projects/vogue_data_pipeline/venv/lib/python3.11/site-packages/airflow/example_dags/example_python_decorator.py
[2026-01-06T14:55:51.110+1100] {logging_mixin.py:188} INFO - [2026-01-06T14:55:51.110+1100] {dag.py:3089} INFO - Sync 1 DAGs
[2026-01-06T14:55:51.114+1100] {logging_mixin.py:188} INFO - [2026-01-06T14:55:51.113+1100] {dag.py:3947} INFO - Setting next_dagrun for example_python_decorator to None, run_after=None
[2026-01-06T14:55:51.121+1100] {processor.py:183} INFO - Processing /Users/fionatham/Documents/Projects/vogue_data_pipeline/venv/lib/python3.11/site-packages/airflow/example_dags/example_python_decorator.py took 0.072 seconds
[2026-01-06T14:57:49.774+1100] {processor.py:161} INFO - Started process (PID=93871) to work on /Users/fionatham/Documents/Projects/vogue_data_pipeline/venv/lib/python3.11/site-packages/airflow/example_dags/example_python_decorator.py
[2026-01-06T14:57:49.775+1100] {processor.py:830} INFO - Processing file /Users/fionatham/Documents/Projects/vogue_data_pipeline/venv/lib/python3.11/site-packages/airflow/example_dags/example_python_decorator.py for tasks to queue
[2026-01-06T14:57:49.775+1100] {logging_mixin.py:188} INFO - [2026-01-06T14:57:49.775+1100] {dagbag.py:545} INFO - Filling up the DagBag from /Users/fionatham/Documents/Projects/vogue_data_pipeline/venv/lib/python3.11/site-packages/airflow/example_dags/example_python_decorator.py
[2026-01-06T14:57:49.792+1100] {logging_mixin.py:188} INFO - [2026-01-06T14:57:49.792+1100] {example_python_decorator.py:80} WARNING - The virtalenv_python example task requires virtualenv, please install it.
[2026-01-06T14:57:49.793+1100] {processor.py:840} INFO - DAG(s) 'example_python_decorator' retrieved from /Users/fionatham/Documents/Projects/vogue_data_pipeline/venv/lib/python3.11/site-packages/airflow/example_dags/example_python_decorator.py
[2026-01-06T14:57:49.836+1100] {logging_mixin.py:188} INFO - [2026-01-06T14:57:49.835+1100] {dag.py:3089} INFO - Sync 1 DAGs
[2026-01-06T14:57:49.839+1100] {logging_mixin.py:188} INFO - [2026-01-06T14:57:49.839+1100] {dag.py:3947} INFO - Setting next_dagrun for example_python_decorator to None, run_after=None
[2026-01-06T14:57:49.846+1100] {processor.py:183} INFO - Processing /Users/fionatham/Documents/Projects/vogue_data_pipeline/venv/lib/python3.11/site-packages/airflow/example_dags/example_python_decorator.py took 0.074 seconds
[2026-01-06T14:59:47.891+1100] {processor.py:161} INFO - Started process (PID=94050) to work on /Users/fionatham/Documents/Projects/vogue_data_pipeline/venv/lib/python3.11/site-packages/airflow/example_dags/example_python_decorator.py
[2026-01-06T14:59:47.893+1100] {processor.py:830} INFO - Processing file /Users/fionatham/Documents/Projects/vogue_data_pipeline/venv/lib/python3.11/site-packages/airflow/example_dags/example_python_decorator.py for tasks to queue
[2026-01-06T14:59:47.893+1100] {logging_mixin.py:188} INFO - [2026-01-06T14:59:47.893+1100] {dagbag.py:545} INFO - Filling up the DagBag from /Users/fionatham/Documents/Projects/vogue_data_pipeline/venv/lib/python3.11/site-packages/airflow/example_dags/example_python_decorator.py
[2026-01-06T14:59:47.909+1100] {logging_mixin.py:188} INFO - [2026-01-06T14:59:47.909+1100] {example_python_decorator.py:80} WARNING - The virtalenv_python example task requires virtualenv, please install it.
[2026-01-06T14:59:47.910+1100] {processor.py:840} INFO - DAG(s) 'example_python_decorator' retrieved from /Users/fionatham/Documents/Projects/vogue_data_pipeline/venv/lib/python3.11/site-packages/airflow/example_dags/example_python_decorator.py
[2026-01-06T14:59:47.955+1100] {logging_mixin.py:188} INFO - [2026-01-06T14:59:47.954+1100] {dag.py:3089} INFO - Sync 1 DAGs
[2026-01-06T14:59:47.959+1100] {logging_mixin.py:188} INFO - [2026-01-06T14:59:47.958+1100] {dag.py:3947} INFO - Setting next_dagrun for example_python_decorator to None, run_after=None
[2026-01-06T14:59:47.966+1100] {processor.py:183} INFO - Processing /Users/fionatham/Documents/Projects/vogue_data_pipeline/venv/lib/python3.11/site-packages/airflow/example_dags/example_python_decorator.py took 0.076 seconds
[2026-01-06T15:01:47.109+1100] {processor.py:161} INFO - Started process (PID=94187) to work on /Users/fionatham/Documents/Projects/vogue_data_pipeline/venv/lib/python3.11/site-packages/airflow/example_dags/example_python_decorator.py
[2026-01-06T15:01:47.109+1100] {processor.py:830} INFO - Processing file /Users/fionatham/Documents/Projects/vogue_data_pipeline/venv/lib/python3.11/site-packages/airflow/example_dags/example_python_decorator.py for tasks to queue
[2026-01-06T15:01:47.110+1100] {logging_mixin.py:188} INFO - [2026-01-06T15:01:47.109+1100] {dagbag.py:545} INFO - Filling up the DagBag from /Users/fionatham/Documents/Projects/vogue_data_pipeline/venv/lib/python3.11/site-packages/airflow/example_dags/example_python_decorator.py
[2026-01-06T15:01:47.126+1100] {logging_mixin.py:188} INFO - [2026-01-06T15:01:47.126+1100] {example_python_decorator.py:80} WARNING - The virtalenv_python example task requires virtualenv, please install it.
[2026-01-06T15:01:47.127+1100] {processor.py:840} INFO - DAG(s) 'example_python_decorator' retrieved from /Users/fionatham/Documents/Projects/vogue_data_pipeline/venv/lib/python3.11/site-packages/airflow/example_dags/example_python_decorator.py
[2026-01-06T15:01:47.171+1100] {logging_mixin.py:188} INFO - [2026-01-06T15:01:47.171+1100] {dag.py:3089} INFO - Sync 1 DAGs
[2026-01-06T15:01:47.175+1100] {logging_mixin.py:188} INFO - [2026-01-06T15:01:47.175+1100] {dag.py:3947} INFO - Setting next_dagrun for example_python_decorator to None, run_after=None
[2026-01-06T15:01:47.183+1100] {processor.py:183} INFO - Processing /Users/fionatham/Documents/Projects/vogue_data_pipeline/venv/lib/python3.11/site-packages/airflow/example_dags/example_python_decorator.py took 0.076 seconds
[2026-01-06T15:03:47.381+1100] {processor.py:161} INFO - Started process (PID=94534) to work on /Users/fionatham/Documents/Projects/vogue_data_pipeline/venv/lib/python3.11/site-packages/airflow/example_dags/example_python_decorator.py
[2026-01-06T15:03:47.383+1100] {processor.py:830} INFO - Processing file /Users/fionatham/Documents/Projects/vogue_data_pipeline/venv/lib/python3.11/site-packages/airflow/example_dags/example_python_decorator.py for tasks to queue
[2026-01-06T15:03:47.383+1100] {logging_mixin.py:188} INFO - [2026-01-06T15:03:47.383+1100] {dagbag.py:545} INFO - Filling up the DagBag from /Users/fionatham/Documents/Projects/vogue_data_pipeline/venv/lib/python3.11/site-packages/airflow/example_dags/example_python_decorator.py
[2026-01-06T15:03:47.400+1100] {logging_mixin.py:188} INFO - [2026-01-06T15:03:47.400+1100] {example_python_decorator.py:80} WARNING - The virtalenv_python example task requires virtualenv, please install it.
[2026-01-06T15:03:47.401+1100] {processor.py:840} INFO - DAG(s) 'example_python_decorator' retrieved from /Users/fionatham/Documents/Projects/vogue_data_pipeline/venv/lib/python3.11/site-packages/airflow/example_dags/example_python_decorator.py
[2026-01-06T15:03:47.447+1100] {logging_mixin.py:188} INFO - [2026-01-06T15:03:47.447+1100] {dag.py:3089} INFO - Sync 1 DAGs
[2026-01-06T15:03:47.452+1100] {logging_mixin.py:188} INFO - [2026-01-06T15:03:47.452+1100] {dag.py:3947} INFO - Setting next_dagrun for example_python_decorator to None, run_after=None
[2026-01-06T15:03:47.460+1100] {processor.py:183} INFO - Processing /Users/fionatham/Documents/Projects/vogue_data_pipeline/venv/lib/python3.11/site-packages/airflow/example_dags/example_python_decorator.py took 0.080 seconds
[2026-01-06T15:05:46.621+1100] {processor.py:161} INFO - Started process (PID=94629) to work on /Users/fionatham/Documents/Projects/vogue_data_pipeline/venv/lib/python3.11/site-packages/airflow/example_dags/example_python_decorator.py
[2026-01-06T15:05:46.622+1100] {processor.py:830} INFO - Processing file /Users/fionatham/Documents/Projects/vogue_data_pipeline/venv/lib/python3.11/site-packages/airflow/example_dags/example_python_decorator.py for tasks to queue
[2026-01-06T15:05:46.622+1100] {logging_mixin.py:188} INFO - [2026-01-06T15:05:46.622+1100] {dagbag.py:545} INFO - Filling up the DagBag from /Users/fionatham/Documents/Projects/vogue_data_pipeline/venv/lib/python3.11/site-packages/airflow/example_dags/example_python_decorator.py
[2026-01-06T15:05:46.640+1100] {logging_mixin.py:188} INFO - [2026-01-06T15:05:46.640+1100] {example_python_decorator.py:80} WARNING - The virtalenv_python example task requires virtualenv, please install it.
[2026-01-06T15:05:46.641+1100] {processor.py:840} INFO - DAG(s) 'example_python_decorator' retrieved from /Users/fionatham/Documents/Projects/vogue_data_pipeline/venv/lib/python3.11/site-packages/airflow/example_dags/example_python_decorator.py
[2026-01-06T15:05:46.686+1100] {logging_mixin.py:188} INFO - [2026-01-06T15:05:46.685+1100] {dag.py:3089} INFO - Sync 1 DAGs
[2026-01-06T15:05:46.690+1100] {logging_mixin.py:188} INFO - [2026-01-06T15:05:46.690+1100] {dag.py:3947} INFO - Setting next_dagrun for example_python_decorator to None, run_after=None
[2026-01-06T15:05:46.700+1100] {processor.py:183} INFO - Processing /Users/fionatham/Documents/Projects/vogue_data_pipeline/venv/lib/python3.11/site-packages/airflow/example_dags/example_python_decorator.py took 0.081 seconds
[2026-01-06T15:12:47.254+1100] {processor.py:161} INFO - Started process (PID=95274) to work on /Users/fionatham/Documents/Projects/vogue_data_pipeline/venv/lib/python3.11/site-packages/airflow/example_dags/example_python_decorator.py
[2026-01-06T15:12:47.254+1100] {processor.py:830} INFO - Processing file /Users/fionatham/Documents/Projects/vogue_data_pipeline/venv/lib/python3.11/site-packages/airflow/example_dags/example_python_decorator.py for tasks to queue
[2026-01-06T15:12:47.255+1100] {logging_mixin.py:188} INFO - [2026-01-06T15:12:47.255+1100] {dagbag.py:545} INFO - Filling up the DagBag from /Users/fionatham/Documents/Projects/vogue_data_pipeline/venv/lib/python3.11/site-packages/airflow/example_dags/example_python_decorator.py
[2026-01-06T15:12:47.272+1100] {logging_mixin.py:188} INFO - [2026-01-06T15:12:47.272+1100] {example_python_decorator.py:80} WARNING - The virtalenv_python example task requires virtualenv, please install it.
[2026-01-06T15:12:47.273+1100] {processor.py:840} INFO - DAG(s) 'example_python_decorator' retrieved from /Users/fionatham/Documents/Projects/vogue_data_pipeline/venv/lib/python3.11/site-packages/airflow/example_dags/example_python_decorator.py
[2026-01-06T15:12:47.314+1100] {logging_mixin.py:188} INFO - [2026-01-06T15:12:47.314+1100] {dag.py:3089} INFO - Sync 1 DAGs
[2026-01-06T15:12:47.318+1100] {logging_mixin.py:188} INFO - [2026-01-06T15:12:47.317+1100] {dag.py:3947} INFO - Setting next_dagrun for example_python_decorator to None, run_after=None
[2026-01-06T15:12:47.325+1100] {processor.py:183} INFO - Processing /Users/fionatham/Documents/Projects/vogue_data_pipeline/venv/lib/python3.11/site-packages/airflow/example_dags/example_python_decorator.py took 0.073 seconds
[2026-01-06T15:14:19.782+1100] {processor.py:161} INFO - Started process (PID=95381) to work on /Users/fionatham/Documents/Projects/vogue_data_pipeline/venv/lib/python3.11/site-packages/airflow/example_dags/example_python_decorator.py
[2026-01-06T15:14:19.783+1100] {processor.py:830} INFO - Processing file /Users/fionatham/Documents/Projects/vogue_data_pipeline/venv/lib/python3.11/site-packages/airflow/example_dags/example_python_decorator.py for tasks to queue
[2026-01-06T15:14:19.784+1100] {logging_mixin.py:188} INFO - [2026-01-06T15:14:19.784+1100] {dagbag.py:545} INFO - Filling up the DagBag from /Users/fionatham/Documents/Projects/vogue_data_pipeline/venv/lib/python3.11/site-packages/airflow/example_dags/example_python_decorator.py
[2026-01-06T15:14:19.800+1100] {logging_mixin.py:188} INFO - [2026-01-06T15:14:19.799+1100] {example_python_decorator.py:80} WARNING - The virtalenv_python example task requires virtualenv, please install it.
[2026-01-06T15:14:19.800+1100] {processor.py:840} INFO - DAG(s) 'example_python_decorator' retrieved from /Users/fionatham/Documents/Projects/vogue_data_pipeline/venv/lib/python3.11/site-packages/airflow/example_dags/example_python_decorator.py
[2026-01-06T15:14:19.843+1100] {logging_mixin.py:188} INFO - [2026-01-06T15:14:19.843+1100] {dag.py:3089} INFO - Sync 1 DAGs
[2026-01-06T15:14:19.847+1100] {logging_mixin.py:188} INFO - [2026-01-06T15:14:19.847+1100] {dag.py:3947} INFO - Setting next_dagrun for example_python_decorator to None, run_after=None
[2026-01-06T15:14:19.854+1100] {processor.py:183} INFO - Processing /Users/fionatham/Documents/Projects/vogue_data_pipeline/venv/lib/python3.11/site-packages/airflow/example_dags/example_python_decorator.py took 0.074 seconds
[2026-01-06T18:03:48.656+1100] {processor.py:161} INFO - Started process (PID=95586) to work on /Users/fionatham/Documents/Projects/vogue_data_pipeline/venv/lib/python3.11/site-packages/airflow/example_dags/example_python_decorator.py
[2026-01-06T18:03:48.656+1100] {processor.py:830} INFO - Processing file /Users/fionatham/Documents/Projects/vogue_data_pipeline/venv/lib/python3.11/site-packages/airflow/example_dags/example_python_decorator.py for tasks to queue
[2026-01-06T18:03:48.657+1100] {logging_mixin.py:188} INFO - [2026-01-06T18:03:48.656+1100] {dagbag.py:545} INFO - Filling up the DagBag from /Users/fionatham/Documents/Projects/vogue_data_pipeline/venv/lib/python3.11/site-packages/airflow/example_dags/example_python_decorator.py
[2026-01-06T18:03:48.672+1100] {logging_mixin.py:188} INFO - [2026-01-06T18:03:48.672+1100] {example_python_decorator.py:80} WARNING - The virtalenv_python example task requires virtualenv, please install it.
[2026-01-06T18:03:48.673+1100] {processor.py:840} INFO - DAG(s) 'example_python_decorator' retrieved from /Users/fionatham/Documents/Projects/vogue_data_pipeline/venv/lib/python3.11/site-packages/airflow/example_dags/example_python_decorator.py
[2026-01-06T18:03:48.717+1100] {logging_mixin.py:188} INFO - [2026-01-06T18:03:48.717+1100] {dag.py:3089} INFO - Sync 1 DAGs
[2026-01-06T18:03:48.721+1100] {logging_mixin.py:188} INFO - [2026-01-06T18:03:48.721+1100] {dag.py:3947} INFO - Setting next_dagrun for example_python_decorator to None, run_after=None
[2026-01-06T18:03:48.728+1100] {processor.py:183} INFO - Processing /Users/fionatham/Documents/Projects/vogue_data_pipeline/venv/lib/python3.11/site-packages/airflow/example_dags/example_python_decorator.py took 0.074 seconds
[2026-01-06T20:51:37.905+1100] {processor.py:161} INFO - Started process (PID=95740) to work on /Users/fionatham/Documents/Projects/vogue_data_pipeline/venv/lib/python3.11/site-packages/airflow/example_dags/example_python_decorator.py
[2026-01-06T20:51:37.906+1100] {processor.py:830} INFO - Processing file /Users/fionatham/Documents/Projects/vogue_data_pipeline/venv/lib/python3.11/site-packages/airflow/example_dags/example_python_decorator.py for tasks to queue
[2026-01-06T20:51:37.907+1100] {logging_mixin.py:188} INFO - [2026-01-06T20:51:37.907+1100] {dagbag.py:545} INFO - Filling up the DagBag from /Users/fionatham/Documents/Projects/vogue_data_pipeline/venv/lib/python3.11/site-packages/airflow/example_dags/example_python_decorator.py
[2026-01-06T20:51:37.931+1100] {logging_mixin.py:188} INFO - [2026-01-06T20:51:37.931+1100] {example_python_decorator.py:80} WARNING - The virtalenv_python example task requires virtualenv, please install it.
[2026-01-06T20:51:37.932+1100] {processor.py:840} INFO - DAG(s) 'example_python_decorator' retrieved from /Users/fionatham/Documents/Projects/vogue_data_pipeline/venv/lib/python3.11/site-packages/airflow/example_dags/example_python_decorator.py
[2026-01-06T20:51:38.009+1100] {logging_mixin.py:188} INFO - [2026-01-06T20:51:38.008+1100] {dag.py:3089} INFO - Sync 1 DAGs
[2026-01-06T20:51:38.016+1100] {logging_mixin.py:188} INFO - [2026-01-06T20:51:38.016+1100] {dag.py:3947} INFO - Setting next_dagrun for example_python_decorator to None, run_after=None
[2026-01-06T20:51:38.029+1100] {processor.py:183} INFO - Processing /Users/fionatham/Documents/Projects/vogue_data_pipeline/venv/lib/python3.11/site-packages/airflow/example_dags/example_python_decorator.py took 0.126 seconds
[2026-01-06T21:36:30.031+1100] {processor.py:161} INFO - Started process (PID=95863) to work on /Users/fionatham/Documents/Projects/vogue_data_pipeline/venv/lib/python3.11/site-packages/airflow/example_dags/example_python_decorator.py
[2026-01-06T21:36:30.031+1100] {processor.py:830} INFO - Processing file /Users/fionatham/Documents/Projects/vogue_data_pipeline/venv/lib/python3.11/site-packages/airflow/example_dags/example_python_decorator.py for tasks to queue
[2026-01-06T21:36:30.032+1100] {logging_mixin.py:188} INFO - [2026-01-06T21:36:30.031+1100] {dagbag.py:545} INFO - Filling up the DagBag from /Users/fionatham/Documents/Projects/vogue_data_pipeline/venv/lib/python3.11/site-packages/airflow/example_dags/example_python_decorator.py
[2026-01-06T21:36:30.048+1100] {logging_mixin.py:188} INFO - [2026-01-06T21:36:30.048+1100] {example_python_decorator.py:80} WARNING - The virtalenv_python example task requires virtualenv, please install it.
[2026-01-06T21:36:30.049+1100] {processor.py:840} INFO - DAG(s) 'example_python_decorator' retrieved from /Users/fionatham/Documents/Projects/vogue_data_pipeline/venv/lib/python3.11/site-packages/airflow/example_dags/example_python_decorator.py
[2026-01-06T21:36:30.093+1100] {logging_mixin.py:188} INFO - [2026-01-06T21:36:30.093+1100] {dag.py:3089} INFO - Sync 1 DAGs
[2026-01-06T21:36:30.097+1100] {logging_mixin.py:188} INFO - [2026-01-06T21:36:30.097+1100] {dag.py:3947} INFO - Setting next_dagrun for example_python_decorator to None, run_after=None
[2026-01-06T21:36:30.105+1100] {processor.py:183} INFO - Processing /Users/fionatham/Documents/Projects/vogue_data_pipeline/venv/lib/python3.11/site-packages/airflow/example_dags/example_python_decorator.py took 0.075 seconds
[2026-01-06T23:39:04.844+1100] {processor.py:161} INFO - Started process (PID=95985) to work on /Users/fionatham/Documents/Projects/vogue_data_pipeline/venv/lib/python3.11/site-packages/airflow/example_dags/example_python_decorator.py
[2026-01-06T23:39:04.845+1100] {processor.py:830} INFO - Processing file /Users/fionatham/Documents/Projects/vogue_data_pipeline/venv/lib/python3.11/site-packages/airflow/example_dags/example_python_decorator.py for tasks to queue
[2026-01-06T23:39:04.845+1100] {logging_mixin.py:188} INFO - [2026-01-06T23:39:04.845+1100] {dagbag.py:545} INFO - Filling up the DagBag from /Users/fionatham/Documents/Projects/vogue_data_pipeline/venv/lib/python3.11/site-packages/airflow/example_dags/example_python_decorator.py
[2026-01-06T23:39:04.862+1100] {logging_mixin.py:188} INFO - [2026-01-06T23:39:04.862+1100] {example_python_decorator.py:80} WARNING - The virtalenv_python example task requires virtualenv, please install it.
[2026-01-06T23:39:04.863+1100] {processor.py:840} INFO - DAG(s) 'example_python_decorator' retrieved from /Users/fionatham/Documents/Projects/vogue_data_pipeline/venv/lib/python3.11/site-packages/airflow/example_dags/example_python_decorator.py
[2026-01-06T23:39:04.906+1100] {logging_mixin.py:188} INFO - [2026-01-06T23:39:04.906+1100] {dag.py:3089} INFO - Sync 1 DAGs
[2026-01-06T23:39:04.910+1100] {logging_mixin.py:188} INFO - [2026-01-06T23:39:04.910+1100] {dag.py:3947} INFO - Setting next_dagrun for example_python_decorator to None, run_after=None
[2026-01-06T23:39:04.917+1100] {processor.py:183} INFO - Processing /Users/fionatham/Documents/Projects/vogue_data_pipeline/venv/lib/python3.11/site-packages/airflow/example_dags/example_python_decorator.py took 0.074 seconds
