[2026-01-06T13:57:42.370+1100] {processor.py:161} INFO - Started process (PID=85427) to work on /Users/fionatham/Documents/Projects/vogue_data_pipeline/venv/lib/python3.11/site-packages/airflow/example_dags/example_display_name.py
[2026-01-06T13:57:42.371+1100] {processor.py:830} INFO - Processing file /Users/fionatham/Documents/Projects/vogue_data_pipeline/venv/lib/python3.11/site-packages/airflow/example_dags/example_display_name.py for tasks to queue
[2026-01-06T13:57:42.371+1100] {logging_mixin.py:188} INFO - [2026-01-06T13:57:42.371+1100] {dagbag.py:545} INFO - Filling up the DagBag from /Users/fionatham/Documents/Projects/vogue_data_pipeline/venv/lib/python3.11/site-packages/airflow/example_dags/example_display_name.py
[2026-01-06T13:57:42.389+1100] {processor.py:840} INFO - DAG(s) 'example_display_name' retrieved from /Users/fionatham/Documents/Projects/vogue_data_pipeline/venv/lib/python3.11/site-packages/airflow/example_dags/example_display_name.py
[2026-01-06T13:57:42.496+1100] {logging_mixin.py:188} INFO - [2026-01-06T13:57:42.495+1100] {override.py:1858} INFO - Created Permission View: can edit on DAG:example_display_name
[2026-01-06T13:57:42.500+1100] {logging_mixin.py:188} INFO - [2026-01-06T13:57:42.499+1100] {override.py:1858} INFO - Created Permission View: can delete on DAG:example_display_name
[2026-01-06T13:57:42.502+1100] {logging_mixin.py:188} INFO - [2026-01-06T13:57:42.502+1100] {override.py:1858} INFO - Created Permission View: can read on DAG:example_display_name
[2026-01-06T13:57:42.502+1100] {logging_mixin.py:188} INFO - [2026-01-06T13:57:42.502+1100] {dag.py:3089} INFO - Sync 1 DAGs
[2026-01-06T13:57:42.506+1100] {logging_mixin.py:188} INFO - [2026-01-06T13:57:42.506+1100] {dag.py:3111} INFO - Creating ORM DAG for example_display_name
[2026-01-06T13:57:42.506+1100] {logging_mixin.py:188} INFO - [2026-01-06T13:57:42.506+1100] {dag.py:3947} INFO - Setting next_dagrun for example_display_name to None, run_after=None
[2026-01-06T13:57:42.513+1100] {processor.py:183} INFO - Processing /Users/fionatham/Documents/Projects/vogue_data_pipeline/venv/lib/python3.11/site-packages/airflow/example_dags/example_display_name.py took 0.144 seconds
[2026-01-06T13:59:44.257+1100] {processor.py:161} INFO - Started process (PID=86777) to work on /Users/fionatham/Documents/Projects/vogue_data_pipeline/venv/lib/python3.11/site-packages/airflow/example_dags/example_display_name.py
[2026-01-06T13:59:44.258+1100] {processor.py:830} INFO - Processing file /Users/fionatham/Documents/Projects/vogue_data_pipeline/venv/lib/python3.11/site-packages/airflow/example_dags/example_display_name.py for tasks to queue
[2026-01-06T13:59:44.258+1100] {logging_mixin.py:188} INFO - [2026-01-06T13:59:44.258+1100] {dagbag.py:545} INFO - Filling up the DagBag from /Users/fionatham/Documents/Projects/vogue_data_pipeline/venv/lib/python3.11/site-packages/airflow/example_dags/example_display_name.py
[2026-01-06T13:59:44.276+1100] {processor.py:840} INFO - DAG(s) 'example_display_name' retrieved from /Users/fionatham/Documents/Projects/vogue_data_pipeline/venv/lib/python3.11/site-packages/airflow/example_dags/example_display_name.py
[2026-01-06T13:59:44.320+1100] {logging_mixin.py:188} INFO - [2026-01-06T13:59:44.320+1100] {dag.py:3089} INFO - Sync 1 DAGs
[2026-01-06T13:59:44.325+1100] {logging_mixin.py:188} INFO - [2026-01-06T13:59:44.325+1100] {dag.py:3947} INFO - Setting next_dagrun for example_display_name to None, run_after=None
[2026-01-06T13:59:44.333+1100] {processor.py:183} INFO - Processing /Users/fionatham/Documents/Projects/vogue_data_pipeline/venv/lib/python3.11/site-packages/airflow/example_dags/example_display_name.py took 0.078 seconds
[2026-01-06T14:01:43.995+1100] {processor.py:161} INFO - Started process (PID=87050) to work on /Users/fionatham/Documents/Projects/vogue_data_pipeline/venv/lib/python3.11/site-packages/airflow/example_dags/example_display_name.py
[2026-01-06T14:01:43.997+1100] {processor.py:830} INFO - Processing file /Users/fionatham/Documents/Projects/vogue_data_pipeline/venv/lib/python3.11/site-packages/airflow/example_dags/example_display_name.py for tasks to queue
[2026-01-06T14:01:43.997+1100] {logging_mixin.py:188} INFO - [2026-01-06T14:01:43.997+1100] {dagbag.py:545} INFO - Filling up the DagBag from /Users/fionatham/Documents/Projects/vogue_data_pipeline/venv/lib/python3.11/site-packages/airflow/example_dags/example_display_name.py
[2026-01-06T14:01:44.014+1100] {processor.py:840} INFO - DAG(s) 'example_display_name' retrieved from /Users/fionatham/Documents/Projects/vogue_data_pipeline/venv/lib/python3.11/site-packages/airflow/example_dags/example_display_name.py
[2026-01-06T14:01:44.059+1100] {logging_mixin.py:188} INFO - [2026-01-06T14:01:44.059+1100] {dag.py:3089} INFO - Sync 1 DAGs
[2026-01-06T14:01:44.063+1100] {logging_mixin.py:188} INFO - [2026-01-06T14:01:44.063+1100] {dag.py:3947} INFO - Setting next_dagrun for example_display_name to None, run_after=None
[2026-01-06T14:01:44.076+1100] {processor.py:183} INFO - Processing /Users/fionatham/Documents/Projects/vogue_data_pipeline/venv/lib/python3.11/site-packages/airflow/example_dags/example_display_name.py took 0.082 seconds
[2026-01-06T14:03:47.982+1100] {processor.py:161} INFO - Started process (PID=87224) to work on /Users/fionatham/Documents/Projects/vogue_data_pipeline/venv/lib/python3.11/site-packages/airflow/example_dags/example_display_name.py
[2026-01-06T14:03:47.983+1100] {processor.py:830} INFO - Processing file /Users/fionatham/Documents/Projects/vogue_data_pipeline/venv/lib/python3.11/site-packages/airflow/example_dags/example_display_name.py for tasks to queue
[2026-01-06T14:03:47.983+1100] {logging_mixin.py:188} INFO - [2026-01-06T14:03:47.983+1100] {dagbag.py:545} INFO - Filling up the DagBag from /Users/fionatham/Documents/Projects/vogue_data_pipeline/venv/lib/python3.11/site-packages/airflow/example_dags/example_display_name.py
[2026-01-06T14:03:48.003+1100] {processor.py:840} INFO - DAG(s) 'example_display_name' retrieved from /Users/fionatham/Documents/Projects/vogue_data_pipeline/venv/lib/python3.11/site-packages/airflow/example_dags/example_display_name.py
[2026-01-06T14:03:48.069+1100] {logging_mixin.py:188} INFO - [2026-01-06T14:03:48.069+1100] {dag.py:3089} INFO - Sync 1 DAGs
[2026-01-06T14:03:48.075+1100] {logging_mixin.py:188} INFO - [2026-01-06T14:03:48.075+1100] {dag.py:3947} INFO - Setting next_dagrun for example_display_name to None, run_after=None
[2026-01-06T14:03:48.086+1100] {processor.py:183} INFO - Processing /Users/fionatham/Documents/Projects/vogue_data_pipeline/venv/lib/python3.11/site-packages/airflow/example_dags/example_display_name.py took 0.106 seconds
[2026-01-06T14:05:45.961+1100] {processor.py:161} INFO - Started process (PID=87443) to work on /Users/fionatham/Documents/Projects/vogue_data_pipeline/venv/lib/python3.11/site-packages/airflow/example_dags/example_display_name.py
[2026-01-06T14:05:45.961+1100] {processor.py:830} INFO - Processing file /Users/fionatham/Documents/Projects/vogue_data_pipeline/venv/lib/python3.11/site-packages/airflow/example_dags/example_display_name.py for tasks to queue
[2026-01-06T14:05:45.962+1100] {logging_mixin.py:188} INFO - [2026-01-06T14:05:45.962+1100] {dagbag.py:545} INFO - Filling up the DagBag from /Users/fionatham/Documents/Projects/vogue_data_pipeline/venv/lib/python3.11/site-packages/airflow/example_dags/example_display_name.py
[2026-01-06T14:05:45.978+1100] {processor.py:840} INFO - DAG(s) 'example_display_name' retrieved from /Users/fionatham/Documents/Projects/vogue_data_pipeline/venv/lib/python3.11/site-packages/airflow/example_dags/example_display_name.py
[2026-01-06T14:05:46.022+1100] {logging_mixin.py:188} INFO - [2026-01-06T14:05:46.022+1100] {dag.py:3089} INFO - Sync 1 DAGs
[2026-01-06T14:05:46.026+1100] {logging_mixin.py:188} INFO - [2026-01-06T14:05:46.026+1100] {dag.py:3947} INFO - Setting next_dagrun for example_display_name to None, run_after=None
[2026-01-06T14:05:46.033+1100] {processor.py:183} INFO - Processing /Users/fionatham/Documents/Projects/vogue_data_pipeline/venv/lib/python3.11/site-packages/airflow/example_dags/example_display_name.py took 0.074 seconds
[2026-01-06T14:07:48.747+1100] {processor.py:161} INFO - Started process (PID=87637) to work on /Users/fionatham/Documents/Projects/vogue_data_pipeline/venv/lib/python3.11/site-packages/airflow/example_dags/example_display_name.py
[2026-01-06T14:07:48.748+1100] {processor.py:830} INFO - Processing file /Users/fionatham/Documents/Projects/vogue_data_pipeline/venv/lib/python3.11/site-packages/airflow/example_dags/example_display_name.py for tasks to queue
[2026-01-06T14:07:48.748+1100] {logging_mixin.py:188} INFO - [2026-01-06T14:07:48.748+1100] {dagbag.py:545} INFO - Filling up the DagBag from /Users/fionatham/Documents/Projects/vogue_data_pipeline/venv/lib/python3.11/site-packages/airflow/example_dags/example_display_name.py
[2026-01-06T14:07:48.766+1100] {processor.py:840} INFO - DAG(s) 'example_display_name' retrieved from /Users/fionatham/Documents/Projects/vogue_data_pipeline/venv/lib/python3.11/site-packages/airflow/example_dags/example_display_name.py
[2026-01-06T14:07:48.810+1100] {logging_mixin.py:188} INFO - [2026-01-06T14:07:48.810+1100] {dag.py:3089} INFO - Sync 1 DAGs
[2026-01-06T14:07:48.815+1100] {logging_mixin.py:188} INFO - [2026-01-06T14:07:48.815+1100] {dag.py:3947} INFO - Setting next_dagrun for example_display_name to None, run_after=None
[2026-01-06T14:07:48.822+1100] {processor.py:183} INFO - Processing /Users/fionatham/Documents/Projects/vogue_data_pipeline/venv/lib/python3.11/site-packages/airflow/example_dags/example_display_name.py took 0.077 seconds
[2026-01-06T14:09:44.903+1100] {processor.py:161} INFO - Started process (PID=87716) to work on /Users/fionatham/Documents/Projects/vogue_data_pipeline/venv/lib/python3.11/site-packages/airflow/example_dags/example_display_name.py
[2026-01-06T14:09:44.903+1100] {processor.py:830} INFO - Processing file /Users/fionatham/Documents/Projects/vogue_data_pipeline/venv/lib/python3.11/site-packages/airflow/example_dags/example_display_name.py for tasks to queue
[2026-01-06T14:09:44.904+1100] {logging_mixin.py:188} INFO - [2026-01-06T14:09:44.903+1100] {dagbag.py:545} INFO - Filling up the DagBag from /Users/fionatham/Documents/Projects/vogue_data_pipeline/venv/lib/python3.11/site-packages/airflow/example_dags/example_display_name.py
[2026-01-06T14:09:44.919+1100] {processor.py:840} INFO - DAG(s) 'example_display_name' retrieved from /Users/fionatham/Documents/Projects/vogue_data_pipeline/venv/lib/python3.11/site-packages/airflow/example_dags/example_display_name.py
[2026-01-06T14:09:44.959+1100] {logging_mixin.py:188} INFO - [2026-01-06T14:09:44.959+1100] {dag.py:3089} INFO - Sync 1 DAGs
[2026-01-06T14:09:44.963+1100] {logging_mixin.py:188} INFO - [2026-01-06T14:09:44.963+1100] {dag.py:3947} INFO - Setting next_dagrun for example_display_name to None, run_after=None
[2026-01-06T14:09:44.970+1100] {processor.py:183} INFO - Processing /Users/fionatham/Documents/Projects/vogue_data_pipeline/venv/lib/python3.11/site-packages/airflow/example_dags/example_display_name.py took 0.069 seconds
[2026-01-06T14:11:42.140+1100] {processor.py:161} INFO - Started process (PID=87888) to work on /Users/fionatham/Documents/Projects/vogue_data_pipeline/venv/lib/python3.11/site-packages/airflow/example_dags/example_display_name.py
[2026-01-06T14:11:42.140+1100] {processor.py:830} INFO - Processing file /Users/fionatham/Documents/Projects/vogue_data_pipeline/venv/lib/python3.11/site-packages/airflow/example_dags/example_display_name.py for tasks to queue
[2026-01-06T14:11:42.141+1100] {logging_mixin.py:188} INFO - [2026-01-06T14:11:42.141+1100] {dagbag.py:545} INFO - Filling up the DagBag from /Users/fionatham/Documents/Projects/vogue_data_pipeline/venv/lib/python3.11/site-packages/airflow/example_dags/example_display_name.py
[2026-01-06T14:11:42.156+1100] {processor.py:840} INFO - DAG(s) 'example_display_name' retrieved from /Users/fionatham/Documents/Projects/vogue_data_pipeline/venv/lib/python3.11/site-packages/airflow/example_dags/example_display_name.py
[2026-01-06T14:11:42.197+1100] {logging_mixin.py:188} INFO - [2026-01-06T14:11:42.197+1100] {dag.py:3089} INFO - Sync 1 DAGs
[2026-01-06T14:11:42.201+1100] {logging_mixin.py:188} INFO - [2026-01-06T14:11:42.201+1100] {dag.py:3947} INFO - Setting next_dagrun for example_display_name to None, run_after=None
[2026-01-06T14:11:42.208+1100] {processor.py:183} INFO - Processing /Users/fionatham/Documents/Projects/vogue_data_pipeline/venv/lib/python3.11/site-packages/airflow/example_dags/example_display_name.py took 0.070 seconds
[2026-01-06T14:13:48.623+1100] {processor.py:161} INFO - Started process (PID=88039) to work on /Users/fionatham/Documents/Projects/vogue_data_pipeline/venv/lib/python3.11/site-packages/airflow/example_dags/example_display_name.py
[2026-01-06T14:13:48.624+1100] {processor.py:830} INFO - Processing file /Users/fionatham/Documents/Projects/vogue_data_pipeline/venv/lib/python3.11/site-packages/airflow/example_dags/example_display_name.py for tasks to queue
[2026-01-06T14:13:48.624+1100] {logging_mixin.py:188} INFO - [2026-01-06T14:13:48.624+1100] {dagbag.py:545} INFO - Filling up the DagBag from /Users/fionatham/Documents/Projects/vogue_data_pipeline/venv/lib/python3.11/site-packages/airflow/example_dags/example_display_name.py
[2026-01-06T14:13:48.641+1100] {processor.py:840} INFO - DAG(s) 'example_display_name' retrieved from /Users/fionatham/Documents/Projects/vogue_data_pipeline/venv/lib/python3.11/site-packages/airflow/example_dags/example_display_name.py
[2026-01-06T14:13:48.685+1100] {logging_mixin.py:188} INFO - [2026-01-06T14:13:48.684+1100] {dag.py:3089} INFO - Sync 1 DAGs
[2026-01-06T14:13:48.688+1100] {logging_mixin.py:188} INFO - [2026-01-06T14:13:48.688+1100] {dag.py:3947} INFO - Setting next_dagrun for example_display_name to None, run_after=None
[2026-01-06T14:13:48.697+1100] {processor.py:183} INFO - Processing /Users/fionatham/Documents/Projects/vogue_data_pipeline/venv/lib/python3.11/site-packages/airflow/example_dags/example_display_name.py took 0.076 seconds
[2026-01-06T14:15:48.704+1100] {processor.py:161} INFO - Started process (PID=88966) to work on /Users/fionatham/Documents/Projects/vogue_data_pipeline/venv/lib/python3.11/site-packages/airflow/example_dags/example_display_name.py
[2026-01-06T14:15:48.706+1100] {processor.py:830} INFO - Processing file /Users/fionatham/Documents/Projects/vogue_data_pipeline/venv/lib/python3.11/site-packages/airflow/example_dags/example_display_name.py for tasks to queue
[2026-01-06T14:15:48.706+1100] {logging_mixin.py:188} INFO - [2026-01-06T14:15:48.706+1100] {dagbag.py:545} INFO - Filling up the DagBag from /Users/fionatham/Documents/Projects/vogue_data_pipeline/venv/lib/python3.11/site-packages/airflow/example_dags/example_display_name.py
[2026-01-06T14:15:48.721+1100] {processor.py:840} INFO - DAG(s) 'example_display_name' retrieved from /Users/fionatham/Documents/Projects/vogue_data_pipeline/venv/lib/python3.11/site-packages/airflow/example_dags/example_display_name.py
[2026-01-06T14:15:48.761+1100] {logging_mixin.py:188} INFO - [2026-01-06T14:15:48.761+1100] {dag.py:3089} INFO - Sync 1 DAGs
[2026-01-06T14:15:48.765+1100] {logging_mixin.py:188} INFO - [2026-01-06T14:15:48.765+1100] {dag.py:3947} INFO - Setting next_dagrun for example_display_name to None, run_after=None
[2026-01-06T14:15:48.772+1100] {processor.py:183} INFO - Processing /Users/fionatham/Documents/Projects/vogue_data_pipeline/venv/lib/python3.11/site-packages/airflow/example_dags/example_display_name.py took 0.069 seconds
[2026-01-06T14:17:42.359+1100] {processor.py:161} INFO - Started process (PID=89379) to work on /Users/fionatham/Documents/Projects/vogue_data_pipeline/venv/lib/python3.11/site-packages/airflow/example_dags/example_display_name.py
[2026-01-06T14:17:42.360+1100] {processor.py:830} INFO - Processing file /Users/fionatham/Documents/Projects/vogue_data_pipeline/venv/lib/python3.11/site-packages/airflow/example_dags/example_display_name.py for tasks to queue
[2026-01-06T14:17:42.360+1100] {logging_mixin.py:188} INFO - [2026-01-06T14:17:42.360+1100] {dagbag.py:545} INFO - Filling up the DagBag from /Users/fionatham/Documents/Projects/vogue_data_pipeline/venv/lib/python3.11/site-packages/airflow/example_dags/example_display_name.py
[2026-01-06T14:17:42.385+1100] {processor.py:840} INFO - DAG(s) 'example_display_name' retrieved from /Users/fionatham/Documents/Projects/vogue_data_pipeline/venv/lib/python3.11/site-packages/airflow/example_dags/example_display_name.py
[2026-01-06T14:17:42.430+1100] {logging_mixin.py:188} INFO - [2026-01-06T14:17:42.430+1100] {dag.py:3089} INFO - Sync 1 DAGs
[2026-01-06T14:17:42.434+1100] {logging_mixin.py:188} INFO - [2026-01-06T14:17:42.434+1100] {dag.py:3947} INFO - Setting next_dagrun for example_display_name to None, run_after=None
[2026-01-06T14:17:42.442+1100] {processor.py:183} INFO - Processing /Users/fionatham/Documents/Projects/vogue_data_pipeline/venv/lib/python3.11/site-packages/airflow/example_dags/example_display_name.py took 0.084 seconds
[2026-01-06T14:19:43.806+1100] {processor.py:161} INFO - Started process (PID=89937) to work on /Users/fionatham/Documents/Projects/vogue_data_pipeline/venv/lib/python3.11/site-packages/airflow/example_dags/example_display_name.py
[2026-01-06T14:19:43.806+1100] {processor.py:830} INFO - Processing file /Users/fionatham/Documents/Projects/vogue_data_pipeline/venv/lib/python3.11/site-packages/airflow/example_dags/example_display_name.py for tasks to queue
[2026-01-06T14:19:43.807+1100] {logging_mixin.py:188} INFO - [2026-01-06T14:19:43.807+1100] {dagbag.py:545} INFO - Filling up the DagBag from /Users/fionatham/Documents/Projects/vogue_data_pipeline/venv/lib/python3.11/site-packages/airflow/example_dags/example_display_name.py
[2026-01-06T14:19:43.824+1100] {processor.py:840} INFO - DAG(s) 'example_display_name' retrieved from /Users/fionatham/Documents/Projects/vogue_data_pipeline/venv/lib/python3.11/site-packages/airflow/example_dags/example_display_name.py
[2026-01-06T14:19:43.869+1100] {logging_mixin.py:188} INFO - [2026-01-06T14:19:43.869+1100] {dag.py:3089} INFO - Sync 1 DAGs
[2026-01-06T14:19:43.874+1100] {logging_mixin.py:188} INFO - [2026-01-06T14:19:43.874+1100] {dag.py:3947} INFO - Setting next_dagrun for example_display_name to None, run_after=None
[2026-01-06T14:19:43.882+1100] {processor.py:183} INFO - Processing /Users/fionatham/Documents/Projects/vogue_data_pipeline/venv/lib/python3.11/site-packages/airflow/example_dags/example_display_name.py took 0.077 seconds
[2026-01-06T14:21:45.286+1100] {processor.py:161} INFO - Started process (PID=90041) to work on /Users/fionatham/Documents/Projects/vogue_data_pipeline/venv/lib/python3.11/site-packages/airflow/example_dags/example_display_name.py
[2026-01-06T14:21:45.288+1100] {processor.py:830} INFO - Processing file /Users/fionatham/Documents/Projects/vogue_data_pipeline/venv/lib/python3.11/site-packages/airflow/example_dags/example_display_name.py for tasks to queue
[2026-01-06T14:21:45.288+1100] {logging_mixin.py:188} INFO - [2026-01-06T14:21:45.288+1100] {dagbag.py:545} INFO - Filling up the DagBag from /Users/fionatham/Documents/Projects/vogue_data_pipeline/venv/lib/python3.11/site-packages/airflow/example_dags/example_display_name.py
[2026-01-06T14:21:45.303+1100] {processor.py:840} INFO - DAG(s) 'example_display_name' retrieved from /Users/fionatham/Documents/Projects/vogue_data_pipeline/venv/lib/python3.11/site-packages/airflow/example_dags/example_display_name.py
[2026-01-06T14:21:45.344+1100] {logging_mixin.py:188} INFO - [2026-01-06T14:21:45.344+1100] {dag.py:3089} INFO - Sync 1 DAGs
[2026-01-06T14:21:45.348+1100] {logging_mixin.py:188} INFO - [2026-01-06T14:21:45.348+1100] {dag.py:3947} INFO - Setting next_dagrun for example_display_name to None, run_after=None
[2026-01-06T14:21:45.355+1100] {processor.py:183} INFO - Processing /Users/fionatham/Documents/Projects/vogue_data_pipeline/venv/lib/python3.11/site-packages/airflow/example_dags/example_display_name.py took 0.070 seconds
[2026-01-06T14:23:37.090+1100] {processor.py:161} INFO - Started process (PID=90130) to work on /Users/fionatham/Documents/Projects/vogue_data_pipeline/venv/lib/python3.11/site-packages/airflow/example_dags/example_display_name.py
[2026-01-06T14:23:37.091+1100] {processor.py:830} INFO - Processing file /Users/fionatham/Documents/Projects/vogue_data_pipeline/venv/lib/python3.11/site-packages/airflow/example_dags/example_display_name.py for tasks to queue
[2026-01-06T14:23:37.092+1100] {logging_mixin.py:188} INFO - [2026-01-06T14:23:37.091+1100] {dagbag.py:545} INFO - Filling up the DagBag from /Users/fionatham/Documents/Projects/vogue_data_pipeline/venv/lib/python3.11/site-packages/airflow/example_dags/example_display_name.py
[2026-01-06T14:23:37.107+1100] {processor.py:840} INFO - DAG(s) 'example_display_name' retrieved from /Users/fionatham/Documents/Projects/vogue_data_pipeline/venv/lib/python3.11/site-packages/airflow/example_dags/example_display_name.py
[2026-01-06T14:23:37.149+1100] {logging_mixin.py:188} INFO - [2026-01-06T14:23:37.149+1100] {dag.py:3089} INFO - Sync 1 DAGs
[2026-01-06T14:23:37.153+1100] {logging_mixin.py:188} INFO - [2026-01-06T14:23:37.152+1100] {dag.py:3947} INFO - Setting next_dagrun for example_display_name to None, run_after=None
[2026-01-06T14:23:37.161+1100] {processor.py:183} INFO - Processing /Users/fionatham/Documents/Projects/vogue_data_pipeline/venv/lib/python3.11/site-packages/airflow/example_dags/example_display_name.py took 0.072 seconds
[2026-01-06T14:25:25.806+1100] {processor.py:161} INFO - Started process (PID=90400) to work on /Users/fionatham/Documents/Projects/vogue_data_pipeline/venv/lib/python3.11/site-packages/airflow/example_dags/example_display_name.py
[2026-01-06T14:25:25.807+1100] {processor.py:830} INFO - Processing file /Users/fionatham/Documents/Projects/vogue_data_pipeline/venv/lib/python3.11/site-packages/airflow/example_dags/example_display_name.py for tasks to queue
[2026-01-06T14:25:25.807+1100] {logging_mixin.py:188} INFO - [2026-01-06T14:25:25.807+1100] {dagbag.py:545} INFO - Filling up the DagBag from /Users/fionatham/Documents/Projects/vogue_data_pipeline/venv/lib/python3.11/site-packages/airflow/example_dags/example_display_name.py
[2026-01-06T14:25:25.823+1100] {processor.py:840} INFO - DAG(s) 'example_display_name' retrieved from /Users/fionatham/Documents/Projects/vogue_data_pipeline/venv/lib/python3.11/site-packages/airflow/example_dags/example_display_name.py
[2026-01-06T14:25:25.867+1100] {logging_mixin.py:188} INFO - [2026-01-06T14:25:25.867+1100] {dag.py:3089} INFO - Sync 1 DAGs
[2026-01-06T14:25:25.872+1100] {logging_mixin.py:188} INFO - [2026-01-06T14:25:25.872+1100] {dag.py:3947} INFO - Setting next_dagrun for example_display_name to None, run_after=None
[2026-01-06T14:25:25.880+1100] {processor.py:183} INFO - Processing /Users/fionatham/Documents/Projects/vogue_data_pipeline/venv/lib/python3.11/site-packages/airflow/example_dags/example_display_name.py took 0.076 seconds
[2026-01-06T14:27:25.467+1100] {processor.py:161} INFO - Started process (PID=90697) to work on /Users/fionatham/Documents/Projects/vogue_data_pipeline/venv/lib/python3.11/site-packages/airflow/example_dags/example_display_name.py
[2026-01-06T14:27:25.468+1100] {processor.py:830} INFO - Processing file /Users/fionatham/Documents/Projects/vogue_data_pipeline/venv/lib/python3.11/site-packages/airflow/example_dags/example_display_name.py for tasks to queue
[2026-01-06T14:27:25.468+1100] {logging_mixin.py:188} INFO - [2026-01-06T14:27:25.468+1100] {dagbag.py:545} INFO - Filling up the DagBag from /Users/fionatham/Documents/Projects/vogue_data_pipeline/venv/lib/python3.11/site-packages/airflow/example_dags/example_display_name.py
[2026-01-06T14:27:25.485+1100] {processor.py:840} INFO - DAG(s) 'example_display_name' retrieved from /Users/fionatham/Documents/Projects/vogue_data_pipeline/venv/lib/python3.11/site-packages/airflow/example_dags/example_display_name.py
[2026-01-06T14:27:25.529+1100] {logging_mixin.py:188} INFO - [2026-01-06T14:27:25.529+1100] {dag.py:3089} INFO - Sync 1 DAGs
[2026-01-06T14:27:25.533+1100] {logging_mixin.py:188} INFO - [2026-01-06T14:27:25.533+1100] {dag.py:3947} INFO - Setting next_dagrun for example_display_name to None, run_after=None
[2026-01-06T14:27:25.540+1100] {processor.py:183} INFO - Processing /Users/fionatham/Documents/Projects/vogue_data_pipeline/venv/lib/python3.11/site-packages/airflow/example_dags/example_display_name.py took 0.074 seconds
[2026-01-06T14:29:22.836+1100] {processor.py:161} INFO - Started process (PID=91067) to work on /Users/fionatham/Documents/Projects/vogue_data_pipeline/venv/lib/python3.11/site-packages/airflow/example_dags/example_display_name.py
[2026-01-06T14:29:22.837+1100] {processor.py:830} INFO - Processing file /Users/fionatham/Documents/Projects/vogue_data_pipeline/venv/lib/python3.11/site-packages/airflow/example_dags/example_display_name.py for tasks to queue
[2026-01-06T14:29:22.837+1100] {logging_mixin.py:188} INFO - [2026-01-06T14:29:22.837+1100] {dagbag.py:545} INFO - Filling up the DagBag from /Users/fionatham/Documents/Projects/vogue_data_pipeline/venv/lib/python3.11/site-packages/airflow/example_dags/example_display_name.py
[2026-01-06T14:29:22.854+1100] {processor.py:840} INFO - DAG(s) 'example_display_name' retrieved from /Users/fionatham/Documents/Projects/vogue_data_pipeline/venv/lib/python3.11/site-packages/airflow/example_dags/example_display_name.py
[2026-01-06T14:29:22.905+1100] {logging_mixin.py:188} INFO - [2026-01-06T14:29:22.904+1100] {dag.py:3089} INFO - Sync 1 DAGs
[2026-01-06T14:29:22.910+1100] {logging_mixin.py:188} INFO - [2026-01-06T14:29:22.910+1100] {dag.py:3947} INFO - Setting next_dagrun for example_display_name to None, run_after=None
[2026-01-06T14:29:22.920+1100] {processor.py:183} INFO - Processing /Users/fionatham/Documents/Projects/vogue_data_pipeline/venv/lib/python3.11/site-packages/airflow/example_dags/example_display_name.py took 0.085 seconds
[2026-01-06T14:31:22.754+1100] {processor.py:161} INFO - Started process (PID=91815) to work on /Users/fionatham/Documents/Projects/vogue_data_pipeline/venv/lib/python3.11/site-packages/airflow/example_dags/example_display_name.py
[2026-01-06T14:31:22.755+1100] {processor.py:830} INFO - Processing file /Users/fionatham/Documents/Projects/vogue_data_pipeline/venv/lib/python3.11/site-packages/airflow/example_dags/example_display_name.py for tasks to queue
[2026-01-06T14:31:22.756+1100] {logging_mixin.py:188} INFO - [2026-01-06T14:31:22.756+1100] {dagbag.py:545} INFO - Filling up the DagBag from /Users/fionatham/Documents/Projects/vogue_data_pipeline/venv/lib/python3.11/site-packages/airflow/example_dags/example_display_name.py
[2026-01-06T14:31:22.771+1100] {processor.py:840} INFO - DAG(s) 'example_display_name' retrieved from /Users/fionatham/Documents/Projects/vogue_data_pipeline/venv/lib/python3.11/site-packages/airflow/example_dags/example_display_name.py
[2026-01-06T14:31:22.812+1100] {logging_mixin.py:188} INFO - [2026-01-06T14:31:22.811+1100] {dag.py:3089} INFO - Sync 1 DAGs
[2026-01-06T14:31:22.815+1100] {logging_mixin.py:188} INFO - [2026-01-06T14:31:22.815+1100] {dag.py:3947} INFO - Setting next_dagrun for example_display_name to None, run_after=None
[2026-01-06T14:31:22.822+1100] {processor.py:183} INFO - Processing /Users/fionatham/Documents/Projects/vogue_data_pipeline/venv/lib/python3.11/site-packages/airflow/example_dags/example_display_name.py took 0.070 seconds
[2026-01-06T14:33:25.165+1100] {processor.py:161} INFO - Started process (PID=92224) to work on /Users/fionatham/Documents/Projects/vogue_data_pipeline/venv/lib/python3.11/site-packages/airflow/example_dags/example_display_name.py
[2026-01-06T14:33:25.166+1100] {processor.py:830} INFO - Processing file /Users/fionatham/Documents/Projects/vogue_data_pipeline/venv/lib/python3.11/site-packages/airflow/example_dags/example_display_name.py for tasks to queue
[2026-01-06T14:33:25.167+1100] {logging_mixin.py:188} INFO - [2026-01-06T14:33:25.166+1100] {dagbag.py:545} INFO - Filling up the DagBag from /Users/fionatham/Documents/Projects/vogue_data_pipeline/venv/lib/python3.11/site-packages/airflow/example_dags/example_display_name.py
[2026-01-06T14:33:25.188+1100] {processor.py:840} INFO - DAG(s) 'example_display_name' retrieved from /Users/fionatham/Documents/Projects/vogue_data_pipeline/venv/lib/python3.11/site-packages/airflow/example_dags/example_display_name.py
[2026-01-06T14:33:25.236+1100] {logging_mixin.py:188} INFO - [2026-01-06T14:33:25.236+1100] {dag.py:3089} INFO - Sync 1 DAGs
[2026-01-06T14:33:25.242+1100] {logging_mixin.py:188} INFO - [2026-01-06T14:33:25.241+1100] {dag.py:3947} INFO - Setting next_dagrun for example_display_name to None, run_after=None
[2026-01-06T14:33:25.250+1100] {processor.py:183} INFO - Processing /Users/fionatham/Documents/Projects/vogue_data_pipeline/venv/lib/python3.11/site-packages/airflow/example_dags/example_display_name.py took 0.087 seconds
[2026-01-06T14:35:18.510+1100] {processor.py:161} INFO - Started process (PID=92473) to work on /Users/fionatham/Documents/Projects/vogue_data_pipeline/venv/lib/python3.11/site-packages/airflow/example_dags/example_display_name.py
[2026-01-06T14:35:18.512+1100] {processor.py:830} INFO - Processing file /Users/fionatham/Documents/Projects/vogue_data_pipeline/venv/lib/python3.11/site-packages/airflow/example_dags/example_display_name.py for tasks to queue
[2026-01-06T14:35:18.512+1100] {logging_mixin.py:188} INFO - [2026-01-06T14:35:18.512+1100] {dagbag.py:545} INFO - Filling up the DagBag from /Users/fionatham/Documents/Projects/vogue_data_pipeline/venv/lib/python3.11/site-packages/airflow/example_dags/example_display_name.py
[2026-01-06T14:35:18.528+1100] {processor.py:840} INFO - DAG(s) 'example_display_name' retrieved from /Users/fionatham/Documents/Projects/vogue_data_pipeline/venv/lib/python3.11/site-packages/airflow/example_dags/example_display_name.py
[2026-01-06T14:35:18.573+1100] {logging_mixin.py:188} INFO - [2026-01-06T14:35:18.573+1100] {dag.py:3089} INFO - Sync 1 DAGs
[2026-01-06T14:35:18.578+1100] {logging_mixin.py:188} INFO - [2026-01-06T14:35:18.578+1100] {dag.py:3947} INFO - Setting next_dagrun for example_display_name to None, run_after=None
[2026-01-06T14:35:18.587+1100] {processor.py:183} INFO - Processing /Users/fionatham/Documents/Projects/vogue_data_pipeline/venv/lib/python3.11/site-packages/airflow/example_dags/example_display_name.py took 0.078 seconds
[2026-01-06T14:37:21.400+1100] {processor.py:161} INFO - Started process (PID=92695) to work on /Users/fionatham/Documents/Projects/vogue_data_pipeline/venv/lib/python3.11/site-packages/airflow/example_dags/example_display_name.py
[2026-01-06T14:37:21.401+1100] {processor.py:830} INFO - Processing file /Users/fionatham/Documents/Projects/vogue_data_pipeline/venv/lib/python3.11/site-packages/airflow/example_dags/example_display_name.py for tasks to queue
[2026-01-06T14:37:21.402+1100] {logging_mixin.py:188} INFO - [2026-01-06T14:37:21.402+1100] {dagbag.py:545} INFO - Filling up the DagBag from /Users/fionatham/Documents/Projects/vogue_data_pipeline/venv/lib/python3.11/site-packages/airflow/example_dags/example_display_name.py
[2026-01-06T14:37:21.418+1100] {processor.py:840} INFO - DAG(s) 'example_display_name' retrieved from /Users/fionatham/Documents/Projects/vogue_data_pipeline/venv/lib/python3.11/site-packages/airflow/example_dags/example_display_name.py
[2026-01-06T14:37:21.463+1100] {logging_mixin.py:188} INFO - [2026-01-06T14:37:21.463+1100] {dag.py:3089} INFO - Sync 1 DAGs
[2026-01-06T14:37:21.468+1100] {logging_mixin.py:188} INFO - [2026-01-06T14:37:21.468+1100] {dag.py:3947} INFO - Setting next_dagrun for example_display_name to None, run_after=None
[2026-01-06T14:37:21.477+1100] {processor.py:183} INFO - Processing /Users/fionatham/Documents/Projects/vogue_data_pipeline/venv/lib/python3.11/site-packages/airflow/example_dags/example_display_name.py took 0.078 seconds
[2026-01-06T14:39:23.178+1100] {processor.py:161} INFO - Started process (PID=92891) to work on /Users/fionatham/Documents/Projects/vogue_data_pipeline/venv/lib/python3.11/site-packages/airflow/example_dags/example_display_name.py
[2026-01-06T14:39:23.179+1100] {processor.py:830} INFO - Processing file /Users/fionatham/Documents/Projects/vogue_data_pipeline/venv/lib/python3.11/site-packages/airflow/example_dags/example_display_name.py for tasks to queue
[2026-01-06T14:39:23.179+1100] {logging_mixin.py:188} INFO - [2026-01-06T14:39:23.179+1100] {dagbag.py:545} INFO - Filling up the DagBag from /Users/fionatham/Documents/Projects/vogue_data_pipeline/venv/lib/python3.11/site-packages/airflow/example_dags/example_display_name.py
[2026-01-06T14:39:23.195+1100] {processor.py:840} INFO - DAG(s) 'example_display_name' retrieved from /Users/fionatham/Documents/Projects/vogue_data_pipeline/venv/lib/python3.11/site-packages/airflow/example_dags/example_display_name.py
[2026-01-06T14:39:23.240+1100] {logging_mixin.py:188} INFO - [2026-01-06T14:39:23.240+1100] {dag.py:3089} INFO - Sync 1 DAGs
[2026-01-06T14:39:23.244+1100] {logging_mixin.py:188} INFO - [2026-01-06T14:39:23.244+1100] {dag.py:3947} INFO - Setting next_dagrun for example_display_name to None, run_after=None
[2026-01-06T14:39:23.251+1100] {processor.py:183} INFO - Processing /Users/fionatham/Documents/Projects/vogue_data_pipeline/venv/lib/python3.11/site-packages/airflow/example_dags/example_display_name.py took 0.074 seconds
[2026-01-06T14:41:12.233+1100] {processor.py:161} INFO - Started process (PID=92965) to work on /Users/fionatham/Documents/Projects/vogue_data_pipeline/venv/lib/python3.11/site-packages/airflow/example_dags/example_display_name.py
[2026-01-06T14:41:12.234+1100] {processor.py:830} INFO - Processing file /Users/fionatham/Documents/Projects/vogue_data_pipeline/venv/lib/python3.11/site-packages/airflow/example_dags/example_display_name.py for tasks to queue
[2026-01-06T14:41:12.234+1100] {logging_mixin.py:188} INFO - [2026-01-06T14:41:12.234+1100] {dagbag.py:545} INFO - Filling up the DagBag from /Users/fionatham/Documents/Projects/vogue_data_pipeline/venv/lib/python3.11/site-packages/airflow/example_dags/example_display_name.py
[2026-01-06T14:41:12.250+1100] {processor.py:840} INFO - DAG(s) 'example_display_name' retrieved from /Users/fionatham/Documents/Projects/vogue_data_pipeline/venv/lib/python3.11/site-packages/airflow/example_dags/example_display_name.py
[2026-01-06T14:41:12.292+1100] {logging_mixin.py:188} INFO - [2026-01-06T14:41:12.291+1100] {dag.py:3089} INFO - Sync 1 DAGs
[2026-01-06T14:41:12.295+1100] {logging_mixin.py:188} INFO - [2026-01-06T14:41:12.295+1100] {dag.py:3947} INFO - Setting next_dagrun for example_display_name to None, run_after=None
[2026-01-06T14:41:12.303+1100] {processor.py:183} INFO - Processing /Users/fionatham/Documents/Projects/vogue_data_pipeline/venv/lib/python3.11/site-packages/airflow/example_dags/example_display_name.py took 0.071 seconds
[2026-01-06T14:43:08.458+1100] {processor.py:161} INFO - Started process (PID=93046) to work on /Users/fionatham/Documents/Projects/vogue_data_pipeline/venv/lib/python3.11/site-packages/airflow/example_dags/example_display_name.py
[2026-01-06T14:43:08.459+1100] {processor.py:830} INFO - Processing file /Users/fionatham/Documents/Projects/vogue_data_pipeline/venv/lib/python3.11/site-packages/airflow/example_dags/example_display_name.py for tasks to queue
[2026-01-06T14:43:08.459+1100] {logging_mixin.py:188} INFO - [2026-01-06T14:43:08.459+1100] {dagbag.py:545} INFO - Filling up the DagBag from /Users/fionatham/Documents/Projects/vogue_data_pipeline/venv/lib/python3.11/site-packages/airflow/example_dags/example_display_name.py
[2026-01-06T14:43:08.476+1100] {processor.py:840} INFO - DAG(s) 'example_display_name' retrieved from /Users/fionatham/Documents/Projects/vogue_data_pipeline/venv/lib/python3.11/site-packages/airflow/example_dags/example_display_name.py
[2026-01-06T14:43:08.518+1100] {logging_mixin.py:188} INFO - [2026-01-06T14:43:08.518+1100] {dag.py:3089} INFO - Sync 1 DAGs
[2026-01-06T14:43:08.522+1100] {logging_mixin.py:188} INFO - [2026-01-06T14:43:08.522+1100] {dag.py:3947} INFO - Setting next_dagrun for example_display_name to None, run_after=None
[2026-01-06T14:43:08.529+1100] {processor.py:183} INFO - Processing /Users/fionatham/Documents/Projects/vogue_data_pipeline/venv/lib/python3.11/site-packages/airflow/example_dags/example_display_name.py took 0.073 seconds
[2026-01-06T14:45:08.670+1100] {processor.py:161} INFO - Started process (PID=93125) to work on /Users/fionatham/Documents/Projects/vogue_data_pipeline/venv/lib/python3.11/site-packages/airflow/example_dags/example_display_name.py
[2026-01-06T14:45:08.671+1100] {processor.py:830} INFO - Processing file /Users/fionatham/Documents/Projects/vogue_data_pipeline/venv/lib/python3.11/site-packages/airflow/example_dags/example_display_name.py for tasks to queue
[2026-01-06T14:45:08.672+1100] {logging_mixin.py:188} INFO - [2026-01-06T14:45:08.672+1100] {dagbag.py:545} INFO - Filling up the DagBag from /Users/fionatham/Documents/Projects/vogue_data_pipeline/venv/lib/python3.11/site-packages/airflow/example_dags/example_display_name.py
[2026-01-06T14:45:08.689+1100] {processor.py:840} INFO - DAG(s) 'example_display_name' retrieved from /Users/fionatham/Documents/Projects/vogue_data_pipeline/venv/lib/python3.11/site-packages/airflow/example_dags/example_display_name.py
[2026-01-06T14:45:08.733+1100] {logging_mixin.py:188} INFO - [2026-01-06T14:45:08.733+1100] {dag.py:3089} INFO - Sync 1 DAGs
[2026-01-06T14:45:08.737+1100] {logging_mixin.py:188} INFO - [2026-01-06T14:45:08.737+1100] {dag.py:3947} INFO - Setting next_dagrun for example_display_name to None, run_after=None
[2026-01-06T14:45:08.746+1100] {processor.py:183} INFO - Processing /Users/fionatham/Documents/Projects/vogue_data_pipeline/venv/lib/python3.11/site-packages/airflow/example_dags/example_display_name.py took 0.077 seconds
[2026-01-06T14:47:01.670+1100] {processor.py:161} INFO - Started process (PID=93212) to work on /Users/fionatham/Documents/Projects/vogue_data_pipeline/venv/lib/python3.11/site-packages/airflow/example_dags/example_display_name.py
[2026-01-06T14:47:01.671+1100] {processor.py:830} INFO - Processing file /Users/fionatham/Documents/Projects/vogue_data_pipeline/venv/lib/python3.11/site-packages/airflow/example_dags/example_display_name.py for tasks to queue
[2026-01-06T14:47:01.671+1100] {logging_mixin.py:188} INFO - [2026-01-06T14:47:01.671+1100] {dagbag.py:545} INFO - Filling up the DagBag from /Users/fionatham/Documents/Projects/vogue_data_pipeline/venv/lib/python3.11/site-packages/airflow/example_dags/example_display_name.py
[2026-01-06T14:47:01.687+1100] {processor.py:840} INFO - DAG(s) 'example_display_name' retrieved from /Users/fionatham/Documents/Projects/vogue_data_pipeline/venv/lib/python3.11/site-packages/airflow/example_dags/example_display_name.py
[2026-01-06T14:47:01.727+1100] {logging_mixin.py:188} INFO - [2026-01-06T14:47:01.727+1100] {dag.py:3089} INFO - Sync 1 DAGs
[2026-01-06T14:47:01.731+1100] {logging_mixin.py:188} INFO - [2026-01-06T14:47:01.731+1100] {dag.py:3947} INFO - Setting next_dagrun for example_display_name to None, run_after=None
[2026-01-06T14:47:01.738+1100] {processor.py:183} INFO - Processing /Users/fionatham/Documents/Projects/vogue_data_pipeline/venv/lib/python3.11/site-packages/airflow/example_dags/example_display_name.py took 0.069 seconds
[2026-01-06T14:49:01.592+1100] {processor.py:161} INFO - Started process (PID=93294) to work on /Users/fionatham/Documents/Projects/vogue_data_pipeline/venv/lib/python3.11/site-packages/airflow/example_dags/example_display_name.py
[2026-01-06T14:49:01.594+1100] {processor.py:830} INFO - Processing file /Users/fionatham/Documents/Projects/vogue_data_pipeline/venv/lib/python3.11/site-packages/airflow/example_dags/example_display_name.py for tasks to queue
[2026-01-06T14:49:01.594+1100] {logging_mixin.py:188} INFO - [2026-01-06T14:49:01.594+1100] {dagbag.py:545} INFO - Filling up the DagBag from /Users/fionatham/Documents/Projects/vogue_data_pipeline/venv/lib/python3.11/site-packages/airflow/example_dags/example_display_name.py
[2026-01-06T14:49:01.610+1100] {processor.py:840} INFO - DAG(s) 'example_display_name' retrieved from /Users/fionatham/Documents/Projects/vogue_data_pipeline/venv/lib/python3.11/site-packages/airflow/example_dags/example_display_name.py
[2026-01-06T14:49:01.655+1100] {logging_mixin.py:188} INFO - [2026-01-06T14:49:01.655+1100] {dag.py:3089} INFO - Sync 1 DAGs
[2026-01-06T14:49:01.659+1100] {logging_mixin.py:188} INFO - [2026-01-06T14:49:01.659+1100] {dag.py:3947} INFO - Setting next_dagrun for example_display_name to None, run_after=None
[2026-01-06T14:49:01.666+1100] {processor.py:183} INFO - Processing /Users/fionatham/Documents/Projects/vogue_data_pipeline/venv/lib/python3.11/site-packages/airflow/example_dags/example_display_name.py took 0.075 seconds
[2026-01-06T14:50:56.397+1100] {processor.py:161} INFO - Started process (PID=93390) to work on /Users/fionatham/Documents/Projects/vogue_data_pipeline/venv/lib/python3.11/site-packages/airflow/example_dags/example_display_name.py
[2026-01-06T14:50:56.399+1100] {processor.py:830} INFO - Processing file /Users/fionatham/Documents/Projects/vogue_data_pipeline/venv/lib/python3.11/site-packages/airflow/example_dags/example_display_name.py for tasks to queue
[2026-01-06T14:50:56.399+1100] {logging_mixin.py:188} INFO - [2026-01-06T14:50:56.399+1100] {dagbag.py:545} INFO - Filling up the DagBag from /Users/fionatham/Documents/Projects/vogue_data_pipeline/venv/lib/python3.11/site-packages/airflow/example_dags/example_display_name.py
[2026-01-06T14:50:56.416+1100] {processor.py:840} INFO - DAG(s) 'example_display_name' retrieved from /Users/fionatham/Documents/Projects/vogue_data_pipeline/venv/lib/python3.11/site-packages/airflow/example_dags/example_display_name.py
[2026-01-06T14:50:56.457+1100] {logging_mixin.py:188} INFO - [2026-01-06T14:50:56.457+1100] {dag.py:3089} INFO - Sync 1 DAGs
[2026-01-06T14:50:56.461+1100] {logging_mixin.py:188} INFO - [2026-01-06T14:50:56.461+1100] {dag.py:3947} INFO - Setting next_dagrun for example_display_name to None, run_after=None
[2026-01-06T14:50:56.468+1100] {processor.py:183} INFO - Processing /Users/fionatham/Documents/Projects/vogue_data_pipeline/venv/lib/python3.11/site-packages/airflow/example_dags/example_display_name.py took 0.072 seconds
[2026-01-06T14:52:49.996+1100] {processor.py:161} INFO - Started process (PID=93507) to work on /Users/fionatham/Documents/Projects/vogue_data_pipeline/venv/lib/python3.11/site-packages/airflow/example_dags/example_display_name.py
[2026-01-06T14:52:49.997+1100] {processor.py:830} INFO - Processing file /Users/fionatham/Documents/Projects/vogue_data_pipeline/venv/lib/python3.11/site-packages/airflow/example_dags/example_display_name.py for tasks to queue
[2026-01-06T14:52:49.997+1100] {logging_mixin.py:188} INFO - [2026-01-06T14:52:49.997+1100] {dagbag.py:545} INFO - Filling up the DagBag from /Users/fionatham/Documents/Projects/vogue_data_pipeline/venv/lib/python3.11/site-packages/airflow/example_dags/example_display_name.py
[2026-01-06T14:52:50.014+1100] {processor.py:840} INFO - DAG(s) 'example_display_name' retrieved from /Users/fionatham/Documents/Projects/vogue_data_pipeline/venv/lib/python3.11/site-packages/airflow/example_dags/example_display_name.py
[2026-01-06T14:52:50.058+1100] {logging_mixin.py:188} INFO - [2026-01-06T14:52:50.058+1100] {dag.py:3089} INFO - Sync 1 DAGs
[2026-01-06T14:52:50.063+1100] {logging_mixin.py:188} INFO - [2026-01-06T14:52:50.063+1100] {dag.py:3947} INFO - Setting next_dagrun for example_display_name to None, run_after=None
[2026-01-06T14:52:50.072+1100] {processor.py:183} INFO - Processing /Users/fionatham/Documents/Projects/vogue_data_pipeline/venv/lib/python3.11/site-packages/airflow/example_dags/example_display_name.py took 0.077 seconds
[2026-01-06T14:54:48.406+1100] {processor.py:161} INFO - Started process (PID=93690) to work on /Users/fionatham/Documents/Projects/vogue_data_pipeline/venv/lib/python3.11/site-packages/airflow/example_dags/example_display_name.py
[2026-01-06T14:54:48.407+1100] {processor.py:830} INFO - Processing file /Users/fionatham/Documents/Projects/vogue_data_pipeline/venv/lib/python3.11/site-packages/airflow/example_dags/example_display_name.py for tasks to queue
[2026-01-06T14:54:48.407+1100] {logging_mixin.py:188} INFO - [2026-01-06T14:54:48.407+1100] {dagbag.py:545} INFO - Filling up the DagBag from /Users/fionatham/Documents/Projects/vogue_data_pipeline/venv/lib/python3.11/site-packages/airflow/example_dags/example_display_name.py
[2026-01-06T14:54:48.424+1100] {processor.py:840} INFO - DAG(s) 'example_display_name' retrieved from /Users/fionatham/Documents/Projects/vogue_data_pipeline/venv/lib/python3.11/site-packages/airflow/example_dags/example_display_name.py
[2026-01-06T14:54:48.474+1100] {logging_mixin.py:188} INFO - [2026-01-06T14:54:48.474+1100] {dag.py:3089} INFO - Sync 1 DAGs
[2026-01-06T14:54:48.478+1100] {logging_mixin.py:188} INFO - [2026-01-06T14:54:48.478+1100] {dag.py:3947} INFO - Setting next_dagrun for example_display_name to None, run_after=None
[2026-01-06T14:54:48.486+1100] {processor.py:183} INFO - Processing /Users/fionatham/Documents/Projects/vogue_data_pipeline/venv/lib/python3.11/site-packages/airflow/example_dags/example_display_name.py took 0.082 seconds
[2026-01-06T14:56:47.019+1100] {processor.py:161} INFO - Started process (PID=93818) to work on /Users/fionatham/Documents/Projects/vogue_data_pipeline/venv/lib/python3.11/site-packages/airflow/example_dags/example_display_name.py
[2026-01-06T14:56:47.020+1100] {processor.py:830} INFO - Processing file /Users/fionatham/Documents/Projects/vogue_data_pipeline/venv/lib/python3.11/site-packages/airflow/example_dags/example_display_name.py for tasks to queue
[2026-01-06T14:56:47.021+1100] {logging_mixin.py:188} INFO - [2026-01-06T14:56:47.020+1100] {dagbag.py:545} INFO - Filling up the DagBag from /Users/fionatham/Documents/Projects/vogue_data_pipeline/venv/lib/python3.11/site-packages/airflow/example_dags/example_display_name.py
[2026-01-06T14:56:47.036+1100] {processor.py:840} INFO - DAG(s) 'example_display_name' retrieved from /Users/fionatham/Documents/Projects/vogue_data_pipeline/venv/lib/python3.11/site-packages/airflow/example_dags/example_display_name.py
[2026-01-06T14:56:47.081+1100] {logging_mixin.py:188} INFO - [2026-01-06T14:56:47.081+1100] {dag.py:3089} INFO - Sync 1 DAGs
[2026-01-06T14:56:47.085+1100] {logging_mixin.py:188} INFO - [2026-01-06T14:56:47.085+1100] {dag.py:3947} INFO - Setting next_dagrun for example_display_name to None, run_after=None
[2026-01-06T14:56:47.093+1100] {processor.py:183} INFO - Processing /Users/fionatham/Documents/Projects/vogue_data_pipeline/venv/lib/python3.11/site-packages/airflow/example_dags/example_display_name.py took 0.075 seconds
[2026-01-06T14:58:41.528+1100] {processor.py:161} INFO - Started process (PID=93939) to work on /Users/fionatham/Documents/Projects/vogue_data_pipeline/venv/lib/python3.11/site-packages/airflow/example_dags/example_display_name.py
[2026-01-06T14:58:41.529+1100] {processor.py:830} INFO - Processing file /Users/fionatham/Documents/Projects/vogue_data_pipeline/venv/lib/python3.11/site-packages/airflow/example_dags/example_display_name.py for tasks to queue
[2026-01-06T14:58:41.529+1100] {logging_mixin.py:188} INFO - [2026-01-06T14:58:41.529+1100] {dagbag.py:545} INFO - Filling up the DagBag from /Users/fionatham/Documents/Projects/vogue_data_pipeline/venv/lib/python3.11/site-packages/airflow/example_dags/example_display_name.py
[2026-01-06T14:58:41.546+1100] {processor.py:840} INFO - DAG(s) 'example_display_name' retrieved from /Users/fionatham/Documents/Projects/vogue_data_pipeline/venv/lib/python3.11/site-packages/airflow/example_dags/example_display_name.py
[2026-01-06T14:58:41.591+1100] {logging_mixin.py:188} INFO - [2026-01-06T14:58:41.590+1100] {dag.py:3089} INFO - Sync 1 DAGs
[2026-01-06T14:58:41.596+1100] {logging_mixin.py:188} INFO - [2026-01-06T14:58:41.596+1100] {dag.py:3947} INFO - Setting next_dagrun for example_display_name to None, run_after=None
[2026-01-06T14:58:41.606+1100] {processor.py:183} INFO - Processing /Users/fionatham/Documents/Projects/vogue_data_pipeline/venv/lib/python3.11/site-packages/airflow/example_dags/example_display_name.py took 0.080 seconds
[2026-01-06T15:00:42.251+1100] {processor.py:161} INFO - Started process (PID=94119) to work on /Users/fionatham/Documents/Projects/vogue_data_pipeline/venv/lib/python3.11/site-packages/airflow/example_dags/example_display_name.py
[2026-01-06T15:00:42.252+1100] {processor.py:830} INFO - Processing file /Users/fionatham/Documents/Projects/vogue_data_pipeline/venv/lib/python3.11/site-packages/airflow/example_dags/example_display_name.py for tasks to queue
[2026-01-06T15:00:42.252+1100] {logging_mixin.py:188} INFO - [2026-01-06T15:00:42.252+1100] {dagbag.py:545} INFO - Filling up the DagBag from /Users/fionatham/Documents/Projects/vogue_data_pipeline/venv/lib/python3.11/site-packages/airflow/example_dags/example_display_name.py
[2026-01-06T15:00:42.269+1100] {processor.py:840} INFO - DAG(s) 'example_display_name' retrieved from /Users/fionatham/Documents/Projects/vogue_data_pipeline/venv/lib/python3.11/site-packages/airflow/example_dags/example_display_name.py
[2026-01-06T15:00:42.319+1100] {logging_mixin.py:188} INFO - [2026-01-06T15:00:42.319+1100] {dag.py:3089} INFO - Sync 1 DAGs
[2026-01-06T15:00:42.323+1100] {logging_mixin.py:188} INFO - [2026-01-06T15:00:42.323+1100] {dag.py:3947} INFO - Setting next_dagrun for example_display_name to None, run_after=None
[2026-01-06T15:00:42.332+1100] {processor.py:183} INFO - Processing /Users/fionatham/Documents/Projects/vogue_data_pipeline/venv/lib/python3.11/site-packages/airflow/example_dags/example_display_name.py took 0.082 seconds
[2026-01-06T15:02:43.240+1100] {processor.py:161} INFO - Started process (PID=94354) to work on /Users/fionatham/Documents/Projects/vogue_data_pipeline/venv/lib/python3.11/site-packages/airflow/example_dags/example_display_name.py
[2026-01-06T15:02:43.240+1100] {processor.py:830} INFO - Processing file /Users/fionatham/Documents/Projects/vogue_data_pipeline/venv/lib/python3.11/site-packages/airflow/example_dags/example_display_name.py for tasks to queue
[2026-01-06T15:02:43.241+1100] {logging_mixin.py:188} INFO - [2026-01-06T15:02:43.241+1100] {dagbag.py:545} INFO - Filling up the DagBag from /Users/fionatham/Documents/Projects/vogue_data_pipeline/venv/lib/python3.11/site-packages/airflow/example_dags/example_display_name.py
[2026-01-06T15:02:43.257+1100] {processor.py:840} INFO - DAG(s) 'example_display_name' retrieved from /Users/fionatham/Documents/Projects/vogue_data_pipeline/venv/lib/python3.11/site-packages/airflow/example_dags/example_display_name.py
[2026-01-06T15:02:43.303+1100] {logging_mixin.py:188} INFO - [2026-01-06T15:02:43.303+1100] {dag.py:3089} INFO - Sync 1 DAGs
[2026-01-06T15:02:43.308+1100] {logging_mixin.py:188} INFO - [2026-01-06T15:02:43.307+1100] {dag.py:3947} INFO - Setting next_dagrun for example_display_name to None, run_after=None
[2026-01-06T15:02:43.315+1100] {processor.py:183} INFO - Processing /Users/fionatham/Documents/Projects/vogue_data_pipeline/venv/lib/python3.11/site-packages/airflow/example_dags/example_display_name.py took 0.077 seconds
[2026-01-06T15:04:43.399+1100] {processor.py:161} INFO - Started process (PID=94583) to work on /Users/fionatham/Documents/Projects/vogue_data_pipeline/venv/lib/python3.11/site-packages/airflow/example_dags/example_display_name.py
[2026-01-06T15:04:43.400+1100] {processor.py:830} INFO - Processing file /Users/fionatham/Documents/Projects/vogue_data_pipeline/venv/lib/python3.11/site-packages/airflow/example_dags/example_display_name.py for tasks to queue
[2026-01-06T15:04:43.401+1100] {logging_mixin.py:188} INFO - [2026-01-06T15:04:43.401+1100] {dagbag.py:545} INFO - Filling up the DagBag from /Users/fionatham/Documents/Projects/vogue_data_pipeline/venv/lib/python3.11/site-packages/airflow/example_dags/example_display_name.py
[2026-01-06T15:04:43.417+1100] {processor.py:840} INFO - DAG(s) 'example_display_name' retrieved from /Users/fionatham/Documents/Projects/vogue_data_pipeline/venv/lib/python3.11/site-packages/airflow/example_dags/example_display_name.py
[2026-01-06T15:04:43.458+1100] {logging_mixin.py:188} INFO - [2026-01-06T15:04:43.458+1100] {dag.py:3089} INFO - Sync 1 DAGs
[2026-01-06T15:04:43.462+1100] {logging_mixin.py:188} INFO - [2026-01-06T15:04:43.462+1100] {dag.py:3947} INFO - Setting next_dagrun for example_display_name to None, run_after=None
[2026-01-06T15:04:43.470+1100] {processor.py:183} INFO - Processing /Users/fionatham/Documents/Projects/vogue_data_pipeline/venv/lib/python3.11/site-packages/airflow/example_dags/example_display_name.py took 0.072 seconds
[2026-01-06T15:06:42.499+1100] {processor.py:161} INFO - Started process (PID=94720) to work on /Users/fionatham/Documents/Projects/vogue_data_pipeline/venv/lib/python3.11/site-packages/airflow/example_dags/example_display_name.py
[2026-01-06T15:06:42.501+1100] {processor.py:830} INFO - Processing file /Users/fionatham/Documents/Projects/vogue_data_pipeline/venv/lib/python3.11/site-packages/airflow/example_dags/example_display_name.py for tasks to queue
[2026-01-06T15:06:42.501+1100] {logging_mixin.py:188} INFO - [2026-01-06T15:06:42.501+1100] {dagbag.py:545} INFO - Filling up the DagBag from /Users/fionatham/Documents/Projects/vogue_data_pipeline/venv/lib/python3.11/site-packages/airflow/example_dags/example_display_name.py
[2026-01-06T15:06:42.519+1100] {processor.py:840} INFO - DAG(s) 'example_display_name' retrieved from /Users/fionatham/Documents/Projects/vogue_data_pipeline/venv/lib/python3.11/site-packages/airflow/example_dags/example_display_name.py
[2026-01-06T15:06:42.564+1100] {logging_mixin.py:188} INFO - [2026-01-06T15:06:42.564+1100] {dag.py:3089} INFO - Sync 1 DAGs
[2026-01-06T15:06:42.568+1100] {logging_mixin.py:188} INFO - [2026-01-06T15:06:42.568+1100] {dag.py:3947} INFO - Setting next_dagrun for example_display_name to None, run_after=None
[2026-01-06T15:06:42.576+1100] {processor.py:183} INFO - Processing /Users/fionatham/Documents/Projects/vogue_data_pipeline/venv/lib/python3.11/site-packages/airflow/example_dags/example_display_name.py took 0.079 seconds
[2026-01-06T15:13:08.091+1100] {processor.py:161} INFO - Started process (PID=95291) to work on /Users/fionatham/Documents/Projects/vogue_data_pipeline/venv/lib/python3.11/site-packages/airflow/example_dags/example_display_name.py
[2026-01-06T15:13:08.092+1100] {processor.py:830} INFO - Processing file /Users/fionatham/Documents/Projects/vogue_data_pipeline/venv/lib/python3.11/site-packages/airflow/example_dags/example_display_name.py for tasks to queue
[2026-01-06T15:13:08.093+1100] {logging_mixin.py:188} INFO - [2026-01-06T15:13:08.093+1100] {dagbag.py:545} INFO - Filling up the DagBag from /Users/fionatham/Documents/Projects/vogue_data_pipeline/venv/lib/python3.11/site-packages/airflow/example_dags/example_display_name.py
[2026-01-06T15:13:08.111+1100] {processor.py:840} INFO - DAG(s) 'example_display_name' retrieved from /Users/fionatham/Documents/Projects/vogue_data_pipeline/venv/lib/python3.11/site-packages/airflow/example_dags/example_display_name.py
[2026-01-06T15:13:08.155+1100] {logging_mixin.py:188} INFO - [2026-01-06T15:13:08.155+1100] {dag.py:3089} INFO - Sync 1 DAGs
[2026-01-06T15:13:08.159+1100] {logging_mixin.py:188} INFO - [2026-01-06T15:13:08.159+1100] {dag.py:3947} INFO - Setting next_dagrun for example_display_name to None, run_after=None
[2026-01-06T15:13:08.167+1100] {processor.py:183} INFO - Processing /Users/fionatham/Documents/Projects/vogue_data_pipeline/venv/lib/python3.11/site-packages/airflow/example_dags/example_display_name.py took 0.077 seconds
[2026-01-06T16:05:27.689+1100] {processor.py:161} INFO - Started process (PID=95503) to work on /Users/fionatham/Documents/Projects/vogue_data_pipeline/venv/lib/python3.11/site-packages/airflow/example_dags/example_display_name.py
[2026-01-06T16:05:27.690+1100] {processor.py:830} INFO - Processing file /Users/fionatham/Documents/Projects/vogue_data_pipeline/venv/lib/python3.11/site-packages/airflow/example_dags/example_display_name.py for tasks to queue
[2026-01-06T16:05:27.691+1100] {logging_mixin.py:188} INFO - [2026-01-06T16:05:27.691+1100] {dagbag.py:545} INFO - Filling up the DagBag from /Users/fionatham/Documents/Projects/vogue_data_pipeline/venv/lib/python3.11/site-packages/airflow/example_dags/example_display_name.py
[2026-01-06T16:05:27.706+1100] {processor.py:840} INFO - DAG(s) 'example_display_name' retrieved from /Users/fionatham/Documents/Projects/vogue_data_pipeline/venv/lib/python3.11/site-packages/airflow/example_dags/example_display_name.py
[2026-01-06T16:05:27.746+1100] {logging_mixin.py:188} INFO - [2026-01-06T16:05:27.746+1100] {dag.py:3089} INFO - Sync 1 DAGs
[2026-01-06T16:05:27.750+1100] {logging_mixin.py:188} INFO - [2026-01-06T16:05:27.750+1100] {dag.py:3947} INFO - Setting next_dagrun for example_display_name to None, run_after=None
[2026-01-06T16:05:27.757+1100] {processor.py:183} INFO - Processing /Users/fionatham/Documents/Projects/vogue_data_pipeline/venv/lib/python3.11/site-packages/airflow/example_dags/example_display_name.py took 0.069 seconds
[2026-01-06T19:04:09.905+1100] {processor.py:161} INFO - Started process (PID=95610) to work on /Users/fionatham/Documents/Projects/vogue_data_pipeline/venv/lib/python3.11/site-packages/airflow/example_dags/example_display_name.py
[2026-01-06T19:04:09.905+1100] {processor.py:830} INFO - Processing file /Users/fionatham/Documents/Projects/vogue_data_pipeline/venv/lib/python3.11/site-packages/airflow/example_dags/example_display_name.py for tasks to queue
[2026-01-06T19:04:09.906+1100] {logging_mixin.py:188} INFO - [2026-01-06T19:04:09.906+1100] {dagbag.py:545} INFO - Filling up the DagBag from /Users/fionatham/Documents/Projects/vogue_data_pipeline/venv/lib/python3.11/site-packages/airflow/example_dags/example_display_name.py
[2026-01-06T19:04:09.921+1100] {processor.py:840} INFO - DAG(s) 'example_display_name' retrieved from /Users/fionatham/Documents/Projects/vogue_data_pipeline/venv/lib/python3.11/site-packages/airflow/example_dags/example_display_name.py
[2026-01-06T19:04:09.963+1100] {logging_mixin.py:188} INFO - [2026-01-06T19:04:09.963+1100] {dag.py:3089} INFO - Sync 1 DAGs
[2026-01-06T19:04:09.967+1100] {logging_mixin.py:188} INFO - [2026-01-06T19:04:09.967+1100] {dag.py:3947} INFO - Setting next_dagrun for example_display_name to None, run_after=None
[2026-01-06T19:04:09.977+1100] {processor.py:183} INFO - Processing /Users/fionatham/Documents/Projects/vogue_data_pipeline/venv/lib/python3.11/site-packages/airflow/example_dags/example_display_name.py took 0.074 seconds
[2026-01-06T20:52:05.979+1100] {processor.py:161} INFO - Started process (PID=95761) to work on /Users/fionatham/Documents/Projects/vogue_data_pipeline/venv/lib/python3.11/site-packages/airflow/example_dags/example_display_name.py
[2026-01-06T20:52:05.981+1100] {processor.py:830} INFO - Processing file /Users/fionatham/Documents/Projects/vogue_data_pipeline/venv/lib/python3.11/site-packages/airflow/example_dags/example_display_name.py for tasks to queue
[2026-01-06T20:52:05.982+1100] {logging_mixin.py:188} INFO - [2026-01-06T20:52:05.982+1100] {dagbag.py:545} INFO - Filling up the DagBag from /Users/fionatham/Documents/Projects/vogue_data_pipeline/venv/lib/python3.11/site-packages/airflow/example_dags/example_display_name.py
[2026-01-06T20:52:06.044+1100] {processor.py:840} INFO - DAG(s) 'example_display_name' retrieved from /Users/fionatham/Documents/Projects/vogue_data_pipeline/venv/lib/python3.11/site-packages/airflow/example_dags/example_display_name.py
[2026-01-06T20:52:06.458+1100] {logging_mixin.py:188} INFO - [2026-01-06T20:52:06.452+1100] {dag.py:3089} INFO - Sync 1 DAGs
[2026-01-06T20:52:06.497+1100] {logging_mixin.py:188} INFO - [2026-01-06T20:52:06.496+1100] {dag.py:3947} INFO - Setting next_dagrun for example_display_name to None, run_after=None
[2026-01-06T20:52:06.572+1100] {processor.py:183} INFO - Processing /Users/fionatham/Documents/Projects/vogue_data_pipeline/venv/lib/python3.11/site-packages/airflow/example_dags/example_display_name.py took 0.598 seconds
[2026-01-06T23:57:04.065+1100] {processor.py:161} INFO - Started process (PID=96047) to work on /Users/fionatham/Documents/Projects/vogue_data_pipeline/venv/lib/python3.11/site-packages/airflow/example_dags/example_display_name.py
[2026-01-06T23:57:04.066+1100] {processor.py:830} INFO - Processing file /Users/fionatham/Documents/Projects/vogue_data_pipeline/venv/lib/python3.11/site-packages/airflow/example_dags/example_display_name.py for tasks to queue
[2026-01-06T23:57:04.066+1100] {logging_mixin.py:188} INFO - [2026-01-06T23:57:04.066+1100] {dagbag.py:545} INFO - Filling up the DagBag from /Users/fionatham/Documents/Projects/vogue_data_pipeline/venv/lib/python3.11/site-packages/airflow/example_dags/example_display_name.py
[2026-01-06T23:57:04.082+1100] {processor.py:840} INFO - DAG(s) 'example_display_name' retrieved from /Users/fionatham/Documents/Projects/vogue_data_pipeline/venv/lib/python3.11/site-packages/airflow/example_dags/example_display_name.py
[2026-01-06T23:57:04.123+1100] {logging_mixin.py:188} INFO - [2026-01-06T23:57:04.123+1100] {dag.py:3089} INFO - Sync 1 DAGs
[2026-01-06T23:57:04.127+1100] {logging_mixin.py:188} INFO - [2026-01-06T23:57:04.127+1100] {dag.py:3947} INFO - Setting next_dagrun for example_display_name to None, run_after=None
[2026-01-06T23:57:04.134+1100] {processor.py:183} INFO - Processing /Users/fionatham/Documents/Projects/vogue_data_pipeline/venv/lib/python3.11/site-packages/airflow/example_dags/example_display_name.py took 0.070 seconds
