[2026-01-06T13:58:02.157+1100] {processor.py:161} INFO - Started process (PID=85451) to work on /Users/fionatham/Documents/Projects/vogue_data_pipeline/venv/lib/python3.11/site-packages/airflow/example_dags/example_bash_decorator.py
[2026-01-06T13:58:02.158+1100] {processor.py:830} INFO - Processing file /Users/fionatham/Documents/Projects/vogue_data_pipeline/venv/lib/python3.11/site-packages/airflow/example_dags/example_bash_decorator.py for tasks to queue
[2026-01-06T13:58:02.158+1100] {logging_mixin.py:188} INFO - [2026-01-06T13:58:02.158+1100] {dagbag.py:545} INFO - Filling up the DagBag from /Users/fionatham/Documents/Projects/vogue_data_pipeline/venv/lib/python3.11/site-packages/airflow/example_dags/example_bash_decorator.py
[2026-01-06T13:58:02.181+1100] {processor.py:840} INFO - DAG(s) 'example_bash_decorator' retrieved from /Users/fionatham/Documents/Projects/vogue_data_pipeline/venv/lib/python3.11/site-packages/airflow/example_dags/example_bash_decorator.py
[2026-01-06T13:58:02.280+1100] {logging_mixin.py:188} INFO - [2026-01-06T13:58:02.279+1100] {override.py:1858} INFO - Created Permission View: can read on DAG:example_bash_decorator
[2026-01-06T13:58:02.283+1100] {logging_mixin.py:188} INFO - [2026-01-06T13:58:02.283+1100] {override.py:1858} INFO - Created Permission View: can edit on DAG:example_bash_decorator
[2026-01-06T13:58:02.285+1100] {logging_mixin.py:188} INFO - [2026-01-06T13:58:02.285+1100] {override.py:1858} INFO - Created Permission View: can delete on DAG:example_bash_decorator
[2026-01-06T13:58:02.285+1100] {logging_mixin.py:188} INFO - [2026-01-06T13:58:02.285+1100] {dag.py:3089} INFO - Sync 1 DAGs
[2026-01-06T13:58:02.288+1100] {logging_mixin.py:188} INFO - [2026-01-06T13:58:02.288+1100] {dag.py:3111} INFO - Creating ORM DAG for example_bash_decorator
[2026-01-06T13:58:02.289+1100] {logging_mixin.py:188} INFO - [2026-01-06T13:58:02.289+1100] {dag.py:3947} INFO - Setting next_dagrun for example_bash_decorator to None, run_after=None
[2026-01-06T13:58:02.295+1100] {processor.py:183} INFO - Processing /Users/fionatham/Documents/Projects/vogue_data_pipeline/venv/lib/python3.11/site-packages/airflow/example_dags/example_bash_decorator.py took 0.139 seconds
[2026-01-06T14:00:01.729+1100] {processor.py:161} INFO - Started process (PID=86824) to work on /Users/fionatham/Documents/Projects/vogue_data_pipeline/venv/lib/python3.11/site-packages/airflow/example_dags/example_bash_decorator.py
[2026-01-06T14:00:01.730+1100] {processor.py:830} INFO - Processing file /Users/fionatham/Documents/Projects/vogue_data_pipeline/venv/lib/python3.11/site-packages/airflow/example_dags/example_bash_decorator.py for tasks to queue
[2026-01-06T14:00:01.731+1100] {logging_mixin.py:188} INFO - [2026-01-06T14:00:01.731+1100] {dagbag.py:545} INFO - Filling up the DagBag from /Users/fionatham/Documents/Projects/vogue_data_pipeline/venv/lib/python3.11/site-packages/airflow/example_dags/example_bash_decorator.py
[2026-01-06T14:00:01.750+1100] {processor.py:840} INFO - DAG(s) 'example_bash_decorator' retrieved from /Users/fionatham/Documents/Projects/vogue_data_pipeline/venv/lib/python3.11/site-packages/airflow/example_dags/example_bash_decorator.py
[2026-01-06T14:00:01.863+1100] {logging_mixin.py:188} INFO - [2026-01-06T14:00:01.863+1100] {dag.py:3089} INFO - Sync 1 DAGs
[2026-01-06T14:00:01.866+1100] {logging_mixin.py:188} INFO - [2026-01-06T14:00:01.866+1100] {dag.py:3947} INFO - Setting next_dagrun for example_bash_decorator to None, run_after=None
[2026-01-06T14:00:01.874+1100] {processor.py:183} INFO - Processing /Users/fionatham/Documents/Projects/vogue_data_pipeline/venv/lib/python3.11/site-packages/airflow/example_dags/example_bash_decorator.py took 0.146 seconds
[2026-01-06T14:02:02.639+1100] {processor.py:161} INFO - Started process (PID=87075) to work on /Users/fionatham/Documents/Projects/vogue_data_pipeline/venv/lib/python3.11/site-packages/airflow/example_dags/example_bash_decorator.py
[2026-01-06T14:02:02.641+1100] {processor.py:830} INFO - Processing file /Users/fionatham/Documents/Projects/vogue_data_pipeline/venv/lib/python3.11/site-packages/airflow/example_dags/example_bash_decorator.py for tasks to queue
[2026-01-06T14:02:02.641+1100] {logging_mixin.py:188} INFO - [2026-01-06T14:02:02.641+1100] {dagbag.py:545} INFO - Filling up the DagBag from /Users/fionatham/Documents/Projects/vogue_data_pipeline/venv/lib/python3.11/site-packages/airflow/example_dags/example_bash_decorator.py
[2026-01-06T14:02:02.659+1100] {processor.py:840} INFO - DAG(s) 'example_bash_decorator' retrieved from /Users/fionatham/Documents/Projects/vogue_data_pipeline/venv/lib/python3.11/site-packages/airflow/example_dags/example_bash_decorator.py
[2026-01-06T14:02:02.771+1100] {logging_mixin.py:188} INFO - [2026-01-06T14:02:02.770+1100] {dag.py:3089} INFO - Sync 1 DAGs
[2026-01-06T14:02:02.774+1100] {logging_mixin.py:188} INFO - [2026-01-06T14:02:02.774+1100] {dag.py:3947} INFO - Setting next_dagrun for example_bash_decorator to None, run_after=None
[2026-01-06T14:02:02.781+1100] {processor.py:183} INFO - Processing /Users/fionatham/Documents/Projects/vogue_data_pipeline/venv/lib/python3.11/site-packages/airflow/example_dags/example_bash_decorator.py took 0.143 seconds
[2026-01-06T14:04:07.228+1100] {processor.py:161} INFO - Started process (PID=87242) to work on /Users/fionatham/Documents/Projects/vogue_data_pipeline/venv/lib/python3.11/site-packages/airflow/example_dags/example_bash_decorator.py
[2026-01-06T14:04:07.230+1100] {processor.py:830} INFO - Processing file /Users/fionatham/Documents/Projects/vogue_data_pipeline/venv/lib/python3.11/site-packages/airflow/example_dags/example_bash_decorator.py for tasks to queue
[2026-01-06T14:04:07.230+1100] {logging_mixin.py:188} INFO - [2026-01-06T14:04:07.230+1100] {dagbag.py:545} INFO - Filling up the DagBag from /Users/fionatham/Documents/Projects/vogue_data_pipeline/venv/lib/python3.11/site-packages/airflow/example_dags/example_bash_decorator.py
[2026-01-06T14:04:07.250+1100] {processor.py:840} INFO - DAG(s) 'example_bash_decorator' retrieved from /Users/fionatham/Documents/Projects/vogue_data_pipeline/venv/lib/python3.11/site-packages/airflow/example_dags/example_bash_decorator.py
[2026-01-06T14:04:07.367+1100] {logging_mixin.py:188} INFO - [2026-01-06T14:04:07.367+1100] {dag.py:3089} INFO - Sync 1 DAGs
[2026-01-06T14:04:07.370+1100] {logging_mixin.py:188} INFO - [2026-01-06T14:04:07.370+1100] {dag.py:3947} INFO - Setting next_dagrun for example_bash_decorator to None, run_after=None
[2026-01-06T14:04:07.378+1100] {processor.py:183} INFO - Processing /Users/fionatham/Documents/Projects/vogue_data_pipeline/venv/lib/python3.11/site-packages/airflow/example_dags/example_bash_decorator.py took 0.151 seconds
[2026-01-06T14:06:06.050+1100] {processor.py:161} INFO - Started process (PID=87471) to work on /Users/fionatham/Documents/Projects/vogue_data_pipeline/venv/lib/python3.11/site-packages/airflow/example_dags/example_bash_decorator.py
[2026-01-06T14:06:06.050+1100] {processor.py:830} INFO - Processing file /Users/fionatham/Documents/Projects/vogue_data_pipeline/venv/lib/python3.11/site-packages/airflow/example_dags/example_bash_decorator.py for tasks to queue
[2026-01-06T14:06:06.051+1100] {logging_mixin.py:188} INFO - [2026-01-06T14:06:06.051+1100] {dagbag.py:545} INFO - Filling up the DagBag from /Users/fionatham/Documents/Projects/vogue_data_pipeline/venv/lib/python3.11/site-packages/airflow/example_dags/example_bash_decorator.py
[2026-01-06T14:06:06.073+1100] {processor.py:840} INFO - DAG(s) 'example_bash_decorator' retrieved from /Users/fionatham/Documents/Projects/vogue_data_pipeline/venv/lib/python3.11/site-packages/airflow/example_dags/example_bash_decorator.py
[2026-01-06T14:06:06.207+1100] {logging_mixin.py:188} INFO - [2026-01-06T14:06:06.207+1100] {dag.py:3089} INFO - Sync 1 DAGs
[2026-01-06T14:06:06.211+1100] {logging_mixin.py:188} INFO - [2026-01-06T14:06:06.211+1100] {dag.py:3947} INFO - Setting next_dagrun for example_bash_decorator to None, run_after=None
[2026-01-06T14:06:06.218+1100] {processor.py:183} INFO - Processing /Users/fionatham/Documents/Projects/vogue_data_pipeline/venv/lib/python3.11/site-packages/airflow/example_dags/example_bash_decorator.py took 0.171 seconds
[2026-01-06T14:08:06.793+1100] {processor.py:161} INFO - Started process (PID=87649) to work on /Users/fionatham/Documents/Projects/vogue_data_pipeline/venv/lib/python3.11/site-packages/airflow/example_dags/example_bash_decorator.py
[2026-01-06T14:08:06.794+1100] {processor.py:830} INFO - Processing file /Users/fionatham/Documents/Projects/vogue_data_pipeline/venv/lib/python3.11/site-packages/airflow/example_dags/example_bash_decorator.py for tasks to queue
[2026-01-06T14:08:06.794+1100] {logging_mixin.py:188} INFO - [2026-01-06T14:08:06.794+1100] {dagbag.py:545} INFO - Filling up the DagBag from /Users/fionatham/Documents/Projects/vogue_data_pipeline/venv/lib/python3.11/site-packages/airflow/example_dags/example_bash_decorator.py
[2026-01-06T14:08:06.815+1100] {processor.py:840} INFO - DAG(s) 'example_bash_decorator' retrieved from /Users/fionatham/Documents/Projects/vogue_data_pipeline/venv/lib/python3.11/site-packages/airflow/example_dags/example_bash_decorator.py
[2026-01-06T14:08:06.932+1100] {logging_mixin.py:188} INFO - [2026-01-06T14:08:06.932+1100] {dag.py:3089} INFO - Sync 1 DAGs
[2026-01-06T14:08:06.936+1100] {logging_mixin.py:188} INFO - [2026-01-06T14:08:06.936+1100] {dag.py:3947} INFO - Setting next_dagrun for example_bash_decorator to None, run_after=None
[2026-01-06T14:08:06.944+1100] {processor.py:183} INFO - Processing /Users/fionatham/Documents/Projects/vogue_data_pipeline/venv/lib/python3.11/site-packages/airflow/example_dags/example_bash_decorator.py took 0.152 seconds
[2026-01-06T14:10:04.869+1100] {processor.py:161} INFO - Started process (PID=87754) to work on /Users/fionatham/Documents/Projects/vogue_data_pipeline/venv/lib/python3.11/site-packages/airflow/example_dags/example_bash_decorator.py
[2026-01-06T14:10:04.871+1100] {processor.py:830} INFO - Processing file /Users/fionatham/Documents/Projects/vogue_data_pipeline/venv/lib/python3.11/site-packages/airflow/example_dags/example_bash_decorator.py for tasks to queue
[2026-01-06T14:10:04.871+1100] {logging_mixin.py:188} INFO - [2026-01-06T14:10:04.871+1100] {dagbag.py:545} INFO - Filling up the DagBag from /Users/fionatham/Documents/Projects/vogue_data_pipeline/venv/lib/python3.11/site-packages/airflow/example_dags/example_bash_decorator.py
[2026-01-06T14:10:04.891+1100] {processor.py:840} INFO - DAG(s) 'example_bash_decorator' retrieved from /Users/fionatham/Documents/Projects/vogue_data_pipeline/venv/lib/python3.11/site-packages/airflow/example_dags/example_bash_decorator.py
[2026-01-06T14:10:05.013+1100] {logging_mixin.py:188} INFO - [2026-01-06T14:10:05.013+1100] {dag.py:3089} INFO - Sync 1 DAGs
[2026-01-06T14:10:05.016+1100] {logging_mixin.py:188} INFO - [2026-01-06T14:10:05.016+1100] {dag.py:3947} INFO - Setting next_dagrun for example_bash_decorator to None, run_after=None
[2026-01-06T14:10:05.024+1100] {processor.py:183} INFO - Processing /Users/fionatham/Documents/Projects/vogue_data_pipeline/venv/lib/python3.11/site-packages/airflow/example_dags/example_bash_decorator.py took 0.157 seconds
[2026-01-06T14:12:02.255+1100] {processor.py:161} INFO - Started process (PID=87919) to work on /Users/fionatham/Documents/Projects/vogue_data_pipeline/venv/lib/python3.11/site-packages/airflow/example_dags/example_bash_decorator.py
[2026-01-06T14:12:02.256+1100] {processor.py:830} INFO - Processing file /Users/fionatham/Documents/Projects/vogue_data_pipeline/venv/lib/python3.11/site-packages/airflow/example_dags/example_bash_decorator.py for tasks to queue
[2026-01-06T14:12:02.257+1100] {logging_mixin.py:188} INFO - [2026-01-06T14:12:02.257+1100] {dagbag.py:545} INFO - Filling up the DagBag from /Users/fionatham/Documents/Projects/vogue_data_pipeline/venv/lib/python3.11/site-packages/airflow/example_dags/example_bash_decorator.py
[2026-01-06T14:12:02.276+1100] {processor.py:840} INFO - DAG(s) 'example_bash_decorator' retrieved from /Users/fionatham/Documents/Projects/vogue_data_pipeline/venv/lib/python3.11/site-packages/airflow/example_dags/example_bash_decorator.py
[2026-01-06T14:12:02.405+1100] {logging_mixin.py:188} INFO - [2026-01-06T14:12:02.405+1100] {dag.py:3089} INFO - Sync 1 DAGs
[2026-01-06T14:12:02.409+1100] {logging_mixin.py:188} INFO - [2026-01-06T14:12:02.409+1100] {dag.py:3947} INFO - Setting next_dagrun for example_bash_decorator to None, run_after=None
[2026-01-06T14:12:02.418+1100] {processor.py:183} INFO - Processing /Users/fionatham/Documents/Projects/vogue_data_pipeline/venv/lib/python3.11/site-packages/airflow/example_dags/example_bash_decorator.py took 0.164 seconds
[2026-01-06T14:14:08.020+1100] {processor.py:161} INFO - Started process (PID=88467) to work on /Users/fionatham/Documents/Projects/vogue_data_pipeline/venv/lib/python3.11/site-packages/airflow/example_dags/example_bash_decorator.py
[2026-01-06T14:14:08.021+1100] {processor.py:830} INFO - Processing file /Users/fionatham/Documents/Projects/vogue_data_pipeline/venv/lib/python3.11/site-packages/airflow/example_dags/example_bash_decorator.py for tasks to queue
[2026-01-06T14:14:08.021+1100] {logging_mixin.py:188} INFO - [2026-01-06T14:14:08.021+1100] {dagbag.py:545} INFO - Filling up the DagBag from /Users/fionatham/Documents/Projects/vogue_data_pipeline/venv/lib/python3.11/site-packages/airflow/example_dags/example_bash_decorator.py
[2026-01-06T14:14:08.039+1100] {processor.py:840} INFO - DAG(s) 'example_bash_decorator' retrieved from /Users/fionatham/Documents/Projects/vogue_data_pipeline/venv/lib/python3.11/site-packages/airflow/example_dags/example_bash_decorator.py
[2026-01-06T14:14:08.149+1100] {logging_mixin.py:188} INFO - [2026-01-06T14:14:08.149+1100] {dag.py:3089} INFO - Sync 1 DAGs
[2026-01-06T14:14:08.152+1100] {logging_mixin.py:188} INFO - [2026-01-06T14:14:08.152+1100] {dag.py:3947} INFO - Setting next_dagrun for example_bash_decorator to None, run_after=None
[2026-01-06T14:14:08.160+1100] {processor.py:183} INFO - Processing /Users/fionatham/Documents/Projects/vogue_data_pipeline/venv/lib/python3.11/site-packages/airflow/example_dags/example_bash_decorator.py took 0.141 seconds
[2026-01-06T14:16:08.148+1100] {processor.py:161} INFO - Started process (PID=89102) to work on /Users/fionatham/Documents/Projects/vogue_data_pipeline/venv/lib/python3.11/site-packages/airflow/example_dags/example_bash_decorator.py
[2026-01-06T14:16:08.148+1100] {processor.py:830} INFO - Processing file /Users/fionatham/Documents/Projects/vogue_data_pipeline/venv/lib/python3.11/site-packages/airflow/example_dags/example_bash_decorator.py for tasks to queue
[2026-01-06T14:16:08.157+1100] {logging_mixin.py:188} INFO - [2026-01-06T14:16:08.157+1100] {dagbag.py:545} INFO - Filling up the DagBag from /Users/fionatham/Documents/Projects/vogue_data_pipeline/venv/lib/python3.11/site-packages/airflow/example_dags/example_bash_decorator.py
[2026-01-06T14:16:08.175+1100] {processor.py:840} INFO - DAG(s) 'example_bash_decorator' retrieved from /Users/fionatham/Documents/Projects/vogue_data_pipeline/venv/lib/python3.11/site-packages/airflow/example_dags/example_bash_decorator.py
[2026-01-06T14:16:08.283+1100] {logging_mixin.py:188} INFO - [2026-01-06T14:16:08.283+1100] {dag.py:3089} INFO - Sync 1 DAGs
[2026-01-06T14:16:08.286+1100] {logging_mixin.py:188} INFO - [2026-01-06T14:16:08.286+1100] {dag.py:3947} INFO - Setting next_dagrun for example_bash_decorator to None, run_after=None
[2026-01-06T14:16:08.294+1100] {processor.py:183} INFO - Processing /Users/fionatham/Documents/Projects/vogue_data_pipeline/venv/lib/python3.11/site-packages/airflow/example_dags/example_bash_decorator.py took 0.147 seconds
[2026-01-06T14:18:01.614+1100] {processor.py:161} INFO - Started process (PID=89409) to work on /Users/fionatham/Documents/Projects/vogue_data_pipeline/venv/lib/python3.11/site-packages/airflow/example_dags/example_bash_decorator.py
[2026-01-06T14:18:01.615+1100] {processor.py:830} INFO - Processing file /Users/fionatham/Documents/Projects/vogue_data_pipeline/venv/lib/python3.11/site-packages/airflow/example_dags/example_bash_decorator.py for tasks to queue
[2026-01-06T14:18:01.615+1100] {logging_mixin.py:188} INFO - [2026-01-06T14:18:01.615+1100] {dagbag.py:545} INFO - Filling up the DagBag from /Users/fionatham/Documents/Projects/vogue_data_pipeline/venv/lib/python3.11/site-packages/airflow/example_dags/example_bash_decorator.py
[2026-01-06T14:18:01.634+1100] {processor.py:840} INFO - DAG(s) 'example_bash_decorator' retrieved from /Users/fionatham/Documents/Projects/vogue_data_pipeline/venv/lib/python3.11/site-packages/airflow/example_dags/example_bash_decorator.py
[2026-01-06T14:18:01.750+1100] {logging_mixin.py:188} INFO - [2026-01-06T14:18:01.750+1100] {dag.py:3089} INFO - Sync 1 DAGs
[2026-01-06T14:18:01.754+1100] {logging_mixin.py:188} INFO - [2026-01-06T14:18:01.754+1100] {dag.py:3947} INFO - Setting next_dagrun for example_bash_decorator to None, run_after=None
[2026-01-06T14:18:01.762+1100] {processor.py:183} INFO - Processing /Users/fionatham/Documents/Projects/vogue_data_pipeline/venv/lib/python3.11/site-packages/airflow/example_dags/example_bash_decorator.py took 0.149 seconds
[2026-01-06T14:20:02.940+1100] {processor.py:161} INFO - Started process (PID=89969) to work on /Users/fionatham/Documents/Projects/vogue_data_pipeline/venv/lib/python3.11/site-packages/airflow/example_dags/example_bash_decorator.py
[2026-01-06T14:20:02.942+1100] {processor.py:830} INFO - Processing file /Users/fionatham/Documents/Projects/vogue_data_pipeline/venv/lib/python3.11/site-packages/airflow/example_dags/example_bash_decorator.py for tasks to queue
[2026-01-06T14:20:02.942+1100] {logging_mixin.py:188} INFO - [2026-01-06T14:20:02.942+1100] {dagbag.py:545} INFO - Filling up the DagBag from /Users/fionatham/Documents/Projects/vogue_data_pipeline/venv/lib/python3.11/site-packages/airflow/example_dags/example_bash_decorator.py
[2026-01-06T14:20:02.961+1100] {processor.py:840} INFO - DAG(s) 'example_bash_decorator' retrieved from /Users/fionatham/Documents/Projects/vogue_data_pipeline/venv/lib/python3.11/site-packages/airflow/example_dags/example_bash_decorator.py
[2026-01-06T14:20:03.084+1100] {logging_mixin.py:188} INFO - [2026-01-06T14:20:03.084+1100] {dag.py:3089} INFO - Sync 1 DAGs
[2026-01-06T14:20:03.088+1100] {logging_mixin.py:188} INFO - [2026-01-06T14:20:03.087+1100] {dag.py:3947} INFO - Setting next_dagrun for example_bash_decorator to None, run_after=None
[2026-01-06T14:20:03.096+1100] {processor.py:183} INFO - Processing /Users/fionatham/Documents/Projects/vogue_data_pipeline/venv/lib/python3.11/site-packages/airflow/example_dags/example_bash_decorator.py took 0.157 seconds
[2026-01-06T14:22:05.044+1100] {processor.py:161} INFO - Started process (PID=90053) to work on /Users/fionatham/Documents/Projects/vogue_data_pipeline/venv/lib/python3.11/site-packages/airflow/example_dags/example_bash_decorator.py
[2026-01-06T14:22:05.045+1100] {processor.py:830} INFO - Processing file /Users/fionatham/Documents/Projects/vogue_data_pipeline/venv/lib/python3.11/site-packages/airflow/example_dags/example_bash_decorator.py for tasks to queue
[2026-01-06T14:22:05.045+1100] {logging_mixin.py:188} INFO - [2026-01-06T14:22:05.045+1100] {dagbag.py:545} INFO - Filling up the DagBag from /Users/fionatham/Documents/Projects/vogue_data_pipeline/venv/lib/python3.11/site-packages/airflow/example_dags/example_bash_decorator.py
[2026-01-06T14:22:05.064+1100] {processor.py:840} INFO - DAG(s) 'example_bash_decorator' retrieved from /Users/fionatham/Documents/Projects/vogue_data_pipeline/venv/lib/python3.11/site-packages/airflow/example_dags/example_bash_decorator.py
[2026-01-06T14:22:05.185+1100] {logging_mixin.py:188} INFO - [2026-01-06T14:22:05.185+1100] {dag.py:3089} INFO - Sync 1 DAGs
[2026-01-06T14:22:05.188+1100] {logging_mixin.py:188} INFO - [2026-01-06T14:22:05.188+1100] {dag.py:3947} INFO - Setting next_dagrun for example_bash_decorator to None, run_after=None
[2026-01-06T14:22:05.197+1100] {processor.py:183} INFO - Processing /Users/fionatham/Documents/Projects/vogue_data_pipeline/venv/lib/python3.11/site-packages/airflow/example_dags/example_bash_decorator.py took 0.154 seconds
[2026-01-06T14:23:54.143+1100] {processor.py:161} INFO - Started process (PID=90149) to work on /Users/fionatham/Documents/Projects/vogue_data_pipeline/venv/lib/python3.11/site-packages/airflow/example_dags/example_bash_decorator.py
[2026-01-06T14:23:54.143+1100] {processor.py:830} INFO - Processing file /Users/fionatham/Documents/Projects/vogue_data_pipeline/venv/lib/python3.11/site-packages/airflow/example_dags/example_bash_decorator.py for tasks to queue
[2026-01-06T14:23:54.144+1100] {logging_mixin.py:188} INFO - [2026-01-06T14:23:54.144+1100] {dagbag.py:545} INFO - Filling up the DagBag from /Users/fionatham/Documents/Projects/vogue_data_pipeline/venv/lib/python3.11/site-packages/airflow/example_dags/example_bash_decorator.py
[2026-01-06T14:23:54.166+1100] {processor.py:840} INFO - DAG(s) 'example_bash_decorator' retrieved from /Users/fionatham/Documents/Projects/vogue_data_pipeline/venv/lib/python3.11/site-packages/airflow/example_dags/example_bash_decorator.py
[2026-01-06T14:23:54.283+1100] {logging_mixin.py:188} INFO - [2026-01-06T14:23:54.283+1100] {dag.py:3089} INFO - Sync 1 DAGs
[2026-01-06T14:23:54.286+1100] {logging_mixin.py:188} INFO - [2026-01-06T14:23:54.286+1100] {dag.py:3947} INFO - Setting next_dagrun for example_bash_decorator to None, run_after=None
[2026-01-06T14:23:54.294+1100] {processor.py:183} INFO - Processing /Users/fionatham/Documents/Projects/vogue_data_pipeline/venv/lib/python3.11/site-packages/airflow/example_dags/example_bash_decorator.py took 0.152 seconds
[2026-01-06T14:25:44.323+1100] {processor.py:161} INFO - Started process (PID=90426) to work on /Users/fionatham/Documents/Projects/vogue_data_pipeline/venv/lib/python3.11/site-packages/airflow/example_dags/example_bash_decorator.py
[2026-01-06T14:25:44.324+1100] {processor.py:830} INFO - Processing file /Users/fionatham/Documents/Projects/vogue_data_pipeline/venv/lib/python3.11/site-packages/airflow/example_dags/example_bash_decorator.py for tasks to queue
[2026-01-06T14:25:44.324+1100] {logging_mixin.py:188} INFO - [2026-01-06T14:25:44.324+1100] {dagbag.py:545} INFO - Filling up the DagBag from /Users/fionatham/Documents/Projects/vogue_data_pipeline/venv/lib/python3.11/site-packages/airflow/example_dags/example_bash_decorator.py
[2026-01-06T14:25:44.346+1100] {processor.py:840} INFO - DAG(s) 'example_bash_decorator' retrieved from /Users/fionatham/Documents/Projects/vogue_data_pipeline/venv/lib/python3.11/site-packages/airflow/example_dags/example_bash_decorator.py
[2026-01-06T14:25:44.470+1100] {logging_mixin.py:188} INFO - [2026-01-06T14:25:44.470+1100] {dag.py:3089} INFO - Sync 1 DAGs
[2026-01-06T14:25:44.474+1100] {logging_mixin.py:188} INFO - [2026-01-06T14:25:44.474+1100] {dag.py:3947} INFO - Setting next_dagrun for example_bash_decorator to None, run_after=None
[2026-01-06T14:25:44.482+1100] {processor.py:183} INFO - Processing /Users/fionatham/Documents/Projects/vogue_data_pipeline/venv/lib/python3.11/site-packages/airflow/example_dags/example_bash_decorator.py took 0.160 seconds
[2026-01-06T14:27:44.106+1100] {processor.py:161} INFO - Started process (PID=90736) to work on /Users/fionatham/Documents/Projects/vogue_data_pipeline/venv/lib/python3.11/site-packages/airflow/example_dags/example_bash_decorator.py
[2026-01-06T14:27:44.107+1100] {processor.py:830} INFO - Processing file /Users/fionatham/Documents/Projects/vogue_data_pipeline/venv/lib/python3.11/site-packages/airflow/example_dags/example_bash_decorator.py for tasks to queue
[2026-01-06T14:27:44.107+1100] {logging_mixin.py:188} INFO - [2026-01-06T14:27:44.107+1100] {dagbag.py:545} INFO - Filling up the DagBag from /Users/fionatham/Documents/Projects/vogue_data_pipeline/venv/lib/python3.11/site-packages/airflow/example_dags/example_bash_decorator.py
[2026-01-06T14:27:44.126+1100] {processor.py:840} INFO - DAG(s) 'example_bash_decorator' retrieved from /Users/fionatham/Documents/Projects/vogue_data_pipeline/venv/lib/python3.11/site-packages/airflow/example_dags/example_bash_decorator.py
[2026-01-06T14:27:44.235+1100] {logging_mixin.py:188} INFO - [2026-01-06T14:27:44.235+1100] {dag.py:3089} INFO - Sync 1 DAGs
[2026-01-06T14:27:44.238+1100] {logging_mixin.py:188} INFO - [2026-01-06T14:27:44.238+1100] {dag.py:3947} INFO - Setting next_dagrun for example_bash_decorator to None, run_after=None
[2026-01-06T14:27:44.245+1100] {processor.py:183} INFO - Processing /Users/fionatham/Documents/Projects/vogue_data_pipeline/venv/lib/python3.11/site-packages/airflow/example_dags/example_bash_decorator.py took 0.141 seconds
[2026-01-06T14:29:44.266+1100] {processor.py:161} INFO - Started process (PID=91354) to work on /Users/fionatham/Documents/Projects/vogue_data_pipeline/venv/lib/python3.11/site-packages/airflow/example_dags/example_bash_decorator.py
[2026-01-06T14:29:44.268+1100] {processor.py:830} INFO - Processing file /Users/fionatham/Documents/Projects/vogue_data_pipeline/venv/lib/python3.11/site-packages/airflow/example_dags/example_bash_decorator.py for tasks to queue
[2026-01-06T14:29:44.268+1100] {logging_mixin.py:188} INFO - [2026-01-06T14:29:44.268+1100] {dagbag.py:545} INFO - Filling up the DagBag from /Users/fionatham/Documents/Projects/vogue_data_pipeline/venv/lib/python3.11/site-packages/airflow/example_dags/example_bash_decorator.py
[2026-01-06T14:29:44.287+1100] {processor.py:840} INFO - DAG(s) 'example_bash_decorator' retrieved from /Users/fionatham/Documents/Projects/vogue_data_pipeline/venv/lib/python3.11/site-packages/airflow/example_dags/example_bash_decorator.py
[2026-01-06T14:29:44.407+1100] {logging_mixin.py:188} INFO - [2026-01-06T14:29:44.407+1100] {dag.py:3089} INFO - Sync 1 DAGs
[2026-01-06T14:29:44.410+1100] {logging_mixin.py:188} INFO - [2026-01-06T14:29:44.410+1100] {dag.py:3947} INFO - Setting next_dagrun for example_bash_decorator to None, run_after=None
[2026-01-06T14:29:44.419+1100] {processor.py:183} INFO - Processing /Users/fionatham/Documents/Projects/vogue_data_pipeline/venv/lib/python3.11/site-packages/airflow/example_dags/example_bash_decorator.py took 0.154 seconds
[2026-01-06T14:31:43.055+1100] {processor.py:161} INFO - Started process (PID=91929) to work on /Users/fionatham/Documents/Projects/vogue_data_pipeline/venv/lib/python3.11/site-packages/airflow/example_dags/example_bash_decorator.py
[2026-01-06T14:31:43.057+1100] {processor.py:830} INFO - Processing file /Users/fionatham/Documents/Projects/vogue_data_pipeline/venv/lib/python3.11/site-packages/airflow/example_dags/example_bash_decorator.py for tasks to queue
[2026-01-06T14:31:43.057+1100] {logging_mixin.py:188} INFO - [2026-01-06T14:31:43.057+1100] {dagbag.py:545} INFO - Filling up the DagBag from /Users/fionatham/Documents/Projects/vogue_data_pipeline/venv/lib/python3.11/site-packages/airflow/example_dags/example_bash_decorator.py
[2026-01-06T14:31:43.079+1100] {processor.py:840} INFO - DAG(s) 'example_bash_decorator' retrieved from /Users/fionatham/Documents/Projects/vogue_data_pipeline/venv/lib/python3.11/site-packages/airflow/example_dags/example_bash_decorator.py
[2026-01-06T14:31:43.198+1100] {logging_mixin.py:188} INFO - [2026-01-06T14:31:43.198+1100] {dag.py:3089} INFO - Sync 1 DAGs
[2026-01-06T14:31:43.201+1100] {logging_mixin.py:188} INFO - [2026-01-06T14:31:43.201+1100] {dag.py:3947} INFO - Setting next_dagrun for example_bash_decorator to None, run_after=None
[2026-01-06T14:31:43.210+1100] {processor.py:183} INFO - Processing /Users/fionatham/Documents/Projects/vogue_data_pipeline/venv/lib/python3.11/site-packages/airflow/example_dags/example_bash_decorator.py took 0.156 seconds
[2026-01-06T14:33:41.891+1100] {processor.py:161} INFO - Started process (PID=92251) to work on /Users/fionatham/Documents/Projects/vogue_data_pipeline/venv/lib/python3.11/site-packages/airflow/example_dags/example_bash_decorator.py
[2026-01-06T14:33:41.891+1100] {processor.py:830} INFO - Processing file /Users/fionatham/Documents/Projects/vogue_data_pipeline/venv/lib/python3.11/site-packages/airflow/example_dags/example_bash_decorator.py for tasks to queue
[2026-01-06T14:33:41.892+1100] {logging_mixin.py:188} INFO - [2026-01-06T14:33:41.892+1100] {dagbag.py:545} INFO - Filling up the DagBag from /Users/fionatham/Documents/Projects/vogue_data_pipeline/venv/lib/python3.11/site-packages/airflow/example_dags/example_bash_decorator.py
[2026-01-06T14:33:41.915+1100] {processor.py:840} INFO - DAG(s) 'example_bash_decorator' retrieved from /Users/fionatham/Documents/Projects/vogue_data_pipeline/venv/lib/python3.11/site-packages/airflow/example_dags/example_bash_decorator.py
[2026-01-06T14:33:42.038+1100] {logging_mixin.py:188} INFO - [2026-01-06T14:33:42.038+1100] {dag.py:3089} INFO - Sync 1 DAGs
[2026-01-06T14:33:42.041+1100] {logging_mixin.py:188} INFO - [2026-01-06T14:33:42.041+1100] {dag.py:3947} INFO - Setting next_dagrun for example_bash_decorator to None, run_after=None
[2026-01-06T14:33:42.051+1100] {processor.py:183} INFO - Processing /Users/fionatham/Documents/Projects/vogue_data_pipeline/venv/lib/python3.11/site-packages/airflow/example_dags/example_bash_decorator.py took 0.162 seconds
[2026-01-06T14:35:38.856+1100] {processor.py:161} INFO - Started process (PID=92502) to work on /Users/fionatham/Documents/Projects/vogue_data_pipeline/venv/lib/python3.11/site-packages/airflow/example_dags/example_bash_decorator.py
[2026-01-06T14:35:38.857+1100] {processor.py:830} INFO - Processing file /Users/fionatham/Documents/Projects/vogue_data_pipeline/venv/lib/python3.11/site-packages/airflow/example_dags/example_bash_decorator.py for tasks to queue
[2026-01-06T14:35:38.858+1100] {logging_mixin.py:188} INFO - [2026-01-06T14:35:38.857+1100] {dagbag.py:545} INFO - Filling up the DagBag from /Users/fionatham/Documents/Projects/vogue_data_pipeline/venv/lib/python3.11/site-packages/airflow/example_dags/example_bash_decorator.py
[2026-01-06T14:35:38.878+1100] {processor.py:840} INFO - DAG(s) 'example_bash_decorator' retrieved from /Users/fionatham/Documents/Projects/vogue_data_pipeline/venv/lib/python3.11/site-packages/airflow/example_dags/example_bash_decorator.py
[2026-01-06T14:35:39.010+1100] {logging_mixin.py:188} INFO - [2026-01-06T14:35:39.010+1100] {dag.py:3089} INFO - Sync 1 DAGs
[2026-01-06T14:35:39.014+1100] {logging_mixin.py:188} INFO - [2026-01-06T14:35:39.014+1100] {dag.py:3947} INFO - Setting next_dagrun for example_bash_decorator to None, run_after=None
[2026-01-06T14:35:39.023+1100] {processor.py:183} INFO - Processing /Users/fionatham/Documents/Projects/vogue_data_pipeline/venv/lib/python3.11/site-packages/airflow/example_dags/example_bash_decorator.py took 0.168 seconds
[2026-01-06T14:37:41.856+1100] {processor.py:161} INFO - Started process (PID=92719) to work on /Users/fionatham/Documents/Projects/vogue_data_pipeline/venv/lib/python3.11/site-packages/airflow/example_dags/example_bash_decorator.py
[2026-01-06T14:37:41.857+1100] {processor.py:830} INFO - Processing file /Users/fionatham/Documents/Projects/vogue_data_pipeline/venv/lib/python3.11/site-packages/airflow/example_dags/example_bash_decorator.py for tasks to queue
[2026-01-06T14:37:41.857+1100] {logging_mixin.py:188} INFO - [2026-01-06T14:37:41.857+1100] {dagbag.py:545} INFO - Filling up the DagBag from /Users/fionatham/Documents/Projects/vogue_data_pipeline/venv/lib/python3.11/site-packages/airflow/example_dags/example_bash_decorator.py
[2026-01-06T14:37:41.881+1100] {processor.py:840} INFO - DAG(s) 'example_bash_decorator' retrieved from /Users/fionatham/Documents/Projects/vogue_data_pipeline/venv/lib/python3.11/site-packages/airflow/example_dags/example_bash_decorator.py
[2026-01-06T14:37:42.005+1100] {logging_mixin.py:188} INFO - [2026-01-06T14:37:42.005+1100] {dag.py:3089} INFO - Sync 1 DAGs
[2026-01-06T14:37:42.009+1100] {logging_mixin.py:188} INFO - [2026-01-06T14:37:42.008+1100] {dag.py:3947} INFO - Setting next_dagrun for example_bash_decorator to None, run_after=None
[2026-01-06T14:37:42.016+1100] {processor.py:183} INFO - Processing /Users/fionatham/Documents/Projects/vogue_data_pipeline/venv/lib/python3.11/site-packages/airflow/example_dags/example_bash_decorator.py took 0.162 seconds
[2026-01-06T14:39:41.232+1100] {processor.py:161} INFO - Started process (PID=92903) to work on /Users/fionatham/Documents/Projects/vogue_data_pipeline/venv/lib/python3.11/site-packages/airflow/example_dags/example_bash_decorator.py
[2026-01-06T14:39:41.233+1100] {processor.py:830} INFO - Processing file /Users/fionatham/Documents/Projects/vogue_data_pipeline/venv/lib/python3.11/site-packages/airflow/example_dags/example_bash_decorator.py for tasks to queue
[2026-01-06T14:39:41.234+1100] {logging_mixin.py:188} INFO - [2026-01-06T14:39:41.234+1100] {dagbag.py:545} INFO - Filling up the DagBag from /Users/fionatham/Documents/Projects/vogue_data_pipeline/venv/lib/python3.11/site-packages/airflow/example_dags/example_bash_decorator.py
[2026-01-06T14:39:41.257+1100] {processor.py:840} INFO - DAG(s) 'example_bash_decorator' retrieved from /Users/fionatham/Documents/Projects/vogue_data_pipeline/venv/lib/python3.11/site-packages/airflow/example_dags/example_bash_decorator.py
[2026-01-06T14:39:41.380+1100] {logging_mixin.py:188} INFO - [2026-01-06T14:39:41.379+1100] {dag.py:3089} INFO - Sync 1 DAGs
[2026-01-06T14:39:41.383+1100] {logging_mixin.py:188} INFO - [2026-01-06T14:39:41.383+1100] {dag.py:3947} INFO - Setting next_dagrun for example_bash_decorator to None, run_after=None
[2026-01-06T14:39:41.392+1100] {processor.py:183} INFO - Processing /Users/fionatham/Documents/Projects/vogue_data_pipeline/venv/lib/python3.11/site-packages/airflow/example_dags/example_bash_decorator.py took 0.163 seconds
[2026-01-06T14:41:31.101+1100] {processor.py:161} INFO - Started process (PID=92976) to work on /Users/fionatham/Documents/Projects/vogue_data_pipeline/venv/lib/python3.11/site-packages/airflow/example_dags/example_bash_decorator.py
[2026-01-06T14:41:31.103+1100] {processor.py:830} INFO - Processing file /Users/fionatham/Documents/Projects/vogue_data_pipeline/venv/lib/python3.11/site-packages/airflow/example_dags/example_bash_decorator.py for tasks to queue
[2026-01-06T14:41:31.103+1100] {logging_mixin.py:188} INFO - [2026-01-06T14:41:31.103+1100] {dagbag.py:545} INFO - Filling up the DagBag from /Users/fionatham/Documents/Projects/vogue_data_pipeline/venv/lib/python3.11/site-packages/airflow/example_dags/example_bash_decorator.py
[2026-01-06T14:41:31.123+1100] {processor.py:840} INFO - DAG(s) 'example_bash_decorator' retrieved from /Users/fionatham/Documents/Projects/vogue_data_pipeline/venv/lib/python3.11/site-packages/airflow/example_dags/example_bash_decorator.py
[2026-01-06T14:41:31.235+1100] {logging_mixin.py:188} INFO - [2026-01-06T14:41:31.235+1100] {dag.py:3089} INFO - Sync 1 DAGs
[2026-01-06T14:41:31.239+1100] {logging_mixin.py:188} INFO - [2026-01-06T14:41:31.239+1100] {dag.py:3947} INFO - Setting next_dagrun for example_bash_decorator to None, run_after=None
[2026-01-06T14:41:31.246+1100] {processor.py:183} INFO - Processing /Users/fionatham/Documents/Projects/vogue_data_pipeline/venv/lib/python3.11/site-packages/airflow/example_dags/example_bash_decorator.py took 0.146 seconds
[2026-01-06T14:43:27.820+1100] {processor.py:161} INFO - Started process (PID=93057) to work on /Users/fionatham/Documents/Projects/vogue_data_pipeline/venv/lib/python3.11/site-packages/airflow/example_dags/example_bash_decorator.py
[2026-01-06T14:43:27.821+1100] {processor.py:830} INFO - Processing file /Users/fionatham/Documents/Projects/vogue_data_pipeline/venv/lib/python3.11/site-packages/airflow/example_dags/example_bash_decorator.py for tasks to queue
[2026-01-06T14:43:27.822+1100] {logging_mixin.py:188} INFO - [2026-01-06T14:43:27.822+1100] {dagbag.py:545} INFO - Filling up the DagBag from /Users/fionatham/Documents/Projects/vogue_data_pipeline/venv/lib/python3.11/site-packages/airflow/example_dags/example_bash_decorator.py
[2026-01-06T14:43:27.844+1100] {processor.py:840} INFO - DAG(s) 'example_bash_decorator' retrieved from /Users/fionatham/Documents/Projects/vogue_data_pipeline/venv/lib/python3.11/site-packages/airflow/example_dags/example_bash_decorator.py
[2026-01-06T14:43:27.960+1100] {logging_mixin.py:188} INFO - [2026-01-06T14:43:27.959+1100] {dag.py:3089} INFO - Sync 1 DAGs
[2026-01-06T14:43:27.963+1100] {logging_mixin.py:188} INFO - [2026-01-06T14:43:27.963+1100] {dag.py:3947} INFO - Setting next_dagrun for example_bash_decorator to None, run_after=None
[2026-01-06T14:43:27.971+1100] {processor.py:183} INFO - Processing /Users/fionatham/Documents/Projects/vogue_data_pipeline/venv/lib/python3.11/site-packages/airflow/example_dags/example_bash_decorator.py took 0.152 seconds
[2026-01-06T14:45:27.479+1100] {processor.py:161} INFO - Started process (PID=93144) to work on /Users/fionatham/Documents/Projects/vogue_data_pipeline/venv/lib/python3.11/site-packages/airflow/example_dags/example_bash_decorator.py
[2026-01-06T14:45:27.480+1100] {processor.py:830} INFO - Processing file /Users/fionatham/Documents/Projects/vogue_data_pipeline/venv/lib/python3.11/site-packages/airflow/example_dags/example_bash_decorator.py for tasks to queue
[2026-01-06T14:45:27.480+1100] {logging_mixin.py:188} INFO - [2026-01-06T14:45:27.480+1100] {dagbag.py:545} INFO - Filling up the DagBag from /Users/fionatham/Documents/Projects/vogue_data_pipeline/venv/lib/python3.11/site-packages/airflow/example_dags/example_bash_decorator.py
[2026-01-06T14:45:27.501+1100] {processor.py:840} INFO - DAG(s) 'example_bash_decorator' retrieved from /Users/fionatham/Documents/Projects/vogue_data_pipeline/venv/lib/python3.11/site-packages/airflow/example_dags/example_bash_decorator.py
[2026-01-06T14:45:27.613+1100] {logging_mixin.py:188} INFO - [2026-01-06T14:45:27.613+1100] {dag.py:3089} INFO - Sync 1 DAGs
[2026-01-06T14:45:27.617+1100] {logging_mixin.py:188} INFO - [2026-01-06T14:45:27.617+1100] {dag.py:3947} INFO - Setting next_dagrun for example_bash_decorator to None, run_after=None
[2026-01-06T14:45:27.624+1100] {processor.py:183} INFO - Processing /Users/fionatham/Documents/Projects/vogue_data_pipeline/venv/lib/python3.11/site-packages/airflow/example_dags/example_bash_decorator.py took 0.146 seconds
[2026-01-06T14:47:21.055+1100] {processor.py:161} INFO - Started process (PID=93224) to work on /Users/fionatham/Documents/Projects/vogue_data_pipeline/venv/lib/python3.11/site-packages/airflow/example_dags/example_bash_decorator.py
[2026-01-06T14:47:21.056+1100] {processor.py:830} INFO - Processing file /Users/fionatham/Documents/Projects/vogue_data_pipeline/venv/lib/python3.11/site-packages/airflow/example_dags/example_bash_decorator.py for tasks to queue
[2026-01-06T14:47:21.057+1100] {logging_mixin.py:188} INFO - [2026-01-06T14:47:21.056+1100] {dagbag.py:545} INFO - Filling up the DagBag from /Users/fionatham/Documents/Projects/vogue_data_pipeline/venv/lib/python3.11/site-packages/airflow/example_dags/example_bash_decorator.py
[2026-01-06T14:47:21.079+1100] {processor.py:840} INFO - DAG(s) 'example_bash_decorator' retrieved from /Users/fionatham/Documents/Projects/vogue_data_pipeline/venv/lib/python3.11/site-packages/airflow/example_dags/example_bash_decorator.py
[2026-01-06T14:47:21.203+1100] {logging_mixin.py:188} INFO - [2026-01-06T14:47:21.203+1100] {dag.py:3089} INFO - Sync 1 DAGs
[2026-01-06T14:47:21.206+1100] {logging_mixin.py:188} INFO - [2026-01-06T14:47:21.206+1100] {dag.py:3947} INFO - Setting next_dagrun for example_bash_decorator to None, run_after=None
[2026-01-06T14:47:21.214+1100] {processor.py:183} INFO - Processing /Users/fionatham/Documents/Projects/vogue_data_pipeline/venv/lib/python3.11/site-packages/airflow/example_dags/example_bash_decorator.py took 0.161 seconds
[2026-01-06T14:49:21.401+1100] {processor.py:161} INFO - Started process (PID=93326) to work on /Users/fionatham/Documents/Projects/vogue_data_pipeline/venv/lib/python3.11/site-packages/airflow/example_dags/example_bash_decorator.py
[2026-01-06T14:49:21.402+1100] {processor.py:830} INFO - Processing file /Users/fionatham/Documents/Projects/vogue_data_pipeline/venv/lib/python3.11/site-packages/airflow/example_dags/example_bash_decorator.py for tasks to queue
[2026-01-06T14:49:21.403+1100] {logging_mixin.py:188} INFO - [2026-01-06T14:49:21.403+1100] {dagbag.py:545} INFO - Filling up the DagBag from /Users/fionatham/Documents/Projects/vogue_data_pipeline/venv/lib/python3.11/site-packages/airflow/example_dags/example_bash_decorator.py
[2026-01-06T14:49:21.422+1100] {processor.py:840} INFO - DAG(s) 'example_bash_decorator' retrieved from /Users/fionatham/Documents/Projects/vogue_data_pipeline/venv/lib/python3.11/site-packages/airflow/example_dags/example_bash_decorator.py
[2026-01-06T14:49:21.536+1100] {logging_mixin.py:188} INFO - [2026-01-06T14:49:21.536+1100] {dag.py:3089} INFO - Sync 1 DAGs
[2026-01-06T14:49:21.539+1100] {logging_mixin.py:188} INFO - [2026-01-06T14:49:21.539+1100] {dag.py:3947} INFO - Setting next_dagrun for example_bash_decorator to None, run_after=None
[2026-01-06T14:49:21.547+1100] {processor.py:183} INFO - Processing /Users/fionatham/Documents/Projects/vogue_data_pipeline/venv/lib/python3.11/site-packages/airflow/example_dags/example_bash_decorator.py took 0.147 seconds
[2026-01-06T14:51:14.010+1100] {processor.py:161} INFO - Started process (PID=93412) to work on /Users/fionatham/Documents/Projects/vogue_data_pipeline/venv/lib/python3.11/site-packages/airflow/example_dags/example_bash_decorator.py
[2026-01-06T14:51:14.012+1100] {processor.py:830} INFO - Processing file /Users/fionatham/Documents/Projects/vogue_data_pipeline/venv/lib/python3.11/site-packages/airflow/example_dags/example_bash_decorator.py for tasks to queue
[2026-01-06T14:51:14.012+1100] {logging_mixin.py:188} INFO - [2026-01-06T14:51:14.012+1100] {dagbag.py:545} INFO - Filling up the DagBag from /Users/fionatham/Documents/Projects/vogue_data_pipeline/venv/lib/python3.11/site-packages/airflow/example_dags/example_bash_decorator.py
[2026-01-06T14:51:14.031+1100] {processor.py:840} INFO - DAG(s) 'example_bash_decorator' retrieved from /Users/fionatham/Documents/Projects/vogue_data_pipeline/venv/lib/python3.11/site-packages/airflow/example_dags/example_bash_decorator.py
[2026-01-06T14:51:14.171+1100] {logging_mixin.py:188} INFO - [2026-01-06T14:51:14.171+1100] {dag.py:3089} INFO - Sync 1 DAGs
[2026-01-06T14:51:14.177+1100] {logging_mixin.py:188} INFO - [2026-01-06T14:51:14.176+1100] {dag.py:3947} INFO - Setting next_dagrun for example_bash_decorator to None, run_after=None
[2026-01-06T14:51:14.186+1100] {processor.py:183} INFO - Processing /Users/fionatham/Documents/Projects/vogue_data_pipeline/venv/lib/python3.11/site-packages/airflow/example_dags/example_bash_decorator.py took 0.177 seconds
[2026-01-06T14:53:08.995+1100] {processor.py:161} INFO - Started process (PID=93544) to work on /Users/fionatham/Documents/Projects/vogue_data_pipeline/venv/lib/python3.11/site-packages/airflow/example_dags/example_bash_decorator.py
[2026-01-06T14:53:08.996+1100] {processor.py:830} INFO - Processing file /Users/fionatham/Documents/Projects/vogue_data_pipeline/venv/lib/python3.11/site-packages/airflow/example_dags/example_bash_decorator.py for tasks to queue
[2026-01-06T14:53:08.997+1100] {logging_mixin.py:188} INFO - [2026-01-06T14:53:08.997+1100] {dagbag.py:545} INFO - Filling up the DagBag from /Users/fionatham/Documents/Projects/vogue_data_pipeline/venv/lib/python3.11/site-packages/airflow/example_dags/example_bash_decorator.py
[2026-01-06T14:53:09.016+1100] {processor.py:840} INFO - DAG(s) 'example_bash_decorator' retrieved from /Users/fionatham/Documents/Projects/vogue_data_pipeline/venv/lib/python3.11/site-packages/airflow/example_dags/example_bash_decorator.py
[2026-01-06T14:53:09.127+1100] {logging_mixin.py:188} INFO - [2026-01-06T14:53:09.127+1100] {dag.py:3089} INFO - Sync 1 DAGs
[2026-01-06T14:53:09.130+1100] {logging_mixin.py:188} INFO - [2026-01-06T14:53:09.130+1100] {dag.py:3947} INFO - Setting next_dagrun for example_bash_decorator to None, run_after=None
[2026-01-06T14:53:09.138+1100] {processor.py:183} INFO - Processing /Users/fionatham/Documents/Projects/vogue_data_pipeline/venv/lib/python3.11/site-packages/airflow/example_dags/example_bash_decorator.py took 0.145 seconds
[2026-01-06T14:55:06.149+1100] {processor.py:161} INFO - Started process (PID=93727) to work on /Users/fionatham/Documents/Projects/vogue_data_pipeline/venv/lib/python3.11/site-packages/airflow/example_dags/example_bash_decorator.py
[2026-01-06T14:55:06.150+1100] {processor.py:830} INFO - Processing file /Users/fionatham/Documents/Projects/vogue_data_pipeline/venv/lib/python3.11/site-packages/airflow/example_dags/example_bash_decorator.py for tasks to queue
[2026-01-06T14:55:06.150+1100] {logging_mixin.py:188} INFO - [2026-01-06T14:55:06.150+1100] {dagbag.py:545} INFO - Filling up the DagBag from /Users/fionatham/Documents/Projects/vogue_data_pipeline/venv/lib/python3.11/site-packages/airflow/example_dags/example_bash_decorator.py
[2026-01-06T14:55:06.170+1100] {processor.py:840} INFO - DAG(s) 'example_bash_decorator' retrieved from /Users/fionatham/Documents/Projects/vogue_data_pipeline/venv/lib/python3.11/site-packages/airflow/example_dags/example_bash_decorator.py
[2026-01-06T14:55:06.283+1100] {logging_mixin.py:188} INFO - [2026-01-06T14:55:06.283+1100] {dag.py:3089} INFO - Sync 1 DAGs
[2026-01-06T14:55:06.286+1100] {logging_mixin.py:188} INFO - [2026-01-06T14:55:06.286+1100] {dag.py:3947} INFO - Setting next_dagrun for example_bash_decorator to None, run_after=None
[2026-01-06T14:55:06.293+1100] {processor.py:183} INFO - Processing /Users/fionatham/Documents/Projects/vogue_data_pipeline/venv/lib/python3.11/site-packages/airflow/example_dags/example_bash_decorator.py took 0.146 seconds
[2026-01-06T14:57:05.026+1100] {processor.py:161} INFO - Started process (PID=93834) to work on /Users/fionatham/Documents/Projects/vogue_data_pipeline/venv/lib/python3.11/site-packages/airflow/example_dags/example_bash_decorator.py
[2026-01-06T14:57:05.028+1100] {processor.py:830} INFO - Processing file /Users/fionatham/Documents/Projects/vogue_data_pipeline/venv/lib/python3.11/site-packages/airflow/example_dags/example_bash_decorator.py for tasks to queue
[2026-01-06T14:57:05.028+1100] {logging_mixin.py:188} INFO - [2026-01-06T14:57:05.028+1100] {dagbag.py:545} INFO - Filling up the DagBag from /Users/fionatham/Documents/Projects/vogue_data_pipeline/venv/lib/python3.11/site-packages/airflow/example_dags/example_bash_decorator.py
[2026-01-06T14:57:05.049+1100] {processor.py:840} INFO - DAG(s) 'example_bash_decorator' retrieved from /Users/fionatham/Documents/Projects/vogue_data_pipeline/venv/lib/python3.11/site-packages/airflow/example_dags/example_bash_decorator.py
[2026-01-06T14:57:05.166+1100] {logging_mixin.py:188} INFO - [2026-01-06T14:57:05.166+1100] {dag.py:3089} INFO - Sync 1 DAGs
[2026-01-06T14:57:05.169+1100] {logging_mixin.py:188} INFO - [2026-01-06T14:57:05.169+1100] {dag.py:3947} INFO - Setting next_dagrun for example_bash_decorator to None, run_after=None
[2026-01-06T14:57:05.177+1100] {processor.py:183} INFO - Processing /Users/fionatham/Documents/Projects/vogue_data_pipeline/venv/lib/python3.11/site-packages/airflow/example_dags/example_bash_decorator.py took 0.153 seconds
[2026-01-06T14:58:59.959+1100] {processor.py:161} INFO - Started process (PID=93975) to work on /Users/fionatham/Documents/Projects/vogue_data_pipeline/venv/lib/python3.11/site-packages/airflow/example_dags/example_bash_decorator.py
[2026-01-06T14:58:59.960+1100] {processor.py:830} INFO - Processing file /Users/fionatham/Documents/Projects/vogue_data_pipeline/venv/lib/python3.11/site-packages/airflow/example_dags/example_bash_decorator.py for tasks to queue
[2026-01-06T14:58:59.960+1100] {logging_mixin.py:188} INFO - [2026-01-06T14:58:59.960+1100] {dagbag.py:545} INFO - Filling up the DagBag from /Users/fionatham/Documents/Projects/vogue_data_pipeline/venv/lib/python3.11/site-packages/airflow/example_dags/example_bash_decorator.py
[2026-01-06T14:58:59.980+1100] {processor.py:840} INFO - DAG(s) 'example_bash_decorator' retrieved from /Users/fionatham/Documents/Projects/vogue_data_pipeline/venv/lib/python3.11/site-packages/airflow/example_dags/example_bash_decorator.py
[2026-01-06T14:59:00.104+1100] {logging_mixin.py:188} INFO - [2026-01-06T14:59:00.104+1100] {dag.py:3089} INFO - Sync 1 DAGs
[2026-01-06T14:59:00.108+1100] {logging_mixin.py:188} INFO - [2026-01-06T14:59:00.108+1100] {dag.py:3947} INFO - Setting next_dagrun for example_bash_decorator to None, run_after=None
[2026-01-06T14:59:00.116+1100] {processor.py:183} INFO - Processing /Users/fionatham/Documents/Projects/vogue_data_pipeline/venv/lib/python3.11/site-packages/airflow/example_dags/example_bash_decorator.py took 0.158 seconds
[2026-01-06T15:01:00.240+1100] {processor.py:161} INFO - Started process (PID=94137) to work on /Users/fionatham/Documents/Projects/vogue_data_pipeline/venv/lib/python3.11/site-packages/airflow/example_dags/example_bash_decorator.py
[2026-01-06T15:01:00.242+1100] {processor.py:830} INFO - Processing file /Users/fionatham/Documents/Projects/vogue_data_pipeline/venv/lib/python3.11/site-packages/airflow/example_dags/example_bash_decorator.py for tasks to queue
[2026-01-06T15:01:00.242+1100] {logging_mixin.py:188} INFO - [2026-01-06T15:01:00.242+1100] {dagbag.py:545} INFO - Filling up the DagBag from /Users/fionatham/Documents/Projects/vogue_data_pipeline/venv/lib/python3.11/site-packages/airflow/example_dags/example_bash_decorator.py
[2026-01-06T15:01:00.261+1100] {processor.py:840} INFO - DAG(s) 'example_bash_decorator' retrieved from /Users/fionatham/Documents/Projects/vogue_data_pipeline/venv/lib/python3.11/site-packages/airflow/example_dags/example_bash_decorator.py
[2026-01-06T15:01:00.376+1100] {logging_mixin.py:188} INFO - [2026-01-06T15:01:00.376+1100] {dag.py:3089} INFO - Sync 1 DAGs
[2026-01-06T15:01:00.380+1100] {logging_mixin.py:188} INFO - [2026-01-06T15:01:00.379+1100] {dag.py:3947} INFO - Setting next_dagrun for example_bash_decorator to None, run_after=None
[2026-01-06T15:01:00.388+1100] {processor.py:183} INFO - Processing /Users/fionatham/Documents/Projects/vogue_data_pipeline/venv/lib/python3.11/site-packages/airflow/example_dags/example_bash_decorator.py took 0.149 seconds
[2026-01-06T15:03:01.728+1100] {processor.py:161} INFO - Started process (PID=94384) to work on /Users/fionatham/Documents/Projects/vogue_data_pipeline/venv/lib/python3.11/site-packages/airflow/example_dags/example_bash_decorator.py
[2026-01-06T15:03:01.729+1100] {processor.py:830} INFO - Processing file /Users/fionatham/Documents/Projects/vogue_data_pipeline/venv/lib/python3.11/site-packages/airflow/example_dags/example_bash_decorator.py for tasks to queue
[2026-01-06T15:03:01.729+1100] {logging_mixin.py:188} INFO - [2026-01-06T15:03:01.729+1100] {dagbag.py:545} INFO - Filling up the DagBag from /Users/fionatham/Documents/Projects/vogue_data_pipeline/venv/lib/python3.11/site-packages/airflow/example_dags/example_bash_decorator.py
[2026-01-06T15:03:01.749+1100] {processor.py:840} INFO - DAG(s) 'example_bash_decorator' retrieved from /Users/fionatham/Documents/Projects/vogue_data_pipeline/venv/lib/python3.11/site-packages/airflow/example_dags/example_bash_decorator.py
[2026-01-06T15:03:01.866+1100] {logging_mixin.py:188} INFO - [2026-01-06T15:03:01.866+1100] {dag.py:3089} INFO - Sync 1 DAGs
[2026-01-06T15:03:01.869+1100] {logging_mixin.py:188} INFO - [2026-01-06T15:03:01.869+1100] {dag.py:3947} INFO - Setting next_dagrun for example_bash_decorator to None, run_after=None
[2026-01-06T15:03:01.878+1100] {processor.py:183} INFO - Processing /Users/fionatham/Documents/Projects/vogue_data_pipeline/venv/lib/python3.11/site-packages/airflow/example_dags/example_bash_decorator.py took 0.151 seconds
[2026-01-06T15:05:02.295+1100] {processor.py:161} INFO - Started process (PID=94597) to work on /Users/fionatham/Documents/Projects/vogue_data_pipeline/venv/lib/python3.11/site-packages/airflow/example_dags/example_bash_decorator.py
[2026-01-06T15:05:02.297+1100] {processor.py:830} INFO - Processing file /Users/fionatham/Documents/Projects/vogue_data_pipeline/venv/lib/python3.11/site-packages/airflow/example_dags/example_bash_decorator.py for tasks to queue
[2026-01-06T15:05:02.297+1100] {logging_mixin.py:188} INFO - [2026-01-06T15:05:02.297+1100] {dagbag.py:545} INFO - Filling up the DagBag from /Users/fionatham/Documents/Projects/vogue_data_pipeline/venv/lib/python3.11/site-packages/airflow/example_dags/example_bash_decorator.py
[2026-01-06T15:05:02.317+1100] {processor.py:840} INFO - DAG(s) 'example_bash_decorator' retrieved from /Users/fionatham/Documents/Projects/vogue_data_pipeline/venv/lib/python3.11/site-packages/airflow/example_dags/example_bash_decorator.py
[2026-01-06T15:05:02.432+1100] {logging_mixin.py:188} INFO - [2026-01-06T15:05:02.432+1100] {dag.py:3089} INFO - Sync 1 DAGs
[2026-01-06T15:05:02.435+1100] {logging_mixin.py:188} INFO - [2026-01-06T15:05:02.435+1100] {dag.py:3947} INFO - Setting next_dagrun for example_bash_decorator to None, run_after=None
[2026-01-06T15:05:02.443+1100] {processor.py:183} INFO - Processing /Users/fionatham/Documents/Projects/vogue_data_pipeline/venv/lib/python3.11/site-packages/airflow/example_dags/example_bash_decorator.py took 0.149 seconds
[2026-01-06T15:07:01.354+1100] {processor.py:161} INFO - Started process (PID=94752) to work on /Users/fionatham/Documents/Projects/vogue_data_pipeline/venv/lib/python3.11/site-packages/airflow/example_dags/example_bash_decorator.py
[2026-01-06T15:07:01.355+1100] {processor.py:830} INFO - Processing file /Users/fionatham/Documents/Projects/vogue_data_pipeline/venv/lib/python3.11/site-packages/airflow/example_dags/example_bash_decorator.py for tasks to queue
[2026-01-06T15:07:01.356+1100] {logging_mixin.py:188} INFO - [2026-01-06T15:07:01.356+1100] {dagbag.py:545} INFO - Filling up the DagBag from /Users/fionatham/Documents/Projects/vogue_data_pipeline/venv/lib/python3.11/site-packages/airflow/example_dags/example_bash_decorator.py
[2026-01-06T15:07:01.374+1100] {processor.py:840} INFO - DAG(s) 'example_bash_decorator' retrieved from /Users/fionatham/Documents/Projects/vogue_data_pipeline/venv/lib/python3.11/site-packages/airflow/example_dags/example_bash_decorator.py
[2026-01-06T15:07:01.483+1100] {logging_mixin.py:188} INFO - [2026-01-06T15:07:01.483+1100] {dag.py:3089} INFO - Sync 1 DAGs
[2026-01-06T15:07:01.486+1100] {logging_mixin.py:188} INFO - [2026-01-06T15:07:01.486+1100] {dag.py:3947} INFO - Setting next_dagrun for example_bash_decorator to None, run_after=None
[2026-01-06T15:07:01.494+1100] {processor.py:183} INFO - Processing /Users/fionatham/Documents/Projects/vogue_data_pipeline/venv/lib/python3.11/site-packages/airflow/example_dags/example_bash_decorator.py took 0.141 seconds
[2026-01-06T15:13:25.478+1100] {processor.py:161} INFO - Started process (PID=95302) to work on /Users/fionatham/Documents/Projects/vogue_data_pipeline/venv/lib/python3.11/site-packages/airflow/example_dags/example_bash_decorator.py
[2026-01-06T15:13:25.480+1100] {processor.py:830} INFO - Processing file /Users/fionatham/Documents/Projects/vogue_data_pipeline/venv/lib/python3.11/site-packages/airflow/example_dags/example_bash_decorator.py for tasks to queue
[2026-01-06T15:13:25.480+1100] {logging_mixin.py:188} INFO - [2026-01-06T15:13:25.480+1100] {dagbag.py:545} INFO - Filling up the DagBag from /Users/fionatham/Documents/Projects/vogue_data_pipeline/venv/lib/python3.11/site-packages/airflow/example_dags/example_bash_decorator.py
[2026-01-06T15:13:25.504+1100] {processor.py:840} INFO - DAG(s) 'example_bash_decorator' retrieved from /Users/fionatham/Documents/Projects/vogue_data_pipeline/venv/lib/python3.11/site-packages/airflow/example_dags/example_bash_decorator.py
[2026-01-06T15:13:25.623+1100] {logging_mixin.py:188} INFO - [2026-01-06T15:13:25.623+1100] {dag.py:3089} INFO - Sync 1 DAGs
[2026-01-06T15:13:25.627+1100] {logging_mixin.py:188} INFO - [2026-01-06T15:13:25.626+1100] {dag.py:3947} INFO - Setting next_dagrun for example_bash_decorator to None, run_after=None
[2026-01-06T15:13:25.634+1100] {processor.py:183} INFO - Processing /Users/fionatham/Documents/Projects/vogue_data_pipeline/venv/lib/python3.11/site-packages/airflow/example_dags/example_bash_decorator.py took 0.157 seconds
[2026-01-06T16:56:43.096+1100] {processor.py:161} INFO - Started process (PID=95528) to work on /Users/fionatham/Documents/Projects/vogue_data_pipeline/venv/lib/python3.11/site-packages/airflow/example_dags/example_bash_decorator.py
[2026-01-06T16:56:43.098+1100] {processor.py:830} INFO - Processing file /Users/fionatham/Documents/Projects/vogue_data_pipeline/venv/lib/python3.11/site-packages/airflow/example_dags/example_bash_decorator.py for tasks to queue
[2026-01-06T16:56:43.098+1100] {logging_mixin.py:188} INFO - [2026-01-06T16:56:43.098+1100] {dagbag.py:545} INFO - Filling up the DagBag from /Users/fionatham/Documents/Projects/vogue_data_pipeline/venv/lib/python3.11/site-packages/airflow/example_dags/example_bash_decorator.py
[2026-01-06T16:56:43.118+1100] {processor.py:840} INFO - DAG(s) 'example_bash_decorator' retrieved from /Users/fionatham/Documents/Projects/vogue_data_pipeline/venv/lib/python3.11/site-packages/airflow/example_dags/example_bash_decorator.py
[2026-01-06T16:56:43.230+1100] {logging_mixin.py:188} INFO - [2026-01-06T16:56:43.230+1100] {dag.py:3089} INFO - Sync 1 DAGs
[2026-01-06T16:56:43.234+1100] {logging_mixin.py:188} INFO - [2026-01-06T16:56:43.233+1100] {dag.py:3947} INFO - Setting next_dagrun for example_bash_decorator to None, run_after=None
[2026-01-06T16:56:43.241+1100] {processor.py:183} INFO - Processing /Users/fionatham/Documents/Projects/vogue_data_pipeline/venv/lib/python3.11/site-packages/airflow/example_dags/example_bash_decorator.py took 0.146 seconds
[2026-01-06T20:52:28.524+1100] {processor.py:161} INFO - Started process (PID=95777) to work on /Users/fionatham/Documents/Projects/vogue_data_pipeline/venv/lib/python3.11/site-packages/airflow/example_dags/example_bash_decorator.py
[2026-01-06T20:52:28.525+1100] {processor.py:830} INFO - Processing file /Users/fionatham/Documents/Projects/vogue_data_pipeline/venv/lib/python3.11/site-packages/airflow/example_dags/example_bash_decorator.py for tasks to queue
[2026-01-06T20:52:28.525+1100] {logging_mixin.py:188} INFO - [2026-01-06T20:52:28.525+1100] {dagbag.py:545} INFO - Filling up the DagBag from /Users/fionatham/Documents/Projects/vogue_data_pipeline/venv/lib/python3.11/site-packages/airflow/example_dags/example_bash_decorator.py
[2026-01-06T20:52:28.547+1100] {processor.py:840} INFO - DAG(s) 'example_bash_decorator' retrieved from /Users/fionatham/Documents/Projects/vogue_data_pipeline/venv/lib/python3.11/site-packages/airflow/example_dags/example_bash_decorator.py
[2026-01-06T20:52:28.674+1100] {logging_mixin.py:188} INFO - [2026-01-06T20:52:28.673+1100] {dag.py:3089} INFO - Sync 1 DAGs
[2026-01-06T20:52:28.678+1100] {logging_mixin.py:188} INFO - [2026-01-06T20:52:28.678+1100] {dag.py:3947} INFO - Setting next_dagrun for example_bash_decorator to None, run_after=None
[2026-01-06T20:52:28.690+1100] {processor.py:183} INFO - Processing /Users/fionatham/Documents/Projects/vogue_data_pipeline/venv/lib/python3.11/site-packages/airflow/example_dags/example_bash_decorator.py took 0.167 seconds
[2026-01-06T23:57:24.686+1100] {processor.py:161} INFO - Started process (PID=96071) to work on /Users/fionatham/Documents/Projects/vogue_data_pipeline/venv/lib/python3.11/site-packages/airflow/example_dags/example_bash_decorator.py
[2026-01-06T23:57:24.687+1100] {processor.py:830} INFO - Processing file /Users/fionatham/Documents/Projects/vogue_data_pipeline/venv/lib/python3.11/site-packages/airflow/example_dags/example_bash_decorator.py for tasks to queue
[2026-01-06T23:57:24.687+1100] {logging_mixin.py:188} INFO - [2026-01-06T23:57:24.687+1100] {dagbag.py:545} INFO - Filling up the DagBag from /Users/fionatham/Documents/Projects/vogue_data_pipeline/venv/lib/python3.11/site-packages/airflow/example_dags/example_bash_decorator.py
[2026-01-06T23:57:24.708+1100] {processor.py:840} INFO - DAG(s) 'example_bash_decorator' retrieved from /Users/fionatham/Documents/Projects/vogue_data_pipeline/venv/lib/python3.11/site-packages/airflow/example_dags/example_bash_decorator.py
[2026-01-06T23:57:24.827+1100] {logging_mixin.py:188} INFO - [2026-01-06T23:57:24.827+1100] {dag.py:3089} INFO - Sync 1 DAGs
[2026-01-06T23:57:24.831+1100] {logging_mixin.py:188} INFO - [2026-01-06T23:57:24.831+1100] {dag.py:3947} INFO - Setting next_dagrun for example_bash_decorator to None, run_after=None
[2026-01-06T23:57:24.840+1100] {processor.py:183} INFO - Processing /Users/fionatham/Documents/Projects/vogue_data_pipeline/venv/lib/python3.11/site-packages/airflow/example_dags/example_bash_decorator.py took 0.156 seconds
