[2026-01-06T13:57:54.443+1100] {processor.py:161} INFO - Started process (PID=85443) to work on /Users/fionatham/Documents/Projects/vogue_data_pipeline/venv/lib/python3.11/site-packages/airflow/example_dags/example_branch_labels.py
[2026-01-06T13:57:54.444+1100] {processor.py:830} INFO - Processing file /Users/fionatham/Documents/Projects/vogue_data_pipeline/venv/lib/python3.11/site-packages/airflow/example_dags/example_branch_labels.py for tasks to queue
[2026-01-06T13:57:54.444+1100] {logging_mixin.py:188} INFO - [2026-01-06T13:57:54.444+1100] {dagbag.py:545} INFO - Filling up the DagBag from /Users/fionatham/Documents/Projects/vogue_data_pipeline/venv/lib/python3.11/site-packages/airflow/example_dags/example_branch_labels.py
[2026-01-06T13:57:54.451+1100] {processor.py:840} INFO - DAG(s) 'example_branch_labels' retrieved from /Users/fionatham/Documents/Projects/vogue_data_pipeline/venv/lib/python3.11/site-packages/airflow/example_dags/example_branch_labels.py
[2026-01-06T13:57:54.541+1100] {logging_mixin.py:188} INFO - [2026-01-06T13:57:54.541+1100] {override.py:1858} INFO - Created Permission View: can delete on DAG:example_branch_labels
[2026-01-06T13:57:54.545+1100] {logging_mixin.py:188} INFO - [2026-01-06T13:57:54.545+1100] {override.py:1858} INFO - Created Permission View: can edit on DAG:example_branch_labels
[2026-01-06T13:57:54.548+1100] {logging_mixin.py:188} INFO - [2026-01-06T13:57:54.548+1100] {override.py:1858} INFO - Created Permission View: can read on DAG:example_branch_labels
[2026-01-06T13:57:54.548+1100] {logging_mixin.py:188} INFO - [2026-01-06T13:57:54.548+1100] {dag.py:3089} INFO - Sync 1 DAGs
[2026-01-06T13:57:54.590+1100] {logging_mixin.py:188} INFO - [2026-01-06T13:57:54.590+1100] {dag.py:3111} INFO - Creating ORM DAG for example_branch_labels
[2026-01-06T13:57:54.594+1100] {logging_mixin.py:188} INFO - [2026-01-06T13:57:54.594+1100] {dag.py:3947} INFO - Setting next_dagrun for example_branch_labels to 2026-01-05 00:00:00+00:00, run_after=2026-01-06 00:00:00+00:00
[2026-01-06T13:57:54.602+1100] {processor.py:183} INFO - Processing /Users/fionatham/Documents/Projects/vogue_data_pipeline/venv/lib/python3.11/site-packages/airflow/example_dags/example_branch_labels.py took 0.160 seconds
[2026-01-06T13:59:54.941+1100] {processor.py:161} INFO - Started process (PID=86806) to work on /Users/fionatham/Documents/Projects/vogue_data_pipeline/venv/lib/python3.11/site-packages/airflow/example_dags/example_branch_labels.py
[2026-01-06T13:59:54.942+1100] {processor.py:830} INFO - Processing file /Users/fionatham/Documents/Projects/vogue_data_pipeline/venv/lib/python3.11/site-packages/airflow/example_dags/example_branch_labels.py for tasks to queue
[2026-01-06T13:59:54.942+1100] {logging_mixin.py:188} INFO - [2026-01-06T13:59:54.942+1100] {dagbag.py:545} INFO - Filling up the DagBag from /Users/fionatham/Documents/Projects/vogue_data_pipeline/venv/lib/python3.11/site-packages/airflow/example_dags/example_branch_labels.py
[2026-01-06T13:59:54.946+1100] {processor.py:840} INFO - DAG(s) 'example_branch_labels' retrieved from /Users/fionatham/Documents/Projects/vogue_data_pipeline/venv/lib/python3.11/site-packages/airflow/example_dags/example_branch_labels.py
[2026-01-06T13:59:54.992+1100] {logging_mixin.py:188} INFO - [2026-01-06T13:59:54.992+1100] {dag.py:3089} INFO - Sync 1 DAGs
[2026-01-06T13:59:54.999+1100] {logging_mixin.py:188} INFO - [2026-01-06T13:59:54.999+1100] {dag.py:3947} INFO - Setting next_dagrun for example_branch_labels to 2026-01-05 00:00:00+00:00, run_after=2026-01-06 00:00:00+00:00
[2026-01-06T13:59:55.007+1100] {processor.py:183} INFO - Processing /Users/fionatham/Documents/Projects/vogue_data_pipeline/venv/lib/python3.11/site-packages/airflow/example_dags/example_branch_labels.py took 0.067 seconds
[2026-01-06T14:01:56.828+1100] {processor.py:161} INFO - Started process (PID=87062) to work on /Users/fionatham/Documents/Projects/vogue_data_pipeline/venv/lib/python3.11/site-packages/airflow/example_dags/example_branch_labels.py
[2026-01-06T14:01:56.829+1100] {processor.py:830} INFO - Processing file /Users/fionatham/Documents/Projects/vogue_data_pipeline/venv/lib/python3.11/site-packages/airflow/example_dags/example_branch_labels.py for tasks to queue
[2026-01-06T14:01:56.830+1100] {logging_mixin.py:188} INFO - [2026-01-06T14:01:56.829+1100] {dagbag.py:545} INFO - Filling up the DagBag from /Users/fionatham/Documents/Projects/vogue_data_pipeline/venv/lib/python3.11/site-packages/airflow/example_dags/example_branch_labels.py
[2026-01-06T14:01:56.834+1100] {processor.py:840} INFO - DAG(s) 'example_branch_labels' retrieved from /Users/fionatham/Documents/Projects/vogue_data_pipeline/venv/lib/python3.11/site-packages/airflow/example_dags/example_branch_labels.py
[2026-01-06T14:01:56.881+1100] {logging_mixin.py:188} INFO - [2026-01-06T14:01:56.881+1100] {dag.py:3089} INFO - Sync 1 DAGs
[2026-01-06T14:01:56.888+1100] {logging_mixin.py:188} INFO - [2026-01-06T14:01:56.888+1100] {dag.py:3947} INFO - Setting next_dagrun for example_branch_labels to 2026-01-05 00:00:00+00:00, run_after=2026-01-06 00:00:00+00:00
[2026-01-06T14:01:56.896+1100] {processor.py:183} INFO - Processing /Users/fionatham/Documents/Projects/vogue_data_pipeline/venv/lib/python3.11/site-packages/airflow/example_dags/example_branch_labels.py took 0.069 seconds
[2026-01-06T14:04:00.073+1100] {processor.py:161} INFO - Started process (PID=87232) to work on /Users/fionatham/Documents/Projects/vogue_data_pipeline/venv/lib/python3.11/site-packages/airflow/example_dags/example_branch_labels.py
[2026-01-06T14:04:00.074+1100] {processor.py:830} INFO - Processing file /Users/fionatham/Documents/Projects/vogue_data_pipeline/venv/lib/python3.11/site-packages/airflow/example_dags/example_branch_labels.py for tasks to queue
[2026-01-06T14:04:00.074+1100] {logging_mixin.py:188} INFO - [2026-01-06T14:04:00.074+1100] {dagbag.py:545} INFO - Filling up the DagBag from /Users/fionatham/Documents/Projects/vogue_data_pipeline/venv/lib/python3.11/site-packages/airflow/example_dags/example_branch_labels.py
[2026-01-06T14:04:00.079+1100] {processor.py:840} INFO - DAG(s) 'example_branch_labels' retrieved from /Users/fionatham/Documents/Projects/vogue_data_pipeline/venv/lib/python3.11/site-packages/airflow/example_dags/example_branch_labels.py
[2026-01-06T14:04:00.124+1100] {logging_mixin.py:188} INFO - [2026-01-06T14:04:00.124+1100] {dag.py:3089} INFO - Sync 1 DAGs
[2026-01-06T14:04:00.131+1100] {logging_mixin.py:188} INFO - [2026-01-06T14:04:00.131+1100] {dag.py:3947} INFO - Setting next_dagrun for example_branch_labels to 2026-01-05 00:00:00+00:00, run_after=2026-01-06 00:00:00+00:00
[2026-01-06T14:04:00.138+1100] {processor.py:183} INFO - Processing /Users/fionatham/Documents/Projects/vogue_data_pipeline/venv/lib/python3.11/site-packages/airflow/example_dags/example_branch_labels.py took 0.066 seconds
[2026-01-06T14:05:58.723+1100] {processor.py:161} INFO - Started process (PID=87463) to work on /Users/fionatham/Documents/Projects/vogue_data_pipeline/venv/lib/python3.11/site-packages/airflow/example_dags/example_branch_labels.py
[2026-01-06T14:05:58.724+1100] {processor.py:830} INFO - Processing file /Users/fionatham/Documents/Projects/vogue_data_pipeline/venv/lib/python3.11/site-packages/airflow/example_dags/example_branch_labels.py for tasks to queue
[2026-01-06T14:05:58.724+1100] {logging_mixin.py:188} INFO - [2026-01-06T14:05:58.724+1100] {dagbag.py:545} INFO - Filling up the DagBag from /Users/fionatham/Documents/Projects/vogue_data_pipeline/venv/lib/python3.11/site-packages/airflow/example_dags/example_branch_labels.py
[2026-01-06T14:05:58.728+1100] {processor.py:840} INFO - DAG(s) 'example_branch_labels' retrieved from /Users/fionatham/Documents/Projects/vogue_data_pipeline/venv/lib/python3.11/site-packages/airflow/example_dags/example_branch_labels.py
[2026-01-06T14:05:58.773+1100] {logging_mixin.py:188} INFO - [2026-01-06T14:05:58.772+1100] {dag.py:3089} INFO - Sync 1 DAGs
[2026-01-06T14:05:58.779+1100] {logging_mixin.py:188} INFO - [2026-01-06T14:05:58.779+1100] {dag.py:3947} INFO - Setting next_dagrun for example_branch_labels to 2026-01-05 00:00:00+00:00, run_after=2026-01-06 00:00:00+00:00
[2026-01-06T14:05:58.787+1100] {processor.py:183} INFO - Processing /Users/fionatham/Documents/Projects/vogue_data_pipeline/venv/lib/python3.11/site-packages/airflow/example_dags/example_branch_labels.py took 0.065 seconds
[2026-01-06T14:08:00.959+1100] {processor.py:161} INFO - Started process (PID=87644) to work on /Users/fionatham/Documents/Projects/vogue_data_pipeline/venv/lib/python3.11/site-packages/airflow/example_dags/example_branch_labels.py
[2026-01-06T14:08:00.959+1100] {processor.py:830} INFO - Processing file /Users/fionatham/Documents/Projects/vogue_data_pipeline/venv/lib/python3.11/site-packages/airflow/example_dags/example_branch_labels.py for tasks to queue
[2026-01-06T14:08:00.960+1100] {logging_mixin.py:188} INFO - [2026-01-06T14:08:00.960+1100] {dagbag.py:545} INFO - Filling up the DagBag from /Users/fionatham/Documents/Projects/vogue_data_pipeline/venv/lib/python3.11/site-packages/airflow/example_dags/example_branch_labels.py
[2026-01-06T14:08:00.964+1100] {processor.py:840} INFO - DAG(s) 'example_branch_labels' retrieved from /Users/fionatham/Documents/Projects/vogue_data_pipeline/venv/lib/python3.11/site-packages/airflow/example_dags/example_branch_labels.py
[2026-01-06T14:08:01.010+1100] {logging_mixin.py:188} INFO - [2026-01-06T14:08:01.009+1100] {dag.py:3089} INFO - Sync 1 DAGs
[2026-01-06T14:08:01.017+1100] {logging_mixin.py:188} INFO - [2026-01-06T14:08:01.017+1100] {dag.py:3947} INFO - Setting next_dagrun for example_branch_labels to 2026-01-05 00:00:00+00:00, run_after=2026-01-06 00:00:00+00:00
[2026-01-06T14:08:01.024+1100] {processor.py:183} INFO - Processing /Users/fionatham/Documents/Projects/vogue_data_pipeline/venv/lib/python3.11/site-packages/airflow/example_dags/example_branch_labels.py took 0.066 seconds
[2026-01-06T14:09:57.715+1100] {processor.py:161} INFO - Started process (PID=87744) to work on /Users/fionatham/Documents/Projects/vogue_data_pipeline/venv/lib/python3.11/site-packages/airflow/example_dags/example_branch_labels.py
[2026-01-06T14:09:57.716+1100] {processor.py:830} INFO - Processing file /Users/fionatham/Documents/Projects/vogue_data_pipeline/venv/lib/python3.11/site-packages/airflow/example_dags/example_branch_labels.py for tasks to queue
[2026-01-06T14:09:57.716+1100] {logging_mixin.py:188} INFO - [2026-01-06T14:09:57.716+1100] {dagbag.py:545} INFO - Filling up the DagBag from /Users/fionatham/Documents/Projects/vogue_data_pipeline/venv/lib/python3.11/site-packages/airflow/example_dags/example_branch_labels.py
[2026-01-06T14:09:57.720+1100] {processor.py:840} INFO - DAG(s) 'example_branch_labels' retrieved from /Users/fionatham/Documents/Projects/vogue_data_pipeline/venv/lib/python3.11/site-packages/airflow/example_dags/example_branch_labels.py
[2026-01-06T14:09:57.794+1100] {logging_mixin.py:188} INFO - [2026-01-06T14:09:57.794+1100] {dag.py:3089} INFO - Sync 1 DAGs
[2026-01-06T14:09:57.802+1100] {logging_mixin.py:188} INFO - [2026-01-06T14:09:57.802+1100] {dag.py:3947} INFO - Setting next_dagrun for example_branch_labels to 2026-01-05 00:00:00+00:00, run_after=2026-01-06 00:00:00+00:00
[2026-01-06T14:09:57.810+1100] {processor.py:183} INFO - Processing /Users/fionatham/Documents/Projects/vogue_data_pipeline/venv/lib/python3.11/site-packages/airflow/example_dags/example_branch_labels.py took 0.097 seconds
[2026-01-06T14:11:55.059+1100] {processor.py:161} INFO - Started process (PID=87905) to work on /Users/fionatham/Documents/Projects/vogue_data_pipeline/venv/lib/python3.11/site-packages/airflow/example_dags/example_branch_labels.py
[2026-01-06T14:11:55.059+1100] {processor.py:830} INFO - Processing file /Users/fionatham/Documents/Projects/vogue_data_pipeline/venv/lib/python3.11/site-packages/airflow/example_dags/example_branch_labels.py for tasks to queue
[2026-01-06T14:11:55.060+1100] {logging_mixin.py:188} INFO - [2026-01-06T14:11:55.059+1100] {dagbag.py:545} INFO - Filling up the DagBag from /Users/fionatham/Documents/Projects/vogue_data_pipeline/venv/lib/python3.11/site-packages/airflow/example_dags/example_branch_labels.py
[2026-01-06T14:11:55.064+1100] {processor.py:840} INFO - DAG(s) 'example_branch_labels' retrieved from /Users/fionatham/Documents/Projects/vogue_data_pipeline/venv/lib/python3.11/site-packages/airflow/example_dags/example_branch_labels.py
[2026-01-06T14:11:55.108+1100] {logging_mixin.py:188} INFO - [2026-01-06T14:11:55.108+1100] {dag.py:3089} INFO - Sync 1 DAGs
[2026-01-06T14:11:55.115+1100] {logging_mixin.py:188} INFO - [2026-01-06T14:11:55.115+1100] {dag.py:3947} INFO - Setting next_dagrun for example_branch_labels to 2026-01-05 00:00:00+00:00, run_after=2026-01-06 00:00:00+00:00
[2026-01-06T14:11:55.122+1100] {processor.py:183} INFO - Processing /Users/fionatham/Documents/Projects/vogue_data_pipeline/venv/lib/python3.11/site-packages/airflow/example_dags/example_branch_labels.py took 0.065 seconds
[2026-01-06T14:14:00.983+1100] {processor.py:161} INFO - Started process (PID=88060) to work on /Users/fionatham/Documents/Projects/vogue_data_pipeline/venv/lib/python3.11/site-packages/airflow/example_dags/example_branch_labels.py
[2026-01-06T14:14:00.984+1100] {processor.py:830} INFO - Processing file /Users/fionatham/Documents/Projects/vogue_data_pipeline/venv/lib/python3.11/site-packages/airflow/example_dags/example_branch_labels.py for tasks to queue
[2026-01-06T14:14:00.984+1100] {logging_mixin.py:188} INFO - [2026-01-06T14:14:00.984+1100] {dagbag.py:545} INFO - Filling up the DagBag from /Users/fionatham/Documents/Projects/vogue_data_pipeline/venv/lib/python3.11/site-packages/airflow/example_dags/example_branch_labels.py
[2026-01-06T14:14:00.989+1100] {processor.py:840} INFO - DAG(s) 'example_branch_labels' retrieved from /Users/fionatham/Documents/Projects/vogue_data_pipeline/venv/lib/python3.11/site-packages/airflow/example_dags/example_branch_labels.py
[2026-01-06T14:14:01.038+1100] {logging_mixin.py:188} INFO - [2026-01-06T14:14:01.038+1100] {dag.py:3089} INFO - Sync 1 DAGs
[2026-01-06T14:14:01.046+1100] {logging_mixin.py:188} INFO - [2026-01-06T14:14:01.046+1100] {dag.py:3947} INFO - Setting next_dagrun for example_branch_labels to 2026-01-05 00:00:00+00:00, run_after=2026-01-06 00:00:00+00:00
[2026-01-06T14:14:01.055+1100] {processor.py:183} INFO - Processing /Users/fionatham/Documents/Projects/vogue_data_pipeline/venv/lib/python3.11/site-packages/airflow/example_dags/example_branch_labels.py took 0.074 seconds
[2026-01-06T14:16:01.566+1100] {processor.py:161} INFO - Started process (PID=88978) to work on /Users/fionatham/Documents/Projects/vogue_data_pipeline/venv/lib/python3.11/site-packages/airflow/example_dags/example_branch_labels.py
[2026-01-06T14:16:01.567+1100] {processor.py:830} INFO - Processing file /Users/fionatham/Documents/Projects/vogue_data_pipeline/venv/lib/python3.11/site-packages/airflow/example_dags/example_branch_labels.py for tasks to queue
[2026-01-06T14:16:01.568+1100] {logging_mixin.py:188} INFO - [2026-01-06T14:16:01.568+1100] {dagbag.py:545} INFO - Filling up the DagBag from /Users/fionatham/Documents/Projects/vogue_data_pipeline/venv/lib/python3.11/site-packages/airflow/example_dags/example_branch_labels.py
[2026-01-06T14:16:01.571+1100] {processor.py:840} INFO - DAG(s) 'example_branch_labels' retrieved from /Users/fionatham/Documents/Projects/vogue_data_pipeline/venv/lib/python3.11/site-packages/airflow/example_dags/example_branch_labels.py
[2026-01-06T14:16:01.618+1100] {logging_mixin.py:188} INFO - [2026-01-06T14:16:01.617+1100] {dag.py:3089} INFO - Sync 1 DAGs
[2026-01-06T14:16:01.625+1100] {logging_mixin.py:188} INFO - [2026-01-06T14:16:01.625+1100] {dag.py:3947} INFO - Setting next_dagrun for example_branch_labels to 2026-01-05 00:00:00+00:00, run_after=2026-01-06 00:00:00+00:00
[2026-01-06T14:16:01.632+1100] {processor.py:183} INFO - Processing /Users/fionatham/Documents/Projects/vogue_data_pipeline/venv/lib/python3.11/site-packages/airflow/example_dags/example_branch_labels.py took 0.068 seconds
[2026-01-06T14:17:54.435+1100] {processor.py:161} INFO - Started process (PID=89400) to work on /Users/fionatham/Documents/Projects/vogue_data_pipeline/venv/lib/python3.11/site-packages/airflow/example_dags/example_branch_labels.py
[2026-01-06T14:17:54.436+1100] {processor.py:830} INFO - Processing file /Users/fionatham/Documents/Projects/vogue_data_pipeline/venv/lib/python3.11/site-packages/airflow/example_dags/example_branch_labels.py for tasks to queue
[2026-01-06T14:17:54.437+1100] {logging_mixin.py:188} INFO - [2026-01-06T14:17:54.436+1100] {dagbag.py:545} INFO - Filling up the DagBag from /Users/fionatham/Documents/Projects/vogue_data_pipeline/venv/lib/python3.11/site-packages/airflow/example_dags/example_branch_labels.py
[2026-01-06T14:17:54.441+1100] {processor.py:840} INFO - DAG(s) 'example_branch_labels' retrieved from /Users/fionatham/Documents/Projects/vogue_data_pipeline/venv/lib/python3.11/site-packages/airflow/example_dags/example_branch_labels.py
[2026-01-06T14:17:54.488+1100] {logging_mixin.py:188} INFO - [2026-01-06T14:17:54.488+1100] {dag.py:3089} INFO - Sync 1 DAGs
[2026-01-06T14:17:54.494+1100] {logging_mixin.py:188} INFO - [2026-01-06T14:17:54.494+1100] {dag.py:3947} INFO - Setting next_dagrun for example_branch_labels to 2026-01-05 00:00:00+00:00, run_after=2026-01-06 00:00:00+00:00
[2026-01-06T14:17:54.501+1100] {processor.py:183} INFO - Processing /Users/fionatham/Documents/Projects/vogue_data_pipeline/venv/lib/python3.11/site-packages/airflow/example_dags/example_branch_labels.py took 0.068 seconds
[2026-01-06T14:19:56.507+1100] {processor.py:161} INFO - Started process (PID=89965) to work on /Users/fionatham/Documents/Projects/vogue_data_pipeline/venv/lib/python3.11/site-packages/airflow/example_dags/example_branch_labels.py
[2026-01-06T14:19:56.507+1100] {processor.py:830} INFO - Processing file /Users/fionatham/Documents/Projects/vogue_data_pipeline/venv/lib/python3.11/site-packages/airflow/example_dags/example_branch_labels.py for tasks to queue
[2026-01-06T14:19:56.508+1100] {logging_mixin.py:188} INFO - [2026-01-06T14:19:56.508+1100] {dagbag.py:545} INFO - Filling up the DagBag from /Users/fionatham/Documents/Projects/vogue_data_pipeline/venv/lib/python3.11/site-packages/airflow/example_dags/example_branch_labels.py
[2026-01-06T14:19:56.512+1100] {processor.py:840} INFO - DAG(s) 'example_branch_labels' retrieved from /Users/fionatham/Documents/Projects/vogue_data_pipeline/venv/lib/python3.11/site-packages/airflow/example_dags/example_branch_labels.py
[2026-01-06T14:19:56.558+1100] {logging_mixin.py:188} INFO - [2026-01-06T14:19:56.558+1100] {dag.py:3089} INFO - Sync 1 DAGs
[2026-01-06T14:19:56.564+1100] {logging_mixin.py:188} INFO - [2026-01-06T14:19:56.564+1100] {dag.py:3947} INFO - Setting next_dagrun for example_branch_labels to 2026-01-05 00:00:00+00:00, run_after=2026-01-06 00:00:00+00:00
[2026-01-06T14:19:56.572+1100] {processor.py:183} INFO - Processing /Users/fionatham/Documents/Projects/vogue_data_pipeline/venv/lib/python3.11/site-packages/airflow/example_dags/example_branch_labels.py took 0.066 seconds
[2026-01-06T14:21:57.811+1100] {processor.py:161} INFO - Started process (PID=90048) to work on /Users/fionatham/Documents/Projects/vogue_data_pipeline/venv/lib/python3.11/site-packages/airflow/example_dags/example_branch_labels.py
[2026-01-06T14:21:57.812+1100] {processor.py:830} INFO - Processing file /Users/fionatham/Documents/Projects/vogue_data_pipeline/venv/lib/python3.11/site-packages/airflow/example_dags/example_branch_labels.py for tasks to queue
[2026-01-06T14:21:57.812+1100] {logging_mixin.py:188} INFO - [2026-01-06T14:21:57.812+1100] {dagbag.py:545} INFO - Filling up the DagBag from /Users/fionatham/Documents/Projects/vogue_data_pipeline/venv/lib/python3.11/site-packages/airflow/example_dags/example_branch_labels.py
[2026-01-06T14:21:57.816+1100] {processor.py:840} INFO - DAG(s) 'example_branch_labels' retrieved from /Users/fionatham/Documents/Projects/vogue_data_pipeline/venv/lib/python3.11/site-packages/airflow/example_dags/example_branch_labels.py
[2026-01-06T14:21:57.860+1100] {logging_mixin.py:188} INFO - [2026-01-06T14:21:57.859+1100] {dag.py:3089} INFO - Sync 1 DAGs
[2026-01-06T14:21:57.866+1100] {logging_mixin.py:188} INFO - [2026-01-06T14:21:57.866+1100] {dag.py:3947} INFO - Setting next_dagrun for example_branch_labels to 2026-01-05 00:00:00+00:00, run_after=2026-01-06 00:00:00+00:00
[2026-01-06T14:21:57.873+1100] {processor.py:183} INFO - Processing /Users/fionatham/Documents/Projects/vogue_data_pipeline/venv/lib/python3.11/site-packages/airflow/example_dags/example_branch_labels.py took 0.063 seconds
[2026-01-06T14:23:48.279+1100] {processor.py:161} INFO - Started process (PID=90144) to work on /Users/fionatham/Documents/Projects/vogue_data_pipeline/venv/lib/python3.11/site-packages/airflow/example_dags/example_branch_labels.py
[2026-01-06T14:23:48.280+1100] {processor.py:830} INFO - Processing file /Users/fionatham/Documents/Projects/vogue_data_pipeline/venv/lib/python3.11/site-packages/airflow/example_dags/example_branch_labels.py for tasks to queue
[2026-01-06T14:23:48.280+1100] {logging_mixin.py:188} INFO - [2026-01-06T14:23:48.280+1100] {dagbag.py:545} INFO - Filling up the DagBag from /Users/fionatham/Documents/Projects/vogue_data_pipeline/venv/lib/python3.11/site-packages/airflow/example_dags/example_branch_labels.py
[2026-01-06T14:23:48.284+1100] {processor.py:840} INFO - DAG(s) 'example_branch_labels' retrieved from /Users/fionatham/Documents/Projects/vogue_data_pipeline/venv/lib/python3.11/site-packages/airflow/example_dags/example_branch_labels.py
[2026-01-06T14:23:48.326+1100] {logging_mixin.py:188} INFO - [2026-01-06T14:23:48.326+1100] {dag.py:3089} INFO - Sync 1 DAGs
[2026-01-06T14:23:48.332+1100] {logging_mixin.py:188} INFO - [2026-01-06T14:23:48.332+1100] {dag.py:3947} INFO - Setting next_dagrun for example_branch_labels to 2026-01-05 00:00:00+00:00, run_after=2026-01-06 00:00:00+00:00
[2026-01-06T14:23:48.339+1100] {processor.py:183} INFO - Processing /Users/fionatham/Documents/Projects/vogue_data_pipeline/venv/lib/python3.11/site-packages/airflow/example_dags/example_branch_labels.py took 0.061 seconds
[2026-01-06T14:25:37.891+1100] {processor.py:161} INFO - Started process (PID=90422) to work on /Users/fionatham/Documents/Projects/vogue_data_pipeline/venv/lib/python3.11/site-packages/airflow/example_dags/example_branch_labels.py
[2026-01-06T14:25:37.892+1100] {processor.py:830} INFO - Processing file /Users/fionatham/Documents/Projects/vogue_data_pipeline/venv/lib/python3.11/site-packages/airflow/example_dags/example_branch_labels.py for tasks to queue
[2026-01-06T14:25:37.893+1100] {logging_mixin.py:188} INFO - [2026-01-06T14:25:37.893+1100] {dagbag.py:545} INFO - Filling up the DagBag from /Users/fionatham/Documents/Projects/vogue_data_pipeline/venv/lib/python3.11/site-packages/airflow/example_dags/example_branch_labels.py
[2026-01-06T14:25:37.897+1100] {processor.py:840} INFO - DAG(s) 'example_branch_labels' retrieved from /Users/fionatham/Documents/Projects/vogue_data_pipeline/venv/lib/python3.11/site-packages/airflow/example_dags/example_branch_labels.py
[2026-01-06T14:25:37.942+1100] {logging_mixin.py:188} INFO - [2026-01-06T14:25:37.942+1100] {dag.py:3089} INFO - Sync 1 DAGs
[2026-01-06T14:25:37.949+1100] {logging_mixin.py:188} INFO - [2026-01-06T14:25:37.949+1100] {dag.py:3947} INFO - Setting next_dagrun for example_branch_labels to 2026-01-05 00:00:00+00:00, run_after=2026-01-06 00:00:00+00:00
[2026-01-06T14:25:37.956+1100] {processor.py:183} INFO - Processing /Users/fionatham/Documents/Projects/vogue_data_pipeline/venv/lib/python3.11/site-packages/airflow/example_dags/example_branch_labels.py took 0.067 seconds
[2026-01-06T14:27:36.883+1100] {processor.py:161} INFO - Started process (PID=90716) to work on /Users/fionatham/Documents/Projects/vogue_data_pipeline/venv/lib/python3.11/site-packages/airflow/example_dags/example_branch_labels.py
[2026-01-06T14:27:36.884+1100] {processor.py:830} INFO - Processing file /Users/fionatham/Documents/Projects/vogue_data_pipeline/venv/lib/python3.11/site-packages/airflow/example_dags/example_branch_labels.py for tasks to queue
[2026-01-06T14:27:36.885+1100] {logging_mixin.py:188} INFO - [2026-01-06T14:27:36.885+1100] {dagbag.py:545} INFO - Filling up the DagBag from /Users/fionatham/Documents/Projects/vogue_data_pipeline/venv/lib/python3.11/site-packages/airflow/example_dags/example_branch_labels.py
[2026-01-06T14:27:36.889+1100] {processor.py:840} INFO - DAG(s) 'example_branch_labels' retrieved from /Users/fionatham/Documents/Projects/vogue_data_pipeline/venv/lib/python3.11/site-packages/airflow/example_dags/example_branch_labels.py
[2026-01-06T14:27:36.933+1100] {logging_mixin.py:188} INFO - [2026-01-06T14:27:36.933+1100] {dag.py:3089} INFO - Sync 1 DAGs
[2026-01-06T14:27:36.939+1100] {logging_mixin.py:188} INFO - [2026-01-06T14:27:36.939+1100] {dag.py:3947} INFO - Setting next_dagrun for example_branch_labels to 2026-01-05 00:00:00+00:00, run_after=2026-01-06 00:00:00+00:00
[2026-01-06T14:27:36.946+1100] {processor.py:183} INFO - Processing /Users/fionatham/Documents/Projects/vogue_data_pipeline/venv/lib/python3.11/site-packages/airflow/example_dags/example_branch_labels.py took 0.064 seconds
[2026-01-06T14:29:38.461+1100] {processor.py:161} INFO - Started process (PID=91178) to work on /Users/fionatham/Documents/Projects/vogue_data_pipeline/venv/lib/python3.11/site-packages/airflow/example_dags/example_branch_labels.py
[2026-01-06T14:29:38.462+1100] {processor.py:830} INFO - Processing file /Users/fionatham/Documents/Projects/vogue_data_pipeline/venv/lib/python3.11/site-packages/airflow/example_dags/example_branch_labels.py for tasks to queue
[2026-01-06T14:29:38.462+1100] {logging_mixin.py:188} INFO - [2026-01-06T14:29:38.462+1100] {dagbag.py:545} INFO - Filling up the DagBag from /Users/fionatham/Documents/Projects/vogue_data_pipeline/venv/lib/python3.11/site-packages/airflow/example_dags/example_branch_labels.py
[2026-01-06T14:29:38.466+1100] {processor.py:840} INFO - DAG(s) 'example_branch_labels' retrieved from /Users/fionatham/Documents/Projects/vogue_data_pipeline/venv/lib/python3.11/site-packages/airflow/example_dags/example_branch_labels.py
[2026-01-06T14:29:38.512+1100] {logging_mixin.py:188} INFO - [2026-01-06T14:29:38.512+1100] {dag.py:3089} INFO - Sync 1 DAGs
[2026-01-06T14:29:38.518+1100] {logging_mixin.py:188} INFO - [2026-01-06T14:29:38.518+1100] {dag.py:3947} INFO - Setting next_dagrun for example_branch_labels to 2026-01-05 00:00:00+00:00, run_after=2026-01-06 00:00:00+00:00
[2026-01-06T14:29:38.527+1100] {processor.py:183} INFO - Processing /Users/fionatham/Documents/Projects/vogue_data_pipeline/venv/lib/python3.11/site-packages/airflow/example_dags/example_branch_labels.py took 0.067 seconds
[2026-01-06T14:31:35.573+1100] {processor.py:161} INFO - Started process (PID=91908) to work on /Users/fionatham/Documents/Projects/vogue_data_pipeline/venv/lib/python3.11/site-packages/airflow/example_dags/example_branch_labels.py
[2026-01-06T14:31:35.575+1100] {processor.py:830} INFO - Processing file /Users/fionatham/Documents/Projects/vogue_data_pipeline/venv/lib/python3.11/site-packages/airflow/example_dags/example_branch_labels.py for tasks to queue
[2026-01-06T14:31:35.575+1100] {logging_mixin.py:188} INFO - [2026-01-06T14:31:35.575+1100] {dagbag.py:545} INFO - Filling up the DagBag from /Users/fionatham/Documents/Projects/vogue_data_pipeline/venv/lib/python3.11/site-packages/airflow/example_dags/example_branch_labels.py
[2026-01-06T14:31:35.580+1100] {processor.py:840} INFO - DAG(s) 'example_branch_labels' retrieved from /Users/fionatham/Documents/Projects/vogue_data_pipeline/venv/lib/python3.11/site-packages/airflow/example_dags/example_branch_labels.py
[2026-01-06T14:31:35.625+1100] {logging_mixin.py:188} INFO - [2026-01-06T14:31:35.625+1100] {dag.py:3089} INFO - Sync 1 DAGs
[2026-01-06T14:31:35.632+1100] {logging_mixin.py:188} INFO - [2026-01-06T14:31:35.632+1100] {dag.py:3947} INFO - Setting next_dagrun for example_branch_labels to 2026-01-05 00:00:00+00:00, run_after=2026-01-06 00:00:00+00:00
[2026-01-06T14:31:35.641+1100] {processor.py:183} INFO - Processing /Users/fionatham/Documents/Projects/vogue_data_pipeline/venv/lib/python3.11/site-packages/airflow/example_dags/example_branch_labels.py took 0.069 seconds
[2026-01-06T14:33:35.858+1100] {processor.py:161} INFO - Started process (PID=92242) to work on /Users/fionatham/Documents/Projects/vogue_data_pipeline/venv/lib/python3.11/site-packages/airflow/example_dags/example_branch_labels.py
[2026-01-06T14:33:35.859+1100] {processor.py:830} INFO - Processing file /Users/fionatham/Documents/Projects/vogue_data_pipeline/venv/lib/python3.11/site-packages/airflow/example_dags/example_branch_labels.py for tasks to queue
[2026-01-06T14:33:35.859+1100] {logging_mixin.py:188} INFO - [2026-01-06T14:33:35.859+1100] {dagbag.py:545} INFO - Filling up the DagBag from /Users/fionatham/Documents/Projects/vogue_data_pipeline/venv/lib/python3.11/site-packages/airflow/example_dags/example_branch_labels.py
[2026-01-06T14:33:35.863+1100] {processor.py:840} INFO - DAG(s) 'example_branch_labels' retrieved from /Users/fionatham/Documents/Projects/vogue_data_pipeline/venv/lib/python3.11/site-packages/airflow/example_dags/example_branch_labels.py
[2026-01-06T14:33:35.910+1100] {logging_mixin.py:188} INFO - [2026-01-06T14:33:35.909+1100] {dag.py:3089} INFO - Sync 1 DAGs
[2026-01-06T14:33:35.916+1100] {logging_mixin.py:188} INFO - [2026-01-06T14:33:35.916+1100] {dag.py:3947} INFO - Setting next_dagrun for example_branch_labels to 2026-01-05 00:00:00+00:00, run_after=2026-01-06 00:00:00+00:00
[2026-01-06T14:33:35.925+1100] {processor.py:183} INFO - Processing /Users/fionatham/Documents/Projects/vogue_data_pipeline/venv/lib/python3.11/site-packages/airflow/example_dags/example_branch_labels.py took 0.068 seconds
[2026-01-06T14:35:31.617+1100] {processor.py:161} INFO - Started process (PID=92491) to work on /Users/fionatham/Documents/Projects/vogue_data_pipeline/venv/lib/python3.11/site-packages/airflow/example_dags/example_branch_labels.py
[2026-01-06T14:35:31.618+1100] {processor.py:830} INFO - Processing file /Users/fionatham/Documents/Projects/vogue_data_pipeline/venv/lib/python3.11/site-packages/airflow/example_dags/example_branch_labels.py for tasks to queue
[2026-01-06T14:35:31.618+1100] {logging_mixin.py:188} INFO - [2026-01-06T14:35:31.618+1100] {dagbag.py:545} INFO - Filling up the DagBag from /Users/fionatham/Documents/Projects/vogue_data_pipeline/venv/lib/python3.11/site-packages/airflow/example_dags/example_branch_labels.py
[2026-01-06T14:35:31.623+1100] {processor.py:840} INFO - DAG(s) 'example_branch_labels' retrieved from /Users/fionatham/Documents/Projects/vogue_data_pipeline/venv/lib/python3.11/site-packages/airflow/example_dags/example_branch_labels.py
[2026-01-06T14:35:31.669+1100] {logging_mixin.py:188} INFO - [2026-01-06T14:35:31.669+1100] {dag.py:3089} INFO - Sync 1 DAGs
[2026-01-06T14:35:31.678+1100] {logging_mixin.py:188} INFO - [2026-01-06T14:35:31.678+1100] {dag.py:3947} INFO - Setting next_dagrun for example_branch_labels to 2026-01-05 00:00:00+00:00, run_after=2026-01-06 00:00:00+00:00
[2026-01-06T14:35:31.690+1100] {processor.py:183} INFO - Processing /Users/fionatham/Documents/Projects/vogue_data_pipeline/venv/lib/python3.11/site-packages/airflow/example_dags/example_branch_labels.py took 0.075 seconds
[2026-01-06T14:37:34.802+1100] {processor.py:161} INFO - Started process (PID=92711) to work on /Users/fionatham/Documents/Projects/vogue_data_pipeline/venv/lib/python3.11/site-packages/airflow/example_dags/example_branch_labels.py
[2026-01-06T14:37:34.802+1100] {processor.py:830} INFO - Processing file /Users/fionatham/Documents/Projects/vogue_data_pipeline/venv/lib/python3.11/site-packages/airflow/example_dags/example_branch_labels.py for tasks to queue
[2026-01-06T14:37:34.803+1100] {logging_mixin.py:188} INFO - [2026-01-06T14:37:34.803+1100] {dagbag.py:545} INFO - Filling up the DagBag from /Users/fionatham/Documents/Projects/vogue_data_pipeline/venv/lib/python3.11/site-packages/airflow/example_dags/example_branch_labels.py
[2026-01-06T14:37:34.808+1100] {processor.py:840} INFO - DAG(s) 'example_branch_labels' retrieved from /Users/fionatham/Documents/Projects/vogue_data_pipeline/venv/lib/python3.11/site-packages/airflow/example_dags/example_branch_labels.py
[2026-01-06T14:37:34.858+1100] {logging_mixin.py:188} INFO - [2026-01-06T14:37:34.858+1100] {dag.py:3089} INFO - Sync 1 DAGs
[2026-01-06T14:37:34.865+1100] {logging_mixin.py:188} INFO - [2026-01-06T14:37:34.865+1100] {dag.py:3947} INFO - Setting next_dagrun for example_branch_labels to 2026-01-05 00:00:00+00:00, run_after=2026-01-06 00:00:00+00:00
[2026-01-06T14:37:34.875+1100] {processor.py:183} INFO - Processing /Users/fionatham/Documents/Projects/vogue_data_pipeline/venv/lib/python3.11/site-packages/airflow/example_dags/example_branch_labels.py took 0.075 seconds
[2026-01-06T14:39:34.408+1100] {processor.py:161} INFO - Started process (PID=92899) to work on /Users/fionatham/Documents/Projects/vogue_data_pipeline/venv/lib/python3.11/site-packages/airflow/example_dags/example_branch_labels.py
[2026-01-06T14:39:34.408+1100] {processor.py:830} INFO - Processing file /Users/fionatham/Documents/Projects/vogue_data_pipeline/venv/lib/python3.11/site-packages/airflow/example_dags/example_branch_labels.py for tasks to queue
[2026-01-06T14:39:34.409+1100] {logging_mixin.py:188} INFO - [2026-01-06T14:39:34.409+1100] {dagbag.py:545} INFO - Filling up the DagBag from /Users/fionatham/Documents/Projects/vogue_data_pipeline/venv/lib/python3.11/site-packages/airflow/example_dags/example_branch_labels.py
[2026-01-06T14:39:34.413+1100] {processor.py:840} INFO - DAG(s) 'example_branch_labels' retrieved from /Users/fionatham/Documents/Projects/vogue_data_pipeline/venv/lib/python3.11/site-packages/airflow/example_dags/example_branch_labels.py
[2026-01-06T14:39:34.455+1100] {logging_mixin.py:188} INFO - [2026-01-06T14:39:34.455+1100] {dag.py:3089} INFO - Sync 1 DAGs
[2026-01-06T14:39:34.462+1100] {logging_mixin.py:188} INFO - [2026-01-06T14:39:34.461+1100] {dag.py:3947} INFO - Setting next_dagrun for example_branch_labels to 2026-01-05 00:00:00+00:00, run_after=2026-01-06 00:00:00+00:00
[2026-01-06T14:39:34.468+1100] {processor.py:183} INFO - Processing /Users/fionatham/Documents/Projects/vogue_data_pipeline/venv/lib/python3.11/site-packages/airflow/example_dags/example_branch_labels.py took 0.062 seconds
[2026-01-06T14:41:24.145+1100] {processor.py:161} INFO - Started process (PID=92972) to work on /Users/fionatham/Documents/Projects/vogue_data_pipeline/venv/lib/python3.11/site-packages/airflow/example_dags/example_branch_labels.py
[2026-01-06T14:41:24.147+1100] {processor.py:830} INFO - Processing file /Users/fionatham/Documents/Projects/vogue_data_pipeline/venv/lib/python3.11/site-packages/airflow/example_dags/example_branch_labels.py for tasks to queue
[2026-01-06T14:41:24.147+1100] {logging_mixin.py:188} INFO - [2026-01-06T14:41:24.147+1100] {dagbag.py:545} INFO - Filling up the DagBag from /Users/fionatham/Documents/Projects/vogue_data_pipeline/venv/lib/python3.11/site-packages/airflow/example_dags/example_branch_labels.py
[2026-01-06T14:41:24.151+1100] {processor.py:840} INFO - DAG(s) 'example_branch_labels' retrieved from /Users/fionatham/Documents/Projects/vogue_data_pipeline/venv/lib/python3.11/site-packages/airflow/example_dags/example_branch_labels.py
[2026-01-06T14:41:24.194+1100] {logging_mixin.py:188} INFO - [2026-01-06T14:41:24.193+1100] {dag.py:3089} INFO - Sync 1 DAGs
[2026-01-06T14:41:24.200+1100] {logging_mixin.py:188} INFO - [2026-01-06T14:41:24.200+1100] {dag.py:3947} INFO - Setting next_dagrun for example_branch_labels to 2026-01-05 00:00:00+00:00, run_after=2026-01-06 00:00:00+00:00
[2026-01-06T14:41:24.207+1100] {processor.py:183} INFO - Processing /Users/fionatham/Documents/Projects/vogue_data_pipeline/venv/lib/python3.11/site-packages/airflow/example_dags/example_branch_labels.py took 0.063 seconds
[2026-01-06T14:43:20.636+1100] {processor.py:161} INFO - Started process (PID=93053) to work on /Users/fionatham/Documents/Projects/vogue_data_pipeline/venv/lib/python3.11/site-packages/airflow/example_dags/example_branch_labels.py
[2026-01-06T14:43:20.637+1100] {processor.py:830} INFO - Processing file /Users/fionatham/Documents/Projects/vogue_data_pipeline/venv/lib/python3.11/site-packages/airflow/example_dags/example_branch_labels.py for tasks to queue
[2026-01-06T14:43:20.637+1100] {logging_mixin.py:188} INFO - [2026-01-06T14:43:20.637+1100] {dagbag.py:545} INFO - Filling up the DagBag from /Users/fionatham/Documents/Projects/vogue_data_pipeline/venv/lib/python3.11/site-packages/airflow/example_dags/example_branch_labels.py
[2026-01-06T14:43:20.641+1100] {processor.py:840} INFO - DAG(s) 'example_branch_labels' retrieved from /Users/fionatham/Documents/Projects/vogue_data_pipeline/venv/lib/python3.11/site-packages/airflow/example_dags/example_branch_labels.py
[2026-01-06T14:43:20.686+1100] {logging_mixin.py:188} INFO - [2026-01-06T14:43:20.685+1100] {dag.py:3089} INFO - Sync 1 DAGs
[2026-01-06T14:43:20.692+1100] {logging_mixin.py:188} INFO - [2026-01-06T14:43:20.692+1100] {dag.py:3947} INFO - Setting next_dagrun for example_branch_labels to 2026-01-05 00:00:00+00:00, run_after=2026-01-06 00:00:00+00:00
[2026-01-06T14:43:20.699+1100] {processor.py:183} INFO - Processing /Users/fionatham/Documents/Projects/vogue_data_pipeline/venv/lib/python3.11/site-packages/airflow/example_dags/example_branch_labels.py took 0.064 seconds
[2026-01-06T14:45:21.715+1100] {processor.py:161} INFO - Started process (PID=93140) to work on /Users/fionatham/Documents/Projects/vogue_data_pipeline/venv/lib/python3.11/site-packages/airflow/example_dags/example_branch_labels.py
[2026-01-06T14:45:21.716+1100] {processor.py:830} INFO - Processing file /Users/fionatham/Documents/Projects/vogue_data_pipeline/venv/lib/python3.11/site-packages/airflow/example_dags/example_branch_labels.py for tasks to queue
[2026-01-06T14:45:21.716+1100] {logging_mixin.py:188} INFO - [2026-01-06T14:45:21.716+1100] {dagbag.py:545} INFO - Filling up the DagBag from /Users/fionatham/Documents/Projects/vogue_data_pipeline/venv/lib/python3.11/site-packages/airflow/example_dags/example_branch_labels.py
[2026-01-06T14:45:21.720+1100] {processor.py:840} INFO - DAG(s) 'example_branch_labels' retrieved from /Users/fionatham/Documents/Projects/vogue_data_pipeline/venv/lib/python3.11/site-packages/airflow/example_dags/example_branch_labels.py
[2026-01-06T14:45:21.764+1100] {logging_mixin.py:188} INFO - [2026-01-06T14:45:21.764+1100] {dag.py:3089} INFO - Sync 1 DAGs
[2026-01-06T14:45:21.770+1100] {logging_mixin.py:188} INFO - [2026-01-06T14:45:21.770+1100] {dag.py:3947} INFO - Setting next_dagrun for example_branch_labels to 2026-01-05 00:00:00+00:00, run_after=2026-01-06 00:00:00+00:00
[2026-01-06T14:45:21.777+1100] {processor.py:183} INFO - Processing /Users/fionatham/Documents/Projects/vogue_data_pipeline/venv/lib/python3.11/site-packages/airflow/example_dags/example_branch_labels.py took 0.064 seconds
[2026-01-06T14:47:14.095+1100] {processor.py:161} INFO - Started process (PID=93219) to work on /Users/fionatham/Documents/Projects/vogue_data_pipeline/venv/lib/python3.11/site-packages/airflow/example_dags/example_branch_labels.py
[2026-01-06T14:47:14.097+1100] {processor.py:830} INFO - Processing file /Users/fionatham/Documents/Projects/vogue_data_pipeline/venv/lib/python3.11/site-packages/airflow/example_dags/example_branch_labels.py for tasks to queue
[2026-01-06T14:47:14.097+1100] {logging_mixin.py:188} INFO - [2026-01-06T14:47:14.097+1100] {dagbag.py:545} INFO - Filling up the DagBag from /Users/fionatham/Documents/Projects/vogue_data_pipeline/venv/lib/python3.11/site-packages/airflow/example_dags/example_branch_labels.py
[2026-01-06T14:47:14.101+1100] {processor.py:840} INFO - DAG(s) 'example_branch_labels' retrieved from /Users/fionatham/Documents/Projects/vogue_data_pipeline/venv/lib/python3.11/site-packages/airflow/example_dags/example_branch_labels.py
[2026-01-06T14:47:14.144+1100] {logging_mixin.py:188} INFO - [2026-01-06T14:47:14.144+1100] {dag.py:3089} INFO - Sync 1 DAGs
[2026-01-06T14:47:14.150+1100] {logging_mixin.py:188} INFO - [2026-01-06T14:47:14.150+1100] {dag.py:3947} INFO - Setting next_dagrun for example_branch_labels to 2026-01-05 00:00:00+00:00, run_after=2026-01-06 00:00:00+00:00
[2026-01-06T14:47:14.157+1100] {processor.py:183} INFO - Processing /Users/fionatham/Documents/Projects/vogue_data_pipeline/venv/lib/python3.11/site-packages/airflow/example_dags/example_branch_labels.py took 0.063 seconds
[2026-01-06T14:49:14.116+1100] {processor.py:161} INFO - Started process (PID=93317) to work on /Users/fionatham/Documents/Projects/vogue_data_pipeline/venv/lib/python3.11/site-packages/airflow/example_dags/example_branch_labels.py
[2026-01-06T14:49:14.118+1100] {processor.py:830} INFO - Processing file /Users/fionatham/Documents/Projects/vogue_data_pipeline/venv/lib/python3.11/site-packages/airflow/example_dags/example_branch_labels.py for tasks to queue
[2026-01-06T14:49:14.118+1100] {logging_mixin.py:188} INFO - [2026-01-06T14:49:14.118+1100] {dagbag.py:545} INFO - Filling up the DagBag from /Users/fionatham/Documents/Projects/vogue_data_pipeline/venv/lib/python3.11/site-packages/airflow/example_dags/example_branch_labels.py
[2026-01-06T14:49:14.123+1100] {processor.py:840} INFO - DAG(s) 'example_branch_labels' retrieved from /Users/fionatham/Documents/Projects/vogue_data_pipeline/venv/lib/python3.11/site-packages/airflow/example_dags/example_branch_labels.py
[2026-01-06T14:49:14.168+1100] {logging_mixin.py:188} INFO - [2026-01-06T14:49:14.168+1100] {dag.py:3089} INFO - Sync 1 DAGs
[2026-01-06T14:49:14.175+1100] {logging_mixin.py:188} INFO - [2026-01-06T14:49:14.174+1100] {dag.py:3947} INFO - Setting next_dagrun for example_branch_labels to 2026-01-05 00:00:00+00:00, run_after=2026-01-06 00:00:00+00:00
[2026-01-06T14:49:14.182+1100] {processor.py:183} INFO - Processing /Users/fionatham/Documents/Projects/vogue_data_pipeline/venv/lib/python3.11/site-packages/airflow/example_dags/example_branch_labels.py took 0.067 seconds
[2026-01-06T14:51:08.457+1100] {processor.py:161} INFO - Started process (PID=93407) to work on /Users/fionatham/Documents/Projects/vogue_data_pipeline/venv/lib/python3.11/site-packages/airflow/example_dags/example_branch_labels.py
[2026-01-06T14:51:08.458+1100] {processor.py:830} INFO - Processing file /Users/fionatham/Documents/Projects/vogue_data_pipeline/venv/lib/python3.11/site-packages/airflow/example_dags/example_branch_labels.py for tasks to queue
[2026-01-06T14:51:08.458+1100] {logging_mixin.py:188} INFO - [2026-01-06T14:51:08.458+1100] {dagbag.py:545} INFO - Filling up the DagBag from /Users/fionatham/Documents/Projects/vogue_data_pipeline/venv/lib/python3.11/site-packages/airflow/example_dags/example_branch_labels.py
[2026-01-06T14:51:08.462+1100] {processor.py:840} INFO - DAG(s) 'example_branch_labels' retrieved from /Users/fionatham/Documents/Projects/vogue_data_pipeline/venv/lib/python3.11/site-packages/airflow/example_dags/example_branch_labels.py
[2026-01-06T14:51:08.505+1100] {logging_mixin.py:188} INFO - [2026-01-06T14:51:08.505+1100] {dag.py:3089} INFO - Sync 1 DAGs
[2026-01-06T14:51:08.511+1100] {logging_mixin.py:188} INFO - [2026-01-06T14:51:08.511+1100] {dag.py:3947} INFO - Setting next_dagrun for example_branch_labels to 2026-01-05 00:00:00+00:00, run_after=2026-01-06 00:00:00+00:00
[2026-01-06T14:51:08.519+1100] {processor.py:183} INFO - Processing /Users/fionatham/Documents/Projects/vogue_data_pipeline/venv/lib/python3.11/site-packages/airflow/example_dags/example_branch_labels.py took 0.064 seconds
[2026-01-06T14:53:02.766+1100] {processor.py:161} INFO - Started process (PID=93535) to work on /Users/fionatham/Documents/Projects/vogue_data_pipeline/venv/lib/python3.11/site-packages/airflow/example_dags/example_branch_labels.py
[2026-01-06T14:53:02.767+1100] {processor.py:830} INFO - Processing file /Users/fionatham/Documents/Projects/vogue_data_pipeline/venv/lib/python3.11/site-packages/airflow/example_dags/example_branch_labels.py for tasks to queue
[2026-01-06T14:53:02.768+1100] {logging_mixin.py:188} INFO - [2026-01-06T14:53:02.768+1100] {dagbag.py:545} INFO - Filling up the DagBag from /Users/fionatham/Documents/Projects/vogue_data_pipeline/venv/lib/python3.11/site-packages/airflow/example_dags/example_branch_labels.py
[2026-01-06T14:53:02.772+1100] {processor.py:840} INFO - DAG(s) 'example_branch_labels' retrieved from /Users/fionatham/Documents/Projects/vogue_data_pipeline/venv/lib/python3.11/site-packages/airflow/example_dags/example_branch_labels.py
[2026-01-06T14:53:02.814+1100] {logging_mixin.py:188} INFO - [2026-01-06T14:53:02.814+1100] {dag.py:3089} INFO - Sync 1 DAGs
[2026-01-06T14:53:02.821+1100] {logging_mixin.py:188} INFO - [2026-01-06T14:53:02.821+1100] {dag.py:3947} INFO - Setting next_dagrun for example_branch_labels to 2026-01-05 00:00:00+00:00, run_after=2026-01-06 00:00:00+00:00
[2026-01-06T14:53:02.829+1100] {processor.py:183} INFO - Processing /Users/fionatham/Documents/Projects/vogue_data_pipeline/venv/lib/python3.11/site-packages/airflow/example_dags/example_branch_labels.py took 0.064 seconds
[2026-01-06T14:54:59.331+1100] {processor.py:161} INFO - Started process (PID=93717) to work on /Users/fionatham/Documents/Projects/vogue_data_pipeline/venv/lib/python3.11/site-packages/airflow/example_dags/example_branch_labels.py
[2026-01-06T14:54:59.332+1100] {processor.py:830} INFO - Processing file /Users/fionatham/Documents/Projects/vogue_data_pipeline/venv/lib/python3.11/site-packages/airflow/example_dags/example_branch_labels.py for tasks to queue
[2026-01-06T14:54:59.332+1100] {logging_mixin.py:188} INFO - [2026-01-06T14:54:59.332+1100] {dagbag.py:545} INFO - Filling up the DagBag from /Users/fionatham/Documents/Projects/vogue_data_pipeline/venv/lib/python3.11/site-packages/airflow/example_dags/example_branch_labels.py
[2026-01-06T14:54:59.337+1100] {processor.py:840} INFO - DAG(s) 'example_branch_labels' retrieved from /Users/fionatham/Documents/Projects/vogue_data_pipeline/venv/lib/python3.11/site-packages/airflow/example_dags/example_branch_labels.py
[2026-01-06T14:54:59.393+1100] {logging_mixin.py:188} INFO - [2026-01-06T14:54:59.392+1100] {dag.py:3089} INFO - Sync 1 DAGs
[2026-01-06T14:54:59.399+1100] {logging_mixin.py:188} INFO - [2026-01-06T14:54:59.399+1100] {dag.py:3947} INFO - Setting next_dagrun for example_branch_labels to 2026-01-05 00:00:00+00:00, run_after=2026-01-06 00:00:00+00:00
[2026-01-06T14:54:59.410+1100] {processor.py:183} INFO - Processing /Users/fionatham/Documents/Projects/vogue_data_pipeline/venv/lib/python3.11/site-packages/airflow/example_dags/example_branch_labels.py took 0.081 seconds
[2026-01-06T14:56:59.180+1100] {processor.py:161} INFO - Started process (PID=93825) to work on /Users/fionatham/Documents/Projects/vogue_data_pipeline/venv/lib/python3.11/site-packages/airflow/example_dags/example_branch_labels.py
[2026-01-06T14:56:59.182+1100] {processor.py:830} INFO - Processing file /Users/fionatham/Documents/Projects/vogue_data_pipeline/venv/lib/python3.11/site-packages/airflow/example_dags/example_branch_labels.py for tasks to queue
[2026-01-06T14:56:59.182+1100] {logging_mixin.py:188} INFO - [2026-01-06T14:56:59.182+1100] {dagbag.py:545} INFO - Filling up the DagBag from /Users/fionatham/Documents/Projects/vogue_data_pipeline/venv/lib/python3.11/site-packages/airflow/example_dags/example_branch_labels.py
[2026-01-06T14:56:59.186+1100] {processor.py:840} INFO - DAG(s) 'example_branch_labels' retrieved from /Users/fionatham/Documents/Projects/vogue_data_pipeline/venv/lib/python3.11/site-packages/airflow/example_dags/example_branch_labels.py
[2026-01-06T14:56:59.230+1100] {logging_mixin.py:188} INFO - [2026-01-06T14:56:59.230+1100] {dag.py:3089} INFO - Sync 1 DAGs
[2026-01-06T14:56:59.236+1100] {logging_mixin.py:188} INFO - [2026-01-06T14:56:59.236+1100] {dag.py:3947} INFO - Setting next_dagrun for example_branch_labels to 2026-01-05 00:00:00+00:00, run_after=2026-01-06 00:00:00+00:00
[2026-01-06T14:56:59.243+1100] {processor.py:183} INFO - Processing /Users/fionatham/Documents/Projects/vogue_data_pipeline/venv/lib/python3.11/site-packages/airflow/example_dags/example_branch_labels.py took 0.064 seconds
[2026-01-06T14:58:53.462+1100] {processor.py:161} INFO - Started process (PID=93959) to work on /Users/fionatham/Documents/Projects/vogue_data_pipeline/venv/lib/python3.11/site-packages/airflow/example_dags/example_branch_labels.py
[2026-01-06T14:58:53.463+1100] {processor.py:830} INFO - Processing file /Users/fionatham/Documents/Projects/vogue_data_pipeline/venv/lib/python3.11/site-packages/airflow/example_dags/example_branch_labels.py for tasks to queue
[2026-01-06T14:58:53.464+1100] {logging_mixin.py:188} INFO - [2026-01-06T14:58:53.464+1100] {dagbag.py:545} INFO - Filling up the DagBag from /Users/fionatham/Documents/Projects/vogue_data_pipeline/venv/lib/python3.11/site-packages/airflow/example_dags/example_branch_labels.py
[2026-01-06T14:58:53.469+1100] {processor.py:840} INFO - DAG(s) 'example_branch_labels' retrieved from /Users/fionatham/Documents/Projects/vogue_data_pipeline/venv/lib/python3.11/site-packages/airflow/example_dags/example_branch_labels.py
[2026-01-06T14:58:53.515+1100] {logging_mixin.py:188} INFO - [2026-01-06T14:58:53.515+1100] {dag.py:3089} INFO - Sync 1 DAGs
[2026-01-06T14:58:53.522+1100] {logging_mixin.py:188} INFO - [2026-01-06T14:58:53.522+1100] {dag.py:3947} INFO - Setting next_dagrun for example_branch_labels to 2026-01-05 00:00:00+00:00, run_after=2026-01-06 00:00:00+00:00
[2026-01-06T14:58:53.530+1100] {processor.py:183} INFO - Processing /Users/fionatham/Documents/Projects/vogue_data_pipeline/venv/lib/python3.11/site-packages/airflow/example_dags/example_branch_labels.py took 0.069 seconds
[2026-01-06T15:00:54.259+1100] {processor.py:161} INFO - Started process (PID=94132) to work on /Users/fionatham/Documents/Projects/vogue_data_pipeline/venv/lib/python3.11/site-packages/airflow/example_dags/example_branch_labels.py
[2026-01-06T15:00:54.260+1100] {processor.py:830} INFO - Processing file /Users/fionatham/Documents/Projects/vogue_data_pipeline/venv/lib/python3.11/site-packages/airflow/example_dags/example_branch_labels.py for tasks to queue
[2026-01-06T15:00:54.260+1100] {logging_mixin.py:188} INFO - [2026-01-06T15:00:54.260+1100] {dagbag.py:545} INFO - Filling up the DagBag from /Users/fionatham/Documents/Projects/vogue_data_pipeline/venv/lib/python3.11/site-packages/airflow/example_dags/example_branch_labels.py
[2026-01-06T15:00:54.264+1100] {processor.py:840} INFO - DAG(s) 'example_branch_labels' retrieved from /Users/fionatham/Documents/Projects/vogue_data_pipeline/venv/lib/python3.11/site-packages/airflow/example_dags/example_branch_labels.py
[2026-01-06T15:00:54.309+1100] {logging_mixin.py:188} INFO - [2026-01-06T15:00:54.309+1100] {dag.py:3089} INFO - Sync 1 DAGs
[2026-01-06T15:00:54.315+1100] {logging_mixin.py:188} INFO - [2026-01-06T15:00:54.315+1100] {dag.py:3947} INFO - Setting next_dagrun for example_branch_labels to 2026-01-05 00:00:00+00:00, run_after=2026-01-06 00:00:00+00:00
[2026-01-06T15:00:54.323+1100] {processor.py:183} INFO - Processing /Users/fionatham/Documents/Projects/vogue_data_pipeline/venv/lib/python3.11/site-packages/airflow/example_dags/example_branch_labels.py took 0.065 seconds
[2026-01-06T15:02:54.491+1100] {processor.py:161} INFO - Started process (PID=94375) to work on /Users/fionatham/Documents/Projects/vogue_data_pipeline/venv/lib/python3.11/site-packages/airflow/example_dags/example_branch_labels.py
[2026-01-06T15:02:54.492+1100] {processor.py:830} INFO - Processing file /Users/fionatham/Documents/Projects/vogue_data_pipeline/venv/lib/python3.11/site-packages/airflow/example_dags/example_branch_labels.py for tasks to queue
[2026-01-06T15:02:54.492+1100] {logging_mixin.py:188} INFO - [2026-01-06T15:02:54.492+1100] {dagbag.py:545} INFO - Filling up the DagBag from /Users/fionatham/Documents/Projects/vogue_data_pipeline/venv/lib/python3.11/site-packages/airflow/example_dags/example_branch_labels.py
[2026-01-06T15:02:54.496+1100] {processor.py:840} INFO - DAG(s) 'example_branch_labels' retrieved from /Users/fionatham/Documents/Projects/vogue_data_pipeline/venv/lib/python3.11/site-packages/airflow/example_dags/example_branch_labels.py
[2026-01-06T15:02:54.545+1100] {logging_mixin.py:188} INFO - [2026-01-06T15:02:54.544+1100] {dag.py:3089} INFO - Sync 1 DAGs
[2026-01-06T15:02:54.552+1100] {logging_mixin.py:188} INFO - [2026-01-06T15:02:54.551+1100] {dag.py:3947} INFO - Setting next_dagrun for example_branch_labels to 2026-01-05 00:00:00+00:00, run_after=2026-01-06 00:00:00+00:00
[2026-01-06T15:02:54.560+1100] {processor.py:183} INFO - Processing /Users/fionatham/Documents/Projects/vogue_data_pipeline/venv/lib/python3.11/site-packages/airflow/example_dags/example_branch_labels.py took 0.070 seconds
[2026-01-06T15:04:54.977+1100] {processor.py:161} INFO - Started process (PID=94593) to work on /Users/fionatham/Documents/Projects/vogue_data_pipeline/venv/lib/python3.11/site-packages/airflow/example_dags/example_branch_labels.py
[2026-01-06T15:04:54.979+1100] {processor.py:830} INFO - Processing file /Users/fionatham/Documents/Projects/vogue_data_pipeline/venv/lib/python3.11/site-packages/airflow/example_dags/example_branch_labels.py for tasks to queue
[2026-01-06T15:04:54.979+1100] {logging_mixin.py:188} INFO - [2026-01-06T15:04:54.979+1100] {dagbag.py:545} INFO - Filling up the DagBag from /Users/fionatham/Documents/Projects/vogue_data_pipeline/venv/lib/python3.11/site-packages/airflow/example_dags/example_branch_labels.py
[2026-01-06T15:04:54.983+1100] {processor.py:840} INFO - DAG(s) 'example_branch_labels' retrieved from /Users/fionatham/Documents/Projects/vogue_data_pipeline/venv/lib/python3.11/site-packages/airflow/example_dags/example_branch_labels.py
[2026-01-06T15:04:55.031+1100] {logging_mixin.py:188} INFO - [2026-01-06T15:04:55.031+1100] {dag.py:3089} INFO - Sync 1 DAGs
[2026-01-06T15:04:55.038+1100] {logging_mixin.py:188} INFO - [2026-01-06T15:04:55.038+1100] {dag.py:3947} INFO - Setting next_dagrun for example_branch_labels to 2026-01-05 00:00:00+00:00, run_after=2026-01-06 00:00:00+00:00
[2026-01-06T15:04:55.046+1100] {processor.py:183} INFO - Processing /Users/fionatham/Documents/Projects/vogue_data_pipeline/venv/lib/python3.11/site-packages/airflow/example_dags/example_branch_labels.py took 0.070 seconds
[2026-01-06T15:06:55.563+1100] {processor.py:161} INFO - Started process (PID=94742) to work on /Users/fionatham/Documents/Projects/vogue_data_pipeline/venv/lib/python3.11/site-packages/airflow/example_dags/example_branch_labels.py
[2026-01-06T15:06:55.564+1100] {processor.py:830} INFO - Processing file /Users/fionatham/Documents/Projects/vogue_data_pipeline/venv/lib/python3.11/site-packages/airflow/example_dags/example_branch_labels.py for tasks to queue
[2026-01-06T15:06:55.564+1100] {logging_mixin.py:188} INFO - [2026-01-06T15:06:55.564+1100] {dagbag.py:545} INFO - Filling up the DagBag from /Users/fionatham/Documents/Projects/vogue_data_pipeline/venv/lib/python3.11/site-packages/airflow/example_dags/example_branch_labels.py
[2026-01-06T15:06:55.568+1100] {processor.py:840} INFO - DAG(s) 'example_branch_labels' retrieved from /Users/fionatham/Documents/Projects/vogue_data_pipeline/venv/lib/python3.11/site-packages/airflow/example_dags/example_branch_labels.py
[2026-01-06T15:06:55.613+1100] {logging_mixin.py:188} INFO - [2026-01-06T15:06:55.613+1100] {dag.py:3089} INFO - Sync 1 DAGs
[2026-01-06T15:06:55.620+1100] {logging_mixin.py:188} INFO - [2026-01-06T15:06:55.620+1100] {dag.py:3947} INFO - Setting next_dagrun for example_branch_labels to 2026-01-05 00:00:00+00:00, run_after=2026-01-06 00:00:00+00:00
[2026-01-06T15:06:55.628+1100] {processor.py:183} INFO - Processing /Users/fionatham/Documents/Projects/vogue_data_pipeline/venv/lib/python3.11/site-packages/airflow/example_dags/example_branch_labels.py took 0.067 seconds
[2026-01-06T15:13:18.895+1100] {processor.py:161} INFO - Started process (PID=95298) to work on /Users/fionatham/Documents/Projects/vogue_data_pipeline/venv/lib/python3.11/site-packages/airflow/example_dags/example_branch_labels.py
[2026-01-06T15:13:18.896+1100] {processor.py:830} INFO - Processing file /Users/fionatham/Documents/Projects/vogue_data_pipeline/venv/lib/python3.11/site-packages/airflow/example_dags/example_branch_labels.py for tasks to queue
[2026-01-06T15:13:18.896+1100] {logging_mixin.py:188} INFO - [2026-01-06T15:13:18.896+1100] {dagbag.py:545} INFO - Filling up the DagBag from /Users/fionatham/Documents/Projects/vogue_data_pipeline/venv/lib/python3.11/site-packages/airflow/example_dags/example_branch_labels.py
[2026-01-06T15:13:18.900+1100] {processor.py:840} INFO - DAG(s) 'example_branch_labels' retrieved from /Users/fionatham/Documents/Projects/vogue_data_pipeline/venv/lib/python3.11/site-packages/airflow/example_dags/example_branch_labels.py
[2026-01-06T15:13:18.945+1100] {logging_mixin.py:188} INFO - [2026-01-06T15:13:18.945+1100] {dag.py:3089} INFO - Sync 1 DAGs
[2026-01-06T15:13:18.951+1100] {logging_mixin.py:188} INFO - [2026-01-06T15:13:18.951+1100] {dag.py:3947} INFO - Setting next_dagrun for example_branch_labels to 2026-01-05 00:00:00+00:00, run_after=2026-01-06 00:00:00+00:00
[2026-01-06T15:13:18.962+1100] {processor.py:183} INFO - Processing /Users/fionatham/Documents/Projects/vogue_data_pipeline/venv/lib/python3.11/site-packages/airflow/example_dags/example_branch_labels.py took 0.068 seconds
[2026-01-06T16:39:27.548+1100] {processor.py:161} INFO - Started process (PID=95514) to work on /Users/fionatham/Documents/Projects/vogue_data_pipeline/venv/lib/python3.11/site-packages/airflow/example_dags/example_branch_labels.py
[2026-01-06T16:39:27.550+1100] {processor.py:830} INFO - Processing file /Users/fionatham/Documents/Projects/vogue_data_pipeline/venv/lib/python3.11/site-packages/airflow/example_dags/example_branch_labels.py for tasks to queue
[2026-01-06T16:39:27.550+1100] {logging_mixin.py:188} INFO - [2026-01-06T16:39:27.550+1100] {dagbag.py:545} INFO - Filling up the DagBag from /Users/fionatham/Documents/Projects/vogue_data_pipeline/venv/lib/python3.11/site-packages/airflow/example_dags/example_branch_labels.py
[2026-01-06T16:39:27.554+1100] {processor.py:840} INFO - DAG(s) 'example_branch_labels' retrieved from /Users/fionatham/Documents/Projects/vogue_data_pipeline/venv/lib/python3.11/site-packages/airflow/example_dags/example_branch_labels.py
[2026-01-06T16:39:27.596+1100] {logging_mixin.py:188} INFO - [2026-01-06T16:39:27.596+1100] {dag.py:3089} INFO - Sync 1 DAGs
[2026-01-06T16:39:27.602+1100] {logging_mixin.py:188} INFO - [2026-01-06T16:39:27.602+1100] {dag.py:3947} INFO - Setting next_dagrun for example_branch_labels to 2026-01-05 00:00:00+00:00, run_after=2026-01-06 00:00:00+00:00
[2026-01-06T16:39:27.609+1100] {processor.py:183} INFO - Processing /Users/fionatham/Documents/Projects/vogue_data_pipeline/venv/lib/python3.11/site-packages/airflow/example_dags/example_branch_labels.py took 0.062 seconds
[2026-01-06T19:17:32.717+1100] {processor.py:161} INFO - Started process (PID=95621) to work on /Users/fionatham/Documents/Projects/vogue_data_pipeline/venv/lib/python3.11/site-packages/airflow/example_dags/example_branch_labels.py
[2026-01-06T19:17:32.720+1100] {processor.py:830} INFO - Processing file /Users/fionatham/Documents/Projects/vogue_data_pipeline/venv/lib/python3.11/site-packages/airflow/example_dags/example_branch_labels.py for tasks to queue
[2026-01-06T19:17:32.720+1100] {logging_mixin.py:188} INFO - [2026-01-06T19:17:32.720+1100] {dagbag.py:545} INFO - Filling up the DagBag from /Users/fionatham/Documents/Projects/vogue_data_pipeline/venv/lib/python3.11/site-packages/airflow/example_dags/example_branch_labels.py
[2026-01-06T19:17:32.726+1100] {processor.py:840} INFO - DAG(s) 'example_branch_labels' retrieved from /Users/fionatham/Documents/Projects/vogue_data_pipeline/venv/lib/python3.11/site-packages/airflow/example_dags/example_branch_labels.py
[2026-01-06T19:17:32.770+1100] {logging_mixin.py:188} INFO - [2026-01-06T19:17:32.770+1100] {dag.py:3089} INFO - Sync 1 DAGs
[2026-01-06T19:17:32.777+1100] {logging_mixin.py:188} INFO - [2026-01-06T19:17:32.777+1100] {dag.py:3947} INFO - Setting next_dagrun for example_branch_labels to 2026-01-05 00:00:00+00:00, run_after=2026-01-06 00:00:00+00:00
[2026-01-06T19:17:32.783+1100] {processor.py:183} INFO - Processing /Users/fionatham/Documents/Projects/vogue_data_pipeline/venv/lib/python3.11/site-packages/airflow/example_dags/example_branch_labels.py took 0.068 seconds
[2026-01-06T20:52:21.038+1100] {processor.py:161} INFO - Started process (PID=95773) to work on /Users/fionatham/Documents/Projects/vogue_data_pipeline/venv/lib/python3.11/site-packages/airflow/example_dags/example_branch_labels.py
[2026-01-06T20:52:21.039+1100] {processor.py:830} INFO - Processing file /Users/fionatham/Documents/Projects/vogue_data_pipeline/venv/lib/python3.11/site-packages/airflow/example_dags/example_branch_labels.py for tasks to queue
[2026-01-06T20:52:21.039+1100] {logging_mixin.py:188} INFO - [2026-01-06T20:52:21.039+1100] {dagbag.py:545} INFO - Filling up the DagBag from /Users/fionatham/Documents/Projects/vogue_data_pipeline/venv/lib/python3.11/site-packages/airflow/example_dags/example_branch_labels.py
[2026-01-06T20:52:21.046+1100] {processor.py:840} INFO - DAG(s) 'example_branch_labels' retrieved from /Users/fionatham/Documents/Projects/vogue_data_pipeline/venv/lib/python3.11/site-packages/airflow/example_dags/example_branch_labels.py
[2026-01-06T20:52:21.122+1100] {logging_mixin.py:188} INFO - [2026-01-06T20:52:21.122+1100] {dag.py:3089} INFO - Sync 1 DAGs
[2026-01-06T20:52:21.135+1100] {logging_mixin.py:188} INFO - [2026-01-06T20:52:21.134+1100] {dag.py:3947} INFO - Setting next_dagrun for example_branch_labels to 2026-01-05 00:00:00+00:00, run_after=2026-01-06 00:00:00+00:00
[2026-01-06T20:52:21.147+1100] {processor.py:183} INFO - Processing /Users/fionatham/Documents/Projects/vogue_data_pipeline/venv/lib/python3.11/site-packages/airflow/example_dags/example_branch_labels.py took 0.111 seconds
[2026-01-06T23:57:17.955+1100] {processor.py:161} INFO - Started process (PID=96066) to work on /Users/fionatham/Documents/Projects/vogue_data_pipeline/venv/lib/python3.11/site-packages/airflow/example_dags/example_branch_labels.py
[2026-01-06T23:57:17.955+1100] {processor.py:830} INFO - Processing file /Users/fionatham/Documents/Projects/vogue_data_pipeline/venv/lib/python3.11/site-packages/airflow/example_dags/example_branch_labels.py for tasks to queue
[2026-01-06T23:57:17.956+1100] {logging_mixin.py:188} INFO - [2026-01-06T23:57:17.956+1100] {dagbag.py:545} INFO - Filling up the DagBag from /Users/fionatham/Documents/Projects/vogue_data_pipeline/venv/lib/python3.11/site-packages/airflow/example_dags/example_branch_labels.py
[2026-01-06T23:57:17.960+1100] {processor.py:840} INFO - DAG(s) 'example_branch_labels' retrieved from /Users/fionatham/Documents/Projects/vogue_data_pipeline/venv/lib/python3.11/site-packages/airflow/example_dags/example_branch_labels.py
[2026-01-06T23:57:18.005+1100] {logging_mixin.py:188} INFO - [2026-01-06T23:57:18.005+1100] {dag.py:3089} INFO - Sync 1 DAGs
[2026-01-06T23:57:18.012+1100] {logging_mixin.py:188} INFO - [2026-01-06T23:57:18.012+1100] {dag.py:3947} INFO - Setting next_dagrun for example_branch_labels to 2026-01-05 00:00:00+00:00, run_after=2026-01-06 00:00:00+00:00
[2026-01-06T23:57:18.019+1100] {processor.py:183} INFO - Processing /Users/fionatham/Documents/Projects/vogue_data_pipeline/venv/lib/python3.11/site-packages/airflow/example_dags/example_branch_labels.py took 0.066 seconds
