[2026-01-06T13:57:32.645+1100] {processor.py:161} INFO - Started process (PID=85421) to work on /Users/fionatham/Documents/Projects/vogue_data_pipeline/venv/lib/python3.11/site-packages/airflow/example_dags/example_latest_only_with_trigger.py
[2026-01-06T13:57:32.646+1100] {processor.py:830} INFO - Processing file /Users/fionatham/Documents/Projects/vogue_data_pipeline/venv/lib/python3.11/site-packages/airflow/example_dags/example_latest_only_with_trigger.py for tasks to queue
[2026-01-06T13:57:32.646+1100] {logging_mixin.py:188} INFO - [2026-01-06T13:57:32.646+1100] {dagbag.py:545} INFO - Filling up the DagBag from /Users/fionatham/Documents/Projects/vogue_data_pipeline/venv/lib/python3.11/site-packages/airflow/example_dags/example_latest_only_with_trigger.py
[2026-01-06T13:57:32.650+1100] {processor.py:840} INFO - DAG(s) 'latest_only_with_trigger' retrieved from /Users/fionatham/Documents/Projects/vogue_data_pipeline/venv/lib/python3.11/site-packages/airflow/example_dags/example_latest_only_with_trigger.py
[2026-01-06T13:57:32.729+1100] {logging_mixin.py:188} INFO - [2026-01-06T13:57:32.729+1100] {override.py:1858} INFO - Created Permission View: can read on DAG:latest_only_with_trigger
[2026-01-06T13:57:32.733+1100] {logging_mixin.py:188} INFO - [2026-01-06T13:57:32.732+1100] {override.py:1858} INFO - Created Permission View: can delete on DAG:latest_only_with_trigger
[2026-01-06T13:57:32.735+1100] {logging_mixin.py:188} INFO - [2026-01-06T13:57:32.735+1100] {override.py:1858} INFO - Created Permission View: can edit on DAG:latest_only_with_trigger
[2026-01-06T13:57:32.735+1100] {logging_mixin.py:188} INFO - [2026-01-06T13:57:32.735+1100] {dag.py:3089} INFO - Sync 1 DAGs
[2026-01-06T13:57:32.765+1100] {logging_mixin.py:188} INFO - [2026-01-06T13:57:32.765+1100] {dag.py:3111} INFO - Creating ORM DAG for latest_only_with_trigger
[2026-01-06T13:57:32.769+1100] {logging_mixin.py:188} INFO - [2026-01-06T13:57:32.769+1100] {dag.py:3947} INFO - Setting next_dagrun for latest_only_with_trigger to 2026-01-05 20:00:00+00:00, run_after=2026-01-06 00:00:00+00:00
[2026-01-06T13:57:32.776+1100] {processor.py:183} INFO - Processing /Users/fionatham/Documents/Projects/vogue_data_pipeline/venv/lib/python3.11/site-packages/airflow/example_dags/example_latest_only_with_trigger.py took 0.132 seconds
[2026-01-06T13:59:02.306+1100] {processor.py:161} INFO - Started process (PID=86519) to work on /Users/fionatham/Documents/Projects/vogue_data_pipeline/venv/lib/python3.11/site-packages/airflow/example_dags/example_latest_only_with_trigger.py
[2026-01-06T13:59:02.306+1100] {processor.py:830} INFO - Processing file /Users/fionatham/Documents/Projects/vogue_data_pipeline/venv/lib/python3.11/site-packages/airflow/example_dags/example_latest_only_with_trigger.py for tasks to queue
[2026-01-06T13:59:02.307+1100] {logging_mixin.py:188} INFO - [2026-01-06T13:59:02.307+1100] {dagbag.py:545} INFO - Filling up the DagBag from /Users/fionatham/Documents/Projects/vogue_data_pipeline/venv/lib/python3.11/site-packages/airflow/example_dags/example_latest_only_with_trigger.py
[2026-01-06T13:59:02.310+1100] {processor.py:840} INFO - DAG(s) 'latest_only_with_trigger' retrieved from /Users/fionatham/Documents/Projects/vogue_data_pipeline/venv/lib/python3.11/site-packages/airflow/example_dags/example_latest_only_with_trigger.py
[2026-01-06T13:59:02.354+1100] {logging_mixin.py:188} INFO - [2026-01-06T13:59:02.354+1100] {dag.py:3089} INFO - Sync 1 DAGs
[2026-01-06T13:59:02.361+1100] {logging_mixin.py:188} INFO - [2026-01-06T13:59:02.361+1100] {dag.py:3947} INFO - Setting next_dagrun for latest_only_with_trigger to 2026-01-05 20:00:00+00:00, run_after=2026-01-06 00:00:00+00:00
[2026-01-06T13:59:02.370+1100] {processor.py:183} INFO - Processing /Users/fionatham/Documents/Projects/vogue_data_pipeline/venv/lib/python3.11/site-packages/airflow/example_dags/example_latest_only_with_trigger.py took 0.065 seconds
[2026-01-06T14:01:02.087+1100] {processor.py:161} INFO - Started process (PID=86996) to work on /Users/fionatham/Documents/Projects/vogue_data_pipeline/venv/lib/python3.11/site-packages/airflow/example_dags/example_latest_only_with_trigger.py
[2026-01-06T14:01:02.088+1100] {processor.py:830} INFO - Processing file /Users/fionatham/Documents/Projects/vogue_data_pipeline/venv/lib/python3.11/site-packages/airflow/example_dags/example_latest_only_with_trigger.py for tasks to queue
[2026-01-06T14:01:02.089+1100] {logging_mixin.py:188} INFO - [2026-01-06T14:01:02.088+1100] {dagbag.py:545} INFO - Filling up the DagBag from /Users/fionatham/Documents/Projects/vogue_data_pipeline/venv/lib/python3.11/site-packages/airflow/example_dags/example_latest_only_with_trigger.py
[2026-01-06T14:01:02.092+1100] {processor.py:840} INFO - DAG(s) 'latest_only_with_trigger' retrieved from /Users/fionatham/Documents/Projects/vogue_data_pipeline/venv/lib/python3.11/site-packages/airflow/example_dags/example_latest_only_with_trigger.py
[2026-01-06T14:01:02.140+1100] {logging_mixin.py:188} INFO - [2026-01-06T14:01:02.140+1100] {dag.py:3089} INFO - Sync 1 DAGs
[2026-01-06T14:01:02.147+1100] {logging_mixin.py:188} INFO - [2026-01-06T14:01:02.147+1100] {dag.py:3947} INFO - Setting next_dagrun for latest_only_with_trigger to 2026-01-05 20:00:00+00:00, run_after=2026-01-06 00:00:00+00:00
[2026-01-06T14:01:02.155+1100] {processor.py:183} INFO - Processing /Users/fionatham/Documents/Projects/vogue_data_pipeline/venv/lib/python3.11/site-packages/airflow/example_dags/example_latest_only_with_trigger.py took 0.070 seconds
[2026-01-06T14:03:05.269+1100] {processor.py:161} INFO - Started process (PID=87178) to work on /Users/fionatham/Documents/Projects/vogue_data_pipeline/venv/lib/python3.11/site-packages/airflow/example_dags/example_latest_only_with_trigger.py
[2026-01-06T14:03:05.271+1100] {processor.py:830} INFO - Processing file /Users/fionatham/Documents/Projects/vogue_data_pipeline/venv/lib/python3.11/site-packages/airflow/example_dags/example_latest_only_with_trigger.py for tasks to queue
[2026-01-06T14:03:05.271+1100] {logging_mixin.py:188} INFO - [2026-01-06T14:03:05.271+1100] {dagbag.py:545} INFO - Filling up the DagBag from /Users/fionatham/Documents/Projects/vogue_data_pipeline/venv/lib/python3.11/site-packages/airflow/example_dags/example_latest_only_with_trigger.py
[2026-01-06T14:03:05.275+1100] {processor.py:840} INFO - DAG(s) 'latest_only_with_trigger' retrieved from /Users/fionatham/Documents/Projects/vogue_data_pipeline/venv/lib/python3.11/site-packages/airflow/example_dags/example_latest_only_with_trigger.py
[2026-01-06T14:03:05.320+1100] {logging_mixin.py:188} INFO - [2026-01-06T14:03:05.319+1100] {dag.py:3089} INFO - Sync 1 DAGs
[2026-01-06T14:03:05.326+1100] {logging_mixin.py:188} INFO - [2026-01-06T14:03:05.326+1100] {dag.py:3947} INFO - Setting next_dagrun for latest_only_with_trigger to 2026-01-05 20:00:00+00:00, run_after=2026-01-06 00:00:00+00:00
[2026-01-06T14:03:05.334+1100] {processor.py:183} INFO - Processing /Users/fionatham/Documents/Projects/vogue_data_pipeline/venv/lib/python3.11/site-packages/airflow/example_dags/example_latest_only_with_trigger.py took 0.066 seconds
[2026-01-06T14:05:04.983+1100] {processor.py:161} INFO - Started process (PID=87365) to work on /Users/fionatham/Documents/Projects/vogue_data_pipeline/venv/lib/python3.11/site-packages/airflow/example_dags/example_latest_only_with_trigger.py
[2026-01-06T14:05:04.984+1100] {processor.py:830} INFO - Processing file /Users/fionatham/Documents/Projects/vogue_data_pipeline/venv/lib/python3.11/site-packages/airflow/example_dags/example_latest_only_with_trigger.py for tasks to queue
[2026-01-06T14:05:04.984+1100] {logging_mixin.py:188} INFO - [2026-01-06T14:05:04.984+1100] {dagbag.py:545} INFO - Filling up the DagBag from /Users/fionatham/Documents/Projects/vogue_data_pipeline/venv/lib/python3.11/site-packages/airflow/example_dags/example_latest_only_with_trigger.py
[2026-01-06T14:05:04.988+1100] {processor.py:840} INFO - DAG(s) 'latest_only_with_trigger' retrieved from /Users/fionatham/Documents/Projects/vogue_data_pipeline/venv/lib/python3.11/site-packages/airflow/example_dags/example_latest_only_with_trigger.py
[2026-01-06T14:05:05.034+1100] {logging_mixin.py:188} INFO - [2026-01-06T14:05:05.033+1100] {dag.py:3089} INFO - Sync 1 DAGs
[2026-01-06T14:05:05.040+1100] {logging_mixin.py:188} INFO - [2026-01-06T14:05:05.040+1100] {dag.py:3947} INFO - Setting next_dagrun for latest_only_with_trigger to 2026-01-05 20:00:00+00:00, run_after=2026-01-06 00:00:00+00:00
[2026-01-06T14:05:05.048+1100] {processor.py:183} INFO - Processing /Users/fionatham/Documents/Projects/vogue_data_pipeline/venv/lib/python3.11/site-packages/airflow/example_dags/example_latest_only_with_trigger.py took 0.066 seconds
[2026-01-06T14:07:05.238+1100] {processor.py:161} INFO - Started process (PID=87581) to work on /Users/fionatham/Documents/Projects/vogue_data_pipeline/venv/lib/python3.11/site-packages/airflow/example_dags/example_latest_only_with_trigger.py
[2026-01-06T14:07:05.238+1100] {processor.py:830} INFO - Processing file /Users/fionatham/Documents/Projects/vogue_data_pipeline/venv/lib/python3.11/site-packages/airflow/example_dags/example_latest_only_with_trigger.py for tasks to queue
[2026-01-06T14:07:05.239+1100] {logging_mixin.py:188} INFO - [2026-01-06T14:07:05.239+1100] {dagbag.py:545} INFO - Filling up the DagBag from /Users/fionatham/Documents/Projects/vogue_data_pipeline/venv/lib/python3.11/site-packages/airflow/example_dags/example_latest_only_with_trigger.py
[2026-01-06T14:07:05.242+1100] {processor.py:840} INFO - DAG(s) 'latest_only_with_trigger' retrieved from /Users/fionatham/Documents/Projects/vogue_data_pipeline/venv/lib/python3.11/site-packages/airflow/example_dags/example_latest_only_with_trigger.py
[2026-01-06T14:07:05.286+1100] {logging_mixin.py:188} INFO - [2026-01-06T14:07:05.286+1100] {dag.py:3089} INFO - Sync 1 DAGs
[2026-01-06T14:07:05.292+1100] {logging_mixin.py:188} INFO - [2026-01-06T14:07:05.292+1100] {dag.py:3947} INFO - Setting next_dagrun for latest_only_with_trigger to 2026-01-05 20:00:00+00:00, run_after=2026-01-06 00:00:00+00:00
[2026-01-06T14:07:05.300+1100] {processor.py:183} INFO - Processing /Users/fionatham/Documents/Projects/vogue_data_pipeline/venv/lib/python3.11/site-packages/airflow/example_dags/example_latest_only_with_trigger.py took 0.063 seconds
[2026-01-06T14:09:02.446+1100] {processor.py:161} INFO - Started process (PID=87689) to work on /Users/fionatham/Documents/Projects/vogue_data_pipeline/venv/lib/python3.11/site-packages/airflow/example_dags/example_latest_only_with_trigger.py
[2026-01-06T14:09:02.447+1100] {processor.py:830} INFO - Processing file /Users/fionatham/Documents/Projects/vogue_data_pipeline/venv/lib/python3.11/site-packages/airflow/example_dags/example_latest_only_with_trigger.py for tasks to queue
[2026-01-06T14:09:02.447+1100] {logging_mixin.py:188} INFO - [2026-01-06T14:09:02.447+1100] {dagbag.py:545} INFO - Filling up the DagBag from /Users/fionatham/Documents/Projects/vogue_data_pipeline/venv/lib/python3.11/site-packages/airflow/example_dags/example_latest_only_with_trigger.py
[2026-01-06T14:09:02.451+1100] {processor.py:840} INFO - DAG(s) 'latest_only_with_trigger' retrieved from /Users/fionatham/Documents/Projects/vogue_data_pipeline/venv/lib/python3.11/site-packages/airflow/example_dags/example_latest_only_with_trigger.py
[2026-01-06T14:09:02.498+1100] {logging_mixin.py:188} INFO - [2026-01-06T14:09:02.498+1100] {dag.py:3089} INFO - Sync 1 DAGs
[2026-01-06T14:09:02.506+1100] {logging_mixin.py:188} INFO - [2026-01-06T14:09:02.506+1100] {dag.py:3947} INFO - Setting next_dagrun for latest_only_with_trigger to 2026-01-05 20:00:00+00:00, run_after=2026-01-06 00:00:00+00:00
[2026-01-06T14:09:02.513+1100] {processor.py:183} INFO - Processing /Users/fionatham/Documents/Projects/vogue_data_pipeline/venv/lib/python3.11/site-packages/airflow/example_dags/example_latest_only_with_trigger.py took 0.068 seconds
[2026-01-06T14:11:03.397+1100] {processor.py:161} INFO - Started process (PID=87817) to work on /Users/fionatham/Documents/Projects/vogue_data_pipeline/venv/lib/python3.11/site-packages/airflow/example_dags/example_latest_only_with_trigger.py
[2026-01-06T14:11:03.398+1100] {processor.py:830} INFO - Processing file /Users/fionatham/Documents/Projects/vogue_data_pipeline/venv/lib/python3.11/site-packages/airflow/example_dags/example_latest_only_with_trigger.py for tasks to queue
[2026-01-06T14:11:03.398+1100] {logging_mixin.py:188} INFO - [2026-01-06T14:11:03.398+1100] {dagbag.py:545} INFO - Filling up the DagBag from /Users/fionatham/Documents/Projects/vogue_data_pipeline/venv/lib/python3.11/site-packages/airflow/example_dags/example_latest_only_with_trigger.py
[2026-01-06T14:11:03.402+1100] {processor.py:840} INFO - DAG(s) 'latest_only_with_trigger' retrieved from /Users/fionatham/Documents/Projects/vogue_data_pipeline/venv/lib/python3.11/site-packages/airflow/example_dags/example_latest_only_with_trigger.py
[2026-01-06T14:11:03.448+1100] {logging_mixin.py:188} INFO - [2026-01-06T14:11:03.447+1100] {dag.py:3089} INFO - Sync 1 DAGs
[2026-01-06T14:11:03.454+1100] {logging_mixin.py:188} INFO - [2026-01-06T14:11:03.454+1100] {dag.py:3947} INFO - Setting next_dagrun for latest_only_with_trigger to 2026-01-05 20:00:00+00:00, run_after=2026-01-06 00:00:00+00:00
[2026-01-06T14:11:03.462+1100] {processor.py:183} INFO - Processing /Users/fionatham/Documents/Projects/vogue_data_pipeline/venv/lib/python3.11/site-packages/airflow/example_dags/example_latest_only_with_trigger.py took 0.067 seconds
[2026-01-06T14:13:01.569+1100] {processor.py:161} INFO - Started process (PID=87976) to work on /Users/fionatham/Documents/Projects/vogue_data_pipeline/venv/lib/python3.11/site-packages/airflow/example_dags/example_latest_only_with_trigger.py
[2026-01-06T14:13:01.571+1100] {processor.py:830} INFO - Processing file /Users/fionatham/Documents/Projects/vogue_data_pipeline/venv/lib/python3.11/site-packages/airflow/example_dags/example_latest_only_with_trigger.py for tasks to queue
[2026-01-06T14:13:01.571+1100] {logging_mixin.py:188} INFO - [2026-01-06T14:13:01.571+1100] {dagbag.py:545} INFO - Filling up the DagBag from /Users/fionatham/Documents/Projects/vogue_data_pipeline/venv/lib/python3.11/site-packages/airflow/example_dags/example_latest_only_with_trigger.py
[2026-01-06T14:13:01.575+1100] {processor.py:840} INFO - DAG(s) 'latest_only_with_trigger' retrieved from /Users/fionatham/Documents/Projects/vogue_data_pipeline/venv/lib/python3.11/site-packages/airflow/example_dags/example_latest_only_with_trigger.py
[2026-01-06T14:13:01.620+1100] {logging_mixin.py:188} INFO - [2026-01-06T14:13:01.620+1100] {dag.py:3089} INFO - Sync 1 DAGs
[2026-01-06T14:13:01.627+1100] {logging_mixin.py:188} INFO - [2026-01-06T14:13:01.627+1100] {dag.py:3947} INFO - Setting next_dagrun for latest_only_with_trigger to 2026-01-05 20:00:00+00:00, run_after=2026-01-06 00:00:00+00:00
[2026-01-06T14:13:01.633+1100] {processor.py:183} INFO - Processing /Users/fionatham/Documents/Projects/vogue_data_pipeline/venv/lib/python3.11/site-packages/airflow/example_dags/example_latest_only_with_trigger.py took 0.065 seconds
[2026-01-06T14:15:09.412+1100] {processor.py:161} INFO - Started process (PID=88833) to work on /Users/fionatham/Documents/Projects/vogue_data_pipeline/venv/lib/python3.11/site-packages/airflow/example_dags/example_latest_only_with_trigger.py
[2026-01-06T14:15:09.412+1100] {processor.py:830} INFO - Processing file /Users/fionatham/Documents/Projects/vogue_data_pipeline/venv/lib/python3.11/site-packages/airflow/example_dags/example_latest_only_with_trigger.py for tasks to queue
[2026-01-06T14:15:09.413+1100] {logging_mixin.py:188} INFO - [2026-01-06T14:15:09.413+1100] {dagbag.py:545} INFO - Filling up the DagBag from /Users/fionatham/Documents/Projects/vogue_data_pipeline/venv/lib/python3.11/site-packages/airflow/example_dags/example_latest_only_with_trigger.py
[2026-01-06T14:15:09.417+1100] {processor.py:840} INFO - DAG(s) 'latest_only_with_trigger' retrieved from /Users/fionatham/Documents/Projects/vogue_data_pipeline/venv/lib/python3.11/site-packages/airflow/example_dags/example_latest_only_with_trigger.py
[2026-01-06T14:15:09.468+1100] {logging_mixin.py:188} INFO - [2026-01-06T14:15:09.468+1100] {dag.py:3089} INFO - Sync 1 DAGs
[2026-01-06T14:15:09.476+1100] {logging_mixin.py:188} INFO - [2026-01-06T14:15:09.476+1100] {dag.py:3947} INFO - Setting next_dagrun for latest_only_with_trigger to 2026-01-05 20:00:00+00:00, run_after=2026-01-06 00:00:00+00:00
[2026-01-06T14:15:09.484+1100] {processor.py:183} INFO - Processing /Users/fionatham/Documents/Projects/vogue_data_pipeline/venv/lib/python3.11/site-packages/airflow/example_dags/example_latest_only_with_trigger.py took 0.074 seconds
[2026-01-06T14:17:02.373+1100] {processor.py:161} INFO - Started process (PID=89287) to work on /Users/fionatham/Documents/Projects/vogue_data_pipeline/venv/lib/python3.11/site-packages/airflow/example_dags/example_latest_only_with_trigger.py
[2026-01-06T14:17:02.373+1100] {processor.py:830} INFO - Processing file /Users/fionatham/Documents/Projects/vogue_data_pipeline/venv/lib/python3.11/site-packages/airflow/example_dags/example_latest_only_with_trigger.py for tasks to queue
[2026-01-06T14:17:02.374+1100] {logging_mixin.py:188} INFO - [2026-01-06T14:17:02.374+1100] {dagbag.py:545} INFO - Filling up the DagBag from /Users/fionatham/Documents/Projects/vogue_data_pipeline/venv/lib/python3.11/site-packages/airflow/example_dags/example_latest_only_with_trigger.py
[2026-01-06T14:17:02.377+1100] {processor.py:840} INFO - DAG(s) 'latest_only_with_trigger' retrieved from /Users/fionatham/Documents/Projects/vogue_data_pipeline/venv/lib/python3.11/site-packages/airflow/example_dags/example_latest_only_with_trigger.py
[2026-01-06T14:17:02.422+1100] {logging_mixin.py:188} INFO - [2026-01-06T14:17:02.422+1100] {dag.py:3089} INFO - Sync 1 DAGs
[2026-01-06T14:17:02.429+1100] {logging_mixin.py:188} INFO - [2026-01-06T14:17:02.429+1100] {dag.py:3947} INFO - Setting next_dagrun for latest_only_with_trigger to 2026-01-05 20:00:00+00:00, run_after=2026-01-06 00:00:00+00:00
[2026-01-06T14:17:02.437+1100] {processor.py:183} INFO - Processing /Users/fionatham/Documents/Projects/vogue_data_pipeline/venv/lib/python3.11/site-packages/airflow/example_dags/example_latest_only_with_trigger.py took 0.065 seconds
[2026-01-06T14:18:59.449+1100] {processor.py:161} INFO - Started process (PID=89897) to work on /Users/fionatham/Documents/Projects/vogue_data_pipeline/venv/lib/python3.11/site-packages/airflow/example_dags/example_latest_only_with_trigger.py
[2026-01-06T14:18:59.449+1100] {processor.py:830} INFO - Processing file /Users/fionatham/Documents/Projects/vogue_data_pipeline/venv/lib/python3.11/site-packages/airflow/example_dags/example_latest_only_with_trigger.py for tasks to queue
[2026-01-06T14:18:59.449+1100] {logging_mixin.py:188} INFO - [2026-01-06T14:18:59.449+1100] {dagbag.py:545} INFO - Filling up the DagBag from /Users/fionatham/Documents/Projects/vogue_data_pipeline/venv/lib/python3.11/site-packages/airflow/example_dags/example_latest_only_with_trigger.py
[2026-01-06T14:18:59.453+1100] {processor.py:840} INFO - DAG(s) 'latest_only_with_trigger' retrieved from /Users/fionatham/Documents/Projects/vogue_data_pipeline/venv/lib/python3.11/site-packages/airflow/example_dags/example_latest_only_with_trigger.py
[2026-01-06T14:18:59.498+1100] {logging_mixin.py:188} INFO - [2026-01-06T14:18:59.498+1100] {dag.py:3089} INFO - Sync 1 DAGs
[2026-01-06T14:18:59.508+1100] {logging_mixin.py:188} INFO - [2026-01-06T14:18:59.508+1100] {dag.py:3947} INFO - Setting next_dagrun for latest_only_with_trigger to 2026-01-05 20:00:00+00:00, run_after=2026-01-06 00:00:00+00:00
[2026-01-06T14:18:59.517+1100] {processor.py:183} INFO - Processing /Users/fionatham/Documents/Projects/vogue_data_pipeline/venv/lib/python3.11/site-packages/airflow/example_dags/example_latest_only_with_trigger.py took 0.070 seconds
[2026-01-06T14:21:02.327+1100] {processor.py:161} INFO - Started process (PID=90005) to work on /Users/fionatham/Documents/Projects/vogue_data_pipeline/venv/lib/python3.11/site-packages/airflow/example_dags/example_latest_only_with_trigger.py
[2026-01-06T14:21:02.328+1100] {processor.py:830} INFO - Processing file /Users/fionatham/Documents/Projects/vogue_data_pipeline/venv/lib/python3.11/site-packages/airflow/example_dags/example_latest_only_with_trigger.py for tasks to queue
[2026-01-06T14:21:02.328+1100] {logging_mixin.py:188} INFO - [2026-01-06T14:21:02.328+1100] {dagbag.py:545} INFO - Filling up the DagBag from /Users/fionatham/Documents/Projects/vogue_data_pipeline/venv/lib/python3.11/site-packages/airflow/example_dags/example_latest_only_with_trigger.py
[2026-01-06T14:21:02.332+1100] {processor.py:840} INFO - DAG(s) 'latest_only_with_trigger' retrieved from /Users/fionatham/Documents/Projects/vogue_data_pipeline/venv/lib/python3.11/site-packages/airflow/example_dags/example_latest_only_with_trigger.py
[2026-01-06T14:21:02.382+1100] {logging_mixin.py:188} INFO - [2026-01-06T14:21:02.382+1100] {dag.py:3089} INFO - Sync 1 DAGs
[2026-01-06T14:21:02.389+1100] {logging_mixin.py:188} INFO - [2026-01-06T14:21:02.389+1100] {dag.py:3947} INFO - Setting next_dagrun for latest_only_with_trigger to 2026-01-05 20:00:00+00:00, run_after=2026-01-06 00:00:00+00:00
[2026-01-06T14:21:02.397+1100] {processor.py:183} INFO - Processing /Users/fionatham/Documents/Projects/vogue_data_pipeline/venv/lib/python3.11/site-packages/airflow/example_dags/example_latest_only_with_trigger.py took 0.072 seconds
[2026-01-06T14:22:59.652+1100] {processor.py:161} INFO - Started process (PID=90096) to work on /Users/fionatham/Documents/Projects/vogue_data_pipeline/venv/lib/python3.11/site-packages/airflow/example_dags/example_latest_only_with_trigger.py
[2026-01-06T14:22:59.653+1100] {processor.py:830} INFO - Processing file /Users/fionatham/Documents/Projects/vogue_data_pipeline/venv/lib/python3.11/site-packages/airflow/example_dags/example_latest_only_with_trigger.py for tasks to queue
[2026-01-06T14:22:59.654+1100] {logging_mixin.py:188} INFO - [2026-01-06T14:22:59.654+1100] {dagbag.py:545} INFO - Filling up the DagBag from /Users/fionatham/Documents/Projects/vogue_data_pipeline/venv/lib/python3.11/site-packages/airflow/example_dags/example_latest_only_with_trigger.py
[2026-01-06T14:22:59.658+1100] {processor.py:840} INFO - DAG(s) 'latest_only_with_trigger' retrieved from /Users/fionatham/Documents/Projects/vogue_data_pipeline/venv/lib/python3.11/site-packages/airflow/example_dags/example_latest_only_with_trigger.py
[2026-01-06T14:22:59.702+1100] {logging_mixin.py:188} INFO - [2026-01-06T14:22:59.702+1100] {dag.py:3089} INFO - Sync 1 DAGs
[2026-01-06T14:22:59.708+1100] {logging_mixin.py:188} INFO - [2026-01-06T14:22:59.708+1100] {dag.py:3947} INFO - Setting next_dagrun for latest_only_with_trigger to 2026-01-05 20:00:00+00:00, run_after=2026-01-06 00:00:00+00:00
[2026-01-06T14:22:59.716+1100] {processor.py:183} INFO - Processing /Users/fionatham/Documents/Projects/vogue_data_pipeline/venv/lib/python3.11/site-packages/airflow/example_dags/example_latest_only_with_trigger.py took 0.065 seconds
[2026-01-06T14:24:45.838+1100] {processor.py:161} INFO - Started process (PID=90192) to work on /Users/fionatham/Documents/Projects/vogue_data_pipeline/venv/lib/python3.11/site-packages/airflow/example_dags/example_latest_only_with_trigger.py
[2026-01-06T14:24:45.838+1100] {processor.py:830} INFO - Processing file /Users/fionatham/Documents/Projects/vogue_data_pipeline/venv/lib/python3.11/site-packages/airflow/example_dags/example_latest_only_with_trigger.py for tasks to queue
[2026-01-06T14:24:45.839+1100] {logging_mixin.py:188} INFO - [2026-01-06T14:24:45.839+1100] {dagbag.py:545} INFO - Filling up the DagBag from /Users/fionatham/Documents/Projects/vogue_data_pipeline/venv/lib/python3.11/site-packages/airflow/example_dags/example_latest_only_with_trigger.py
[2026-01-06T14:24:45.842+1100] {processor.py:840} INFO - DAG(s) 'latest_only_with_trigger' retrieved from /Users/fionatham/Documents/Projects/vogue_data_pipeline/venv/lib/python3.11/site-packages/airflow/example_dags/example_latest_only_with_trigger.py
[2026-01-06T14:24:45.887+1100] {logging_mixin.py:188} INFO - [2026-01-06T14:24:45.886+1100] {dag.py:3089} INFO - Sync 1 DAGs
[2026-01-06T14:24:45.893+1100] {logging_mixin.py:188} INFO - [2026-01-06T14:24:45.892+1100] {dag.py:3947} INFO - Setting next_dagrun for latest_only_with_trigger to 2026-01-05 20:00:00+00:00, run_after=2026-01-06 00:00:00+00:00
[2026-01-06T14:24:45.900+1100] {processor.py:183} INFO - Processing /Users/fionatham/Documents/Projects/vogue_data_pipeline/venv/lib/python3.11/site-packages/airflow/example_dags/example_latest_only_with_trigger.py took 0.064 seconds
[2026-01-06T14:26:42.016+1100] {processor.py:161} INFO - Started process (PID=90519) to work on /Users/fionatham/Documents/Projects/vogue_data_pipeline/venv/lib/python3.11/site-packages/airflow/example_dags/example_latest_only_with_trigger.py
[2026-01-06T14:26:42.017+1100] {processor.py:830} INFO - Processing file /Users/fionatham/Documents/Projects/vogue_data_pipeline/venv/lib/python3.11/site-packages/airflow/example_dags/example_latest_only_with_trigger.py for tasks to queue
[2026-01-06T14:26:42.017+1100] {logging_mixin.py:188} INFO - [2026-01-06T14:26:42.017+1100] {dagbag.py:545} INFO - Filling up the DagBag from /Users/fionatham/Documents/Projects/vogue_data_pipeline/venv/lib/python3.11/site-packages/airflow/example_dags/example_latest_only_with_trigger.py
[2026-01-06T14:26:42.021+1100] {processor.py:840} INFO - DAG(s) 'latest_only_with_trigger' retrieved from /Users/fionatham/Documents/Projects/vogue_data_pipeline/venv/lib/python3.11/site-packages/airflow/example_dags/example_latest_only_with_trigger.py
[2026-01-06T14:26:42.066+1100] {logging_mixin.py:188} INFO - [2026-01-06T14:26:42.066+1100] {dag.py:3089} INFO - Sync 1 DAGs
[2026-01-06T14:26:42.072+1100] {logging_mixin.py:188} INFO - [2026-01-06T14:26:42.072+1100] {dag.py:3947} INFO - Setting next_dagrun for latest_only_with_trigger to 2026-01-05 20:00:00+00:00, run_after=2026-01-06 00:00:00+00:00
[2026-01-06T14:26:42.079+1100] {processor.py:183} INFO - Processing /Users/fionatham/Documents/Projects/vogue_data_pipeline/venv/lib/python3.11/site-packages/airflow/example_dags/example_latest_only_with_trigger.py took 0.064 seconds
[2026-01-06T14:28:39.865+1100] {processor.py:161} INFO - Started process (PID=90831) to work on /Users/fionatham/Documents/Projects/vogue_data_pipeline/venv/lib/python3.11/site-packages/airflow/example_dags/example_latest_only_with_trigger.py
[2026-01-06T14:28:39.866+1100] {processor.py:830} INFO - Processing file /Users/fionatham/Documents/Projects/vogue_data_pipeline/venv/lib/python3.11/site-packages/airflow/example_dags/example_latest_only_with_trigger.py for tasks to queue
[2026-01-06T14:28:39.866+1100] {logging_mixin.py:188} INFO - [2026-01-06T14:28:39.866+1100] {dagbag.py:545} INFO - Filling up the DagBag from /Users/fionatham/Documents/Projects/vogue_data_pipeline/venv/lib/python3.11/site-packages/airflow/example_dags/example_latest_only_with_trigger.py
[2026-01-06T14:28:39.869+1100] {processor.py:840} INFO - DAG(s) 'latest_only_with_trigger' retrieved from /Users/fionatham/Documents/Projects/vogue_data_pipeline/venv/lib/python3.11/site-packages/airflow/example_dags/example_latest_only_with_trigger.py
[2026-01-06T14:28:39.915+1100] {logging_mixin.py:188} INFO - [2026-01-06T14:28:39.915+1100] {dag.py:3089} INFO - Sync 1 DAGs
[2026-01-06T14:28:39.921+1100] {logging_mixin.py:188} INFO - [2026-01-06T14:28:39.921+1100] {dag.py:3947} INFO - Setting next_dagrun for latest_only_with_trigger to 2026-01-05 20:00:00+00:00, run_after=2026-01-06 00:00:00+00:00
[2026-01-06T14:28:39.928+1100] {processor.py:183} INFO - Processing /Users/fionatham/Documents/Projects/vogue_data_pipeline/venv/lib/python3.11/site-packages/airflow/example_dags/example_latest_only_with_trigger.py took 0.064 seconds
[2026-01-06T14:30:41.858+1100] {processor.py:161} INFO - Started process (PID=91584) to work on /Users/fionatham/Documents/Projects/vogue_data_pipeline/venv/lib/python3.11/site-packages/airflow/example_dags/example_latest_only_with_trigger.py
[2026-01-06T14:30:41.860+1100] {processor.py:830} INFO - Processing file /Users/fionatham/Documents/Projects/vogue_data_pipeline/venv/lib/python3.11/site-packages/airflow/example_dags/example_latest_only_with_trigger.py for tasks to queue
[2026-01-06T14:30:41.860+1100] {logging_mixin.py:188} INFO - [2026-01-06T14:30:41.860+1100] {dagbag.py:545} INFO - Filling up the DagBag from /Users/fionatham/Documents/Projects/vogue_data_pipeline/venv/lib/python3.11/site-packages/airflow/example_dags/example_latest_only_with_trigger.py
[2026-01-06T14:30:41.864+1100] {processor.py:840} INFO - DAG(s) 'latest_only_with_trigger' retrieved from /Users/fionatham/Documents/Projects/vogue_data_pipeline/venv/lib/python3.11/site-packages/airflow/example_dags/example_latest_only_with_trigger.py
[2026-01-06T14:30:41.910+1100] {logging_mixin.py:188} INFO - [2026-01-06T14:30:41.910+1100] {dag.py:3089} INFO - Sync 1 DAGs
[2026-01-06T14:30:41.917+1100] {logging_mixin.py:188} INFO - [2026-01-06T14:30:41.917+1100] {dag.py:3947} INFO - Setting next_dagrun for latest_only_with_trigger to 2026-01-05 20:00:00+00:00, run_after=2026-01-06 00:00:00+00:00
[2026-01-06T14:30:41.925+1100] {processor.py:183} INFO - Processing /Users/fionatham/Documents/Projects/vogue_data_pipeline/venv/lib/python3.11/site-packages/airflow/example_dags/example_latest_only_with_trigger.py took 0.068 seconds
[2026-01-06T14:32:41.151+1100] {processor.py:161} INFO - Started process (PID=92134) to work on /Users/fionatham/Documents/Projects/vogue_data_pipeline/venv/lib/python3.11/site-packages/airflow/example_dags/example_latest_only_with_trigger.py
[2026-01-06T14:32:41.152+1100] {processor.py:830} INFO - Processing file /Users/fionatham/Documents/Projects/vogue_data_pipeline/venv/lib/python3.11/site-packages/airflow/example_dags/example_latest_only_with_trigger.py for tasks to queue
[2026-01-06T14:32:41.152+1100] {logging_mixin.py:188} INFO - [2026-01-06T14:32:41.152+1100] {dagbag.py:545} INFO - Filling up the DagBag from /Users/fionatham/Documents/Projects/vogue_data_pipeline/venv/lib/python3.11/site-packages/airflow/example_dags/example_latest_only_with_trigger.py
[2026-01-06T14:32:41.156+1100] {processor.py:840} INFO - DAG(s) 'latest_only_with_trigger' retrieved from /Users/fionatham/Documents/Projects/vogue_data_pipeline/venv/lib/python3.11/site-packages/airflow/example_dags/example_latest_only_with_trigger.py
[2026-01-06T14:32:41.201+1100] {logging_mixin.py:188} INFO - [2026-01-06T14:32:41.201+1100] {dag.py:3089} INFO - Sync 1 DAGs
[2026-01-06T14:32:41.207+1100] {logging_mixin.py:188} INFO - [2026-01-06T14:32:41.207+1100] {dag.py:3947} INFO - Setting next_dagrun for latest_only_with_trigger to 2026-01-05 20:00:00+00:00, run_after=2026-01-06 00:00:00+00:00
[2026-01-06T14:32:41.215+1100] {processor.py:183} INFO - Processing /Users/fionatham/Documents/Projects/vogue_data_pipeline/venv/lib/python3.11/site-packages/airflow/example_dags/example_latest_only_with_trigger.py took 0.066 seconds
[2026-01-06T14:34:37.582+1100] {processor.py:161} INFO - Started process (PID=92418) to work on /Users/fionatham/Documents/Projects/vogue_data_pipeline/venv/lib/python3.11/site-packages/airflow/example_dags/example_latest_only_with_trigger.py
[2026-01-06T14:34:37.583+1100] {processor.py:830} INFO - Processing file /Users/fionatham/Documents/Projects/vogue_data_pipeline/venv/lib/python3.11/site-packages/airflow/example_dags/example_latest_only_with_trigger.py for tasks to queue
[2026-01-06T14:34:37.583+1100] {logging_mixin.py:188} INFO - [2026-01-06T14:34:37.583+1100] {dagbag.py:545} INFO - Filling up the DagBag from /Users/fionatham/Documents/Projects/vogue_data_pipeline/venv/lib/python3.11/site-packages/airflow/example_dags/example_latest_only_with_trigger.py
[2026-01-06T14:34:37.587+1100] {processor.py:840} INFO - DAG(s) 'latest_only_with_trigger' retrieved from /Users/fionatham/Documents/Projects/vogue_data_pipeline/venv/lib/python3.11/site-packages/airflow/example_dags/example_latest_only_with_trigger.py
[2026-01-06T14:34:37.632+1100] {logging_mixin.py:188} INFO - [2026-01-06T14:34:37.632+1100] {dag.py:3089} INFO - Sync 1 DAGs
[2026-01-06T14:34:37.638+1100] {logging_mixin.py:188} INFO - [2026-01-06T14:34:37.638+1100] {dag.py:3947} INFO - Setting next_dagrun for latest_only_with_trigger to 2026-01-05 20:00:00+00:00, run_after=2026-01-06 00:00:00+00:00
[2026-01-06T14:34:37.646+1100] {processor.py:183} INFO - Processing /Users/fionatham/Documents/Projects/vogue_data_pipeline/venv/lib/python3.11/site-packages/airflow/example_dags/example_latest_only_with_trigger.py took 0.065 seconds
[2026-01-06T14:36:36.424+1100] {processor.py:161} INFO - Started process (PID=92622) to work on /Users/fionatham/Documents/Projects/vogue_data_pipeline/venv/lib/python3.11/site-packages/airflow/example_dags/example_latest_only_with_trigger.py
[2026-01-06T14:36:36.424+1100] {processor.py:830} INFO - Processing file /Users/fionatham/Documents/Projects/vogue_data_pipeline/venv/lib/python3.11/site-packages/airflow/example_dags/example_latest_only_with_trigger.py for tasks to queue
[2026-01-06T14:36:36.425+1100] {logging_mixin.py:188} INFO - [2026-01-06T14:36:36.425+1100] {dagbag.py:545} INFO - Filling up the DagBag from /Users/fionatham/Documents/Projects/vogue_data_pipeline/venv/lib/python3.11/site-packages/airflow/example_dags/example_latest_only_with_trigger.py
[2026-01-06T14:36:36.429+1100] {processor.py:840} INFO - DAG(s) 'latest_only_with_trigger' retrieved from /Users/fionatham/Documents/Projects/vogue_data_pipeline/venv/lib/python3.11/site-packages/airflow/example_dags/example_latest_only_with_trigger.py
[2026-01-06T14:36:36.480+1100] {logging_mixin.py:188} INFO - [2026-01-06T14:36:36.480+1100] {dag.py:3089} INFO - Sync 1 DAGs
[2026-01-06T14:36:36.488+1100] {logging_mixin.py:188} INFO - [2026-01-06T14:36:36.488+1100] {dag.py:3947} INFO - Setting next_dagrun for latest_only_with_trigger to 2026-01-05 20:00:00+00:00, run_after=2026-01-06 00:00:00+00:00
[2026-01-06T14:36:36.497+1100] {processor.py:183} INFO - Processing /Users/fionatham/Documents/Projects/vogue_data_pipeline/venv/lib/python3.11/site-packages/airflow/example_dags/example_latest_only_with_trigger.py took 0.075 seconds
[2026-01-06T14:38:39.565+1100] {processor.py:161} INFO - Started process (PID=92862) to work on /Users/fionatham/Documents/Projects/vogue_data_pipeline/venv/lib/python3.11/site-packages/airflow/example_dags/example_latest_only_with_trigger.py
[2026-01-06T14:38:39.566+1100] {processor.py:830} INFO - Processing file /Users/fionatham/Documents/Projects/vogue_data_pipeline/venv/lib/python3.11/site-packages/airflow/example_dags/example_latest_only_with_trigger.py for tasks to queue
[2026-01-06T14:38:39.567+1100] {logging_mixin.py:188} INFO - [2026-01-06T14:38:39.567+1100] {dagbag.py:545} INFO - Filling up the DagBag from /Users/fionatham/Documents/Projects/vogue_data_pipeline/venv/lib/python3.11/site-packages/airflow/example_dags/example_latest_only_with_trigger.py
[2026-01-06T14:38:39.571+1100] {processor.py:840} INFO - DAG(s) 'latest_only_with_trigger' retrieved from /Users/fionatham/Documents/Projects/vogue_data_pipeline/venv/lib/python3.11/site-packages/airflow/example_dags/example_latest_only_with_trigger.py
[2026-01-06T14:38:39.618+1100] {logging_mixin.py:188} INFO - [2026-01-06T14:38:39.618+1100] {dag.py:3089} INFO - Sync 1 DAGs
[2026-01-06T14:38:39.626+1100] {logging_mixin.py:188} INFO - [2026-01-06T14:38:39.626+1100] {dag.py:3947} INFO - Setting next_dagrun for latest_only_with_trigger to 2026-01-05 20:00:00+00:00, run_after=2026-01-06 00:00:00+00:00
[2026-01-06T14:38:39.634+1100] {processor.py:183} INFO - Processing /Users/fionatham/Documents/Projects/vogue_data_pipeline/venv/lib/python3.11/site-packages/airflow/example_dags/example_latest_only_with_trigger.py took 0.070 seconds
[2026-01-06T14:40:33.554+1100] {processor.py:161} INFO - Started process (PID=92938) to work on /Users/fionatham/Documents/Projects/vogue_data_pipeline/venv/lib/python3.11/site-packages/airflow/example_dags/example_latest_only_with_trigger.py
[2026-01-06T14:40:33.555+1100] {processor.py:830} INFO - Processing file /Users/fionatham/Documents/Projects/vogue_data_pipeline/venv/lib/python3.11/site-packages/airflow/example_dags/example_latest_only_with_trigger.py for tasks to queue
[2026-01-06T14:40:33.555+1100] {logging_mixin.py:188} INFO - [2026-01-06T14:40:33.555+1100] {dagbag.py:545} INFO - Filling up the DagBag from /Users/fionatham/Documents/Projects/vogue_data_pipeline/venv/lib/python3.11/site-packages/airflow/example_dags/example_latest_only_with_trigger.py
[2026-01-06T14:40:33.559+1100] {processor.py:840} INFO - DAG(s) 'latest_only_with_trigger' retrieved from /Users/fionatham/Documents/Projects/vogue_data_pipeline/venv/lib/python3.11/site-packages/airflow/example_dags/example_latest_only_with_trigger.py
[2026-01-06T14:40:33.602+1100] {logging_mixin.py:188} INFO - [2026-01-06T14:40:33.602+1100] {dag.py:3089} INFO - Sync 1 DAGs
[2026-01-06T14:40:33.608+1100] {logging_mixin.py:188} INFO - [2026-01-06T14:40:33.608+1100] {dag.py:3947} INFO - Setting next_dagrun for latest_only_with_trigger to 2026-01-05 20:00:00+00:00, run_after=2026-01-06 00:00:00+00:00
[2026-01-06T14:40:33.616+1100] {processor.py:183} INFO - Processing /Users/fionatham/Documents/Projects/vogue_data_pipeline/venv/lib/python3.11/site-packages/airflow/example_dags/example_latest_only_with_trigger.py took 0.063 seconds
[2026-01-06T14:42:27.777+1100] {processor.py:161} INFO - Started process (PID=93018) to work on /Users/fionatham/Documents/Projects/vogue_data_pipeline/venv/lib/python3.11/site-packages/airflow/example_dags/example_latest_only_with_trigger.py
[2026-01-06T14:42:27.778+1100] {processor.py:830} INFO - Processing file /Users/fionatham/Documents/Projects/vogue_data_pipeline/venv/lib/python3.11/site-packages/airflow/example_dags/example_latest_only_with_trigger.py for tasks to queue
[2026-01-06T14:42:27.778+1100] {logging_mixin.py:188} INFO - [2026-01-06T14:42:27.778+1100] {dagbag.py:545} INFO - Filling up the DagBag from /Users/fionatham/Documents/Projects/vogue_data_pipeline/venv/lib/python3.11/site-packages/airflow/example_dags/example_latest_only_with_trigger.py
[2026-01-06T14:42:27.782+1100] {processor.py:840} INFO - DAG(s) 'latest_only_with_trigger' retrieved from /Users/fionatham/Documents/Projects/vogue_data_pipeline/venv/lib/python3.11/site-packages/airflow/example_dags/example_latest_only_with_trigger.py
[2026-01-06T14:42:27.824+1100] {logging_mixin.py:188} INFO - [2026-01-06T14:42:27.824+1100] {dag.py:3089} INFO - Sync 1 DAGs
[2026-01-06T14:42:27.830+1100] {logging_mixin.py:188} INFO - [2026-01-06T14:42:27.830+1100] {dag.py:3947} INFO - Setting next_dagrun for latest_only_with_trigger to 2026-01-05 20:00:00+00:00, run_after=2026-01-06 00:00:00+00:00
[2026-01-06T14:42:27.837+1100] {processor.py:183} INFO - Processing /Users/fionatham/Documents/Projects/vogue_data_pipeline/venv/lib/python3.11/site-packages/airflow/example_dags/example_latest_only_with_trigger.py took 0.062 seconds
[2026-01-06T14:44:23.771+1100] {processor.py:161} INFO - Started process (PID=93096) to work on /Users/fionatham/Documents/Projects/vogue_data_pipeline/venv/lib/python3.11/site-packages/airflow/example_dags/example_latest_only_with_trigger.py
[2026-01-06T14:44:23.771+1100] {processor.py:830} INFO - Processing file /Users/fionatham/Documents/Projects/vogue_data_pipeline/venv/lib/python3.11/site-packages/airflow/example_dags/example_latest_only_with_trigger.py for tasks to queue
[2026-01-06T14:44:23.772+1100] {logging_mixin.py:188} INFO - [2026-01-06T14:44:23.772+1100] {dagbag.py:545} INFO - Filling up the DagBag from /Users/fionatham/Documents/Projects/vogue_data_pipeline/venv/lib/python3.11/site-packages/airflow/example_dags/example_latest_only_with_trigger.py
[2026-01-06T14:44:23.776+1100] {processor.py:840} INFO - DAG(s) 'latest_only_with_trigger' retrieved from /Users/fionatham/Documents/Projects/vogue_data_pipeline/venv/lib/python3.11/site-packages/airflow/example_dags/example_latest_only_with_trigger.py
[2026-01-06T14:44:23.819+1100] {logging_mixin.py:188} INFO - [2026-01-06T14:44:23.819+1100] {dag.py:3089} INFO - Sync 1 DAGs
[2026-01-06T14:44:23.826+1100] {logging_mixin.py:188} INFO - [2026-01-06T14:44:23.825+1100] {dag.py:3947} INFO - Setting next_dagrun for latest_only_with_trigger to 2026-01-05 20:00:00+00:00, run_after=2026-01-06 00:00:00+00:00
[2026-01-06T14:44:23.833+1100] {processor.py:183} INFO - Processing /Users/fionatham/Documents/Projects/vogue_data_pipeline/venv/lib/python3.11/site-packages/airflow/example_dags/example_latest_only_with_trigger.py took 0.064 seconds
[2026-01-06T14:46:20.221+1100] {processor.py:161} INFO - Started process (PID=93178) to work on /Users/fionatham/Documents/Projects/vogue_data_pipeline/venv/lib/python3.11/site-packages/airflow/example_dags/example_latest_only_with_trigger.py
[2026-01-06T14:46:20.223+1100] {processor.py:830} INFO - Processing file /Users/fionatham/Documents/Projects/vogue_data_pipeline/venv/lib/python3.11/site-packages/airflow/example_dags/example_latest_only_with_trigger.py for tasks to queue
[2026-01-06T14:46:20.223+1100] {logging_mixin.py:188} INFO - [2026-01-06T14:46:20.223+1100] {dagbag.py:545} INFO - Filling up the DagBag from /Users/fionatham/Documents/Projects/vogue_data_pipeline/venv/lib/python3.11/site-packages/airflow/example_dags/example_latest_only_with_trigger.py
[2026-01-06T14:46:20.227+1100] {processor.py:840} INFO - DAG(s) 'latest_only_with_trigger' retrieved from /Users/fionatham/Documents/Projects/vogue_data_pipeline/venv/lib/python3.11/site-packages/airflow/example_dags/example_latest_only_with_trigger.py
[2026-01-06T14:46:20.269+1100] {logging_mixin.py:188} INFO - [2026-01-06T14:46:20.269+1100] {dag.py:3089} INFO - Sync 1 DAGs
[2026-01-06T14:46:20.275+1100] {logging_mixin.py:188} INFO - [2026-01-06T14:46:20.275+1100] {dag.py:3947} INFO - Setting next_dagrun for latest_only_with_trigger to 2026-01-05 20:00:00+00:00, run_after=2026-01-06 00:00:00+00:00
[2026-01-06T14:46:20.282+1100] {processor.py:183} INFO - Processing /Users/fionatham/Documents/Projects/vogue_data_pipeline/venv/lib/python3.11/site-packages/airflow/example_dags/example_latest_only_with_trigger.py took 0.062 seconds
[2026-01-06T14:48:17.220+1100] {processor.py:161} INFO - Started process (PID=93258) to work on /Users/fionatham/Documents/Projects/vogue_data_pipeline/venv/lib/python3.11/site-packages/airflow/example_dags/example_latest_only_with_trigger.py
[2026-01-06T14:48:17.221+1100] {processor.py:830} INFO - Processing file /Users/fionatham/Documents/Projects/vogue_data_pipeline/venv/lib/python3.11/site-packages/airflow/example_dags/example_latest_only_with_trigger.py for tasks to queue
[2026-01-06T14:48:17.221+1100] {logging_mixin.py:188} INFO - [2026-01-06T14:48:17.221+1100] {dagbag.py:545} INFO - Filling up the DagBag from /Users/fionatham/Documents/Projects/vogue_data_pipeline/venv/lib/python3.11/site-packages/airflow/example_dags/example_latest_only_with_trigger.py
[2026-01-06T14:48:17.225+1100] {processor.py:840} INFO - DAG(s) 'latest_only_with_trigger' retrieved from /Users/fionatham/Documents/Projects/vogue_data_pipeline/venv/lib/python3.11/site-packages/airflow/example_dags/example_latest_only_with_trigger.py
[2026-01-06T14:48:17.268+1100] {logging_mixin.py:188} INFO - [2026-01-06T14:48:17.268+1100] {dag.py:3089} INFO - Sync 1 DAGs
[2026-01-06T14:48:17.276+1100] {logging_mixin.py:188} INFO - [2026-01-06T14:48:17.276+1100] {dag.py:3947} INFO - Setting next_dagrun for latest_only_with_trigger to 2026-01-05 20:00:00+00:00, run_after=2026-01-06 00:00:00+00:00
[2026-01-06T14:48:17.284+1100] {processor.py:183} INFO - Processing /Users/fionatham/Documents/Projects/vogue_data_pipeline/venv/lib/python3.11/site-packages/airflow/example_dags/example_latest_only_with_trigger.py took 0.066 seconds
[2026-01-06T14:50:16.037+1100] {processor.py:161} INFO - Started process (PID=93363) to work on /Users/fionatham/Documents/Projects/vogue_data_pipeline/venv/lib/python3.11/site-packages/airflow/example_dags/example_latest_only_with_trigger.py
[2026-01-06T14:50:16.038+1100] {processor.py:830} INFO - Processing file /Users/fionatham/Documents/Projects/vogue_data_pipeline/venv/lib/python3.11/site-packages/airflow/example_dags/example_latest_only_with_trigger.py for tasks to queue
[2026-01-06T14:50:16.038+1100] {logging_mixin.py:188} INFO - [2026-01-06T14:50:16.038+1100] {dagbag.py:545} INFO - Filling up the DagBag from /Users/fionatham/Documents/Projects/vogue_data_pipeline/venv/lib/python3.11/site-packages/airflow/example_dags/example_latest_only_with_trigger.py
[2026-01-06T14:50:16.042+1100] {processor.py:840} INFO - DAG(s) 'latest_only_with_trigger' retrieved from /Users/fionatham/Documents/Projects/vogue_data_pipeline/venv/lib/python3.11/site-packages/airflow/example_dags/example_latest_only_with_trigger.py
[2026-01-06T14:50:16.086+1100] {logging_mixin.py:188} INFO - [2026-01-06T14:50:16.086+1100] {dag.py:3089} INFO - Sync 1 DAGs
[2026-01-06T14:50:16.092+1100] {logging_mixin.py:188} INFO - [2026-01-06T14:50:16.092+1100] {dag.py:3947} INFO - Setting next_dagrun for latest_only_with_trigger to 2026-01-05 20:00:00+00:00, run_after=2026-01-06 00:00:00+00:00
[2026-01-06T14:50:16.100+1100] {processor.py:183} INFO - Processing /Users/fionatham/Documents/Projects/vogue_data_pipeline/venv/lib/python3.11/site-packages/airflow/example_dags/example_latest_only_with_trigger.py took 0.065 seconds
[2026-01-06T14:52:08.585+1100] {processor.py:161} INFO - Started process (PID=93471) to work on /Users/fionatham/Documents/Projects/vogue_data_pipeline/venv/lib/python3.11/site-packages/airflow/example_dags/example_latest_only_with_trigger.py
[2026-01-06T14:52:08.586+1100] {processor.py:830} INFO - Processing file /Users/fionatham/Documents/Projects/vogue_data_pipeline/venv/lib/python3.11/site-packages/airflow/example_dags/example_latest_only_with_trigger.py for tasks to queue
[2026-01-06T14:52:08.586+1100] {logging_mixin.py:188} INFO - [2026-01-06T14:52:08.586+1100] {dagbag.py:545} INFO - Filling up the DagBag from /Users/fionatham/Documents/Projects/vogue_data_pipeline/venv/lib/python3.11/site-packages/airflow/example_dags/example_latest_only_with_trigger.py
[2026-01-06T14:52:08.590+1100] {processor.py:840} INFO - DAG(s) 'latest_only_with_trigger' retrieved from /Users/fionatham/Documents/Projects/vogue_data_pipeline/venv/lib/python3.11/site-packages/airflow/example_dags/example_latest_only_with_trigger.py
[2026-01-06T14:52:08.637+1100] {logging_mixin.py:188} INFO - [2026-01-06T14:52:08.637+1100] {dag.py:3089} INFO - Sync 1 DAGs
[2026-01-06T14:52:08.644+1100] {logging_mixin.py:188} INFO - [2026-01-06T14:52:08.643+1100] {dag.py:3947} INFO - Setting next_dagrun for latest_only_with_trigger to 2026-01-05 20:00:00+00:00, run_after=2026-01-06 00:00:00+00:00
[2026-01-06T14:52:08.651+1100] {processor.py:183} INFO - Processing /Users/fionatham/Documents/Projects/vogue_data_pipeline/venv/lib/python3.11/site-packages/airflow/example_dags/example_latest_only_with_trigger.py took 0.068 seconds
[2026-01-06T14:54:04.360+1100] {processor.py:161} INFO - Started process (PID=93621) to work on /Users/fionatham/Documents/Projects/vogue_data_pipeline/venv/lib/python3.11/site-packages/airflow/example_dags/example_latest_only_with_trigger.py
[2026-01-06T14:54:04.361+1100] {processor.py:830} INFO - Processing file /Users/fionatham/Documents/Projects/vogue_data_pipeline/venv/lib/python3.11/site-packages/airflow/example_dags/example_latest_only_with_trigger.py for tasks to queue
[2026-01-06T14:54:04.361+1100] {logging_mixin.py:188} INFO - [2026-01-06T14:54:04.361+1100] {dagbag.py:545} INFO - Filling up the DagBag from /Users/fionatham/Documents/Projects/vogue_data_pipeline/venv/lib/python3.11/site-packages/airflow/example_dags/example_latest_only_with_trigger.py
[2026-01-06T14:54:04.364+1100] {processor.py:840} INFO - DAG(s) 'latest_only_with_trigger' retrieved from /Users/fionatham/Documents/Projects/vogue_data_pipeline/venv/lib/python3.11/site-packages/airflow/example_dags/example_latest_only_with_trigger.py
[2026-01-06T14:54:04.410+1100] {logging_mixin.py:188} INFO - [2026-01-06T14:54:04.410+1100] {dag.py:3089} INFO - Sync 1 DAGs
[2026-01-06T14:54:04.417+1100] {logging_mixin.py:188} INFO - [2026-01-06T14:54:04.416+1100] {dag.py:3947} INFO - Setting next_dagrun for latest_only_with_trigger to 2026-01-05 20:00:00+00:00, run_after=2026-01-06 00:00:00+00:00
[2026-01-06T14:54:04.424+1100] {processor.py:183} INFO - Processing /Users/fionatham/Documents/Projects/vogue_data_pipeline/venv/lib/python3.11/site-packages/airflow/example_dags/example_latest_only_with_trigger.py took 0.066 seconds
[2026-01-06T14:56:01.557+1100] {processor.py:161} INFO - Started process (PID=93769) to work on /Users/fionatham/Documents/Projects/vogue_data_pipeline/venv/lib/python3.11/site-packages/airflow/example_dags/example_latest_only_with_trigger.py
[2026-01-06T14:56:01.559+1100] {processor.py:830} INFO - Processing file /Users/fionatham/Documents/Projects/vogue_data_pipeline/venv/lib/python3.11/site-packages/airflow/example_dags/example_latest_only_with_trigger.py for tasks to queue
[2026-01-06T14:56:01.559+1100] {logging_mixin.py:188} INFO - [2026-01-06T14:56:01.559+1100] {dagbag.py:545} INFO - Filling up the DagBag from /Users/fionatham/Documents/Projects/vogue_data_pipeline/venv/lib/python3.11/site-packages/airflow/example_dags/example_latest_only_with_trigger.py
[2026-01-06T14:56:01.563+1100] {processor.py:840} INFO - DAG(s) 'latest_only_with_trigger' retrieved from /Users/fionatham/Documents/Projects/vogue_data_pipeline/venv/lib/python3.11/site-packages/airflow/example_dags/example_latest_only_with_trigger.py
[2026-01-06T14:56:01.608+1100] {logging_mixin.py:188} INFO - [2026-01-06T14:56:01.608+1100] {dag.py:3089} INFO - Sync 1 DAGs
[2026-01-06T14:56:01.614+1100] {logging_mixin.py:188} INFO - [2026-01-06T14:56:01.614+1100] {dag.py:3947} INFO - Setting next_dagrun for latest_only_with_trigger to 2026-01-05 20:00:00+00:00, run_after=2026-01-06 00:00:00+00:00
[2026-01-06T14:56:01.621+1100] {processor.py:183} INFO - Processing /Users/fionatham/Documents/Projects/vogue_data_pipeline/venv/lib/python3.11/site-packages/airflow/example_dags/example_latest_only_with_trigger.py took 0.065 seconds
[2026-01-06T14:58:00.595+1100] {processor.py:161} INFO - Started process (PID=93878) to work on /Users/fionatham/Documents/Projects/vogue_data_pipeline/venv/lib/python3.11/site-packages/airflow/example_dags/example_latest_only_with_trigger.py
[2026-01-06T14:58:00.596+1100] {processor.py:830} INFO - Processing file /Users/fionatham/Documents/Projects/vogue_data_pipeline/venv/lib/python3.11/site-packages/airflow/example_dags/example_latest_only_with_trigger.py for tasks to queue
[2026-01-06T14:58:00.596+1100] {logging_mixin.py:188} INFO - [2026-01-06T14:58:00.596+1100] {dagbag.py:545} INFO - Filling up the DagBag from /Users/fionatham/Documents/Projects/vogue_data_pipeline/venv/lib/python3.11/site-packages/airflow/example_dags/example_latest_only_with_trigger.py
[2026-01-06T14:58:00.600+1100] {processor.py:840} INFO - DAG(s) 'latest_only_with_trigger' retrieved from /Users/fionatham/Documents/Projects/vogue_data_pipeline/venv/lib/python3.11/site-packages/airflow/example_dags/example_latest_only_with_trigger.py
[2026-01-06T14:58:00.643+1100] {logging_mixin.py:188} INFO - [2026-01-06T14:58:00.643+1100] {dag.py:3089} INFO - Sync 1 DAGs
[2026-01-06T14:58:00.649+1100] {logging_mixin.py:188} INFO - [2026-01-06T14:58:00.649+1100] {dag.py:3947} INFO - Setting next_dagrun for latest_only_with_trigger to 2026-01-05 20:00:00+00:00, run_after=2026-01-06 00:00:00+00:00
[2026-01-06T14:58:00.656+1100] {processor.py:183} INFO - Processing /Users/fionatham/Documents/Projects/vogue_data_pipeline/venv/lib/python3.11/site-packages/airflow/example_dags/example_latest_only_with_trigger.py took 0.062 seconds
[2026-01-06T14:59:58.536+1100] {processor.py:161} INFO - Started process (PID=94065) to work on /Users/fionatham/Documents/Projects/vogue_data_pipeline/venv/lib/python3.11/site-packages/airflow/example_dags/example_latest_only_with_trigger.py
[2026-01-06T14:59:58.538+1100] {processor.py:830} INFO - Processing file /Users/fionatham/Documents/Projects/vogue_data_pipeline/venv/lib/python3.11/site-packages/airflow/example_dags/example_latest_only_with_trigger.py for tasks to queue
[2026-01-06T14:59:58.538+1100] {logging_mixin.py:188} INFO - [2026-01-06T14:59:58.538+1100] {dagbag.py:545} INFO - Filling up the DagBag from /Users/fionatham/Documents/Projects/vogue_data_pipeline/venv/lib/python3.11/site-packages/airflow/example_dags/example_latest_only_with_trigger.py
[2026-01-06T14:59:58.542+1100] {processor.py:840} INFO - DAG(s) 'latest_only_with_trigger' retrieved from /Users/fionatham/Documents/Projects/vogue_data_pipeline/venv/lib/python3.11/site-packages/airflow/example_dags/example_latest_only_with_trigger.py
[2026-01-06T14:59:58.587+1100] {logging_mixin.py:188} INFO - [2026-01-06T14:59:58.587+1100] {dag.py:3089} INFO - Sync 1 DAGs
[2026-01-06T14:59:58.595+1100] {logging_mixin.py:188} INFO - [2026-01-06T14:59:58.595+1100] {dag.py:3947} INFO - Setting next_dagrun for latest_only_with_trigger to 2026-01-05 20:00:00+00:00, run_after=2026-01-06 00:00:00+00:00
[2026-01-06T14:59:58.604+1100] {processor.py:183} INFO - Processing /Users/fionatham/Documents/Projects/vogue_data_pipeline/venv/lib/python3.11/site-packages/airflow/example_dags/example_latest_only_with_trigger.py took 0.069 seconds
[2026-01-06T15:01:57.345+1100] {processor.py:161} INFO - Started process (PID=94198) to work on /Users/fionatham/Documents/Projects/vogue_data_pipeline/venv/lib/python3.11/site-packages/airflow/example_dags/example_latest_only_with_trigger.py
[2026-01-06T15:01:57.346+1100] {processor.py:830} INFO - Processing file /Users/fionatham/Documents/Projects/vogue_data_pipeline/venv/lib/python3.11/site-packages/airflow/example_dags/example_latest_only_with_trigger.py for tasks to queue
[2026-01-06T15:01:57.346+1100] {logging_mixin.py:188} INFO - [2026-01-06T15:01:57.346+1100] {dagbag.py:545} INFO - Filling up the DagBag from /Users/fionatham/Documents/Projects/vogue_data_pipeline/venv/lib/python3.11/site-packages/airflow/example_dags/example_latest_only_with_trigger.py
[2026-01-06T15:01:57.350+1100] {processor.py:840} INFO - DAG(s) 'latest_only_with_trigger' retrieved from /Users/fionatham/Documents/Projects/vogue_data_pipeline/venv/lib/python3.11/site-packages/airflow/example_dags/example_latest_only_with_trigger.py
[2026-01-06T15:01:57.394+1100] {logging_mixin.py:188} INFO - [2026-01-06T15:01:57.394+1100] {dag.py:3089} INFO - Sync 1 DAGs
[2026-01-06T15:01:57.401+1100] {logging_mixin.py:188} INFO - [2026-01-06T15:01:57.400+1100] {dag.py:3947} INFO - Setting next_dagrun for latest_only_with_trigger to 2026-01-06 00:00:00+00:00, run_after=2026-01-06 04:00:00+00:00
[2026-01-06T15:01:57.409+1100] {processor.py:183} INFO - Processing /Users/fionatham/Documents/Projects/vogue_data_pipeline/venv/lib/python3.11/site-packages/airflow/example_dags/example_latest_only_with_trigger.py took 0.066 seconds
[2026-01-06T15:03:57.952+1100] {processor.py:161} INFO - Started process (PID=94550) to work on /Users/fionatham/Documents/Projects/vogue_data_pipeline/venv/lib/python3.11/site-packages/airflow/example_dags/example_latest_only_with_trigger.py
[2026-01-06T15:03:57.953+1100] {processor.py:830} INFO - Processing file /Users/fionatham/Documents/Projects/vogue_data_pipeline/venv/lib/python3.11/site-packages/airflow/example_dags/example_latest_only_with_trigger.py for tasks to queue
[2026-01-06T15:03:57.953+1100] {logging_mixin.py:188} INFO - [2026-01-06T15:03:57.953+1100] {dagbag.py:545} INFO - Filling up the DagBag from /Users/fionatham/Documents/Projects/vogue_data_pipeline/venv/lib/python3.11/site-packages/airflow/example_dags/example_latest_only_with_trigger.py
[2026-01-06T15:03:57.957+1100] {processor.py:840} INFO - DAG(s) 'latest_only_with_trigger' retrieved from /Users/fionatham/Documents/Projects/vogue_data_pipeline/venv/lib/python3.11/site-packages/airflow/example_dags/example_latest_only_with_trigger.py
[2026-01-06T15:03:58.003+1100] {logging_mixin.py:188} INFO - [2026-01-06T15:03:58.003+1100] {dag.py:3089} INFO - Sync 1 DAGs
[2026-01-06T15:03:58.009+1100] {logging_mixin.py:188} INFO - [2026-01-06T15:03:58.009+1100] {dag.py:3947} INFO - Setting next_dagrun for latest_only_with_trigger to 2026-01-06 00:00:00+00:00, run_after=2026-01-06 04:00:00+00:00
[2026-01-06T15:03:58.019+1100] {processor.py:183} INFO - Processing /Users/fionatham/Documents/Projects/vogue_data_pipeline/venv/lib/python3.11/site-packages/airflow/example_dags/example_latest_only_with_trigger.py took 0.069 seconds
[2026-01-06T15:05:56.388+1100] {processor.py:161} INFO - Started process (PID=94643) to work on /Users/fionatham/Documents/Projects/vogue_data_pipeline/venv/lib/python3.11/site-packages/airflow/example_dags/example_latest_only_with_trigger.py
[2026-01-06T15:05:56.389+1100] {processor.py:830} INFO - Processing file /Users/fionatham/Documents/Projects/vogue_data_pipeline/venv/lib/python3.11/site-packages/airflow/example_dags/example_latest_only_with_trigger.py for tasks to queue
[2026-01-06T15:05:56.390+1100] {logging_mixin.py:188} INFO - [2026-01-06T15:05:56.389+1100] {dagbag.py:545} INFO - Filling up the DagBag from /Users/fionatham/Documents/Projects/vogue_data_pipeline/venv/lib/python3.11/site-packages/airflow/example_dags/example_latest_only_with_trigger.py
[2026-01-06T15:05:56.394+1100] {processor.py:840} INFO - DAG(s) 'latest_only_with_trigger' retrieved from /Users/fionatham/Documents/Projects/vogue_data_pipeline/venv/lib/python3.11/site-packages/airflow/example_dags/example_latest_only_with_trigger.py
[2026-01-06T15:05:56.436+1100] {logging_mixin.py:188} INFO - [2026-01-06T15:05:56.436+1100] {dag.py:3089} INFO - Sync 1 DAGs
[2026-01-06T15:05:56.443+1100] {logging_mixin.py:188} INFO - [2026-01-06T15:05:56.442+1100] {dag.py:3947} INFO - Setting next_dagrun for latest_only_with_trigger to 2026-01-06 00:00:00+00:00, run_after=2026-01-06 04:00:00+00:00
[2026-01-06T15:05:56.454+1100] {processor.py:183} INFO - Processing /Users/fionatham/Documents/Projects/vogue_data_pipeline/venv/lib/python3.11/site-packages/airflow/example_dags/example_latest_only_with_trigger.py took 0.067 seconds
[2026-01-06T15:12:57.270+1100] {processor.py:161} INFO - Started process (PID=95282) to work on /Users/fionatham/Documents/Projects/vogue_data_pipeline/venv/lib/python3.11/site-packages/airflow/example_dags/example_latest_only_with_trigger.py
[2026-01-06T15:12:57.271+1100] {processor.py:830} INFO - Processing file /Users/fionatham/Documents/Projects/vogue_data_pipeline/venv/lib/python3.11/site-packages/airflow/example_dags/example_latest_only_with_trigger.py for tasks to queue
[2026-01-06T15:12:57.271+1100] {logging_mixin.py:188} INFO - [2026-01-06T15:12:57.271+1100] {dagbag.py:545} INFO - Filling up the DagBag from /Users/fionatham/Documents/Projects/vogue_data_pipeline/venv/lib/python3.11/site-packages/airflow/example_dags/example_latest_only_with_trigger.py
[2026-01-06T15:12:57.275+1100] {processor.py:840} INFO - DAG(s) 'latest_only_with_trigger' retrieved from /Users/fionatham/Documents/Projects/vogue_data_pipeline/venv/lib/python3.11/site-packages/airflow/example_dags/example_latest_only_with_trigger.py
[2026-01-06T15:12:57.321+1100] {logging_mixin.py:188} INFO - [2026-01-06T15:12:57.320+1100] {dag.py:3089} INFO - Sync 1 DAGs
[2026-01-06T15:12:57.328+1100] {logging_mixin.py:188} INFO - [2026-01-06T15:12:57.328+1100] {dag.py:3947} INFO - Setting next_dagrun for latest_only_with_trigger to 2026-01-06 00:00:00+00:00, run_after=2026-01-06 04:00:00+00:00
[2026-01-06T15:12:57.335+1100] {processor.py:183} INFO - Processing /Users/fionatham/Documents/Projects/vogue_data_pipeline/venv/lib/python3.11/site-packages/airflow/example_dags/example_latest_only_with_trigger.py took 0.066 seconds
[2026-01-06T15:31:56.588+1100] {processor.py:161} INFO - Started process (PID=95488) to work on /Users/fionatham/Documents/Projects/vogue_data_pipeline/venv/lib/python3.11/site-packages/airflow/example_dags/example_latest_only_with_trigger.py
[2026-01-06T15:31:56.588+1100] {processor.py:830} INFO - Processing file /Users/fionatham/Documents/Projects/vogue_data_pipeline/venv/lib/python3.11/site-packages/airflow/example_dags/example_latest_only_with_trigger.py for tasks to queue
[2026-01-06T15:31:56.589+1100] {logging_mixin.py:188} INFO - [2026-01-06T15:31:56.589+1100] {dagbag.py:545} INFO - Filling up the DagBag from /Users/fionatham/Documents/Projects/vogue_data_pipeline/venv/lib/python3.11/site-packages/airflow/example_dags/example_latest_only_with_trigger.py
[2026-01-06T15:31:56.592+1100] {processor.py:840} INFO - DAG(s) 'latest_only_with_trigger' retrieved from /Users/fionatham/Documents/Projects/vogue_data_pipeline/venv/lib/python3.11/site-packages/airflow/example_dags/example_latest_only_with_trigger.py
[2026-01-06T15:31:56.635+1100] {logging_mixin.py:188} INFO - [2026-01-06T15:31:56.635+1100] {dag.py:3089} INFO - Sync 1 DAGs
[2026-01-06T15:31:56.641+1100] {logging_mixin.py:188} INFO - [2026-01-06T15:31:56.641+1100] {dag.py:3947} INFO - Setting next_dagrun for latest_only_with_trigger to 2026-01-06 00:00:00+00:00, run_after=2026-01-06 04:00:00+00:00
[2026-01-06T15:31:56.650+1100] {processor.py:183} INFO - Processing /Users/fionatham/Documents/Projects/vogue_data_pipeline/venv/lib/python3.11/site-packages/airflow/example_dags/example_latest_only_with_trigger.py took 0.063 seconds
[2026-01-06T18:32:09.853+1100] {processor.py:161} INFO - Started process (PID=95592) to work on /Users/fionatham/Documents/Projects/vogue_data_pipeline/venv/lib/python3.11/site-packages/airflow/example_dags/example_latest_only_with_trigger.py
[2026-01-06T18:32:09.854+1100] {processor.py:830} INFO - Processing file /Users/fionatham/Documents/Projects/vogue_data_pipeline/venv/lib/python3.11/site-packages/airflow/example_dags/example_latest_only_with_trigger.py for tasks to queue
[2026-01-06T18:32:09.854+1100] {logging_mixin.py:188} INFO - [2026-01-06T18:32:09.854+1100] {dagbag.py:545} INFO - Filling up the DagBag from /Users/fionatham/Documents/Projects/vogue_data_pipeline/venv/lib/python3.11/site-packages/airflow/example_dags/example_latest_only_with_trigger.py
[2026-01-06T18:32:09.859+1100] {processor.py:840} INFO - DAG(s) 'latest_only_with_trigger' retrieved from /Users/fionatham/Documents/Projects/vogue_data_pipeline/venv/lib/python3.11/site-packages/airflow/example_dags/example_latest_only_with_trigger.py
[2026-01-06T18:32:09.903+1100] {logging_mixin.py:188} INFO - [2026-01-06T18:32:09.903+1100] {dag.py:3089} INFO - Sync 1 DAGs
[2026-01-06T18:32:09.911+1100] {logging_mixin.py:188} INFO - [2026-01-06T18:32:09.911+1100] {dag.py:3947} INFO - Setting next_dagrun for latest_only_with_trigger to 2026-01-06 00:00:00+00:00, run_after=2026-01-06 04:00:00+00:00
[2026-01-06T18:32:09.919+1100] {processor.py:183} INFO - Processing /Users/fionatham/Documents/Projects/vogue_data_pipeline/venv/lib/python3.11/site-packages/airflow/example_dags/example_latest_only_with_trigger.py took 0.067 seconds
[2026-01-06T20:51:54.425+1100] {processor.py:161} INFO - Started process (PID=95749) to work on /Users/fionatham/Documents/Projects/vogue_data_pipeline/venv/lib/python3.11/site-packages/airflow/example_dags/example_latest_only_with_trigger.py
[2026-01-06T20:51:54.426+1100] {processor.py:830} INFO - Processing file /Users/fionatham/Documents/Projects/vogue_data_pipeline/venv/lib/python3.11/site-packages/airflow/example_dags/example_latest_only_with_trigger.py for tasks to queue
[2026-01-06T20:51:54.426+1100] {logging_mixin.py:188} INFO - [2026-01-06T20:51:54.426+1100] {dagbag.py:545} INFO - Filling up the DagBag from /Users/fionatham/Documents/Projects/vogue_data_pipeline/venv/lib/python3.11/site-packages/airflow/example_dags/example_latest_only_with_trigger.py
[2026-01-06T20:51:54.430+1100] {processor.py:840} INFO - DAG(s) 'latest_only_with_trigger' retrieved from /Users/fionatham/Documents/Projects/vogue_data_pipeline/venv/lib/python3.11/site-packages/airflow/example_dags/example_latest_only_with_trigger.py
[2026-01-06T20:51:54.475+1100] {logging_mixin.py:188} INFO - [2026-01-06T20:51:54.474+1100] {dag.py:3089} INFO - Sync 1 DAGs
[2026-01-06T20:51:54.481+1100] {logging_mixin.py:188} INFO - [2026-01-06T20:51:54.481+1100] {dag.py:3947} INFO - Setting next_dagrun for latest_only_with_trigger to 2026-01-06 04:00:00+00:00, run_after=2026-01-06 08:00:00+00:00
[2026-01-06T20:51:54.489+1100] {processor.py:183} INFO - Processing /Users/fionatham/Documents/Projects/vogue_data_pipeline/venv/lib/python3.11/site-packages/airflow/example_dags/example_latest_only_with_trigger.py took 0.065 seconds
[2026-01-06T22:06:37.594+1100] {processor.py:161} INFO - Started process (PID=95878) to work on /Users/fionatham/Documents/Projects/vogue_data_pipeline/venv/lib/python3.11/site-packages/airflow/example_dags/example_latest_only_with_trigger.py
[2026-01-06T22:06:37.595+1100] {processor.py:830} INFO - Processing file /Users/fionatham/Documents/Projects/vogue_data_pipeline/venv/lib/python3.11/site-packages/airflow/example_dags/example_latest_only_with_trigger.py for tasks to queue
[2026-01-06T22:06:37.595+1100] {logging_mixin.py:188} INFO - [2026-01-06T22:06:37.595+1100] {dagbag.py:545} INFO - Filling up the DagBag from /Users/fionatham/Documents/Projects/vogue_data_pipeline/venv/lib/python3.11/site-packages/airflow/example_dags/example_latest_only_with_trigger.py
[2026-01-06T22:06:37.599+1100] {processor.py:840} INFO - DAG(s) 'latest_only_with_trigger' retrieved from /Users/fionatham/Documents/Projects/vogue_data_pipeline/venv/lib/python3.11/site-packages/airflow/example_dags/example_latest_only_with_trigger.py
[2026-01-06T22:06:37.643+1100] {logging_mixin.py:188} INFO - [2026-01-06T22:06:37.642+1100] {dag.py:3089} INFO - Sync 1 DAGs
[2026-01-06T22:06:37.649+1100] {logging_mixin.py:188} INFO - [2026-01-06T22:06:37.648+1100] {dag.py:3947} INFO - Setting next_dagrun for latest_only_with_trigger to 2026-01-06 04:00:00+00:00, run_after=2026-01-06 08:00:00+00:00
[2026-01-06T22:06:37.657+1100] {processor.py:183} INFO - Processing /Users/fionatham/Documents/Projects/vogue_data_pipeline/venv/lib/python3.11/site-packages/airflow/example_dags/example_latest_only_with_trigger.py took 0.064 seconds
[2026-01-06T23:56:54.043+1100] {processor.py:161} INFO - Started process (PID=96013) to work on /Users/fionatham/Documents/Projects/vogue_data_pipeline/venv/lib/python3.11/site-packages/airflow/example_dags/example_latest_only_with_trigger.py
[2026-01-06T23:56:54.043+1100] {processor.py:830} INFO - Processing file /Users/fionatham/Documents/Projects/vogue_data_pipeline/venv/lib/python3.11/site-packages/airflow/example_dags/example_latest_only_with_trigger.py for tasks to queue
[2026-01-06T23:56:54.044+1100] {logging_mixin.py:188} INFO - [2026-01-06T23:56:54.043+1100] {dagbag.py:545} INFO - Filling up the DagBag from /Users/fionatham/Documents/Projects/vogue_data_pipeline/venv/lib/python3.11/site-packages/airflow/example_dags/example_latest_only_with_trigger.py
[2026-01-06T23:56:54.048+1100] {processor.py:840} INFO - DAG(s) 'latest_only_with_trigger' retrieved from /Users/fionatham/Documents/Projects/vogue_data_pipeline/venv/lib/python3.11/site-packages/airflow/example_dags/example_latest_only_with_trigger.py
[2026-01-06T23:56:54.113+1100] {logging_mixin.py:188} INFO - [2026-01-06T23:56:54.113+1100] {dag.py:3089} INFO - Sync 1 DAGs
[2026-01-06T23:56:54.134+1100] {logging_mixin.py:188} INFO - [2026-01-06T23:56:54.134+1100] {dag.py:3947} INFO - Setting next_dagrun for latest_only_with_trigger to 2026-01-06 08:00:00+00:00, run_after=2026-01-06 12:00:00+00:00
[2026-01-06T23:56:54.156+1100] {processor.py:183} INFO - Processing /Users/fionatham/Documents/Projects/vogue_data_pipeline/venv/lib/python3.11/site-packages/airflow/example_dags/example_latest_only_with_trigger.py took 0.115 seconds
