[2026-01-06T13:57:53.358+1100] {processor.py:161} INFO - Started process (PID=85440) to work on /Users/fionatham/Documents/Projects/vogue_data_pipeline/venv/lib/python3.11/site-packages/airflow/example_dags/example_branch_operator.py
[2026-01-06T13:57:53.359+1100] {processor.py:830} INFO - Processing file /Users/fionatham/Documents/Projects/vogue_data_pipeline/venv/lib/python3.11/site-packages/airflow/example_dags/example_branch_operator.py for tasks to queue
[2026-01-06T13:57:53.360+1100] {logging_mixin.py:188} INFO - [2026-01-06T13:57:53.360+1100] {dagbag.py:545} INFO - Filling up the DagBag from /Users/fionatham/Documents/Projects/vogue_data_pipeline/venv/lib/python3.11/site-packages/airflow/example_dags/example_branch_operator.py
[2026-01-06T13:57:53.379+1100] {processor.py:842} WARNING - No viable dags retrieved from /Users/fionatham/Documents/Projects/vogue_data_pipeline/venv/lib/python3.11/site-packages/airflow/example_dags/example_branch_operator.py
[2026-01-06T13:57:53.414+1100] {processor.py:183} INFO - Processing /Users/fionatham/Documents/Projects/vogue_data_pipeline/venv/lib/python3.11/site-packages/airflow/example_dags/example_branch_operator.py took 0.058 seconds
[2026-01-06T13:59:53.181+1100] {processor.py:161} INFO - Started process (PID=86805) to work on /Users/fionatham/Documents/Projects/vogue_data_pipeline/venv/lib/python3.11/site-packages/airflow/example_dags/example_branch_operator.py
[2026-01-06T13:59:53.181+1100] {processor.py:830} INFO - Processing file /Users/fionatham/Documents/Projects/vogue_data_pipeline/venv/lib/python3.11/site-packages/airflow/example_dags/example_branch_operator.py for tasks to queue
[2026-01-06T13:59:53.182+1100] {logging_mixin.py:188} INFO - [2026-01-06T13:59:53.182+1100] {dagbag.py:545} INFO - Filling up the DagBag from /Users/fionatham/Documents/Projects/vogue_data_pipeline/venv/lib/python3.11/site-packages/airflow/example_dags/example_branch_operator.py
[2026-01-06T13:59:53.192+1100] {processor.py:842} WARNING - No viable dags retrieved from /Users/fionatham/Documents/Projects/vogue_data_pipeline/venv/lib/python3.11/site-packages/airflow/example_dags/example_branch_operator.py
[2026-01-06T13:59:53.222+1100] {processor.py:183} INFO - Processing /Users/fionatham/Documents/Projects/vogue_data_pipeline/venv/lib/python3.11/site-packages/airflow/example_dags/example_branch_operator.py took 0.043 seconds
[2026-01-06T14:01:55.001+1100] {processor.py:161} INFO - Started process (PID=87061) to work on /Users/fionatham/Documents/Projects/vogue_data_pipeline/venv/lib/python3.11/site-packages/airflow/example_dags/example_branch_operator.py
[2026-01-06T14:01:55.001+1100] {processor.py:830} INFO - Processing file /Users/fionatham/Documents/Projects/vogue_data_pipeline/venv/lib/python3.11/site-packages/airflow/example_dags/example_branch_operator.py for tasks to queue
[2026-01-06T14:01:55.002+1100] {logging_mixin.py:188} INFO - [2026-01-06T14:01:55.002+1100] {dagbag.py:545} INFO - Filling up the DagBag from /Users/fionatham/Documents/Projects/vogue_data_pipeline/venv/lib/python3.11/site-packages/airflow/example_dags/example_branch_operator.py
[2026-01-06T14:01:55.013+1100] {processor.py:842} WARNING - No viable dags retrieved from /Users/fionatham/Documents/Projects/vogue_data_pipeline/venv/lib/python3.11/site-packages/airflow/example_dags/example_branch_operator.py
[2026-01-06T14:01:55.045+1100] {processor.py:183} INFO - Processing /Users/fionatham/Documents/Projects/vogue_data_pipeline/venv/lib/python3.11/site-packages/airflow/example_dags/example_branch_operator.py took 0.046 seconds
[2026-01-06T14:03:58.274+1100] {processor.py:161} INFO - Started process (PID=87231) to work on /Users/fionatham/Documents/Projects/vogue_data_pipeline/venv/lib/python3.11/site-packages/airflow/example_dags/example_branch_operator.py
[2026-01-06T14:03:58.276+1100] {processor.py:830} INFO - Processing file /Users/fionatham/Documents/Projects/vogue_data_pipeline/venv/lib/python3.11/site-packages/airflow/example_dags/example_branch_operator.py for tasks to queue
[2026-01-06T14:03:58.276+1100] {logging_mixin.py:188} INFO - [2026-01-06T14:03:58.276+1100] {dagbag.py:545} INFO - Filling up the DagBag from /Users/fionatham/Documents/Projects/vogue_data_pipeline/venv/lib/python3.11/site-packages/airflow/example_dags/example_branch_operator.py
[2026-01-06T14:03:58.287+1100] {processor.py:842} WARNING - No viable dags retrieved from /Users/fionatham/Documents/Projects/vogue_data_pipeline/venv/lib/python3.11/site-packages/airflow/example_dags/example_branch_operator.py
[2026-01-06T14:03:58.318+1100] {processor.py:183} INFO - Processing /Users/fionatham/Documents/Projects/vogue_data_pipeline/venv/lib/python3.11/site-packages/airflow/example_dags/example_branch_operator.py took 0.045 seconds
[2026-01-06T14:05:56.753+1100] {processor.py:161} INFO - Started process (PID=87460) to work on /Users/fionatham/Documents/Projects/vogue_data_pipeline/venv/lib/python3.11/site-packages/airflow/example_dags/example_branch_operator.py
[2026-01-06T14:05:56.754+1100] {processor.py:830} INFO - Processing file /Users/fionatham/Documents/Projects/vogue_data_pipeline/venv/lib/python3.11/site-packages/airflow/example_dags/example_branch_operator.py for tasks to queue
[2026-01-06T14:05:56.754+1100] {logging_mixin.py:188} INFO - [2026-01-06T14:05:56.754+1100] {dagbag.py:545} INFO - Filling up the DagBag from /Users/fionatham/Documents/Projects/vogue_data_pipeline/venv/lib/python3.11/site-packages/airflow/example_dags/example_branch_operator.py
[2026-01-06T14:05:56.764+1100] {processor.py:842} WARNING - No viable dags retrieved from /Users/fionatham/Documents/Projects/vogue_data_pipeline/venv/lib/python3.11/site-packages/airflow/example_dags/example_branch_operator.py
[2026-01-06T14:05:56.795+1100] {processor.py:183} INFO - Processing /Users/fionatham/Documents/Projects/vogue_data_pipeline/venv/lib/python3.11/site-packages/airflow/example_dags/example_branch_operator.py took 0.043 seconds
[2026-01-06T14:07:59.717+1100] {processor.py:161} INFO - Started process (PID=87643) to work on /Users/fionatham/Documents/Projects/vogue_data_pipeline/venv/lib/python3.11/site-packages/airflow/example_dags/example_branch_operator.py
[2026-01-06T14:07:59.718+1100] {processor.py:830} INFO - Processing file /Users/fionatham/Documents/Projects/vogue_data_pipeline/venv/lib/python3.11/site-packages/airflow/example_dags/example_branch_operator.py for tasks to queue
[2026-01-06T14:07:59.719+1100] {logging_mixin.py:188} INFO - [2026-01-06T14:07:59.718+1100] {dagbag.py:545} INFO - Filling up the DagBag from /Users/fionatham/Documents/Projects/vogue_data_pipeline/venv/lib/python3.11/site-packages/airflow/example_dags/example_branch_operator.py
[2026-01-06T14:07:59.728+1100] {processor.py:842} WARNING - No viable dags retrieved from /Users/fionatham/Documents/Projects/vogue_data_pipeline/venv/lib/python3.11/site-packages/airflow/example_dags/example_branch_operator.py
[2026-01-06T14:07:59.757+1100] {processor.py:183} INFO - Processing /Users/fionatham/Documents/Projects/vogue_data_pipeline/venv/lib/python3.11/site-packages/airflow/example_dags/example_branch_operator.py took 0.041 seconds
[2026-01-06T14:09:55.908+1100] {processor.py:161} INFO - Started process (PID=87743) to work on /Users/fionatham/Documents/Projects/vogue_data_pipeline/venv/lib/python3.11/site-packages/airflow/example_dags/example_branch_operator.py
[2026-01-06T14:09:55.909+1100] {processor.py:830} INFO - Processing file /Users/fionatham/Documents/Projects/vogue_data_pipeline/venv/lib/python3.11/site-packages/airflow/example_dags/example_branch_operator.py for tasks to queue
[2026-01-06T14:09:55.910+1100] {logging_mixin.py:188} INFO - [2026-01-06T14:09:55.910+1100] {dagbag.py:545} INFO - Filling up the DagBag from /Users/fionatham/Documents/Projects/vogue_data_pipeline/venv/lib/python3.11/site-packages/airflow/example_dags/example_branch_operator.py
[2026-01-06T14:09:55.920+1100] {processor.py:842} WARNING - No viable dags retrieved from /Users/fionatham/Documents/Projects/vogue_data_pipeline/venv/lib/python3.11/site-packages/airflow/example_dags/example_branch_operator.py
[2026-01-06T14:09:55.951+1100] {processor.py:183} INFO - Processing /Users/fionatham/Documents/Projects/vogue_data_pipeline/venv/lib/python3.11/site-packages/airflow/example_dags/example_branch_operator.py took 0.045 seconds
[2026-01-06T14:11:53.254+1100] {processor.py:161} INFO - Started process (PID=87902) to work on /Users/fionatham/Documents/Projects/vogue_data_pipeline/venv/lib/python3.11/site-packages/airflow/example_dags/example_branch_operator.py
[2026-01-06T14:11:53.256+1100] {processor.py:830} INFO - Processing file /Users/fionatham/Documents/Projects/vogue_data_pipeline/venv/lib/python3.11/site-packages/airflow/example_dags/example_branch_operator.py for tasks to queue
[2026-01-06T14:11:53.256+1100] {logging_mixin.py:188} INFO - [2026-01-06T14:11:53.256+1100] {dagbag.py:545} INFO - Filling up the DagBag from /Users/fionatham/Documents/Projects/vogue_data_pipeline/venv/lib/python3.11/site-packages/airflow/example_dags/example_branch_operator.py
[2026-01-06T14:11:53.266+1100] {processor.py:842} WARNING - No viable dags retrieved from /Users/fionatham/Documents/Projects/vogue_data_pipeline/venv/lib/python3.11/site-packages/airflow/example_dags/example_branch_operator.py
[2026-01-06T14:11:53.299+1100] {processor.py:183} INFO - Processing /Users/fionatham/Documents/Projects/vogue_data_pipeline/venv/lib/python3.11/site-packages/airflow/example_dags/example_branch_operator.py took 0.046 seconds
[2026-01-06T14:13:59.131+1100] {processor.py:161} INFO - Started process (PID=88054) to work on /Users/fionatham/Documents/Projects/vogue_data_pipeline/venv/lib/python3.11/site-packages/airflow/example_dags/example_branch_operator.py
[2026-01-06T14:13:59.132+1100] {processor.py:830} INFO - Processing file /Users/fionatham/Documents/Projects/vogue_data_pipeline/venv/lib/python3.11/site-packages/airflow/example_dags/example_branch_operator.py for tasks to queue
[2026-01-06T14:13:59.132+1100] {logging_mixin.py:188} INFO - [2026-01-06T14:13:59.132+1100] {dagbag.py:545} INFO - Filling up the DagBag from /Users/fionatham/Documents/Projects/vogue_data_pipeline/venv/lib/python3.11/site-packages/airflow/example_dags/example_branch_operator.py
[2026-01-06T14:13:59.143+1100] {processor.py:842} WARNING - No viable dags retrieved from /Users/fionatham/Documents/Projects/vogue_data_pipeline/venv/lib/python3.11/site-packages/airflow/example_dags/example_branch_operator.py
[2026-01-06T14:13:59.174+1100] {processor.py:183} INFO - Processing /Users/fionatham/Documents/Projects/vogue_data_pipeline/venv/lib/python3.11/site-packages/airflow/example_dags/example_branch_operator.py took 0.045 seconds
[2026-01-06T14:15:59.751+1100] {processor.py:161} INFO - Started process (PID=88972) to work on /Users/fionatham/Documents/Projects/vogue_data_pipeline/venv/lib/python3.11/site-packages/airflow/example_dags/example_branch_operator.py
[2026-01-06T14:15:59.751+1100] {processor.py:830} INFO - Processing file /Users/fionatham/Documents/Projects/vogue_data_pipeline/venv/lib/python3.11/site-packages/airflow/example_dags/example_branch_operator.py for tasks to queue
[2026-01-06T14:15:59.752+1100] {logging_mixin.py:188} INFO - [2026-01-06T14:15:59.752+1100] {dagbag.py:545} INFO - Filling up the DagBag from /Users/fionatham/Documents/Projects/vogue_data_pipeline/venv/lib/python3.11/site-packages/airflow/example_dags/example_branch_operator.py
[2026-01-06T14:15:59.762+1100] {processor.py:842} WARNING - No viable dags retrieved from /Users/fionatham/Documents/Projects/vogue_data_pipeline/venv/lib/python3.11/site-packages/airflow/example_dags/example_branch_operator.py
[2026-01-06T14:15:59.793+1100] {processor.py:183} INFO - Processing /Users/fionatham/Documents/Projects/vogue_data_pipeline/venv/lib/python3.11/site-packages/airflow/example_dags/example_branch_operator.py took 0.043 seconds
[2026-01-06T14:17:52.625+1100] {processor.py:161} INFO - Started process (PID=89399) to work on /Users/fionatham/Documents/Projects/vogue_data_pipeline/venv/lib/python3.11/site-packages/airflow/example_dags/example_branch_operator.py
[2026-01-06T14:17:52.626+1100] {processor.py:830} INFO - Processing file /Users/fionatham/Documents/Projects/vogue_data_pipeline/venv/lib/python3.11/site-packages/airflow/example_dags/example_branch_operator.py for tasks to queue
[2026-01-06T14:17:52.626+1100] {logging_mixin.py:188} INFO - [2026-01-06T14:17:52.626+1100] {dagbag.py:545} INFO - Filling up the DagBag from /Users/fionatham/Documents/Projects/vogue_data_pipeline/venv/lib/python3.11/site-packages/airflow/example_dags/example_branch_operator.py
[2026-01-06T14:17:52.636+1100] {processor.py:842} WARNING - No viable dags retrieved from /Users/fionatham/Documents/Projects/vogue_data_pipeline/venv/lib/python3.11/site-packages/airflow/example_dags/example_branch_operator.py
[2026-01-06T14:17:52.666+1100] {processor.py:183} INFO - Processing /Users/fionatham/Documents/Projects/vogue_data_pipeline/venv/lib/python3.11/site-packages/airflow/example_dags/example_branch_operator.py took 0.042 seconds
[2026-01-06T14:19:54.693+1100] {processor.py:161} INFO - Started process (PID=89964) to work on /Users/fionatham/Documents/Projects/vogue_data_pipeline/venv/lib/python3.11/site-packages/airflow/example_dags/example_branch_operator.py
[2026-01-06T14:19:54.694+1100] {processor.py:830} INFO - Processing file /Users/fionatham/Documents/Projects/vogue_data_pipeline/venv/lib/python3.11/site-packages/airflow/example_dags/example_branch_operator.py for tasks to queue
[2026-01-06T14:19:54.694+1100] {logging_mixin.py:188} INFO - [2026-01-06T14:19:54.694+1100] {dagbag.py:545} INFO - Filling up the DagBag from /Users/fionatham/Documents/Projects/vogue_data_pipeline/venv/lib/python3.11/site-packages/airflow/example_dags/example_branch_operator.py
[2026-01-06T14:19:54.704+1100] {processor.py:842} WARNING - No viable dags retrieved from /Users/fionatham/Documents/Projects/vogue_data_pipeline/venv/lib/python3.11/site-packages/airflow/example_dags/example_branch_operator.py
[2026-01-06T14:19:54.733+1100] {processor.py:183} INFO - Processing /Users/fionatham/Documents/Projects/vogue_data_pipeline/venv/lib/python3.11/site-packages/airflow/example_dags/example_branch_operator.py took 0.042 seconds
[2026-01-06T14:21:56.027+1100] {processor.py:161} INFO - Started process (PID=90047) to work on /Users/fionatham/Documents/Projects/vogue_data_pipeline/venv/lib/python3.11/site-packages/airflow/example_dags/example_branch_operator.py
[2026-01-06T14:21:56.028+1100] {processor.py:830} INFO - Processing file /Users/fionatham/Documents/Projects/vogue_data_pipeline/venv/lib/python3.11/site-packages/airflow/example_dags/example_branch_operator.py for tasks to queue
[2026-01-06T14:21:56.028+1100] {logging_mixin.py:188} INFO - [2026-01-06T14:21:56.028+1100] {dagbag.py:545} INFO - Filling up the DagBag from /Users/fionatham/Documents/Projects/vogue_data_pipeline/venv/lib/python3.11/site-packages/airflow/example_dags/example_branch_operator.py
[2026-01-06T14:21:56.038+1100] {processor.py:842} WARNING - No viable dags retrieved from /Users/fionatham/Documents/Projects/vogue_data_pipeline/venv/lib/python3.11/site-packages/airflow/example_dags/example_branch_operator.py
[2026-01-06T14:21:56.068+1100] {processor.py:183} INFO - Processing /Users/fionatham/Documents/Projects/vogue_data_pipeline/venv/lib/python3.11/site-packages/airflow/example_dags/example_branch_operator.py took 0.043 seconds
[2026-01-06T14:23:46.511+1100] {processor.py:161} INFO - Started process (PID=90142) to work on /Users/fionatham/Documents/Projects/vogue_data_pipeline/venv/lib/python3.11/site-packages/airflow/example_dags/example_branch_operator.py
[2026-01-06T14:23:46.511+1100] {processor.py:830} INFO - Processing file /Users/fionatham/Documents/Projects/vogue_data_pipeline/venv/lib/python3.11/site-packages/airflow/example_dags/example_branch_operator.py for tasks to queue
[2026-01-06T14:23:46.512+1100] {logging_mixin.py:188} INFO - [2026-01-06T14:23:46.511+1100] {dagbag.py:545} INFO - Filling up the DagBag from /Users/fionatham/Documents/Projects/vogue_data_pipeline/venv/lib/python3.11/site-packages/airflow/example_dags/example_branch_operator.py
[2026-01-06T14:23:46.522+1100] {processor.py:842} WARNING - No viable dags retrieved from /Users/fionatham/Documents/Projects/vogue_data_pipeline/venv/lib/python3.11/site-packages/airflow/example_dags/example_branch_operator.py
[2026-01-06T14:23:46.552+1100] {processor.py:183} INFO - Processing /Users/fionatham/Documents/Projects/vogue_data_pipeline/venv/lib/python3.11/site-packages/airflow/example_dags/example_branch_operator.py took 0.043 seconds
[2026-01-06T14:25:36.658+1100] {processor.py:161} INFO - Started process (PID=90421) to work on /Users/fionatham/Documents/Projects/vogue_data_pipeline/venv/lib/python3.11/site-packages/airflow/example_dags/example_branch_operator.py
[2026-01-06T14:25:36.659+1100] {processor.py:830} INFO - Processing file /Users/fionatham/Documents/Projects/vogue_data_pipeline/venv/lib/python3.11/site-packages/airflow/example_dags/example_branch_operator.py for tasks to queue
[2026-01-06T14:25:36.659+1100] {logging_mixin.py:188} INFO - [2026-01-06T14:25:36.659+1100] {dagbag.py:545} INFO - Filling up the DagBag from /Users/fionatham/Documents/Projects/vogue_data_pipeline/venv/lib/python3.11/site-packages/airflow/example_dags/example_branch_operator.py
[2026-01-06T14:25:36.670+1100] {processor.py:842} WARNING - No viable dags retrieved from /Users/fionatham/Documents/Projects/vogue_data_pipeline/venv/lib/python3.11/site-packages/airflow/example_dags/example_branch_operator.py
[2026-01-06T14:25:36.699+1100] {processor.py:183} INFO - Processing /Users/fionatham/Documents/Projects/vogue_data_pipeline/venv/lib/python3.11/site-packages/airflow/example_dags/example_branch_operator.py took 0.042 seconds
[2026-01-06T14:27:36.127+1100] {processor.py:161} INFO - Started process (PID=90715) to work on /Users/fionatham/Documents/Projects/vogue_data_pipeline/venv/lib/python3.11/site-packages/airflow/example_dags/example_branch_operator.py
[2026-01-06T14:27:36.129+1100] {processor.py:830} INFO - Processing file /Users/fionatham/Documents/Projects/vogue_data_pipeline/venv/lib/python3.11/site-packages/airflow/example_dags/example_branch_operator.py for tasks to queue
[2026-01-06T14:27:36.129+1100] {logging_mixin.py:188} INFO - [2026-01-06T14:27:36.129+1100] {dagbag.py:545} INFO - Filling up the DagBag from /Users/fionatham/Documents/Projects/vogue_data_pipeline/venv/lib/python3.11/site-packages/airflow/example_dags/example_branch_operator.py
[2026-01-06T14:27:36.138+1100] {processor.py:842} WARNING - No viable dags retrieved from /Users/fionatham/Documents/Projects/vogue_data_pipeline/venv/lib/python3.11/site-packages/airflow/example_dags/example_branch_operator.py
[2026-01-06T14:27:36.168+1100] {processor.py:183} INFO - Processing /Users/fionatham/Documents/Projects/vogue_data_pipeline/venv/lib/python3.11/site-packages/airflow/example_dags/example_branch_operator.py took 0.041 seconds
[2026-01-06T14:29:36.461+1100] {processor.py:161} INFO - Started process (PID=91126) to work on /Users/fionatham/Documents/Projects/vogue_data_pipeline/venv/lib/python3.11/site-packages/airflow/example_dags/example_branch_operator.py
[2026-01-06T14:29:36.461+1100] {processor.py:830} INFO - Processing file /Users/fionatham/Documents/Projects/vogue_data_pipeline/venv/lib/python3.11/site-packages/airflow/example_dags/example_branch_operator.py for tasks to queue
[2026-01-06T14:29:36.462+1100] {logging_mixin.py:188} INFO - [2026-01-06T14:29:36.462+1100] {dagbag.py:545} INFO - Filling up the DagBag from /Users/fionatham/Documents/Projects/vogue_data_pipeline/venv/lib/python3.11/site-packages/airflow/example_dags/example_branch_operator.py
[2026-01-06T14:29:36.472+1100] {processor.py:842} WARNING - No viable dags retrieved from /Users/fionatham/Documents/Projects/vogue_data_pipeline/venv/lib/python3.11/site-packages/airflow/example_dags/example_branch_operator.py
[2026-01-06T14:29:36.527+1100] {processor.py:183} INFO - Processing /Users/fionatham/Documents/Projects/vogue_data_pipeline/venv/lib/python3.11/site-packages/airflow/example_dags/example_branch_operator.py took 0.068 seconds
[2026-01-06T14:31:33.893+1100] {processor.py:161} INFO - Started process (PID=91907) to work on /Users/fionatham/Documents/Projects/vogue_data_pipeline/venv/lib/python3.11/site-packages/airflow/example_dags/example_branch_operator.py
[2026-01-06T14:31:33.893+1100] {processor.py:830} INFO - Processing file /Users/fionatham/Documents/Projects/vogue_data_pipeline/venv/lib/python3.11/site-packages/airflow/example_dags/example_branch_operator.py for tasks to queue
[2026-01-06T14:31:33.894+1100] {logging_mixin.py:188} INFO - [2026-01-06T14:31:33.893+1100] {dagbag.py:545} INFO - Filling up the DagBag from /Users/fionatham/Documents/Projects/vogue_data_pipeline/venv/lib/python3.11/site-packages/airflow/example_dags/example_branch_operator.py
[2026-01-06T14:31:33.906+1100] {processor.py:842} WARNING - No viable dags retrieved from /Users/fionatham/Documents/Projects/vogue_data_pipeline/venv/lib/python3.11/site-packages/airflow/example_dags/example_branch_operator.py
[2026-01-06T14:31:33.937+1100] {processor.py:183} INFO - Processing /Users/fionatham/Documents/Projects/vogue_data_pipeline/venv/lib/python3.11/site-packages/airflow/example_dags/example_branch_operator.py took 0.046 seconds
[2026-01-06T14:33:34.028+1100] {processor.py:161} INFO - Started process (PID=92240) to work on /Users/fionatham/Documents/Projects/vogue_data_pipeline/venv/lib/python3.11/site-packages/airflow/example_dags/example_branch_operator.py
[2026-01-06T14:33:34.029+1100] {processor.py:830} INFO - Processing file /Users/fionatham/Documents/Projects/vogue_data_pipeline/venv/lib/python3.11/site-packages/airflow/example_dags/example_branch_operator.py for tasks to queue
[2026-01-06T14:33:34.030+1100] {logging_mixin.py:188} INFO - [2026-01-06T14:33:34.030+1100] {dagbag.py:545} INFO - Filling up the DagBag from /Users/fionatham/Documents/Projects/vogue_data_pipeline/venv/lib/python3.11/site-packages/airflow/example_dags/example_branch_operator.py
[2026-01-06T14:33:34.040+1100] {processor.py:842} WARNING - No viable dags retrieved from /Users/fionatham/Documents/Projects/vogue_data_pipeline/venv/lib/python3.11/site-packages/airflow/example_dags/example_branch_operator.py
[2026-01-06T14:33:34.070+1100] {processor.py:183} INFO - Processing /Users/fionatham/Documents/Projects/vogue_data_pipeline/venv/lib/python3.11/site-packages/airflow/example_dags/example_branch_operator.py took 0.043 seconds
[2026-01-06T14:35:29.776+1100] {processor.py:161} INFO - Started process (PID=92488) to work on /Users/fionatham/Documents/Projects/vogue_data_pipeline/venv/lib/python3.11/site-packages/airflow/example_dags/example_branch_operator.py
[2026-01-06T14:35:29.777+1100] {processor.py:830} INFO - Processing file /Users/fionatham/Documents/Projects/vogue_data_pipeline/venv/lib/python3.11/site-packages/airflow/example_dags/example_branch_operator.py for tasks to queue
[2026-01-06T14:35:29.778+1100] {logging_mixin.py:188} INFO - [2026-01-06T14:35:29.778+1100] {dagbag.py:545} INFO - Filling up the DagBag from /Users/fionatham/Documents/Projects/vogue_data_pipeline/venv/lib/python3.11/site-packages/airflow/example_dags/example_branch_operator.py
[2026-01-06T14:35:29.788+1100] {processor.py:842} WARNING - No viable dags retrieved from /Users/fionatham/Documents/Projects/vogue_data_pipeline/venv/lib/python3.11/site-packages/airflow/example_dags/example_branch_operator.py
[2026-01-06T14:35:29.821+1100] {processor.py:183} INFO - Processing /Users/fionatham/Documents/Projects/vogue_data_pipeline/venv/lib/python3.11/site-packages/airflow/example_dags/example_branch_operator.py took 0.047 seconds
[2026-01-06T14:37:32.950+1100] {processor.py:161} INFO - Started process (PID=92710) to work on /Users/fionatham/Documents/Projects/vogue_data_pipeline/venv/lib/python3.11/site-packages/airflow/example_dags/example_branch_operator.py
[2026-01-06T14:37:32.951+1100] {processor.py:830} INFO - Processing file /Users/fionatham/Documents/Projects/vogue_data_pipeline/venv/lib/python3.11/site-packages/airflow/example_dags/example_branch_operator.py for tasks to queue
[2026-01-06T14:37:32.952+1100] {logging_mixin.py:188} INFO - [2026-01-06T14:37:32.951+1100] {dagbag.py:545} INFO - Filling up the DagBag from /Users/fionatham/Documents/Projects/vogue_data_pipeline/venv/lib/python3.11/site-packages/airflow/example_dags/example_branch_operator.py
[2026-01-06T14:37:32.963+1100] {processor.py:842} WARNING - No viable dags retrieved from /Users/fionatham/Documents/Projects/vogue_data_pipeline/venv/lib/python3.11/site-packages/airflow/example_dags/example_branch_operator.py
[2026-01-06T14:37:32.998+1100] {processor.py:183} INFO - Processing /Users/fionatham/Documents/Projects/vogue_data_pipeline/venv/lib/python3.11/site-packages/airflow/example_dags/example_branch_operator.py took 0.049 seconds
[2026-01-06T14:39:32.634+1100] {processor.py:161} INFO - Started process (PID=92898) to work on /Users/fionatham/Documents/Projects/vogue_data_pipeline/venv/lib/python3.11/site-packages/airflow/example_dags/example_branch_operator.py
[2026-01-06T14:39:32.635+1100] {processor.py:830} INFO - Processing file /Users/fionatham/Documents/Projects/vogue_data_pipeline/venv/lib/python3.11/site-packages/airflow/example_dags/example_branch_operator.py for tasks to queue
[2026-01-06T14:39:32.636+1100] {logging_mixin.py:188} INFO - [2026-01-06T14:39:32.635+1100] {dagbag.py:545} INFO - Filling up the DagBag from /Users/fionatham/Documents/Projects/vogue_data_pipeline/venv/lib/python3.11/site-packages/airflow/example_dags/example_branch_operator.py
[2026-01-06T14:39:32.645+1100] {processor.py:842} WARNING - No viable dags retrieved from /Users/fionatham/Documents/Projects/vogue_data_pipeline/venv/lib/python3.11/site-packages/airflow/example_dags/example_branch_operator.py
[2026-01-06T14:39:32.676+1100] {processor.py:183} INFO - Processing /Users/fionatham/Documents/Projects/vogue_data_pipeline/venv/lib/python3.11/site-packages/airflow/example_dags/example_branch_operator.py took 0.044 seconds
[2026-01-06T14:41:22.387+1100] {processor.py:161} INFO - Started process (PID=92971) to work on /Users/fionatham/Documents/Projects/vogue_data_pipeline/venv/lib/python3.11/site-packages/airflow/example_dags/example_branch_operator.py
[2026-01-06T14:41:22.389+1100] {processor.py:830} INFO - Processing file /Users/fionatham/Documents/Projects/vogue_data_pipeline/venv/lib/python3.11/site-packages/airflow/example_dags/example_branch_operator.py for tasks to queue
[2026-01-06T14:41:22.389+1100] {logging_mixin.py:188} INFO - [2026-01-06T14:41:22.389+1100] {dagbag.py:545} INFO - Filling up the DagBag from /Users/fionatham/Documents/Projects/vogue_data_pipeline/venv/lib/python3.11/site-packages/airflow/example_dags/example_branch_operator.py
[2026-01-06T14:41:22.399+1100] {processor.py:842} WARNING - No viable dags retrieved from /Users/fionatham/Documents/Projects/vogue_data_pipeline/venv/lib/python3.11/site-packages/airflow/example_dags/example_branch_operator.py
[2026-01-06T14:41:22.429+1100] {processor.py:183} INFO - Processing /Users/fionatham/Documents/Projects/vogue_data_pipeline/venv/lib/python3.11/site-packages/airflow/example_dags/example_branch_operator.py took 0.043 seconds
[2026-01-06T14:43:19.199+1100] {processor.py:161} INFO - Started process (PID=93052) to work on /Users/fionatham/Documents/Projects/vogue_data_pipeline/venv/lib/python3.11/site-packages/airflow/example_dags/example_branch_operator.py
[2026-01-06T14:43:19.201+1100] {processor.py:830} INFO - Processing file /Users/fionatham/Documents/Projects/vogue_data_pipeline/venv/lib/python3.11/site-packages/airflow/example_dags/example_branch_operator.py for tasks to queue
[2026-01-06T14:43:19.201+1100] {logging_mixin.py:188} INFO - [2026-01-06T14:43:19.201+1100] {dagbag.py:545} INFO - Filling up the DagBag from /Users/fionatham/Documents/Projects/vogue_data_pipeline/venv/lib/python3.11/site-packages/airflow/example_dags/example_branch_operator.py
[2026-01-06T14:43:19.211+1100] {processor.py:842} WARNING - No viable dags retrieved from /Users/fionatham/Documents/Projects/vogue_data_pipeline/venv/lib/python3.11/site-packages/airflow/example_dags/example_branch_operator.py
[2026-01-06T14:43:19.241+1100] {processor.py:183} INFO - Processing /Users/fionatham/Documents/Projects/vogue_data_pipeline/venv/lib/python3.11/site-packages/airflow/example_dags/example_branch_operator.py took 0.043 seconds
[2026-01-06T14:45:19.965+1100] {processor.py:161} INFO - Started process (PID=93139) to work on /Users/fionatham/Documents/Projects/vogue_data_pipeline/venv/lib/python3.11/site-packages/airflow/example_dags/example_branch_operator.py
[2026-01-06T14:45:19.965+1100] {processor.py:830} INFO - Processing file /Users/fionatham/Documents/Projects/vogue_data_pipeline/venv/lib/python3.11/site-packages/airflow/example_dags/example_branch_operator.py for tasks to queue
[2026-01-06T14:45:19.966+1100] {logging_mixin.py:188} INFO - [2026-01-06T14:45:19.966+1100] {dagbag.py:545} INFO - Filling up the DagBag from /Users/fionatham/Documents/Projects/vogue_data_pipeline/venv/lib/python3.11/site-packages/airflow/example_dags/example_branch_operator.py
[2026-01-06T14:45:19.976+1100] {processor.py:842} WARNING - No viable dags retrieved from /Users/fionatham/Documents/Projects/vogue_data_pipeline/venv/lib/python3.11/site-packages/airflow/example_dags/example_branch_operator.py
[2026-01-06T14:45:20.007+1100] {processor.py:183} INFO - Processing /Users/fionatham/Documents/Projects/vogue_data_pipeline/venv/lib/python3.11/site-packages/airflow/example_dags/example_branch_operator.py took 0.044 seconds
[2026-01-06T14:47:12.345+1100] {processor.py:161} INFO - Started process (PID=93218) to work on /Users/fionatham/Documents/Projects/vogue_data_pipeline/venv/lib/python3.11/site-packages/airflow/example_dags/example_branch_operator.py
[2026-01-06T14:47:12.346+1100] {processor.py:830} INFO - Processing file /Users/fionatham/Documents/Projects/vogue_data_pipeline/venv/lib/python3.11/site-packages/airflow/example_dags/example_branch_operator.py for tasks to queue
[2026-01-06T14:47:12.346+1100] {logging_mixin.py:188} INFO - [2026-01-06T14:47:12.346+1100] {dagbag.py:545} INFO - Filling up the DagBag from /Users/fionatham/Documents/Projects/vogue_data_pipeline/venv/lib/python3.11/site-packages/airflow/example_dags/example_branch_operator.py
[2026-01-06T14:47:12.356+1100] {processor.py:842} WARNING - No viable dags retrieved from /Users/fionatham/Documents/Projects/vogue_data_pipeline/venv/lib/python3.11/site-packages/airflow/example_dags/example_branch_operator.py
[2026-01-06T14:47:12.387+1100] {processor.py:183} INFO - Processing /Users/fionatham/Documents/Projects/vogue_data_pipeline/venv/lib/python3.11/site-packages/airflow/example_dags/example_branch_operator.py took 0.044 seconds
[2026-01-06T14:49:12.328+1100] {processor.py:161} INFO - Started process (PID=93316) to work on /Users/fionatham/Documents/Projects/vogue_data_pipeline/venv/lib/python3.11/site-packages/airflow/example_dags/example_branch_operator.py
[2026-01-06T14:49:12.328+1100] {processor.py:830} INFO - Processing file /Users/fionatham/Documents/Projects/vogue_data_pipeline/venv/lib/python3.11/site-packages/airflow/example_dags/example_branch_operator.py for tasks to queue
[2026-01-06T14:49:12.329+1100] {logging_mixin.py:188} INFO - [2026-01-06T14:49:12.329+1100] {dagbag.py:545} INFO - Filling up the DagBag from /Users/fionatham/Documents/Projects/vogue_data_pipeline/venv/lib/python3.11/site-packages/airflow/example_dags/example_branch_operator.py
[2026-01-06T14:49:12.339+1100] {processor.py:842} WARNING - No viable dags retrieved from /Users/fionatham/Documents/Projects/vogue_data_pipeline/venv/lib/python3.11/site-packages/airflow/example_dags/example_branch_operator.py
[2026-01-06T14:49:12.371+1100] {processor.py:183} INFO - Processing /Users/fionatham/Documents/Projects/vogue_data_pipeline/venv/lib/python3.11/site-packages/airflow/example_dags/example_branch_operator.py took 0.045 seconds
[2026-01-06T14:51:07.069+1100] {processor.py:161} INFO - Started process (PID=93406) to work on /Users/fionatham/Documents/Projects/vogue_data_pipeline/venv/lib/python3.11/site-packages/airflow/example_dags/example_branch_operator.py
[2026-01-06T14:51:07.070+1100] {processor.py:830} INFO - Processing file /Users/fionatham/Documents/Projects/vogue_data_pipeline/venv/lib/python3.11/site-packages/airflow/example_dags/example_branch_operator.py for tasks to queue
[2026-01-06T14:51:07.070+1100] {logging_mixin.py:188} INFO - [2026-01-06T14:51:07.070+1100] {dagbag.py:545} INFO - Filling up the DagBag from /Users/fionatham/Documents/Projects/vogue_data_pipeline/venv/lib/python3.11/site-packages/airflow/example_dags/example_branch_operator.py
[2026-01-06T14:51:07.080+1100] {processor.py:842} WARNING - No viable dags retrieved from /Users/fionatham/Documents/Projects/vogue_data_pipeline/venv/lib/python3.11/site-packages/airflow/example_dags/example_branch_operator.py
[2026-01-06T14:51:07.109+1100] {processor.py:183} INFO - Processing /Users/fionatham/Documents/Projects/vogue_data_pipeline/venv/lib/python3.11/site-packages/airflow/example_dags/example_branch_operator.py took 0.041 seconds
[2026-01-06T14:53:01.407+1100] {processor.py:161} INFO - Started process (PID=93534) to work on /Users/fionatham/Documents/Projects/vogue_data_pipeline/venv/lib/python3.11/site-packages/airflow/example_dags/example_branch_operator.py
[2026-01-06T14:53:01.408+1100] {processor.py:830} INFO - Processing file /Users/fionatham/Documents/Projects/vogue_data_pipeline/venv/lib/python3.11/site-packages/airflow/example_dags/example_branch_operator.py for tasks to queue
[2026-01-06T14:53:01.408+1100] {logging_mixin.py:188} INFO - [2026-01-06T14:53:01.408+1100] {dagbag.py:545} INFO - Filling up the DagBag from /Users/fionatham/Documents/Projects/vogue_data_pipeline/venv/lib/python3.11/site-packages/airflow/example_dags/example_branch_operator.py
[2026-01-06T14:53:01.418+1100] {processor.py:842} WARNING - No viable dags retrieved from /Users/fionatham/Documents/Projects/vogue_data_pipeline/venv/lib/python3.11/site-packages/airflow/example_dags/example_branch_operator.py
[2026-01-06T14:53:01.450+1100] {processor.py:183} INFO - Processing /Users/fionatham/Documents/Projects/vogue_data_pipeline/venv/lib/python3.11/site-packages/airflow/example_dags/example_branch_operator.py took 0.044 seconds
[2026-01-06T14:54:57.391+1100] {processor.py:161} INFO - Started process (PID=93714) to work on /Users/fionatham/Documents/Projects/vogue_data_pipeline/venv/lib/python3.11/site-packages/airflow/example_dags/example_branch_operator.py
[2026-01-06T14:54:57.392+1100] {processor.py:830} INFO - Processing file /Users/fionatham/Documents/Projects/vogue_data_pipeline/venv/lib/python3.11/site-packages/airflow/example_dags/example_branch_operator.py for tasks to queue
[2026-01-06T14:54:57.392+1100] {logging_mixin.py:188} INFO - [2026-01-06T14:54:57.392+1100] {dagbag.py:545} INFO - Filling up the DagBag from /Users/fionatham/Documents/Projects/vogue_data_pipeline/venv/lib/python3.11/site-packages/airflow/example_dags/example_branch_operator.py
[2026-01-06T14:54:57.402+1100] {processor.py:842} WARNING - No viable dags retrieved from /Users/fionatham/Documents/Projects/vogue_data_pipeline/venv/lib/python3.11/site-packages/airflow/example_dags/example_branch_operator.py
[2026-01-06T14:54:57.436+1100] {processor.py:183} INFO - Processing /Users/fionatham/Documents/Projects/vogue_data_pipeline/venv/lib/python3.11/site-packages/airflow/example_dags/example_branch_operator.py took 0.047 seconds
[2026-01-06T14:56:57.795+1100] {processor.py:161} INFO - Started process (PID=93824) to work on /Users/fionatham/Documents/Projects/vogue_data_pipeline/venv/lib/python3.11/site-packages/airflow/example_dags/example_branch_operator.py
[2026-01-06T14:56:57.796+1100] {processor.py:830} INFO - Processing file /Users/fionatham/Documents/Projects/vogue_data_pipeline/venv/lib/python3.11/site-packages/airflow/example_dags/example_branch_operator.py for tasks to queue
[2026-01-06T14:56:57.796+1100] {logging_mixin.py:188} INFO - [2026-01-06T14:56:57.796+1100] {dagbag.py:545} INFO - Filling up the DagBag from /Users/fionatham/Documents/Projects/vogue_data_pipeline/venv/lib/python3.11/site-packages/airflow/example_dags/example_branch_operator.py
[2026-01-06T14:56:57.806+1100] {processor.py:842} WARNING - No viable dags retrieved from /Users/fionatham/Documents/Projects/vogue_data_pipeline/venv/lib/python3.11/site-packages/airflow/example_dags/example_branch_operator.py
[2026-01-06T14:56:57.835+1100] {processor.py:183} INFO - Processing /Users/fionatham/Documents/Projects/vogue_data_pipeline/venv/lib/python3.11/site-packages/airflow/example_dags/example_branch_operator.py took 0.042 seconds
[2026-01-06T14:58:51.663+1100] {processor.py:161} INFO - Started process (PID=93958) to work on /Users/fionatham/Documents/Projects/vogue_data_pipeline/venv/lib/python3.11/site-packages/airflow/example_dags/example_branch_operator.py
[2026-01-06T14:58:51.664+1100] {processor.py:830} INFO - Processing file /Users/fionatham/Documents/Projects/vogue_data_pipeline/venv/lib/python3.11/site-packages/airflow/example_dags/example_branch_operator.py for tasks to queue
[2026-01-06T14:58:51.665+1100] {logging_mixin.py:188} INFO - [2026-01-06T14:58:51.665+1100] {dagbag.py:545} INFO - Filling up the DagBag from /Users/fionatham/Documents/Projects/vogue_data_pipeline/venv/lib/python3.11/site-packages/airflow/example_dags/example_branch_operator.py
[2026-01-06T14:58:51.675+1100] {processor.py:842} WARNING - No viable dags retrieved from /Users/fionatham/Documents/Projects/vogue_data_pipeline/venv/lib/python3.11/site-packages/airflow/example_dags/example_branch_operator.py
[2026-01-06T14:58:51.706+1100] {processor.py:183} INFO - Processing /Users/fionatham/Documents/Projects/vogue_data_pipeline/venv/lib/python3.11/site-packages/airflow/example_dags/example_branch_operator.py took 0.045 seconds
[2026-01-06T15:00:52.459+1100] {processor.py:161} INFO - Started process (PID=94131) to work on /Users/fionatham/Documents/Projects/vogue_data_pipeline/venv/lib/python3.11/site-packages/airflow/example_dags/example_branch_operator.py
[2026-01-06T15:00:52.460+1100] {processor.py:830} INFO - Processing file /Users/fionatham/Documents/Projects/vogue_data_pipeline/venv/lib/python3.11/site-packages/airflow/example_dags/example_branch_operator.py for tasks to queue
[2026-01-06T15:00:52.460+1100] {logging_mixin.py:188} INFO - [2026-01-06T15:00:52.460+1100] {dagbag.py:545} INFO - Filling up the DagBag from /Users/fionatham/Documents/Projects/vogue_data_pipeline/venv/lib/python3.11/site-packages/airflow/example_dags/example_branch_operator.py
[2026-01-06T15:00:52.470+1100] {processor.py:842} WARNING - No viable dags retrieved from /Users/fionatham/Documents/Projects/vogue_data_pipeline/venv/lib/python3.11/site-packages/airflow/example_dags/example_branch_operator.py
[2026-01-06T15:00:52.502+1100] {processor.py:183} INFO - Processing /Users/fionatham/Documents/Projects/vogue_data_pipeline/venv/lib/python3.11/site-packages/airflow/example_dags/example_branch_operator.py took 0.044 seconds
[2026-01-06T15:02:52.671+1100] {processor.py:161} INFO - Started process (PID=94368) to work on /Users/fionatham/Documents/Projects/vogue_data_pipeline/venv/lib/python3.11/site-packages/airflow/example_dags/example_branch_operator.py
[2026-01-06T15:02:52.672+1100] {processor.py:830} INFO - Processing file /Users/fionatham/Documents/Projects/vogue_data_pipeline/venv/lib/python3.11/site-packages/airflow/example_dags/example_branch_operator.py for tasks to queue
[2026-01-06T15:02:52.672+1100] {logging_mixin.py:188} INFO - [2026-01-06T15:02:52.672+1100] {dagbag.py:545} INFO - Filling up the DagBag from /Users/fionatham/Documents/Projects/vogue_data_pipeline/venv/lib/python3.11/site-packages/airflow/example_dags/example_branch_operator.py
[2026-01-06T15:02:52.683+1100] {processor.py:842} WARNING - No viable dags retrieved from /Users/fionatham/Documents/Projects/vogue_data_pipeline/venv/lib/python3.11/site-packages/airflow/example_dags/example_branch_operator.py
[2026-01-06T15:02:52.714+1100] {processor.py:183} INFO - Processing /Users/fionatham/Documents/Projects/vogue_data_pipeline/venv/lib/python3.11/site-packages/airflow/example_dags/example_branch_operator.py took 0.044 seconds
[2026-01-06T15:04:53.455+1100] {processor.py:161} INFO - Started process (PID=94591) to work on /Users/fionatham/Documents/Projects/vogue_data_pipeline/venv/lib/python3.11/site-packages/airflow/example_dags/example_branch_operator.py
[2026-01-06T15:04:53.461+1100] {processor.py:830} INFO - Processing file /Users/fionatham/Documents/Projects/vogue_data_pipeline/venv/lib/python3.11/site-packages/airflow/example_dags/example_branch_operator.py for tasks to queue
[2026-01-06T15:04:53.461+1100] {logging_mixin.py:188} INFO - [2026-01-06T15:04:53.461+1100] {dagbag.py:545} INFO - Filling up the DagBag from /Users/fionatham/Documents/Projects/vogue_data_pipeline/venv/lib/python3.11/site-packages/airflow/example_dags/example_branch_operator.py
[2026-01-06T15:04:53.471+1100] {processor.py:842} WARNING - No viable dags retrieved from /Users/fionatham/Documents/Projects/vogue_data_pipeline/venv/lib/python3.11/site-packages/airflow/example_dags/example_branch_operator.py
[2026-01-06T15:04:53.503+1100] {processor.py:183} INFO - Processing /Users/fionatham/Documents/Projects/vogue_data_pipeline/venv/lib/python3.11/site-packages/airflow/example_dags/example_branch_operator.py took 0.050 seconds
[2026-01-06T15:06:53.760+1100] {processor.py:161} INFO - Started process (PID=94736) to work on /Users/fionatham/Documents/Projects/vogue_data_pipeline/venv/lib/python3.11/site-packages/airflow/example_dags/example_branch_operator.py
[2026-01-06T15:06:53.760+1100] {processor.py:830} INFO - Processing file /Users/fionatham/Documents/Projects/vogue_data_pipeline/venv/lib/python3.11/site-packages/airflow/example_dags/example_branch_operator.py for tasks to queue
[2026-01-06T15:06:53.761+1100] {logging_mixin.py:188} INFO - [2026-01-06T15:06:53.761+1100] {dagbag.py:545} INFO - Filling up the DagBag from /Users/fionatham/Documents/Projects/vogue_data_pipeline/venv/lib/python3.11/site-packages/airflow/example_dags/example_branch_operator.py
[2026-01-06T15:06:53.770+1100] {processor.py:842} WARNING - No viable dags retrieved from /Users/fionatham/Documents/Projects/vogue_data_pipeline/venv/lib/python3.11/site-packages/airflow/example_dags/example_branch_operator.py
[2026-01-06T15:06:53.802+1100] {processor.py:183} INFO - Processing /Users/fionatham/Documents/Projects/vogue_data_pipeline/venv/lib/python3.11/site-packages/airflow/example_dags/example_branch_operator.py took 0.044 seconds
[2026-01-06T15:13:17.869+1100] {processor.py:161} INFO - Started process (PID=95297) to work on /Users/fionatham/Documents/Projects/vogue_data_pipeline/venv/lib/python3.11/site-packages/airflow/example_dags/example_branch_operator.py
[2026-01-06T15:13:17.871+1100] {processor.py:830} INFO - Processing file /Users/fionatham/Documents/Projects/vogue_data_pipeline/venv/lib/python3.11/site-packages/airflow/example_dags/example_branch_operator.py for tasks to queue
[2026-01-06T15:13:17.871+1100] {logging_mixin.py:188} INFO - [2026-01-06T15:13:17.871+1100] {dagbag.py:545} INFO - Filling up the DagBag from /Users/fionatham/Documents/Projects/vogue_data_pipeline/venv/lib/python3.11/site-packages/airflow/example_dags/example_branch_operator.py
[2026-01-06T15:13:17.881+1100] {processor.py:842} WARNING - No viable dags retrieved from /Users/fionatham/Documents/Projects/vogue_data_pipeline/venv/lib/python3.11/site-packages/airflow/example_dags/example_branch_operator.py
[2026-01-06T15:13:17.913+1100] {processor.py:183} INFO - Processing /Users/fionatham/Documents/Projects/vogue_data_pipeline/venv/lib/python3.11/site-packages/airflow/example_dags/example_branch_operator.py took 0.044 seconds
[2026-01-06T16:39:25.796+1100] {processor.py:161} INFO - Started process (PID=95512) to work on /Users/fionatham/Documents/Projects/vogue_data_pipeline/venv/lib/python3.11/site-packages/airflow/example_dags/example_branch_operator.py
[2026-01-06T16:39:25.797+1100] {processor.py:830} INFO - Processing file /Users/fionatham/Documents/Projects/vogue_data_pipeline/venv/lib/python3.11/site-packages/airflow/example_dags/example_branch_operator.py for tasks to queue
[2026-01-06T16:39:25.798+1100] {logging_mixin.py:188} INFO - [2026-01-06T16:39:25.798+1100] {dagbag.py:545} INFO - Filling up the DagBag from /Users/fionatham/Documents/Projects/vogue_data_pipeline/venv/lib/python3.11/site-packages/airflow/example_dags/example_branch_operator.py
[2026-01-06T16:39:25.807+1100] {processor.py:842} WARNING - No viable dags retrieved from /Users/fionatham/Documents/Projects/vogue_data_pipeline/venv/lib/python3.11/site-packages/airflow/example_dags/example_branch_operator.py
[2026-01-06T16:39:25.836+1100] {processor.py:183} INFO - Processing /Users/fionatham/Documents/Projects/vogue_data_pipeline/venv/lib/python3.11/site-packages/airflow/example_dags/example_branch_operator.py took 0.041 seconds
[2026-01-06T19:17:30.960+1100] {processor.py:161} INFO - Started process (PID=95620) to work on /Users/fionatham/Documents/Projects/vogue_data_pipeline/venv/lib/python3.11/site-packages/airflow/example_dags/example_branch_operator.py
[2026-01-06T19:17:30.962+1100] {processor.py:830} INFO - Processing file /Users/fionatham/Documents/Projects/vogue_data_pipeline/venv/lib/python3.11/site-packages/airflow/example_dags/example_branch_operator.py for tasks to queue
[2026-01-06T19:17:30.962+1100] {logging_mixin.py:188} INFO - [2026-01-06T19:17:30.962+1100] {dagbag.py:545} INFO - Filling up the DagBag from /Users/fionatham/Documents/Projects/vogue_data_pipeline/venv/lib/python3.11/site-packages/airflow/example_dags/example_branch_operator.py
[2026-01-06T19:17:30.974+1100] {processor.py:842} WARNING - No viable dags retrieved from /Users/fionatham/Documents/Projects/vogue_data_pipeline/venv/lib/python3.11/site-packages/airflow/example_dags/example_branch_operator.py
[2026-01-06T19:17:31.006+1100] {processor.py:183} INFO - Processing /Users/fionatham/Documents/Projects/vogue_data_pipeline/venv/lib/python3.11/site-packages/airflow/example_dags/example_branch_operator.py took 0.047 seconds
[2026-01-06T20:52:19.095+1100] {processor.py:161} INFO - Started process (PID=95772) to work on /Users/fionatham/Documents/Projects/vogue_data_pipeline/venv/lib/python3.11/site-packages/airflow/example_dags/example_branch_operator.py
[2026-01-06T20:52:19.096+1100] {processor.py:830} INFO - Processing file /Users/fionatham/Documents/Projects/vogue_data_pipeline/venv/lib/python3.11/site-packages/airflow/example_dags/example_branch_operator.py for tasks to queue
[2026-01-06T20:52:19.096+1100] {logging_mixin.py:188} INFO - [2026-01-06T20:52:19.096+1100] {dagbag.py:545} INFO - Filling up the DagBag from /Users/fionatham/Documents/Projects/vogue_data_pipeline/venv/lib/python3.11/site-packages/airflow/example_dags/example_branch_operator.py
[2026-01-06T20:52:19.111+1100] {processor.py:842} WARNING - No viable dags retrieved from /Users/fionatham/Documents/Projects/vogue_data_pipeline/venv/lib/python3.11/site-packages/airflow/example_dags/example_branch_operator.py
[2026-01-06T20:52:19.159+1100] {processor.py:183} INFO - Processing /Users/fionatham/Documents/Projects/vogue_data_pipeline/venv/lib/python3.11/site-packages/airflow/example_dags/example_branch_operator.py took 0.066 seconds
[2026-01-06T23:57:16.103+1100] {processor.py:161} INFO - Started process (PID=96065) to work on /Users/fionatham/Documents/Projects/vogue_data_pipeline/venv/lib/python3.11/site-packages/airflow/example_dags/example_branch_operator.py
[2026-01-06T23:57:16.104+1100] {processor.py:830} INFO - Processing file /Users/fionatham/Documents/Projects/vogue_data_pipeline/venv/lib/python3.11/site-packages/airflow/example_dags/example_branch_operator.py for tasks to queue
[2026-01-06T23:57:16.104+1100] {logging_mixin.py:188} INFO - [2026-01-06T23:57:16.104+1100] {dagbag.py:545} INFO - Filling up the DagBag from /Users/fionatham/Documents/Projects/vogue_data_pipeline/venv/lib/python3.11/site-packages/airflow/example_dags/example_branch_operator.py
[2026-01-06T23:57:16.117+1100] {processor.py:842} WARNING - No viable dags retrieved from /Users/fionatham/Documents/Projects/vogue_data_pipeline/venv/lib/python3.11/site-packages/airflow/example_dags/example_branch_operator.py
[2026-01-06T23:57:16.150+1100] {processor.py:183} INFO - Processing /Users/fionatham/Documents/Projects/vogue_data_pipeline/venv/lib/python3.11/site-packages/airflow/example_dags/example_branch_operator.py took 0.048 seconds
