[2026-01-06T13:57:40.463+1100] {processor.py:161} INFO - Started process (PID=85426) to work on /Users/fionatham/Documents/Projects/vogue_data_pipeline/venv/lib/python3.11/site-packages/airflow/example_dags/example_dynamic_task_mapping.py
[2026-01-06T13:57:40.464+1100] {processor.py:830} INFO - Processing file /Users/fionatham/Documents/Projects/vogue_data_pipeline/venv/lib/python3.11/site-packages/airflow/example_dags/example_dynamic_task_mapping.py for tasks to queue
[2026-01-06T13:57:40.464+1100] {logging_mixin.py:188} INFO - [2026-01-06T13:57:40.464+1100] {dagbag.py:545} INFO - Filling up the DagBag from /Users/fionatham/Documents/Projects/vogue_data_pipeline/venv/lib/python3.11/site-packages/airflow/example_dags/example_dynamic_task_mapping.py
[2026-01-06T13:57:40.482+1100] {processor.py:840} INFO - DAG(s) 'example_dynamic_task_mapping' retrieved from /Users/fionatham/Documents/Projects/vogue_data_pipeline/venv/lib/python3.11/site-packages/airflow/example_dags/example_dynamic_task_mapping.py
[2026-01-06T13:57:40.588+1100] {logging_mixin.py:188} INFO - [2026-01-06T13:57:40.588+1100] {override.py:1858} INFO - Created Permission View: can delete on DAG:example_dynamic_task_mapping
[2026-01-06T13:57:40.592+1100] {logging_mixin.py:188} INFO - [2026-01-06T13:57:40.592+1100] {override.py:1858} INFO - Created Permission View: can read on DAG:example_dynamic_task_mapping
[2026-01-06T13:57:40.595+1100] {logging_mixin.py:188} INFO - [2026-01-06T13:57:40.594+1100] {override.py:1858} INFO - Created Permission View: can edit on DAG:example_dynamic_task_mapping
[2026-01-06T13:57:40.595+1100] {logging_mixin.py:188} INFO - [2026-01-06T13:57:40.595+1100] {dag.py:3089} INFO - Sync 1 DAGs
[2026-01-06T13:57:40.599+1100] {logging_mixin.py:188} INFO - [2026-01-06T13:57:40.599+1100] {dag.py:3111} INFO - Creating ORM DAG for example_dynamic_task_mapping
[2026-01-06T13:57:40.602+1100] {logging_mixin.py:188} INFO - [2026-01-06T13:57:40.602+1100] {dag.py:3947} INFO - Setting next_dagrun for example_dynamic_task_mapping to 2022-03-04 00:00:00+00:00, run_after=2022-03-05 00:00:00+00:00
[2026-01-06T13:57:40.609+1100] {processor.py:183} INFO - Processing /Users/fionatham/Documents/Projects/vogue_data_pipeline/venv/lib/python3.11/site-packages/airflow/example_dags/example_dynamic_task_mapping.py took 0.147 seconds
[2026-01-06T13:59:42.348+1100] {processor.py:161} INFO - Started process (PID=86771) to work on /Users/fionatham/Documents/Projects/vogue_data_pipeline/venv/lib/python3.11/site-packages/airflow/example_dags/example_dynamic_task_mapping.py
[2026-01-06T13:59:42.350+1100] {processor.py:830} INFO - Processing file /Users/fionatham/Documents/Projects/vogue_data_pipeline/venv/lib/python3.11/site-packages/airflow/example_dags/example_dynamic_task_mapping.py for tasks to queue
[2026-01-06T13:59:42.350+1100] {logging_mixin.py:188} INFO - [2026-01-06T13:59:42.350+1100] {dagbag.py:545} INFO - Filling up the DagBag from /Users/fionatham/Documents/Projects/vogue_data_pipeline/venv/lib/python3.11/site-packages/airflow/example_dags/example_dynamic_task_mapping.py
[2026-01-06T13:59:42.367+1100] {processor.py:840} INFO - DAG(s) 'example_dynamic_task_mapping' retrieved from /Users/fionatham/Documents/Projects/vogue_data_pipeline/venv/lib/python3.11/site-packages/airflow/example_dags/example_dynamic_task_mapping.py
[2026-01-06T13:59:42.412+1100] {logging_mixin.py:188} INFO - [2026-01-06T13:59:42.412+1100] {dag.py:3089} INFO - Sync 1 DAGs
[2026-01-06T13:59:42.419+1100] {logging_mixin.py:188} INFO - [2026-01-06T13:59:42.419+1100] {dag.py:3947} INFO - Setting next_dagrun for example_dynamic_task_mapping to 2022-03-04 00:00:00+00:00, run_after=2022-03-05 00:00:00+00:00
[2026-01-06T13:59:42.427+1100] {processor.py:183} INFO - Processing /Users/fionatham/Documents/Projects/vogue_data_pipeline/venv/lib/python3.11/site-packages/airflow/example_dags/example_dynamic_task_mapping.py took 0.080 seconds
[2026-01-06T14:01:42.166+1100] {processor.py:161} INFO - Started process (PID=87049) to work on /Users/fionatham/Documents/Projects/vogue_data_pipeline/venv/lib/python3.11/site-packages/airflow/example_dags/example_dynamic_task_mapping.py
[2026-01-06T14:01:42.167+1100] {processor.py:830} INFO - Processing file /Users/fionatham/Documents/Projects/vogue_data_pipeline/venv/lib/python3.11/site-packages/airflow/example_dags/example_dynamic_task_mapping.py for tasks to queue
[2026-01-06T14:01:42.168+1100] {logging_mixin.py:188} INFO - [2026-01-06T14:01:42.168+1100] {dagbag.py:545} INFO - Filling up the DagBag from /Users/fionatham/Documents/Projects/vogue_data_pipeline/venv/lib/python3.11/site-packages/airflow/example_dags/example_dynamic_task_mapping.py
[2026-01-06T14:01:42.184+1100] {processor.py:840} INFO - DAG(s) 'example_dynamic_task_mapping' retrieved from /Users/fionatham/Documents/Projects/vogue_data_pipeline/venv/lib/python3.11/site-packages/airflow/example_dags/example_dynamic_task_mapping.py
[2026-01-06T14:01:42.226+1100] {logging_mixin.py:188} INFO - [2026-01-06T14:01:42.226+1100] {dag.py:3089} INFO - Sync 1 DAGs
[2026-01-06T14:01:42.233+1100] {logging_mixin.py:188} INFO - [2026-01-06T14:01:42.233+1100] {dag.py:3947} INFO - Setting next_dagrun for example_dynamic_task_mapping to 2022-03-04 00:00:00+00:00, run_after=2022-03-05 00:00:00+00:00
[2026-01-06T14:01:42.240+1100] {processor.py:183} INFO - Processing /Users/fionatham/Documents/Projects/vogue_data_pipeline/venv/lib/python3.11/site-packages/airflow/example_dags/example_dynamic_task_mapping.py took 0.076 seconds
[2026-01-06T14:03:46.070+1100] {processor.py:161} INFO - Started process (PID=87223) to work on /Users/fionatham/Documents/Projects/vogue_data_pipeline/venv/lib/python3.11/site-packages/airflow/example_dags/example_dynamic_task_mapping.py
[2026-01-06T14:03:46.071+1100] {processor.py:830} INFO - Processing file /Users/fionatham/Documents/Projects/vogue_data_pipeline/venv/lib/python3.11/site-packages/airflow/example_dags/example_dynamic_task_mapping.py for tasks to queue
[2026-01-06T14:03:46.071+1100] {logging_mixin.py:188} INFO - [2026-01-06T14:03:46.071+1100] {dagbag.py:545} INFO - Filling up the DagBag from /Users/fionatham/Documents/Projects/vogue_data_pipeline/venv/lib/python3.11/site-packages/airflow/example_dags/example_dynamic_task_mapping.py
[2026-01-06T14:03:46.089+1100] {processor.py:840} INFO - DAG(s) 'example_dynamic_task_mapping' retrieved from /Users/fionatham/Documents/Projects/vogue_data_pipeline/venv/lib/python3.11/site-packages/airflow/example_dags/example_dynamic_task_mapping.py
[2026-01-06T14:03:46.134+1100] {logging_mixin.py:188} INFO - [2026-01-06T14:03:46.134+1100] {dag.py:3089} INFO - Sync 1 DAGs
[2026-01-06T14:03:46.141+1100] {logging_mixin.py:188} INFO - [2026-01-06T14:03:46.141+1100] {dag.py:3947} INFO - Setting next_dagrun for example_dynamic_task_mapping to 2022-03-04 00:00:00+00:00, run_after=2022-03-05 00:00:00+00:00
[2026-01-06T14:03:46.150+1100] {processor.py:183} INFO - Processing /Users/fionatham/Documents/Projects/vogue_data_pipeline/venv/lib/python3.11/site-packages/airflow/example_dags/example_dynamic_task_mapping.py took 0.083 seconds
[2026-01-06T14:05:44.081+1100] {processor.py:161} INFO - Started process (PID=87442) to work on /Users/fionatham/Documents/Projects/vogue_data_pipeline/venv/lib/python3.11/site-packages/airflow/example_dags/example_dynamic_task_mapping.py
[2026-01-06T14:05:44.082+1100] {processor.py:830} INFO - Processing file /Users/fionatham/Documents/Projects/vogue_data_pipeline/venv/lib/python3.11/site-packages/airflow/example_dags/example_dynamic_task_mapping.py for tasks to queue
[2026-01-06T14:05:44.083+1100] {logging_mixin.py:188} INFO - [2026-01-06T14:05:44.083+1100] {dagbag.py:545} INFO - Filling up the DagBag from /Users/fionatham/Documents/Projects/vogue_data_pipeline/venv/lib/python3.11/site-packages/airflow/example_dags/example_dynamic_task_mapping.py
[2026-01-06T14:05:44.100+1100] {processor.py:840} INFO - DAG(s) 'example_dynamic_task_mapping' retrieved from /Users/fionatham/Documents/Projects/vogue_data_pipeline/venv/lib/python3.11/site-packages/airflow/example_dags/example_dynamic_task_mapping.py
[2026-01-06T14:05:44.143+1100] {logging_mixin.py:188} INFO - [2026-01-06T14:05:44.143+1100] {dag.py:3089} INFO - Sync 1 DAGs
[2026-01-06T14:05:44.149+1100] {logging_mixin.py:188} INFO - [2026-01-06T14:05:44.149+1100] {dag.py:3947} INFO - Setting next_dagrun for example_dynamic_task_mapping to 2022-03-04 00:00:00+00:00, run_after=2022-03-05 00:00:00+00:00
[2026-01-06T14:05:44.157+1100] {processor.py:183} INFO - Processing /Users/fionatham/Documents/Projects/vogue_data_pipeline/venv/lib/python3.11/site-packages/airflow/example_dags/example_dynamic_task_mapping.py took 0.077 seconds
[2026-01-06T14:07:46.927+1100] {processor.py:161} INFO - Started process (PID=87636) to work on /Users/fionatham/Documents/Projects/vogue_data_pipeline/venv/lib/python3.11/site-packages/airflow/example_dags/example_dynamic_task_mapping.py
[2026-01-06T14:07:46.928+1100] {processor.py:830} INFO - Processing file /Users/fionatham/Documents/Projects/vogue_data_pipeline/venv/lib/python3.11/site-packages/airflow/example_dags/example_dynamic_task_mapping.py for tasks to queue
[2026-01-06T14:07:46.928+1100] {logging_mixin.py:188} INFO - [2026-01-06T14:07:46.928+1100] {dagbag.py:545} INFO - Filling up the DagBag from /Users/fionatham/Documents/Projects/vogue_data_pipeline/venv/lib/python3.11/site-packages/airflow/example_dags/example_dynamic_task_mapping.py
[2026-01-06T14:07:46.944+1100] {processor.py:840} INFO - DAG(s) 'example_dynamic_task_mapping' retrieved from /Users/fionatham/Documents/Projects/vogue_data_pipeline/venv/lib/python3.11/site-packages/airflow/example_dags/example_dynamic_task_mapping.py
[2026-01-06T14:07:46.993+1100] {logging_mixin.py:188} INFO - [2026-01-06T14:07:46.992+1100] {dag.py:3089} INFO - Sync 1 DAGs
[2026-01-06T14:07:47.000+1100] {logging_mixin.py:188} INFO - [2026-01-06T14:07:47.000+1100] {dag.py:3947} INFO - Setting next_dagrun for example_dynamic_task_mapping to 2022-03-04 00:00:00+00:00, run_after=2022-03-05 00:00:00+00:00
[2026-01-06T14:07:47.007+1100] {processor.py:183} INFO - Processing /Users/fionatham/Documents/Projects/vogue_data_pipeline/venv/lib/python3.11/site-packages/airflow/example_dags/example_dynamic_task_mapping.py took 0.082 seconds
[2026-01-06T14:09:43.123+1100] {processor.py:161} INFO - Started process (PID=87715) to work on /Users/fionatham/Documents/Projects/vogue_data_pipeline/venv/lib/python3.11/site-packages/airflow/example_dags/example_dynamic_task_mapping.py
[2026-01-06T14:09:43.125+1100] {processor.py:830} INFO - Processing file /Users/fionatham/Documents/Projects/vogue_data_pipeline/venv/lib/python3.11/site-packages/airflow/example_dags/example_dynamic_task_mapping.py for tasks to queue
[2026-01-06T14:09:43.125+1100] {logging_mixin.py:188} INFO - [2026-01-06T14:09:43.125+1100] {dagbag.py:545} INFO - Filling up the DagBag from /Users/fionatham/Documents/Projects/vogue_data_pipeline/venv/lib/python3.11/site-packages/airflow/example_dags/example_dynamic_task_mapping.py
[2026-01-06T14:09:43.141+1100] {processor.py:840} INFO - DAG(s) 'example_dynamic_task_mapping' retrieved from /Users/fionatham/Documents/Projects/vogue_data_pipeline/venv/lib/python3.11/site-packages/airflow/example_dags/example_dynamic_task_mapping.py
[2026-01-06T14:09:43.182+1100] {logging_mixin.py:188} INFO - [2026-01-06T14:09:43.182+1100] {dag.py:3089} INFO - Sync 1 DAGs
[2026-01-06T14:09:43.189+1100] {logging_mixin.py:188} INFO - [2026-01-06T14:09:43.188+1100] {dag.py:3947} INFO - Setting next_dagrun for example_dynamic_task_mapping to 2022-03-04 00:00:00+00:00, run_after=2022-03-05 00:00:00+00:00
[2026-01-06T14:09:43.196+1100] {processor.py:183} INFO - Processing /Users/fionatham/Documents/Projects/vogue_data_pipeline/venv/lib/python3.11/site-packages/airflow/example_dags/example_dynamic_task_mapping.py took 0.073 seconds
[2026-01-06T14:11:40.932+1100] {processor.py:161} INFO - Started process (PID=87887) to work on /Users/fionatham/Documents/Projects/vogue_data_pipeline/venv/lib/python3.11/site-packages/airflow/example_dags/example_dynamic_task_mapping.py
[2026-01-06T14:11:40.933+1100] {processor.py:830} INFO - Processing file /Users/fionatham/Documents/Projects/vogue_data_pipeline/venv/lib/python3.11/site-packages/airflow/example_dags/example_dynamic_task_mapping.py for tasks to queue
[2026-01-06T14:11:40.933+1100] {logging_mixin.py:188} INFO - [2026-01-06T14:11:40.933+1100] {dagbag.py:545} INFO - Filling up the DagBag from /Users/fionatham/Documents/Projects/vogue_data_pipeline/venv/lib/python3.11/site-packages/airflow/example_dags/example_dynamic_task_mapping.py
[2026-01-06T14:11:40.950+1100] {processor.py:840} INFO - DAG(s) 'example_dynamic_task_mapping' retrieved from /Users/fionatham/Documents/Projects/vogue_data_pipeline/venv/lib/python3.11/site-packages/airflow/example_dags/example_dynamic_task_mapping.py
[2026-01-06T14:11:40.992+1100] {logging_mixin.py:188} INFO - [2026-01-06T14:11:40.991+1100] {dag.py:3089} INFO - Sync 1 DAGs
[2026-01-06T14:11:40.998+1100] {logging_mixin.py:188} INFO - [2026-01-06T14:11:40.998+1100] {dag.py:3947} INFO - Setting next_dagrun for example_dynamic_task_mapping to 2022-03-04 00:00:00+00:00, run_after=2022-03-05 00:00:00+00:00
[2026-01-06T14:11:41.006+1100] {processor.py:183} INFO - Processing /Users/fionatham/Documents/Projects/vogue_data_pipeline/venv/lib/python3.11/site-packages/airflow/example_dags/example_dynamic_task_mapping.py took 0.076 seconds
[2026-01-06T14:13:46.740+1100] {processor.py:161} INFO - Started process (PID=88036) to work on /Users/fionatham/Documents/Projects/vogue_data_pipeline/venv/lib/python3.11/site-packages/airflow/example_dags/example_dynamic_task_mapping.py
[2026-01-06T14:13:46.741+1100] {processor.py:830} INFO - Processing file /Users/fionatham/Documents/Projects/vogue_data_pipeline/venv/lib/python3.11/site-packages/airflow/example_dags/example_dynamic_task_mapping.py for tasks to queue
[2026-01-06T14:13:46.741+1100] {logging_mixin.py:188} INFO - [2026-01-06T14:13:46.741+1100] {dagbag.py:545} INFO - Filling up the DagBag from /Users/fionatham/Documents/Projects/vogue_data_pipeline/venv/lib/python3.11/site-packages/airflow/example_dags/example_dynamic_task_mapping.py
[2026-01-06T14:13:46.762+1100] {processor.py:840} INFO - DAG(s) 'example_dynamic_task_mapping' retrieved from /Users/fionatham/Documents/Projects/vogue_data_pipeline/venv/lib/python3.11/site-packages/airflow/example_dags/example_dynamic_task_mapping.py
[2026-01-06T14:13:46.812+1100] {logging_mixin.py:188} INFO - [2026-01-06T14:13:46.812+1100] {dag.py:3089} INFO - Sync 1 DAGs
[2026-01-06T14:13:46.825+1100] {logging_mixin.py:188} INFO - [2026-01-06T14:13:46.825+1100] {dag.py:3947} INFO - Setting next_dagrun for example_dynamic_task_mapping to 2022-03-04 00:00:00+00:00, run_after=2022-03-05 00:00:00+00:00
[2026-01-06T14:13:46.842+1100] {processor.py:183} INFO - Processing /Users/fionatham/Documents/Projects/vogue_data_pipeline/venv/lib/python3.11/site-packages/airflow/example_dags/example_dynamic_task_mapping.py took 0.104 seconds
[2026-01-06T14:15:46.873+1100] {processor.py:161} INFO - Started process (PID=88965) to work on /Users/fionatham/Documents/Projects/vogue_data_pipeline/venv/lib/python3.11/site-packages/airflow/example_dags/example_dynamic_task_mapping.py
[2026-01-06T14:15:46.874+1100] {processor.py:830} INFO - Processing file /Users/fionatham/Documents/Projects/vogue_data_pipeline/venv/lib/python3.11/site-packages/airflow/example_dags/example_dynamic_task_mapping.py for tasks to queue
[2026-01-06T14:15:46.874+1100] {logging_mixin.py:188} INFO - [2026-01-06T14:15:46.874+1100] {dagbag.py:545} INFO - Filling up the DagBag from /Users/fionatham/Documents/Projects/vogue_data_pipeline/venv/lib/python3.11/site-packages/airflow/example_dags/example_dynamic_task_mapping.py
[2026-01-06T14:15:46.891+1100] {processor.py:840} INFO - DAG(s) 'example_dynamic_task_mapping' retrieved from /Users/fionatham/Documents/Projects/vogue_data_pipeline/venv/lib/python3.11/site-packages/airflow/example_dags/example_dynamic_task_mapping.py
[2026-01-06T14:15:46.935+1100] {logging_mixin.py:188} INFO - [2026-01-06T14:15:46.934+1100] {dag.py:3089} INFO - Sync 1 DAGs
[2026-01-06T14:15:46.943+1100] {logging_mixin.py:188} INFO - [2026-01-06T14:15:46.942+1100] {dag.py:3947} INFO - Setting next_dagrun for example_dynamic_task_mapping to 2022-03-04 00:00:00+00:00, run_after=2022-03-05 00:00:00+00:00
[2026-01-06T14:15:46.950+1100] {processor.py:183} INFO - Processing /Users/fionatham/Documents/Projects/vogue_data_pipeline/venv/lib/python3.11/site-packages/airflow/example_dags/example_dynamic_task_mapping.py took 0.079 seconds
[2026-01-06T14:17:40.471+1100] {processor.py:161} INFO - Started process (PID=89373) to work on /Users/fionatham/Documents/Projects/vogue_data_pipeline/venv/lib/python3.11/site-packages/airflow/example_dags/example_dynamic_task_mapping.py
[2026-01-06T14:17:40.471+1100] {processor.py:830} INFO - Processing file /Users/fionatham/Documents/Projects/vogue_data_pipeline/venv/lib/python3.11/site-packages/airflow/example_dags/example_dynamic_task_mapping.py for tasks to queue
[2026-01-06T14:17:40.472+1100] {logging_mixin.py:188} INFO - [2026-01-06T14:17:40.472+1100] {dagbag.py:545} INFO - Filling up the DagBag from /Users/fionatham/Documents/Projects/vogue_data_pipeline/venv/lib/python3.11/site-packages/airflow/example_dags/example_dynamic_task_mapping.py
[2026-01-06T14:17:40.488+1100] {processor.py:840} INFO - DAG(s) 'example_dynamic_task_mapping' retrieved from /Users/fionatham/Documents/Projects/vogue_data_pipeline/venv/lib/python3.11/site-packages/airflow/example_dags/example_dynamic_task_mapping.py
[2026-01-06T14:17:40.539+1100] {logging_mixin.py:188} INFO - [2026-01-06T14:17:40.539+1100] {dag.py:3089} INFO - Sync 1 DAGs
[2026-01-06T14:17:40.546+1100] {logging_mixin.py:188} INFO - [2026-01-06T14:17:40.546+1100] {dag.py:3947} INFO - Setting next_dagrun for example_dynamic_task_mapping to 2022-03-04 00:00:00+00:00, run_after=2022-03-05 00:00:00+00:00
[2026-01-06T14:17:40.579+1100] {processor.py:183} INFO - Processing /Users/fionatham/Documents/Projects/vogue_data_pipeline/venv/lib/python3.11/site-packages/airflow/example_dags/example_dynamic_task_mapping.py took 0.110 seconds
[2026-01-06T14:19:41.958+1100] {processor.py:161} INFO - Started process (PID=89936) to work on /Users/fionatham/Documents/Projects/vogue_data_pipeline/venv/lib/python3.11/site-packages/airflow/example_dags/example_dynamic_task_mapping.py
[2026-01-06T14:19:41.960+1100] {processor.py:830} INFO - Processing file /Users/fionatham/Documents/Projects/vogue_data_pipeline/venv/lib/python3.11/site-packages/airflow/example_dags/example_dynamic_task_mapping.py for tasks to queue
[2026-01-06T14:19:41.960+1100] {logging_mixin.py:188} INFO - [2026-01-06T14:19:41.960+1100] {dagbag.py:545} INFO - Filling up the DagBag from /Users/fionatham/Documents/Projects/vogue_data_pipeline/venv/lib/python3.11/site-packages/airflow/example_dags/example_dynamic_task_mapping.py
[2026-01-06T14:19:41.977+1100] {processor.py:840} INFO - DAG(s) 'example_dynamic_task_mapping' retrieved from /Users/fionatham/Documents/Projects/vogue_data_pipeline/venv/lib/python3.11/site-packages/airflow/example_dags/example_dynamic_task_mapping.py
[2026-01-06T14:19:42.018+1100] {logging_mixin.py:188} INFO - [2026-01-06T14:19:42.017+1100] {dag.py:3089} INFO - Sync 1 DAGs
[2026-01-06T14:19:42.024+1100] {logging_mixin.py:188} INFO - [2026-01-06T14:19:42.024+1100] {dag.py:3947} INFO - Setting next_dagrun for example_dynamic_task_mapping to 2022-03-04 00:00:00+00:00, run_after=2022-03-05 00:00:00+00:00
[2026-01-06T14:19:42.031+1100] {processor.py:183} INFO - Processing /Users/fionatham/Documents/Projects/vogue_data_pipeline/venv/lib/python3.11/site-packages/airflow/example_dags/example_dynamic_task_mapping.py took 0.074 seconds
[2026-01-06T14:21:43.422+1100] {processor.py:161} INFO - Started process (PID=90034) to work on /Users/fionatham/Documents/Projects/vogue_data_pipeline/venv/lib/python3.11/site-packages/airflow/example_dags/example_dynamic_task_mapping.py
[2026-01-06T14:21:43.423+1100] {processor.py:830} INFO - Processing file /Users/fionatham/Documents/Projects/vogue_data_pipeline/venv/lib/python3.11/site-packages/airflow/example_dags/example_dynamic_task_mapping.py for tasks to queue
[2026-01-06T14:21:43.423+1100] {logging_mixin.py:188} INFO - [2026-01-06T14:21:43.423+1100] {dagbag.py:545} INFO - Filling up the DagBag from /Users/fionatham/Documents/Projects/vogue_data_pipeline/venv/lib/python3.11/site-packages/airflow/example_dags/example_dynamic_task_mapping.py
[2026-01-06T14:21:43.439+1100] {processor.py:840} INFO - DAG(s) 'example_dynamic_task_mapping' retrieved from /Users/fionatham/Documents/Projects/vogue_data_pipeline/venv/lib/python3.11/site-packages/airflow/example_dags/example_dynamic_task_mapping.py
[2026-01-06T14:21:43.483+1100] {logging_mixin.py:188} INFO - [2026-01-06T14:21:43.483+1100] {dag.py:3089} INFO - Sync 1 DAGs
[2026-01-06T14:21:43.490+1100] {logging_mixin.py:188} INFO - [2026-01-06T14:21:43.490+1100] {dag.py:3947} INFO - Setting next_dagrun for example_dynamic_task_mapping to 2022-03-04 00:00:00+00:00, run_after=2022-03-05 00:00:00+00:00
[2026-01-06T14:21:43.499+1100] {processor.py:183} INFO - Processing /Users/fionatham/Documents/Projects/vogue_data_pipeline/venv/lib/python3.11/site-packages/airflow/example_dags/example_dynamic_task_mapping.py took 0.078 seconds
[2026-01-06T14:23:35.295+1100] {processor.py:161} INFO - Started process (PID=90128) to work on /Users/fionatham/Documents/Projects/vogue_data_pipeline/venv/lib/python3.11/site-packages/airflow/example_dags/example_dynamic_task_mapping.py
[2026-01-06T14:23:35.295+1100] {processor.py:830} INFO - Processing file /Users/fionatham/Documents/Projects/vogue_data_pipeline/venv/lib/python3.11/site-packages/airflow/example_dags/example_dynamic_task_mapping.py for tasks to queue
[2026-01-06T14:23:35.295+1100] {logging_mixin.py:188} INFO - [2026-01-06T14:23:35.295+1100] {dagbag.py:545} INFO - Filling up the DagBag from /Users/fionatham/Documents/Projects/vogue_data_pipeline/venv/lib/python3.11/site-packages/airflow/example_dags/example_dynamic_task_mapping.py
[2026-01-06T14:23:35.311+1100] {processor.py:840} INFO - DAG(s) 'example_dynamic_task_mapping' retrieved from /Users/fionatham/Documents/Projects/vogue_data_pipeline/venv/lib/python3.11/site-packages/airflow/example_dags/example_dynamic_task_mapping.py
[2026-01-06T14:23:35.352+1100] {logging_mixin.py:188} INFO - [2026-01-06T14:23:35.352+1100] {dag.py:3089} INFO - Sync 1 DAGs
[2026-01-06T14:23:35.358+1100] {logging_mixin.py:188} INFO - [2026-01-06T14:23:35.358+1100] {dag.py:3947} INFO - Setting next_dagrun for example_dynamic_task_mapping to 2022-03-04 00:00:00+00:00, run_after=2022-03-05 00:00:00+00:00
[2026-01-06T14:23:35.365+1100] {processor.py:183} INFO - Processing /Users/fionatham/Documents/Projects/vogue_data_pipeline/venv/lib/python3.11/site-packages/airflow/example_dags/example_dynamic_task_mapping.py took 0.072 seconds
[2026-01-06T14:25:23.978+1100] {processor.py:161} INFO - Started process (PID=90399) to work on /Users/fionatham/Documents/Projects/vogue_data_pipeline/venv/lib/python3.11/site-packages/airflow/example_dags/example_dynamic_task_mapping.py
[2026-01-06T14:25:23.979+1100] {processor.py:830} INFO - Processing file /Users/fionatham/Documents/Projects/vogue_data_pipeline/venv/lib/python3.11/site-packages/airflow/example_dags/example_dynamic_task_mapping.py for tasks to queue
[2026-01-06T14:25:23.979+1100] {logging_mixin.py:188} INFO - [2026-01-06T14:25:23.979+1100] {dagbag.py:545} INFO - Filling up the DagBag from /Users/fionatham/Documents/Projects/vogue_data_pipeline/venv/lib/python3.11/site-packages/airflow/example_dags/example_dynamic_task_mapping.py
[2026-01-06T14:25:23.996+1100] {processor.py:840} INFO - DAG(s) 'example_dynamic_task_mapping' retrieved from /Users/fionatham/Documents/Projects/vogue_data_pipeline/venv/lib/python3.11/site-packages/airflow/example_dags/example_dynamic_task_mapping.py
[2026-01-06T14:25:24.042+1100] {logging_mixin.py:188} INFO - [2026-01-06T14:25:24.042+1100] {dag.py:3089} INFO - Sync 1 DAGs
[2026-01-06T14:25:24.050+1100] {logging_mixin.py:188} INFO - [2026-01-06T14:25:24.050+1100] {dag.py:3947} INFO - Setting next_dagrun for example_dynamic_task_mapping to 2022-03-04 00:00:00+00:00, run_after=2022-03-05 00:00:00+00:00
[2026-01-06T14:25:24.058+1100] {processor.py:183} INFO - Processing /Users/fionatham/Documents/Projects/vogue_data_pipeline/venv/lib/python3.11/site-packages/airflow/example_dags/example_dynamic_task_mapping.py took 0.081 seconds
[2026-01-06T14:27:23.628+1100] {processor.py:161} INFO - Started process (PID=90694) to work on /Users/fionatham/Documents/Projects/vogue_data_pipeline/venv/lib/python3.11/site-packages/airflow/example_dags/example_dynamic_task_mapping.py
[2026-01-06T14:27:23.630+1100] {processor.py:830} INFO - Processing file /Users/fionatham/Documents/Projects/vogue_data_pipeline/venv/lib/python3.11/site-packages/airflow/example_dags/example_dynamic_task_mapping.py for tasks to queue
[2026-01-06T14:27:23.630+1100] {logging_mixin.py:188} INFO - [2026-01-06T14:27:23.630+1100] {dagbag.py:545} INFO - Filling up the DagBag from /Users/fionatham/Documents/Projects/vogue_data_pipeline/venv/lib/python3.11/site-packages/airflow/example_dags/example_dynamic_task_mapping.py
[2026-01-06T14:27:23.646+1100] {processor.py:840} INFO - DAG(s) 'example_dynamic_task_mapping' retrieved from /Users/fionatham/Documents/Projects/vogue_data_pipeline/venv/lib/python3.11/site-packages/airflow/example_dags/example_dynamic_task_mapping.py
[2026-01-06T14:27:23.688+1100] {logging_mixin.py:188} INFO - [2026-01-06T14:27:23.688+1100] {dag.py:3089} INFO - Sync 1 DAGs
[2026-01-06T14:27:23.695+1100] {logging_mixin.py:188} INFO - [2026-01-06T14:27:23.695+1100] {dag.py:3947} INFO - Setting next_dagrun for example_dynamic_task_mapping to 2022-03-04 00:00:00+00:00, run_after=2022-03-05 00:00:00+00:00
[2026-01-06T14:27:23.702+1100] {processor.py:183} INFO - Processing /Users/fionatham/Documents/Projects/vogue_data_pipeline/venv/lib/python3.11/site-packages/airflow/example_dags/example_dynamic_task_mapping.py took 0.075 seconds
[2026-01-06T14:29:20.745+1100] {processor.py:161} INFO - Started process (PID=91062) to work on /Users/fionatham/Documents/Projects/vogue_data_pipeline/venv/lib/python3.11/site-packages/airflow/example_dags/example_dynamic_task_mapping.py
[2026-01-06T14:29:20.746+1100] {processor.py:830} INFO - Processing file /Users/fionatham/Documents/Projects/vogue_data_pipeline/venv/lib/python3.11/site-packages/airflow/example_dags/example_dynamic_task_mapping.py for tasks to queue
[2026-01-06T14:29:20.746+1100] {logging_mixin.py:188} INFO - [2026-01-06T14:29:20.746+1100] {dagbag.py:545} INFO - Filling up the DagBag from /Users/fionatham/Documents/Projects/vogue_data_pipeline/venv/lib/python3.11/site-packages/airflow/example_dags/example_dynamic_task_mapping.py
[2026-01-06T14:29:20.763+1100] {processor.py:840} INFO - DAG(s) 'example_dynamic_task_mapping' retrieved from /Users/fionatham/Documents/Projects/vogue_data_pipeline/venv/lib/python3.11/site-packages/airflow/example_dags/example_dynamic_task_mapping.py
[2026-01-06T14:29:20.805+1100] {logging_mixin.py:188} INFO - [2026-01-06T14:29:20.805+1100] {dag.py:3089} INFO - Sync 1 DAGs
[2026-01-06T14:29:20.813+1100] {logging_mixin.py:188} INFO - [2026-01-06T14:29:20.812+1100] {dag.py:3947} INFO - Setting next_dagrun for example_dynamic_task_mapping to 2022-03-04 00:00:00+00:00, run_after=2022-03-05 00:00:00+00:00
[2026-01-06T14:29:20.820+1100] {processor.py:183} INFO - Processing /Users/fionatham/Documents/Projects/vogue_data_pipeline/venv/lib/python3.11/site-packages/airflow/example_dags/example_dynamic_task_mapping.py took 0.076 seconds
[2026-01-06T14:31:20.945+1100] {processor.py:161} INFO - Started process (PID=91725) to work on /Users/fionatham/Documents/Projects/vogue_data_pipeline/venv/lib/python3.11/site-packages/airflow/example_dags/example_dynamic_task_mapping.py
[2026-01-06T14:31:20.947+1100] {processor.py:830} INFO - Processing file /Users/fionatham/Documents/Projects/vogue_data_pipeline/venv/lib/python3.11/site-packages/airflow/example_dags/example_dynamic_task_mapping.py for tasks to queue
[2026-01-06T14:31:20.947+1100] {logging_mixin.py:188} INFO - [2026-01-06T14:31:20.947+1100] {dagbag.py:545} INFO - Filling up the DagBag from /Users/fionatham/Documents/Projects/vogue_data_pipeline/venv/lib/python3.11/site-packages/airflow/example_dags/example_dynamic_task_mapping.py
[2026-01-06T14:31:20.963+1100] {processor.py:840} INFO - DAG(s) 'example_dynamic_task_mapping' retrieved from /Users/fionatham/Documents/Projects/vogue_data_pipeline/venv/lib/python3.11/site-packages/airflow/example_dags/example_dynamic_task_mapping.py
[2026-01-06T14:31:21.008+1100] {logging_mixin.py:188} INFO - [2026-01-06T14:31:21.008+1100] {dag.py:3089} INFO - Sync 1 DAGs
[2026-01-06T14:31:21.016+1100] {logging_mixin.py:188} INFO - [2026-01-06T14:31:21.015+1100] {dag.py:3947} INFO - Setting next_dagrun for example_dynamic_task_mapping to 2022-03-04 00:00:00+00:00, run_after=2022-03-05 00:00:00+00:00
[2026-01-06T14:31:21.023+1100] {processor.py:183} INFO - Processing /Users/fionatham/Documents/Projects/vogue_data_pipeline/venv/lib/python3.11/site-packages/airflow/example_dags/example_dynamic_task_mapping.py took 0.080 seconds
[2026-01-06T14:33:23.243+1100] {processor.py:161} INFO - Started process (PID=92223) to work on /Users/fionatham/Documents/Projects/vogue_data_pipeline/venv/lib/python3.11/site-packages/airflow/example_dags/example_dynamic_task_mapping.py
[2026-01-06T14:33:23.243+1100] {processor.py:830} INFO - Processing file /Users/fionatham/Documents/Projects/vogue_data_pipeline/venv/lib/python3.11/site-packages/airflow/example_dags/example_dynamic_task_mapping.py for tasks to queue
[2026-01-06T14:33:23.244+1100] {logging_mixin.py:188} INFO - [2026-01-06T14:33:23.244+1100] {dagbag.py:545} INFO - Filling up the DagBag from /Users/fionatham/Documents/Projects/vogue_data_pipeline/venv/lib/python3.11/site-packages/airflow/example_dags/example_dynamic_task_mapping.py
[2026-01-06T14:33:23.262+1100] {processor.py:840} INFO - DAG(s) 'example_dynamic_task_mapping' retrieved from /Users/fionatham/Documents/Projects/vogue_data_pipeline/venv/lib/python3.11/site-packages/airflow/example_dags/example_dynamic_task_mapping.py
[2026-01-06T14:33:23.308+1100] {logging_mixin.py:188} INFO - [2026-01-06T14:33:23.308+1100] {dag.py:3089} INFO - Sync 1 DAGs
[2026-01-06T14:33:23.316+1100] {logging_mixin.py:188} INFO - [2026-01-06T14:33:23.316+1100] {dag.py:3947} INFO - Setting next_dagrun for example_dynamic_task_mapping to 2022-03-04 00:00:00+00:00, run_after=2022-03-05 00:00:00+00:00
[2026-01-06T14:33:23.325+1100] {processor.py:183} INFO - Processing /Users/fionatham/Documents/Projects/vogue_data_pipeline/venv/lib/python3.11/site-packages/airflow/example_dags/example_dynamic_task_mapping.py took 0.084 seconds
[2026-01-06T14:35:17.188+1100] {processor.py:161} INFO - Started process (PID=92472) to work on /Users/fionatham/Documents/Projects/vogue_data_pipeline/venv/lib/python3.11/site-packages/airflow/example_dags/example_dynamic_task_mapping.py
[2026-01-06T14:35:17.188+1100] {processor.py:830} INFO - Processing file /Users/fionatham/Documents/Projects/vogue_data_pipeline/venv/lib/python3.11/site-packages/airflow/example_dags/example_dynamic_task_mapping.py for tasks to queue
[2026-01-06T14:35:17.189+1100] {logging_mixin.py:188} INFO - [2026-01-06T14:35:17.189+1100] {dagbag.py:545} INFO - Filling up the DagBag from /Users/fionatham/Documents/Projects/vogue_data_pipeline/venv/lib/python3.11/site-packages/airflow/example_dags/example_dynamic_task_mapping.py
[2026-01-06T14:35:17.206+1100] {processor.py:840} INFO - DAG(s) 'example_dynamic_task_mapping' retrieved from /Users/fionatham/Documents/Projects/vogue_data_pipeline/venv/lib/python3.11/site-packages/airflow/example_dags/example_dynamic_task_mapping.py
[2026-01-06T14:35:17.251+1100] {logging_mixin.py:188} INFO - [2026-01-06T14:35:17.251+1100] {dag.py:3089} INFO - Sync 1 DAGs
[2026-01-06T14:35:17.258+1100] {logging_mixin.py:188} INFO - [2026-01-06T14:35:17.258+1100] {dag.py:3947} INFO - Setting next_dagrun for example_dynamic_task_mapping to 2022-03-04 00:00:00+00:00, run_after=2022-03-05 00:00:00+00:00
[2026-01-06T14:35:17.269+1100] {processor.py:183} INFO - Processing /Users/fionatham/Documents/Projects/vogue_data_pipeline/venv/lib/python3.11/site-packages/airflow/example_dags/example_dynamic_task_mapping.py took 0.083 seconds
[2026-01-06T14:37:19.566+1100] {processor.py:161} INFO - Started process (PID=92692) to work on /Users/fionatham/Documents/Projects/vogue_data_pipeline/venv/lib/python3.11/site-packages/airflow/example_dags/example_dynamic_task_mapping.py
[2026-01-06T14:37:19.568+1100] {processor.py:830} INFO - Processing file /Users/fionatham/Documents/Projects/vogue_data_pipeline/venv/lib/python3.11/site-packages/airflow/example_dags/example_dynamic_task_mapping.py for tasks to queue
[2026-01-06T14:37:19.568+1100] {logging_mixin.py:188} INFO - [2026-01-06T14:37:19.568+1100] {dagbag.py:545} INFO - Filling up the DagBag from /Users/fionatham/Documents/Projects/vogue_data_pipeline/venv/lib/python3.11/site-packages/airflow/example_dags/example_dynamic_task_mapping.py
[2026-01-06T14:37:19.585+1100] {processor.py:840} INFO - DAG(s) 'example_dynamic_task_mapping' retrieved from /Users/fionatham/Documents/Projects/vogue_data_pipeline/venv/lib/python3.11/site-packages/airflow/example_dags/example_dynamic_task_mapping.py
[2026-01-06T14:37:19.630+1100] {logging_mixin.py:188} INFO - [2026-01-06T14:37:19.630+1100] {dag.py:3089} INFO - Sync 1 DAGs
[2026-01-06T14:37:19.636+1100] {logging_mixin.py:188} INFO - [2026-01-06T14:37:19.636+1100] {dag.py:3947} INFO - Setting next_dagrun for example_dynamic_task_mapping to 2022-03-04 00:00:00+00:00, run_after=2022-03-05 00:00:00+00:00
[2026-01-06T14:37:19.644+1100] {processor.py:183} INFO - Processing /Users/fionatham/Documents/Projects/vogue_data_pipeline/venv/lib/python3.11/site-packages/airflow/example_dags/example_dynamic_task_mapping.py took 0.079 seconds
[2026-01-06T14:39:21.388+1100] {processor.py:161} INFO - Started process (PID=92890) to work on /Users/fionatham/Documents/Projects/vogue_data_pipeline/venv/lib/python3.11/site-packages/airflow/example_dags/example_dynamic_task_mapping.py
[2026-01-06T14:39:21.388+1100] {processor.py:830} INFO - Processing file /Users/fionatham/Documents/Projects/vogue_data_pipeline/venv/lib/python3.11/site-packages/airflow/example_dags/example_dynamic_task_mapping.py for tasks to queue
[2026-01-06T14:39:21.389+1100] {logging_mixin.py:188} INFO - [2026-01-06T14:39:21.389+1100] {dagbag.py:545} INFO - Filling up the DagBag from /Users/fionatham/Documents/Projects/vogue_data_pipeline/venv/lib/python3.11/site-packages/airflow/example_dags/example_dynamic_task_mapping.py
[2026-01-06T14:39:21.406+1100] {processor.py:840} INFO - DAG(s) 'example_dynamic_task_mapping' retrieved from /Users/fionatham/Documents/Projects/vogue_data_pipeline/venv/lib/python3.11/site-packages/airflow/example_dags/example_dynamic_task_mapping.py
[2026-01-06T14:39:21.450+1100] {logging_mixin.py:188} INFO - [2026-01-06T14:39:21.449+1100] {dag.py:3089} INFO - Sync 1 DAGs
[2026-01-06T14:39:21.458+1100] {logging_mixin.py:188} INFO - [2026-01-06T14:39:21.458+1100] {dag.py:3947} INFO - Setting next_dagrun for example_dynamic_task_mapping to 2022-03-04 00:00:00+00:00, run_after=2022-03-05 00:00:00+00:00
[2026-01-06T14:39:21.466+1100] {processor.py:183} INFO - Processing /Users/fionatham/Documents/Projects/vogue_data_pipeline/venv/lib/python3.11/site-packages/airflow/example_dags/example_dynamic_task_mapping.py took 0.079 seconds
[2026-01-06T14:41:10.397+1100] {processor.py:161} INFO - Started process (PID=92964) to work on /Users/fionatham/Documents/Projects/vogue_data_pipeline/venv/lib/python3.11/site-packages/airflow/example_dags/example_dynamic_task_mapping.py
[2026-01-06T14:41:10.398+1100] {processor.py:830} INFO - Processing file /Users/fionatham/Documents/Projects/vogue_data_pipeline/venv/lib/python3.11/site-packages/airflow/example_dags/example_dynamic_task_mapping.py for tasks to queue
[2026-01-06T14:41:10.399+1100] {logging_mixin.py:188} INFO - [2026-01-06T14:41:10.399+1100] {dagbag.py:545} INFO - Filling up the DagBag from /Users/fionatham/Documents/Projects/vogue_data_pipeline/venv/lib/python3.11/site-packages/airflow/example_dags/example_dynamic_task_mapping.py
[2026-01-06T14:41:10.415+1100] {processor.py:840} INFO - DAG(s) 'example_dynamic_task_mapping' retrieved from /Users/fionatham/Documents/Projects/vogue_data_pipeline/venv/lib/python3.11/site-packages/airflow/example_dags/example_dynamic_task_mapping.py
[2026-01-06T14:41:10.458+1100] {logging_mixin.py:188} INFO - [2026-01-06T14:41:10.458+1100] {dag.py:3089} INFO - Sync 1 DAGs
[2026-01-06T14:41:10.465+1100] {logging_mixin.py:188} INFO - [2026-01-06T14:41:10.464+1100] {dag.py:3947} INFO - Setting next_dagrun for example_dynamic_task_mapping to 2022-03-04 00:00:00+00:00, run_after=2022-03-05 00:00:00+00:00
[2026-01-06T14:41:10.472+1100] {processor.py:183} INFO - Processing /Users/fionatham/Documents/Projects/vogue_data_pipeline/venv/lib/python3.11/site-packages/airflow/example_dags/example_dynamic_task_mapping.py took 0.076 seconds
[2026-01-06T14:43:06.637+1100] {processor.py:161} INFO - Started process (PID=93045) to work on /Users/fionatham/Documents/Projects/vogue_data_pipeline/venv/lib/python3.11/site-packages/airflow/example_dags/example_dynamic_task_mapping.py
[2026-01-06T14:43:06.638+1100] {processor.py:830} INFO - Processing file /Users/fionatham/Documents/Projects/vogue_data_pipeline/venv/lib/python3.11/site-packages/airflow/example_dags/example_dynamic_task_mapping.py for tasks to queue
[2026-01-06T14:43:06.638+1100] {logging_mixin.py:188} INFO - [2026-01-06T14:43:06.638+1100] {dagbag.py:545} INFO - Filling up the DagBag from /Users/fionatham/Documents/Projects/vogue_data_pipeline/venv/lib/python3.11/site-packages/airflow/example_dags/example_dynamic_task_mapping.py
[2026-01-06T14:43:06.655+1100] {processor.py:840} INFO - DAG(s) 'example_dynamic_task_mapping' retrieved from /Users/fionatham/Documents/Projects/vogue_data_pipeline/venv/lib/python3.11/site-packages/airflow/example_dags/example_dynamic_task_mapping.py
[2026-01-06T14:43:06.699+1100] {logging_mixin.py:188} INFO - [2026-01-06T14:43:06.699+1100] {dag.py:3089} INFO - Sync 1 DAGs
[2026-01-06T14:43:06.705+1100] {logging_mixin.py:188} INFO - [2026-01-06T14:43:06.705+1100] {dag.py:3947} INFO - Setting next_dagrun for example_dynamic_task_mapping to 2022-03-04 00:00:00+00:00, run_after=2022-03-05 00:00:00+00:00
[2026-01-06T14:43:06.712+1100] {processor.py:183} INFO - Processing /Users/fionatham/Documents/Projects/vogue_data_pipeline/venv/lib/python3.11/site-packages/airflow/example_dags/example_dynamic_task_mapping.py took 0.077 seconds
[2026-01-06T14:45:06.768+1100] {processor.py:161} INFO - Started process (PID=93123) to work on /Users/fionatham/Documents/Projects/vogue_data_pipeline/venv/lib/python3.11/site-packages/airflow/example_dags/example_dynamic_task_mapping.py
[2026-01-06T14:45:06.769+1100] {processor.py:830} INFO - Processing file /Users/fionatham/Documents/Projects/vogue_data_pipeline/venv/lib/python3.11/site-packages/airflow/example_dags/example_dynamic_task_mapping.py for tasks to queue
[2026-01-06T14:45:06.770+1100] {logging_mixin.py:188} INFO - [2026-01-06T14:45:06.770+1100] {dagbag.py:545} INFO - Filling up the DagBag from /Users/fionatham/Documents/Projects/vogue_data_pipeline/venv/lib/python3.11/site-packages/airflow/example_dags/example_dynamic_task_mapping.py
[2026-01-06T14:45:06.787+1100] {processor.py:840} INFO - DAG(s) 'example_dynamic_task_mapping' retrieved from /Users/fionatham/Documents/Projects/vogue_data_pipeline/venv/lib/python3.11/site-packages/airflow/example_dags/example_dynamic_task_mapping.py
[2026-01-06T14:45:06.831+1100] {logging_mixin.py:188} INFO - [2026-01-06T14:45:06.831+1100] {dag.py:3089} INFO - Sync 1 DAGs
[2026-01-06T14:45:06.838+1100] {logging_mixin.py:188} INFO - [2026-01-06T14:45:06.838+1100] {dag.py:3947} INFO - Setting next_dagrun for example_dynamic_task_mapping to 2022-03-04 00:00:00+00:00, run_after=2022-03-05 00:00:00+00:00
[2026-01-06T14:45:06.846+1100] {processor.py:183} INFO - Processing /Users/fionatham/Documents/Projects/vogue_data_pipeline/venv/lib/python3.11/site-packages/airflow/example_dags/example_dynamic_task_mapping.py took 0.079 seconds
[2026-01-06T14:46:59.854+1100] {processor.py:161} INFO - Started process (PID=93211) to work on /Users/fionatham/Documents/Projects/vogue_data_pipeline/venv/lib/python3.11/site-packages/airflow/example_dags/example_dynamic_task_mapping.py
[2026-01-06T14:46:59.855+1100] {processor.py:830} INFO - Processing file /Users/fionatham/Documents/Projects/vogue_data_pipeline/venv/lib/python3.11/site-packages/airflow/example_dags/example_dynamic_task_mapping.py for tasks to queue
[2026-01-06T14:46:59.856+1100] {logging_mixin.py:188} INFO - [2026-01-06T14:46:59.855+1100] {dagbag.py:545} INFO - Filling up the DagBag from /Users/fionatham/Documents/Projects/vogue_data_pipeline/venv/lib/python3.11/site-packages/airflow/example_dags/example_dynamic_task_mapping.py
[2026-01-06T14:46:59.872+1100] {processor.py:840} INFO - DAG(s) 'example_dynamic_task_mapping' retrieved from /Users/fionatham/Documents/Projects/vogue_data_pipeline/venv/lib/python3.11/site-packages/airflow/example_dags/example_dynamic_task_mapping.py
[2026-01-06T14:46:59.915+1100] {logging_mixin.py:188} INFO - [2026-01-06T14:46:59.914+1100] {dag.py:3089} INFO - Sync 1 DAGs
[2026-01-06T14:46:59.921+1100] {logging_mixin.py:188} INFO - [2026-01-06T14:46:59.921+1100] {dag.py:3947} INFO - Setting next_dagrun for example_dynamic_task_mapping to 2022-03-04 00:00:00+00:00, run_after=2022-03-05 00:00:00+00:00
[2026-01-06T14:46:59.928+1100] {processor.py:183} INFO - Processing /Users/fionatham/Documents/Projects/vogue_data_pipeline/venv/lib/python3.11/site-packages/airflow/example_dags/example_dynamic_task_mapping.py took 0.076 seconds
[2026-01-06T14:48:59.783+1100] {processor.py:161} INFO - Started process (PID=93293) to work on /Users/fionatham/Documents/Projects/vogue_data_pipeline/venv/lib/python3.11/site-packages/airflow/example_dags/example_dynamic_task_mapping.py
[2026-01-06T14:48:59.784+1100] {processor.py:830} INFO - Processing file /Users/fionatham/Documents/Projects/vogue_data_pipeline/venv/lib/python3.11/site-packages/airflow/example_dags/example_dynamic_task_mapping.py for tasks to queue
[2026-01-06T14:48:59.785+1100] {logging_mixin.py:188} INFO - [2026-01-06T14:48:59.784+1100] {dagbag.py:545} INFO - Filling up the DagBag from /Users/fionatham/Documents/Projects/vogue_data_pipeline/venv/lib/python3.11/site-packages/airflow/example_dags/example_dynamic_task_mapping.py
[2026-01-06T14:48:59.800+1100] {processor.py:840} INFO - DAG(s) 'example_dynamic_task_mapping' retrieved from /Users/fionatham/Documents/Projects/vogue_data_pipeline/venv/lib/python3.11/site-packages/airflow/example_dags/example_dynamic_task_mapping.py
[2026-01-06T14:48:59.842+1100] {logging_mixin.py:188} INFO - [2026-01-06T14:48:59.842+1100] {dag.py:3089} INFO - Sync 1 DAGs
[2026-01-06T14:48:59.848+1100] {logging_mixin.py:188} INFO - [2026-01-06T14:48:59.848+1100] {dag.py:3947} INFO - Setting next_dagrun for example_dynamic_task_mapping to 2022-03-04 00:00:00+00:00, run_after=2022-03-05 00:00:00+00:00
[2026-01-06T14:48:59.857+1100] {processor.py:183} INFO - Processing /Users/fionatham/Documents/Projects/vogue_data_pipeline/venv/lib/python3.11/site-packages/airflow/example_dags/example_dynamic_task_mapping.py took 0.075 seconds
[2026-01-06T14:50:55.140+1100] {processor.py:161} INFO - Started process (PID=93389) to work on /Users/fionatham/Documents/Projects/vogue_data_pipeline/venv/lib/python3.11/site-packages/airflow/example_dags/example_dynamic_task_mapping.py
[2026-01-06T14:50:55.141+1100] {processor.py:830} INFO - Processing file /Users/fionatham/Documents/Projects/vogue_data_pipeline/venv/lib/python3.11/site-packages/airflow/example_dags/example_dynamic_task_mapping.py for tasks to queue
[2026-01-06T14:50:55.141+1100] {logging_mixin.py:188} INFO - [2026-01-06T14:50:55.141+1100] {dagbag.py:545} INFO - Filling up the DagBag from /Users/fionatham/Documents/Projects/vogue_data_pipeline/venv/lib/python3.11/site-packages/airflow/example_dags/example_dynamic_task_mapping.py
[2026-01-06T14:50:55.157+1100] {processor.py:840} INFO - DAG(s) 'example_dynamic_task_mapping' retrieved from /Users/fionatham/Documents/Projects/vogue_data_pipeline/venv/lib/python3.11/site-packages/airflow/example_dags/example_dynamic_task_mapping.py
[2026-01-06T14:50:55.203+1100] {logging_mixin.py:188} INFO - [2026-01-06T14:50:55.203+1100] {dag.py:3089} INFO - Sync 1 DAGs
[2026-01-06T14:50:55.211+1100] {logging_mixin.py:188} INFO - [2026-01-06T14:50:55.211+1100] {dag.py:3947} INFO - Setting next_dagrun for example_dynamic_task_mapping to 2022-03-04 00:00:00+00:00, run_after=2022-03-05 00:00:00+00:00
[2026-01-06T14:50:55.218+1100] {processor.py:183} INFO - Processing /Users/fionatham/Documents/Projects/vogue_data_pipeline/venv/lib/python3.11/site-packages/airflow/example_dags/example_dynamic_task_mapping.py took 0.080 seconds
[2026-01-06T14:52:48.773+1100] {processor.py:161} INFO - Started process (PID=93504) to work on /Users/fionatham/Documents/Projects/vogue_data_pipeline/venv/lib/python3.11/site-packages/airflow/example_dags/example_dynamic_task_mapping.py
[2026-01-06T14:52:48.774+1100] {processor.py:830} INFO - Processing file /Users/fionatham/Documents/Projects/vogue_data_pipeline/venv/lib/python3.11/site-packages/airflow/example_dags/example_dynamic_task_mapping.py for tasks to queue
[2026-01-06T14:52:48.774+1100] {logging_mixin.py:188} INFO - [2026-01-06T14:52:48.774+1100] {dagbag.py:545} INFO - Filling up the DagBag from /Users/fionatham/Documents/Projects/vogue_data_pipeline/venv/lib/python3.11/site-packages/airflow/example_dags/example_dynamic_task_mapping.py
[2026-01-06T14:52:48.790+1100] {processor.py:840} INFO - DAG(s) 'example_dynamic_task_mapping' retrieved from /Users/fionatham/Documents/Projects/vogue_data_pipeline/venv/lib/python3.11/site-packages/airflow/example_dags/example_dynamic_task_mapping.py
[2026-01-06T14:52:48.832+1100] {logging_mixin.py:188} INFO - [2026-01-06T14:52:48.832+1100] {dag.py:3089} INFO - Sync 1 DAGs
[2026-01-06T14:52:48.840+1100] {logging_mixin.py:188} INFO - [2026-01-06T14:52:48.839+1100] {dag.py:3947} INFO - Setting next_dagrun for example_dynamic_task_mapping to 2022-03-04 00:00:00+00:00, run_after=2022-03-05 00:00:00+00:00
[2026-01-06T14:52:48.847+1100] {processor.py:183} INFO - Processing /Users/fionatham/Documents/Projects/vogue_data_pipeline/venv/lib/python3.11/site-packages/airflow/example_dags/example_dynamic_task_mapping.py took 0.076 seconds
[2026-01-06T14:54:46.496+1100] {processor.py:161} INFO - Started process (PID=93687) to work on /Users/fionatham/Documents/Projects/vogue_data_pipeline/venv/lib/python3.11/site-packages/airflow/example_dags/example_dynamic_task_mapping.py
[2026-01-06T14:54:46.497+1100] {processor.py:830} INFO - Processing file /Users/fionatham/Documents/Projects/vogue_data_pipeline/venv/lib/python3.11/site-packages/airflow/example_dags/example_dynamic_task_mapping.py for tasks to queue
[2026-01-06T14:54:46.497+1100] {logging_mixin.py:188} INFO - [2026-01-06T14:54:46.497+1100] {dagbag.py:545} INFO - Filling up the DagBag from /Users/fionatham/Documents/Projects/vogue_data_pipeline/venv/lib/python3.11/site-packages/airflow/example_dags/example_dynamic_task_mapping.py
[2026-01-06T14:54:46.513+1100] {processor.py:840} INFO - DAG(s) 'example_dynamic_task_mapping' retrieved from /Users/fionatham/Documents/Projects/vogue_data_pipeline/venv/lib/python3.11/site-packages/airflow/example_dags/example_dynamic_task_mapping.py
[2026-01-06T14:54:46.554+1100] {logging_mixin.py:188} INFO - [2026-01-06T14:54:46.554+1100] {dag.py:3089} INFO - Sync 1 DAGs
[2026-01-06T14:54:46.560+1100] {logging_mixin.py:188} INFO - [2026-01-06T14:54:46.560+1100] {dag.py:3947} INFO - Setting next_dagrun for example_dynamic_task_mapping to 2022-03-04 00:00:00+00:00, run_after=2022-03-05 00:00:00+00:00
[2026-01-06T14:54:46.567+1100] {processor.py:183} INFO - Processing /Users/fionatham/Documents/Projects/vogue_data_pipeline/venv/lib/python3.11/site-packages/airflow/example_dags/example_dynamic_task_mapping.py took 0.072 seconds
[2026-01-06T14:56:45.189+1100] {processor.py:161} INFO - Started process (PID=93817) to work on /Users/fionatham/Documents/Projects/vogue_data_pipeline/venv/lib/python3.11/site-packages/airflow/example_dags/example_dynamic_task_mapping.py
[2026-01-06T14:56:45.191+1100] {processor.py:830} INFO - Processing file /Users/fionatham/Documents/Projects/vogue_data_pipeline/venv/lib/python3.11/site-packages/airflow/example_dags/example_dynamic_task_mapping.py for tasks to queue
[2026-01-06T14:56:45.191+1100] {logging_mixin.py:188} INFO - [2026-01-06T14:56:45.191+1100] {dagbag.py:545} INFO - Filling up the DagBag from /Users/fionatham/Documents/Projects/vogue_data_pipeline/venv/lib/python3.11/site-packages/airflow/example_dags/example_dynamic_task_mapping.py
[2026-01-06T14:56:45.208+1100] {processor.py:840} INFO - DAG(s) 'example_dynamic_task_mapping' retrieved from /Users/fionatham/Documents/Projects/vogue_data_pipeline/venv/lib/python3.11/site-packages/airflow/example_dags/example_dynamic_task_mapping.py
[2026-01-06T14:56:45.249+1100] {logging_mixin.py:188} INFO - [2026-01-06T14:56:45.249+1100] {dag.py:3089} INFO - Sync 1 DAGs
[2026-01-06T14:56:45.255+1100] {logging_mixin.py:188} INFO - [2026-01-06T14:56:45.255+1100] {dag.py:3947} INFO - Setting next_dagrun for example_dynamic_task_mapping to 2022-03-04 00:00:00+00:00, run_after=2022-03-05 00:00:00+00:00
[2026-01-06T14:56:45.262+1100] {processor.py:183} INFO - Processing /Users/fionatham/Documents/Projects/vogue_data_pipeline/venv/lib/python3.11/site-packages/airflow/example_dags/example_dynamic_task_mapping.py took 0.074 seconds
[2026-01-06T14:58:40.028+1100] {processor.py:161} INFO - Started process (PID=93937) to work on /Users/fionatham/Documents/Projects/vogue_data_pipeline/venv/lib/python3.11/site-packages/airflow/example_dags/example_dynamic_task_mapping.py
[2026-01-06T14:58:40.029+1100] {processor.py:830} INFO - Processing file /Users/fionatham/Documents/Projects/vogue_data_pipeline/venv/lib/python3.11/site-packages/airflow/example_dags/example_dynamic_task_mapping.py for tasks to queue
[2026-01-06T14:58:40.029+1100] {logging_mixin.py:188} INFO - [2026-01-06T14:58:40.029+1100] {dagbag.py:545} INFO - Filling up the DagBag from /Users/fionatham/Documents/Projects/vogue_data_pipeline/venv/lib/python3.11/site-packages/airflow/example_dags/example_dynamic_task_mapping.py
[2026-01-06T14:58:40.046+1100] {processor.py:840} INFO - DAG(s) 'example_dynamic_task_mapping' retrieved from /Users/fionatham/Documents/Projects/vogue_data_pipeline/venv/lib/python3.11/site-packages/airflow/example_dags/example_dynamic_task_mapping.py
[2026-01-06T14:58:40.091+1100] {logging_mixin.py:188} INFO - [2026-01-06T14:58:40.091+1100] {dag.py:3089} INFO - Sync 1 DAGs
[2026-01-06T14:58:40.103+1100] {logging_mixin.py:188} INFO - [2026-01-06T14:58:40.103+1100] {dag.py:3947} INFO - Setting next_dagrun for example_dynamic_task_mapping to 2022-03-04 00:00:00+00:00, run_after=2022-03-05 00:00:00+00:00
[2026-01-06T14:58:40.114+1100] {processor.py:183} INFO - Processing /Users/fionatham/Documents/Projects/vogue_data_pipeline/venv/lib/python3.11/site-packages/airflow/example_dags/example_dynamic_task_mapping.py took 0.087 seconds
[2026-01-06T15:00:40.418+1100] {processor.py:161} INFO - Started process (PID=94118) to work on /Users/fionatham/Documents/Projects/vogue_data_pipeline/venv/lib/python3.11/site-packages/airflow/example_dags/example_dynamic_task_mapping.py
[2026-01-06T15:00:40.419+1100] {processor.py:830} INFO - Processing file /Users/fionatham/Documents/Projects/vogue_data_pipeline/venv/lib/python3.11/site-packages/airflow/example_dags/example_dynamic_task_mapping.py for tasks to queue
[2026-01-06T15:00:40.419+1100] {logging_mixin.py:188} INFO - [2026-01-06T15:00:40.419+1100] {dagbag.py:545} INFO - Filling up the DagBag from /Users/fionatham/Documents/Projects/vogue_data_pipeline/venv/lib/python3.11/site-packages/airflow/example_dags/example_dynamic_task_mapping.py
[2026-01-06T15:00:40.436+1100] {processor.py:840} INFO - DAG(s) 'example_dynamic_task_mapping' retrieved from /Users/fionatham/Documents/Projects/vogue_data_pipeline/venv/lib/python3.11/site-packages/airflow/example_dags/example_dynamic_task_mapping.py
[2026-01-06T15:00:40.479+1100] {logging_mixin.py:188} INFO - [2026-01-06T15:00:40.479+1100] {dag.py:3089} INFO - Sync 1 DAGs
[2026-01-06T15:00:40.486+1100] {logging_mixin.py:188} INFO - [2026-01-06T15:00:40.486+1100] {dag.py:3947} INFO - Setting next_dagrun for example_dynamic_task_mapping to 2022-03-04 00:00:00+00:00, run_after=2022-03-05 00:00:00+00:00
[2026-01-06T15:00:40.492+1100] {processor.py:183} INFO - Processing /Users/fionatham/Documents/Projects/vogue_data_pipeline/venv/lib/python3.11/site-packages/airflow/example_dags/example_dynamic_task_mapping.py took 0.075 seconds
[2026-01-06T15:02:41.342+1100] {processor.py:161} INFO - Started process (PID=94347) to work on /Users/fionatham/Documents/Projects/vogue_data_pipeline/venv/lib/python3.11/site-packages/airflow/example_dags/example_dynamic_task_mapping.py
[2026-01-06T15:02:41.342+1100] {processor.py:830} INFO - Processing file /Users/fionatham/Documents/Projects/vogue_data_pipeline/venv/lib/python3.11/site-packages/airflow/example_dags/example_dynamic_task_mapping.py for tasks to queue
[2026-01-06T15:02:41.343+1100] {logging_mixin.py:188} INFO - [2026-01-06T15:02:41.343+1100] {dagbag.py:545} INFO - Filling up the DagBag from /Users/fionatham/Documents/Projects/vogue_data_pipeline/venv/lib/python3.11/site-packages/airflow/example_dags/example_dynamic_task_mapping.py
[2026-01-06T15:02:41.360+1100] {processor.py:840} INFO - DAG(s) 'example_dynamic_task_mapping' retrieved from /Users/fionatham/Documents/Projects/vogue_data_pipeline/venv/lib/python3.11/site-packages/airflow/example_dags/example_dynamic_task_mapping.py
[2026-01-06T15:02:41.435+1100] {logging_mixin.py:188} INFO - [2026-01-06T15:02:41.434+1100] {dag.py:3089} INFO - Sync 1 DAGs
[2026-01-06T15:02:41.443+1100] {logging_mixin.py:188} INFO - [2026-01-06T15:02:41.443+1100] {dag.py:3947} INFO - Setting next_dagrun for example_dynamic_task_mapping to 2022-03-04 00:00:00+00:00, run_after=2022-03-05 00:00:00+00:00
[2026-01-06T15:02:41.452+1100] {processor.py:183} INFO - Processing /Users/fionatham/Documents/Projects/vogue_data_pipeline/venv/lib/python3.11/site-packages/airflow/example_dags/example_dynamic_task_mapping.py took 0.111 seconds
[2026-01-06T15:04:41.636+1100] {processor.py:161} INFO - Started process (PID=94582) to work on /Users/fionatham/Documents/Projects/vogue_data_pipeline/venv/lib/python3.11/site-packages/airflow/example_dags/example_dynamic_task_mapping.py
[2026-01-06T15:04:41.637+1100] {processor.py:830} INFO - Processing file /Users/fionatham/Documents/Projects/vogue_data_pipeline/venv/lib/python3.11/site-packages/airflow/example_dags/example_dynamic_task_mapping.py for tasks to queue
[2026-01-06T15:04:41.637+1100] {logging_mixin.py:188} INFO - [2026-01-06T15:04:41.637+1100] {dagbag.py:545} INFO - Filling up the DagBag from /Users/fionatham/Documents/Projects/vogue_data_pipeline/venv/lib/python3.11/site-packages/airflow/example_dags/example_dynamic_task_mapping.py
[2026-01-06T15:04:41.653+1100] {processor.py:840} INFO - DAG(s) 'example_dynamic_task_mapping' retrieved from /Users/fionatham/Documents/Projects/vogue_data_pipeline/venv/lib/python3.11/site-packages/airflow/example_dags/example_dynamic_task_mapping.py
[2026-01-06T15:04:41.694+1100] {logging_mixin.py:188} INFO - [2026-01-06T15:04:41.693+1100] {dag.py:3089} INFO - Sync 1 DAGs
[2026-01-06T15:04:41.700+1100] {logging_mixin.py:188} INFO - [2026-01-06T15:04:41.700+1100] {dag.py:3947} INFO - Setting next_dagrun for example_dynamic_task_mapping to 2022-03-04 00:00:00+00:00, run_after=2022-03-05 00:00:00+00:00
[2026-01-06T15:04:41.707+1100] {processor.py:183} INFO - Processing /Users/fionatham/Documents/Projects/vogue_data_pipeline/venv/lib/python3.11/site-packages/airflow/example_dags/example_dynamic_task_mapping.py took 0.072 seconds
[2026-01-06T15:06:40.671+1100] {processor.py:161} INFO - Started process (PID=94713) to work on /Users/fionatham/Documents/Projects/vogue_data_pipeline/venv/lib/python3.11/site-packages/airflow/example_dags/example_dynamic_task_mapping.py
[2026-01-06T15:06:40.673+1100] {processor.py:830} INFO - Processing file /Users/fionatham/Documents/Projects/vogue_data_pipeline/venv/lib/python3.11/site-packages/airflow/example_dags/example_dynamic_task_mapping.py for tasks to queue
[2026-01-06T15:06:40.673+1100] {logging_mixin.py:188} INFO - [2026-01-06T15:06:40.673+1100] {dagbag.py:545} INFO - Filling up the DagBag from /Users/fionatham/Documents/Projects/vogue_data_pipeline/venv/lib/python3.11/site-packages/airflow/example_dags/example_dynamic_task_mapping.py
[2026-01-06T15:06:40.690+1100] {processor.py:840} INFO - DAG(s) 'example_dynamic_task_mapping' retrieved from /Users/fionatham/Documents/Projects/vogue_data_pipeline/venv/lib/python3.11/site-packages/airflow/example_dags/example_dynamic_task_mapping.py
[2026-01-06T15:06:40.736+1100] {logging_mixin.py:188} INFO - [2026-01-06T15:06:40.735+1100] {dag.py:3089} INFO - Sync 1 DAGs
[2026-01-06T15:06:40.742+1100] {logging_mixin.py:188} INFO - [2026-01-06T15:06:40.742+1100] {dag.py:3947} INFO - Setting next_dagrun for example_dynamic_task_mapping to 2022-03-04 00:00:00+00:00, run_after=2022-03-05 00:00:00+00:00
[2026-01-06T15:06:40.750+1100] {processor.py:183} INFO - Processing /Users/fionatham/Documents/Projects/vogue_data_pipeline/venv/lib/python3.11/site-packages/airflow/example_dags/example_dynamic_task_mapping.py took 0.080 seconds
[2026-01-06T15:13:06.454+1100] {processor.py:161} INFO - Started process (PID=95290) to work on /Users/fionatham/Documents/Projects/vogue_data_pipeline/venv/lib/python3.11/site-packages/airflow/example_dags/example_dynamic_task_mapping.py
[2026-01-06T15:13:06.456+1100] {processor.py:830} INFO - Processing file /Users/fionatham/Documents/Projects/vogue_data_pipeline/venv/lib/python3.11/site-packages/airflow/example_dags/example_dynamic_task_mapping.py for tasks to queue
[2026-01-06T15:13:06.456+1100] {logging_mixin.py:188} INFO - [2026-01-06T15:13:06.456+1100] {dagbag.py:545} INFO - Filling up the DagBag from /Users/fionatham/Documents/Projects/vogue_data_pipeline/venv/lib/python3.11/site-packages/airflow/example_dags/example_dynamic_task_mapping.py
[2026-01-06T15:13:06.474+1100] {processor.py:840} INFO - DAG(s) 'example_dynamic_task_mapping' retrieved from /Users/fionatham/Documents/Projects/vogue_data_pipeline/venv/lib/python3.11/site-packages/airflow/example_dags/example_dynamic_task_mapping.py
[2026-01-06T15:13:06.520+1100] {logging_mixin.py:188} INFO - [2026-01-06T15:13:06.520+1100] {dag.py:3089} INFO - Sync 1 DAGs
[2026-01-06T15:13:06.527+1100] {logging_mixin.py:188} INFO - [2026-01-06T15:13:06.527+1100] {dag.py:3947} INFO - Setting next_dagrun for example_dynamic_task_mapping to 2022-03-04 00:00:00+00:00, run_after=2022-03-05 00:00:00+00:00
[2026-01-06T15:13:06.536+1100] {processor.py:183} INFO - Processing /Users/fionatham/Documents/Projects/vogue_data_pipeline/venv/lib/python3.11/site-packages/airflow/example_dags/example_dynamic_task_mapping.py took 0.084 seconds
[2026-01-06T16:05:25.902+1100] {processor.py:161} INFO - Started process (PID=95502) to work on /Users/fionatham/Documents/Projects/vogue_data_pipeline/venv/lib/python3.11/site-packages/airflow/example_dags/example_dynamic_task_mapping.py
[2026-01-06T16:05:25.902+1100] {processor.py:830} INFO - Processing file /Users/fionatham/Documents/Projects/vogue_data_pipeline/venv/lib/python3.11/site-packages/airflow/example_dags/example_dynamic_task_mapping.py for tasks to queue
[2026-01-06T16:05:25.903+1100] {logging_mixin.py:188} INFO - [2026-01-06T16:05:25.903+1100] {dagbag.py:545} INFO - Filling up the DagBag from /Users/fionatham/Documents/Projects/vogue_data_pipeline/venv/lib/python3.11/site-packages/airflow/example_dags/example_dynamic_task_mapping.py
[2026-01-06T16:05:25.919+1100] {processor.py:840} INFO - DAG(s) 'example_dynamic_task_mapping' retrieved from /Users/fionatham/Documents/Projects/vogue_data_pipeline/venv/lib/python3.11/site-packages/airflow/example_dags/example_dynamic_task_mapping.py
[2026-01-06T16:05:25.960+1100] {logging_mixin.py:188} INFO - [2026-01-06T16:05:25.960+1100] {dag.py:3089} INFO - Sync 1 DAGs
[2026-01-06T16:05:25.966+1100] {logging_mixin.py:188} INFO - [2026-01-06T16:05:25.966+1100] {dag.py:3947} INFO - Setting next_dagrun for example_dynamic_task_mapping to 2022-03-04 00:00:00+00:00, run_after=2022-03-05 00:00:00+00:00
[2026-01-06T16:05:25.973+1100] {processor.py:183} INFO - Processing /Users/fionatham/Documents/Projects/vogue_data_pipeline/venv/lib/python3.11/site-packages/airflow/example_dags/example_dynamic_task_mapping.py took 0.073 seconds
[2026-01-06T18:48:51.298+1100] {processor.py:161} INFO - Started process (PID=95609) to work on /Users/fionatham/Documents/Projects/vogue_data_pipeline/venv/lib/python3.11/site-packages/airflow/example_dags/example_dynamic_task_mapping.py
[2026-01-06T18:48:51.299+1100] {processor.py:830} INFO - Processing file /Users/fionatham/Documents/Projects/vogue_data_pipeline/venv/lib/python3.11/site-packages/airflow/example_dags/example_dynamic_task_mapping.py for tasks to queue
[2026-01-06T18:48:51.299+1100] {logging_mixin.py:188} INFO - [2026-01-06T18:48:51.299+1100] {dagbag.py:545} INFO - Filling up the DagBag from /Users/fionatham/Documents/Projects/vogue_data_pipeline/venv/lib/python3.11/site-packages/airflow/example_dags/example_dynamic_task_mapping.py
[2026-01-06T18:48:51.315+1100] {processor.py:840} INFO - DAG(s) 'example_dynamic_task_mapping' retrieved from /Users/fionatham/Documents/Projects/vogue_data_pipeline/venv/lib/python3.11/site-packages/airflow/example_dags/example_dynamic_task_mapping.py
[2026-01-06T18:48:51.355+1100] {logging_mixin.py:188} INFO - [2026-01-06T18:48:51.355+1100] {dag.py:3089} INFO - Sync 1 DAGs
[2026-01-06T18:48:51.361+1100] {logging_mixin.py:188} INFO - [2026-01-06T18:48:51.361+1100] {dag.py:3947} INFO - Setting next_dagrun for example_dynamic_task_mapping to 2022-03-04 00:00:00+00:00, run_after=2022-03-05 00:00:00+00:00
[2026-01-06T18:48:51.368+1100] {processor.py:183} INFO - Processing /Users/fionatham/Documents/Projects/vogue_data_pipeline/venv/lib/python3.11/site-packages/airflow/example_dags/example_dynamic_task_mapping.py took 0.072 seconds
[2026-01-06T20:52:03.458+1100] {processor.py:161} INFO - Started process (PID=95760) to work on /Users/fionatham/Documents/Projects/vogue_data_pipeline/venv/lib/python3.11/site-packages/airflow/example_dags/example_dynamic_task_mapping.py
[2026-01-06T20:52:03.459+1100] {processor.py:830} INFO - Processing file /Users/fionatham/Documents/Projects/vogue_data_pipeline/venv/lib/python3.11/site-packages/airflow/example_dags/example_dynamic_task_mapping.py for tasks to queue
[2026-01-06T20:52:03.460+1100] {logging_mixin.py:188} INFO - [2026-01-06T20:52:03.460+1100] {dagbag.py:545} INFO - Filling up the DagBag from /Users/fionatham/Documents/Projects/vogue_data_pipeline/venv/lib/python3.11/site-packages/airflow/example_dags/example_dynamic_task_mapping.py
[2026-01-06T20:52:03.478+1100] {processor.py:840} INFO - DAG(s) 'example_dynamic_task_mapping' retrieved from /Users/fionatham/Documents/Projects/vogue_data_pipeline/venv/lib/python3.11/site-packages/airflow/example_dags/example_dynamic_task_mapping.py
[2026-01-06T20:52:03.531+1100] {logging_mixin.py:188} INFO - [2026-01-06T20:52:03.531+1100] {dag.py:3089} INFO - Sync 1 DAGs
[2026-01-06T20:52:03.540+1100] {logging_mixin.py:188} INFO - [2026-01-06T20:52:03.540+1100] {dag.py:3947} INFO - Setting next_dagrun for example_dynamic_task_mapping to 2022-03-04 00:00:00+00:00, run_after=2022-03-05 00:00:00+00:00
[2026-01-06T20:52:03.549+1100] {processor.py:183} INFO - Processing /Users/fionatham/Documents/Projects/vogue_data_pipeline/venv/lib/python3.11/site-packages/airflow/example_dags/example_dynamic_task_mapping.py took 0.092 seconds
[2026-01-06T23:57:02.123+1100] {processor.py:161} INFO - Started process (PID=96039) to work on /Users/fionatham/Documents/Projects/vogue_data_pipeline/venv/lib/python3.11/site-packages/airflow/example_dags/example_dynamic_task_mapping.py
[2026-01-06T23:57:02.124+1100] {processor.py:830} INFO - Processing file /Users/fionatham/Documents/Projects/vogue_data_pipeline/venv/lib/python3.11/site-packages/airflow/example_dags/example_dynamic_task_mapping.py for tasks to queue
[2026-01-06T23:57:02.124+1100] {logging_mixin.py:188} INFO - [2026-01-06T23:57:02.124+1100] {dagbag.py:545} INFO - Filling up the DagBag from /Users/fionatham/Documents/Projects/vogue_data_pipeline/venv/lib/python3.11/site-packages/airflow/example_dags/example_dynamic_task_mapping.py
[2026-01-06T23:57:02.147+1100] {processor.py:840} INFO - DAG(s) 'example_dynamic_task_mapping' retrieved from /Users/fionatham/Documents/Projects/vogue_data_pipeline/venv/lib/python3.11/site-packages/airflow/example_dags/example_dynamic_task_mapping.py
[2026-01-06T23:57:02.199+1100] {logging_mixin.py:188} INFO - [2026-01-06T23:57:02.199+1100] {dag.py:3089} INFO - Sync 1 DAGs
[2026-01-06T23:57:02.206+1100] {logging_mixin.py:188} INFO - [2026-01-06T23:57:02.206+1100] {dag.py:3947} INFO - Setting next_dagrun for example_dynamic_task_mapping to 2022-03-04 00:00:00+00:00, run_after=2022-03-05 00:00:00+00:00
[2026-01-06T23:57:02.215+1100] {processor.py:183} INFO - Processing /Users/fionatham/Documents/Projects/vogue_data_pipeline/venv/lib/python3.11/site-packages/airflow/example_dags/example_dynamic_task_mapping.py took 0.094 seconds
