[2026-01-06T13:57:36.637+1100] {processor.py:161} INFO - Started process (PID=85424) to work on /Users/fionatham/Documents/Projects/vogue_data_pipeline/venv/lib/python3.11/site-packages/airflow/example_dags/example_external_task_marker_dag.py
[2026-01-06T13:57:36.637+1100] {processor.py:830} INFO - Processing file /Users/fionatham/Documents/Projects/vogue_data_pipeline/venv/lib/python3.11/site-packages/airflow/example_dags/example_external_task_marker_dag.py for tasks to queue
[2026-01-06T13:57:36.638+1100] {logging_mixin.py:188} INFO - [2026-01-06T13:57:36.638+1100] {dagbag.py:545} INFO - Filling up the DagBag from /Users/fionatham/Documents/Projects/vogue_data_pipeline/venv/lib/python3.11/site-packages/airflow/example_dags/example_external_task_marker_dag.py
[2026-01-06T13:57:36.644+1100] {processor.py:840} INFO - DAG(s) 'example_external_task_marker_child', 'example_external_task_marker_parent' retrieved from /Users/fionatham/Documents/Projects/vogue_data_pipeline/venv/lib/python3.11/site-packages/airflow/example_dags/example_external_task_marker_dag.py
[2026-01-06T13:57:36.724+1100] {logging_mixin.py:188} INFO - [2026-01-06T13:57:36.724+1100] {override.py:1858} INFO - Created Permission View: can delete on DAG:example_external_task_marker_child
[2026-01-06T13:57:36.729+1100] {logging_mixin.py:188} INFO - [2026-01-06T13:57:36.728+1100] {override.py:1858} INFO - Created Permission View: can read on DAG:example_external_task_marker_child
[2026-01-06T13:57:36.731+1100] {logging_mixin.py:188} INFO - [2026-01-06T13:57:36.731+1100] {override.py:1858} INFO - Created Permission View: can edit on DAG:example_external_task_marker_child
[2026-01-06T13:57:36.736+1100] {logging_mixin.py:188} INFO - [2026-01-06T13:57:36.736+1100] {override.py:1858} INFO - Created Permission View: can delete on DAG:example_external_task_marker_parent
[2026-01-06T13:57:36.738+1100] {logging_mixin.py:188} INFO - [2026-01-06T13:57:36.738+1100] {override.py:1858} INFO - Created Permission View: can read on DAG:example_external_task_marker_parent
[2026-01-06T13:57:36.740+1100] {logging_mixin.py:188} INFO - [2026-01-06T13:57:36.740+1100] {override.py:1858} INFO - Created Permission View: can edit on DAG:example_external_task_marker_parent
[2026-01-06T13:57:36.740+1100] {logging_mixin.py:188} INFO - [2026-01-06T13:57:36.740+1100] {dag.py:3089} INFO - Sync 2 DAGs
[2026-01-06T13:57:36.771+1100] {logging_mixin.py:188} INFO - [2026-01-06T13:57:36.771+1100] {dag.py:3111} INFO - Creating ORM DAG for example_external_task_marker_parent
[2026-01-06T13:57:36.771+1100] {logging_mixin.py:188} INFO - [2026-01-06T13:57:36.771+1100] {dag.py:3111} INFO - Creating ORM DAG for example_external_task_marker_child
[2026-01-06T13:57:36.772+1100] {logging_mixin.py:188} INFO - [2026-01-06T13:57:36.772+1100] {dag.py:3947} INFO - Setting next_dagrun for example_external_task_marker_child to None, run_after=None
[2026-01-06T13:57:36.772+1100] {logging_mixin.py:188} INFO - [2026-01-06T13:57:36.772+1100] {dag.py:3947} INFO - Setting next_dagrun for example_external_task_marker_parent to None, run_after=None
[2026-01-06T13:57:36.779+1100] {processor.py:183} INFO - Processing /Users/fionatham/Documents/Projects/vogue_data_pipeline/venv/lib/python3.11/site-packages/airflow/example_dags/example_external_task_marker_dag.py took 0.143 seconds
[2026-01-06T13:59:39.287+1100] {processor.py:161} INFO - Started process (PID=86767) to work on /Users/fionatham/Documents/Projects/vogue_data_pipeline/venv/lib/python3.11/site-packages/airflow/example_dags/example_external_task_marker_dag.py
[2026-01-06T13:59:39.288+1100] {processor.py:830} INFO - Processing file /Users/fionatham/Documents/Projects/vogue_data_pipeline/venv/lib/python3.11/site-packages/airflow/example_dags/example_external_task_marker_dag.py for tasks to queue
[2026-01-06T13:59:39.288+1100] {logging_mixin.py:188} INFO - [2026-01-06T13:59:39.288+1100] {dagbag.py:545} INFO - Filling up the DagBag from /Users/fionatham/Documents/Projects/vogue_data_pipeline/venv/lib/python3.11/site-packages/airflow/example_dags/example_external_task_marker_dag.py
[2026-01-06T13:59:39.294+1100] {processor.py:840} INFO - DAG(s) 'example_external_task_marker_parent', 'example_external_task_marker_child' retrieved from /Users/fionatham/Documents/Projects/vogue_data_pipeline/venv/lib/python3.11/site-packages/airflow/example_dags/example_external_task_marker_dag.py
[2026-01-06T13:59:39.340+1100] {logging_mixin.py:188} INFO - [2026-01-06T13:59:39.339+1100] {dag.py:3089} INFO - Sync 2 DAGs
[2026-01-06T13:59:39.344+1100] {logging_mixin.py:188} INFO - [2026-01-06T13:59:39.344+1100] {dag.py:3947} INFO - Setting next_dagrun for example_external_task_marker_child to None, run_after=None
[2026-01-06T13:59:39.345+1100] {logging_mixin.py:188} INFO - [2026-01-06T13:59:39.345+1100] {dag.py:3947} INFO - Setting next_dagrun for example_external_task_marker_parent to None, run_after=None
[2026-01-06T13:59:39.354+1100] {processor.py:183} INFO - Processing /Users/fionatham/Documents/Projects/vogue_data_pipeline/venv/lib/python3.11/site-packages/airflow/example_dags/example_external_task_marker_dag.py took 0.068 seconds
[2026-01-06T14:01:38.546+1100] {processor.py:161} INFO - Started process (PID=87047) to work on /Users/fionatham/Documents/Projects/vogue_data_pipeline/venv/lib/python3.11/site-packages/airflow/example_dags/example_external_task_marker_dag.py
[2026-01-06T14:01:38.548+1100] {processor.py:830} INFO - Processing file /Users/fionatham/Documents/Projects/vogue_data_pipeline/venv/lib/python3.11/site-packages/airflow/example_dags/example_external_task_marker_dag.py for tasks to queue
[2026-01-06T14:01:38.548+1100] {logging_mixin.py:188} INFO - [2026-01-06T14:01:38.548+1100] {dagbag.py:545} INFO - Filling up the DagBag from /Users/fionatham/Documents/Projects/vogue_data_pipeline/venv/lib/python3.11/site-packages/airflow/example_dags/example_external_task_marker_dag.py
[2026-01-06T14:01:38.553+1100] {processor.py:840} INFO - DAG(s) 'example_external_task_marker_child', 'example_external_task_marker_parent' retrieved from /Users/fionatham/Documents/Projects/vogue_data_pipeline/venv/lib/python3.11/site-packages/airflow/example_dags/example_external_task_marker_dag.py
[2026-01-06T14:01:38.600+1100] {logging_mixin.py:188} INFO - [2026-01-06T14:01:38.600+1100] {dag.py:3089} INFO - Sync 2 DAGs
[2026-01-06T14:01:38.604+1100] {logging_mixin.py:188} INFO - [2026-01-06T14:01:38.604+1100] {dag.py:3947} INFO - Setting next_dagrun for example_external_task_marker_child to None, run_after=None
[2026-01-06T14:01:38.605+1100] {logging_mixin.py:188} INFO - [2026-01-06T14:01:38.605+1100] {dag.py:3947} INFO - Setting next_dagrun for example_external_task_marker_parent to None, run_after=None
[2026-01-06T14:01:38.613+1100] {processor.py:183} INFO - Processing /Users/fionatham/Documents/Projects/vogue_data_pipeline/venv/lib/python3.11/site-packages/airflow/example_dags/example_external_task_marker_dag.py took 0.068 seconds
[2026-01-06T14:03:42.283+1100] {processor.py:161} INFO - Started process (PID=87220) to work on /Users/fionatham/Documents/Projects/vogue_data_pipeline/venv/lib/python3.11/site-packages/airflow/example_dags/example_external_task_marker_dag.py
[2026-01-06T14:03:42.284+1100] {processor.py:830} INFO - Processing file /Users/fionatham/Documents/Projects/vogue_data_pipeline/venv/lib/python3.11/site-packages/airflow/example_dags/example_external_task_marker_dag.py for tasks to queue
[2026-01-06T14:03:42.284+1100] {logging_mixin.py:188} INFO - [2026-01-06T14:03:42.284+1100] {dagbag.py:545} INFO - Filling up the DagBag from /Users/fionatham/Documents/Projects/vogue_data_pipeline/venv/lib/python3.11/site-packages/airflow/example_dags/example_external_task_marker_dag.py
[2026-01-06T14:03:42.290+1100] {processor.py:840} INFO - DAG(s) 'example_external_task_marker_child', 'example_external_task_marker_parent' retrieved from /Users/fionatham/Documents/Projects/vogue_data_pipeline/venv/lib/python3.11/site-packages/airflow/example_dags/example_external_task_marker_dag.py
[2026-01-06T14:03:42.337+1100] {logging_mixin.py:188} INFO - [2026-01-06T14:03:42.336+1100] {dag.py:3089} INFO - Sync 2 DAGs
[2026-01-06T14:03:42.340+1100] {logging_mixin.py:188} INFO - [2026-01-06T14:03:42.340+1100] {dag.py:3947} INFO - Setting next_dagrun for example_external_task_marker_child to None, run_after=None
[2026-01-06T14:03:42.342+1100] {logging_mixin.py:188} INFO - [2026-01-06T14:03:42.342+1100] {dag.py:3947} INFO - Setting next_dagrun for example_external_task_marker_parent to None, run_after=None
[2026-01-06T14:03:42.350+1100] {processor.py:183} INFO - Processing /Users/fionatham/Documents/Projects/vogue_data_pipeline/venv/lib/python3.11/site-packages/airflow/example_dags/example_external_task_marker_dag.py took 0.068 seconds
[2026-01-06T14:05:40.373+1100] {processor.py:161} INFO - Started process (PID=87440) to work on /Users/fionatham/Documents/Projects/vogue_data_pipeline/venv/lib/python3.11/site-packages/airflow/example_dags/example_external_task_marker_dag.py
[2026-01-06T14:05:40.374+1100] {processor.py:830} INFO - Processing file /Users/fionatham/Documents/Projects/vogue_data_pipeline/venv/lib/python3.11/site-packages/airflow/example_dags/example_external_task_marker_dag.py for tasks to queue
[2026-01-06T14:05:40.375+1100] {logging_mixin.py:188} INFO - [2026-01-06T14:05:40.375+1100] {dagbag.py:545} INFO - Filling up the DagBag from /Users/fionatham/Documents/Projects/vogue_data_pipeline/venv/lib/python3.11/site-packages/airflow/example_dags/example_external_task_marker_dag.py
[2026-01-06T14:05:40.380+1100] {processor.py:840} INFO - DAG(s) 'example_external_task_marker_parent', 'example_external_task_marker_child' retrieved from /Users/fionatham/Documents/Projects/vogue_data_pipeline/venv/lib/python3.11/site-packages/airflow/example_dags/example_external_task_marker_dag.py
[2026-01-06T14:05:40.433+1100] {logging_mixin.py:188} INFO - [2026-01-06T14:05:40.433+1100] {dag.py:3089} INFO - Sync 2 DAGs
[2026-01-06T14:05:40.436+1100] {logging_mixin.py:188} INFO - [2026-01-06T14:05:40.436+1100] {dag.py:3947} INFO - Setting next_dagrun for example_external_task_marker_child to None, run_after=None
[2026-01-06T14:05:40.437+1100] {logging_mixin.py:188} INFO - [2026-01-06T14:05:40.437+1100] {dag.py:3947} INFO - Setting next_dagrun for example_external_task_marker_parent to None, run_after=None
[2026-01-06T14:05:40.444+1100] {processor.py:183} INFO - Processing /Users/fionatham/Documents/Projects/vogue_data_pipeline/venv/lib/python3.11/site-packages/airflow/example_dags/example_external_task_marker_dag.py took 0.072 seconds
[2026-01-06T14:07:43.362+1100] {processor.py:161} INFO - Started process (PID=87632) to work on /Users/fionatham/Documents/Projects/vogue_data_pipeline/venv/lib/python3.11/site-packages/airflow/example_dags/example_external_task_marker_dag.py
[2026-01-06T14:07:43.363+1100] {processor.py:830} INFO - Processing file /Users/fionatham/Documents/Projects/vogue_data_pipeline/venv/lib/python3.11/site-packages/airflow/example_dags/example_external_task_marker_dag.py for tasks to queue
[2026-01-06T14:07:43.363+1100] {logging_mixin.py:188} INFO - [2026-01-06T14:07:43.363+1100] {dagbag.py:545} INFO - Filling up the DagBag from /Users/fionatham/Documents/Projects/vogue_data_pipeline/venv/lib/python3.11/site-packages/airflow/example_dags/example_external_task_marker_dag.py
[2026-01-06T14:07:43.369+1100] {processor.py:840} INFO - DAG(s) 'example_external_task_marker_child', 'example_external_task_marker_parent' retrieved from /Users/fionatham/Documents/Projects/vogue_data_pipeline/venv/lib/python3.11/site-packages/airflow/example_dags/example_external_task_marker_dag.py
[2026-01-06T14:07:43.414+1100] {logging_mixin.py:188} INFO - [2026-01-06T14:07:43.414+1100] {dag.py:3089} INFO - Sync 2 DAGs
[2026-01-06T14:07:43.418+1100] {logging_mixin.py:188} INFO - [2026-01-06T14:07:43.418+1100] {dag.py:3947} INFO - Setting next_dagrun for example_external_task_marker_child to None, run_after=None
[2026-01-06T14:07:43.419+1100] {logging_mixin.py:188} INFO - [2026-01-06T14:07:43.419+1100] {dag.py:3947} INFO - Setting next_dagrun for example_external_task_marker_parent to None, run_after=None
[2026-01-06T14:07:43.425+1100] {processor.py:183} INFO - Processing /Users/fionatham/Documents/Projects/vogue_data_pipeline/venv/lib/python3.11/site-packages/airflow/example_dags/example_external_task_marker_dag.py took 0.064 seconds
[2026-01-06T14:09:39.639+1100] {processor.py:161} INFO - Started process (PID=87713) to work on /Users/fionatham/Documents/Projects/vogue_data_pipeline/venv/lib/python3.11/site-packages/airflow/example_dags/example_external_task_marker_dag.py
[2026-01-06T14:09:39.640+1100] {processor.py:830} INFO - Processing file /Users/fionatham/Documents/Projects/vogue_data_pipeline/venv/lib/python3.11/site-packages/airflow/example_dags/example_external_task_marker_dag.py for tasks to queue
[2026-01-06T14:09:39.641+1100] {logging_mixin.py:188} INFO - [2026-01-06T14:09:39.640+1100] {dagbag.py:545} INFO - Filling up the DagBag from /Users/fionatham/Documents/Projects/vogue_data_pipeline/venv/lib/python3.11/site-packages/airflow/example_dags/example_external_task_marker_dag.py
[2026-01-06T14:09:39.646+1100] {processor.py:840} INFO - DAG(s) 'example_external_task_marker_child', 'example_external_task_marker_parent' retrieved from /Users/fionatham/Documents/Projects/vogue_data_pipeline/venv/lib/python3.11/site-packages/airflow/example_dags/example_external_task_marker_dag.py
[2026-01-06T14:09:39.691+1100] {logging_mixin.py:188} INFO - [2026-01-06T14:09:39.691+1100] {dag.py:3089} INFO - Sync 2 DAGs
[2026-01-06T14:09:39.695+1100] {logging_mixin.py:188} INFO - [2026-01-06T14:09:39.694+1100] {dag.py:3947} INFO - Setting next_dagrun for example_external_task_marker_child to None, run_after=None
[2026-01-06T14:09:39.696+1100] {logging_mixin.py:188} INFO - [2026-01-06T14:09:39.696+1100] {dag.py:3947} INFO - Setting next_dagrun for example_external_task_marker_parent to None, run_after=None
[2026-01-06T14:09:39.702+1100] {processor.py:183} INFO - Processing /Users/fionatham/Documents/Projects/vogue_data_pipeline/venv/lib/python3.11/site-packages/airflow/example_dags/example_external_task_marker_dag.py took 0.064 seconds
[2026-01-06T14:11:38.123+1100] {processor.py:161} INFO - Started process (PID=87883) to work on /Users/fionatham/Documents/Projects/vogue_data_pipeline/venv/lib/python3.11/site-packages/airflow/example_dags/example_external_task_marker_dag.py
[2026-01-06T14:11:38.123+1100] {processor.py:830} INFO - Processing file /Users/fionatham/Documents/Projects/vogue_data_pipeline/venv/lib/python3.11/site-packages/airflow/example_dags/example_external_task_marker_dag.py for tasks to queue
[2026-01-06T14:11:38.123+1100] {logging_mixin.py:188} INFO - [2026-01-06T14:11:38.123+1100] {dagbag.py:545} INFO - Filling up the DagBag from /Users/fionatham/Documents/Projects/vogue_data_pipeline/venv/lib/python3.11/site-packages/airflow/example_dags/example_external_task_marker_dag.py
[2026-01-06T14:11:38.129+1100] {processor.py:840} INFO - DAG(s) 'example_external_task_marker_parent', 'example_external_task_marker_child' retrieved from /Users/fionatham/Documents/Projects/vogue_data_pipeline/venv/lib/python3.11/site-packages/airflow/example_dags/example_external_task_marker_dag.py
[2026-01-06T14:11:38.177+1100] {logging_mixin.py:188} INFO - [2026-01-06T14:11:38.177+1100] {dag.py:3089} INFO - Sync 2 DAGs
[2026-01-06T14:11:38.182+1100] {logging_mixin.py:188} INFO - [2026-01-06T14:11:38.182+1100] {dag.py:3947} INFO - Setting next_dagrun for example_external_task_marker_child to None, run_after=None
[2026-01-06T14:11:38.183+1100] {logging_mixin.py:188} INFO - [2026-01-06T14:11:38.183+1100] {dag.py:3947} INFO - Setting next_dagrun for example_external_task_marker_parent to None, run_after=None
[2026-01-06T14:11:38.191+1100] {processor.py:183} INFO - Processing /Users/fionatham/Documents/Projects/vogue_data_pipeline/venv/lib/python3.11/site-packages/airflow/example_dags/example_external_task_marker_dag.py took 0.069 seconds
[2026-01-06T14:13:43.738+1100] {processor.py:161} INFO - Started process (PID=88026) to work on /Users/fionatham/Documents/Projects/vogue_data_pipeline/venv/lib/python3.11/site-packages/airflow/example_dags/example_external_task_marker_dag.py
[2026-01-06T14:13:43.739+1100] {processor.py:830} INFO - Processing file /Users/fionatham/Documents/Projects/vogue_data_pipeline/venv/lib/python3.11/site-packages/airflow/example_dags/example_external_task_marker_dag.py for tasks to queue
[2026-01-06T14:13:43.739+1100] {logging_mixin.py:188} INFO - [2026-01-06T14:13:43.739+1100] {dagbag.py:545} INFO - Filling up the DagBag from /Users/fionatham/Documents/Projects/vogue_data_pipeline/venv/lib/python3.11/site-packages/airflow/example_dags/example_external_task_marker_dag.py
[2026-01-06T14:13:43.745+1100] {processor.py:840} INFO - DAG(s) 'example_external_task_marker_parent', 'example_external_task_marker_child' retrieved from /Users/fionatham/Documents/Projects/vogue_data_pipeline/venv/lib/python3.11/site-packages/airflow/example_dags/example_external_task_marker_dag.py
[2026-01-06T14:13:43.793+1100] {logging_mixin.py:188} INFO - [2026-01-06T14:13:43.793+1100] {dag.py:3089} INFO - Sync 2 DAGs
[2026-01-06T14:13:43.797+1100] {logging_mixin.py:188} INFO - [2026-01-06T14:13:43.797+1100] {dag.py:3947} INFO - Setting next_dagrun for example_external_task_marker_child to None, run_after=None
[2026-01-06T14:13:43.798+1100] {logging_mixin.py:188} INFO - [2026-01-06T14:13:43.798+1100] {dag.py:3947} INFO - Setting next_dagrun for example_external_task_marker_parent to None, run_after=None
[2026-01-06T14:13:43.804+1100] {processor.py:183} INFO - Processing /Users/fionatham/Documents/Projects/vogue_data_pipeline/venv/lib/python3.11/site-packages/airflow/example_dags/example_external_task_marker_dag.py took 0.068 seconds
[2026-01-06T14:15:43.880+1100] {processor.py:161} INFO - Started process (PID=88962) to work on /Users/fionatham/Documents/Projects/vogue_data_pipeline/venv/lib/python3.11/site-packages/airflow/example_dags/example_external_task_marker_dag.py
[2026-01-06T14:15:43.882+1100] {processor.py:830} INFO - Processing file /Users/fionatham/Documents/Projects/vogue_data_pipeline/venv/lib/python3.11/site-packages/airflow/example_dags/example_external_task_marker_dag.py for tasks to queue
[2026-01-06T14:15:43.882+1100] {logging_mixin.py:188} INFO - [2026-01-06T14:15:43.882+1100] {dagbag.py:545} INFO - Filling up the DagBag from /Users/fionatham/Documents/Projects/vogue_data_pipeline/venv/lib/python3.11/site-packages/airflow/example_dags/example_external_task_marker_dag.py
[2026-01-06T14:15:43.888+1100] {processor.py:840} INFO - DAG(s) 'example_external_task_marker_child', 'example_external_task_marker_parent' retrieved from /Users/fionatham/Documents/Projects/vogue_data_pipeline/venv/lib/python3.11/site-packages/airflow/example_dags/example_external_task_marker_dag.py
[2026-01-06T14:15:43.936+1100] {logging_mixin.py:188} INFO - [2026-01-06T14:15:43.936+1100] {dag.py:3089} INFO - Sync 2 DAGs
[2026-01-06T14:15:43.940+1100] {logging_mixin.py:188} INFO - [2026-01-06T14:15:43.940+1100] {dag.py:3947} INFO - Setting next_dagrun for example_external_task_marker_child to None, run_after=None
[2026-01-06T14:15:43.941+1100] {logging_mixin.py:188} INFO - [2026-01-06T14:15:43.941+1100] {dag.py:3947} INFO - Setting next_dagrun for example_external_task_marker_parent to None, run_after=None
[2026-01-06T14:15:43.949+1100] {processor.py:183} INFO - Processing /Users/fionatham/Documents/Projects/vogue_data_pipeline/venv/lib/python3.11/site-packages/airflow/example_dags/example_external_task_marker_dag.py took 0.070 seconds
[2026-01-06T14:17:37.577+1100] {processor.py:161} INFO - Started process (PID=89366) to work on /Users/fionatham/Documents/Projects/vogue_data_pipeline/venv/lib/python3.11/site-packages/airflow/example_dags/example_external_task_marker_dag.py
[2026-01-06T14:17:37.577+1100] {processor.py:830} INFO - Processing file /Users/fionatham/Documents/Projects/vogue_data_pipeline/venv/lib/python3.11/site-packages/airflow/example_dags/example_external_task_marker_dag.py for tasks to queue
[2026-01-06T14:17:37.578+1100] {logging_mixin.py:188} INFO - [2026-01-06T14:17:37.578+1100] {dagbag.py:545} INFO - Filling up the DagBag from /Users/fionatham/Documents/Projects/vogue_data_pipeline/venv/lib/python3.11/site-packages/airflow/example_dags/example_external_task_marker_dag.py
[2026-01-06T14:17:37.584+1100] {processor.py:840} INFO - DAG(s) 'example_external_task_marker_child', 'example_external_task_marker_parent' retrieved from /Users/fionatham/Documents/Projects/vogue_data_pipeline/venv/lib/python3.11/site-packages/airflow/example_dags/example_external_task_marker_dag.py
[2026-01-06T14:17:37.631+1100] {logging_mixin.py:188} INFO - [2026-01-06T14:17:37.631+1100] {dag.py:3089} INFO - Sync 2 DAGs
[2026-01-06T14:17:37.635+1100] {logging_mixin.py:188} INFO - [2026-01-06T14:17:37.635+1100] {dag.py:3947} INFO - Setting next_dagrun for example_external_task_marker_child to None, run_after=None
[2026-01-06T14:17:37.636+1100] {logging_mixin.py:188} INFO - [2026-01-06T14:17:37.636+1100] {dag.py:3947} INFO - Setting next_dagrun for example_external_task_marker_parent to None, run_after=None
[2026-01-06T14:17:37.643+1100] {processor.py:183} INFO - Processing /Users/fionatham/Documents/Projects/vogue_data_pipeline/venv/lib/python3.11/site-packages/airflow/example_dags/example_external_task_marker_dag.py took 0.068 seconds
[2026-01-06T14:19:38.402+1100] {processor.py:161} INFO - Started process (PID=89934) to work on /Users/fionatham/Documents/Projects/vogue_data_pipeline/venv/lib/python3.11/site-packages/airflow/example_dags/example_external_task_marker_dag.py
[2026-01-06T14:19:38.403+1100] {processor.py:830} INFO - Processing file /Users/fionatham/Documents/Projects/vogue_data_pipeline/venv/lib/python3.11/site-packages/airflow/example_dags/example_external_task_marker_dag.py for tasks to queue
[2026-01-06T14:19:38.403+1100] {logging_mixin.py:188} INFO - [2026-01-06T14:19:38.403+1100] {dagbag.py:545} INFO - Filling up the DagBag from /Users/fionatham/Documents/Projects/vogue_data_pipeline/venv/lib/python3.11/site-packages/airflow/example_dags/example_external_task_marker_dag.py
[2026-01-06T14:19:38.409+1100] {processor.py:840} INFO - DAG(s) 'example_external_task_marker_parent', 'example_external_task_marker_child' retrieved from /Users/fionatham/Documents/Projects/vogue_data_pipeline/venv/lib/python3.11/site-packages/airflow/example_dags/example_external_task_marker_dag.py
[2026-01-06T14:19:38.455+1100] {logging_mixin.py:188} INFO - [2026-01-06T14:19:38.455+1100] {dag.py:3089} INFO - Sync 2 DAGs
[2026-01-06T14:19:38.458+1100] {logging_mixin.py:188} INFO - [2026-01-06T14:19:38.458+1100] {dag.py:3947} INFO - Setting next_dagrun for example_external_task_marker_child to None, run_after=None
[2026-01-06T14:19:38.459+1100] {logging_mixin.py:188} INFO - [2026-01-06T14:19:38.459+1100] {dag.py:3947} INFO - Setting next_dagrun for example_external_task_marker_parent to None, run_after=None
[2026-01-06T14:19:38.466+1100] {processor.py:183} INFO - Processing /Users/fionatham/Documents/Projects/vogue_data_pipeline/venv/lib/python3.11/site-packages/airflow/example_dags/example_external_task_marker_dag.py took 0.066 seconds
[2026-01-06T14:21:40.166+1100] {processor.py:161} INFO - Started process (PID=90029) to work on /Users/fionatham/Documents/Projects/vogue_data_pipeline/venv/lib/python3.11/site-packages/airflow/example_dags/example_external_task_marker_dag.py
[2026-01-06T14:21:40.167+1100] {processor.py:830} INFO - Processing file /Users/fionatham/Documents/Projects/vogue_data_pipeline/venv/lib/python3.11/site-packages/airflow/example_dags/example_external_task_marker_dag.py for tasks to queue
[2026-01-06T14:21:40.168+1100] {logging_mixin.py:188} INFO - [2026-01-06T14:21:40.168+1100] {dagbag.py:545} INFO - Filling up the DagBag from /Users/fionatham/Documents/Projects/vogue_data_pipeline/venv/lib/python3.11/site-packages/airflow/example_dags/example_external_task_marker_dag.py
[2026-01-06T14:21:40.173+1100] {processor.py:840} INFO - DAG(s) 'example_external_task_marker_parent', 'example_external_task_marker_child' retrieved from /Users/fionatham/Documents/Projects/vogue_data_pipeline/venv/lib/python3.11/site-packages/airflow/example_dags/example_external_task_marker_dag.py
[2026-01-06T14:21:40.231+1100] {logging_mixin.py:188} INFO - [2026-01-06T14:21:40.231+1100] {dag.py:3089} INFO - Sync 2 DAGs
[2026-01-06T14:21:40.236+1100] {logging_mixin.py:188} INFO - [2026-01-06T14:21:40.235+1100] {dag.py:3947} INFO - Setting next_dagrun for example_external_task_marker_child to None, run_after=None
[2026-01-06T14:21:40.237+1100] {logging_mixin.py:188} INFO - [2026-01-06T14:21:40.237+1100] {dag.py:3947} INFO - Setting next_dagrun for example_external_task_marker_parent to None, run_after=None
[2026-01-06T14:21:40.244+1100] {processor.py:183} INFO - Processing /Users/fionatham/Documents/Projects/vogue_data_pipeline/venv/lib/python3.11/site-packages/airflow/example_dags/example_external_task_marker_dag.py took 0.080 seconds
[2026-01-06T14:23:31.725+1100] {processor.py:161} INFO - Started process (PID=90121) to work on /Users/fionatham/Documents/Projects/vogue_data_pipeline/venv/lib/python3.11/site-packages/airflow/example_dags/example_external_task_marker_dag.py
[2026-01-06T14:23:31.726+1100] {processor.py:830} INFO - Processing file /Users/fionatham/Documents/Projects/vogue_data_pipeline/venv/lib/python3.11/site-packages/airflow/example_dags/example_external_task_marker_dag.py for tasks to queue
[2026-01-06T14:23:31.726+1100] {logging_mixin.py:188} INFO - [2026-01-06T14:23:31.726+1100] {dagbag.py:545} INFO - Filling up the DagBag from /Users/fionatham/Documents/Projects/vogue_data_pipeline/venv/lib/python3.11/site-packages/airflow/example_dags/example_external_task_marker_dag.py
[2026-01-06T14:23:31.731+1100] {processor.py:840} INFO - DAG(s) 'example_external_task_marker_child', 'example_external_task_marker_parent' retrieved from /Users/fionatham/Documents/Projects/vogue_data_pipeline/venv/lib/python3.11/site-packages/airflow/example_dags/example_external_task_marker_dag.py
[2026-01-06T14:23:31.777+1100] {logging_mixin.py:188} INFO - [2026-01-06T14:23:31.777+1100] {dag.py:3089} INFO - Sync 2 DAGs
[2026-01-06T14:23:31.781+1100] {logging_mixin.py:188} INFO - [2026-01-06T14:23:31.781+1100] {dag.py:3947} INFO - Setting next_dagrun for example_external_task_marker_child to None, run_after=None
[2026-01-06T14:23:31.782+1100] {logging_mixin.py:188} INFO - [2026-01-06T14:23:31.782+1100] {dag.py:3947} INFO - Setting next_dagrun for example_external_task_marker_parent to None, run_after=None
[2026-01-06T14:23:31.788+1100] {processor.py:183} INFO - Processing /Users/fionatham/Documents/Projects/vogue_data_pipeline/venv/lib/python3.11/site-packages/airflow/example_dags/example_external_task_marker_dag.py took 0.065 seconds
[2026-01-06T14:25:20.363+1100] {processor.py:161} INFO - Started process (PID=90392) to work on /Users/fionatham/Documents/Projects/vogue_data_pipeline/venv/lib/python3.11/site-packages/airflow/example_dags/example_external_task_marker_dag.py
[2026-01-06T14:25:20.364+1100] {processor.py:830} INFO - Processing file /Users/fionatham/Documents/Projects/vogue_data_pipeline/venv/lib/python3.11/site-packages/airflow/example_dags/example_external_task_marker_dag.py for tasks to queue
[2026-01-06T14:25:20.364+1100] {logging_mixin.py:188} INFO - [2026-01-06T14:25:20.364+1100] {dagbag.py:545} INFO - Filling up the DagBag from /Users/fionatham/Documents/Projects/vogue_data_pipeline/venv/lib/python3.11/site-packages/airflow/example_dags/example_external_task_marker_dag.py
[2026-01-06T14:25:20.370+1100] {processor.py:840} INFO - DAG(s) 'example_external_task_marker_parent', 'example_external_task_marker_child' retrieved from /Users/fionatham/Documents/Projects/vogue_data_pipeline/venv/lib/python3.11/site-packages/airflow/example_dags/example_external_task_marker_dag.py
[2026-01-06T14:25:20.417+1100] {logging_mixin.py:188} INFO - [2026-01-06T14:25:20.416+1100] {dag.py:3089} INFO - Sync 2 DAGs
[2026-01-06T14:25:20.421+1100] {logging_mixin.py:188} INFO - [2026-01-06T14:25:20.421+1100] {dag.py:3947} INFO - Setting next_dagrun for example_external_task_marker_child to None, run_after=None
[2026-01-06T14:25:20.422+1100] {logging_mixin.py:188} INFO - [2026-01-06T14:25:20.422+1100] {dag.py:3947} INFO - Setting next_dagrun for example_external_task_marker_parent to None, run_after=None
[2026-01-06T14:25:20.429+1100] {processor.py:183} INFO - Processing /Users/fionatham/Documents/Projects/vogue_data_pipeline/venv/lib/python3.11/site-packages/airflow/example_dags/example_external_task_marker_dag.py took 0.068 seconds
[2026-01-06T14:27:20.353+1100] {processor.py:161} INFO - Started process (PID=90687) to work on /Users/fionatham/Documents/Projects/vogue_data_pipeline/venv/lib/python3.11/site-packages/airflow/example_dags/example_external_task_marker_dag.py
[2026-01-06T14:27:20.354+1100] {processor.py:830} INFO - Processing file /Users/fionatham/Documents/Projects/vogue_data_pipeline/venv/lib/python3.11/site-packages/airflow/example_dags/example_external_task_marker_dag.py for tasks to queue
[2026-01-06T14:27:20.355+1100] {logging_mixin.py:188} INFO - [2026-01-06T14:27:20.355+1100] {dagbag.py:545} INFO - Filling up the DagBag from /Users/fionatham/Documents/Projects/vogue_data_pipeline/venv/lib/python3.11/site-packages/airflow/example_dags/example_external_task_marker_dag.py
[2026-01-06T14:27:20.361+1100] {processor.py:840} INFO - DAG(s) 'example_external_task_marker_child', 'example_external_task_marker_parent' retrieved from /Users/fionatham/Documents/Projects/vogue_data_pipeline/venv/lib/python3.11/site-packages/airflow/example_dags/example_external_task_marker_dag.py
[2026-01-06T14:27:20.410+1100] {logging_mixin.py:188} INFO - [2026-01-06T14:27:20.409+1100] {dag.py:3089} INFO - Sync 2 DAGs
[2026-01-06T14:27:20.413+1100] {logging_mixin.py:188} INFO - [2026-01-06T14:27:20.413+1100] {dag.py:3947} INFO - Setting next_dagrun for example_external_task_marker_child to None, run_after=None
[2026-01-06T14:27:20.415+1100] {logging_mixin.py:188} INFO - [2026-01-06T14:27:20.415+1100] {dag.py:3947} INFO - Setting next_dagrun for example_external_task_marker_parent to None, run_after=None
[2026-01-06T14:27:20.421+1100] {processor.py:183} INFO - Processing /Users/fionatham/Documents/Projects/vogue_data_pipeline/venv/lib/python3.11/site-packages/airflow/example_dags/example_external_task_marker_dag.py took 0.070 seconds
[2026-01-06T14:29:17.074+1100] {processor.py:161} INFO - Started process (PID=91055) to work on /Users/fionatham/Documents/Projects/vogue_data_pipeline/venv/lib/python3.11/site-packages/airflow/example_dags/example_external_task_marker_dag.py
[2026-01-06T14:29:17.075+1100] {processor.py:830} INFO - Processing file /Users/fionatham/Documents/Projects/vogue_data_pipeline/venv/lib/python3.11/site-packages/airflow/example_dags/example_external_task_marker_dag.py for tasks to queue
[2026-01-06T14:29:17.075+1100] {logging_mixin.py:188} INFO - [2026-01-06T14:29:17.075+1100] {dagbag.py:545} INFO - Filling up the DagBag from /Users/fionatham/Documents/Projects/vogue_data_pipeline/venv/lib/python3.11/site-packages/airflow/example_dags/example_external_task_marker_dag.py
[2026-01-06T14:29:17.081+1100] {processor.py:840} INFO - DAG(s) 'example_external_task_marker_child', 'example_external_task_marker_parent' retrieved from /Users/fionatham/Documents/Projects/vogue_data_pipeline/venv/lib/python3.11/site-packages/airflow/example_dags/example_external_task_marker_dag.py
[2026-01-06T14:29:17.128+1100] {logging_mixin.py:188} INFO - [2026-01-06T14:29:17.128+1100] {dag.py:3089} INFO - Sync 2 DAGs
[2026-01-06T14:29:17.132+1100] {logging_mixin.py:188} INFO - [2026-01-06T14:29:17.132+1100] {dag.py:3947} INFO - Setting next_dagrun for example_external_task_marker_child to None, run_after=None
[2026-01-06T14:29:17.133+1100] {logging_mixin.py:188} INFO - [2026-01-06T14:29:17.133+1100] {dag.py:3947} INFO - Setting next_dagrun for example_external_task_marker_parent to None, run_after=None
[2026-01-06T14:29:17.142+1100] {processor.py:183} INFO - Processing /Users/fionatham/Documents/Projects/vogue_data_pipeline/venv/lib/python3.11/site-packages/airflow/example_dags/example_external_task_marker_dag.py took 0.069 seconds
[2026-01-06T14:31:17.972+1100] {processor.py:161} INFO - Started process (PID=91689) to work on /Users/fionatham/Documents/Projects/vogue_data_pipeline/venv/lib/python3.11/site-packages/airflow/example_dags/example_external_task_marker_dag.py
[2026-01-06T14:31:17.973+1100] {processor.py:830} INFO - Processing file /Users/fionatham/Documents/Projects/vogue_data_pipeline/venv/lib/python3.11/site-packages/airflow/example_dags/example_external_task_marker_dag.py for tasks to queue
[2026-01-06T14:31:17.973+1100] {logging_mixin.py:188} INFO - [2026-01-06T14:31:17.973+1100] {dagbag.py:545} INFO - Filling up the DagBag from /Users/fionatham/Documents/Projects/vogue_data_pipeline/venv/lib/python3.11/site-packages/airflow/example_dags/example_external_task_marker_dag.py
[2026-01-06T14:31:17.979+1100] {processor.py:840} INFO - DAG(s) 'example_external_task_marker_child', 'example_external_task_marker_parent' retrieved from /Users/fionatham/Documents/Projects/vogue_data_pipeline/venv/lib/python3.11/site-packages/airflow/example_dags/example_external_task_marker_dag.py
[2026-01-06T14:31:18.029+1100] {logging_mixin.py:188} INFO - [2026-01-06T14:31:18.029+1100] {dag.py:3089} INFO - Sync 2 DAGs
[2026-01-06T14:31:18.032+1100] {logging_mixin.py:188} INFO - [2026-01-06T14:31:18.032+1100] {dag.py:3947} INFO - Setting next_dagrun for example_external_task_marker_child to None, run_after=None
[2026-01-06T14:31:18.033+1100] {logging_mixin.py:188} INFO - [2026-01-06T14:31:18.033+1100] {dag.py:3947} INFO - Setting next_dagrun for example_external_task_marker_parent to None, run_after=None
[2026-01-06T14:31:18.041+1100] {processor.py:183} INFO - Processing /Users/fionatham/Documents/Projects/vogue_data_pipeline/venv/lib/python3.11/site-packages/airflow/example_dags/example_external_task_marker_dag.py took 0.070 seconds
[2026-01-06T14:33:20.256+1100] {processor.py:161} INFO - Started process (PID=92197) to work on /Users/fionatham/Documents/Projects/vogue_data_pipeline/venv/lib/python3.11/site-packages/airflow/example_dags/example_external_task_marker_dag.py
[2026-01-06T14:33:20.257+1100] {processor.py:830} INFO - Processing file /Users/fionatham/Documents/Projects/vogue_data_pipeline/venv/lib/python3.11/site-packages/airflow/example_dags/example_external_task_marker_dag.py for tasks to queue
[2026-01-06T14:33:20.257+1100] {logging_mixin.py:188} INFO - [2026-01-06T14:33:20.257+1100] {dagbag.py:545} INFO - Filling up the DagBag from /Users/fionatham/Documents/Projects/vogue_data_pipeline/venv/lib/python3.11/site-packages/airflow/example_dags/example_external_task_marker_dag.py
[2026-01-06T14:33:20.263+1100] {processor.py:840} INFO - DAG(s) 'example_external_task_marker_child', 'example_external_task_marker_parent' retrieved from /Users/fionatham/Documents/Projects/vogue_data_pipeline/venv/lib/python3.11/site-packages/airflow/example_dags/example_external_task_marker_dag.py
[2026-01-06T14:33:20.311+1100] {logging_mixin.py:188} INFO - [2026-01-06T14:33:20.311+1100] {dag.py:3089} INFO - Sync 2 DAGs
[2026-01-06T14:33:20.315+1100] {logging_mixin.py:188} INFO - [2026-01-06T14:33:20.315+1100] {dag.py:3947} INFO - Setting next_dagrun for example_external_task_marker_child to None, run_after=None
[2026-01-06T14:33:20.316+1100] {logging_mixin.py:188} INFO - [2026-01-06T14:33:20.316+1100] {dag.py:3947} INFO - Setting next_dagrun for example_external_task_marker_parent to None, run_after=None
[2026-01-06T14:33:20.323+1100] {processor.py:183} INFO - Processing /Users/fionatham/Documents/Projects/vogue_data_pipeline/venv/lib/python3.11/site-packages/airflow/example_dags/example_external_task_marker_dag.py took 0.069 seconds
[2026-01-06T14:35:13.992+1100] {processor.py:161} INFO - Started process (PID=92468) to work on /Users/fionatham/Documents/Projects/vogue_data_pipeline/venv/lib/python3.11/site-packages/airflow/example_dags/example_external_task_marker_dag.py
[2026-01-06T14:35:13.992+1100] {processor.py:830} INFO - Processing file /Users/fionatham/Documents/Projects/vogue_data_pipeline/venv/lib/python3.11/site-packages/airflow/example_dags/example_external_task_marker_dag.py for tasks to queue
[2026-01-06T14:35:13.993+1100] {logging_mixin.py:188} INFO - [2026-01-06T14:35:13.993+1100] {dagbag.py:545} INFO - Filling up the DagBag from /Users/fionatham/Documents/Projects/vogue_data_pipeline/venv/lib/python3.11/site-packages/airflow/example_dags/example_external_task_marker_dag.py
[2026-01-06T14:35:13.999+1100] {processor.py:840} INFO - DAG(s) 'example_external_task_marker_child', 'example_external_task_marker_parent' retrieved from /Users/fionatham/Documents/Projects/vogue_data_pipeline/venv/lib/python3.11/site-packages/airflow/example_dags/example_external_task_marker_dag.py
[2026-01-06T14:35:14.043+1100] {logging_mixin.py:188} INFO - [2026-01-06T14:35:14.043+1100] {dag.py:3089} INFO - Sync 2 DAGs
[2026-01-06T14:35:14.046+1100] {logging_mixin.py:188} INFO - [2026-01-06T14:35:14.046+1100] {dag.py:3947} INFO - Setting next_dagrun for example_external_task_marker_child to None, run_after=None
[2026-01-06T14:35:14.047+1100] {logging_mixin.py:188} INFO - [2026-01-06T14:35:14.047+1100] {dag.py:3947} INFO - Setting next_dagrun for example_external_task_marker_parent to None, run_after=None
[2026-01-06T14:35:14.054+1100] {processor.py:183} INFO - Processing /Users/fionatham/Documents/Projects/vogue_data_pipeline/venv/lib/python3.11/site-packages/airflow/example_dags/example_external_task_marker_dag.py took 0.064 seconds
[2026-01-06T14:37:16.309+1100] {processor.py:161} INFO - Started process (PID=92690) to work on /Users/fionatham/Documents/Projects/vogue_data_pipeline/venv/lib/python3.11/site-packages/airflow/example_dags/example_external_task_marker_dag.py
[2026-01-06T14:37:16.310+1100] {processor.py:830} INFO - Processing file /Users/fionatham/Documents/Projects/vogue_data_pipeline/venv/lib/python3.11/site-packages/airflow/example_dags/example_external_task_marker_dag.py for tasks to queue
[2026-01-06T14:37:16.311+1100] {logging_mixin.py:188} INFO - [2026-01-06T14:37:16.310+1100] {dagbag.py:545} INFO - Filling up the DagBag from /Users/fionatham/Documents/Projects/vogue_data_pipeline/venv/lib/python3.11/site-packages/airflow/example_dags/example_external_task_marker_dag.py
[2026-01-06T14:37:16.317+1100] {processor.py:840} INFO - DAG(s) 'example_external_task_marker_child', 'example_external_task_marker_parent' retrieved from /Users/fionatham/Documents/Projects/vogue_data_pipeline/venv/lib/python3.11/site-packages/airflow/example_dags/example_external_task_marker_dag.py
[2026-01-06T14:37:16.365+1100] {logging_mixin.py:188} INFO - [2026-01-06T14:37:16.365+1100] {dag.py:3089} INFO - Sync 2 DAGs
[2026-01-06T14:37:16.369+1100] {logging_mixin.py:188} INFO - [2026-01-06T14:37:16.369+1100] {dag.py:3947} INFO - Setting next_dagrun for example_external_task_marker_child to None, run_after=None
[2026-01-06T14:37:16.370+1100] {logging_mixin.py:188} INFO - [2026-01-06T14:37:16.370+1100] {dag.py:3947} INFO - Setting next_dagrun for example_external_task_marker_parent to None, run_after=None
[2026-01-06T14:37:16.377+1100] {processor.py:183} INFO - Processing /Users/fionatham/Documents/Projects/vogue_data_pipeline/venv/lib/python3.11/site-packages/airflow/example_dags/example_external_task_marker_dag.py took 0.069 seconds
[2026-01-06T14:39:17.820+1100] {processor.py:161} INFO - Started process (PID=92888) to work on /Users/fionatham/Documents/Projects/vogue_data_pipeline/venv/lib/python3.11/site-packages/airflow/example_dags/example_external_task_marker_dag.py
[2026-01-06T14:39:17.821+1100] {processor.py:830} INFO - Processing file /Users/fionatham/Documents/Projects/vogue_data_pipeline/venv/lib/python3.11/site-packages/airflow/example_dags/example_external_task_marker_dag.py for tasks to queue
[2026-01-06T14:39:17.821+1100] {logging_mixin.py:188} INFO - [2026-01-06T14:39:17.821+1100] {dagbag.py:545} INFO - Filling up the DagBag from /Users/fionatham/Documents/Projects/vogue_data_pipeline/venv/lib/python3.11/site-packages/airflow/example_dags/example_external_task_marker_dag.py
[2026-01-06T14:39:17.827+1100] {processor.py:840} INFO - DAG(s) 'example_external_task_marker_parent', 'example_external_task_marker_child' retrieved from /Users/fionatham/Documents/Projects/vogue_data_pipeline/venv/lib/python3.11/site-packages/airflow/example_dags/example_external_task_marker_dag.py
[2026-01-06T14:39:17.873+1100] {logging_mixin.py:188} INFO - [2026-01-06T14:39:17.872+1100] {dag.py:3089} INFO - Sync 2 DAGs
[2026-01-06T14:39:17.876+1100] {logging_mixin.py:188} INFO - [2026-01-06T14:39:17.876+1100] {dag.py:3947} INFO - Setting next_dagrun for example_external_task_marker_child to None, run_after=None
[2026-01-06T14:39:17.877+1100] {logging_mixin.py:188} INFO - [2026-01-06T14:39:17.877+1100] {dag.py:3947} INFO - Setting next_dagrun for example_external_task_marker_parent to None, run_after=None
[2026-01-06T14:39:17.884+1100] {processor.py:183} INFO - Processing /Users/fionatham/Documents/Projects/vogue_data_pipeline/venv/lib/python3.11/site-packages/airflow/example_dags/example_external_task_marker_dag.py took 0.067 seconds
[2026-01-06T14:41:07.614+1100] {processor.py:161} INFO - Started process (PID=92962) to work on /Users/fionatham/Documents/Projects/vogue_data_pipeline/venv/lib/python3.11/site-packages/airflow/example_dags/example_external_task_marker_dag.py
[2026-01-06T14:41:07.614+1100] {processor.py:830} INFO - Processing file /Users/fionatham/Documents/Projects/vogue_data_pipeline/venv/lib/python3.11/site-packages/airflow/example_dags/example_external_task_marker_dag.py for tasks to queue
[2026-01-06T14:41:07.615+1100] {logging_mixin.py:188} INFO - [2026-01-06T14:41:07.615+1100] {dagbag.py:545} INFO - Filling up the DagBag from /Users/fionatham/Documents/Projects/vogue_data_pipeline/venv/lib/python3.11/site-packages/airflow/example_dags/example_external_task_marker_dag.py
[2026-01-06T14:41:07.621+1100] {processor.py:840} INFO - DAG(s) 'example_external_task_marker_parent', 'example_external_task_marker_child' retrieved from /Users/fionatham/Documents/Projects/vogue_data_pipeline/venv/lib/python3.11/site-packages/airflow/example_dags/example_external_task_marker_dag.py
[2026-01-06T14:41:07.666+1100] {logging_mixin.py:188} INFO - [2026-01-06T14:41:07.665+1100] {dag.py:3089} INFO - Sync 2 DAGs
[2026-01-06T14:41:07.669+1100] {logging_mixin.py:188} INFO - [2026-01-06T14:41:07.669+1100] {dag.py:3947} INFO - Setting next_dagrun for example_external_task_marker_child to None, run_after=None
[2026-01-06T14:41:07.670+1100] {logging_mixin.py:188} INFO - [2026-01-06T14:41:07.670+1100] {dag.py:3947} INFO - Setting next_dagrun for example_external_task_marker_parent to None, run_after=None
[2026-01-06T14:41:07.677+1100] {processor.py:183} INFO - Processing /Users/fionatham/Documents/Projects/vogue_data_pipeline/venv/lib/python3.11/site-packages/airflow/example_dags/example_external_task_marker_dag.py took 0.064 seconds
[2026-01-06T14:43:03.038+1100] {processor.py:161} INFO - Started process (PID=93042) to work on /Users/fionatham/Documents/Projects/vogue_data_pipeline/venv/lib/python3.11/site-packages/airflow/example_dags/example_external_task_marker_dag.py
[2026-01-06T14:43:03.039+1100] {processor.py:830} INFO - Processing file /Users/fionatham/Documents/Projects/vogue_data_pipeline/venv/lib/python3.11/site-packages/airflow/example_dags/example_external_task_marker_dag.py for tasks to queue
[2026-01-06T14:43:03.039+1100] {logging_mixin.py:188} INFO - [2026-01-06T14:43:03.039+1100] {dagbag.py:545} INFO - Filling up the DagBag from /Users/fionatham/Documents/Projects/vogue_data_pipeline/venv/lib/python3.11/site-packages/airflow/example_dags/example_external_task_marker_dag.py
[2026-01-06T14:43:03.045+1100] {processor.py:840} INFO - DAG(s) 'example_external_task_marker_parent', 'example_external_task_marker_child' retrieved from /Users/fionatham/Documents/Projects/vogue_data_pipeline/venv/lib/python3.11/site-packages/airflow/example_dags/example_external_task_marker_dag.py
[2026-01-06T14:43:03.092+1100] {logging_mixin.py:188} INFO - [2026-01-06T14:43:03.092+1100] {dag.py:3089} INFO - Sync 2 DAGs
[2026-01-06T14:43:03.096+1100] {logging_mixin.py:188} INFO - [2026-01-06T14:43:03.096+1100] {dag.py:3947} INFO - Setting next_dagrun for example_external_task_marker_child to None, run_after=None
[2026-01-06T14:43:03.097+1100] {logging_mixin.py:188} INFO - [2026-01-06T14:43:03.097+1100] {dag.py:3947} INFO - Setting next_dagrun for example_external_task_marker_parent to None, run_after=None
[2026-01-06T14:43:03.104+1100] {processor.py:183} INFO - Processing /Users/fionatham/Documents/Projects/vogue_data_pipeline/venv/lib/python3.11/site-packages/airflow/example_dags/example_external_task_marker_dag.py took 0.067 seconds
[2026-01-06T14:45:03.689+1100] {processor.py:161} INFO - Started process (PID=93121) to work on /Users/fionatham/Documents/Projects/vogue_data_pipeline/venv/lib/python3.11/site-packages/airflow/example_dags/example_external_task_marker_dag.py
[2026-01-06T14:45:03.690+1100] {processor.py:830} INFO - Processing file /Users/fionatham/Documents/Projects/vogue_data_pipeline/venv/lib/python3.11/site-packages/airflow/example_dags/example_external_task_marker_dag.py for tasks to queue
[2026-01-06T14:45:03.691+1100] {logging_mixin.py:188} INFO - [2026-01-06T14:45:03.690+1100] {dagbag.py:545} INFO - Filling up the DagBag from /Users/fionatham/Documents/Projects/vogue_data_pipeline/venv/lib/python3.11/site-packages/airflow/example_dags/example_external_task_marker_dag.py
[2026-01-06T14:45:03.697+1100] {processor.py:840} INFO - DAG(s) 'example_external_task_marker_child', 'example_external_task_marker_parent' retrieved from /Users/fionatham/Documents/Projects/vogue_data_pipeline/venv/lib/python3.11/site-packages/airflow/example_dags/example_external_task_marker_dag.py
[2026-01-06T14:45:03.743+1100] {logging_mixin.py:188} INFO - [2026-01-06T14:45:03.743+1100] {dag.py:3089} INFO - Sync 2 DAGs
[2026-01-06T14:45:03.746+1100] {logging_mixin.py:188} INFO - [2026-01-06T14:45:03.746+1100] {dag.py:3947} INFO - Setting next_dagrun for example_external_task_marker_child to None, run_after=None
[2026-01-06T14:45:03.747+1100] {logging_mixin.py:188} INFO - [2026-01-06T14:45:03.747+1100] {dag.py:3947} INFO - Setting next_dagrun for example_external_task_marker_parent to None, run_after=None
[2026-01-06T14:45:03.754+1100] {processor.py:183} INFO - Processing /Users/fionatham/Documents/Projects/vogue_data_pipeline/venv/lib/python3.11/site-packages/airflow/example_dags/example_external_task_marker_dag.py took 0.066 seconds
[2026-01-06T14:46:56.241+1100] {processor.py:161} INFO - Started process (PID=93209) to work on /Users/fionatham/Documents/Projects/vogue_data_pipeline/venv/lib/python3.11/site-packages/airflow/example_dags/example_external_task_marker_dag.py
[2026-01-06T14:46:56.242+1100] {processor.py:830} INFO - Processing file /Users/fionatham/Documents/Projects/vogue_data_pipeline/venv/lib/python3.11/site-packages/airflow/example_dags/example_external_task_marker_dag.py for tasks to queue
[2026-01-06T14:46:56.242+1100] {logging_mixin.py:188} INFO - [2026-01-06T14:46:56.242+1100] {dagbag.py:545} INFO - Filling up the DagBag from /Users/fionatham/Documents/Projects/vogue_data_pipeline/venv/lib/python3.11/site-packages/airflow/example_dags/example_external_task_marker_dag.py
[2026-01-06T14:46:56.248+1100] {processor.py:840} INFO - DAG(s) 'example_external_task_marker_parent', 'example_external_task_marker_child' retrieved from /Users/fionatham/Documents/Projects/vogue_data_pipeline/venv/lib/python3.11/site-packages/airflow/example_dags/example_external_task_marker_dag.py
[2026-01-06T14:46:56.297+1100] {logging_mixin.py:188} INFO - [2026-01-06T14:46:56.297+1100] {dag.py:3089} INFO - Sync 2 DAGs
[2026-01-06T14:46:56.301+1100] {logging_mixin.py:188} INFO - [2026-01-06T14:46:56.301+1100] {dag.py:3947} INFO - Setting next_dagrun for example_external_task_marker_child to None, run_after=None
[2026-01-06T14:46:56.302+1100] {logging_mixin.py:188} INFO - [2026-01-06T14:46:56.302+1100] {dag.py:3947} INFO - Setting next_dagrun for example_external_task_marker_parent to None, run_after=None
[2026-01-06T14:46:56.310+1100] {processor.py:183} INFO - Processing /Users/fionatham/Documents/Projects/vogue_data_pipeline/venv/lib/python3.11/site-packages/airflow/example_dags/example_external_task_marker_dag.py took 0.070 seconds
[2026-01-06T14:48:56.098+1100] {processor.py:161} INFO - Started process (PID=93291) to work on /Users/fionatham/Documents/Projects/vogue_data_pipeline/venv/lib/python3.11/site-packages/airflow/example_dags/example_external_task_marker_dag.py
[2026-01-06T14:48:56.099+1100] {processor.py:830} INFO - Processing file /Users/fionatham/Documents/Projects/vogue_data_pipeline/venv/lib/python3.11/site-packages/airflow/example_dags/example_external_task_marker_dag.py for tasks to queue
[2026-01-06T14:48:56.099+1100] {logging_mixin.py:188} INFO - [2026-01-06T14:48:56.099+1100] {dagbag.py:545} INFO - Filling up the DagBag from /Users/fionatham/Documents/Projects/vogue_data_pipeline/venv/lib/python3.11/site-packages/airflow/example_dags/example_external_task_marker_dag.py
[2026-01-06T14:48:56.105+1100] {processor.py:840} INFO - DAG(s) 'example_external_task_marker_child', 'example_external_task_marker_parent' retrieved from /Users/fionatham/Documents/Projects/vogue_data_pipeline/venv/lib/python3.11/site-packages/airflow/example_dags/example_external_task_marker_dag.py
[2026-01-06T14:48:56.150+1100] {logging_mixin.py:188} INFO - [2026-01-06T14:48:56.150+1100] {dag.py:3089} INFO - Sync 2 DAGs
[2026-01-06T14:48:56.154+1100] {logging_mixin.py:188} INFO - [2026-01-06T14:48:56.154+1100] {dag.py:3947} INFO - Setting next_dagrun for example_external_task_marker_child to None, run_after=None
[2026-01-06T14:48:56.155+1100] {logging_mixin.py:188} INFO - [2026-01-06T14:48:56.155+1100] {dag.py:3947} INFO - Setting next_dagrun for example_external_task_marker_parent to None, run_after=None
[2026-01-06T14:48:56.162+1100] {processor.py:183} INFO - Processing /Users/fionatham/Documents/Projects/vogue_data_pipeline/venv/lib/python3.11/site-packages/airflow/example_dags/example_external_task_marker_dag.py took 0.065 seconds
[2026-01-06T14:50:51.942+1100] {processor.py:161} INFO - Started process (PID=93387) to work on /Users/fionatham/Documents/Projects/vogue_data_pipeline/venv/lib/python3.11/site-packages/airflow/example_dags/example_external_task_marker_dag.py
[2026-01-06T14:50:51.943+1100] {processor.py:830} INFO - Processing file /Users/fionatham/Documents/Projects/vogue_data_pipeline/venv/lib/python3.11/site-packages/airflow/example_dags/example_external_task_marker_dag.py for tasks to queue
[2026-01-06T14:50:51.943+1100] {logging_mixin.py:188} INFO - [2026-01-06T14:50:51.943+1100] {dagbag.py:545} INFO - Filling up the DagBag from /Users/fionatham/Documents/Projects/vogue_data_pipeline/venv/lib/python3.11/site-packages/airflow/example_dags/example_external_task_marker_dag.py
[2026-01-06T14:50:51.949+1100] {processor.py:840} INFO - DAG(s) 'example_external_task_marker_parent', 'example_external_task_marker_child' retrieved from /Users/fionatham/Documents/Projects/vogue_data_pipeline/venv/lib/python3.11/site-packages/airflow/example_dags/example_external_task_marker_dag.py
[2026-01-06T14:50:51.993+1100] {logging_mixin.py:188} INFO - [2026-01-06T14:50:51.993+1100] {dag.py:3089} INFO - Sync 2 DAGs
[2026-01-06T14:50:51.997+1100] {logging_mixin.py:188} INFO - [2026-01-06T14:50:51.996+1100] {dag.py:3947} INFO - Setting next_dagrun for example_external_task_marker_child to None, run_after=None
[2026-01-06T14:50:51.998+1100] {logging_mixin.py:188} INFO - [2026-01-06T14:50:51.998+1100] {dag.py:3947} INFO - Setting next_dagrun for example_external_task_marker_parent to None, run_after=None
[2026-01-06T14:50:52.006+1100] {processor.py:183} INFO - Processing /Users/fionatham/Documents/Projects/vogue_data_pipeline/venv/lib/python3.11/site-packages/airflow/example_dags/example_external_task_marker_dag.py took 0.065 seconds
[2026-01-06T14:52:45.456+1100] {processor.py:161} INFO - Started process (PID=93502) to work on /Users/fionatham/Documents/Projects/vogue_data_pipeline/venv/lib/python3.11/site-packages/airflow/example_dags/example_external_task_marker_dag.py
[2026-01-06T14:52:45.457+1100] {processor.py:830} INFO - Processing file /Users/fionatham/Documents/Projects/vogue_data_pipeline/venv/lib/python3.11/site-packages/airflow/example_dags/example_external_task_marker_dag.py for tasks to queue
[2026-01-06T14:52:45.457+1100] {logging_mixin.py:188} INFO - [2026-01-06T14:52:45.457+1100] {dagbag.py:545} INFO - Filling up the DagBag from /Users/fionatham/Documents/Projects/vogue_data_pipeline/venv/lib/python3.11/site-packages/airflow/example_dags/example_external_task_marker_dag.py
[2026-01-06T14:52:45.463+1100] {processor.py:840} INFO - DAG(s) 'example_external_task_marker_parent', 'example_external_task_marker_child' retrieved from /Users/fionatham/Documents/Projects/vogue_data_pipeline/venv/lib/python3.11/site-packages/airflow/example_dags/example_external_task_marker_dag.py
[2026-01-06T14:52:45.510+1100] {logging_mixin.py:188} INFO - [2026-01-06T14:52:45.510+1100] {dag.py:3089} INFO - Sync 2 DAGs
[2026-01-06T14:52:45.514+1100] {logging_mixin.py:188} INFO - [2026-01-06T14:52:45.514+1100] {dag.py:3947} INFO - Setting next_dagrun for example_external_task_marker_child to None, run_after=None
[2026-01-06T14:52:45.516+1100] {logging_mixin.py:188} INFO - [2026-01-06T14:52:45.516+1100] {dag.py:3947} INFO - Setting next_dagrun for example_external_task_marker_parent to None, run_after=None
[2026-01-06T14:52:45.522+1100] {processor.py:183} INFO - Processing /Users/fionatham/Documents/Projects/vogue_data_pipeline/venv/lib/python3.11/site-packages/airflow/example_dags/example_external_task_marker_dag.py took 0.067 seconds
[2026-01-06T14:54:42.929+1100] {processor.py:161} INFO - Started process (PID=93683) to work on /Users/fionatham/Documents/Projects/vogue_data_pipeline/venv/lib/python3.11/site-packages/airflow/example_dags/example_external_task_marker_dag.py
[2026-01-06T14:54:42.930+1100] {processor.py:830} INFO - Processing file /Users/fionatham/Documents/Projects/vogue_data_pipeline/venv/lib/python3.11/site-packages/airflow/example_dags/example_external_task_marker_dag.py for tasks to queue
[2026-01-06T14:54:42.930+1100] {logging_mixin.py:188} INFO - [2026-01-06T14:54:42.930+1100] {dagbag.py:545} INFO - Filling up the DagBag from /Users/fionatham/Documents/Projects/vogue_data_pipeline/venv/lib/python3.11/site-packages/airflow/example_dags/example_external_task_marker_dag.py
[2026-01-06T14:54:42.935+1100] {processor.py:840} INFO - DAG(s) 'example_external_task_marker_parent', 'example_external_task_marker_child' retrieved from /Users/fionatham/Documents/Projects/vogue_data_pipeline/venv/lib/python3.11/site-packages/airflow/example_dags/example_external_task_marker_dag.py
[2026-01-06T14:54:42.983+1100] {logging_mixin.py:188} INFO - [2026-01-06T14:54:42.983+1100] {dag.py:3089} INFO - Sync 2 DAGs
[2026-01-06T14:54:42.987+1100] {logging_mixin.py:188} INFO - [2026-01-06T14:54:42.987+1100] {dag.py:3947} INFO - Setting next_dagrun for example_external_task_marker_child to None, run_after=None
[2026-01-06T14:54:42.988+1100] {logging_mixin.py:188} INFO - [2026-01-06T14:54:42.988+1100] {dag.py:3947} INFO - Setting next_dagrun for example_external_task_marker_parent to None, run_after=None
[2026-01-06T14:54:42.998+1100] {processor.py:183} INFO - Processing /Users/fionatham/Documents/Projects/vogue_data_pipeline/venv/lib/python3.11/site-packages/airflow/example_dags/example_external_task_marker_dag.py took 0.071 seconds
[2026-01-06T14:56:41.722+1100] {processor.py:161} INFO - Started process (PID=93815) to work on /Users/fionatham/Documents/Projects/vogue_data_pipeline/venv/lib/python3.11/site-packages/airflow/example_dags/example_external_task_marker_dag.py
[2026-01-06T14:56:41.722+1100] {processor.py:830} INFO - Processing file /Users/fionatham/Documents/Projects/vogue_data_pipeline/venv/lib/python3.11/site-packages/airflow/example_dags/example_external_task_marker_dag.py for tasks to queue
[2026-01-06T14:56:41.723+1100] {logging_mixin.py:188} INFO - [2026-01-06T14:56:41.723+1100] {dagbag.py:545} INFO - Filling up the DagBag from /Users/fionatham/Documents/Projects/vogue_data_pipeline/venv/lib/python3.11/site-packages/airflow/example_dags/example_external_task_marker_dag.py
[2026-01-06T14:56:41.728+1100] {processor.py:840} INFO - DAG(s) 'example_external_task_marker_parent', 'example_external_task_marker_child' retrieved from /Users/fionatham/Documents/Projects/vogue_data_pipeline/venv/lib/python3.11/site-packages/airflow/example_dags/example_external_task_marker_dag.py
[2026-01-06T14:56:41.772+1100] {logging_mixin.py:188} INFO - [2026-01-06T14:56:41.772+1100] {dag.py:3089} INFO - Sync 2 DAGs
[2026-01-06T14:56:41.779+1100] {logging_mixin.py:188} INFO - [2026-01-06T14:56:41.779+1100] {dag.py:3947} INFO - Setting next_dagrun for example_external_task_marker_child to None, run_after=None
[2026-01-06T14:56:41.780+1100] {logging_mixin.py:188} INFO - [2026-01-06T14:56:41.780+1100] {dag.py:3947} INFO - Setting next_dagrun for example_external_task_marker_parent to None, run_after=None
[2026-01-06T14:56:41.786+1100] {processor.py:183} INFO - Processing /Users/fionatham/Documents/Projects/vogue_data_pipeline/venv/lib/python3.11/site-packages/airflow/example_dags/example_external_task_marker_dag.py took 0.066 seconds
[2026-01-06T14:58:36.360+1100] {processor.py:161} INFO - Started process (PID=93930) to work on /Users/fionatham/Documents/Projects/vogue_data_pipeline/venv/lib/python3.11/site-packages/airflow/example_dags/example_external_task_marker_dag.py
[2026-01-06T14:58:36.361+1100] {processor.py:830} INFO - Processing file /Users/fionatham/Documents/Projects/vogue_data_pipeline/venv/lib/python3.11/site-packages/airflow/example_dags/example_external_task_marker_dag.py for tasks to queue
[2026-01-06T14:58:36.361+1100] {logging_mixin.py:188} INFO - [2026-01-06T14:58:36.361+1100] {dagbag.py:545} INFO - Filling up the DagBag from /Users/fionatham/Documents/Projects/vogue_data_pipeline/venv/lib/python3.11/site-packages/airflow/example_dags/example_external_task_marker_dag.py
[2026-01-06T14:58:36.367+1100] {processor.py:840} INFO - DAG(s) 'example_external_task_marker_child', 'example_external_task_marker_parent' retrieved from /Users/fionatham/Documents/Projects/vogue_data_pipeline/venv/lib/python3.11/site-packages/airflow/example_dags/example_external_task_marker_dag.py
[2026-01-06T14:58:36.412+1100] {logging_mixin.py:188} INFO - [2026-01-06T14:58:36.412+1100] {dag.py:3089} INFO - Sync 2 DAGs
[2026-01-06T14:58:36.415+1100] {logging_mixin.py:188} INFO - [2026-01-06T14:58:36.415+1100] {dag.py:3947} INFO - Setting next_dagrun for example_external_task_marker_child to None, run_after=None
[2026-01-06T14:58:36.416+1100] {logging_mixin.py:188} INFO - [2026-01-06T14:58:36.416+1100] {dag.py:3947} INFO - Setting next_dagrun for example_external_task_marker_parent to None, run_after=None
[2026-01-06T14:58:36.423+1100] {processor.py:183} INFO - Processing /Users/fionatham/Documents/Projects/vogue_data_pipeline/venv/lib/python3.11/site-packages/airflow/example_dags/example_external_task_marker_dag.py took 0.064 seconds
[2026-01-06T15:00:36.805+1100] {processor.py:161} INFO - Started process (PID=94110) to work on /Users/fionatham/Documents/Projects/vogue_data_pipeline/venv/lib/python3.11/site-packages/airflow/example_dags/example_external_task_marker_dag.py
[2026-01-06T15:00:36.806+1100] {processor.py:830} INFO - Processing file /Users/fionatham/Documents/Projects/vogue_data_pipeline/venv/lib/python3.11/site-packages/airflow/example_dags/example_external_task_marker_dag.py for tasks to queue
[2026-01-06T15:00:36.806+1100] {logging_mixin.py:188} INFO - [2026-01-06T15:00:36.806+1100] {dagbag.py:545} INFO - Filling up the DagBag from /Users/fionatham/Documents/Projects/vogue_data_pipeline/venv/lib/python3.11/site-packages/airflow/example_dags/example_external_task_marker_dag.py
[2026-01-06T15:00:36.812+1100] {processor.py:840} INFO - DAG(s) 'example_external_task_marker_child', 'example_external_task_marker_parent' retrieved from /Users/fionatham/Documents/Projects/vogue_data_pipeline/venv/lib/python3.11/site-packages/airflow/example_dags/example_external_task_marker_dag.py
[2026-01-06T15:00:36.858+1100] {logging_mixin.py:188} INFO - [2026-01-06T15:00:36.858+1100] {dag.py:3089} INFO - Sync 2 DAGs
[2026-01-06T15:00:36.862+1100] {logging_mixin.py:188} INFO - [2026-01-06T15:00:36.862+1100] {dag.py:3947} INFO - Setting next_dagrun for example_external_task_marker_child to None, run_after=None
[2026-01-06T15:00:36.863+1100] {logging_mixin.py:188} INFO - [2026-01-06T15:00:36.863+1100] {dag.py:3947} INFO - Setting next_dagrun for example_external_task_marker_parent to None, run_after=None
[2026-01-06T15:00:36.870+1100] {processor.py:183} INFO - Processing /Users/fionatham/Documents/Projects/vogue_data_pipeline/venv/lib/python3.11/site-packages/airflow/example_dags/example_external_task_marker_dag.py took 0.067 seconds
[2026-01-06T15:02:37.582+1100] {processor.py:161} INFO - Started process (PID=94332) to work on /Users/fionatham/Documents/Projects/vogue_data_pipeline/venv/lib/python3.11/site-packages/airflow/example_dags/example_external_task_marker_dag.py
[2026-01-06T15:02:37.583+1100] {processor.py:830} INFO - Processing file /Users/fionatham/Documents/Projects/vogue_data_pipeline/venv/lib/python3.11/site-packages/airflow/example_dags/example_external_task_marker_dag.py for tasks to queue
[2026-01-06T15:02:37.583+1100] {logging_mixin.py:188} INFO - [2026-01-06T15:02:37.583+1100] {dagbag.py:545} INFO - Filling up the DagBag from /Users/fionatham/Documents/Projects/vogue_data_pipeline/venv/lib/python3.11/site-packages/airflow/example_dags/example_external_task_marker_dag.py
[2026-01-06T15:02:37.590+1100] {processor.py:840} INFO - DAG(s) 'example_external_task_marker_child', 'example_external_task_marker_parent' retrieved from /Users/fionatham/Documents/Projects/vogue_data_pipeline/venv/lib/python3.11/site-packages/airflow/example_dags/example_external_task_marker_dag.py
[2026-01-06T15:02:37.642+1100] {logging_mixin.py:188} INFO - [2026-01-06T15:02:37.642+1100] {dag.py:3089} INFO - Sync 2 DAGs
[2026-01-06T15:02:37.672+1100] {logging_mixin.py:188} INFO - [2026-01-06T15:02:37.672+1100] {dag.py:3947} INFO - Setting next_dagrun for example_external_task_marker_child to None, run_after=None
[2026-01-06T15:02:37.674+1100] {logging_mixin.py:188} INFO - [2026-01-06T15:02:37.674+1100] {dag.py:3947} INFO - Setting next_dagrun for example_external_task_marker_parent to None, run_after=None
[2026-01-06T15:02:37.687+1100] {processor.py:183} INFO - Processing /Users/fionatham/Documents/Projects/vogue_data_pipeline/venv/lib/python3.11/site-packages/airflow/example_dags/example_external_task_marker_dag.py took 0.107 seconds
[2026-01-06T15:04:38.123+1100] {processor.py:161} INFO - Started process (PID=94580) to work on /Users/fionatham/Documents/Projects/vogue_data_pipeline/venv/lib/python3.11/site-packages/airflow/example_dags/example_external_task_marker_dag.py
[2026-01-06T15:04:38.124+1100] {processor.py:830} INFO - Processing file /Users/fionatham/Documents/Projects/vogue_data_pipeline/venv/lib/python3.11/site-packages/airflow/example_dags/example_external_task_marker_dag.py for tasks to queue
[2026-01-06T15:04:38.124+1100] {logging_mixin.py:188} INFO - [2026-01-06T15:04:38.124+1100] {dagbag.py:545} INFO - Filling up the DagBag from /Users/fionatham/Documents/Projects/vogue_data_pipeline/venv/lib/python3.11/site-packages/airflow/example_dags/example_external_task_marker_dag.py
[2026-01-06T15:04:38.130+1100] {processor.py:840} INFO - DAG(s) 'example_external_task_marker_child', 'example_external_task_marker_parent' retrieved from /Users/fionatham/Documents/Projects/vogue_data_pipeline/venv/lib/python3.11/site-packages/airflow/example_dags/example_external_task_marker_dag.py
[2026-01-06T15:04:38.174+1100] {logging_mixin.py:188} INFO - [2026-01-06T15:04:38.174+1100] {dag.py:3089} INFO - Sync 2 DAGs
[2026-01-06T15:04:38.177+1100] {logging_mixin.py:188} INFO - [2026-01-06T15:04:38.177+1100] {dag.py:3947} INFO - Setting next_dagrun for example_external_task_marker_child to None, run_after=None
[2026-01-06T15:04:38.179+1100] {logging_mixin.py:188} INFO - [2026-01-06T15:04:38.178+1100] {dag.py:3947} INFO - Setting next_dagrun for example_external_task_marker_parent to None, run_after=None
[2026-01-06T15:04:38.185+1100] {processor.py:183} INFO - Processing /Users/fionatham/Documents/Projects/vogue_data_pipeline/venv/lib/python3.11/site-packages/airflow/example_dags/example_external_task_marker_dag.py took 0.063 seconds
[2026-01-06T15:06:37.508+1100] {processor.py:161} INFO - Started process (PID=94703) to work on /Users/fionatham/Documents/Projects/vogue_data_pipeline/venv/lib/python3.11/site-packages/airflow/example_dags/example_external_task_marker_dag.py
[2026-01-06T15:06:37.509+1100] {processor.py:830} INFO - Processing file /Users/fionatham/Documents/Projects/vogue_data_pipeline/venv/lib/python3.11/site-packages/airflow/example_dags/example_external_task_marker_dag.py for tasks to queue
[2026-01-06T15:06:37.510+1100] {logging_mixin.py:188} INFO - [2026-01-06T15:06:37.510+1100] {dagbag.py:545} INFO - Filling up the DagBag from /Users/fionatham/Documents/Projects/vogue_data_pipeline/venv/lib/python3.11/site-packages/airflow/example_dags/example_external_task_marker_dag.py
[2026-01-06T15:06:37.516+1100] {processor.py:840} INFO - DAG(s) 'example_external_task_marker_child', 'example_external_task_marker_parent' retrieved from /Users/fionatham/Documents/Projects/vogue_data_pipeline/venv/lib/python3.11/site-packages/airflow/example_dags/example_external_task_marker_dag.py
[2026-01-06T15:06:37.567+1100] {logging_mixin.py:188} INFO - [2026-01-06T15:06:37.567+1100] {dag.py:3089} INFO - Sync 2 DAGs
[2026-01-06T15:06:37.571+1100] {logging_mixin.py:188} INFO - [2026-01-06T15:06:37.571+1100] {dag.py:3947} INFO - Setting next_dagrun for example_external_task_marker_child to None, run_after=None
[2026-01-06T15:06:37.572+1100] {logging_mixin.py:188} INFO - [2026-01-06T15:06:37.572+1100] {dag.py:3947} INFO - Setting next_dagrun for example_external_task_marker_parent to None, run_after=None
[2026-01-06T15:06:37.581+1100] {processor.py:183} INFO - Processing /Users/fionatham/Documents/Projects/vogue_data_pipeline/venv/lib/python3.11/site-packages/airflow/example_dags/example_external_task_marker_dag.py took 0.074 seconds
[2026-01-06T15:13:02.704+1100] {processor.py:161} INFO - Started process (PID=95288) to work on /Users/fionatham/Documents/Projects/vogue_data_pipeline/venv/lib/python3.11/site-packages/airflow/example_dags/example_external_task_marker_dag.py
[2026-01-06T15:13:02.705+1100] {processor.py:830} INFO - Processing file /Users/fionatham/Documents/Projects/vogue_data_pipeline/venv/lib/python3.11/site-packages/airflow/example_dags/example_external_task_marker_dag.py for tasks to queue
[2026-01-06T15:13:02.705+1100] {logging_mixin.py:188} INFO - [2026-01-06T15:13:02.705+1100] {dagbag.py:545} INFO - Filling up the DagBag from /Users/fionatham/Documents/Projects/vogue_data_pipeline/venv/lib/python3.11/site-packages/airflow/example_dags/example_external_task_marker_dag.py
[2026-01-06T15:13:02.710+1100] {processor.py:840} INFO - DAG(s) 'example_external_task_marker_child', 'example_external_task_marker_parent' retrieved from /Users/fionatham/Documents/Projects/vogue_data_pipeline/venv/lib/python3.11/site-packages/airflow/example_dags/example_external_task_marker_dag.py
[2026-01-06T15:13:02.760+1100] {logging_mixin.py:188} INFO - [2026-01-06T15:13:02.760+1100] {dag.py:3089} INFO - Sync 2 DAGs
[2026-01-06T15:13:02.765+1100] {logging_mixin.py:188} INFO - [2026-01-06T15:13:02.764+1100] {dag.py:3947} INFO - Setting next_dagrun for example_external_task_marker_child to None, run_after=None
[2026-01-06T15:13:02.766+1100] {logging_mixin.py:188} INFO - [2026-01-06T15:13:02.766+1100] {dag.py:3947} INFO - Setting next_dagrun for example_external_task_marker_parent to None, run_after=None
[2026-01-06T15:13:02.787+1100] {processor.py:183} INFO - Processing /Users/fionatham/Documents/Projects/vogue_data_pipeline/venv/lib/python3.11/site-packages/airflow/example_dags/example_external_task_marker_dag.py took 0.084 seconds
[2026-01-06T15:47:53.742+1100] {processor.py:161} INFO - Started process (PID=95499) to work on /Users/fionatham/Documents/Projects/vogue_data_pipeline/venv/lib/python3.11/site-packages/airflow/example_dags/example_external_task_marker_dag.py
[2026-01-06T15:47:53.743+1100] {processor.py:830} INFO - Processing file /Users/fionatham/Documents/Projects/vogue_data_pipeline/venv/lib/python3.11/site-packages/airflow/example_dags/example_external_task_marker_dag.py for tasks to queue
[2026-01-06T15:47:53.743+1100] {logging_mixin.py:188} INFO - [2026-01-06T15:47:53.743+1100] {dagbag.py:545} INFO - Filling up the DagBag from /Users/fionatham/Documents/Projects/vogue_data_pipeline/venv/lib/python3.11/site-packages/airflow/example_dags/example_external_task_marker_dag.py
[2026-01-06T15:47:53.749+1100] {processor.py:840} INFO - DAG(s) 'example_external_task_marker_child', 'example_external_task_marker_parent' retrieved from /Users/fionatham/Documents/Projects/vogue_data_pipeline/venv/lib/python3.11/site-packages/airflow/example_dags/example_external_task_marker_dag.py
[2026-01-06T15:47:53.797+1100] {logging_mixin.py:188} INFO - [2026-01-06T15:47:53.797+1100] {dag.py:3089} INFO - Sync 2 DAGs
[2026-01-06T15:47:53.800+1100] {logging_mixin.py:188} INFO - [2026-01-06T15:47:53.800+1100] {dag.py:3947} INFO - Setting next_dagrun for example_external_task_marker_child to None, run_after=None
[2026-01-06T15:47:53.802+1100] {logging_mixin.py:188} INFO - [2026-01-06T15:47:53.801+1100] {dag.py:3947} INFO - Setting next_dagrun for example_external_task_marker_parent to None, run_after=None
[2026-01-06T15:47:53.808+1100] {processor.py:183} INFO - Processing /Users/fionatham/Documents/Projects/vogue_data_pipeline/venv/lib/python3.11/site-packages/airflow/example_dags/example_external_task_marker_dag.py took 0.068 seconds
[2026-01-06T18:48:47.700+1100] {processor.py:161} INFO - Started process (PID=95604) to work on /Users/fionatham/Documents/Projects/vogue_data_pipeline/venv/lib/python3.11/site-packages/airflow/example_dags/example_external_task_marker_dag.py
[2026-01-06T18:48:47.700+1100] {processor.py:830} INFO - Processing file /Users/fionatham/Documents/Projects/vogue_data_pipeline/venv/lib/python3.11/site-packages/airflow/example_dags/example_external_task_marker_dag.py for tasks to queue
[2026-01-06T18:48:47.701+1100] {logging_mixin.py:188} INFO - [2026-01-06T18:48:47.700+1100] {dagbag.py:545} INFO - Filling up the DagBag from /Users/fionatham/Documents/Projects/vogue_data_pipeline/venv/lib/python3.11/site-packages/airflow/example_dags/example_external_task_marker_dag.py
[2026-01-06T18:48:47.706+1100] {processor.py:840} INFO - DAG(s) 'example_external_task_marker_child', 'example_external_task_marker_parent' retrieved from /Users/fionatham/Documents/Projects/vogue_data_pipeline/venv/lib/python3.11/site-packages/airflow/example_dags/example_external_task_marker_dag.py
[2026-01-06T18:48:47.754+1100] {logging_mixin.py:188} INFO - [2026-01-06T18:48:47.754+1100] {dag.py:3089} INFO - Sync 2 DAGs
[2026-01-06T18:48:47.758+1100] {logging_mixin.py:188} INFO - [2026-01-06T18:48:47.757+1100] {dag.py:3947} INFO - Setting next_dagrun for example_external_task_marker_child to None, run_after=None
[2026-01-06T18:48:47.759+1100] {logging_mixin.py:188} INFO - [2026-01-06T18:48:47.759+1100] {dag.py:3947} INFO - Setting next_dagrun for example_external_task_marker_parent to None, run_after=None
[2026-01-06T18:48:47.766+1100] {processor.py:183} INFO - Processing /Users/fionatham/Documents/Projects/vogue_data_pipeline/venv/lib/python3.11/site-packages/airflow/example_dags/example_external_task_marker_dag.py took 0.069 seconds
[2026-01-06T20:51:59.803+1100] {processor.py:161} INFO - Started process (PID=95758) to work on /Users/fionatham/Documents/Projects/vogue_data_pipeline/venv/lib/python3.11/site-packages/airflow/example_dags/example_external_task_marker_dag.py
[2026-01-06T20:51:59.804+1100] {processor.py:830} INFO - Processing file /Users/fionatham/Documents/Projects/vogue_data_pipeline/venv/lib/python3.11/site-packages/airflow/example_dags/example_external_task_marker_dag.py for tasks to queue
[2026-01-06T20:51:59.805+1100] {logging_mixin.py:188} INFO - [2026-01-06T20:51:59.804+1100] {dagbag.py:545} INFO - Filling up the DagBag from /Users/fionatham/Documents/Projects/vogue_data_pipeline/venv/lib/python3.11/site-packages/airflow/example_dags/example_external_task_marker_dag.py
[2026-01-06T20:51:59.812+1100] {processor.py:840} INFO - DAG(s) 'example_external_task_marker_parent', 'example_external_task_marker_child' retrieved from /Users/fionatham/Documents/Projects/vogue_data_pipeline/venv/lib/python3.11/site-packages/airflow/example_dags/example_external_task_marker_dag.py
[2026-01-06T20:51:59.869+1100] {logging_mixin.py:188} INFO - [2026-01-06T20:51:59.869+1100] {dag.py:3089} INFO - Sync 2 DAGs
[2026-01-06T20:51:59.874+1100] {logging_mixin.py:188} INFO - [2026-01-06T20:51:59.874+1100] {dag.py:3947} INFO - Setting next_dagrun for example_external_task_marker_child to None, run_after=None
[2026-01-06T20:51:59.875+1100] {logging_mixin.py:188} INFO - [2026-01-06T20:51:59.875+1100] {dag.py:3947} INFO - Setting next_dagrun for example_external_task_marker_parent to None, run_after=None
[2026-01-06T20:51:59.883+1100] {processor.py:183} INFO - Processing /Users/fionatham/Documents/Projects/vogue_data_pipeline/venv/lib/python3.11/site-packages/airflow/example_dags/example_external_task_marker_dag.py took 0.081 seconds
[2026-01-06T23:56:58.078+1100] {processor.py:161} INFO - Started process (PID=96030) to work on /Users/fionatham/Documents/Projects/vogue_data_pipeline/venv/lib/python3.11/site-packages/airflow/example_dags/example_external_task_marker_dag.py
[2026-01-06T23:56:58.079+1100] {processor.py:830} INFO - Processing file /Users/fionatham/Documents/Projects/vogue_data_pipeline/venv/lib/python3.11/site-packages/airflow/example_dags/example_external_task_marker_dag.py for tasks to queue
[2026-01-06T23:56:58.079+1100] {logging_mixin.py:188} INFO - [2026-01-06T23:56:58.079+1100] {dagbag.py:545} INFO - Filling up the DagBag from /Users/fionatham/Documents/Projects/vogue_data_pipeline/venv/lib/python3.11/site-packages/airflow/example_dags/example_external_task_marker_dag.py
[2026-01-06T23:56:58.086+1100] {processor.py:840} INFO - DAG(s) 'example_external_task_marker_parent', 'example_external_task_marker_child' retrieved from /Users/fionatham/Documents/Projects/vogue_data_pipeline/venv/lib/python3.11/site-packages/airflow/example_dags/example_external_task_marker_dag.py
[2026-01-06T23:56:58.166+1100] {logging_mixin.py:188} INFO - [2026-01-06T23:56:58.166+1100] {dag.py:3089} INFO - Sync 2 DAGs
[2026-01-06T23:56:58.172+1100] {logging_mixin.py:188} INFO - [2026-01-06T23:56:58.171+1100] {dag.py:3947} INFO - Setting next_dagrun for example_external_task_marker_child to None, run_after=None
[2026-01-06T23:56:58.173+1100] {logging_mixin.py:188} INFO - [2026-01-06T23:56:58.173+1100] {dag.py:3947} INFO - Setting next_dagrun for example_external_task_marker_parent to None, run_after=None
[2026-01-06T23:56:58.184+1100] {processor.py:183} INFO - Processing /Users/fionatham/Documents/Projects/vogue_data_pipeline/venv/lib/python3.11/site-packages/airflow/example_dags/example_external_task_marker_dag.py took 0.107 seconds
