[2026-01-06T13:57:56.472+1100] {processor.py:161} INFO - Started process (PID=85446) to work on /Users/fionatham/Documents/Projects/vogue_data_pipeline/venv/lib/python3.11/site-packages/airflow/example_dags/example_branch_day_of_week_operator.py
[2026-01-06T13:57:56.472+1100] {processor.py:830} INFO - Processing file /Users/fionatham/Documents/Projects/vogue_data_pipeline/venv/lib/python3.11/site-packages/airflow/example_dags/example_branch_day_of_week_operator.py for tasks to queue
[2026-01-06T13:57:56.473+1100] {logging_mixin.py:188} INFO - [2026-01-06T13:57:56.473+1100] {dagbag.py:545} INFO - Filling up the DagBag from /Users/fionatham/Documents/Projects/vogue_data_pipeline/venv/lib/python3.11/site-packages/airflow/example_dags/example_branch_day_of_week_operator.py
[2026-01-06T13:57:56.478+1100] {processor.py:840} INFO - DAG(s) 'example_weekday_branch_operator' retrieved from /Users/fionatham/Documents/Projects/vogue_data_pipeline/venv/lib/python3.11/site-packages/airflow/example_dags/example_branch_day_of_week_operator.py
[2026-01-06T13:57:56.558+1100] {logging_mixin.py:188} INFO - [2026-01-06T13:57:56.558+1100] {override.py:1858} INFO - Created Permission View: can delete on DAG:example_weekday_branch_operator
[2026-01-06T13:57:56.562+1100] {logging_mixin.py:188} INFO - [2026-01-06T13:57:56.562+1100] {override.py:1858} INFO - Created Permission View: can read on DAG:example_weekday_branch_operator
[2026-01-06T13:57:56.565+1100] {logging_mixin.py:188} INFO - [2026-01-06T13:57:56.565+1100] {override.py:1858} INFO - Created Permission View: can edit on DAG:example_weekday_branch_operator
[2026-01-06T13:57:56.565+1100] {logging_mixin.py:188} INFO - [2026-01-06T13:57:56.565+1100] {dag.py:3089} INFO - Sync 1 DAGs
[2026-01-06T13:57:56.596+1100] {logging_mixin.py:188} INFO - [2026-01-06T13:57:56.596+1100] {dag.py:3111} INFO - Creating ORM DAG for example_weekday_branch_operator
[2026-01-06T13:57:56.600+1100] {logging_mixin.py:188} INFO - [2026-01-06T13:57:56.600+1100] {dag.py:3947} INFO - Setting next_dagrun for example_weekday_branch_operator to 2026-01-05 00:00:00+00:00, run_after=2026-01-06 00:00:00+00:00
[2026-01-06T13:57:56.606+1100] {processor.py:183} INFO - Processing /Users/fionatham/Documents/Projects/vogue_data_pipeline/venv/lib/python3.11/site-packages/airflow/example_dags/example_branch_day_of_week_operator.py took 0.135 seconds
[2026-01-06T13:59:56.376+1100] {processor.py:161} INFO - Started process (PID=86814) to work on /Users/fionatham/Documents/Projects/vogue_data_pipeline/venv/lib/python3.11/site-packages/airflow/example_dags/example_branch_day_of_week_operator.py
[2026-01-06T13:59:56.377+1100] {processor.py:830} INFO - Processing file /Users/fionatham/Documents/Projects/vogue_data_pipeline/venv/lib/python3.11/site-packages/airflow/example_dags/example_branch_day_of_week_operator.py for tasks to queue
[2026-01-06T13:59:56.377+1100] {logging_mixin.py:188} INFO - [2026-01-06T13:59:56.377+1100] {dagbag.py:545} INFO - Filling up the DagBag from /Users/fionatham/Documents/Projects/vogue_data_pipeline/venv/lib/python3.11/site-packages/airflow/example_dags/example_branch_day_of_week_operator.py
[2026-01-06T13:59:56.381+1100] {processor.py:840} INFO - DAG(s) 'example_weekday_branch_operator' retrieved from /Users/fionatham/Documents/Projects/vogue_data_pipeline/venv/lib/python3.11/site-packages/airflow/example_dags/example_branch_day_of_week_operator.py
[2026-01-06T13:59:56.427+1100] {logging_mixin.py:188} INFO - [2026-01-06T13:59:56.427+1100] {dag.py:3089} INFO - Sync 1 DAGs
[2026-01-06T13:59:56.434+1100] {logging_mixin.py:188} INFO - [2026-01-06T13:59:56.434+1100] {dag.py:3947} INFO - Setting next_dagrun for example_weekday_branch_operator to 2026-01-05 00:00:00+00:00, run_after=2026-01-06 00:00:00+00:00
[2026-01-06T13:59:56.441+1100] {processor.py:183} INFO - Processing /Users/fionatham/Documents/Projects/vogue_data_pipeline/venv/lib/python3.11/site-packages/airflow/example_dags/example_branch_day_of_week_operator.py took 0.067 seconds
[2026-01-06T14:01:58.719+1100] {processor.py:161} INFO - Started process (PID=87065) to work on /Users/fionatham/Documents/Projects/vogue_data_pipeline/venv/lib/python3.11/site-packages/airflow/example_dags/example_branch_day_of_week_operator.py
[2026-01-06T14:01:58.719+1100] {processor.py:830} INFO - Processing file /Users/fionatham/Documents/Projects/vogue_data_pipeline/venv/lib/python3.11/site-packages/airflow/example_dags/example_branch_day_of_week_operator.py for tasks to queue
[2026-01-06T14:01:58.720+1100] {logging_mixin.py:188} INFO - [2026-01-06T14:01:58.720+1100] {dagbag.py:545} INFO - Filling up the DagBag from /Users/fionatham/Documents/Projects/vogue_data_pipeline/venv/lib/python3.11/site-packages/airflow/example_dags/example_branch_day_of_week_operator.py
[2026-01-06T14:01:58.724+1100] {processor.py:840} INFO - DAG(s) 'example_weekday_branch_operator' retrieved from /Users/fionatham/Documents/Projects/vogue_data_pipeline/venv/lib/python3.11/site-packages/airflow/example_dags/example_branch_day_of_week_operator.py
[2026-01-06T14:01:58.771+1100] {logging_mixin.py:188} INFO - [2026-01-06T14:01:58.771+1100] {dag.py:3089} INFO - Sync 1 DAGs
[2026-01-06T14:01:58.778+1100] {logging_mixin.py:188} INFO - [2026-01-06T14:01:58.778+1100] {dag.py:3947} INFO - Setting next_dagrun for example_weekday_branch_operator to 2026-01-05 00:00:00+00:00, run_after=2026-01-06 00:00:00+00:00
[2026-01-06T14:01:58.786+1100] {processor.py:183} INFO - Processing /Users/fionatham/Documents/Projects/vogue_data_pipeline/venv/lib/python3.11/site-packages/airflow/example_dags/example_branch_day_of_week_operator.py took 0.070 seconds
[2026-01-06T14:04:01.894+1100] {processor.py:161} INFO - Started process (PID=87234) to work on /Users/fionatham/Documents/Projects/vogue_data_pipeline/venv/lib/python3.11/site-packages/airflow/example_dags/example_branch_day_of_week_operator.py
[2026-01-06T14:04:01.895+1100] {processor.py:830} INFO - Processing file /Users/fionatham/Documents/Projects/vogue_data_pipeline/venv/lib/python3.11/site-packages/airflow/example_dags/example_branch_day_of_week_operator.py for tasks to queue
[2026-01-06T14:04:01.896+1100] {logging_mixin.py:188} INFO - [2026-01-06T14:04:01.896+1100] {dagbag.py:545} INFO - Filling up the DagBag from /Users/fionatham/Documents/Projects/vogue_data_pipeline/venv/lib/python3.11/site-packages/airflow/example_dags/example_branch_day_of_week_operator.py
[2026-01-06T14:04:01.901+1100] {processor.py:840} INFO - DAG(s) 'example_weekday_branch_operator' retrieved from /Users/fionatham/Documents/Projects/vogue_data_pipeline/venv/lib/python3.11/site-packages/airflow/example_dags/example_branch_day_of_week_operator.py
[2026-01-06T14:04:01.943+1100] {logging_mixin.py:188} INFO - [2026-01-06T14:04:01.943+1100] {dag.py:3089} INFO - Sync 1 DAGs
[2026-01-06T14:04:01.949+1100] {logging_mixin.py:188} INFO - [2026-01-06T14:04:01.949+1100] {dag.py:3947} INFO - Setting next_dagrun for example_weekday_branch_operator to 2026-01-05 00:00:00+00:00, run_after=2026-01-06 00:00:00+00:00
[2026-01-06T14:04:01.956+1100] {processor.py:183} INFO - Processing /Users/fionatham/Documents/Projects/vogue_data_pipeline/venv/lib/python3.11/site-packages/airflow/example_dags/example_branch_day_of_week_operator.py took 0.063 seconds
[2026-01-06T14:06:00.560+1100] {processor.py:161} INFO - Started process (PID=87468) to work on /Users/fionatham/Documents/Projects/vogue_data_pipeline/venv/lib/python3.11/site-packages/airflow/example_dags/example_branch_day_of_week_operator.py
[2026-01-06T14:06:00.561+1100] {processor.py:830} INFO - Processing file /Users/fionatham/Documents/Projects/vogue_data_pipeline/venv/lib/python3.11/site-packages/airflow/example_dags/example_branch_day_of_week_operator.py for tasks to queue
[2026-01-06T14:06:00.561+1100] {logging_mixin.py:188} INFO - [2026-01-06T14:06:00.561+1100] {dagbag.py:545} INFO - Filling up the DagBag from /Users/fionatham/Documents/Projects/vogue_data_pipeline/venv/lib/python3.11/site-packages/airflow/example_dags/example_branch_day_of_week_operator.py
[2026-01-06T14:06:00.566+1100] {processor.py:840} INFO - DAG(s) 'example_weekday_branch_operator' retrieved from /Users/fionatham/Documents/Projects/vogue_data_pipeline/venv/lib/python3.11/site-packages/airflow/example_dags/example_branch_day_of_week_operator.py
[2026-01-06T14:06:00.610+1100] {logging_mixin.py:188} INFO - [2026-01-06T14:06:00.610+1100] {dag.py:3089} INFO - Sync 1 DAGs
[2026-01-06T14:06:00.616+1100] {logging_mixin.py:188} INFO - [2026-01-06T14:06:00.616+1100] {dag.py:3947} INFO - Setting next_dagrun for example_weekday_branch_operator to 2026-01-05 00:00:00+00:00, run_after=2026-01-06 00:00:00+00:00
[2026-01-06T14:06:00.623+1100] {processor.py:183} INFO - Processing /Users/fionatham/Documents/Projects/vogue_data_pipeline/venv/lib/python3.11/site-packages/airflow/example_dags/example_branch_day_of_week_operator.py took 0.065 seconds
[2026-01-06T14:08:02.748+1100] {processor.py:161} INFO - Started process (PID=87645) to work on /Users/fionatham/Documents/Projects/vogue_data_pipeline/venv/lib/python3.11/site-packages/airflow/example_dags/example_branch_day_of_week_operator.py
[2026-01-06T14:08:02.750+1100] {processor.py:830} INFO - Processing file /Users/fionatham/Documents/Projects/vogue_data_pipeline/venv/lib/python3.11/site-packages/airflow/example_dags/example_branch_day_of_week_operator.py for tasks to queue
[2026-01-06T14:08:02.750+1100] {logging_mixin.py:188} INFO - [2026-01-06T14:08:02.750+1100] {dagbag.py:545} INFO - Filling up the DagBag from /Users/fionatham/Documents/Projects/vogue_data_pipeline/venv/lib/python3.11/site-packages/airflow/example_dags/example_branch_day_of_week_operator.py
[2026-01-06T14:08:02.755+1100] {processor.py:840} INFO - DAG(s) 'example_weekday_branch_operator' retrieved from /Users/fionatham/Documents/Projects/vogue_data_pipeline/venv/lib/python3.11/site-packages/airflow/example_dags/example_branch_day_of_week_operator.py
[2026-01-06T14:08:02.799+1100] {logging_mixin.py:188} INFO - [2026-01-06T14:08:02.799+1100] {dag.py:3089} INFO - Sync 1 DAGs
[2026-01-06T14:08:02.805+1100] {logging_mixin.py:188} INFO - [2026-01-06T14:08:02.805+1100] {dag.py:3947} INFO - Setting next_dagrun for example_weekday_branch_operator to 2026-01-05 00:00:00+00:00, run_after=2026-01-06 00:00:00+00:00
[2026-01-06T14:08:02.814+1100] {processor.py:183} INFO - Processing /Users/fionatham/Documents/Projects/vogue_data_pipeline/venv/lib/python3.11/site-packages/airflow/example_dags/example_branch_day_of_week_operator.py took 0.067 seconds
[2026-01-06T14:09:59.554+1100] {processor.py:161} INFO - Started process (PID=87745) to work on /Users/fionatham/Documents/Projects/vogue_data_pipeline/venv/lib/python3.11/site-packages/airflow/example_dags/example_branch_day_of_week_operator.py
[2026-01-06T14:09:59.555+1100] {processor.py:830} INFO - Processing file /Users/fionatham/Documents/Projects/vogue_data_pipeline/venv/lib/python3.11/site-packages/airflow/example_dags/example_branch_day_of_week_operator.py for tasks to queue
[2026-01-06T14:09:59.555+1100] {logging_mixin.py:188} INFO - [2026-01-06T14:09:59.555+1100] {dagbag.py:545} INFO - Filling up the DagBag from /Users/fionatham/Documents/Projects/vogue_data_pipeline/venv/lib/python3.11/site-packages/airflow/example_dags/example_branch_day_of_week_operator.py
[2026-01-06T14:09:59.559+1100] {processor.py:840} INFO - DAG(s) 'example_weekday_branch_operator' retrieved from /Users/fionatham/Documents/Projects/vogue_data_pipeline/venv/lib/python3.11/site-packages/airflow/example_dags/example_branch_day_of_week_operator.py
[2026-01-06T14:09:59.603+1100] {logging_mixin.py:188} INFO - [2026-01-06T14:09:59.602+1100] {dag.py:3089} INFO - Sync 1 DAGs
[2026-01-06T14:09:59.609+1100] {logging_mixin.py:188} INFO - [2026-01-06T14:09:59.609+1100] {dag.py:3947} INFO - Setting next_dagrun for example_weekday_branch_operator to 2026-01-05 00:00:00+00:00, run_after=2026-01-06 00:00:00+00:00
[2026-01-06T14:09:59.617+1100] {processor.py:183} INFO - Processing /Users/fionatham/Documents/Projects/vogue_data_pipeline/venv/lib/python3.11/site-packages/airflow/example_dags/example_branch_day_of_week_operator.py took 0.064 seconds
[2026-01-06T14:11:56.781+1100] {processor.py:161} INFO - Started process (PID=87911) to work on /Users/fionatham/Documents/Projects/vogue_data_pipeline/venv/lib/python3.11/site-packages/airflow/example_dags/example_branch_day_of_week_operator.py
[2026-01-06T14:11:56.783+1100] {processor.py:830} INFO - Processing file /Users/fionatham/Documents/Projects/vogue_data_pipeline/venv/lib/python3.11/site-packages/airflow/example_dags/example_branch_day_of_week_operator.py for tasks to queue
[2026-01-06T14:11:56.783+1100] {logging_mixin.py:188} INFO - [2026-01-06T14:11:56.783+1100] {dagbag.py:545} INFO - Filling up the DagBag from /Users/fionatham/Documents/Projects/vogue_data_pipeline/venv/lib/python3.11/site-packages/airflow/example_dags/example_branch_day_of_week_operator.py
[2026-01-06T14:11:56.788+1100] {processor.py:840} INFO - DAG(s) 'example_weekday_branch_operator' retrieved from /Users/fionatham/Documents/Projects/vogue_data_pipeline/venv/lib/python3.11/site-packages/airflow/example_dags/example_branch_day_of_week_operator.py
[2026-01-06T14:11:56.835+1100] {logging_mixin.py:188} INFO - [2026-01-06T14:11:56.835+1100] {dag.py:3089} INFO - Sync 1 DAGs
[2026-01-06T14:11:56.842+1100] {logging_mixin.py:188} INFO - [2026-01-06T14:11:56.842+1100] {dag.py:3947} INFO - Setting next_dagrun for example_weekday_branch_operator to 2026-01-05 00:00:00+00:00, run_after=2026-01-06 00:00:00+00:00
[2026-01-06T14:11:56.850+1100] {processor.py:183} INFO - Processing /Users/fionatham/Documents/Projects/vogue_data_pipeline/venv/lib/python3.11/site-packages/airflow/example_dags/example_branch_day_of_week_operator.py took 0.070 seconds
[2026-01-06T14:14:02.645+1100] {processor.py:161} INFO - Started process (PID=88457) to work on /Users/fionatham/Documents/Projects/vogue_data_pipeline/venv/lib/python3.11/site-packages/airflow/example_dags/example_branch_day_of_week_operator.py
[2026-01-06T14:14:02.646+1100] {processor.py:830} INFO - Processing file /Users/fionatham/Documents/Projects/vogue_data_pipeline/venv/lib/python3.11/site-packages/airflow/example_dags/example_branch_day_of_week_operator.py for tasks to queue
[2026-01-06T14:14:02.646+1100] {logging_mixin.py:188} INFO - [2026-01-06T14:14:02.646+1100] {dagbag.py:545} INFO - Filling up the DagBag from /Users/fionatham/Documents/Projects/vogue_data_pipeline/venv/lib/python3.11/site-packages/airflow/example_dags/example_branch_day_of_week_operator.py
[2026-01-06T14:14:02.651+1100] {processor.py:840} INFO - DAG(s) 'example_weekday_branch_operator' retrieved from /Users/fionatham/Documents/Projects/vogue_data_pipeline/venv/lib/python3.11/site-packages/airflow/example_dags/example_branch_day_of_week_operator.py
[2026-01-06T14:14:02.695+1100] {logging_mixin.py:188} INFO - [2026-01-06T14:14:02.695+1100] {dag.py:3089} INFO - Sync 1 DAGs
[2026-01-06T14:14:02.701+1100] {logging_mixin.py:188} INFO - [2026-01-06T14:14:02.701+1100] {dag.py:3947} INFO - Setting next_dagrun for example_weekday_branch_operator to 2026-01-05 00:00:00+00:00, run_after=2026-01-06 00:00:00+00:00
[2026-01-06T14:14:02.709+1100] {processor.py:183} INFO - Processing /Users/fionatham/Documents/Projects/vogue_data_pipeline/venv/lib/python3.11/site-packages/airflow/example_dags/example_branch_day_of_week_operator.py took 0.066 seconds
[2026-01-06T14:16:03.354+1100] {processor.py:161} INFO - Started process (PID=89012) to work on /Users/fionatham/Documents/Projects/vogue_data_pipeline/venv/lib/python3.11/site-packages/airflow/example_dags/example_branch_day_of_week_operator.py
[2026-01-06T14:16:03.354+1100] {processor.py:830} INFO - Processing file /Users/fionatham/Documents/Projects/vogue_data_pipeline/venv/lib/python3.11/site-packages/airflow/example_dags/example_branch_day_of_week_operator.py for tasks to queue
[2026-01-06T14:16:03.355+1100] {logging_mixin.py:188} INFO - [2026-01-06T14:16:03.354+1100] {dagbag.py:545} INFO - Filling up the DagBag from /Users/fionatham/Documents/Projects/vogue_data_pipeline/venv/lib/python3.11/site-packages/airflow/example_dags/example_branch_day_of_week_operator.py
[2026-01-06T14:16:03.359+1100] {processor.py:840} INFO - DAG(s) 'example_weekday_branch_operator' retrieved from /Users/fionatham/Documents/Projects/vogue_data_pipeline/venv/lib/python3.11/site-packages/airflow/example_dags/example_branch_day_of_week_operator.py
[2026-01-06T14:16:03.403+1100] {logging_mixin.py:188} INFO - [2026-01-06T14:16:03.402+1100] {dag.py:3089} INFO - Sync 1 DAGs
[2026-01-06T14:16:03.409+1100] {logging_mixin.py:188} INFO - [2026-01-06T14:16:03.409+1100] {dag.py:3947} INFO - Setting next_dagrun for example_weekday_branch_operator to 2026-01-05 00:00:00+00:00, run_after=2026-01-06 00:00:00+00:00
[2026-01-06T14:16:03.417+1100] {processor.py:183} INFO - Processing /Users/fionatham/Documents/Projects/vogue_data_pipeline/venv/lib/python3.11/site-packages/airflow/example_dags/example_branch_day_of_week_operator.py took 0.065 seconds
[2026-01-06T14:17:56.257+1100] {processor.py:161} INFO - Started process (PID=89401) to work on /Users/fionatham/Documents/Projects/vogue_data_pipeline/venv/lib/python3.11/site-packages/airflow/example_dags/example_branch_day_of_week_operator.py
[2026-01-06T14:17:56.258+1100] {processor.py:830} INFO - Processing file /Users/fionatham/Documents/Projects/vogue_data_pipeline/venv/lib/python3.11/site-packages/airflow/example_dags/example_branch_day_of_week_operator.py for tasks to queue
[2026-01-06T14:17:56.259+1100] {logging_mixin.py:188} INFO - [2026-01-06T14:17:56.258+1100] {dagbag.py:545} INFO - Filling up the DagBag from /Users/fionatham/Documents/Projects/vogue_data_pipeline/venv/lib/python3.11/site-packages/airflow/example_dags/example_branch_day_of_week_operator.py
[2026-01-06T14:17:56.262+1100] {processor.py:840} INFO - DAG(s) 'example_weekday_branch_operator' retrieved from /Users/fionatham/Documents/Projects/vogue_data_pipeline/venv/lib/python3.11/site-packages/airflow/example_dags/example_branch_day_of_week_operator.py
[2026-01-06T14:17:56.307+1100] {logging_mixin.py:188} INFO - [2026-01-06T14:17:56.307+1100] {dag.py:3089} INFO - Sync 1 DAGs
[2026-01-06T14:17:56.314+1100] {logging_mixin.py:188} INFO - [2026-01-06T14:17:56.314+1100] {dag.py:3947} INFO - Setting next_dagrun for example_weekday_branch_operator to 2026-01-05 00:00:00+00:00, run_after=2026-01-06 00:00:00+00:00
[2026-01-06T14:17:56.322+1100] {processor.py:183} INFO - Processing /Users/fionatham/Documents/Projects/vogue_data_pipeline/venv/lib/python3.11/site-packages/airflow/example_dags/example_branch_day_of_week_operator.py took 0.066 seconds
[2026-01-06T14:19:57.928+1100] {processor.py:161} INFO - Started process (PID=89966) to work on /Users/fionatham/Documents/Projects/vogue_data_pipeline/venv/lib/python3.11/site-packages/airflow/example_dags/example_branch_day_of_week_operator.py
[2026-01-06T14:19:57.929+1100] {processor.py:830} INFO - Processing file /Users/fionatham/Documents/Projects/vogue_data_pipeline/venv/lib/python3.11/site-packages/airflow/example_dags/example_branch_day_of_week_operator.py for tasks to queue
[2026-01-06T14:19:57.930+1100] {logging_mixin.py:188} INFO - [2026-01-06T14:19:57.930+1100] {dagbag.py:545} INFO - Filling up the DagBag from /Users/fionatham/Documents/Projects/vogue_data_pipeline/venv/lib/python3.11/site-packages/airflow/example_dags/example_branch_day_of_week_operator.py
[2026-01-06T14:19:57.934+1100] {processor.py:840} INFO - DAG(s) 'example_weekday_branch_operator' retrieved from /Users/fionatham/Documents/Projects/vogue_data_pipeline/venv/lib/python3.11/site-packages/airflow/example_dags/example_branch_day_of_week_operator.py
[2026-01-06T14:19:57.980+1100] {logging_mixin.py:188} INFO - [2026-01-06T14:19:57.980+1100] {dag.py:3089} INFO - Sync 1 DAGs
[2026-01-06T14:19:57.986+1100] {logging_mixin.py:188} INFO - [2026-01-06T14:19:57.986+1100] {dag.py:3947} INFO - Setting next_dagrun for example_weekday_branch_operator to 2026-01-05 00:00:00+00:00, run_after=2026-01-06 00:00:00+00:00
[2026-01-06T14:19:57.995+1100] {processor.py:183} INFO - Processing /Users/fionatham/Documents/Projects/vogue_data_pipeline/venv/lib/python3.11/site-packages/airflow/example_dags/example_branch_day_of_week_operator.py took 0.068 seconds
[2026-01-06T14:21:59.613+1100] {processor.py:161} INFO - Started process (PID=90049) to work on /Users/fionatham/Documents/Projects/vogue_data_pipeline/venv/lib/python3.11/site-packages/airflow/example_dags/example_branch_day_of_week_operator.py
[2026-01-06T14:21:59.613+1100] {processor.py:830} INFO - Processing file /Users/fionatham/Documents/Projects/vogue_data_pipeline/venv/lib/python3.11/site-packages/airflow/example_dags/example_branch_day_of_week_operator.py for tasks to queue
[2026-01-06T14:21:59.614+1100] {logging_mixin.py:188} INFO - [2026-01-06T14:21:59.614+1100] {dagbag.py:545} INFO - Filling up the DagBag from /Users/fionatham/Documents/Projects/vogue_data_pipeline/venv/lib/python3.11/site-packages/airflow/example_dags/example_branch_day_of_week_operator.py
[2026-01-06T14:21:59.619+1100] {processor.py:840} INFO - DAG(s) 'example_weekday_branch_operator' retrieved from /Users/fionatham/Documents/Projects/vogue_data_pipeline/venv/lib/python3.11/site-packages/airflow/example_dags/example_branch_day_of_week_operator.py
[2026-01-06T14:21:59.663+1100] {logging_mixin.py:188} INFO - [2026-01-06T14:21:59.663+1100] {dag.py:3089} INFO - Sync 1 DAGs
[2026-01-06T14:21:59.670+1100] {logging_mixin.py:188} INFO - [2026-01-06T14:21:59.669+1100] {dag.py:3947} INFO - Setting next_dagrun for example_weekday_branch_operator to 2026-01-05 00:00:00+00:00, run_after=2026-01-06 00:00:00+00:00
[2026-01-06T14:21:59.677+1100] {processor.py:183} INFO - Processing /Users/fionatham/Documents/Projects/vogue_data_pipeline/venv/lib/python3.11/site-packages/airflow/example_dags/example_branch_day_of_week_operator.py took 0.065 seconds
[2026-01-06T14:23:50.069+1100] {processor.py:161} INFO - Started process (PID=90145) to work on /Users/fionatham/Documents/Projects/vogue_data_pipeline/venv/lib/python3.11/site-packages/airflow/example_dags/example_branch_day_of_week_operator.py
[2026-01-06T14:23:50.071+1100] {processor.py:830} INFO - Processing file /Users/fionatham/Documents/Projects/vogue_data_pipeline/venv/lib/python3.11/site-packages/airflow/example_dags/example_branch_day_of_week_operator.py for tasks to queue
[2026-01-06T14:23:50.071+1100] {logging_mixin.py:188} INFO - [2026-01-06T14:23:50.071+1100] {dagbag.py:545} INFO - Filling up the DagBag from /Users/fionatham/Documents/Projects/vogue_data_pipeline/venv/lib/python3.11/site-packages/airflow/example_dags/example_branch_day_of_week_operator.py
[2026-01-06T14:23:50.076+1100] {processor.py:840} INFO - DAG(s) 'example_weekday_branch_operator' retrieved from /Users/fionatham/Documents/Projects/vogue_data_pipeline/venv/lib/python3.11/site-packages/airflow/example_dags/example_branch_day_of_week_operator.py
[2026-01-06T14:23:50.120+1100] {logging_mixin.py:188} INFO - [2026-01-06T14:23:50.120+1100] {dag.py:3089} INFO - Sync 1 DAGs
[2026-01-06T14:23:50.126+1100] {logging_mixin.py:188} INFO - [2026-01-06T14:23:50.126+1100] {dag.py:3947} INFO - Setting next_dagrun for example_weekday_branch_operator to 2026-01-05 00:00:00+00:00, run_after=2026-01-06 00:00:00+00:00
[2026-01-06T14:23:50.133+1100] {processor.py:183} INFO - Processing /Users/fionatham/Documents/Projects/vogue_data_pipeline/venv/lib/python3.11/site-packages/airflow/example_dags/example_branch_day_of_week_operator.py took 0.065 seconds
[2026-01-06T14:25:39.700+1100] {processor.py:161} INFO - Started process (PID=90423) to work on /Users/fionatham/Documents/Projects/vogue_data_pipeline/venv/lib/python3.11/site-packages/airflow/example_dags/example_branch_day_of_week_operator.py
[2026-01-06T14:25:39.702+1100] {processor.py:830} INFO - Processing file /Users/fionatham/Documents/Projects/vogue_data_pipeline/venv/lib/python3.11/site-packages/airflow/example_dags/example_branch_day_of_week_operator.py for tasks to queue
[2026-01-06T14:25:39.702+1100] {logging_mixin.py:188} INFO - [2026-01-06T14:25:39.702+1100] {dagbag.py:545} INFO - Filling up the DagBag from /Users/fionatham/Documents/Projects/vogue_data_pipeline/venv/lib/python3.11/site-packages/airflow/example_dags/example_branch_day_of_week_operator.py
[2026-01-06T14:25:39.706+1100] {processor.py:840} INFO - DAG(s) 'example_weekday_branch_operator' retrieved from /Users/fionatham/Documents/Projects/vogue_data_pipeline/venv/lib/python3.11/site-packages/airflow/example_dags/example_branch_day_of_week_operator.py
[2026-01-06T14:25:39.749+1100] {logging_mixin.py:188} INFO - [2026-01-06T14:25:39.749+1100] {dag.py:3089} INFO - Sync 1 DAGs
[2026-01-06T14:25:39.755+1100] {logging_mixin.py:188} INFO - [2026-01-06T14:25:39.755+1100] {dag.py:3947} INFO - Setting next_dagrun for example_weekday_branch_operator to 2026-01-05 00:00:00+00:00, run_after=2026-01-06 00:00:00+00:00
[2026-01-06T14:25:39.762+1100] {processor.py:183} INFO - Processing /Users/fionatham/Documents/Projects/vogue_data_pipeline/venv/lib/python3.11/site-packages/airflow/example_dags/example_branch_day_of_week_operator.py took 0.063 seconds
[2026-01-06T14:27:38.694+1100] {processor.py:161} INFO - Started process (PID=90726) to work on /Users/fionatham/Documents/Projects/vogue_data_pipeline/venv/lib/python3.11/site-packages/airflow/example_dags/example_branch_day_of_week_operator.py
[2026-01-06T14:27:38.695+1100] {processor.py:830} INFO - Processing file /Users/fionatham/Documents/Projects/vogue_data_pipeline/venv/lib/python3.11/site-packages/airflow/example_dags/example_branch_day_of_week_operator.py for tasks to queue
[2026-01-06T14:27:38.695+1100] {logging_mixin.py:188} INFO - [2026-01-06T14:27:38.695+1100] {dagbag.py:545} INFO - Filling up the DagBag from /Users/fionatham/Documents/Projects/vogue_data_pipeline/venv/lib/python3.11/site-packages/airflow/example_dags/example_branch_day_of_week_operator.py
[2026-01-06T14:27:38.700+1100] {processor.py:840} INFO - DAG(s) 'example_weekday_branch_operator' retrieved from /Users/fionatham/Documents/Projects/vogue_data_pipeline/venv/lib/python3.11/site-packages/airflow/example_dags/example_branch_day_of_week_operator.py
[2026-01-06T14:27:38.747+1100] {logging_mixin.py:188} INFO - [2026-01-06T14:27:38.747+1100] {dag.py:3089} INFO - Sync 1 DAGs
[2026-01-06T14:27:38.754+1100] {logging_mixin.py:188} INFO - [2026-01-06T14:27:38.754+1100] {dag.py:3947} INFO - Setting next_dagrun for example_weekday_branch_operator to 2026-01-05 00:00:00+00:00, run_after=2026-01-06 00:00:00+00:00
[2026-01-06T14:27:38.762+1100] {processor.py:183} INFO - Processing /Users/fionatham/Documents/Projects/vogue_data_pipeline/venv/lib/python3.11/site-packages/airflow/example_dags/example_branch_day_of_week_operator.py took 0.068 seconds
[2026-01-06T14:29:40.250+1100] {processor.py:161} INFO - Started process (PID=91312) to work on /Users/fionatham/Documents/Projects/vogue_data_pipeline/venv/lib/python3.11/site-packages/airflow/example_dags/example_branch_day_of_week_operator.py
[2026-01-06T14:29:40.251+1100] {processor.py:830} INFO - Processing file /Users/fionatham/Documents/Projects/vogue_data_pipeline/venv/lib/python3.11/site-packages/airflow/example_dags/example_branch_day_of_week_operator.py for tasks to queue
[2026-01-06T14:29:40.251+1100] {logging_mixin.py:188} INFO - [2026-01-06T14:29:40.251+1100] {dagbag.py:545} INFO - Filling up the DagBag from /Users/fionatham/Documents/Projects/vogue_data_pipeline/venv/lib/python3.11/site-packages/airflow/example_dags/example_branch_day_of_week_operator.py
[2026-01-06T14:29:40.255+1100] {processor.py:840} INFO - DAG(s) 'example_weekday_branch_operator' retrieved from /Users/fionatham/Documents/Projects/vogue_data_pipeline/venv/lib/python3.11/site-packages/airflow/example_dags/example_branch_day_of_week_operator.py
[2026-01-06T14:29:40.300+1100] {logging_mixin.py:188} INFO - [2026-01-06T14:29:40.300+1100] {dag.py:3089} INFO - Sync 1 DAGs
[2026-01-06T14:29:40.306+1100] {logging_mixin.py:188} INFO - [2026-01-06T14:29:40.306+1100] {dag.py:3947} INFO - Setting next_dagrun for example_weekday_branch_operator to 2026-01-05 00:00:00+00:00, run_after=2026-01-06 00:00:00+00:00
[2026-01-06T14:29:40.314+1100] {processor.py:183} INFO - Processing /Users/fionatham/Documents/Projects/vogue_data_pipeline/venv/lib/python3.11/site-packages/airflow/example_dags/example_branch_day_of_week_operator.py took 0.065 seconds
[2026-01-06T14:31:37.430+1100] {processor.py:161} INFO - Started process (PID=91913) to work on /Users/fionatham/Documents/Projects/vogue_data_pipeline/venv/lib/python3.11/site-packages/airflow/example_dags/example_branch_day_of_week_operator.py
[2026-01-06T14:31:37.431+1100] {processor.py:830} INFO - Processing file /Users/fionatham/Documents/Projects/vogue_data_pipeline/venv/lib/python3.11/site-packages/airflow/example_dags/example_branch_day_of_week_operator.py for tasks to queue
[2026-01-06T14:31:37.431+1100] {logging_mixin.py:188} INFO - [2026-01-06T14:31:37.431+1100] {dagbag.py:545} INFO - Filling up the DagBag from /Users/fionatham/Documents/Projects/vogue_data_pipeline/venv/lib/python3.11/site-packages/airflow/example_dags/example_branch_day_of_week_operator.py
[2026-01-06T14:31:37.436+1100] {processor.py:840} INFO - DAG(s) 'example_weekday_branch_operator' retrieved from /Users/fionatham/Documents/Projects/vogue_data_pipeline/venv/lib/python3.11/site-packages/airflow/example_dags/example_branch_day_of_week_operator.py
[2026-01-06T14:31:37.482+1100] {logging_mixin.py:188} INFO - [2026-01-06T14:31:37.482+1100] {dag.py:3089} INFO - Sync 1 DAGs
[2026-01-06T14:31:37.489+1100] {logging_mixin.py:188} INFO - [2026-01-06T14:31:37.489+1100] {dag.py:3947} INFO - Setting next_dagrun for example_weekday_branch_operator to 2026-01-05 00:00:00+00:00, run_after=2026-01-06 00:00:00+00:00
[2026-01-06T14:31:37.497+1100] {processor.py:183} INFO - Processing /Users/fionatham/Documents/Projects/vogue_data_pipeline/venv/lib/python3.11/site-packages/airflow/example_dags/example_branch_day_of_week_operator.py took 0.069 seconds
[2026-01-06T14:33:37.716+1100] {processor.py:161} INFO - Started process (PID=92245) to work on /Users/fionatham/Documents/Projects/vogue_data_pipeline/venv/lib/python3.11/site-packages/airflow/example_dags/example_branch_day_of_week_operator.py
[2026-01-06T14:33:37.717+1100] {processor.py:830} INFO - Processing file /Users/fionatham/Documents/Projects/vogue_data_pipeline/venv/lib/python3.11/site-packages/airflow/example_dags/example_branch_day_of_week_operator.py for tasks to queue
[2026-01-06T14:33:37.717+1100] {logging_mixin.py:188} INFO - [2026-01-06T14:33:37.717+1100] {dagbag.py:545} INFO - Filling up the DagBag from /Users/fionatham/Documents/Projects/vogue_data_pipeline/venv/lib/python3.11/site-packages/airflow/example_dags/example_branch_day_of_week_operator.py
[2026-01-06T14:33:37.722+1100] {processor.py:840} INFO - DAG(s) 'example_weekday_branch_operator' retrieved from /Users/fionatham/Documents/Projects/vogue_data_pipeline/venv/lib/python3.11/site-packages/airflow/example_dags/example_branch_day_of_week_operator.py
[2026-01-06T14:33:37.768+1100] {logging_mixin.py:188} INFO - [2026-01-06T14:33:37.768+1100] {dag.py:3089} INFO - Sync 1 DAGs
[2026-01-06T14:33:37.775+1100] {logging_mixin.py:188} INFO - [2026-01-06T14:33:37.774+1100] {dag.py:3947} INFO - Setting next_dagrun for example_weekday_branch_operator to 2026-01-05 00:00:00+00:00, run_after=2026-01-06 00:00:00+00:00
[2026-01-06T14:33:37.782+1100] {processor.py:183} INFO - Processing /Users/fionatham/Documents/Projects/vogue_data_pipeline/venv/lib/python3.11/site-packages/airflow/example_dags/example_branch_day_of_week_operator.py took 0.068 seconds
[2026-01-06T14:35:33.429+1100] {processor.py:161} INFO - Started process (PID=92492) to work on /Users/fionatham/Documents/Projects/vogue_data_pipeline/venv/lib/python3.11/site-packages/airflow/example_dags/example_branch_day_of_week_operator.py
[2026-01-06T14:35:33.430+1100] {processor.py:830} INFO - Processing file /Users/fionatham/Documents/Projects/vogue_data_pipeline/venv/lib/python3.11/site-packages/airflow/example_dags/example_branch_day_of_week_operator.py for tasks to queue
[2026-01-06T14:35:33.430+1100] {logging_mixin.py:188} INFO - [2026-01-06T14:35:33.430+1100] {dagbag.py:545} INFO - Filling up the DagBag from /Users/fionatham/Documents/Projects/vogue_data_pipeline/venv/lib/python3.11/site-packages/airflow/example_dags/example_branch_day_of_week_operator.py
[2026-01-06T14:35:33.436+1100] {processor.py:840} INFO - DAG(s) 'example_weekday_branch_operator' retrieved from /Users/fionatham/Documents/Projects/vogue_data_pipeline/venv/lib/python3.11/site-packages/airflow/example_dags/example_branch_day_of_week_operator.py
[2026-01-06T14:35:33.480+1100] {logging_mixin.py:188} INFO - [2026-01-06T14:35:33.480+1100] {dag.py:3089} INFO - Sync 1 DAGs
[2026-01-06T14:35:33.487+1100] {logging_mixin.py:188} INFO - [2026-01-06T14:35:33.486+1100] {dag.py:3947} INFO - Setting next_dagrun for example_weekday_branch_operator to 2026-01-05 00:00:00+00:00, run_after=2026-01-06 00:00:00+00:00
[2026-01-06T14:35:33.494+1100] {processor.py:183} INFO - Processing /Users/fionatham/Documents/Projects/vogue_data_pipeline/venv/lib/python3.11/site-packages/airflow/example_dags/example_branch_day_of_week_operator.py took 0.067 seconds
[2026-01-06T14:37:36.646+1100] {processor.py:161} INFO - Started process (PID=92714) to work on /Users/fionatham/Documents/Projects/vogue_data_pipeline/venv/lib/python3.11/site-packages/airflow/example_dags/example_branch_day_of_week_operator.py
[2026-01-06T14:37:36.648+1100] {processor.py:830} INFO - Processing file /Users/fionatham/Documents/Projects/vogue_data_pipeline/venv/lib/python3.11/site-packages/airflow/example_dags/example_branch_day_of_week_operator.py for tasks to queue
[2026-01-06T14:37:36.648+1100] {logging_mixin.py:188} INFO - [2026-01-06T14:37:36.648+1100] {dagbag.py:545} INFO - Filling up the DagBag from /Users/fionatham/Documents/Projects/vogue_data_pipeline/venv/lib/python3.11/site-packages/airflow/example_dags/example_branch_day_of_week_operator.py
[2026-01-06T14:37:36.654+1100] {processor.py:840} INFO - DAG(s) 'example_weekday_branch_operator' retrieved from /Users/fionatham/Documents/Projects/vogue_data_pipeline/venv/lib/python3.11/site-packages/airflow/example_dags/example_branch_day_of_week_operator.py
[2026-01-06T14:37:36.700+1100] {logging_mixin.py:188} INFO - [2026-01-06T14:37:36.700+1100] {dag.py:3089} INFO - Sync 1 DAGs
[2026-01-06T14:37:36.707+1100] {logging_mixin.py:188} INFO - [2026-01-06T14:37:36.707+1100] {dag.py:3947} INFO - Setting next_dagrun for example_weekday_branch_operator to 2026-01-05 00:00:00+00:00, run_after=2026-01-06 00:00:00+00:00
[2026-01-06T14:37:36.716+1100] {processor.py:183} INFO - Processing /Users/fionatham/Documents/Projects/vogue_data_pipeline/venv/lib/python3.11/site-packages/airflow/example_dags/example_branch_day_of_week_operator.py took 0.072 seconds
[2026-01-06T14:39:36.198+1100] {processor.py:161} INFO - Started process (PID=92900) to work on /Users/fionatham/Documents/Projects/vogue_data_pipeline/venv/lib/python3.11/site-packages/airflow/example_dags/example_branch_day_of_week_operator.py
[2026-01-06T14:39:36.198+1100] {processor.py:830} INFO - Processing file /Users/fionatham/Documents/Projects/vogue_data_pipeline/venv/lib/python3.11/site-packages/airflow/example_dags/example_branch_day_of_week_operator.py for tasks to queue
[2026-01-06T14:39:36.199+1100] {logging_mixin.py:188} INFO - [2026-01-06T14:39:36.199+1100] {dagbag.py:545} INFO - Filling up the DagBag from /Users/fionatham/Documents/Projects/vogue_data_pipeline/venv/lib/python3.11/site-packages/airflow/example_dags/example_branch_day_of_week_operator.py
[2026-01-06T14:39:36.204+1100] {processor.py:840} INFO - DAG(s) 'example_weekday_branch_operator' retrieved from /Users/fionatham/Documents/Projects/vogue_data_pipeline/venv/lib/python3.11/site-packages/airflow/example_dags/example_branch_day_of_week_operator.py
[2026-01-06T14:39:36.247+1100] {logging_mixin.py:188} INFO - [2026-01-06T14:39:36.246+1100] {dag.py:3089} INFO - Sync 1 DAGs
[2026-01-06T14:39:36.253+1100] {logging_mixin.py:188} INFO - [2026-01-06T14:39:36.253+1100] {dag.py:3947} INFO - Setting next_dagrun for example_weekday_branch_operator to 2026-01-05 00:00:00+00:00, run_after=2026-01-06 00:00:00+00:00
[2026-01-06T14:39:36.260+1100] {processor.py:183} INFO - Processing /Users/fionatham/Documents/Projects/vogue_data_pipeline/venv/lib/python3.11/site-packages/airflow/example_dags/example_branch_day_of_week_operator.py took 0.063 seconds
[2026-01-06T14:41:25.923+1100] {processor.py:161} INFO - Started process (PID=92973) to work on /Users/fionatham/Documents/Projects/vogue_data_pipeline/venv/lib/python3.11/site-packages/airflow/example_dags/example_branch_day_of_week_operator.py
[2026-01-06T14:41:25.924+1100] {processor.py:830} INFO - Processing file /Users/fionatham/Documents/Projects/vogue_data_pipeline/venv/lib/python3.11/site-packages/airflow/example_dags/example_branch_day_of_week_operator.py for tasks to queue
[2026-01-06T14:41:25.924+1100] {logging_mixin.py:188} INFO - [2026-01-06T14:41:25.924+1100] {dagbag.py:545} INFO - Filling up the DagBag from /Users/fionatham/Documents/Projects/vogue_data_pipeline/venv/lib/python3.11/site-packages/airflow/example_dags/example_branch_day_of_week_operator.py
[2026-01-06T14:41:25.929+1100] {processor.py:840} INFO - DAG(s) 'example_weekday_branch_operator' retrieved from /Users/fionatham/Documents/Projects/vogue_data_pipeline/venv/lib/python3.11/site-packages/airflow/example_dags/example_branch_day_of_week_operator.py
[2026-01-06T14:41:25.974+1100] {logging_mixin.py:188} INFO - [2026-01-06T14:41:25.974+1100] {dag.py:3089} INFO - Sync 1 DAGs
[2026-01-06T14:41:25.981+1100] {logging_mixin.py:188} INFO - [2026-01-06T14:41:25.980+1100] {dag.py:3947} INFO - Setting next_dagrun for example_weekday_branch_operator to 2026-01-05 00:00:00+00:00, run_after=2026-01-06 00:00:00+00:00
[2026-01-06T14:41:25.988+1100] {processor.py:183} INFO - Processing /Users/fionatham/Documents/Projects/vogue_data_pipeline/venv/lib/python3.11/site-packages/airflow/example_dags/example_branch_day_of_week_operator.py took 0.067 seconds
[2026-01-06T14:43:22.418+1100] {processor.py:161} INFO - Started process (PID=93054) to work on /Users/fionatham/Documents/Projects/vogue_data_pipeline/venv/lib/python3.11/site-packages/airflow/example_dags/example_branch_day_of_week_operator.py
[2026-01-06T14:43:22.418+1100] {processor.py:830} INFO - Processing file /Users/fionatham/Documents/Projects/vogue_data_pipeline/venv/lib/python3.11/site-packages/airflow/example_dags/example_branch_day_of_week_operator.py for tasks to queue
[2026-01-06T14:43:22.419+1100] {logging_mixin.py:188} INFO - [2026-01-06T14:43:22.419+1100] {dagbag.py:545} INFO - Filling up the DagBag from /Users/fionatham/Documents/Projects/vogue_data_pipeline/venv/lib/python3.11/site-packages/airflow/example_dags/example_branch_day_of_week_operator.py
[2026-01-06T14:43:22.424+1100] {processor.py:840} INFO - DAG(s) 'example_weekday_branch_operator' retrieved from /Users/fionatham/Documents/Projects/vogue_data_pipeline/venv/lib/python3.11/site-packages/airflow/example_dags/example_branch_day_of_week_operator.py
[2026-01-06T14:43:22.466+1100] {logging_mixin.py:188} INFO - [2026-01-06T14:43:22.465+1100] {dag.py:3089} INFO - Sync 1 DAGs
[2026-01-06T14:43:22.472+1100] {logging_mixin.py:188} INFO - [2026-01-06T14:43:22.472+1100] {dag.py:3947} INFO - Setting next_dagrun for example_weekday_branch_operator to 2026-01-05 00:00:00+00:00, run_after=2026-01-06 00:00:00+00:00
[2026-01-06T14:43:22.479+1100] {processor.py:183} INFO - Processing /Users/fionatham/Documents/Projects/vogue_data_pipeline/venv/lib/python3.11/site-packages/airflow/example_dags/example_branch_day_of_week_operator.py took 0.063 seconds
[2026-01-06T14:45:23.447+1100] {processor.py:161} INFO - Started process (PID=93141) to work on /Users/fionatham/Documents/Projects/vogue_data_pipeline/venv/lib/python3.11/site-packages/airflow/example_dags/example_branch_day_of_week_operator.py
[2026-01-06T14:45:23.447+1100] {processor.py:830} INFO - Processing file /Users/fionatham/Documents/Projects/vogue_data_pipeline/venv/lib/python3.11/site-packages/airflow/example_dags/example_branch_day_of_week_operator.py for tasks to queue
[2026-01-06T14:45:23.448+1100] {logging_mixin.py:188} INFO - [2026-01-06T14:45:23.447+1100] {dagbag.py:545} INFO - Filling up the DagBag from /Users/fionatham/Documents/Projects/vogue_data_pipeline/venv/lib/python3.11/site-packages/airflow/example_dags/example_branch_day_of_week_operator.py
[2026-01-06T14:45:23.452+1100] {processor.py:840} INFO - DAG(s) 'example_weekday_branch_operator' retrieved from /Users/fionatham/Documents/Projects/vogue_data_pipeline/venv/lib/python3.11/site-packages/airflow/example_dags/example_branch_day_of_week_operator.py
[2026-01-06T14:45:23.494+1100] {logging_mixin.py:188} INFO - [2026-01-06T14:45:23.494+1100] {dag.py:3089} INFO - Sync 1 DAGs
[2026-01-06T14:45:23.500+1100] {logging_mixin.py:188} INFO - [2026-01-06T14:45:23.500+1100] {dag.py:3947} INFO - Setting next_dagrun for example_weekday_branch_operator to 2026-01-05 00:00:00+00:00, run_after=2026-01-06 00:00:00+00:00
[2026-01-06T14:45:23.507+1100] {processor.py:183} INFO - Processing /Users/fionatham/Documents/Projects/vogue_data_pipeline/venv/lib/python3.11/site-packages/airflow/example_dags/example_branch_day_of_week_operator.py took 0.062 seconds
[2026-01-06T14:47:15.649+1100] {processor.py:161} INFO - Started process (PID=93220) to work on /Users/fionatham/Documents/Projects/vogue_data_pipeline/venv/lib/python3.11/site-packages/airflow/example_dags/example_branch_day_of_week_operator.py
[2026-01-06T14:47:15.649+1100] {processor.py:830} INFO - Processing file /Users/fionatham/Documents/Projects/vogue_data_pipeline/venv/lib/python3.11/site-packages/airflow/example_dags/example_branch_day_of_week_operator.py for tasks to queue
[2026-01-06T14:47:15.649+1100] {logging_mixin.py:188} INFO - [2026-01-06T14:47:15.649+1100] {dagbag.py:545} INFO - Filling up the DagBag from /Users/fionatham/Documents/Projects/vogue_data_pipeline/venv/lib/python3.11/site-packages/airflow/example_dags/example_branch_day_of_week_operator.py
[2026-01-06T14:47:15.654+1100] {processor.py:840} INFO - DAG(s) 'example_weekday_branch_operator' retrieved from /Users/fionatham/Documents/Projects/vogue_data_pipeline/venv/lib/python3.11/site-packages/airflow/example_dags/example_branch_day_of_week_operator.py
[2026-01-06T14:47:15.697+1100] {logging_mixin.py:188} INFO - [2026-01-06T14:47:15.697+1100] {dag.py:3089} INFO - Sync 1 DAGs
[2026-01-06T14:47:15.703+1100] {logging_mixin.py:188} INFO - [2026-01-06T14:47:15.703+1100] {dag.py:3947} INFO - Setting next_dagrun for example_weekday_branch_operator to 2026-01-05 00:00:00+00:00, run_after=2026-01-06 00:00:00+00:00
[2026-01-06T14:47:15.711+1100] {processor.py:183} INFO - Processing /Users/fionatham/Documents/Projects/vogue_data_pipeline/venv/lib/python3.11/site-packages/airflow/example_dags/example_branch_day_of_week_operator.py took 0.064 seconds
[2026-01-06T14:49:15.920+1100] {processor.py:161} INFO - Started process (PID=93318) to work on /Users/fionatham/Documents/Projects/vogue_data_pipeline/venv/lib/python3.11/site-packages/airflow/example_dags/example_branch_day_of_week_operator.py
[2026-01-06T14:49:15.921+1100] {processor.py:830} INFO - Processing file /Users/fionatham/Documents/Projects/vogue_data_pipeline/venv/lib/python3.11/site-packages/airflow/example_dags/example_branch_day_of_week_operator.py for tasks to queue
[2026-01-06T14:49:15.921+1100] {logging_mixin.py:188} INFO - [2026-01-06T14:49:15.921+1100] {dagbag.py:545} INFO - Filling up the DagBag from /Users/fionatham/Documents/Projects/vogue_data_pipeline/venv/lib/python3.11/site-packages/airflow/example_dags/example_branch_day_of_week_operator.py
[2026-01-06T14:49:15.926+1100] {processor.py:840} INFO - DAG(s) 'example_weekday_branch_operator' retrieved from /Users/fionatham/Documents/Projects/vogue_data_pipeline/venv/lib/python3.11/site-packages/airflow/example_dags/example_branch_day_of_week_operator.py
[2026-01-06T14:49:15.973+1100] {logging_mixin.py:188} INFO - [2026-01-06T14:49:15.973+1100] {dag.py:3089} INFO - Sync 1 DAGs
[2026-01-06T14:49:15.981+1100] {logging_mixin.py:188} INFO - [2026-01-06T14:49:15.980+1100] {dag.py:3947} INFO - Setting next_dagrun for example_weekday_branch_operator to 2026-01-05 00:00:00+00:00, run_after=2026-01-06 00:00:00+00:00
[2026-01-06T14:49:15.989+1100] {processor.py:183} INFO - Processing /Users/fionatham/Documents/Projects/vogue_data_pipeline/venv/lib/python3.11/site-packages/airflow/example_dags/example_branch_day_of_week_operator.py took 0.070 seconds
[2026-01-06T14:51:09.336+1100] {processor.py:161} INFO - Started process (PID=93408) to work on /Users/fionatham/Documents/Projects/vogue_data_pipeline/venv/lib/python3.11/site-packages/airflow/example_dags/example_branch_day_of_week_operator.py
[2026-01-06T14:51:09.337+1100] {processor.py:830} INFO - Processing file /Users/fionatham/Documents/Projects/vogue_data_pipeline/venv/lib/python3.11/site-packages/airflow/example_dags/example_branch_day_of_week_operator.py for tasks to queue
[2026-01-06T14:51:09.337+1100] {logging_mixin.py:188} INFO - [2026-01-06T14:51:09.337+1100] {dagbag.py:545} INFO - Filling up the DagBag from /Users/fionatham/Documents/Projects/vogue_data_pipeline/venv/lib/python3.11/site-packages/airflow/example_dags/example_branch_day_of_week_operator.py
[2026-01-06T14:51:09.342+1100] {processor.py:840} INFO - DAG(s) 'example_weekday_branch_operator' retrieved from /Users/fionatham/Documents/Projects/vogue_data_pipeline/venv/lib/python3.11/site-packages/airflow/example_dags/example_branch_day_of_week_operator.py
[2026-01-06T14:51:09.387+1100] {logging_mixin.py:188} INFO - [2026-01-06T14:51:09.387+1100] {dag.py:3089} INFO - Sync 1 DAGs
[2026-01-06T14:51:09.393+1100] {logging_mixin.py:188} INFO - [2026-01-06T14:51:09.393+1100] {dag.py:3947} INFO - Setting next_dagrun for example_weekday_branch_operator to 2026-01-05 00:00:00+00:00, run_after=2026-01-06 00:00:00+00:00
[2026-01-06T14:51:09.403+1100] {processor.py:183} INFO - Processing /Users/fionatham/Documents/Projects/vogue_data_pipeline/venv/lib/python3.11/site-packages/airflow/example_dags/example_branch_day_of_week_operator.py took 0.068 seconds
[2026-01-06T14:53:04.551+1100] {processor.py:161} INFO - Started process (PID=93536) to work on /Users/fionatham/Documents/Projects/vogue_data_pipeline/venv/lib/python3.11/site-packages/airflow/example_dags/example_branch_day_of_week_operator.py
[2026-01-06T14:53:04.552+1100] {processor.py:830} INFO - Processing file /Users/fionatham/Documents/Projects/vogue_data_pipeline/venv/lib/python3.11/site-packages/airflow/example_dags/example_branch_day_of_week_operator.py for tasks to queue
[2026-01-06T14:53:04.552+1100] {logging_mixin.py:188} INFO - [2026-01-06T14:53:04.552+1100] {dagbag.py:545} INFO - Filling up the DagBag from /Users/fionatham/Documents/Projects/vogue_data_pipeline/venv/lib/python3.11/site-packages/airflow/example_dags/example_branch_day_of_week_operator.py
[2026-01-06T14:53:04.556+1100] {processor.py:840} INFO - DAG(s) 'example_weekday_branch_operator' retrieved from /Users/fionatham/Documents/Projects/vogue_data_pipeline/venv/lib/python3.11/site-packages/airflow/example_dags/example_branch_day_of_week_operator.py
[2026-01-06T14:53:04.599+1100] {logging_mixin.py:188} INFO - [2026-01-06T14:53:04.599+1100] {dag.py:3089} INFO - Sync 1 DAGs
[2026-01-06T14:53:04.606+1100] {logging_mixin.py:188} INFO - [2026-01-06T14:53:04.606+1100] {dag.py:3947} INFO - Setting next_dagrun for example_weekday_branch_operator to 2026-01-05 00:00:00+00:00, run_after=2026-01-06 00:00:00+00:00
[2026-01-06T14:53:04.614+1100] {processor.py:183} INFO - Processing /Users/fionatham/Documents/Projects/vogue_data_pipeline/venv/lib/python3.11/site-packages/airflow/example_dags/example_branch_day_of_week_operator.py took 0.064 seconds
[2026-01-06T14:55:00.321+1100] {processor.py:161} INFO - Started process (PID=93719) to work on /Users/fionatham/Documents/Projects/vogue_data_pipeline/venv/lib/python3.11/site-packages/airflow/example_dags/example_branch_day_of_week_operator.py
[2026-01-06T14:55:00.322+1100] {processor.py:830} INFO - Processing file /Users/fionatham/Documents/Projects/vogue_data_pipeline/venv/lib/python3.11/site-packages/airflow/example_dags/example_branch_day_of_week_operator.py for tasks to queue
[2026-01-06T14:55:00.322+1100] {logging_mixin.py:188} INFO - [2026-01-06T14:55:00.322+1100] {dagbag.py:545} INFO - Filling up the DagBag from /Users/fionatham/Documents/Projects/vogue_data_pipeline/venv/lib/python3.11/site-packages/airflow/example_dags/example_branch_day_of_week_operator.py
[2026-01-06T14:55:00.328+1100] {processor.py:840} INFO - DAG(s) 'example_weekday_branch_operator' retrieved from /Users/fionatham/Documents/Projects/vogue_data_pipeline/venv/lib/python3.11/site-packages/airflow/example_dags/example_branch_day_of_week_operator.py
[2026-01-06T14:55:00.390+1100] {logging_mixin.py:188} INFO - [2026-01-06T14:55:00.389+1100] {dag.py:3089} INFO - Sync 1 DAGs
[2026-01-06T14:55:00.397+1100] {logging_mixin.py:188} INFO - [2026-01-06T14:55:00.397+1100] {dag.py:3947} INFO - Setting next_dagrun for example_weekday_branch_operator to 2026-01-05 00:00:00+00:00, run_after=2026-01-06 00:00:00+00:00
[2026-01-06T14:55:00.404+1100] {processor.py:183} INFO - Processing /Users/fionatham/Documents/Projects/vogue_data_pipeline/venv/lib/python3.11/site-packages/airflow/example_dags/example_branch_day_of_week_operator.py took 0.086 seconds
[2026-01-06T14:56:59.971+1100] {processor.py:161} INFO - Started process (PID=93826) to work on /Users/fionatham/Documents/Projects/vogue_data_pipeline/venv/lib/python3.11/site-packages/airflow/example_dags/example_branch_day_of_week_operator.py
[2026-01-06T14:56:59.973+1100] {processor.py:830} INFO - Processing file /Users/fionatham/Documents/Projects/vogue_data_pipeline/venv/lib/python3.11/site-packages/airflow/example_dags/example_branch_day_of_week_operator.py for tasks to queue
[2026-01-06T14:56:59.973+1100] {logging_mixin.py:188} INFO - [2026-01-06T14:56:59.973+1100] {dagbag.py:545} INFO - Filling up the DagBag from /Users/fionatham/Documents/Projects/vogue_data_pipeline/venv/lib/python3.11/site-packages/airflow/example_dags/example_branch_day_of_week_operator.py
[2026-01-06T14:56:59.977+1100] {processor.py:840} INFO - DAG(s) 'example_weekday_branch_operator' retrieved from /Users/fionatham/Documents/Projects/vogue_data_pipeline/venv/lib/python3.11/site-packages/airflow/example_dags/example_branch_day_of_week_operator.py
[2026-01-06T14:57:00.021+1100] {logging_mixin.py:188} INFO - [2026-01-06T14:57:00.021+1100] {dag.py:3089} INFO - Sync 1 DAGs
[2026-01-06T14:57:00.028+1100] {logging_mixin.py:188} INFO - [2026-01-06T14:57:00.028+1100] {dag.py:3947} INFO - Setting next_dagrun for example_weekday_branch_operator to 2026-01-05 00:00:00+00:00, run_after=2026-01-06 00:00:00+00:00
[2026-01-06T14:57:00.036+1100] {processor.py:183} INFO - Processing /Users/fionatham/Documents/Projects/vogue_data_pipeline/venv/lib/python3.11/site-packages/airflow/example_dags/example_branch_day_of_week_operator.py took 0.066 seconds
[2026-01-06T14:58:54.300+1100] {processor.py:161} INFO - Started process (PID=93960) to work on /Users/fionatham/Documents/Projects/vogue_data_pipeline/venv/lib/python3.11/site-packages/airflow/example_dags/example_branch_day_of_week_operator.py
[2026-01-06T14:58:54.301+1100] {processor.py:830} INFO - Processing file /Users/fionatham/Documents/Projects/vogue_data_pipeline/venv/lib/python3.11/site-packages/airflow/example_dags/example_branch_day_of_week_operator.py for tasks to queue
[2026-01-06T14:58:54.301+1100] {logging_mixin.py:188} INFO - [2026-01-06T14:58:54.301+1100] {dagbag.py:545} INFO - Filling up the DagBag from /Users/fionatham/Documents/Projects/vogue_data_pipeline/venv/lib/python3.11/site-packages/airflow/example_dags/example_branch_day_of_week_operator.py
[2026-01-06T14:58:54.305+1100] {processor.py:840} INFO - DAG(s) 'example_weekday_branch_operator' retrieved from /Users/fionatham/Documents/Projects/vogue_data_pipeline/venv/lib/python3.11/site-packages/airflow/example_dags/example_branch_day_of_week_operator.py
[2026-01-06T14:58:54.350+1100] {logging_mixin.py:188} INFO - [2026-01-06T14:58:54.350+1100] {dag.py:3089} INFO - Sync 1 DAGs
[2026-01-06T14:58:54.356+1100] {logging_mixin.py:188} INFO - [2026-01-06T14:58:54.356+1100] {dag.py:3947} INFO - Setting next_dagrun for example_weekday_branch_operator to 2026-01-05 00:00:00+00:00, run_after=2026-01-06 00:00:00+00:00
[2026-01-06T14:58:54.365+1100] {processor.py:183} INFO - Processing /Users/fionatham/Documents/Projects/vogue_data_pipeline/venv/lib/python3.11/site-packages/airflow/example_dags/example_branch_day_of_week_operator.py took 0.066 seconds
[2026-01-06T15:00:55.233+1100] {processor.py:161} INFO - Started process (PID=94134) to work on /Users/fionatham/Documents/Projects/vogue_data_pipeline/venv/lib/python3.11/site-packages/airflow/example_dags/example_branch_day_of_week_operator.py
[2026-01-06T15:00:55.233+1100] {processor.py:830} INFO - Processing file /Users/fionatham/Documents/Projects/vogue_data_pipeline/venv/lib/python3.11/site-packages/airflow/example_dags/example_branch_day_of_week_operator.py for tasks to queue
[2026-01-06T15:00:55.233+1100] {logging_mixin.py:188} INFO - [2026-01-06T15:00:55.233+1100] {dagbag.py:545} INFO - Filling up the DagBag from /Users/fionatham/Documents/Projects/vogue_data_pipeline/venv/lib/python3.11/site-packages/airflow/example_dags/example_branch_day_of_week_operator.py
[2026-01-06T15:00:55.237+1100] {processor.py:840} INFO - DAG(s) 'example_weekday_branch_operator' retrieved from /Users/fionatham/Documents/Projects/vogue_data_pipeline/venv/lib/python3.11/site-packages/airflow/example_dags/example_branch_day_of_week_operator.py
[2026-01-06T15:00:55.281+1100] {logging_mixin.py:188} INFO - [2026-01-06T15:00:55.281+1100] {dag.py:3089} INFO - Sync 1 DAGs
[2026-01-06T15:00:55.287+1100] {logging_mixin.py:188} INFO - [2026-01-06T15:00:55.287+1100] {dag.py:3947} INFO - Setting next_dagrun for example_weekday_branch_operator to 2026-01-05 00:00:00+00:00, run_after=2026-01-06 00:00:00+00:00
[2026-01-06T15:00:55.295+1100] {processor.py:183} INFO - Processing /Users/fionatham/Documents/Projects/vogue_data_pipeline/venv/lib/python3.11/site-packages/airflow/example_dags/example_branch_day_of_week_operator.py took 0.064 seconds
[2026-01-06T15:02:56.310+1100] {processor.py:161} INFO - Started process (PID=94376) to work on /Users/fionatham/Documents/Projects/vogue_data_pipeline/venv/lib/python3.11/site-packages/airflow/example_dags/example_branch_day_of_week_operator.py
[2026-01-06T15:02:56.311+1100] {processor.py:830} INFO - Processing file /Users/fionatham/Documents/Projects/vogue_data_pipeline/venv/lib/python3.11/site-packages/airflow/example_dags/example_branch_day_of_week_operator.py for tasks to queue
[2026-01-06T15:02:56.311+1100] {logging_mixin.py:188} INFO - [2026-01-06T15:02:56.311+1100] {dagbag.py:545} INFO - Filling up the DagBag from /Users/fionatham/Documents/Projects/vogue_data_pipeline/venv/lib/python3.11/site-packages/airflow/example_dags/example_branch_day_of_week_operator.py
[2026-01-06T15:02:56.316+1100] {processor.py:840} INFO - DAG(s) 'example_weekday_branch_operator' retrieved from /Users/fionatham/Documents/Projects/vogue_data_pipeline/venv/lib/python3.11/site-packages/airflow/example_dags/example_branch_day_of_week_operator.py
[2026-01-06T15:02:56.361+1100] {logging_mixin.py:188} INFO - [2026-01-06T15:02:56.361+1100] {dag.py:3089} INFO - Sync 1 DAGs
[2026-01-06T15:02:56.369+1100] {logging_mixin.py:188} INFO - [2026-01-06T15:02:56.369+1100] {dag.py:3947} INFO - Setting next_dagrun for example_weekday_branch_operator to 2026-01-05 00:00:00+00:00, run_after=2026-01-06 00:00:00+00:00
[2026-01-06T15:02:56.377+1100] {processor.py:183} INFO - Processing /Users/fionatham/Documents/Projects/vogue_data_pipeline/venv/lib/python3.11/site-packages/airflow/example_dags/example_branch_day_of_week_operator.py took 0.069 seconds
[2026-01-06T15:04:56.857+1100] {processor.py:161} INFO - Started process (PID=94594) to work on /Users/fionatham/Documents/Projects/vogue_data_pipeline/venv/lib/python3.11/site-packages/airflow/example_dags/example_branch_day_of_week_operator.py
[2026-01-06T15:04:56.858+1100] {processor.py:830} INFO - Processing file /Users/fionatham/Documents/Projects/vogue_data_pipeline/venv/lib/python3.11/site-packages/airflow/example_dags/example_branch_day_of_week_operator.py for tasks to queue
[2026-01-06T15:04:56.858+1100] {logging_mixin.py:188} INFO - [2026-01-06T15:04:56.858+1100] {dagbag.py:545} INFO - Filling up the DagBag from /Users/fionatham/Documents/Projects/vogue_data_pipeline/venv/lib/python3.11/site-packages/airflow/example_dags/example_branch_day_of_week_operator.py
[2026-01-06T15:04:56.864+1100] {processor.py:840} INFO - DAG(s) 'example_weekday_branch_operator' retrieved from /Users/fionatham/Documents/Projects/vogue_data_pipeline/venv/lib/python3.11/site-packages/airflow/example_dags/example_branch_day_of_week_operator.py
[2026-01-06T15:04:56.909+1100] {logging_mixin.py:188} INFO - [2026-01-06T15:04:56.908+1100] {dag.py:3089} INFO - Sync 1 DAGs
[2026-01-06T15:04:56.916+1100] {logging_mixin.py:188} INFO - [2026-01-06T15:04:56.916+1100] {dag.py:3947} INFO - Setting next_dagrun for example_weekday_branch_operator to 2026-01-05 00:00:00+00:00, run_after=2026-01-06 00:00:00+00:00
[2026-01-06T15:04:56.925+1100] {processor.py:183} INFO - Processing /Users/fionatham/Documents/Projects/vogue_data_pipeline/venv/lib/python3.11/site-packages/airflow/example_dags/example_branch_day_of_week_operator.py took 0.069 seconds
[2026-01-06T15:06:56.494+1100] {processor.py:161} INFO - Started process (PID=94744) to work on /Users/fionatham/Documents/Projects/vogue_data_pipeline/venv/lib/python3.11/site-packages/airflow/example_dags/example_branch_day_of_week_operator.py
[2026-01-06T15:06:56.494+1100] {processor.py:830} INFO - Processing file /Users/fionatham/Documents/Projects/vogue_data_pipeline/venv/lib/python3.11/site-packages/airflow/example_dags/example_branch_day_of_week_operator.py for tasks to queue
[2026-01-06T15:06:56.495+1100] {logging_mixin.py:188} INFO - [2026-01-06T15:06:56.494+1100] {dagbag.py:545} INFO - Filling up the DagBag from /Users/fionatham/Documents/Projects/vogue_data_pipeline/venv/lib/python3.11/site-packages/airflow/example_dags/example_branch_day_of_week_operator.py
[2026-01-06T15:06:56.499+1100] {processor.py:840} INFO - DAG(s) 'example_weekday_branch_operator' retrieved from /Users/fionatham/Documents/Projects/vogue_data_pipeline/venv/lib/python3.11/site-packages/airflow/example_dags/example_branch_day_of_week_operator.py
[2026-01-06T15:06:56.547+1100] {logging_mixin.py:188} INFO - [2026-01-06T15:06:56.546+1100] {dag.py:3089} INFO - Sync 1 DAGs
[2026-01-06T15:06:56.554+1100] {logging_mixin.py:188} INFO - [2026-01-06T15:06:56.554+1100] {dag.py:3947} INFO - Setting next_dagrun for example_weekday_branch_operator to 2026-01-05 00:00:00+00:00, run_after=2026-01-06 00:00:00+00:00
[2026-01-06T15:06:56.563+1100] {processor.py:183} INFO - Processing /Users/fionatham/Documents/Projects/vogue_data_pipeline/venv/lib/python3.11/site-packages/airflow/example_dags/example_branch_day_of_week_operator.py took 0.070 seconds
[2026-01-06T15:13:20.804+1100] {processor.py:161} INFO - Started process (PID=95299) to work on /Users/fionatham/Documents/Projects/vogue_data_pipeline/venv/lib/python3.11/site-packages/airflow/example_dags/example_branch_day_of_week_operator.py
[2026-01-06T15:13:20.805+1100] {processor.py:830} INFO - Processing file /Users/fionatham/Documents/Projects/vogue_data_pipeline/venv/lib/python3.11/site-packages/airflow/example_dags/example_branch_day_of_week_operator.py for tasks to queue
[2026-01-06T15:13:20.805+1100] {logging_mixin.py:188} INFO - [2026-01-06T15:13:20.805+1100] {dagbag.py:545} INFO - Filling up the DagBag from /Users/fionatham/Documents/Projects/vogue_data_pipeline/venv/lib/python3.11/site-packages/airflow/example_dags/example_branch_day_of_week_operator.py
[2026-01-06T15:13:20.810+1100] {processor.py:840} INFO - DAG(s) 'example_weekday_branch_operator' retrieved from /Users/fionatham/Documents/Projects/vogue_data_pipeline/venv/lib/python3.11/site-packages/airflow/example_dags/example_branch_day_of_week_operator.py
[2026-01-06T15:13:20.859+1100] {logging_mixin.py:188} INFO - [2026-01-06T15:13:20.859+1100] {dag.py:3089} INFO - Sync 1 DAGs
[2026-01-06T15:13:20.866+1100] {logging_mixin.py:188} INFO - [2026-01-06T15:13:20.866+1100] {dag.py:3947} INFO - Setting next_dagrun for example_weekday_branch_operator to 2026-01-05 00:00:00+00:00, run_after=2026-01-06 00:00:00+00:00
[2026-01-06T15:13:20.875+1100] {processor.py:183} INFO - Processing /Users/fionatham/Documents/Projects/vogue_data_pipeline/venv/lib/python3.11/site-packages/airflow/example_dags/example_branch_day_of_week_operator.py took 0.071 seconds
[2026-01-06T16:56:39.092+1100] {processor.py:161} INFO - Started process (PID=95515) to work on /Users/fionatham/Documents/Projects/vogue_data_pipeline/venv/lib/python3.11/site-packages/airflow/example_dags/example_branch_day_of_week_operator.py
[2026-01-06T16:56:39.092+1100] {processor.py:830} INFO - Processing file /Users/fionatham/Documents/Projects/vogue_data_pipeline/venv/lib/python3.11/site-packages/airflow/example_dags/example_branch_day_of_week_operator.py for tasks to queue
[2026-01-06T16:56:39.092+1100] {logging_mixin.py:188} INFO - [2026-01-06T16:56:39.092+1100] {dagbag.py:545} INFO - Filling up the DagBag from /Users/fionatham/Documents/Projects/vogue_data_pipeline/venv/lib/python3.11/site-packages/airflow/example_dags/example_branch_day_of_week_operator.py
[2026-01-06T16:56:39.098+1100] {processor.py:840} INFO - DAG(s) 'example_weekday_branch_operator' retrieved from /Users/fionatham/Documents/Projects/vogue_data_pipeline/venv/lib/python3.11/site-packages/airflow/example_dags/example_branch_day_of_week_operator.py
[2026-01-06T16:56:39.143+1100] {logging_mixin.py:188} INFO - [2026-01-06T16:56:39.143+1100] {dag.py:3089} INFO - Sync 1 DAGs
[2026-01-06T16:56:39.151+1100] {logging_mixin.py:188} INFO - [2026-01-06T16:56:39.151+1100] {dag.py:3947} INFO - Setting next_dagrun for example_weekday_branch_operator to 2026-01-05 00:00:00+00:00, run_after=2026-01-06 00:00:00+00:00
[2026-01-06T16:56:39.160+1100] {processor.py:183} INFO - Processing /Users/fionatham/Documents/Projects/vogue_data_pipeline/venv/lib/python3.11/site-packages/airflow/example_dags/example_branch_day_of_week_operator.py took 0.071 seconds
[2026-01-06T19:32:40.327+1100] {processor.py:161} INFO - Started process (PID=95623) to work on /Users/fionatham/Documents/Projects/vogue_data_pipeline/venv/lib/python3.11/site-packages/airflow/example_dags/example_branch_day_of_week_operator.py
[2026-01-06T19:32:40.327+1100] {processor.py:830} INFO - Processing file /Users/fionatham/Documents/Projects/vogue_data_pipeline/venv/lib/python3.11/site-packages/airflow/example_dags/example_branch_day_of_week_operator.py for tasks to queue
[2026-01-06T19:32:40.328+1100] {logging_mixin.py:188} INFO - [2026-01-06T19:32:40.328+1100] {dagbag.py:545} INFO - Filling up the DagBag from /Users/fionatham/Documents/Projects/vogue_data_pipeline/venv/lib/python3.11/site-packages/airflow/example_dags/example_branch_day_of_week_operator.py
[2026-01-06T19:32:40.333+1100] {processor.py:840} INFO - DAG(s) 'example_weekday_branch_operator' retrieved from /Users/fionatham/Documents/Projects/vogue_data_pipeline/venv/lib/python3.11/site-packages/airflow/example_dags/example_branch_day_of_week_operator.py
[2026-01-06T19:32:40.377+1100] {logging_mixin.py:188} INFO - [2026-01-06T19:32:40.377+1100] {dag.py:3089} INFO - Sync 1 DAGs
[2026-01-06T19:32:40.384+1100] {logging_mixin.py:188} INFO - [2026-01-06T19:32:40.384+1100] {dag.py:3947} INFO - Setting next_dagrun for example_weekday_branch_operator to 2026-01-05 00:00:00+00:00, run_after=2026-01-06 00:00:00+00:00
[2026-01-06T19:32:40.391+1100] {processor.py:183} INFO - Processing /Users/fionatham/Documents/Projects/vogue_data_pipeline/venv/lib/python3.11/site-packages/airflow/example_dags/example_branch_day_of_week_operator.py took 0.066 seconds
[2026-01-06T20:52:23.614+1100] {processor.py:161} INFO - Started process (PID=95774) to work on /Users/fionatham/Documents/Projects/vogue_data_pipeline/venv/lib/python3.11/site-packages/airflow/example_dags/example_branch_day_of_week_operator.py
[2026-01-06T20:52:23.615+1100] {processor.py:830} INFO - Processing file /Users/fionatham/Documents/Projects/vogue_data_pipeline/venv/lib/python3.11/site-packages/airflow/example_dags/example_branch_day_of_week_operator.py for tasks to queue
[2026-01-06T20:52:23.616+1100] {logging_mixin.py:188} INFO - [2026-01-06T20:52:23.616+1100] {dagbag.py:545} INFO - Filling up the DagBag from /Users/fionatham/Documents/Projects/vogue_data_pipeline/venv/lib/python3.11/site-packages/airflow/example_dags/example_branch_day_of_week_operator.py
[2026-01-06T20:52:23.627+1100] {processor.py:840} INFO - DAG(s) 'example_weekday_branch_operator' retrieved from /Users/fionatham/Documents/Projects/vogue_data_pipeline/venv/lib/python3.11/site-packages/airflow/example_dags/example_branch_day_of_week_operator.py
[2026-01-06T20:52:23.724+1100] {logging_mixin.py:188} INFO - [2026-01-06T20:52:23.723+1100] {dag.py:3089} INFO - Sync 1 DAGs
[2026-01-06T20:52:23.739+1100] {logging_mixin.py:188} INFO - [2026-01-06T20:52:23.739+1100] {dag.py:3947} INFO - Setting next_dagrun for example_weekday_branch_operator to 2026-01-05 00:00:00+00:00, run_after=2026-01-06 00:00:00+00:00
[2026-01-06T20:52:23.754+1100] {processor.py:183} INFO - Processing /Users/fionatham/Documents/Projects/vogue_data_pipeline/venv/lib/python3.11/site-packages/airflow/example_dags/example_branch_day_of_week_operator.py took 0.144 seconds
[2026-01-06T23:57:19.789+1100] {processor.py:161} INFO - Started process (PID=96068) to work on /Users/fionatham/Documents/Projects/vogue_data_pipeline/venv/lib/python3.11/site-packages/airflow/example_dags/example_branch_day_of_week_operator.py
[2026-01-06T23:57:19.789+1100] {processor.py:830} INFO - Processing file /Users/fionatham/Documents/Projects/vogue_data_pipeline/venv/lib/python3.11/site-packages/airflow/example_dags/example_branch_day_of_week_operator.py for tasks to queue
[2026-01-06T23:57:19.790+1100] {logging_mixin.py:188} INFO - [2026-01-06T23:57:19.790+1100] {dagbag.py:545} INFO - Filling up the DagBag from /Users/fionatham/Documents/Projects/vogue_data_pipeline/venv/lib/python3.11/site-packages/airflow/example_dags/example_branch_day_of_week_operator.py
[2026-01-06T23:57:19.795+1100] {processor.py:840} INFO - DAG(s) 'example_weekday_branch_operator' retrieved from /Users/fionatham/Documents/Projects/vogue_data_pipeline/venv/lib/python3.11/site-packages/airflow/example_dags/example_branch_day_of_week_operator.py
[2026-01-06T23:57:19.839+1100] {logging_mixin.py:188} INFO - [2026-01-06T23:57:19.839+1100] {dag.py:3089} INFO - Sync 1 DAGs
[2026-01-06T23:57:19.845+1100] {logging_mixin.py:188} INFO - [2026-01-06T23:57:19.845+1100] {dag.py:3947} INFO - Setting next_dagrun for example_weekday_branch_operator to 2026-01-05 00:00:00+00:00, run_after=2026-01-06 00:00:00+00:00
[2026-01-06T23:57:19.853+1100] {processor.py:183} INFO - Processing /Users/fionatham/Documents/Projects/vogue_data_pipeline/venv/lib/python3.11/site-packages/airflow/example_dags/example_branch_day_of_week_operator.py took 0.066 seconds
