[2026-01-06T13:57:48.309+1100] {processor.py:161} INFO - Started process (PID=85435) to work on /Users/fionatham/Documents/Projects/vogue_data_pipeline/venv/lib/python3.11/site-packages/airflow/example_dags/example_complex.py
[2026-01-06T13:57:48.309+1100] {processor.py:830} INFO - Processing file /Users/fionatham/Documents/Projects/vogue_data_pipeline/venv/lib/python3.11/site-packages/airflow/example_dags/example_complex.py for tasks to queue
[2026-01-06T13:57:48.310+1100] {logging_mixin.py:188} INFO - [2026-01-06T13:57:48.310+1100] {dagbag.py:545} INFO - Filling up the DagBag from /Users/fionatham/Documents/Projects/vogue_data_pipeline/venv/lib/python3.11/site-packages/airflow/example_dags/example_complex.py
[2026-01-06T13:57:48.315+1100] {processor.py:840} INFO - DAG(s) 'example_complex' retrieved from /Users/fionatham/Documents/Projects/vogue_data_pipeline/venv/lib/python3.11/site-packages/airflow/example_dags/example_complex.py
[2026-01-06T13:57:48.400+1100] {logging_mixin.py:188} INFO - [2026-01-06T13:57:48.399+1100] {override.py:1858} INFO - Created Permission View: can edit on DAG:example_complex
[2026-01-06T13:57:48.404+1100] {logging_mixin.py:188} INFO - [2026-01-06T13:57:48.404+1100] {override.py:1858} INFO - Created Permission View: can read on DAG:example_complex
[2026-01-06T13:57:48.406+1100] {logging_mixin.py:188} INFO - [2026-01-06T13:57:48.406+1100] {override.py:1858} INFO - Created Permission View: can delete on DAG:example_complex
[2026-01-06T13:57:48.406+1100] {logging_mixin.py:188} INFO - [2026-01-06T13:57:48.406+1100] {dag.py:3089} INFO - Sync 1 DAGs
[2026-01-06T13:57:48.438+1100] {logging_mixin.py:188} INFO - [2026-01-06T13:57:48.438+1100] {dag.py:3111} INFO - Creating ORM DAG for example_complex
[2026-01-06T13:57:48.438+1100] {logging_mixin.py:188} INFO - [2026-01-06T13:57:48.438+1100] {dag.py:3947} INFO - Setting next_dagrun for example_complex to None, run_after=None
[2026-01-06T13:57:48.451+1100] {processor.py:183} INFO - Processing /Users/fionatham/Documents/Projects/vogue_data_pipeline/venv/lib/python3.11/site-packages/airflow/example_dags/example_complex.py took 0.143 seconds
[2026-01-06T13:59:49.321+1100] {processor.py:161} INFO - Started process (PID=86789) to work on /Users/fionatham/Documents/Projects/vogue_data_pipeline/venv/lib/python3.11/site-packages/airflow/example_dags/example_complex.py
[2026-01-06T13:59:49.322+1100] {processor.py:830} INFO - Processing file /Users/fionatham/Documents/Projects/vogue_data_pipeline/venv/lib/python3.11/site-packages/airflow/example_dags/example_complex.py for tasks to queue
[2026-01-06T13:59:49.323+1100] {logging_mixin.py:188} INFO - [2026-01-06T13:59:49.323+1100] {dagbag.py:545} INFO - Filling up the DagBag from /Users/fionatham/Documents/Projects/vogue_data_pipeline/venv/lib/python3.11/site-packages/airflow/example_dags/example_complex.py
[2026-01-06T13:59:49.328+1100] {processor.py:840} INFO - DAG(s) 'example_complex' retrieved from /Users/fionatham/Documents/Projects/vogue_data_pipeline/venv/lib/python3.11/site-packages/airflow/example_dags/example_complex.py
[2026-01-06T13:59:49.380+1100] {logging_mixin.py:188} INFO - [2026-01-06T13:59:49.380+1100] {dag.py:3089} INFO - Sync 1 DAGs
[2026-01-06T13:59:49.384+1100] {logging_mixin.py:188} INFO - [2026-01-06T13:59:49.384+1100] {dag.py:3947} INFO - Setting next_dagrun for example_complex to None, run_after=None
[2026-01-06T13:59:49.392+1100] {processor.py:183} INFO - Processing /Users/fionatham/Documents/Projects/vogue_data_pipeline/venv/lib/python3.11/site-packages/airflow/example_dags/example_complex.py took 0.073 seconds
[2026-01-06T14:01:49.831+1100] {processor.py:161} INFO - Started process (PID=87053) to work on /Users/fionatham/Documents/Projects/vogue_data_pipeline/venv/lib/python3.11/site-packages/airflow/example_dags/example_complex.py
[2026-01-06T14:01:49.831+1100] {processor.py:830} INFO - Processing file /Users/fionatham/Documents/Projects/vogue_data_pipeline/venv/lib/python3.11/site-packages/airflow/example_dags/example_complex.py for tasks to queue
[2026-01-06T14:01:49.831+1100] {logging_mixin.py:188} INFO - [2026-01-06T14:01:49.831+1100] {dagbag.py:545} INFO - Filling up the DagBag from /Users/fionatham/Documents/Projects/vogue_data_pipeline/venv/lib/python3.11/site-packages/airflow/example_dags/example_complex.py
[2026-01-06T14:01:49.837+1100] {processor.py:840} INFO - DAG(s) 'example_complex' retrieved from /Users/fionatham/Documents/Projects/vogue_data_pipeline/venv/lib/python3.11/site-packages/airflow/example_dags/example_complex.py
[2026-01-06T14:01:49.887+1100] {logging_mixin.py:188} INFO - [2026-01-06T14:01:49.887+1100] {dag.py:3089} INFO - Sync 1 DAGs
[2026-01-06T14:01:49.890+1100] {logging_mixin.py:188} INFO - [2026-01-06T14:01:49.890+1100] {dag.py:3947} INFO - Setting next_dagrun for example_complex to None, run_after=None
[2026-01-06T14:01:49.899+1100] {processor.py:183} INFO - Processing /Users/fionatham/Documents/Projects/vogue_data_pipeline/venv/lib/python3.11/site-packages/airflow/example_dags/example_complex.py took 0.070 seconds
[2026-01-06T14:03:52.693+1100] {processor.py:161} INFO - Started process (PID=87228) to work on /Users/fionatham/Documents/Projects/vogue_data_pipeline/venv/lib/python3.11/site-packages/airflow/example_dags/example_complex.py
[2026-01-06T14:03:52.694+1100] {processor.py:830} INFO - Processing file /Users/fionatham/Documents/Projects/vogue_data_pipeline/venv/lib/python3.11/site-packages/airflow/example_dags/example_complex.py for tasks to queue
[2026-01-06T14:03:52.694+1100] {logging_mixin.py:188} INFO - [2026-01-06T14:03:52.694+1100] {dagbag.py:545} INFO - Filling up the DagBag from /Users/fionatham/Documents/Projects/vogue_data_pipeline/venv/lib/python3.11/site-packages/airflow/example_dags/example_complex.py
[2026-01-06T14:03:52.700+1100] {processor.py:840} INFO - DAG(s) 'example_complex' retrieved from /Users/fionatham/Documents/Projects/vogue_data_pipeline/venv/lib/python3.11/site-packages/airflow/example_dags/example_complex.py
[2026-01-06T14:03:52.748+1100] {logging_mixin.py:188} INFO - [2026-01-06T14:03:52.748+1100] {dag.py:3089} INFO - Sync 1 DAGs
[2026-01-06T14:03:52.752+1100] {logging_mixin.py:188} INFO - [2026-01-06T14:03:52.752+1100] {dag.py:3947} INFO - Setting next_dagrun for example_complex to None, run_after=None
[2026-01-06T14:03:52.760+1100] {processor.py:183} INFO - Processing /Users/fionatham/Documents/Projects/vogue_data_pipeline/venv/lib/python3.11/site-packages/airflow/example_dags/example_complex.py took 0.068 seconds
[2026-01-06T14:05:51.979+1100] {processor.py:161} INFO - Started process (PID=87453) to work on /Users/fionatham/Documents/Projects/vogue_data_pipeline/venv/lib/python3.11/site-packages/airflow/example_dags/example_complex.py
[2026-01-06T14:05:51.980+1100] {processor.py:830} INFO - Processing file /Users/fionatham/Documents/Projects/vogue_data_pipeline/venv/lib/python3.11/site-packages/airflow/example_dags/example_complex.py for tasks to queue
[2026-01-06T14:05:51.981+1100] {logging_mixin.py:188} INFO - [2026-01-06T14:05:51.981+1100] {dagbag.py:545} INFO - Filling up the DagBag from /Users/fionatham/Documents/Projects/vogue_data_pipeline/venv/lib/python3.11/site-packages/airflow/example_dags/example_complex.py
[2026-01-06T14:05:51.986+1100] {processor.py:840} INFO - DAG(s) 'example_complex' retrieved from /Users/fionatham/Documents/Projects/vogue_data_pipeline/venv/lib/python3.11/site-packages/airflow/example_dags/example_complex.py
[2026-01-06T14:05:52.038+1100] {logging_mixin.py:188} INFO - [2026-01-06T14:05:52.037+1100] {dag.py:3089} INFO - Sync 1 DAGs
[2026-01-06T14:05:52.042+1100] {logging_mixin.py:188} INFO - [2026-01-06T14:05:52.041+1100] {dag.py:3947} INFO - Setting next_dagrun for example_complex to None, run_after=None
[2026-01-06T14:05:52.051+1100] {processor.py:183} INFO - Processing /Users/fionatham/Documents/Projects/vogue_data_pipeline/venv/lib/python3.11/site-packages/airflow/example_dags/example_complex.py took 0.074 seconds
[2026-01-06T14:07:54.171+1100] {processor.py:161} INFO - Started process (PID=87640) to work on /Users/fionatham/Documents/Projects/vogue_data_pipeline/venv/lib/python3.11/site-packages/airflow/example_dags/example_complex.py
[2026-01-06T14:07:54.172+1100] {processor.py:830} INFO - Processing file /Users/fionatham/Documents/Projects/vogue_data_pipeline/venv/lib/python3.11/site-packages/airflow/example_dags/example_complex.py for tasks to queue
[2026-01-06T14:07:54.172+1100] {logging_mixin.py:188} INFO - [2026-01-06T14:07:54.172+1100] {dagbag.py:545} INFO - Filling up the DagBag from /Users/fionatham/Documents/Projects/vogue_data_pipeline/venv/lib/python3.11/site-packages/airflow/example_dags/example_complex.py
[2026-01-06T14:07:54.177+1100] {processor.py:840} INFO - DAG(s) 'example_complex' retrieved from /Users/fionatham/Documents/Projects/vogue_data_pipeline/venv/lib/python3.11/site-packages/airflow/example_dags/example_complex.py
[2026-01-06T14:07:54.226+1100] {logging_mixin.py:188} INFO - [2026-01-06T14:07:54.226+1100] {dag.py:3089} INFO - Sync 1 DAGs
[2026-01-06T14:07:54.230+1100] {logging_mixin.py:188} INFO - [2026-01-06T14:07:54.230+1100] {dag.py:3947} INFO - Setting next_dagrun for example_complex to None, run_after=None
[2026-01-06T14:07:54.239+1100] {processor.py:183} INFO - Processing /Users/fionatham/Documents/Projects/vogue_data_pipeline/venv/lib/python3.11/site-packages/airflow/example_dags/example_complex.py took 0.069 seconds
[2026-01-06T14:09:50.699+1100] {processor.py:161} INFO - Started process (PID=87724) to work on /Users/fionatham/Documents/Projects/vogue_data_pipeline/venv/lib/python3.11/site-packages/airflow/example_dags/example_complex.py
[2026-01-06T14:09:50.700+1100] {processor.py:830} INFO - Processing file /Users/fionatham/Documents/Projects/vogue_data_pipeline/venv/lib/python3.11/site-packages/airflow/example_dags/example_complex.py for tasks to queue
[2026-01-06T14:09:50.700+1100] {logging_mixin.py:188} INFO - [2026-01-06T14:09:50.700+1100] {dagbag.py:545} INFO - Filling up the DagBag from /Users/fionatham/Documents/Projects/vogue_data_pipeline/venv/lib/python3.11/site-packages/airflow/example_dags/example_complex.py
[2026-01-06T14:09:50.708+1100] {processor.py:840} INFO - DAG(s) 'example_complex' retrieved from /Users/fionatham/Documents/Projects/vogue_data_pipeline/venv/lib/python3.11/site-packages/airflow/example_dags/example_complex.py
[2026-01-06T14:09:50.758+1100] {logging_mixin.py:188} INFO - [2026-01-06T14:09:50.758+1100] {dag.py:3089} INFO - Sync 1 DAGs
[2026-01-06T14:09:50.762+1100] {logging_mixin.py:188} INFO - [2026-01-06T14:09:50.762+1100] {dag.py:3947} INFO - Setting next_dagrun for example_complex to None, run_after=None
[2026-01-06T14:09:50.770+1100] {processor.py:183} INFO - Processing /Users/fionatham/Documents/Projects/vogue_data_pipeline/venv/lib/python3.11/site-packages/airflow/example_dags/example_complex.py took 0.072 seconds
[2026-01-06T14:11:47.752+1100] {processor.py:161} INFO - Started process (PID=87893) to work on /Users/fionatham/Documents/Projects/vogue_data_pipeline/venv/lib/python3.11/site-packages/airflow/example_dags/example_complex.py
[2026-01-06T14:11:47.753+1100] {processor.py:830} INFO - Processing file /Users/fionatham/Documents/Projects/vogue_data_pipeline/venv/lib/python3.11/site-packages/airflow/example_dags/example_complex.py for tasks to queue
[2026-01-06T14:11:47.753+1100] {logging_mixin.py:188} INFO - [2026-01-06T14:11:47.753+1100] {dagbag.py:545} INFO - Filling up the DagBag from /Users/fionatham/Documents/Projects/vogue_data_pipeline/venv/lib/python3.11/site-packages/airflow/example_dags/example_complex.py
[2026-01-06T14:11:47.759+1100] {processor.py:840} INFO - DAG(s) 'example_complex' retrieved from /Users/fionatham/Documents/Projects/vogue_data_pipeline/venv/lib/python3.11/site-packages/airflow/example_dags/example_complex.py
[2026-01-06T14:11:47.805+1100] {logging_mixin.py:188} INFO - [2026-01-06T14:11:47.805+1100] {dag.py:3089} INFO - Sync 1 DAGs
[2026-01-06T14:11:47.808+1100] {logging_mixin.py:188} INFO - [2026-01-06T14:11:47.808+1100] {dag.py:3947} INFO - Setting next_dagrun for example_complex to None, run_after=None
[2026-01-06T14:11:47.815+1100] {processor.py:183} INFO - Processing /Users/fionatham/Documents/Projects/vogue_data_pipeline/venv/lib/python3.11/site-packages/airflow/example_dags/example_complex.py took 0.065 seconds
[2026-01-06T14:13:53.504+1100] {processor.py:161} INFO - Started process (PID=88051) to work on /Users/fionatham/Documents/Projects/vogue_data_pipeline/venv/lib/python3.11/site-packages/airflow/example_dags/example_complex.py
[2026-01-06T14:13:53.504+1100] {processor.py:830} INFO - Processing file /Users/fionatham/Documents/Projects/vogue_data_pipeline/venv/lib/python3.11/site-packages/airflow/example_dags/example_complex.py for tasks to queue
[2026-01-06T14:13:53.504+1100] {logging_mixin.py:188} INFO - [2026-01-06T14:13:53.504+1100] {dagbag.py:545} INFO - Filling up the DagBag from /Users/fionatham/Documents/Projects/vogue_data_pipeline/venv/lib/python3.11/site-packages/airflow/example_dags/example_complex.py
[2026-01-06T14:13:53.510+1100] {processor.py:840} INFO - DAG(s) 'example_complex' retrieved from /Users/fionatham/Documents/Projects/vogue_data_pipeline/venv/lib/python3.11/site-packages/airflow/example_dags/example_complex.py
[2026-01-06T14:13:53.559+1100] {logging_mixin.py:188} INFO - [2026-01-06T14:13:53.559+1100] {dag.py:3089} INFO - Sync 1 DAGs
[2026-01-06T14:13:53.563+1100] {logging_mixin.py:188} INFO - [2026-01-06T14:13:53.563+1100] {dag.py:3947} INFO - Setting next_dagrun for example_complex to None, run_after=None
[2026-01-06T14:13:53.571+1100] {processor.py:183} INFO - Processing /Users/fionatham/Documents/Projects/vogue_data_pipeline/venv/lib/python3.11/site-packages/airflow/example_dags/example_complex.py took 0.068 seconds
[2026-01-06T14:15:54.275+1100] {processor.py:161} INFO - Started process (PID=88969) to work on /Users/fionatham/Documents/Projects/vogue_data_pipeline/venv/lib/python3.11/site-packages/airflow/example_dags/example_complex.py
[2026-01-06T14:15:54.276+1100] {processor.py:830} INFO - Processing file /Users/fionatham/Documents/Projects/vogue_data_pipeline/venv/lib/python3.11/site-packages/airflow/example_dags/example_complex.py for tasks to queue
[2026-01-06T14:15:54.276+1100] {logging_mixin.py:188} INFO - [2026-01-06T14:15:54.276+1100] {dagbag.py:545} INFO - Filling up the DagBag from /Users/fionatham/Documents/Projects/vogue_data_pipeline/venv/lib/python3.11/site-packages/airflow/example_dags/example_complex.py
[2026-01-06T14:15:54.281+1100] {processor.py:840} INFO - DAG(s) 'example_complex' retrieved from /Users/fionatham/Documents/Projects/vogue_data_pipeline/venv/lib/python3.11/site-packages/airflow/example_dags/example_complex.py
[2026-01-06T14:15:54.329+1100] {logging_mixin.py:188} INFO - [2026-01-06T14:15:54.329+1100] {dag.py:3089} INFO - Sync 1 DAGs
[2026-01-06T14:15:54.335+1100] {logging_mixin.py:188} INFO - [2026-01-06T14:15:54.335+1100] {dag.py:3947} INFO - Setting next_dagrun for example_complex to None, run_after=None
[2026-01-06T14:15:54.352+1100] {processor.py:183} INFO - Processing /Users/fionatham/Documents/Projects/vogue_data_pipeline/venv/lib/python3.11/site-packages/airflow/example_dags/example_complex.py took 0.078 seconds
[2026-01-06T14:17:47.242+1100] {processor.py:161} INFO - Started process (PID=89389) to work on /Users/fionatham/Documents/Projects/vogue_data_pipeline/venv/lib/python3.11/site-packages/airflow/example_dags/example_complex.py
[2026-01-06T14:17:47.243+1100] {processor.py:830} INFO - Processing file /Users/fionatham/Documents/Projects/vogue_data_pipeline/venv/lib/python3.11/site-packages/airflow/example_dags/example_complex.py for tasks to queue
[2026-01-06T14:17:47.243+1100] {logging_mixin.py:188} INFO - [2026-01-06T14:17:47.243+1100] {dagbag.py:545} INFO - Filling up the DagBag from /Users/fionatham/Documents/Projects/vogue_data_pipeline/venv/lib/python3.11/site-packages/airflow/example_dags/example_complex.py
[2026-01-06T14:17:47.248+1100] {processor.py:840} INFO - DAG(s) 'example_complex' retrieved from /Users/fionatham/Documents/Projects/vogue_data_pipeline/venv/lib/python3.11/site-packages/airflow/example_dags/example_complex.py
[2026-01-06T14:17:47.294+1100] {logging_mixin.py:188} INFO - [2026-01-06T14:17:47.294+1100] {dag.py:3089} INFO - Sync 1 DAGs
[2026-01-06T14:17:47.298+1100] {logging_mixin.py:188} INFO - [2026-01-06T14:17:47.298+1100] {dag.py:3947} INFO - Setting next_dagrun for example_complex to None, run_after=None
[2026-01-06T14:17:47.305+1100] {processor.py:183} INFO - Processing /Users/fionatham/Documents/Projects/vogue_data_pipeline/venv/lib/python3.11/site-packages/airflow/example_dags/example_complex.py took 0.065 seconds
[2026-01-06T14:19:49.066+1100] {processor.py:161} INFO - Started process (PID=89941) to work on /Users/fionatham/Documents/Projects/vogue_data_pipeline/venv/lib/python3.11/site-packages/airflow/example_dags/example_complex.py
[2026-01-06T14:19:49.066+1100] {processor.py:830} INFO - Processing file /Users/fionatham/Documents/Projects/vogue_data_pipeline/venv/lib/python3.11/site-packages/airflow/example_dags/example_complex.py for tasks to queue
[2026-01-06T14:19:49.067+1100] {logging_mixin.py:188} INFO - [2026-01-06T14:19:49.067+1100] {dagbag.py:545} INFO - Filling up the DagBag from /Users/fionatham/Documents/Projects/vogue_data_pipeline/venv/lib/python3.11/site-packages/airflow/example_dags/example_complex.py
[2026-01-06T14:19:49.072+1100] {processor.py:840} INFO - DAG(s) 'example_complex' retrieved from /Users/fionatham/Documents/Projects/vogue_data_pipeline/venv/lib/python3.11/site-packages/airflow/example_dags/example_complex.py
[2026-01-06T14:19:49.123+1100] {logging_mixin.py:188} INFO - [2026-01-06T14:19:49.123+1100] {dag.py:3089} INFO - Sync 1 DAGs
[2026-01-06T14:19:49.127+1100] {logging_mixin.py:188} INFO - [2026-01-06T14:19:49.127+1100] {dag.py:3947} INFO - Setting next_dagrun for example_complex to None, run_after=None
[2026-01-06T14:19:49.136+1100] {processor.py:183} INFO - Processing /Users/fionatham/Documents/Projects/vogue_data_pipeline/venv/lib/python3.11/site-packages/airflow/example_dags/example_complex.py took 0.071 seconds
[2026-01-06T14:21:50.891+1100] {processor.py:161} INFO - Started process (PID=90044) to work on /Users/fionatham/Documents/Projects/vogue_data_pipeline/venv/lib/python3.11/site-packages/airflow/example_dags/example_complex.py
[2026-01-06T14:21:50.892+1100] {processor.py:830} INFO - Processing file /Users/fionatham/Documents/Projects/vogue_data_pipeline/venv/lib/python3.11/site-packages/airflow/example_dags/example_complex.py for tasks to queue
[2026-01-06T14:21:50.892+1100] {logging_mixin.py:188} INFO - [2026-01-06T14:21:50.892+1100] {dagbag.py:545} INFO - Filling up the DagBag from /Users/fionatham/Documents/Projects/vogue_data_pipeline/venv/lib/python3.11/site-packages/airflow/example_dags/example_complex.py
[2026-01-06T14:21:50.898+1100] {processor.py:840} INFO - DAG(s) 'example_complex' retrieved from /Users/fionatham/Documents/Projects/vogue_data_pipeline/venv/lib/python3.11/site-packages/airflow/example_dags/example_complex.py
[2026-01-06T14:21:50.947+1100] {logging_mixin.py:188} INFO - [2026-01-06T14:21:50.947+1100] {dag.py:3089} INFO - Sync 1 DAGs
[2026-01-06T14:21:50.950+1100] {logging_mixin.py:188} INFO - [2026-01-06T14:21:50.950+1100] {dag.py:3947} INFO - Setting next_dagrun for example_complex to None, run_after=None
[2026-01-06T14:21:50.958+1100] {processor.py:183} INFO - Processing /Users/fionatham/Documents/Projects/vogue_data_pipeline/venv/lib/python3.11/site-packages/airflow/example_dags/example_complex.py took 0.068 seconds
[2026-01-06T14:23:41.088+1100] {processor.py:161} INFO - Started process (PID=90136) to work on /Users/fionatham/Documents/Projects/vogue_data_pipeline/venv/lib/python3.11/site-packages/airflow/example_dags/example_complex.py
[2026-01-06T14:23:41.089+1100] {processor.py:830} INFO - Processing file /Users/fionatham/Documents/Projects/vogue_data_pipeline/venv/lib/python3.11/site-packages/airflow/example_dags/example_complex.py for tasks to queue
[2026-01-06T14:23:41.089+1100] {logging_mixin.py:188} INFO - [2026-01-06T14:23:41.089+1100] {dagbag.py:545} INFO - Filling up the DagBag from /Users/fionatham/Documents/Projects/vogue_data_pipeline/venv/lib/python3.11/site-packages/airflow/example_dags/example_complex.py
[2026-01-06T14:23:41.095+1100] {processor.py:840} INFO - DAG(s) 'example_complex' retrieved from /Users/fionatham/Documents/Projects/vogue_data_pipeline/venv/lib/python3.11/site-packages/airflow/example_dags/example_complex.py
[2026-01-06T14:23:41.145+1100] {logging_mixin.py:188} INFO - [2026-01-06T14:23:41.144+1100] {dag.py:3089} INFO - Sync 1 DAGs
[2026-01-06T14:23:41.148+1100] {logging_mixin.py:188} INFO - [2026-01-06T14:23:41.148+1100] {dag.py:3947} INFO - Setting next_dagrun for example_complex to None, run_after=None
[2026-01-06T14:23:41.156+1100] {processor.py:183} INFO - Processing /Users/fionatham/Documents/Projects/vogue_data_pipeline/venv/lib/python3.11/site-packages/airflow/example_dags/example_complex.py took 0.069 seconds
[2026-01-06T14:25:31.044+1100] {processor.py:161} INFO - Started process (PID=90410) to work on /Users/fionatham/Documents/Projects/vogue_data_pipeline/venv/lib/python3.11/site-packages/airflow/example_dags/example_complex.py
[2026-01-06T14:25:31.045+1100] {processor.py:830} INFO - Processing file /Users/fionatham/Documents/Projects/vogue_data_pipeline/venv/lib/python3.11/site-packages/airflow/example_dags/example_complex.py for tasks to queue
[2026-01-06T14:25:31.045+1100] {logging_mixin.py:188} INFO - [2026-01-06T14:25:31.045+1100] {dagbag.py:545} INFO - Filling up the DagBag from /Users/fionatham/Documents/Projects/vogue_data_pipeline/venv/lib/python3.11/site-packages/airflow/example_dags/example_complex.py
[2026-01-06T14:25:31.050+1100] {processor.py:840} INFO - DAG(s) 'example_complex' retrieved from /Users/fionatham/Documents/Projects/vogue_data_pipeline/venv/lib/python3.11/site-packages/airflow/example_dags/example_complex.py
[2026-01-06T14:25:31.100+1100] {logging_mixin.py:188} INFO - [2026-01-06T14:25:31.100+1100] {dag.py:3089} INFO - Sync 1 DAGs
[2026-01-06T14:25:31.103+1100] {logging_mixin.py:188} INFO - [2026-01-06T14:25:31.103+1100] {dag.py:3947} INFO - Setting next_dagrun for example_complex to None, run_after=None
[2026-01-06T14:25:31.112+1100] {processor.py:183} INFO - Processing /Users/fionatham/Documents/Projects/vogue_data_pipeline/venv/lib/python3.11/site-packages/airflow/example_dags/example_complex.py took 0.069 seconds
[2026-01-06T14:27:31.099+1100] {processor.py:161} INFO - Started process (PID=90705) to work on /Users/fionatham/Documents/Projects/vogue_data_pipeline/venv/lib/python3.11/site-packages/airflow/example_dags/example_complex.py
[2026-01-06T14:27:31.100+1100] {processor.py:830} INFO - Processing file /Users/fionatham/Documents/Projects/vogue_data_pipeline/venv/lib/python3.11/site-packages/airflow/example_dags/example_complex.py for tasks to queue
[2026-01-06T14:27:31.100+1100] {logging_mixin.py:188} INFO - [2026-01-06T14:27:31.100+1100] {dagbag.py:545} INFO - Filling up the DagBag from /Users/fionatham/Documents/Projects/vogue_data_pipeline/venv/lib/python3.11/site-packages/airflow/example_dags/example_complex.py
[2026-01-06T14:27:31.105+1100] {processor.py:840} INFO - DAG(s) 'example_complex' retrieved from /Users/fionatham/Documents/Projects/vogue_data_pipeline/venv/lib/python3.11/site-packages/airflow/example_dags/example_complex.py
[2026-01-06T14:27:31.153+1100] {logging_mixin.py:188} INFO - [2026-01-06T14:27:31.153+1100] {dag.py:3089} INFO - Sync 1 DAGs
[2026-01-06T14:27:31.157+1100] {logging_mixin.py:188} INFO - [2026-01-06T14:27:31.157+1100] {dag.py:3947} INFO - Setting next_dagrun for example_complex to None, run_after=None
[2026-01-06T14:27:31.164+1100] {processor.py:183} INFO - Processing /Users/fionatham/Documents/Projects/vogue_data_pipeline/venv/lib/python3.11/site-packages/airflow/example_dags/example_complex.py took 0.067 seconds
[2026-01-06T14:29:29.530+1100] {processor.py:161} INFO - Started process (PID=91098) to work on /Users/fionatham/Documents/Projects/vogue_data_pipeline/venv/lib/python3.11/site-packages/airflow/example_dags/example_complex.py
[2026-01-06T14:29:29.530+1100] {processor.py:830} INFO - Processing file /Users/fionatham/Documents/Projects/vogue_data_pipeline/venv/lib/python3.11/site-packages/airflow/example_dags/example_complex.py for tasks to queue
[2026-01-06T14:29:29.531+1100] {logging_mixin.py:188} INFO - [2026-01-06T14:29:29.531+1100] {dagbag.py:545} INFO - Filling up the DagBag from /Users/fionatham/Documents/Projects/vogue_data_pipeline/venv/lib/python3.11/site-packages/airflow/example_dags/example_complex.py
[2026-01-06T14:29:29.537+1100] {processor.py:840} INFO - DAG(s) 'example_complex' retrieved from /Users/fionatham/Documents/Projects/vogue_data_pipeline/venv/lib/python3.11/site-packages/airflow/example_dags/example_complex.py
[2026-01-06T14:29:29.589+1100] {logging_mixin.py:188} INFO - [2026-01-06T14:29:29.589+1100] {dag.py:3089} INFO - Sync 1 DAGs
[2026-01-06T14:29:29.594+1100] {logging_mixin.py:188} INFO - [2026-01-06T14:29:29.593+1100] {dag.py:3947} INFO - Setting next_dagrun for example_complex to None, run_after=None
[2026-01-06T14:29:29.606+1100] {processor.py:183} INFO - Processing /Users/fionatham/Documents/Projects/vogue_data_pipeline/venv/lib/python3.11/site-packages/airflow/example_dags/example_complex.py took 0.078 seconds
[2026-01-06T14:31:28.766+1100] {processor.py:161} INFO - Started process (PID=91902) to work on /Users/fionatham/Documents/Projects/vogue_data_pipeline/venv/lib/python3.11/site-packages/airflow/example_dags/example_complex.py
[2026-01-06T14:31:28.767+1100] {processor.py:830} INFO - Processing file /Users/fionatham/Documents/Projects/vogue_data_pipeline/venv/lib/python3.11/site-packages/airflow/example_dags/example_complex.py for tasks to queue
[2026-01-06T14:31:28.767+1100] {logging_mixin.py:188} INFO - [2026-01-06T14:31:28.767+1100] {dagbag.py:545} INFO - Filling up the DagBag from /Users/fionatham/Documents/Projects/vogue_data_pipeline/venv/lib/python3.11/site-packages/airflow/example_dags/example_complex.py
[2026-01-06T14:31:28.772+1100] {processor.py:840} INFO - DAG(s) 'example_complex' retrieved from /Users/fionatham/Documents/Projects/vogue_data_pipeline/venv/lib/python3.11/site-packages/airflow/example_dags/example_complex.py
[2026-01-06T14:31:28.823+1100] {logging_mixin.py:188} INFO - [2026-01-06T14:31:28.823+1100] {dag.py:3089} INFO - Sync 1 DAGs
[2026-01-06T14:31:28.827+1100] {logging_mixin.py:188} INFO - [2026-01-06T14:31:28.827+1100] {dag.py:3947} INFO - Setting next_dagrun for example_complex to None, run_after=None
[2026-01-06T14:31:28.834+1100] {processor.py:183} INFO - Processing /Users/fionatham/Documents/Projects/vogue_data_pipeline/venv/lib/python3.11/site-packages/airflow/example_dags/example_complex.py took 0.070 seconds
[2026-01-06T14:33:29.235+1100] {processor.py:161} INFO - Started process (PID=92227) to work on /Users/fionatham/Documents/Projects/vogue_data_pipeline/venv/lib/python3.11/site-packages/airflow/example_dags/example_complex.py
[2026-01-06T14:33:29.236+1100] {processor.py:830} INFO - Processing file /Users/fionatham/Documents/Projects/vogue_data_pipeline/venv/lib/python3.11/site-packages/airflow/example_dags/example_complex.py for tasks to queue
[2026-01-06T14:33:29.236+1100] {logging_mixin.py:188} INFO - [2026-01-06T14:33:29.236+1100] {dagbag.py:545} INFO - Filling up the DagBag from /Users/fionatham/Documents/Projects/vogue_data_pipeline/venv/lib/python3.11/site-packages/airflow/example_dags/example_complex.py
[2026-01-06T14:33:29.242+1100] {processor.py:840} INFO - DAG(s) 'example_complex' retrieved from /Users/fionatham/Documents/Projects/vogue_data_pipeline/venv/lib/python3.11/site-packages/airflow/example_dags/example_complex.py
[2026-01-06T14:33:29.295+1100] {logging_mixin.py:188} INFO - [2026-01-06T14:33:29.295+1100] {dag.py:3089} INFO - Sync 1 DAGs
[2026-01-06T14:33:29.299+1100] {logging_mixin.py:188} INFO - [2026-01-06T14:33:29.299+1100] {dag.py:3947} INFO - Setting next_dagrun for example_complex to None, run_after=None
[2026-01-06T14:33:29.308+1100] {processor.py:183} INFO - Processing /Users/fionatham/Documents/Projects/vogue_data_pipeline/venv/lib/python3.11/site-packages/airflow/example_dags/example_complex.py took 0.075 seconds
[2026-01-06T14:35:24.274+1100] {processor.py:161} INFO - Started process (PID=92479) to work on /Users/fionatham/Documents/Projects/vogue_data_pipeline/venv/lib/python3.11/site-packages/airflow/example_dags/example_complex.py
[2026-01-06T14:35:24.274+1100] {processor.py:830} INFO - Processing file /Users/fionatham/Documents/Projects/vogue_data_pipeline/venv/lib/python3.11/site-packages/airflow/example_dags/example_complex.py for tasks to queue
[2026-01-06T14:35:24.275+1100] {logging_mixin.py:188} INFO - [2026-01-06T14:35:24.275+1100] {dagbag.py:545} INFO - Filling up the DagBag from /Users/fionatham/Documents/Projects/vogue_data_pipeline/venv/lib/python3.11/site-packages/airflow/example_dags/example_complex.py
[2026-01-06T14:35:24.280+1100] {processor.py:840} INFO - DAG(s) 'example_complex' retrieved from /Users/fionatham/Documents/Projects/vogue_data_pipeline/venv/lib/python3.11/site-packages/airflow/example_dags/example_complex.py
[2026-01-06T14:35:24.334+1100] {logging_mixin.py:188} INFO - [2026-01-06T14:35:24.334+1100] {dag.py:3089} INFO - Sync 1 DAGs
[2026-01-06T14:35:24.338+1100] {logging_mixin.py:188} INFO - [2026-01-06T14:35:24.338+1100] {dag.py:3947} INFO - Setting next_dagrun for example_complex to None, run_after=None
[2026-01-06T14:35:24.347+1100] {processor.py:183} INFO - Processing /Users/fionatham/Documents/Projects/vogue_data_pipeline/venv/lib/python3.11/site-packages/airflow/example_dags/example_complex.py took 0.074 seconds
[2026-01-06T14:37:27.155+1100] {processor.py:161} INFO - Started process (PID=92700) to work on /Users/fionatham/Documents/Projects/vogue_data_pipeline/venv/lib/python3.11/site-packages/airflow/example_dags/example_complex.py
[2026-01-06T14:37:27.155+1100] {processor.py:830} INFO - Processing file /Users/fionatham/Documents/Projects/vogue_data_pipeline/venv/lib/python3.11/site-packages/airflow/example_dags/example_complex.py for tasks to queue
[2026-01-06T14:37:27.156+1100] {logging_mixin.py:188} INFO - [2026-01-06T14:37:27.156+1100] {dagbag.py:545} INFO - Filling up the DagBag from /Users/fionatham/Documents/Projects/vogue_data_pipeline/venv/lib/python3.11/site-packages/airflow/example_dags/example_complex.py
[2026-01-06T14:37:27.161+1100] {processor.py:840} INFO - DAG(s) 'example_complex' retrieved from /Users/fionatham/Documents/Projects/vogue_data_pipeline/venv/lib/python3.11/site-packages/airflow/example_dags/example_complex.py
[2026-01-06T14:37:27.211+1100] {logging_mixin.py:188} INFO - [2026-01-06T14:37:27.210+1100] {dag.py:3089} INFO - Sync 1 DAGs
[2026-01-06T14:37:27.214+1100] {logging_mixin.py:188} INFO - [2026-01-06T14:37:27.214+1100] {dag.py:3947} INFO - Setting next_dagrun for example_complex to None, run_after=None
[2026-01-06T14:37:27.222+1100] {processor.py:183} INFO - Processing /Users/fionatham/Documents/Projects/vogue_data_pipeline/venv/lib/python3.11/site-packages/airflow/example_dags/example_complex.py took 0.068 seconds
[2026-01-06T14:39:27.206+1100] {processor.py:161} INFO - Started process (PID=92895) to work on /Users/fionatham/Documents/Projects/vogue_data_pipeline/venv/lib/python3.11/site-packages/airflow/example_dags/example_complex.py
[2026-01-06T14:39:27.207+1100] {processor.py:830} INFO - Processing file /Users/fionatham/Documents/Projects/vogue_data_pipeline/venv/lib/python3.11/site-packages/airflow/example_dags/example_complex.py for tasks to queue
[2026-01-06T14:39:27.207+1100] {logging_mixin.py:188} INFO - [2026-01-06T14:39:27.207+1100] {dagbag.py:545} INFO - Filling up the DagBag from /Users/fionatham/Documents/Projects/vogue_data_pipeline/venv/lib/python3.11/site-packages/airflow/example_dags/example_complex.py
[2026-01-06T14:39:27.212+1100] {processor.py:840} INFO - DAG(s) 'example_complex' retrieved from /Users/fionatham/Documents/Projects/vogue_data_pipeline/venv/lib/python3.11/site-packages/airflow/example_dags/example_complex.py
[2026-01-06T14:39:27.259+1100] {logging_mixin.py:188} INFO - [2026-01-06T14:39:27.259+1100] {dag.py:3089} INFO - Sync 1 DAGs
[2026-01-06T14:39:27.263+1100] {logging_mixin.py:188} INFO - [2026-01-06T14:39:27.263+1100] {dag.py:3947} INFO - Setting next_dagrun for example_complex to None, run_after=None
[2026-01-06T14:39:27.270+1100] {processor.py:183} INFO - Processing /Users/fionatham/Documents/Projects/vogue_data_pipeline/venv/lib/python3.11/site-packages/airflow/example_dags/example_complex.py took 0.065 seconds
[2026-01-06T14:41:17.113+1100] {processor.py:161} INFO - Started process (PID=92968) to work on /Users/fionatham/Documents/Projects/vogue_data_pipeline/venv/lib/python3.11/site-packages/airflow/example_dags/example_complex.py
[2026-01-06T14:41:17.114+1100] {processor.py:830} INFO - Processing file /Users/fionatham/Documents/Projects/vogue_data_pipeline/venv/lib/python3.11/site-packages/airflow/example_dags/example_complex.py for tasks to queue
[2026-01-06T14:41:17.114+1100] {logging_mixin.py:188} INFO - [2026-01-06T14:41:17.114+1100] {dagbag.py:545} INFO - Filling up the DagBag from /Users/fionatham/Documents/Projects/vogue_data_pipeline/venv/lib/python3.11/site-packages/airflow/example_dags/example_complex.py
[2026-01-06T14:41:17.120+1100] {processor.py:840} INFO - DAG(s) 'example_complex' retrieved from /Users/fionatham/Documents/Projects/vogue_data_pipeline/venv/lib/python3.11/site-packages/airflow/example_dags/example_complex.py
[2026-01-06T14:41:17.166+1100] {logging_mixin.py:188} INFO - [2026-01-06T14:41:17.166+1100] {dag.py:3089} INFO - Sync 1 DAGs
[2026-01-06T14:41:17.169+1100] {logging_mixin.py:188} INFO - [2026-01-06T14:41:17.169+1100] {dag.py:3947} INFO - Setting next_dagrun for example_complex to None, run_after=None
[2026-01-06T14:41:17.176+1100] {processor.py:183} INFO - Processing /Users/fionatham/Documents/Projects/vogue_data_pipeline/venv/lib/python3.11/site-packages/airflow/example_dags/example_complex.py took 0.064 seconds
[2026-01-06T14:43:14.114+1100] {processor.py:161} INFO - Started process (PID=93049) to work on /Users/fionatham/Documents/Projects/vogue_data_pipeline/venv/lib/python3.11/site-packages/airflow/example_dags/example_complex.py
[2026-01-06T14:43:14.114+1100] {processor.py:830} INFO - Processing file /Users/fionatham/Documents/Projects/vogue_data_pipeline/venv/lib/python3.11/site-packages/airflow/example_dags/example_complex.py for tasks to queue
[2026-01-06T14:43:14.114+1100] {logging_mixin.py:188} INFO - [2026-01-06T14:43:14.114+1100] {dagbag.py:545} INFO - Filling up the DagBag from /Users/fionatham/Documents/Projects/vogue_data_pipeline/venv/lib/python3.11/site-packages/airflow/example_dags/example_complex.py
[2026-01-06T14:43:14.120+1100] {processor.py:840} INFO - DAG(s) 'example_complex' retrieved from /Users/fionatham/Documents/Projects/vogue_data_pipeline/venv/lib/python3.11/site-packages/airflow/example_dags/example_complex.py
[2026-01-06T14:43:14.166+1100] {logging_mixin.py:188} INFO - [2026-01-06T14:43:14.166+1100] {dag.py:3089} INFO - Sync 1 DAGs
[2026-01-06T14:43:14.169+1100] {logging_mixin.py:188} INFO - [2026-01-06T14:43:14.169+1100] {dag.py:3947} INFO - Setting next_dagrun for example_complex to None, run_after=None
[2026-01-06T14:43:14.176+1100] {processor.py:183} INFO - Processing /Users/fionatham/Documents/Projects/vogue_data_pipeline/venv/lib/python3.11/site-packages/airflow/example_dags/example_complex.py took 0.064 seconds
[2026-01-06T14:45:14.464+1100] {processor.py:161} INFO - Started process (PID=93134) to work on /Users/fionatham/Documents/Projects/vogue_data_pipeline/venv/lib/python3.11/site-packages/airflow/example_dags/example_complex.py
[2026-01-06T14:45:14.465+1100] {processor.py:830} INFO - Processing file /Users/fionatham/Documents/Projects/vogue_data_pipeline/venv/lib/python3.11/site-packages/airflow/example_dags/example_complex.py for tasks to queue
[2026-01-06T14:45:14.465+1100] {logging_mixin.py:188} INFO - [2026-01-06T14:45:14.465+1100] {dagbag.py:545} INFO - Filling up the DagBag from /Users/fionatham/Documents/Projects/vogue_data_pipeline/venv/lib/python3.11/site-packages/airflow/example_dags/example_complex.py
[2026-01-06T14:45:14.470+1100] {processor.py:840} INFO - DAG(s) 'example_complex' retrieved from /Users/fionatham/Documents/Projects/vogue_data_pipeline/venv/lib/python3.11/site-packages/airflow/example_dags/example_complex.py
[2026-01-06T14:45:14.519+1100] {logging_mixin.py:188} INFO - [2026-01-06T14:45:14.519+1100] {dag.py:3089} INFO - Sync 1 DAGs
[2026-01-06T14:45:14.524+1100] {logging_mixin.py:188} INFO - [2026-01-06T14:45:14.524+1100] {dag.py:3947} INFO - Setting next_dagrun for example_complex to None, run_after=None
[2026-01-06T14:45:14.532+1100] {processor.py:183} INFO - Processing /Users/fionatham/Documents/Projects/vogue_data_pipeline/venv/lib/python3.11/site-packages/airflow/example_dags/example_complex.py took 0.069 seconds
[2026-01-06T14:47:07.028+1100] {processor.py:161} INFO - Started process (PID=93215) to work on /Users/fionatham/Documents/Projects/vogue_data_pipeline/venv/lib/python3.11/site-packages/airflow/example_dags/example_complex.py
[2026-01-06T14:47:07.029+1100] {processor.py:830} INFO - Processing file /Users/fionatham/Documents/Projects/vogue_data_pipeline/venv/lib/python3.11/site-packages/airflow/example_dags/example_complex.py for tasks to queue
[2026-01-06T14:47:07.029+1100] {logging_mixin.py:188} INFO - [2026-01-06T14:47:07.029+1100] {dagbag.py:545} INFO - Filling up the DagBag from /Users/fionatham/Documents/Projects/vogue_data_pipeline/venv/lib/python3.11/site-packages/airflow/example_dags/example_complex.py
[2026-01-06T14:47:07.034+1100] {processor.py:840} INFO - DAG(s) 'example_complex' retrieved from /Users/fionatham/Documents/Projects/vogue_data_pipeline/venv/lib/python3.11/site-packages/airflow/example_dags/example_complex.py
[2026-01-06T14:47:07.081+1100] {logging_mixin.py:188} INFO - [2026-01-06T14:47:07.081+1100] {dag.py:3089} INFO - Sync 1 DAGs
[2026-01-06T14:47:07.084+1100] {logging_mixin.py:188} INFO - [2026-01-06T14:47:07.084+1100] {dag.py:3947} INFO - Setting next_dagrun for example_complex to None, run_after=None
[2026-01-06T14:47:07.091+1100] {processor.py:183} INFO - Processing /Users/fionatham/Documents/Projects/vogue_data_pipeline/venv/lib/python3.11/site-packages/airflow/example_dags/example_complex.py took 0.065 seconds
[2026-01-06T14:49:06.877+1100] {processor.py:161} INFO - Started process (PID=93308) to work on /Users/fionatham/Documents/Projects/vogue_data_pipeline/venv/lib/python3.11/site-packages/airflow/example_dags/example_complex.py
[2026-01-06T14:49:06.877+1100] {processor.py:830} INFO - Processing file /Users/fionatham/Documents/Projects/vogue_data_pipeline/venv/lib/python3.11/site-packages/airflow/example_dags/example_complex.py for tasks to queue
[2026-01-06T14:49:06.878+1100] {logging_mixin.py:188} INFO - [2026-01-06T14:49:06.878+1100] {dagbag.py:545} INFO - Filling up the DagBag from /Users/fionatham/Documents/Projects/vogue_data_pipeline/venv/lib/python3.11/site-packages/airflow/example_dags/example_complex.py
[2026-01-06T14:49:06.883+1100] {processor.py:840} INFO - DAG(s) 'example_complex' retrieved from /Users/fionatham/Documents/Projects/vogue_data_pipeline/venv/lib/python3.11/site-packages/airflow/example_dags/example_complex.py
[2026-01-06T14:49:06.932+1100] {logging_mixin.py:188} INFO - [2026-01-06T14:49:06.932+1100] {dag.py:3089} INFO - Sync 1 DAGs
[2026-01-06T14:49:06.936+1100] {logging_mixin.py:188} INFO - [2026-01-06T14:49:06.935+1100] {dag.py:3947} INFO - Setting next_dagrun for example_complex to None, run_after=None
[2026-01-06T14:49:06.943+1100] {processor.py:183} INFO - Processing /Users/fionatham/Documents/Projects/vogue_data_pipeline/venv/lib/python3.11/site-packages/airflow/example_dags/example_complex.py took 0.068 seconds
[2026-01-06T14:51:01.750+1100] {processor.py:161} INFO - Started process (PID=93397) to work on /Users/fionatham/Documents/Projects/vogue_data_pipeline/venv/lib/python3.11/site-packages/airflow/example_dags/example_complex.py
[2026-01-06T14:51:01.751+1100] {processor.py:830} INFO - Processing file /Users/fionatham/Documents/Projects/vogue_data_pipeline/venv/lib/python3.11/site-packages/airflow/example_dags/example_complex.py for tasks to queue
[2026-01-06T14:51:01.751+1100] {logging_mixin.py:188} INFO - [2026-01-06T14:51:01.751+1100] {dagbag.py:545} INFO - Filling up the DagBag from /Users/fionatham/Documents/Projects/vogue_data_pipeline/venv/lib/python3.11/site-packages/airflow/example_dags/example_complex.py
[2026-01-06T14:51:01.757+1100] {processor.py:840} INFO - DAG(s) 'example_complex' retrieved from /Users/fionatham/Documents/Projects/vogue_data_pipeline/venv/lib/python3.11/site-packages/airflow/example_dags/example_complex.py
[2026-01-06T14:51:01.804+1100] {logging_mixin.py:188} INFO - [2026-01-06T14:51:01.804+1100] {dag.py:3089} INFO - Sync 1 DAGs
[2026-01-06T14:51:01.807+1100] {logging_mixin.py:188} INFO - [2026-01-06T14:51:01.807+1100] {dag.py:3947} INFO - Setting next_dagrun for example_complex to None, run_after=None
[2026-01-06T14:51:01.814+1100] {processor.py:183} INFO - Processing /Users/fionatham/Documents/Projects/vogue_data_pipeline/venv/lib/python3.11/site-packages/airflow/example_dags/example_complex.py took 0.065 seconds
[2026-01-06T14:52:55.946+1100] {processor.py:161} INFO - Started process (PID=93520) to work on /Users/fionatham/Documents/Projects/vogue_data_pipeline/venv/lib/python3.11/site-packages/airflow/example_dags/example_complex.py
[2026-01-06T14:52:55.947+1100] {processor.py:830} INFO - Processing file /Users/fionatham/Documents/Projects/vogue_data_pipeline/venv/lib/python3.11/site-packages/airflow/example_dags/example_complex.py for tasks to queue
[2026-01-06T14:52:55.947+1100] {logging_mixin.py:188} INFO - [2026-01-06T14:52:55.947+1100] {dagbag.py:545} INFO - Filling up the DagBag from /Users/fionatham/Documents/Projects/vogue_data_pipeline/venv/lib/python3.11/site-packages/airflow/example_dags/example_complex.py
[2026-01-06T14:52:55.953+1100] {processor.py:840} INFO - DAG(s) 'example_complex' retrieved from /Users/fionatham/Documents/Projects/vogue_data_pipeline/venv/lib/python3.11/site-packages/airflow/example_dags/example_complex.py
[2026-01-06T14:52:56.005+1100] {logging_mixin.py:188} INFO - [2026-01-06T14:52:56.004+1100] {dag.py:3089} INFO - Sync 1 DAGs
[2026-01-06T14:52:56.009+1100] {logging_mixin.py:188} INFO - [2026-01-06T14:52:56.008+1100] {dag.py:3947} INFO - Setting next_dagrun for example_complex to None, run_after=None
[2026-01-06T14:52:56.017+1100] {processor.py:183} INFO - Processing /Users/fionatham/Documents/Projects/vogue_data_pipeline/venv/lib/python3.11/site-packages/airflow/example_dags/example_complex.py took 0.072 seconds
[2026-01-06T14:54:53.372+1100] {processor.py:161} INFO - Started process (PID=93695) to work on /Users/fionatham/Documents/Projects/vogue_data_pipeline/venv/lib/python3.11/site-packages/airflow/example_dags/example_complex.py
[2026-01-06T14:54:53.375+1100] {processor.py:830} INFO - Processing file /Users/fionatham/Documents/Projects/vogue_data_pipeline/venv/lib/python3.11/site-packages/airflow/example_dags/example_complex.py for tasks to queue
[2026-01-06T14:54:53.375+1100] {logging_mixin.py:188} INFO - [2026-01-06T14:54:53.375+1100] {dagbag.py:545} INFO - Filling up the DagBag from /Users/fionatham/Documents/Projects/vogue_data_pipeline/venv/lib/python3.11/site-packages/airflow/example_dags/example_complex.py
[2026-01-06T14:54:53.381+1100] {processor.py:840} INFO - DAG(s) 'example_complex' retrieved from /Users/fionatham/Documents/Projects/vogue_data_pipeline/venv/lib/python3.11/site-packages/airflow/example_dags/example_complex.py
[2026-01-06T14:54:53.432+1100] {logging_mixin.py:188} INFO - [2026-01-06T14:54:53.432+1100] {dag.py:3089} INFO - Sync 1 DAGs
[2026-01-06T14:54:53.437+1100] {logging_mixin.py:188} INFO - [2026-01-06T14:54:53.437+1100] {dag.py:3947} INFO - Setting next_dagrun for example_complex to None, run_after=None
[2026-01-06T14:54:53.446+1100] {processor.py:183} INFO - Processing /Users/fionatham/Documents/Projects/vogue_data_pipeline/venv/lib/python3.11/site-packages/airflow/example_dags/example_complex.py took 0.076 seconds
[2026-01-06T14:56:52.603+1100] {processor.py:161} INFO - Started process (PID=93821) to work on /Users/fionatham/Documents/Projects/vogue_data_pipeline/venv/lib/python3.11/site-packages/airflow/example_dags/example_complex.py
[2026-01-06T14:56:52.603+1100] {processor.py:830} INFO - Processing file /Users/fionatham/Documents/Projects/vogue_data_pipeline/venv/lib/python3.11/site-packages/airflow/example_dags/example_complex.py for tasks to queue
[2026-01-06T14:56:52.604+1100] {logging_mixin.py:188} INFO - [2026-01-06T14:56:52.604+1100] {dagbag.py:545} INFO - Filling up the DagBag from /Users/fionatham/Documents/Projects/vogue_data_pipeline/venv/lib/python3.11/site-packages/airflow/example_dags/example_complex.py
[2026-01-06T14:56:52.609+1100] {processor.py:840} INFO - DAG(s) 'example_complex' retrieved from /Users/fionatham/Documents/Projects/vogue_data_pipeline/venv/lib/python3.11/site-packages/airflow/example_dags/example_complex.py
[2026-01-06T14:56:52.658+1100] {logging_mixin.py:188} INFO - [2026-01-06T14:56:52.658+1100] {dag.py:3089} INFO - Sync 1 DAGs
[2026-01-06T14:56:52.661+1100] {logging_mixin.py:188} INFO - [2026-01-06T14:56:52.661+1100] {dag.py:3947} INFO - Setting next_dagrun for example_complex to None, run_after=None
[2026-01-06T14:56:52.669+1100] {processor.py:183} INFO - Processing /Users/fionatham/Documents/Projects/vogue_data_pipeline/venv/lib/python3.11/site-packages/airflow/example_dags/example_complex.py took 0.067 seconds
[2026-01-06T14:58:47.324+1100] {processor.py:161} INFO - Started process (PID=93948) to work on /Users/fionatham/Documents/Projects/vogue_data_pipeline/venv/lib/python3.11/site-packages/airflow/example_dags/example_complex.py
[2026-01-06T14:58:47.324+1100] {processor.py:830} INFO - Processing file /Users/fionatham/Documents/Projects/vogue_data_pipeline/venv/lib/python3.11/site-packages/airflow/example_dags/example_complex.py for tasks to queue
[2026-01-06T14:58:47.325+1100] {logging_mixin.py:188} INFO - [2026-01-06T14:58:47.325+1100] {dagbag.py:545} INFO - Filling up the DagBag from /Users/fionatham/Documents/Projects/vogue_data_pipeline/venv/lib/python3.11/site-packages/airflow/example_dags/example_complex.py
[2026-01-06T14:58:47.330+1100] {processor.py:840} INFO - DAG(s) 'example_complex' retrieved from /Users/fionatham/Documents/Projects/vogue_data_pipeline/venv/lib/python3.11/site-packages/airflow/example_dags/example_complex.py
[2026-01-06T14:58:47.377+1100] {logging_mixin.py:188} INFO - [2026-01-06T14:58:47.377+1100] {dag.py:3089} INFO - Sync 1 DAGs
[2026-01-06T14:58:47.381+1100] {logging_mixin.py:188} INFO - [2026-01-06T14:58:47.381+1100] {dag.py:3947} INFO - Setting next_dagrun for example_complex to None, run_after=None
[2026-01-06T14:58:47.388+1100] {processor.py:183} INFO - Processing /Users/fionatham/Documents/Projects/vogue_data_pipeline/venv/lib/python3.11/site-packages/airflow/example_dags/example_complex.py took 0.065 seconds
[2026-01-06T15:00:47.644+1100] {processor.py:161} INFO - Started process (PID=94128) to work on /Users/fionatham/Documents/Projects/vogue_data_pipeline/venv/lib/python3.11/site-packages/airflow/example_dags/example_complex.py
[2026-01-06T15:00:47.645+1100] {processor.py:830} INFO - Processing file /Users/fionatham/Documents/Projects/vogue_data_pipeline/venv/lib/python3.11/site-packages/airflow/example_dags/example_complex.py for tasks to queue
[2026-01-06T15:00:47.645+1100] {logging_mixin.py:188} INFO - [2026-01-06T15:00:47.645+1100] {dagbag.py:545} INFO - Filling up the DagBag from /Users/fionatham/Documents/Projects/vogue_data_pipeline/venv/lib/python3.11/site-packages/airflow/example_dags/example_complex.py
[2026-01-06T15:00:47.651+1100] {processor.py:840} INFO - DAG(s) 'example_complex' retrieved from /Users/fionatham/Documents/Projects/vogue_data_pipeline/venv/lib/python3.11/site-packages/airflow/example_dags/example_complex.py
[2026-01-06T15:00:47.702+1100] {logging_mixin.py:188} INFO - [2026-01-06T15:00:47.702+1100] {dag.py:3089} INFO - Sync 1 DAGs
[2026-01-06T15:00:47.705+1100] {logging_mixin.py:188} INFO - [2026-01-06T15:00:47.705+1100] {dag.py:3947} INFO - Setting next_dagrun for example_complex to None, run_after=None
[2026-01-06T15:00:47.714+1100] {processor.py:183} INFO - Processing /Users/fionatham/Documents/Projects/vogue_data_pipeline/venv/lib/python3.11/site-packages/airflow/example_dags/example_complex.py took 0.072 seconds
[2026-01-06T15:02:47.955+1100] {processor.py:161} INFO - Started process (PID=94357) to work on /Users/fionatham/Documents/Projects/vogue_data_pipeline/venv/lib/python3.11/site-packages/airflow/example_dags/example_complex.py
[2026-01-06T15:02:47.956+1100] {processor.py:830} INFO - Processing file /Users/fionatham/Documents/Projects/vogue_data_pipeline/venv/lib/python3.11/site-packages/airflow/example_dags/example_complex.py for tasks to queue
[2026-01-06T15:02:47.956+1100] {logging_mixin.py:188} INFO - [2026-01-06T15:02:47.956+1100] {dagbag.py:545} INFO - Filling up the DagBag from /Users/fionatham/Documents/Projects/vogue_data_pipeline/venv/lib/python3.11/site-packages/airflow/example_dags/example_complex.py
[2026-01-06T15:02:47.961+1100] {processor.py:840} INFO - DAG(s) 'example_complex' retrieved from /Users/fionatham/Documents/Projects/vogue_data_pipeline/venv/lib/python3.11/site-packages/airflow/example_dags/example_complex.py
[2026-01-06T15:02:48.013+1100] {logging_mixin.py:188} INFO - [2026-01-06T15:02:48.013+1100] {dag.py:3089} INFO - Sync 1 DAGs
[2026-01-06T15:02:48.017+1100] {logging_mixin.py:188} INFO - [2026-01-06T15:02:48.017+1100] {dag.py:3947} INFO - Setting next_dagrun for example_complex to None, run_after=None
[2026-01-06T15:02:48.025+1100] {processor.py:183} INFO - Processing /Users/fionatham/Documents/Projects/vogue_data_pipeline/venv/lib/python3.11/site-packages/airflow/example_dags/example_complex.py took 0.072 seconds
[2026-01-06T15:04:49.070+1100] {processor.py:161} INFO - Started process (PID=94586) to work on /Users/fionatham/Documents/Projects/vogue_data_pipeline/venv/lib/python3.11/site-packages/airflow/example_dags/example_complex.py
[2026-01-06T15:04:49.070+1100] {processor.py:830} INFO - Processing file /Users/fionatham/Documents/Projects/vogue_data_pipeline/venv/lib/python3.11/site-packages/airflow/example_dags/example_complex.py for tasks to queue
[2026-01-06T15:04:49.070+1100] {logging_mixin.py:188} INFO - [2026-01-06T15:04:49.070+1100] {dagbag.py:545} INFO - Filling up the DagBag from /Users/fionatham/Documents/Projects/vogue_data_pipeline/venv/lib/python3.11/site-packages/airflow/example_dags/example_complex.py
[2026-01-06T15:04:49.076+1100] {processor.py:840} INFO - DAG(s) 'example_complex' retrieved from /Users/fionatham/Documents/Projects/vogue_data_pipeline/venv/lib/python3.11/site-packages/airflow/example_dags/example_complex.py
[2026-01-06T15:04:49.130+1100] {logging_mixin.py:188} INFO - [2026-01-06T15:04:49.130+1100] {dag.py:3089} INFO - Sync 1 DAGs
[2026-01-06T15:04:49.135+1100] {logging_mixin.py:188} INFO - [2026-01-06T15:04:49.135+1100] {dag.py:3947} INFO - Setting next_dagrun for example_complex to None, run_after=None
[2026-01-06T15:04:49.143+1100] {processor.py:183} INFO - Processing /Users/fionatham/Documents/Projects/vogue_data_pipeline/venv/lib/python3.11/site-packages/airflow/example_dags/example_complex.py took 0.075 seconds
[2026-01-06T15:06:48.298+1100] {processor.py:161} INFO - Started process (PID=94728) to work on /Users/fionatham/Documents/Projects/vogue_data_pipeline/venv/lib/python3.11/site-packages/airflow/example_dags/example_complex.py
[2026-01-06T15:06:48.299+1100] {processor.py:830} INFO - Processing file /Users/fionatham/Documents/Projects/vogue_data_pipeline/venv/lib/python3.11/site-packages/airflow/example_dags/example_complex.py for tasks to queue
[2026-01-06T15:06:48.299+1100] {logging_mixin.py:188} INFO - [2026-01-06T15:06:48.299+1100] {dagbag.py:545} INFO - Filling up the DagBag from /Users/fionatham/Documents/Projects/vogue_data_pipeline/venv/lib/python3.11/site-packages/airflow/example_dags/example_complex.py
[2026-01-06T15:06:48.305+1100] {processor.py:840} INFO - DAG(s) 'example_complex' retrieved from /Users/fionatham/Documents/Projects/vogue_data_pipeline/venv/lib/python3.11/site-packages/airflow/example_dags/example_complex.py
[2026-01-06T15:06:48.353+1100] {logging_mixin.py:188} INFO - [2026-01-06T15:06:48.353+1100] {dag.py:3089} INFO - Sync 1 DAGs
[2026-01-06T15:06:48.356+1100] {logging_mixin.py:188} INFO - [2026-01-06T15:06:48.356+1100] {dag.py:3947} INFO - Setting next_dagrun for example_complex to None, run_after=None
[2026-01-06T15:06:48.364+1100] {processor.py:183} INFO - Processing /Users/fionatham/Documents/Projects/vogue_data_pipeline/venv/lib/python3.11/site-packages/airflow/example_dags/example_complex.py took 0.067 seconds
[2026-01-06T15:13:13.051+1100] {processor.py:161} INFO - Started process (PID=95294) to work on /Users/fionatham/Documents/Projects/vogue_data_pipeline/venv/lib/python3.11/site-packages/airflow/example_dags/example_complex.py
[2026-01-06T15:13:13.051+1100] {processor.py:830} INFO - Processing file /Users/fionatham/Documents/Projects/vogue_data_pipeline/venv/lib/python3.11/site-packages/airflow/example_dags/example_complex.py for tasks to queue
[2026-01-06T15:13:13.052+1100] {logging_mixin.py:188} INFO - [2026-01-06T15:13:13.052+1100] {dagbag.py:545} INFO - Filling up the DagBag from /Users/fionatham/Documents/Projects/vogue_data_pipeline/venv/lib/python3.11/site-packages/airflow/example_dags/example_complex.py
[2026-01-06T15:13:13.057+1100] {processor.py:840} INFO - DAG(s) 'example_complex' retrieved from /Users/fionatham/Documents/Projects/vogue_data_pipeline/venv/lib/python3.11/site-packages/airflow/example_dags/example_complex.py
[2026-01-06T15:13:13.106+1100] {logging_mixin.py:188} INFO - [2026-01-06T15:13:13.106+1100] {dag.py:3089} INFO - Sync 1 DAGs
[2026-01-06T15:13:13.110+1100] {logging_mixin.py:188} INFO - [2026-01-06T15:13:13.110+1100] {dag.py:3947} INFO - Setting next_dagrun for example_complex to None, run_after=None
[2026-01-06T15:13:13.118+1100] {processor.py:183} INFO - Processing /Users/fionatham/Documents/Projects/vogue_data_pipeline/venv/lib/python3.11/site-packages/airflow/example_dags/example_complex.py took 0.069 seconds
[2026-01-06T16:21:31.795+1100] {processor.py:161} INFO - Started process (PID=95506) to work on /Users/fionatham/Documents/Projects/vogue_data_pipeline/venv/lib/python3.11/site-packages/airflow/example_dags/example_complex.py
[2026-01-06T16:21:31.795+1100] {processor.py:830} INFO - Processing file /Users/fionatham/Documents/Projects/vogue_data_pipeline/venv/lib/python3.11/site-packages/airflow/example_dags/example_complex.py for tasks to queue
[2026-01-06T16:21:31.796+1100] {logging_mixin.py:188} INFO - [2026-01-06T16:21:31.796+1100] {dagbag.py:545} INFO - Filling up the DagBag from /Users/fionatham/Documents/Projects/vogue_data_pipeline/venv/lib/python3.11/site-packages/airflow/example_dags/example_complex.py
[2026-01-06T16:21:31.801+1100] {processor.py:840} INFO - DAG(s) 'example_complex' retrieved from /Users/fionatham/Documents/Projects/vogue_data_pipeline/venv/lib/python3.11/site-packages/airflow/example_dags/example_complex.py
[2026-01-06T16:21:31.848+1100] {logging_mixin.py:188} INFO - [2026-01-06T16:21:31.848+1100] {dag.py:3089} INFO - Sync 1 DAGs
[2026-01-06T16:21:31.851+1100] {logging_mixin.py:188} INFO - [2026-01-06T16:21:31.851+1100] {dag.py:3947} INFO - Setting next_dagrun for example_complex to None, run_after=None
[2026-01-06T16:21:31.859+1100] {processor.py:183} INFO - Processing /Users/fionatham/Documents/Projects/vogue_data_pipeline/venv/lib/python3.11/site-packages/airflow/example_dags/example_complex.py took 0.065 seconds
[2026-01-06T19:17:26.954+1100] {processor.py:161} INFO - Started process (PID=95615) to work on /Users/fionatham/Documents/Projects/vogue_data_pipeline/venv/lib/python3.11/site-packages/airflow/example_dags/example_complex.py
[2026-01-06T19:17:26.954+1100] {processor.py:830} INFO - Processing file /Users/fionatham/Documents/Projects/vogue_data_pipeline/venv/lib/python3.11/site-packages/airflow/example_dags/example_complex.py for tasks to queue
[2026-01-06T19:17:26.955+1100] {logging_mixin.py:188} INFO - [2026-01-06T19:17:26.954+1100] {dagbag.py:545} INFO - Filling up the DagBag from /Users/fionatham/Documents/Projects/vogue_data_pipeline/venv/lib/python3.11/site-packages/airflow/example_dags/example_complex.py
[2026-01-06T19:17:26.960+1100] {processor.py:840} INFO - DAG(s) 'example_complex' retrieved from /Users/fionatham/Documents/Projects/vogue_data_pipeline/venv/lib/python3.11/site-packages/airflow/example_dags/example_complex.py
[2026-01-06T19:17:27.008+1100] {logging_mixin.py:188} INFO - [2026-01-06T19:17:27.008+1100] {dag.py:3089} INFO - Sync 1 DAGs
[2026-01-06T19:17:27.012+1100] {logging_mixin.py:188} INFO - [2026-01-06T19:17:27.012+1100] {dag.py:3947} INFO - Setting next_dagrun for example_complex to None, run_after=None
[2026-01-06T19:17:27.019+1100] {processor.py:183} INFO - Processing /Users/fionatham/Documents/Projects/vogue_data_pipeline/venv/lib/python3.11/site-packages/airflow/example_dags/example_complex.py took 0.067 seconds
[2026-01-06T20:52:14.900+1100] {processor.py:161} INFO - Started process (PID=95769) to work on /Users/fionatham/Documents/Projects/vogue_data_pipeline/venv/lib/python3.11/site-packages/airflow/example_dags/example_complex.py
[2026-01-06T20:52:14.901+1100] {processor.py:830} INFO - Processing file /Users/fionatham/Documents/Projects/vogue_data_pipeline/venv/lib/python3.11/site-packages/airflow/example_dags/example_complex.py for tasks to queue
[2026-01-06T20:52:14.901+1100] {logging_mixin.py:188} INFO - [2026-01-06T20:52:14.901+1100] {dagbag.py:545} INFO - Filling up the DagBag from /Users/fionatham/Documents/Projects/vogue_data_pipeline/venv/lib/python3.11/site-packages/airflow/example_dags/example_complex.py
[2026-01-06T20:52:14.906+1100] {processor.py:840} INFO - DAG(s) 'example_complex' retrieved from /Users/fionatham/Documents/Projects/vogue_data_pipeline/venv/lib/python3.11/site-packages/airflow/example_dags/example_complex.py
[2026-01-06T20:52:14.954+1100] {logging_mixin.py:188} INFO - [2026-01-06T20:52:14.954+1100] {dag.py:3089} INFO - Sync 1 DAGs
[2026-01-06T20:52:14.957+1100] {logging_mixin.py:188} INFO - [2026-01-06T20:52:14.957+1100] {dag.py:3947} INFO - Setting next_dagrun for example_complex to None, run_after=None
[2026-01-06T20:52:14.964+1100] {processor.py:183} INFO - Processing /Users/fionatham/Documents/Projects/vogue_data_pipeline/venv/lib/python3.11/site-packages/airflow/example_dags/example_complex.py took 0.066 seconds
[2026-01-06T23:57:10.194+1100] {processor.py:161} INFO - Started process (PID=96056) to work on /Users/fionatham/Documents/Projects/vogue_data_pipeline/venv/lib/python3.11/site-packages/airflow/example_dags/example_complex.py
[2026-01-06T23:57:10.194+1100] {processor.py:830} INFO - Processing file /Users/fionatham/Documents/Projects/vogue_data_pipeline/venv/lib/python3.11/site-packages/airflow/example_dags/example_complex.py for tasks to queue
[2026-01-06T23:57:10.195+1100] {logging_mixin.py:188} INFO - [2026-01-06T23:57:10.195+1100] {dagbag.py:545} INFO - Filling up the DagBag from /Users/fionatham/Documents/Projects/vogue_data_pipeline/venv/lib/python3.11/site-packages/airflow/example_dags/example_complex.py
[2026-01-06T23:57:10.201+1100] {processor.py:840} INFO - DAG(s) 'example_complex' retrieved from /Users/fionatham/Documents/Projects/vogue_data_pipeline/venv/lib/python3.11/site-packages/airflow/example_dags/example_complex.py
[2026-01-06T23:57:10.252+1100] {logging_mixin.py:188} INFO - [2026-01-06T23:57:10.252+1100] {dag.py:3089} INFO - Sync 1 DAGs
[2026-01-06T23:57:10.256+1100] {logging_mixin.py:188} INFO - [2026-01-06T23:57:10.256+1100] {dag.py:3947} INFO - Setting next_dagrun for example_complex to None, run_after=None
[2026-01-06T23:57:10.264+1100] {processor.py:183} INFO - Processing /Users/fionatham/Documents/Projects/vogue_data_pipeline/venv/lib/python3.11/site-packages/airflow/example_dags/example_complex.py took 0.072 seconds
