[2026-01-06T13:57:05.031+1100] {processor.py:161} INFO - Started process (PID=85259) to work on /Users/fionatham/Documents/Projects/vogue_data_pipeline/venv/lib/python3.11/site-packages/airflow/example_dags/example_sla_dag.py
[2026-01-06T13:57:05.031+1100] {processor.py:830} INFO - Processing file /Users/fionatham/Documents/Projects/vogue_data_pipeline/venv/lib/python3.11/site-packages/airflow/example_dags/example_sla_dag.py for tasks to queue
[2026-01-06T13:57:05.032+1100] {logging_mixin.py:188} INFO - [2026-01-06T13:57:05.032+1100] {dagbag.py:545} INFO - Filling up the DagBag from /Users/fionatham/Documents/Projects/vogue_data_pipeline/venv/lib/python3.11/site-packages/airflow/example_dags/example_sla_dag.py
[2026-01-06T13:57:05.050+1100] {processor.py:840} INFO - DAG(s) 'example_sla_dag' retrieved from /Users/fionatham/Documents/Projects/vogue_data_pipeline/venv/lib/python3.11/site-packages/airflow/example_dags/example_sla_dag.py
[2026-01-06T13:57:05.156+1100] {logging_mixin.py:188} INFO - [2026-01-06T13:57:05.156+1100] {override.py:1858} INFO - Created Permission View: can delete on DAG:example_sla_dag
[2026-01-06T13:57:05.160+1100] {logging_mixin.py:188} INFO - [2026-01-06T13:57:05.160+1100] {override.py:1858} INFO - Created Permission View: can edit on DAG:example_sla_dag
[2026-01-06T13:57:05.162+1100] {logging_mixin.py:188} INFO - [2026-01-06T13:57:05.162+1100] {override.py:1858} INFO - Created Permission View: can read on DAG:example_sla_dag
[2026-01-06T13:57:05.162+1100] {logging_mixin.py:188} INFO - [2026-01-06T13:57:05.162+1100] {dag.py:3089} INFO - Sync 1 DAGs
[2026-01-06T13:57:05.166+1100] {logging_mixin.py:188} INFO - [2026-01-06T13:57:05.166+1100] {dag.py:3111} INFO - Creating ORM DAG for example_sla_dag
[2026-01-06T13:57:05.171+1100] {logging_mixin.py:188} INFO - [2026-01-06T13:57:05.171+1100] {dag.py:3947} INFO - Setting next_dagrun for example_sla_dag to 2026-01-06 02:54:00+00:00, run_after=2026-01-06 02:56:00+00:00
[2026-01-06T13:57:05.178+1100] {processor.py:183} INFO - Processing /Users/fionatham/Documents/Projects/vogue_data_pipeline/venv/lib/python3.11/site-packages/airflow/example_dags/example_sla_dag.py took 0.148 seconds
[2026-01-06T13:58:35.219+1100] {processor.py:161} INFO - Started process (PID=85869) to work on /Users/fionatham/Documents/Projects/vogue_data_pipeline/venv/lib/python3.11/site-packages/airflow/example_dags/example_sla_dag.py
[2026-01-06T13:58:35.220+1100] {processor.py:830} INFO - Processing file /Users/fionatham/Documents/Projects/vogue_data_pipeline/venv/lib/python3.11/site-packages/airflow/example_dags/example_sla_dag.py for tasks to queue
[2026-01-06T13:58:35.220+1100] {logging_mixin.py:188} INFO - [2026-01-06T13:58:35.220+1100] {dagbag.py:545} INFO - Filling up the DagBag from /Users/fionatham/Documents/Projects/vogue_data_pipeline/venv/lib/python3.11/site-packages/airflow/example_dags/example_sla_dag.py
[2026-01-06T13:58:35.237+1100] {processor.py:840} INFO - DAG(s) 'example_sla_dag' retrieved from /Users/fionatham/Documents/Projects/vogue_data_pipeline/venv/lib/python3.11/site-packages/airflow/example_dags/example_sla_dag.py
[2026-01-06T13:58:35.279+1100] {logging_mixin.py:188} INFO - [2026-01-06T13:58:35.279+1100] {dag.py:3089} INFO - Sync 1 DAGs
[2026-01-06T13:58:35.288+1100] {logging_mixin.py:188} INFO - [2026-01-06T13:58:35.287+1100] {dag.py:3947} INFO - Setting next_dagrun for example_sla_dag to 2026-01-06 02:56:00+00:00, run_after=2026-01-06 02:58:00+00:00
[2026-01-06T13:58:35.294+1100] {processor.py:183} INFO - Processing /Users/fionatham/Documents/Projects/vogue_data_pipeline/venv/lib/python3.11/site-packages/airflow/example_dags/example_sla_dag.py took 0.077 seconds
[2026-01-06T14:00:35.644+1100] {processor.py:161} INFO - Started process (PID=86928) to work on /Users/fionatham/Documents/Projects/vogue_data_pipeline/venv/lib/python3.11/site-packages/airflow/example_dags/example_sla_dag.py
[2026-01-06T14:00:35.645+1100] {processor.py:830} INFO - Processing file /Users/fionatham/Documents/Projects/vogue_data_pipeline/venv/lib/python3.11/site-packages/airflow/example_dags/example_sla_dag.py for tasks to queue
[2026-01-06T14:00:35.645+1100] {logging_mixin.py:188} INFO - [2026-01-06T14:00:35.645+1100] {dagbag.py:545} INFO - Filling up the DagBag from /Users/fionatham/Documents/Projects/vogue_data_pipeline/venv/lib/python3.11/site-packages/airflow/example_dags/example_sla_dag.py
[2026-01-06T14:00:35.662+1100] {processor.py:840} INFO - DAG(s) 'example_sla_dag' retrieved from /Users/fionatham/Documents/Projects/vogue_data_pipeline/venv/lib/python3.11/site-packages/airflow/example_dags/example_sla_dag.py
[2026-01-06T14:00:35.704+1100] {logging_mixin.py:188} INFO - [2026-01-06T14:00:35.703+1100] {dag.py:3089} INFO - Sync 1 DAGs
[2026-01-06T14:00:35.711+1100] {logging_mixin.py:188} INFO - [2026-01-06T14:00:35.711+1100] {dag.py:3947} INFO - Setting next_dagrun for example_sla_dag to 2026-01-06 02:58:00+00:00, run_after=2026-01-06 03:00:00+00:00
[2026-01-06T14:00:35.719+1100] {processor.py:183} INFO - Processing /Users/fionatham/Documents/Projects/vogue_data_pipeline/venv/lib/python3.11/site-packages/airflow/example_dags/example_sla_dag.py took 0.077 seconds
[2026-01-06T14:02:38.248+1100] {processor.py:161} INFO - Started process (PID=87148) to work on /Users/fionatham/Documents/Projects/vogue_data_pipeline/venv/lib/python3.11/site-packages/airflow/example_dags/example_sla_dag.py
[2026-01-06T14:02:38.249+1100] {processor.py:830} INFO - Processing file /Users/fionatham/Documents/Projects/vogue_data_pipeline/venv/lib/python3.11/site-packages/airflow/example_dags/example_sla_dag.py for tasks to queue
[2026-01-06T14:02:38.249+1100] {logging_mixin.py:188} INFO - [2026-01-06T14:02:38.249+1100] {dagbag.py:545} INFO - Filling up the DagBag from /Users/fionatham/Documents/Projects/vogue_data_pipeline/venv/lib/python3.11/site-packages/airflow/example_dags/example_sla_dag.py
[2026-01-06T14:02:38.266+1100] {processor.py:840} INFO - DAG(s) 'example_sla_dag' retrieved from /Users/fionatham/Documents/Projects/vogue_data_pipeline/venv/lib/python3.11/site-packages/airflow/example_dags/example_sla_dag.py
[2026-01-06T14:02:38.307+1100] {logging_mixin.py:188} INFO - [2026-01-06T14:02:38.307+1100] {dag.py:3089} INFO - Sync 1 DAGs
[2026-01-06T14:02:38.315+1100] {logging_mixin.py:188} INFO - [2026-01-06T14:02:38.315+1100] {dag.py:3947} INFO - Setting next_dagrun for example_sla_dag to 2026-01-06 03:00:00+00:00, run_after=2026-01-06 03:02:00+00:00
[2026-01-06T14:02:38.322+1100] {processor.py:183} INFO - Processing /Users/fionatham/Documents/Projects/vogue_data_pipeline/venv/lib/python3.11/site-packages/airflow/example_dags/example_sla_dag.py took 0.076 seconds
[2026-01-06T14:04:38.957+1100] {processor.py:161} INFO - Started process (PID=87305) to work on /Users/fionatham/Documents/Projects/vogue_data_pipeline/venv/lib/python3.11/site-packages/airflow/example_dags/example_sla_dag.py
[2026-01-06T14:04:38.958+1100] {processor.py:830} INFO - Processing file /Users/fionatham/Documents/Projects/vogue_data_pipeline/venv/lib/python3.11/site-packages/airflow/example_dags/example_sla_dag.py for tasks to queue
[2026-01-06T14:04:38.958+1100] {logging_mixin.py:188} INFO - [2026-01-06T14:04:38.958+1100] {dagbag.py:545} INFO - Filling up the DagBag from /Users/fionatham/Documents/Projects/vogue_data_pipeline/venv/lib/python3.11/site-packages/airflow/example_dags/example_sla_dag.py
[2026-01-06T14:04:38.975+1100] {processor.py:840} INFO - DAG(s) 'example_sla_dag' retrieved from /Users/fionatham/Documents/Projects/vogue_data_pipeline/venv/lib/python3.11/site-packages/airflow/example_dags/example_sla_dag.py
[2026-01-06T14:04:39.016+1100] {logging_mixin.py:188} INFO - [2026-01-06T14:04:39.015+1100] {dag.py:3089} INFO - Sync 1 DAGs
[2026-01-06T14:04:39.023+1100] {logging_mixin.py:188} INFO - [2026-01-06T14:04:39.023+1100] {dag.py:3947} INFO - Setting next_dagrun for example_sla_dag to 2026-01-06 03:02:00+00:00, run_after=2026-01-06 03:04:00+00:00
[2026-01-06T14:04:39.029+1100] {processor.py:183} INFO - Processing /Users/fionatham/Documents/Projects/vogue_data_pipeline/venv/lib/python3.11/site-packages/airflow/example_dags/example_sla_dag.py took 0.074 seconds
[2026-01-06T14:06:39.460+1100] {processor.py:161} INFO - Started process (PID=87538) to work on /Users/fionatham/Documents/Projects/vogue_data_pipeline/venv/lib/python3.11/site-packages/airflow/example_dags/example_sla_dag.py
[2026-01-06T14:06:39.460+1100] {processor.py:830} INFO - Processing file /Users/fionatham/Documents/Projects/vogue_data_pipeline/venv/lib/python3.11/site-packages/airflow/example_dags/example_sla_dag.py for tasks to queue
[2026-01-06T14:06:39.461+1100] {logging_mixin.py:188} INFO - [2026-01-06T14:06:39.461+1100] {dagbag.py:545} INFO - Filling up the DagBag from /Users/fionatham/Documents/Projects/vogue_data_pipeline/venv/lib/python3.11/site-packages/airflow/example_dags/example_sla_dag.py
[2026-01-06T14:06:39.480+1100] {processor.py:840} INFO - DAG(s) 'example_sla_dag' retrieved from /Users/fionatham/Documents/Projects/vogue_data_pipeline/venv/lib/python3.11/site-packages/airflow/example_dags/example_sla_dag.py
[2026-01-06T14:06:39.526+1100] {logging_mixin.py:188} INFO - [2026-01-06T14:06:39.526+1100] {dag.py:3089} INFO - Sync 1 DAGs
[2026-01-06T14:06:39.536+1100] {logging_mixin.py:188} INFO - [2026-01-06T14:06:39.536+1100] {dag.py:3947} INFO - Setting next_dagrun for example_sla_dag to 2026-01-06 03:04:00+00:00, run_after=2026-01-06 03:06:00+00:00
[2026-01-06T14:06:39.544+1100] {processor.py:183} INFO - Processing /Users/fionatham/Documents/Projects/vogue_data_pipeline/venv/lib/python3.11/site-packages/airflow/example_dags/example_sla_dag.py took 0.086 seconds
[2026-01-06T14:08:36.172+1100] {processor.py:161} INFO - Started process (PID=87671) to work on /Users/fionatham/Documents/Projects/vogue_data_pipeline/venv/lib/python3.11/site-packages/airflow/example_dags/example_sla_dag.py
[2026-01-06T14:08:36.173+1100] {processor.py:830} INFO - Processing file /Users/fionatham/Documents/Projects/vogue_data_pipeline/venv/lib/python3.11/site-packages/airflow/example_dags/example_sla_dag.py for tasks to queue
[2026-01-06T14:08:36.173+1100] {logging_mixin.py:188} INFO - [2026-01-06T14:08:36.173+1100] {dagbag.py:545} INFO - Filling up the DagBag from /Users/fionatham/Documents/Projects/vogue_data_pipeline/venv/lib/python3.11/site-packages/airflow/example_dags/example_sla_dag.py
[2026-01-06T14:08:36.191+1100] {processor.py:840} INFO - DAG(s) 'example_sla_dag' retrieved from /Users/fionatham/Documents/Projects/vogue_data_pipeline/venv/lib/python3.11/site-packages/airflow/example_dags/example_sla_dag.py
[2026-01-06T14:08:36.235+1100] {logging_mixin.py:188} INFO - [2026-01-06T14:08:36.235+1100] {dag.py:3089} INFO - Sync 1 DAGs
[2026-01-06T14:08:36.243+1100] {logging_mixin.py:188} INFO - [2026-01-06T14:08:36.243+1100] {dag.py:3947} INFO - Setting next_dagrun for example_sla_dag to 2026-01-06 03:06:00+00:00, run_after=2026-01-06 03:08:00+00:00
[2026-01-06T14:08:36.250+1100] {processor.py:183} INFO - Processing /Users/fionatham/Documents/Projects/vogue_data_pipeline/venv/lib/python3.11/site-packages/airflow/example_dags/example_sla_dag.py took 0.080 seconds
[2026-01-06T14:10:38.259+1100] {processor.py:161} INFO - Started process (PID=87790) to work on /Users/fionatham/Documents/Projects/vogue_data_pipeline/venv/lib/python3.11/site-packages/airflow/example_dags/example_sla_dag.py
[2026-01-06T14:10:38.261+1100] {processor.py:830} INFO - Processing file /Users/fionatham/Documents/Projects/vogue_data_pipeline/venv/lib/python3.11/site-packages/airflow/example_dags/example_sla_dag.py for tasks to queue
[2026-01-06T14:10:38.261+1100] {logging_mixin.py:188} INFO - [2026-01-06T14:10:38.261+1100] {dagbag.py:545} INFO - Filling up the DagBag from /Users/fionatham/Documents/Projects/vogue_data_pipeline/venv/lib/python3.11/site-packages/airflow/example_dags/example_sla_dag.py
[2026-01-06T14:10:38.279+1100] {processor.py:840} INFO - DAG(s) 'example_sla_dag' retrieved from /Users/fionatham/Documents/Projects/vogue_data_pipeline/venv/lib/python3.11/site-packages/airflow/example_dags/example_sla_dag.py
[2026-01-06T14:10:38.326+1100] {logging_mixin.py:188} INFO - [2026-01-06T14:10:38.326+1100] {dag.py:3089} INFO - Sync 1 DAGs
[2026-01-06T14:10:38.335+1100] {logging_mixin.py:188} INFO - [2026-01-06T14:10:38.335+1100] {dag.py:3947} INFO - Setting next_dagrun for example_sla_dag to 2026-01-06 03:08:00+00:00, run_after=2026-01-06 03:10:00+00:00
[2026-01-06T14:10:38.343+1100] {processor.py:183} INFO - Processing /Users/fionatham/Documents/Projects/vogue_data_pipeline/venv/lib/python3.11/site-packages/airflow/example_dags/example_sla_dag.py took 0.085 seconds
[2026-01-06T14:12:33.816+1100] {processor.py:161} INFO - Started process (PID=87939) to work on /Users/fionatham/Documents/Projects/vogue_data_pipeline/venv/lib/python3.11/site-packages/airflow/example_dags/example_sla_dag.py
[2026-01-06T14:12:33.818+1100] {processor.py:830} INFO - Processing file /Users/fionatham/Documents/Projects/vogue_data_pipeline/venv/lib/python3.11/site-packages/airflow/example_dags/example_sla_dag.py for tasks to queue
[2026-01-06T14:12:33.818+1100] {logging_mixin.py:188} INFO - [2026-01-06T14:12:33.818+1100] {dagbag.py:545} INFO - Filling up the DagBag from /Users/fionatham/Documents/Projects/vogue_data_pipeline/venv/lib/python3.11/site-packages/airflow/example_dags/example_sla_dag.py
[2026-01-06T14:12:33.836+1100] {processor.py:840} INFO - DAG(s) 'example_sla_dag' retrieved from /Users/fionatham/Documents/Projects/vogue_data_pipeline/venv/lib/python3.11/site-packages/airflow/example_dags/example_sla_dag.py
[2026-01-06T14:12:33.883+1100] {logging_mixin.py:188} INFO - [2026-01-06T14:12:33.883+1100] {dag.py:3089} INFO - Sync 1 DAGs
[2026-01-06T14:12:33.892+1100] {logging_mixin.py:188} INFO - [2026-01-06T14:12:33.892+1100] {dag.py:3947} INFO - Setting next_dagrun for example_sla_dag to 2026-01-06 03:10:00+00:00, run_after=2026-01-06 03:12:00+00:00
[2026-01-06T14:12:33.901+1100] {processor.py:183} INFO - Processing /Users/fionatham/Documents/Projects/vogue_data_pipeline/venv/lib/python3.11/site-packages/airflow/example_dags/example_sla_dag.py took 0.087 seconds
[2026-01-06T14:13:40.109+1100] {processor.py:161} INFO - Started process (PID=88021) to work on /Users/fionatham/Documents/Projects/vogue_data_pipeline/venv/lib/python3.11/site-packages/airflow/example_dags/example_sla_dag.py
[2026-01-06T14:13:40.111+1100] {processor.py:830} INFO - Processing file /Users/fionatham/Documents/Projects/vogue_data_pipeline/venv/lib/python3.11/site-packages/airflow/example_dags/example_sla_dag.py for tasks to queue
[2026-01-06T14:13:40.111+1100] {logging_mixin.py:188} INFO - [2026-01-06T14:13:40.111+1100] {dagbag.py:545} INFO - Filling up the DagBag from /Users/fionatham/Documents/Projects/vogue_data_pipeline/venv/lib/python3.11/site-packages/airflow/example_dags/example_sla_dag.py
[2026-01-06T14:13:40.128+1100] {processor.py:840} INFO - DAG(s) 'example_sla_dag' retrieved from /Users/fionatham/Documents/Projects/vogue_data_pipeline/venv/lib/python3.11/site-packages/airflow/example_dags/example_sla_dag.py
[2026-01-06T14:13:40.173+1100] {logging_mixin.py:188} INFO - [2026-01-06T14:13:40.172+1100] {dag.py:3089} INFO - Sync 1 DAGs
[2026-01-06T14:13:40.182+1100] {logging_mixin.py:188} INFO - [2026-01-06T14:13:40.181+1100] {dag.py:3947} INFO - Setting next_dagrun for example_sla_dag to 2026-01-06 03:10:00+00:00, run_after=2026-01-06 03:12:00+00:00
[2026-01-06T14:13:40.189+1100] {processor.py:183} INFO - Processing /Users/fionatham/Documents/Projects/vogue_data_pipeline/venv/lib/python3.11/site-packages/airflow/example_dags/example_sla_dag.py took 0.081 seconds
[2026-01-06T14:15:41.047+1100] {processor.py:161} INFO - Started process (PID=88957) to work on /Users/fionatham/Documents/Projects/vogue_data_pipeline/venv/lib/python3.11/site-packages/airflow/example_dags/example_sla_dag.py
[2026-01-06T14:15:41.049+1100] {processor.py:830} INFO - Processing file /Users/fionatham/Documents/Projects/vogue_data_pipeline/venv/lib/python3.11/site-packages/airflow/example_dags/example_sla_dag.py for tasks to queue
[2026-01-06T14:15:41.049+1100] {logging_mixin.py:188} INFO - [2026-01-06T14:15:41.049+1100] {dagbag.py:545} INFO - Filling up the DagBag from /Users/fionatham/Documents/Projects/vogue_data_pipeline/venv/lib/python3.11/site-packages/airflow/example_dags/example_sla_dag.py
[2026-01-06T14:15:41.066+1100] {processor.py:840} INFO - DAG(s) 'example_sla_dag' retrieved from /Users/fionatham/Documents/Projects/vogue_data_pipeline/venv/lib/python3.11/site-packages/airflow/example_dags/example_sla_dag.py
[2026-01-06T14:15:41.110+1100] {logging_mixin.py:188} INFO - [2026-01-06T14:15:41.109+1100] {dag.py:3089} INFO - Sync 1 DAGs
[2026-01-06T14:15:41.118+1100] {logging_mixin.py:188} INFO - [2026-01-06T14:15:41.118+1100] {dag.py:3947} INFO - Setting next_dagrun for example_sla_dag to 2026-01-06 03:12:00+00:00, run_after=2026-01-06 03:14:00+00:00
[2026-01-06T14:15:41.126+1100] {processor.py:183} INFO - Processing /Users/fionatham/Documents/Projects/vogue_data_pipeline/venv/lib/python3.11/site-packages/airflow/example_dags/example_sla_dag.py took 0.080 seconds
[2026-01-06T14:17:33.860+1100] {processor.py:161} INFO - Started process (PID=89350) to work on /Users/fionatham/Documents/Projects/vogue_data_pipeline/venv/lib/python3.11/site-packages/airflow/example_dags/example_sla_dag.py
[2026-01-06T14:17:33.861+1100] {processor.py:830} INFO - Processing file /Users/fionatham/Documents/Projects/vogue_data_pipeline/venv/lib/python3.11/site-packages/airflow/example_dags/example_sla_dag.py for tasks to queue
[2026-01-06T14:17:33.861+1100] {logging_mixin.py:188} INFO - [2026-01-06T14:17:33.861+1100] {dagbag.py:545} INFO - Filling up the DagBag from /Users/fionatham/Documents/Projects/vogue_data_pipeline/venv/lib/python3.11/site-packages/airflow/example_dags/example_sla_dag.py
[2026-01-06T14:17:33.879+1100] {processor.py:840} INFO - DAG(s) 'example_sla_dag' retrieved from /Users/fionatham/Documents/Projects/vogue_data_pipeline/venv/lib/python3.11/site-packages/airflow/example_dags/example_sla_dag.py
[2026-01-06T14:17:33.920+1100] {logging_mixin.py:188} INFO - [2026-01-06T14:17:33.920+1100] {dag.py:3089} INFO - Sync 1 DAGs
[2026-01-06T14:17:33.927+1100] {logging_mixin.py:188} INFO - [2026-01-06T14:17:33.927+1100] {dag.py:3947} INFO - Setting next_dagrun for example_sla_dag to 2026-01-06 03:14:00+00:00, run_after=2026-01-06 03:16:00+00:00
[2026-01-06T14:17:33.934+1100] {processor.py:183} INFO - Processing /Users/fionatham/Documents/Projects/vogue_data_pipeline/venv/lib/python3.11/site-packages/airflow/example_dags/example_sla_dag.py took 0.075 seconds
[2026-01-06T14:19:34.747+1100] {processor.py:161} INFO - Started process (PID=89931) to work on /Users/fionatham/Documents/Projects/vogue_data_pipeline/venv/lib/python3.11/site-packages/airflow/example_dags/example_sla_dag.py
[2026-01-06T14:19:34.748+1100] {processor.py:830} INFO - Processing file /Users/fionatham/Documents/Projects/vogue_data_pipeline/venv/lib/python3.11/site-packages/airflow/example_dags/example_sla_dag.py for tasks to queue
[2026-01-06T14:19:34.748+1100] {logging_mixin.py:188} INFO - [2026-01-06T14:19:34.748+1100] {dagbag.py:545} INFO - Filling up the DagBag from /Users/fionatham/Documents/Projects/vogue_data_pipeline/venv/lib/python3.11/site-packages/airflow/example_dags/example_sla_dag.py
[2026-01-06T14:19:34.767+1100] {processor.py:840} INFO - DAG(s) 'example_sla_dag' retrieved from /Users/fionatham/Documents/Projects/vogue_data_pipeline/venv/lib/python3.11/site-packages/airflow/example_dags/example_sla_dag.py
[2026-01-06T14:19:34.819+1100] {logging_mixin.py:188} INFO - [2026-01-06T14:19:34.819+1100] {dag.py:3089} INFO - Sync 1 DAGs
[2026-01-06T14:19:34.827+1100] {logging_mixin.py:188} INFO - [2026-01-06T14:19:34.827+1100] {dag.py:3947} INFO - Setting next_dagrun for example_sla_dag to 2026-01-06 03:16:00+00:00, run_after=2026-01-06 03:18:00+00:00
[2026-01-06T14:19:34.835+1100] {processor.py:183} INFO - Processing /Users/fionatham/Documents/Projects/vogue_data_pipeline/venv/lib/python3.11/site-packages/airflow/example_dags/example_sla_dag.py took 0.089 seconds
[2026-01-06T14:21:37.593+1100] {processor.py:161} INFO - Started process (PID=90027) to work on /Users/fionatham/Documents/Projects/vogue_data_pipeline/venv/lib/python3.11/site-packages/airflow/example_dags/example_sla_dag.py
[2026-01-06T14:21:37.594+1100] {processor.py:830} INFO - Processing file /Users/fionatham/Documents/Projects/vogue_data_pipeline/venv/lib/python3.11/site-packages/airflow/example_dags/example_sla_dag.py for tasks to queue
[2026-01-06T14:21:37.595+1100] {logging_mixin.py:188} INFO - [2026-01-06T14:21:37.595+1100] {dagbag.py:545} INFO - Filling up the DagBag from /Users/fionatham/Documents/Projects/vogue_data_pipeline/venv/lib/python3.11/site-packages/airflow/example_dags/example_sla_dag.py
[2026-01-06T14:21:37.612+1100] {processor.py:840} INFO - DAG(s) 'example_sla_dag' retrieved from /Users/fionatham/Documents/Projects/vogue_data_pipeline/venv/lib/python3.11/site-packages/airflow/example_dags/example_sla_dag.py
[2026-01-06T14:21:37.653+1100] {logging_mixin.py:188} INFO - [2026-01-06T14:21:37.652+1100] {dag.py:3089} INFO - Sync 1 DAGs
[2026-01-06T14:21:37.660+1100] {logging_mixin.py:188} INFO - [2026-01-06T14:21:37.660+1100] {dag.py:3947} INFO - Setting next_dagrun for example_sla_dag to 2026-01-06 03:18:00+00:00, run_after=2026-01-06 03:20:00+00:00
[2026-01-06T14:21:37.667+1100] {processor.py:183} INFO - Processing /Users/fionatham/Documents/Projects/vogue_data_pipeline/venv/lib/python3.11/site-packages/airflow/example_dags/example_sla_dag.py took 0.075 seconds
[2026-01-06T14:23:29.071+1100] {processor.py:161} INFO - Started process (PID=90118) to work on /Users/fionatham/Documents/Projects/vogue_data_pipeline/venv/lib/python3.11/site-packages/airflow/example_dags/example_sla_dag.py
[2026-01-06T14:23:29.072+1100] {processor.py:830} INFO - Processing file /Users/fionatham/Documents/Projects/vogue_data_pipeline/venv/lib/python3.11/site-packages/airflow/example_dags/example_sla_dag.py for tasks to queue
[2026-01-06T14:23:29.072+1100] {logging_mixin.py:188} INFO - [2026-01-06T14:23:29.072+1100] {dagbag.py:545} INFO - Filling up the DagBag from /Users/fionatham/Documents/Projects/vogue_data_pipeline/venv/lib/python3.11/site-packages/airflow/example_dags/example_sla_dag.py
[2026-01-06T14:23:29.091+1100] {processor.py:840} INFO - DAG(s) 'example_sla_dag' retrieved from /Users/fionatham/Documents/Projects/vogue_data_pipeline/venv/lib/python3.11/site-packages/airflow/example_dags/example_sla_dag.py
[2026-01-06T14:23:29.135+1100] {logging_mixin.py:188} INFO - [2026-01-06T14:23:29.135+1100] {dag.py:3089} INFO - Sync 1 DAGs
[2026-01-06T14:23:29.144+1100] {logging_mixin.py:188} INFO - [2026-01-06T14:23:29.144+1100] {dag.py:3947} INFO - Setting next_dagrun for example_sla_dag to 2026-01-06 03:20:00+00:00, run_after=2026-01-06 03:22:00+00:00
[2026-01-06T14:23:29.153+1100] {processor.py:183} INFO - Processing /Users/fionatham/Documents/Projects/vogue_data_pipeline/venv/lib/python3.11/site-packages/airflow/example_dags/example_sla_dag.py took 0.084 seconds
[2026-01-06T14:25:17.498+1100] {processor.py:161} INFO - Started process (PID=90390) to work on /Users/fionatham/Documents/Projects/vogue_data_pipeline/venv/lib/python3.11/site-packages/airflow/example_dags/example_sla_dag.py
[2026-01-06T14:25:17.498+1100] {processor.py:830} INFO - Processing file /Users/fionatham/Documents/Projects/vogue_data_pipeline/venv/lib/python3.11/site-packages/airflow/example_dags/example_sla_dag.py for tasks to queue
[2026-01-06T14:25:17.498+1100] {logging_mixin.py:188} INFO - [2026-01-06T14:25:17.498+1100] {dagbag.py:545} INFO - Filling up the DagBag from /Users/fionatham/Documents/Projects/vogue_data_pipeline/venv/lib/python3.11/site-packages/airflow/example_dags/example_sla_dag.py
[2026-01-06T14:25:17.515+1100] {processor.py:840} INFO - DAG(s) 'example_sla_dag' retrieved from /Users/fionatham/Documents/Projects/vogue_data_pipeline/venv/lib/python3.11/site-packages/airflow/example_dags/example_sla_dag.py
[2026-01-06T14:25:17.556+1100] {logging_mixin.py:188} INFO - [2026-01-06T14:25:17.556+1100] {dag.py:3089} INFO - Sync 1 DAGs
[2026-01-06T14:25:17.563+1100] {logging_mixin.py:188} INFO - [2026-01-06T14:25:17.563+1100] {dag.py:3947} INFO - Setting next_dagrun for example_sla_dag to 2026-01-06 03:22:00+00:00, run_after=2026-01-06 03:24:00+00:00
[2026-01-06T14:25:17.572+1100] {processor.py:183} INFO - Processing /Users/fionatham/Documents/Projects/vogue_data_pipeline/venv/lib/python3.11/site-packages/airflow/example_dags/example_sla_dag.py took 0.075 seconds
[2026-01-06T14:27:16.799+1100] {processor.py:161} INFO - Started process (PID=90685) to work on /Users/fionatham/Documents/Projects/vogue_data_pipeline/venv/lib/python3.11/site-packages/airflow/example_dags/example_sla_dag.py
[2026-01-06T14:27:16.800+1100] {processor.py:830} INFO - Processing file /Users/fionatham/Documents/Projects/vogue_data_pipeline/venv/lib/python3.11/site-packages/airflow/example_dags/example_sla_dag.py for tasks to queue
[2026-01-06T14:27:16.800+1100] {logging_mixin.py:188} INFO - [2026-01-06T14:27:16.800+1100] {dagbag.py:545} INFO - Filling up the DagBag from /Users/fionatham/Documents/Projects/vogue_data_pipeline/venv/lib/python3.11/site-packages/airflow/example_dags/example_sla_dag.py
[2026-01-06T14:27:16.817+1100] {processor.py:840} INFO - DAG(s) 'example_sla_dag' retrieved from /Users/fionatham/Documents/Projects/vogue_data_pipeline/venv/lib/python3.11/site-packages/airflow/example_dags/example_sla_dag.py
[2026-01-06T14:27:16.861+1100] {logging_mixin.py:188} INFO - [2026-01-06T14:27:16.861+1100] {dag.py:3089} INFO - Sync 1 DAGs
[2026-01-06T14:27:16.869+1100] {logging_mixin.py:188} INFO - [2026-01-06T14:27:16.869+1100] {dag.py:3947} INFO - Setting next_dagrun for example_sla_dag to 2026-01-06 03:24:00+00:00, run_after=2026-01-06 03:26:00+00:00
[2026-01-06T14:27:16.877+1100] {processor.py:183} INFO - Processing /Users/fionatham/Documents/Projects/vogue_data_pipeline/venv/lib/python3.11/site-packages/airflow/example_dags/example_sla_dag.py took 0.080 seconds
[2026-01-06T14:29:13.442+1100] {processor.py:161} INFO - Started process (PID=91047) to work on /Users/fionatham/Documents/Projects/vogue_data_pipeline/venv/lib/python3.11/site-packages/airflow/example_dags/example_sla_dag.py
[2026-01-06T14:29:13.443+1100] {processor.py:830} INFO - Processing file /Users/fionatham/Documents/Projects/vogue_data_pipeline/venv/lib/python3.11/site-packages/airflow/example_dags/example_sla_dag.py for tasks to queue
[2026-01-06T14:29:13.443+1100] {logging_mixin.py:188} INFO - [2026-01-06T14:29:13.443+1100] {dagbag.py:545} INFO - Filling up the DagBag from /Users/fionatham/Documents/Projects/vogue_data_pipeline/venv/lib/python3.11/site-packages/airflow/example_dags/example_sla_dag.py
[2026-01-06T14:29:13.461+1100] {processor.py:840} INFO - DAG(s) 'example_sla_dag' retrieved from /Users/fionatham/Documents/Projects/vogue_data_pipeline/venv/lib/python3.11/site-packages/airflow/example_dags/example_sla_dag.py
[2026-01-06T14:29:13.503+1100] {logging_mixin.py:188} INFO - [2026-01-06T14:29:13.503+1100] {dag.py:3089} INFO - Sync 1 DAGs
[2026-01-06T14:29:13.514+1100] {logging_mixin.py:188} INFO - [2026-01-06T14:29:13.514+1100] {dag.py:3947} INFO - Setting next_dagrun for example_sla_dag to 2026-01-06 03:26:00+00:00, run_after=2026-01-06 03:28:00+00:00
[2026-01-06T14:29:13.523+1100] {processor.py:183} INFO - Processing /Users/fionatham/Documents/Projects/vogue_data_pipeline/venv/lib/python3.11/site-packages/airflow/example_dags/example_sla_dag.py took 0.082 seconds
[2026-01-06T14:30:18.089+1100] {processor.py:161} INFO - Started process (PID=91453) to work on /Users/fionatham/Documents/Projects/vogue_data_pipeline/venv/lib/python3.11/site-packages/airflow/example_dags/example_sla_dag.py
[2026-01-06T14:30:18.090+1100] {processor.py:830} INFO - Processing file /Users/fionatham/Documents/Projects/vogue_data_pipeline/venv/lib/python3.11/site-packages/airflow/example_dags/example_sla_dag.py for tasks to queue
[2026-01-06T14:30:18.090+1100] {logging_mixin.py:188} INFO - [2026-01-06T14:30:18.090+1100] {dagbag.py:545} INFO - Filling up the DagBag from /Users/fionatham/Documents/Projects/vogue_data_pipeline/venv/lib/python3.11/site-packages/airflow/example_dags/example_sla_dag.py
[2026-01-06T14:30:18.107+1100] {processor.py:840} INFO - DAG(s) 'example_sla_dag' retrieved from /Users/fionatham/Documents/Projects/vogue_data_pipeline/venv/lib/python3.11/site-packages/airflow/example_dags/example_sla_dag.py
[2026-01-06T14:30:18.152+1100] {logging_mixin.py:188} INFO - [2026-01-06T14:30:18.152+1100] {dag.py:3089} INFO - Sync 1 DAGs
[2026-01-06T14:30:18.160+1100] {logging_mixin.py:188} INFO - [2026-01-06T14:30:18.159+1100] {dag.py:3947} INFO - Setting next_dagrun for example_sla_dag to 2026-01-06 03:28:00+00:00, run_after=2026-01-06 03:30:00+00:00
[2026-01-06T14:30:18.167+1100] {processor.py:183} INFO - Processing /Users/fionatham/Documents/Projects/vogue_data_pipeline/venv/lib/python3.11/site-packages/airflow/example_dags/example_sla_dag.py took 0.080 seconds
[2026-01-06T14:32:14.799+1100] {processor.py:161} INFO - Started process (PID=92088) to work on /Users/fionatham/Documents/Projects/vogue_data_pipeline/venv/lib/python3.11/site-packages/airflow/example_dags/example_sla_dag.py
[2026-01-06T14:32:14.801+1100] {processor.py:830} INFO - Processing file /Users/fionatham/Documents/Projects/vogue_data_pipeline/venv/lib/python3.11/site-packages/airflow/example_dags/example_sla_dag.py for tasks to queue
[2026-01-06T14:32:14.801+1100] {logging_mixin.py:188} INFO - [2026-01-06T14:32:14.801+1100] {dagbag.py:545} INFO - Filling up the DagBag from /Users/fionatham/Documents/Projects/vogue_data_pipeline/venv/lib/python3.11/site-packages/airflow/example_dags/example_sla_dag.py
[2026-01-06T14:32:14.819+1100] {processor.py:840} INFO - DAG(s) 'example_sla_dag' retrieved from /Users/fionatham/Documents/Projects/vogue_data_pipeline/venv/lib/python3.11/site-packages/airflow/example_dags/example_sla_dag.py
[2026-01-06T14:32:14.863+1100] {logging_mixin.py:188} INFO - [2026-01-06T14:32:14.863+1100] {dag.py:3089} INFO - Sync 1 DAGs
[2026-01-06T14:32:14.872+1100] {logging_mixin.py:188} INFO - [2026-01-06T14:32:14.872+1100] {dag.py:3947} INFO - Setting next_dagrun for example_sla_dag to 2026-01-06 03:30:00+00:00, run_after=2026-01-06 03:32:00+00:00
[2026-01-06T14:32:14.881+1100] {processor.py:183} INFO - Processing /Users/fionatham/Documents/Projects/vogue_data_pipeline/venv/lib/python3.11/site-packages/airflow/example_dags/example_sla_dag.py took 0.083 seconds
[2026-01-06T14:33:18.303+1100] {processor.py:161} INFO - Started process (PID=92194) to work on /Users/fionatham/Documents/Projects/vogue_data_pipeline/venv/lib/python3.11/site-packages/airflow/example_dags/example_sla_dag.py
[2026-01-06T14:33:18.303+1100] {processor.py:830} INFO - Processing file /Users/fionatham/Documents/Projects/vogue_data_pipeline/venv/lib/python3.11/site-packages/airflow/example_dags/example_sla_dag.py for tasks to queue
[2026-01-06T14:33:18.304+1100] {logging_mixin.py:188} INFO - [2026-01-06T14:33:18.304+1100] {dagbag.py:545} INFO - Filling up the DagBag from /Users/fionatham/Documents/Projects/vogue_data_pipeline/venv/lib/python3.11/site-packages/airflow/example_dags/example_sla_dag.py
[2026-01-06T14:33:18.321+1100] {processor.py:840} INFO - DAG(s) 'example_sla_dag' retrieved from /Users/fionatham/Documents/Projects/vogue_data_pipeline/venv/lib/python3.11/site-packages/airflow/example_dags/example_sla_dag.py
[2026-01-06T14:33:18.367+1100] {logging_mixin.py:188} INFO - [2026-01-06T14:33:18.367+1100] {dag.py:3089} INFO - Sync 1 DAGs
[2026-01-06T14:33:18.378+1100] {logging_mixin.py:188} INFO - [2026-01-06T14:33:18.378+1100] {dag.py:3947} INFO - Setting next_dagrun for example_sla_dag to 2026-01-06 03:30:00+00:00, run_after=2026-01-06 03:32:00+00:00
[2026-01-06T14:33:18.392+1100] {processor.py:183} INFO - Processing /Users/fionatham/Documents/Projects/vogue_data_pipeline/venv/lib/python3.11/site-packages/airflow/example_dags/example_sla_dag.py took 0.091 seconds
[2026-01-06T14:35:12.699+1100] {processor.py:161} INFO - Started process (PID=92467) to work on /Users/fionatham/Documents/Projects/vogue_data_pipeline/venv/lib/python3.11/site-packages/airflow/example_dags/example_sla_dag.py
[2026-01-06T14:35:12.699+1100] {processor.py:830} INFO - Processing file /Users/fionatham/Documents/Projects/vogue_data_pipeline/venv/lib/python3.11/site-packages/airflow/example_dags/example_sla_dag.py for tasks to queue
[2026-01-06T14:35:12.700+1100] {logging_mixin.py:188} INFO - [2026-01-06T14:35:12.700+1100] {dagbag.py:545} INFO - Filling up the DagBag from /Users/fionatham/Documents/Projects/vogue_data_pipeline/venv/lib/python3.11/site-packages/airflow/example_dags/example_sla_dag.py
[2026-01-06T14:35:12.717+1100] {processor.py:840} INFO - DAG(s) 'example_sla_dag' retrieved from /Users/fionatham/Documents/Projects/vogue_data_pipeline/venv/lib/python3.11/site-packages/airflow/example_dags/example_sla_dag.py
[2026-01-06T14:35:12.760+1100] {logging_mixin.py:188} INFO - [2026-01-06T14:35:12.760+1100] {dag.py:3089} INFO - Sync 1 DAGs
[2026-01-06T14:35:12.769+1100] {logging_mixin.py:188} INFO - [2026-01-06T14:35:12.769+1100] {dag.py:3947} INFO - Setting next_dagrun for example_sla_dag to 2026-01-06 03:32:00+00:00, run_after=2026-01-06 03:34:00+00:00
[2026-01-06T14:35:12.776+1100] {processor.py:183} INFO - Processing /Users/fionatham/Documents/Projects/vogue_data_pipeline/venv/lib/python3.11/site-packages/airflow/example_dags/example_sla_dag.py took 0.079 seconds
[2026-01-06T14:37:14.320+1100] {processor.py:161} INFO - Started process (PID=92687) to work on /Users/fionatham/Documents/Projects/vogue_data_pipeline/venv/lib/python3.11/site-packages/airflow/example_dags/example_sla_dag.py
[2026-01-06T14:37:14.321+1100] {processor.py:830} INFO - Processing file /Users/fionatham/Documents/Projects/vogue_data_pipeline/venv/lib/python3.11/site-packages/airflow/example_dags/example_sla_dag.py for tasks to queue
[2026-01-06T14:37:14.321+1100] {logging_mixin.py:188} INFO - [2026-01-06T14:37:14.321+1100] {dagbag.py:545} INFO - Filling up the DagBag from /Users/fionatham/Documents/Projects/vogue_data_pipeline/venv/lib/python3.11/site-packages/airflow/example_dags/example_sla_dag.py
[2026-01-06T14:37:14.340+1100] {processor.py:840} INFO - DAG(s) 'example_sla_dag' retrieved from /Users/fionatham/Documents/Projects/vogue_data_pipeline/venv/lib/python3.11/site-packages/airflow/example_dags/example_sla_dag.py
[2026-01-06T14:37:14.390+1100] {logging_mixin.py:188} INFO - [2026-01-06T14:37:14.390+1100] {dag.py:3089} INFO - Sync 1 DAGs
[2026-01-06T14:37:14.402+1100] {logging_mixin.py:188} INFO - [2026-01-06T14:37:14.402+1100] {dag.py:3947} INFO - Setting next_dagrun for example_sla_dag to 2026-01-06 03:34:00+00:00, run_after=2026-01-06 03:36:00+00:00
[2026-01-06T14:37:14.413+1100] {processor.py:183} INFO - Processing /Users/fionatham/Documents/Projects/vogue_data_pipeline/venv/lib/python3.11/site-packages/airflow/example_dags/example_sla_dag.py took 0.094 seconds
[2026-01-06T14:39:15.987+1100] {processor.py:161} INFO - Started process (PID=92887) to work on /Users/fionatham/Documents/Projects/vogue_data_pipeline/venv/lib/python3.11/site-packages/airflow/example_dags/example_sla_dag.py
[2026-01-06T14:39:15.988+1100] {processor.py:830} INFO - Processing file /Users/fionatham/Documents/Projects/vogue_data_pipeline/venv/lib/python3.11/site-packages/airflow/example_dags/example_sla_dag.py for tasks to queue
[2026-01-06T14:39:15.989+1100] {logging_mixin.py:188} INFO - [2026-01-06T14:39:15.989+1100] {dagbag.py:545} INFO - Filling up the DagBag from /Users/fionatham/Documents/Projects/vogue_data_pipeline/venv/lib/python3.11/site-packages/airflow/example_dags/example_sla_dag.py
[2026-01-06T14:39:16.005+1100] {processor.py:840} INFO - DAG(s) 'example_sla_dag' retrieved from /Users/fionatham/Documents/Projects/vogue_data_pipeline/venv/lib/python3.11/site-packages/airflow/example_dags/example_sla_dag.py
[2026-01-06T14:39:16.052+1100] {logging_mixin.py:188} INFO - [2026-01-06T14:39:16.052+1100] {dag.py:3089} INFO - Sync 1 DAGs
[2026-01-06T14:39:16.061+1100] {logging_mixin.py:188} INFO - [2026-01-06T14:39:16.061+1100] {dag.py:3947} INFO - Setting next_dagrun for example_sla_dag to 2026-01-06 03:36:00+00:00, run_after=2026-01-06 03:38:00+00:00
[2026-01-06T14:39:16.069+1100] {processor.py:183} INFO - Processing /Users/fionatham/Documents/Projects/vogue_data_pipeline/venv/lib/python3.11/site-packages/airflow/example_dags/example_sla_dag.py took 0.083 seconds
[2026-01-06T14:41:05.851+1100] {processor.py:161} INFO - Started process (PID=92961) to work on /Users/fionatham/Documents/Projects/vogue_data_pipeline/venv/lib/python3.11/site-packages/airflow/example_dags/example_sla_dag.py
[2026-01-06T14:41:05.852+1100] {processor.py:830} INFO - Processing file /Users/fionatham/Documents/Projects/vogue_data_pipeline/venv/lib/python3.11/site-packages/airflow/example_dags/example_sla_dag.py for tasks to queue
[2026-01-06T14:41:05.852+1100] {logging_mixin.py:188} INFO - [2026-01-06T14:41:05.852+1100] {dagbag.py:545} INFO - Filling up the DagBag from /Users/fionatham/Documents/Projects/vogue_data_pipeline/venv/lib/python3.11/site-packages/airflow/example_dags/example_sla_dag.py
[2026-01-06T14:41:05.870+1100] {processor.py:840} INFO - DAG(s) 'example_sla_dag' retrieved from /Users/fionatham/Documents/Projects/vogue_data_pipeline/venv/lib/python3.11/site-packages/airflow/example_dags/example_sla_dag.py
[2026-01-06T14:41:05.915+1100] {logging_mixin.py:188} INFO - [2026-01-06T14:41:05.915+1100] {dag.py:3089} INFO - Sync 1 DAGs
[2026-01-06T14:41:05.922+1100] {logging_mixin.py:188} INFO - [2026-01-06T14:41:05.922+1100] {dag.py:3947} INFO - Setting next_dagrun for example_sla_dag to 2026-01-06 03:38:00+00:00, run_after=2026-01-06 03:40:00+00:00
[2026-01-06T14:41:05.930+1100] {processor.py:183} INFO - Processing /Users/fionatham/Documents/Projects/vogue_data_pipeline/venv/lib/python3.11/site-packages/airflow/example_dags/example_sla_dag.py took 0.080 seconds
[2026-01-06T14:43:02.104+1100] {processor.py:161} INFO - Started process (PID=93041) to work on /Users/fionatham/Documents/Projects/vogue_data_pipeline/venv/lib/python3.11/site-packages/airflow/example_dags/example_sla_dag.py
[2026-01-06T14:43:02.104+1100] {processor.py:830} INFO - Processing file /Users/fionatham/Documents/Projects/vogue_data_pipeline/venv/lib/python3.11/site-packages/airflow/example_dags/example_sla_dag.py for tasks to queue
[2026-01-06T14:43:02.105+1100] {logging_mixin.py:188} INFO - [2026-01-06T14:43:02.104+1100] {dagbag.py:545} INFO - Filling up the DagBag from /Users/fionatham/Documents/Projects/vogue_data_pipeline/venv/lib/python3.11/site-packages/airflow/example_dags/example_sla_dag.py
[2026-01-06T14:43:02.121+1100] {processor.py:840} INFO - DAG(s) 'example_sla_dag' retrieved from /Users/fionatham/Documents/Projects/vogue_data_pipeline/venv/lib/python3.11/site-packages/airflow/example_dags/example_sla_dag.py
[2026-01-06T14:43:02.161+1100] {logging_mixin.py:188} INFO - [2026-01-06T14:43:02.161+1100] {dag.py:3089} INFO - Sync 1 DAGs
[2026-01-06T14:43:02.169+1100] {logging_mixin.py:188} INFO - [2026-01-06T14:43:02.169+1100] {dag.py:3947} INFO - Setting next_dagrun for example_sla_dag to 2026-01-06 03:40:00+00:00, run_after=2026-01-06 03:42:00+00:00
[2026-01-06T14:43:02.176+1100] {processor.py:183} INFO - Processing /Users/fionatham/Documents/Projects/vogue_data_pipeline/venv/lib/python3.11/site-packages/airflow/example_dags/example_sla_dag.py took 0.073 seconds
[2026-01-06T14:45:02.503+1100] {processor.py:161} INFO - Started process (PID=93120) to work on /Users/fionatham/Documents/Projects/vogue_data_pipeline/venv/lib/python3.11/site-packages/airflow/example_dags/example_sla_dag.py
[2026-01-06T14:45:02.505+1100] {processor.py:830} INFO - Processing file /Users/fionatham/Documents/Projects/vogue_data_pipeline/venv/lib/python3.11/site-packages/airflow/example_dags/example_sla_dag.py for tasks to queue
[2026-01-06T14:45:02.505+1100] {logging_mixin.py:188} INFO - [2026-01-06T14:45:02.505+1100] {dagbag.py:545} INFO - Filling up the DagBag from /Users/fionatham/Documents/Projects/vogue_data_pipeline/venv/lib/python3.11/site-packages/airflow/example_dags/example_sla_dag.py
[2026-01-06T14:45:02.521+1100] {processor.py:840} INFO - DAG(s) 'example_sla_dag' retrieved from /Users/fionatham/Documents/Projects/vogue_data_pipeline/venv/lib/python3.11/site-packages/airflow/example_dags/example_sla_dag.py
[2026-01-06T14:45:02.562+1100] {logging_mixin.py:188} INFO - [2026-01-06T14:45:02.562+1100] {dag.py:3089} INFO - Sync 1 DAGs
[2026-01-06T14:45:02.571+1100] {logging_mixin.py:188} INFO - [2026-01-06T14:45:02.570+1100] {dag.py:3947} INFO - Setting next_dagrun for example_sla_dag to 2026-01-06 03:42:00+00:00, run_after=2026-01-06 03:44:00+00:00
[2026-01-06T14:45:02.577+1100] {processor.py:183} INFO - Processing /Users/fionatham/Documents/Projects/vogue_data_pipeline/venv/lib/python3.11/site-packages/airflow/example_dags/example_sla_dag.py took 0.075 seconds
[2026-01-06T14:46:54.402+1100] {processor.py:161} INFO - Started process (PID=93208) to work on /Users/fionatham/Documents/Projects/vogue_data_pipeline/venv/lib/python3.11/site-packages/airflow/example_dags/example_sla_dag.py
[2026-01-06T14:46:54.403+1100] {processor.py:830} INFO - Processing file /Users/fionatham/Documents/Projects/vogue_data_pipeline/venv/lib/python3.11/site-packages/airflow/example_dags/example_sla_dag.py for tasks to queue
[2026-01-06T14:46:54.403+1100] {logging_mixin.py:188} INFO - [2026-01-06T14:46:54.403+1100] {dagbag.py:545} INFO - Filling up the DagBag from /Users/fionatham/Documents/Projects/vogue_data_pipeline/venv/lib/python3.11/site-packages/airflow/example_dags/example_sla_dag.py
[2026-01-06T14:46:54.420+1100] {processor.py:840} INFO - DAG(s) 'example_sla_dag' retrieved from /Users/fionatham/Documents/Projects/vogue_data_pipeline/venv/lib/python3.11/site-packages/airflow/example_dags/example_sla_dag.py
[2026-01-06T14:46:54.463+1100] {logging_mixin.py:188} INFO - [2026-01-06T14:46:54.463+1100] {dag.py:3089} INFO - Sync 1 DAGs
[2026-01-06T14:46:54.471+1100] {logging_mixin.py:188} INFO - [2026-01-06T14:46:54.470+1100] {dag.py:3947} INFO - Setting next_dagrun for example_sla_dag to 2026-01-06 03:44:00+00:00, run_after=2026-01-06 03:46:00+00:00
[2026-01-06T14:46:54.479+1100] {processor.py:183} INFO - Processing /Users/fionatham/Documents/Projects/vogue_data_pipeline/venv/lib/python3.11/site-packages/airflow/example_dags/example_sla_dag.py took 0.078 seconds
[2026-01-06T14:48:54.682+1100] {processor.py:161} INFO - Started process (PID=93290) to work on /Users/fionatham/Documents/Projects/vogue_data_pipeline/venv/lib/python3.11/site-packages/airflow/example_dags/example_sla_dag.py
[2026-01-06T14:48:54.684+1100] {processor.py:830} INFO - Processing file /Users/fionatham/Documents/Projects/vogue_data_pipeline/venv/lib/python3.11/site-packages/airflow/example_dags/example_sla_dag.py for tasks to queue
[2026-01-06T14:48:54.684+1100] {logging_mixin.py:188} INFO - [2026-01-06T14:48:54.684+1100] {dagbag.py:545} INFO - Filling up the DagBag from /Users/fionatham/Documents/Projects/vogue_data_pipeline/venv/lib/python3.11/site-packages/airflow/example_dags/example_sla_dag.py
[2026-01-06T14:48:54.701+1100] {processor.py:840} INFO - DAG(s) 'example_sla_dag' retrieved from /Users/fionatham/Documents/Projects/vogue_data_pipeline/venv/lib/python3.11/site-packages/airflow/example_dags/example_sla_dag.py
[2026-01-06T14:48:54.743+1100] {logging_mixin.py:188} INFO - [2026-01-06T14:48:54.743+1100] {dag.py:3089} INFO - Sync 1 DAGs
[2026-01-06T14:48:54.751+1100] {logging_mixin.py:188} INFO - [2026-01-06T14:48:54.751+1100] {dag.py:3947} INFO - Setting next_dagrun for example_sla_dag to 2026-01-06 03:46:00+00:00, run_after=2026-01-06 03:48:00+00:00
[2026-01-06T14:48:54.758+1100] {processor.py:183} INFO - Processing /Users/fionatham/Documents/Projects/vogue_data_pipeline/venv/lib/python3.11/site-packages/airflow/example_dags/example_sla_dag.py took 0.077 seconds
[2026-01-06T14:50:50.862+1100] {processor.py:161} INFO - Started process (PID=93386) to work on /Users/fionatham/Documents/Projects/vogue_data_pipeline/venv/lib/python3.11/site-packages/airflow/example_dags/example_sla_dag.py
[2026-01-06T14:50:50.863+1100] {processor.py:830} INFO - Processing file /Users/fionatham/Documents/Projects/vogue_data_pipeline/venv/lib/python3.11/site-packages/airflow/example_dags/example_sla_dag.py for tasks to queue
[2026-01-06T14:50:50.863+1100] {logging_mixin.py:188} INFO - [2026-01-06T14:50:50.863+1100] {dagbag.py:545} INFO - Filling up the DagBag from /Users/fionatham/Documents/Projects/vogue_data_pipeline/venv/lib/python3.11/site-packages/airflow/example_dags/example_sla_dag.py
[2026-01-06T14:50:50.880+1100] {processor.py:840} INFO - DAG(s) 'example_sla_dag' retrieved from /Users/fionatham/Documents/Projects/vogue_data_pipeline/venv/lib/python3.11/site-packages/airflow/example_dags/example_sla_dag.py
[2026-01-06T14:50:50.929+1100] {logging_mixin.py:188} INFO - [2026-01-06T14:50:50.929+1100] {dag.py:3089} INFO - Sync 1 DAGs
[2026-01-06T14:50:50.939+1100] {logging_mixin.py:188} INFO - [2026-01-06T14:50:50.939+1100] {dag.py:3947} INFO - Setting next_dagrun for example_sla_dag to 2026-01-06 03:48:00+00:00, run_after=2026-01-06 03:50:00+00:00
[2026-01-06T14:50:50.949+1100] {processor.py:183} INFO - Processing /Users/fionatham/Documents/Projects/vogue_data_pipeline/venv/lib/python3.11/site-packages/airflow/example_dags/example_sla_dag.py took 0.089 seconds
[2026-01-06T14:52:43.673+1100] {processor.py:161} INFO - Started process (PID=93501) to work on /Users/fionatham/Documents/Projects/vogue_data_pipeline/venv/lib/python3.11/site-packages/airflow/example_dags/example_sla_dag.py
[2026-01-06T14:52:43.674+1100] {processor.py:830} INFO - Processing file /Users/fionatham/Documents/Projects/vogue_data_pipeline/venv/lib/python3.11/site-packages/airflow/example_dags/example_sla_dag.py for tasks to queue
[2026-01-06T14:52:43.674+1100] {logging_mixin.py:188} INFO - [2026-01-06T14:52:43.674+1100] {dagbag.py:545} INFO - Filling up the DagBag from /Users/fionatham/Documents/Projects/vogue_data_pipeline/venv/lib/python3.11/site-packages/airflow/example_dags/example_sla_dag.py
[2026-01-06T14:52:43.690+1100] {processor.py:840} INFO - DAG(s) 'example_sla_dag' retrieved from /Users/fionatham/Documents/Projects/vogue_data_pipeline/venv/lib/python3.11/site-packages/airflow/example_dags/example_sla_dag.py
[2026-01-06T14:52:43.732+1100] {logging_mixin.py:188} INFO - [2026-01-06T14:52:43.731+1100] {dag.py:3089} INFO - Sync 1 DAGs
[2026-01-06T14:52:43.739+1100] {logging_mixin.py:188} INFO - [2026-01-06T14:52:43.739+1100] {dag.py:3947} INFO - Setting next_dagrun for example_sla_dag to 2026-01-06 03:50:00+00:00, run_after=2026-01-06 03:52:00+00:00
[2026-01-06T14:52:43.746+1100] {processor.py:183} INFO - Processing /Users/fionatham/Documents/Projects/vogue_data_pipeline/venv/lib/python3.11/site-packages/airflow/example_dags/example_sla_dag.py took 0.075 seconds
[2026-01-06T14:54:41.049+1100] {processor.py:161} INFO - Started process (PID=93675) to work on /Users/fionatham/Documents/Projects/vogue_data_pipeline/venv/lib/python3.11/site-packages/airflow/example_dags/example_sla_dag.py
[2026-01-06T14:54:41.050+1100] {processor.py:830} INFO - Processing file /Users/fionatham/Documents/Projects/vogue_data_pipeline/venv/lib/python3.11/site-packages/airflow/example_dags/example_sla_dag.py for tasks to queue
[2026-01-06T14:54:41.050+1100] {logging_mixin.py:188} INFO - [2026-01-06T14:54:41.050+1100] {dagbag.py:545} INFO - Filling up the DagBag from /Users/fionatham/Documents/Projects/vogue_data_pipeline/venv/lib/python3.11/site-packages/airflow/example_dags/example_sla_dag.py
[2026-01-06T14:54:41.067+1100] {processor.py:840} INFO - DAG(s) 'example_sla_dag' retrieved from /Users/fionatham/Documents/Projects/vogue_data_pipeline/venv/lib/python3.11/site-packages/airflow/example_dags/example_sla_dag.py
[2026-01-06T14:54:41.108+1100] {logging_mixin.py:188} INFO - [2026-01-06T14:54:41.108+1100] {dag.py:3089} INFO - Sync 1 DAGs
[2026-01-06T14:54:41.115+1100] {logging_mixin.py:188} INFO - [2026-01-06T14:54:41.115+1100] {dag.py:3947} INFO - Setting next_dagrun for example_sla_dag to 2026-01-06 03:52:00+00:00, run_after=2026-01-06 03:54:00+00:00
[2026-01-06T14:54:41.122+1100] {processor.py:183} INFO - Processing /Users/fionatham/Documents/Projects/vogue_data_pipeline/venv/lib/python3.11/site-packages/airflow/example_dags/example_sla_dag.py took 0.075 seconds
[2026-01-06T14:56:39.859+1100] {processor.py:161} INFO - Started process (PID=93813) to work on /Users/fionatham/Documents/Projects/vogue_data_pipeline/venv/lib/python3.11/site-packages/airflow/example_dags/example_sla_dag.py
[2026-01-06T14:56:39.860+1100] {processor.py:830} INFO - Processing file /Users/fionatham/Documents/Projects/vogue_data_pipeline/venv/lib/python3.11/site-packages/airflow/example_dags/example_sla_dag.py for tasks to queue
[2026-01-06T14:56:39.860+1100] {logging_mixin.py:188} INFO - [2026-01-06T14:56:39.860+1100] {dagbag.py:545} INFO - Filling up the DagBag from /Users/fionatham/Documents/Projects/vogue_data_pipeline/venv/lib/python3.11/site-packages/airflow/example_dags/example_sla_dag.py
[2026-01-06T14:56:39.877+1100] {processor.py:840} INFO - DAG(s) 'example_sla_dag' retrieved from /Users/fionatham/Documents/Projects/vogue_data_pipeline/venv/lib/python3.11/site-packages/airflow/example_dags/example_sla_dag.py
[2026-01-06T14:56:39.925+1100] {logging_mixin.py:188} INFO - [2026-01-06T14:56:39.925+1100] {dag.py:3089} INFO - Sync 1 DAGs
[2026-01-06T14:56:39.934+1100] {logging_mixin.py:188} INFO - [2026-01-06T14:56:39.934+1100] {dag.py:3947} INFO - Setting next_dagrun for example_sla_dag to 2026-01-06 03:54:00+00:00, run_after=2026-01-06 03:56:00+00:00
[2026-01-06T14:56:39.941+1100] {processor.py:183} INFO - Processing /Users/fionatham/Documents/Projects/vogue_data_pipeline/venv/lib/python3.11/site-packages/airflow/example_dags/example_sla_dag.py took 0.084 seconds
[2026-01-06T14:58:34.510+1100] {processor.py:161} INFO - Started process (PID=93929) to work on /Users/fionatham/Documents/Projects/vogue_data_pipeline/venv/lib/python3.11/site-packages/airflow/example_dags/example_sla_dag.py
[2026-01-06T14:58:34.512+1100] {processor.py:830} INFO - Processing file /Users/fionatham/Documents/Projects/vogue_data_pipeline/venv/lib/python3.11/site-packages/airflow/example_dags/example_sla_dag.py for tasks to queue
[2026-01-06T14:58:34.516+1100] {logging_mixin.py:188} INFO - [2026-01-06T14:58:34.516+1100] {dagbag.py:545} INFO - Filling up the DagBag from /Users/fionatham/Documents/Projects/vogue_data_pipeline/venv/lib/python3.11/site-packages/airflow/example_dags/example_sla_dag.py
[2026-01-06T14:58:34.536+1100] {processor.py:840} INFO - DAG(s) 'example_sla_dag' retrieved from /Users/fionatham/Documents/Projects/vogue_data_pipeline/venv/lib/python3.11/site-packages/airflow/example_dags/example_sla_dag.py
[2026-01-06T14:58:34.579+1100] {logging_mixin.py:188} INFO - [2026-01-06T14:58:34.579+1100] {dag.py:3089} INFO - Sync 1 DAGs
[2026-01-06T14:58:34.586+1100] {logging_mixin.py:188} INFO - [2026-01-06T14:58:34.586+1100] {dag.py:3947} INFO - Setting next_dagrun for example_sla_dag to 2026-01-06 03:56:00+00:00, run_after=2026-01-06 03:58:00+00:00
[2026-01-06T14:58:34.594+1100] {processor.py:183} INFO - Processing /Users/fionatham/Documents/Projects/vogue_data_pipeline/venv/lib/python3.11/site-packages/airflow/example_dags/example_sla_dag.py took 0.086 seconds
[2026-01-06T15:00:34.991+1100] {processor.py:161} INFO - Started process (PID=94108) to work on /Users/fionatham/Documents/Projects/vogue_data_pipeline/venv/lib/python3.11/site-packages/airflow/example_dags/example_sla_dag.py
[2026-01-06T15:00:34.992+1100] {processor.py:830} INFO - Processing file /Users/fionatham/Documents/Projects/vogue_data_pipeline/venv/lib/python3.11/site-packages/airflow/example_dags/example_sla_dag.py for tasks to queue
[2026-01-06T15:00:34.992+1100] {logging_mixin.py:188} INFO - [2026-01-06T15:00:34.992+1100] {dagbag.py:545} INFO - Filling up the DagBag from /Users/fionatham/Documents/Projects/vogue_data_pipeline/venv/lib/python3.11/site-packages/airflow/example_dags/example_sla_dag.py
[2026-01-06T15:00:35.010+1100] {processor.py:840} INFO - DAG(s) 'example_sla_dag' retrieved from /Users/fionatham/Documents/Projects/vogue_data_pipeline/venv/lib/python3.11/site-packages/airflow/example_dags/example_sla_dag.py
[2026-01-06T15:00:35.054+1100] {logging_mixin.py:188} INFO - [2026-01-06T15:00:35.054+1100] {dag.py:3089} INFO - Sync 1 DAGs
[2026-01-06T15:00:35.063+1100] {logging_mixin.py:188} INFO - [2026-01-06T15:00:35.063+1100] {dag.py:3947} INFO - Setting next_dagrun for example_sla_dag to 2026-01-06 03:58:00+00:00, run_after=2026-01-06 04:00:00+00:00
[2026-01-06T15:00:35.071+1100] {processor.py:183} INFO - Processing /Users/fionatham/Documents/Projects/vogue_data_pipeline/venv/lib/python3.11/site-packages/airflow/example_dags/example_sla_dag.py took 0.082 seconds
[2026-01-06T15:02:35.720+1100] {processor.py:161} INFO - Started process (PID=94329) to work on /Users/fionatham/Documents/Projects/vogue_data_pipeline/venv/lib/python3.11/site-packages/airflow/example_dags/example_sla_dag.py
[2026-01-06T15:02:35.721+1100] {processor.py:830} INFO - Processing file /Users/fionatham/Documents/Projects/vogue_data_pipeline/venv/lib/python3.11/site-packages/airflow/example_dags/example_sla_dag.py for tasks to queue
[2026-01-06T15:02:35.722+1100] {logging_mixin.py:188} INFO - [2026-01-06T15:02:35.721+1100] {dagbag.py:545} INFO - Filling up the DagBag from /Users/fionatham/Documents/Projects/vogue_data_pipeline/venv/lib/python3.11/site-packages/airflow/example_dags/example_sla_dag.py
[2026-01-06T15:02:35.739+1100] {processor.py:840} INFO - DAG(s) 'example_sla_dag' retrieved from /Users/fionatham/Documents/Projects/vogue_data_pipeline/venv/lib/python3.11/site-packages/airflow/example_dags/example_sla_dag.py
[2026-01-06T15:02:35.782+1100] {logging_mixin.py:188} INFO - [2026-01-06T15:02:35.782+1100] {dag.py:3089} INFO - Sync 1 DAGs
[2026-01-06T15:02:35.789+1100] {logging_mixin.py:188} INFO - [2026-01-06T15:02:35.789+1100] {dag.py:3947} INFO - Setting next_dagrun for example_sla_dag to 2026-01-06 04:00:00+00:00, run_after=2026-01-06 04:02:00+00:00
[2026-01-06T15:02:35.800+1100] {processor.py:183} INFO - Processing /Users/fionatham/Documents/Projects/vogue_data_pipeline/venv/lib/python3.11/site-packages/airflow/example_dags/example_sla_dag.py took 0.081 seconds
[2026-01-06T15:04:36.343+1100] {processor.py:161} INFO - Started process (PID=94579) to work on /Users/fionatham/Documents/Projects/vogue_data_pipeline/venv/lib/python3.11/site-packages/airflow/example_dags/example_sla_dag.py
[2026-01-06T15:04:36.344+1100] {processor.py:830} INFO - Processing file /Users/fionatham/Documents/Projects/vogue_data_pipeline/venv/lib/python3.11/site-packages/airflow/example_dags/example_sla_dag.py for tasks to queue
[2026-01-06T15:04:36.345+1100] {logging_mixin.py:188} INFO - [2026-01-06T15:04:36.345+1100] {dagbag.py:545} INFO - Filling up the DagBag from /Users/fionatham/Documents/Projects/vogue_data_pipeline/venv/lib/python3.11/site-packages/airflow/example_dags/example_sla_dag.py
[2026-01-06T15:04:36.361+1100] {processor.py:840} INFO - DAG(s) 'example_sla_dag' retrieved from /Users/fionatham/Documents/Projects/vogue_data_pipeline/venv/lib/python3.11/site-packages/airflow/example_dags/example_sla_dag.py
[2026-01-06T15:04:36.401+1100] {logging_mixin.py:188} INFO - [2026-01-06T15:04:36.401+1100] {dag.py:3089} INFO - Sync 1 DAGs
[2026-01-06T15:04:36.409+1100] {logging_mixin.py:188} INFO - [2026-01-06T15:04:36.409+1100] {dag.py:3947} INFO - Setting next_dagrun for example_sla_dag to 2026-01-06 04:02:00+00:00, run_after=2026-01-06 04:04:00+00:00
[2026-01-06T15:04:36.416+1100] {processor.py:183} INFO - Processing /Users/fionatham/Documents/Projects/vogue_data_pipeline/venv/lib/python3.11/site-packages/airflow/example_dags/example_sla_dag.py took 0.074 seconds
[2026-01-06T15:06:35.789+1100] {processor.py:161} INFO - Started process (PID=94702) to work on /Users/fionatham/Documents/Projects/vogue_data_pipeline/venv/lib/python3.11/site-packages/airflow/example_dags/example_sla_dag.py
[2026-01-06T15:06:35.790+1100] {processor.py:830} INFO - Processing file /Users/fionatham/Documents/Projects/vogue_data_pipeline/venv/lib/python3.11/site-packages/airflow/example_dags/example_sla_dag.py for tasks to queue
[2026-01-06T15:06:35.790+1100] {logging_mixin.py:188} INFO - [2026-01-06T15:06:35.790+1100] {dagbag.py:545} INFO - Filling up the DagBag from /Users/fionatham/Documents/Projects/vogue_data_pipeline/venv/lib/python3.11/site-packages/airflow/example_dags/example_sla_dag.py
[2026-01-06T15:06:35.807+1100] {processor.py:840} INFO - DAG(s) 'example_sla_dag' retrieved from /Users/fionatham/Documents/Projects/vogue_data_pipeline/venv/lib/python3.11/site-packages/airflow/example_dags/example_sla_dag.py
[2026-01-06T15:06:35.849+1100] {logging_mixin.py:188} INFO - [2026-01-06T15:06:35.849+1100] {dag.py:3089} INFO - Sync 1 DAGs
[2026-01-06T15:06:35.856+1100] {logging_mixin.py:188} INFO - [2026-01-06T15:06:35.856+1100] {dag.py:3947} INFO - Setting next_dagrun for example_sla_dag to 2026-01-06 04:04:00+00:00, run_after=2026-01-06 04:06:00+00:00
[2026-01-06T15:06:35.863+1100] {processor.py:183} INFO - Processing /Users/fionatham/Documents/Projects/vogue_data_pipeline/venv/lib/python3.11/site-packages/airflow/example_dags/example_sla_dag.py took 0.076 seconds
[2026-01-06T15:12:32.600+1100] {processor.py:161} INFO - Started process (PID=95255) to work on /Users/fionatham/Documents/Projects/vogue_data_pipeline/venv/lib/python3.11/site-packages/airflow/example_dags/example_sla_dag.py
[2026-01-06T15:12:32.601+1100] {processor.py:830} INFO - Processing file /Users/fionatham/Documents/Projects/vogue_data_pipeline/venv/lib/python3.11/site-packages/airflow/example_dags/example_sla_dag.py for tasks to queue
[2026-01-06T15:12:32.604+1100] {logging_mixin.py:188} INFO - [2026-01-06T15:12:32.604+1100] {dagbag.py:545} INFO - Filling up the DagBag from /Users/fionatham/Documents/Projects/vogue_data_pipeline/venv/lib/python3.11/site-packages/airflow/example_dags/example_sla_dag.py
[2026-01-06T15:12:32.623+1100] {processor.py:840} INFO - DAG(s) 'example_sla_dag' retrieved from /Users/fionatham/Documents/Projects/vogue_data_pipeline/venv/lib/python3.11/site-packages/airflow/example_dags/example_sla_dag.py
[2026-01-06T15:12:32.668+1100] {logging_mixin.py:188} INFO - [2026-01-06T15:12:32.668+1100] {dag.py:3089} INFO - Sync 1 DAGs
[2026-01-06T15:12:32.677+1100] {logging_mixin.py:188} INFO - [2026-01-06T15:12:32.677+1100] {dag.py:3947} INFO - Setting next_dagrun for example_sla_dag to 2026-01-06 04:10:00+00:00, run_after=2026-01-06 04:12:00+00:00
[2026-01-06T15:12:32.685+1100] {processor.py:183} INFO - Processing /Users/fionatham/Documents/Projects/vogue_data_pipeline/venv/lib/python3.11/site-packages/airflow/example_dags/example_sla_dag.py took 0.087 seconds
[2026-01-06T15:14:05.091+1100] {processor.py:161} INFO - Started process (PID=95369) to work on /Users/fionatham/Documents/Projects/vogue_data_pipeline/venv/lib/python3.11/site-packages/airflow/example_dags/example_sla_dag.py
[2026-01-06T15:14:05.092+1100] {processor.py:830} INFO - Processing file /Users/fionatham/Documents/Projects/vogue_data_pipeline/venv/lib/python3.11/site-packages/airflow/example_dags/example_sla_dag.py for tasks to queue
[2026-01-06T15:14:05.093+1100] {logging_mixin.py:188} INFO - [2026-01-06T15:14:05.092+1100] {dagbag.py:545} INFO - Filling up the DagBag from /Users/fionatham/Documents/Projects/vogue_data_pipeline/venv/lib/python3.11/site-packages/airflow/example_dags/example_sla_dag.py
[2026-01-06T15:14:05.110+1100] {processor.py:840} INFO - DAG(s) 'example_sla_dag' retrieved from /Users/fionatham/Documents/Projects/vogue_data_pipeline/venv/lib/python3.11/site-packages/airflow/example_dags/example_sla_dag.py
[2026-01-06T15:14:05.151+1100] {logging_mixin.py:188} INFO - [2026-01-06T15:14:05.151+1100] {dag.py:3089} INFO - Sync 1 DAGs
[2026-01-06T15:14:05.159+1100] {logging_mixin.py:188} INFO - [2026-01-06T15:14:05.159+1100] {dag.py:3947} INFO - Setting next_dagrun for example_sla_dag to 2026-01-06 04:12:00+00:00, run_after=2026-01-06 04:14:00+00:00
[2026-01-06T15:14:05.166+1100] {processor.py:183} INFO - Processing /Users/fionatham/Documents/Projects/vogue_data_pipeline/venv/lib/python3.11/site-packages/airflow/example_dags/example_sla_dag.py took 0.076 seconds
[2026-01-06T17:47:08.557+1100] {processor.py:161} INFO - Started process (PID=95575) to work on /Users/fionatham/Documents/Projects/vogue_data_pipeline/venv/lib/python3.11/site-packages/airflow/example_dags/example_sla_dag.py
[2026-01-06T17:47:08.559+1100] {processor.py:830} INFO - Processing file /Users/fionatham/Documents/Projects/vogue_data_pipeline/venv/lib/python3.11/site-packages/airflow/example_dags/example_sla_dag.py for tasks to queue
[2026-01-06T17:47:08.559+1100] {logging_mixin.py:188} INFO - [2026-01-06T17:47:08.559+1100] {dagbag.py:545} INFO - Filling up the DagBag from /Users/fionatham/Documents/Projects/vogue_data_pipeline/venv/lib/python3.11/site-packages/airflow/example_dags/example_sla_dag.py
[2026-01-06T17:47:08.575+1100] {processor.py:840} INFO - DAG(s) 'example_sla_dag' retrieved from /Users/fionatham/Documents/Projects/vogue_data_pipeline/venv/lib/python3.11/site-packages/airflow/example_dags/example_sla_dag.py
[2026-01-06T17:47:08.621+1100] {logging_mixin.py:188} INFO - [2026-01-06T17:47:08.621+1100] {dag.py:3089} INFO - Sync 1 DAGs
[2026-01-06T17:47:08.630+1100] {logging_mixin.py:188} INFO - [2026-01-06T17:47:08.630+1100] {dag.py:3947} INFO - Setting next_dagrun for example_sla_dag to 2026-01-06 06:44:00+00:00, run_after=2026-01-06 06:46:00+00:00
[2026-01-06T17:47:08.637+1100] {processor.py:183} INFO - Processing /Users/fionatham/Documents/Projects/vogue_data_pipeline/venv/lib/python3.11/site-packages/airflow/example_dags/example_sla_dag.py took 0.081 seconds
[2026-01-06T20:51:19.390+1100] {processor.py:161} INFO - Started process (PID=95714) to work on /Users/fionatham/Documents/Projects/vogue_data_pipeline/venv/lib/python3.11/site-packages/airflow/example_dags/example_sla_dag.py
[2026-01-06T20:51:19.392+1100] {processor.py:830} INFO - Processing file /Users/fionatham/Documents/Projects/vogue_data_pipeline/venv/lib/python3.11/site-packages/airflow/example_dags/example_sla_dag.py for tasks to queue
[2026-01-06T20:51:19.393+1100] {logging_mixin.py:188} INFO - [2026-01-06T20:51:19.393+1100] {dagbag.py:545} INFO - Filling up the DagBag from /Users/fionatham/Documents/Projects/vogue_data_pipeline/venv/lib/python3.11/site-packages/airflow/example_dags/example_sla_dag.py
[2026-01-06T20:51:19.463+1100] {processor.py:840} INFO - DAG(s) 'example_sla_dag' retrieved from /Users/fionatham/Documents/Projects/vogue_data_pipeline/venv/lib/python3.11/site-packages/airflow/example_dags/example_sla_dag.py
[2026-01-06T20:51:19.627+1100] {logging_mixin.py:188} INFO - [2026-01-06T20:51:19.626+1100] {dag.py:3089} INFO - Sync 1 DAGs
[2026-01-06T20:51:19.657+1100] {logging_mixin.py:188} INFO - [2026-01-06T20:51:19.657+1100] {dag.py:3947} INFO - Setting next_dagrun for example_sla_dag to 2026-01-06 09:48:00+00:00, run_after=2026-01-06 09:50:00+00:00
[2026-01-06T20:51:19.687+1100] {processor.py:183} INFO - Processing /Users/fionatham/Documents/Projects/vogue_data_pipeline/venv/lib/python3.11/site-packages/airflow/example_dags/example_sla_dag.py took 0.301 seconds
[2026-01-06T21:10:36.001+1100] {processor.py:161} INFO - Started process (PID=95821) to work on /Users/fionatham/Documents/Projects/vogue_data_pipeline/venv/lib/python3.11/site-packages/airflow/example_dags/example_sla_dag.py
[2026-01-06T21:10:36.004+1100] {processor.py:830} INFO - Processing file /Users/fionatham/Documents/Projects/vogue_data_pipeline/venv/lib/python3.11/site-packages/airflow/example_dags/example_sla_dag.py for tasks to queue
[2026-01-06T21:10:36.005+1100] {logging_mixin.py:188} INFO - [2026-01-06T21:10:36.005+1100] {dagbag.py:545} INFO - Filling up the DagBag from /Users/fionatham/Documents/Projects/vogue_data_pipeline/venv/lib/python3.11/site-packages/airflow/example_dags/example_sla_dag.py
[2026-01-06T21:10:36.022+1100] {processor.py:840} INFO - DAG(s) 'example_sla_dag' retrieved from /Users/fionatham/Documents/Projects/vogue_data_pipeline/venv/lib/python3.11/site-packages/airflow/example_dags/example_sla_dag.py
[2026-01-06T21:10:36.063+1100] {logging_mixin.py:188} INFO - [2026-01-06T21:10:36.063+1100] {dag.py:3089} INFO - Sync 1 DAGs
[2026-01-06T21:10:36.072+1100] {logging_mixin.py:188} INFO - [2026-01-06T21:10:36.072+1100] {dag.py:3947} INFO - Setting next_dagrun for example_sla_dag to 2026-01-06 10:08:00+00:00, run_after=2026-01-06 10:10:00+00:00
[2026-01-06T21:10:36.078+1100] {processor.py:183} INFO - Processing /Users/fionatham/Documents/Projects/vogue_data_pipeline/venv/lib/python3.11/site-packages/airflow/example_dags/example_sla_dag.py took 0.079 seconds
[2026-01-06T23:11:10.120+1100] {processor.py:161} INFO - Started process (PID=95968) to work on /Users/fionatham/Documents/Projects/vogue_data_pipeline/venv/lib/python3.11/site-packages/airflow/example_dags/example_sla_dag.py
[2026-01-06T23:11:10.121+1100] {processor.py:830} INFO - Processing file /Users/fionatham/Documents/Projects/vogue_data_pipeline/venv/lib/python3.11/site-packages/airflow/example_dags/example_sla_dag.py for tasks to queue
[2026-01-06T23:11:10.122+1100] {logging_mixin.py:188} INFO - [2026-01-06T23:11:10.122+1100] {dagbag.py:545} INFO - Filling up the DagBag from /Users/fionatham/Documents/Projects/vogue_data_pipeline/venv/lib/python3.11/site-packages/airflow/example_dags/example_sla_dag.py
[2026-01-06T23:11:10.150+1100] {processor.py:840} INFO - DAG(s) 'example_sla_dag' retrieved from /Users/fionatham/Documents/Projects/vogue_data_pipeline/venv/lib/python3.11/site-packages/airflow/example_dags/example_sla_dag.py
[2026-01-06T23:11:10.234+1100] {logging_mixin.py:188} INFO - [2026-01-06T23:11:10.233+1100] {dag.py:3089} INFO - Sync 1 DAGs
[2026-01-06T23:11:10.250+1100] {logging_mixin.py:188} INFO - [2026-01-06T23:11:10.250+1100] {dag.py:3947} INFO - Setting next_dagrun for example_sla_dag to 2026-01-06 12:08:00+00:00, run_after=2026-01-06 12:10:00+00:00
[2026-01-06T23:11:10.268+1100] {processor.py:183} INFO - Processing /Users/fionatham/Documents/Projects/vogue_data_pipeline/venv/lib/python3.11/site-packages/airflow/example_dags/example_sla_dag.py took 0.150 seconds
