[2026-01-06T13:57:46.318+1100] {processor.py:161} INFO - Started process (PID=85429) to work on /Users/fionatham/Documents/Projects/vogue_data_pipeline/venv/lib/python3.11/site-packages/airflow/example_dags/example_dag_decorator.py
[2026-01-06T13:57:46.318+1100] {processor.py:830} INFO - Processing file /Users/fionatham/Documents/Projects/vogue_data_pipeline/venv/lib/python3.11/site-packages/airflow/example_dags/example_dag_decorator.py for tasks to queue
[2026-01-06T13:57:46.319+1100] {logging_mixin.py:188} INFO - [2026-01-06T13:57:46.319+1100] {dagbag.py:545} INFO - Filling up the DagBag from /Users/fionatham/Documents/Projects/vogue_data_pipeline/venv/lib/python3.11/site-packages/airflow/example_dags/example_dag_decorator.py
[2026-01-06T13:57:46.475+1100] {processor.py:840} INFO - DAG(s) 'example_dag_decorator' retrieved from /Users/fionatham/Documents/Projects/vogue_data_pipeline/venv/lib/python3.11/site-packages/airflow/example_dags/example_dag_decorator.py
[2026-01-06T13:57:46.549+1100] {logging_mixin.py:188} INFO - [2026-01-06T13:57:46.549+1100] {override.py:1858} INFO - Created Permission View: can read on DAG:example_dag_decorator
[2026-01-06T13:57:46.553+1100] {logging_mixin.py:188} INFO - [2026-01-06T13:57:46.553+1100] {override.py:1858} INFO - Created Permission View: can edit on DAG:example_dag_decorator
[2026-01-06T13:57:46.555+1100] {logging_mixin.py:188} INFO - [2026-01-06T13:57:46.555+1100] {override.py:1858} INFO - Created Permission View: can delete on DAG:example_dag_decorator
[2026-01-06T13:57:46.555+1100] {logging_mixin.py:188} INFO - [2026-01-06T13:57:46.555+1100] {dag.py:3089} INFO - Sync 1 DAGs
[2026-01-06T13:57:46.560+1100] {logging_mixin.py:188} INFO - [2026-01-06T13:57:46.560+1100] {dag.py:3111} INFO - Creating ORM DAG for example_dag_decorator
[2026-01-06T13:57:46.560+1100] {logging_mixin.py:188} INFO - [2026-01-06T13:57:46.560+1100] {dag.py:3947} INFO - Setting next_dagrun for example_dag_decorator to None, run_after=None
[2026-01-06T13:57:46.568+1100] {processor.py:183} INFO - Processing /Users/fionatham/Documents/Projects/vogue_data_pipeline/venv/lib/python3.11/site-packages/airflow/example_dags/example_dag_decorator.py took 0.251 seconds
[2026-01-06T13:59:47.284+1100] {processor.py:161} INFO - Started process (PID=86786) to work on /Users/fionatham/Documents/Projects/vogue_data_pipeline/venv/lib/python3.11/site-packages/airflow/example_dags/example_dag_decorator.py
[2026-01-06T13:59:47.285+1100] {processor.py:830} INFO - Processing file /Users/fionatham/Documents/Projects/vogue_data_pipeline/venv/lib/python3.11/site-packages/airflow/example_dags/example_dag_decorator.py for tasks to queue
[2026-01-06T13:59:47.286+1100] {logging_mixin.py:188} INFO - [2026-01-06T13:59:47.285+1100] {dagbag.py:545} INFO - Filling up the DagBag from /Users/fionatham/Documents/Projects/vogue_data_pipeline/venv/lib/python3.11/site-packages/airflow/example_dags/example_dag_decorator.py
[2026-01-06T13:59:47.413+1100] {processor.py:840} INFO - DAG(s) 'example_dag_decorator' retrieved from /Users/fionatham/Documents/Projects/vogue_data_pipeline/venv/lib/python3.11/site-packages/airflow/example_dags/example_dag_decorator.py
[2026-01-06T13:59:47.497+1100] {logging_mixin.py:188} INFO - [2026-01-06T13:59:47.497+1100] {dag.py:3089} INFO - Sync 1 DAGs
[2026-01-06T13:59:47.501+1100] {logging_mixin.py:188} INFO - [2026-01-06T13:59:47.501+1100] {dag.py:3947} INFO - Setting next_dagrun for example_dag_decorator to None, run_after=None
[2026-01-06T13:59:47.508+1100] {processor.py:183} INFO - Processing /Users/fionatham/Documents/Projects/vogue_data_pipeline/venv/lib/python3.11/site-packages/airflow/example_dags/example_dag_decorator.py took 0.226 seconds
[2026-01-06T14:01:47.733+1100] {processor.py:161} INFO - Started process (PID=87052) to work on /Users/fionatham/Documents/Projects/vogue_data_pipeline/venv/lib/python3.11/site-packages/airflow/example_dags/example_dag_decorator.py
[2026-01-06T14:01:47.733+1100] {processor.py:830} INFO - Processing file /Users/fionatham/Documents/Projects/vogue_data_pipeline/venv/lib/python3.11/site-packages/airflow/example_dags/example_dag_decorator.py for tasks to queue
[2026-01-06T14:01:47.734+1100] {logging_mixin.py:188} INFO - [2026-01-06T14:01:47.734+1100] {dagbag.py:545} INFO - Filling up the DagBag from /Users/fionatham/Documents/Projects/vogue_data_pipeline/venv/lib/python3.11/site-packages/airflow/example_dags/example_dag_decorator.py
[2026-01-06T14:01:47.894+1100] {processor.py:840} INFO - DAG(s) 'example_dag_decorator' retrieved from /Users/fionatham/Documents/Projects/vogue_data_pipeline/venv/lib/python3.11/site-packages/airflow/example_dags/example_dag_decorator.py
[2026-01-06T14:01:47.983+1100] {logging_mixin.py:188} INFO - [2026-01-06T14:01:47.983+1100] {dag.py:3089} INFO - Sync 1 DAGs
[2026-01-06T14:01:47.987+1100] {logging_mixin.py:188} INFO - [2026-01-06T14:01:47.987+1100] {dag.py:3947} INFO - Setting next_dagrun for example_dag_decorator to None, run_after=None
[2026-01-06T14:01:47.995+1100] {processor.py:183} INFO - Processing /Users/fionatham/Documents/Projects/vogue_data_pipeline/venv/lib/python3.11/site-packages/airflow/example_dags/example_dag_decorator.py took 0.264 seconds
[2026-01-06T14:03:51.366+1100] {processor.py:161} INFO - Started process (PID=87227) to work on /Users/fionatham/Documents/Projects/vogue_data_pipeline/venv/lib/python3.11/site-packages/airflow/example_dags/example_dag_decorator.py
[2026-01-06T14:03:51.367+1100] {processor.py:830} INFO - Processing file /Users/fionatham/Documents/Projects/vogue_data_pipeline/venv/lib/python3.11/site-packages/airflow/example_dags/example_dag_decorator.py for tasks to queue
[2026-01-06T14:03:51.367+1100] {logging_mixin.py:188} INFO - [2026-01-06T14:03:51.367+1100] {dagbag.py:545} INFO - Filling up the DagBag from /Users/fionatham/Documents/Projects/vogue_data_pipeline/venv/lib/python3.11/site-packages/airflow/example_dags/example_dag_decorator.py
[2026-01-06T14:03:51.550+1100] {processor.py:840} INFO - DAG(s) 'example_dag_decorator' retrieved from /Users/fionatham/Documents/Projects/vogue_data_pipeline/venv/lib/python3.11/site-packages/airflow/example_dags/example_dag_decorator.py
[2026-01-06T14:03:51.640+1100] {logging_mixin.py:188} INFO - [2026-01-06T14:03:51.640+1100] {dag.py:3089} INFO - Sync 1 DAGs
[2026-01-06T14:03:51.644+1100] {logging_mixin.py:188} INFO - [2026-01-06T14:03:51.644+1100] {dag.py:3947} INFO - Setting next_dagrun for example_dag_decorator to None, run_after=None
[2026-01-06T14:03:51.653+1100] {processor.py:183} INFO - Processing /Users/fionatham/Documents/Projects/vogue_data_pipeline/venv/lib/python3.11/site-packages/airflow/example_dags/example_dag_decorator.py took 0.288 seconds
[2026-01-06T14:05:49.670+1100] {processor.py:161} INFO - Started process (PID=87445) to work on /Users/fionatham/Documents/Projects/vogue_data_pipeline/venv/lib/python3.11/site-packages/airflow/example_dags/example_dag_decorator.py
[2026-01-06T14:05:49.671+1100] {processor.py:830} INFO - Processing file /Users/fionatham/Documents/Projects/vogue_data_pipeline/venv/lib/python3.11/site-packages/airflow/example_dags/example_dag_decorator.py for tasks to queue
[2026-01-06T14:05:49.671+1100] {logging_mixin.py:188} INFO - [2026-01-06T14:05:49.671+1100] {dagbag.py:545} INFO - Filling up the DagBag from /Users/fionatham/Documents/Projects/vogue_data_pipeline/venv/lib/python3.11/site-packages/airflow/example_dags/example_dag_decorator.py
[2026-01-06T14:05:49.832+1100] {processor.py:840} INFO - DAG(s) 'example_dag_decorator' retrieved from /Users/fionatham/Documents/Projects/vogue_data_pipeline/venv/lib/python3.11/site-packages/airflow/example_dags/example_dag_decorator.py
[2026-01-06T14:05:49.917+1100] {logging_mixin.py:188} INFO - [2026-01-06T14:05:49.917+1100] {dag.py:3089} INFO - Sync 1 DAGs
[2026-01-06T14:05:49.921+1100] {logging_mixin.py:188} INFO - [2026-01-06T14:05:49.921+1100] {dag.py:3947} INFO - Setting next_dagrun for example_dag_decorator to None, run_after=None
[2026-01-06T14:05:49.928+1100] {processor.py:183} INFO - Processing /Users/fionatham/Documents/Projects/vogue_data_pipeline/venv/lib/python3.11/site-packages/airflow/example_dags/example_dag_decorator.py took 0.260 seconds
[2026-01-06T14:07:52.363+1100] {processor.py:161} INFO - Started process (PID=87639) to work on /Users/fionatham/Documents/Projects/vogue_data_pipeline/venv/lib/python3.11/site-packages/airflow/example_dags/example_dag_decorator.py
[2026-01-06T14:07:52.364+1100] {processor.py:830} INFO - Processing file /Users/fionatham/Documents/Projects/vogue_data_pipeline/venv/lib/python3.11/site-packages/airflow/example_dags/example_dag_decorator.py for tasks to queue
[2026-01-06T14:07:52.364+1100] {logging_mixin.py:188} INFO - [2026-01-06T14:07:52.364+1100] {dagbag.py:545} INFO - Filling up the DagBag from /Users/fionatham/Documents/Projects/vogue_data_pipeline/venv/lib/python3.11/site-packages/airflow/example_dags/example_dag_decorator.py
[2026-01-06T14:07:52.514+1100] {processor.py:840} INFO - DAG(s) 'example_dag_decorator' retrieved from /Users/fionatham/Documents/Projects/vogue_data_pipeline/venv/lib/python3.11/site-packages/airflow/example_dags/example_dag_decorator.py
[2026-01-06T14:07:52.598+1100] {logging_mixin.py:188} INFO - [2026-01-06T14:07:52.598+1100] {dag.py:3089} INFO - Sync 1 DAGs
[2026-01-06T14:07:52.603+1100] {logging_mixin.py:188} INFO - [2026-01-06T14:07:52.602+1100] {dag.py:3947} INFO - Setting next_dagrun for example_dag_decorator to None, run_after=None
[2026-01-06T14:07:52.610+1100] {processor.py:183} INFO - Processing /Users/fionatham/Documents/Projects/vogue_data_pipeline/venv/lib/python3.11/site-packages/airflow/example_dags/example_dag_decorator.py took 0.249 seconds
[2026-01-06T14:09:48.574+1100] {processor.py:161} INFO - Started process (PID=87718) to work on /Users/fionatham/Documents/Projects/vogue_data_pipeline/venv/lib/python3.11/site-packages/airflow/example_dags/example_dag_decorator.py
[2026-01-06T14:09:48.575+1100] {processor.py:830} INFO - Processing file /Users/fionatham/Documents/Projects/vogue_data_pipeline/venv/lib/python3.11/site-packages/airflow/example_dags/example_dag_decorator.py for tasks to queue
[2026-01-06T14:09:48.575+1100] {logging_mixin.py:188} INFO - [2026-01-06T14:09:48.575+1100] {dagbag.py:545} INFO - Filling up the DagBag from /Users/fionatham/Documents/Projects/vogue_data_pipeline/venv/lib/python3.11/site-packages/airflow/example_dags/example_dag_decorator.py
[2026-01-06T14:09:48.770+1100] {processor.py:840} INFO - DAG(s) 'example_dag_decorator' retrieved from /Users/fionatham/Documents/Projects/vogue_data_pipeline/venv/lib/python3.11/site-packages/airflow/example_dags/example_dag_decorator.py
[2026-01-06T14:09:48.868+1100] {logging_mixin.py:188} INFO - [2026-01-06T14:09:48.868+1100] {dag.py:3089} INFO - Sync 1 DAGs
[2026-01-06T14:09:48.872+1100] {logging_mixin.py:188} INFO - [2026-01-06T14:09:48.872+1100] {dag.py:3947} INFO - Setting next_dagrun for example_dag_decorator to None, run_after=None
[2026-01-06T14:09:48.893+1100] {processor.py:183} INFO - Processing /Users/fionatham/Documents/Projects/vogue_data_pipeline/venv/lib/python3.11/site-packages/airflow/example_dags/example_dag_decorator.py took 0.321 seconds
[2026-01-06T14:11:45.776+1100] {processor.py:161} INFO - Started process (PID=87892) to work on /Users/fionatham/Documents/Projects/vogue_data_pipeline/venv/lib/python3.11/site-packages/airflow/example_dags/example_dag_decorator.py
[2026-01-06T14:11:45.778+1100] {processor.py:830} INFO - Processing file /Users/fionatham/Documents/Projects/vogue_data_pipeline/venv/lib/python3.11/site-packages/airflow/example_dags/example_dag_decorator.py for tasks to queue
[2026-01-06T14:11:45.778+1100] {logging_mixin.py:188} INFO - [2026-01-06T14:11:45.778+1100] {dagbag.py:545} INFO - Filling up the DagBag from /Users/fionatham/Documents/Projects/vogue_data_pipeline/venv/lib/python3.11/site-packages/airflow/example_dags/example_dag_decorator.py
[2026-01-06T14:11:45.930+1100] {processor.py:840} INFO - DAG(s) 'example_dag_decorator' retrieved from /Users/fionatham/Documents/Projects/vogue_data_pipeline/venv/lib/python3.11/site-packages/airflow/example_dags/example_dag_decorator.py
[2026-01-06T14:11:46.009+1100] {logging_mixin.py:188} INFO - [2026-01-06T14:11:46.009+1100] {dag.py:3089} INFO - Sync 1 DAGs
[2026-01-06T14:11:46.013+1100] {logging_mixin.py:188} INFO - [2026-01-06T14:11:46.013+1100] {dag.py:3947} INFO - Setting next_dagrun for example_dag_decorator to None, run_after=None
[2026-01-06T14:11:46.020+1100] {processor.py:183} INFO - Processing /Users/fionatham/Documents/Projects/vogue_data_pipeline/venv/lib/python3.11/site-packages/airflow/example_dags/example_dag_decorator.py took 0.245 seconds
[2026-01-06T14:13:51.436+1100] {processor.py:161} INFO - Started process (PID=88048) to work on /Users/fionatham/Documents/Projects/vogue_data_pipeline/venv/lib/python3.11/site-packages/airflow/example_dags/example_dag_decorator.py
[2026-01-06T14:13:51.438+1100] {processor.py:830} INFO - Processing file /Users/fionatham/Documents/Projects/vogue_data_pipeline/venv/lib/python3.11/site-packages/airflow/example_dags/example_dag_decorator.py for tasks to queue
[2026-01-06T14:13:51.438+1100] {logging_mixin.py:188} INFO - [2026-01-06T14:13:51.438+1100] {dagbag.py:545} INFO - Filling up the DagBag from /Users/fionatham/Documents/Projects/vogue_data_pipeline/venv/lib/python3.11/site-packages/airflow/example_dags/example_dag_decorator.py
[2026-01-06T14:13:51.590+1100] {processor.py:840} INFO - DAG(s) 'example_dag_decorator' retrieved from /Users/fionatham/Documents/Projects/vogue_data_pipeline/venv/lib/python3.11/site-packages/airflow/example_dags/example_dag_decorator.py
[2026-01-06T14:13:51.679+1100] {logging_mixin.py:188} INFO - [2026-01-06T14:13:51.679+1100] {dag.py:3089} INFO - Sync 1 DAGs
[2026-01-06T14:13:51.683+1100] {logging_mixin.py:188} INFO - [2026-01-06T14:13:51.683+1100] {dag.py:3947} INFO - Setting next_dagrun for example_dag_decorator to None, run_after=None
[2026-01-06T14:13:51.691+1100] {processor.py:183} INFO - Processing /Users/fionatham/Documents/Projects/vogue_data_pipeline/venv/lib/python3.11/site-packages/airflow/example_dags/example_dag_decorator.py took 0.256 seconds
[2026-01-06T14:15:52.291+1100] {processor.py:161} INFO - Started process (PID=88968) to work on /Users/fionatham/Documents/Projects/vogue_data_pipeline/venv/lib/python3.11/site-packages/airflow/example_dags/example_dag_decorator.py
[2026-01-06T14:15:52.292+1100] {processor.py:830} INFO - Processing file /Users/fionatham/Documents/Projects/vogue_data_pipeline/venv/lib/python3.11/site-packages/airflow/example_dags/example_dag_decorator.py for tasks to queue
[2026-01-06T14:15:52.292+1100] {logging_mixin.py:188} INFO - [2026-01-06T14:15:52.292+1100] {dagbag.py:545} INFO - Filling up the DagBag from /Users/fionatham/Documents/Projects/vogue_data_pipeline/venv/lib/python3.11/site-packages/airflow/example_dags/example_dag_decorator.py
[2026-01-06T14:15:52.437+1100] {processor.py:840} INFO - DAG(s) 'example_dag_decorator' retrieved from /Users/fionatham/Documents/Projects/vogue_data_pipeline/venv/lib/python3.11/site-packages/airflow/example_dags/example_dag_decorator.py
[2026-01-06T14:15:52.516+1100] {logging_mixin.py:188} INFO - [2026-01-06T14:15:52.516+1100] {dag.py:3089} INFO - Sync 1 DAGs
[2026-01-06T14:15:52.520+1100] {logging_mixin.py:188} INFO - [2026-01-06T14:15:52.520+1100] {dag.py:3947} INFO - Setting next_dagrun for example_dag_decorator to None, run_after=None
[2026-01-06T14:15:52.528+1100] {processor.py:183} INFO - Processing /Users/fionatham/Documents/Projects/vogue_data_pipeline/venv/lib/python3.11/site-packages/airflow/example_dags/example_dag_decorator.py took 0.238 seconds
[2026-01-06T14:17:45.229+1100] {processor.py:161} INFO - Started process (PID=89387) to work on /Users/fionatham/Documents/Projects/vogue_data_pipeline/venv/lib/python3.11/site-packages/airflow/example_dags/example_dag_decorator.py
[2026-01-06T14:17:45.230+1100] {processor.py:830} INFO - Processing file /Users/fionatham/Documents/Projects/vogue_data_pipeline/venv/lib/python3.11/site-packages/airflow/example_dags/example_dag_decorator.py for tasks to queue
[2026-01-06T14:17:45.231+1100] {logging_mixin.py:188} INFO - [2026-01-06T14:17:45.230+1100] {dagbag.py:545} INFO - Filling up the DagBag from /Users/fionatham/Documents/Projects/vogue_data_pipeline/venv/lib/python3.11/site-packages/airflow/example_dags/example_dag_decorator.py
[2026-01-06T14:17:45.380+1100] {processor.py:840} INFO - DAG(s) 'example_dag_decorator' retrieved from /Users/fionatham/Documents/Projects/vogue_data_pipeline/venv/lib/python3.11/site-packages/airflow/example_dags/example_dag_decorator.py
[2026-01-06T14:17:45.467+1100] {logging_mixin.py:188} INFO - [2026-01-06T14:17:45.467+1100] {dag.py:3089} INFO - Sync 1 DAGs
[2026-01-06T14:17:45.471+1100] {logging_mixin.py:188} INFO - [2026-01-06T14:17:45.471+1100] {dag.py:3947} INFO - Setting next_dagrun for example_dag_decorator to None, run_after=None
[2026-01-06T14:17:45.478+1100] {processor.py:183} INFO - Processing /Users/fionatham/Documents/Projects/vogue_data_pipeline/venv/lib/python3.11/site-packages/airflow/example_dags/example_dag_decorator.py took 0.250 seconds
[2026-01-06T14:19:46.901+1100] {processor.py:161} INFO - Started process (PID=89940) to work on /Users/fionatham/Documents/Projects/vogue_data_pipeline/venv/lib/python3.11/site-packages/airflow/example_dags/example_dag_decorator.py
[2026-01-06T14:19:46.902+1100] {processor.py:830} INFO - Processing file /Users/fionatham/Documents/Projects/vogue_data_pipeline/venv/lib/python3.11/site-packages/airflow/example_dags/example_dag_decorator.py for tasks to queue
[2026-01-06T14:19:46.902+1100] {logging_mixin.py:188} INFO - [2026-01-06T14:19:46.902+1100] {dagbag.py:545} INFO - Filling up the DagBag from /Users/fionatham/Documents/Projects/vogue_data_pipeline/venv/lib/python3.11/site-packages/airflow/example_dags/example_dag_decorator.py
[2026-01-06T14:19:47.063+1100] {processor.py:840} INFO - DAG(s) 'example_dag_decorator' retrieved from /Users/fionatham/Documents/Projects/vogue_data_pipeline/venv/lib/python3.11/site-packages/airflow/example_dags/example_dag_decorator.py
[2026-01-06T14:19:47.153+1100] {logging_mixin.py:188} INFO - [2026-01-06T14:19:47.153+1100] {dag.py:3089} INFO - Sync 1 DAGs
[2026-01-06T14:19:47.157+1100] {logging_mixin.py:188} INFO - [2026-01-06T14:19:47.157+1100] {dag.py:3947} INFO - Setting next_dagrun for example_dag_decorator to None, run_after=None
[2026-01-06T14:19:47.164+1100] {processor.py:183} INFO - Processing /Users/fionatham/Documents/Projects/vogue_data_pipeline/venv/lib/python3.11/site-packages/airflow/example_dags/example_dag_decorator.py took 0.264 seconds
[2026-01-06T14:21:48.883+1100] {processor.py:161} INFO - Started process (PID=90043) to work on /Users/fionatham/Documents/Projects/vogue_data_pipeline/venv/lib/python3.11/site-packages/airflow/example_dags/example_dag_decorator.py
[2026-01-06T14:21:48.884+1100] {processor.py:830} INFO - Processing file /Users/fionatham/Documents/Projects/vogue_data_pipeline/venv/lib/python3.11/site-packages/airflow/example_dags/example_dag_decorator.py for tasks to queue
[2026-01-06T14:21:48.884+1100] {logging_mixin.py:188} INFO - [2026-01-06T14:21:48.884+1100] {dagbag.py:545} INFO - Filling up the DagBag from /Users/fionatham/Documents/Projects/vogue_data_pipeline/venv/lib/python3.11/site-packages/airflow/example_dags/example_dag_decorator.py
[2026-01-06T14:21:49.042+1100] {processor.py:840} INFO - DAG(s) 'example_dag_decorator' retrieved from /Users/fionatham/Documents/Projects/vogue_data_pipeline/venv/lib/python3.11/site-packages/airflow/example_dags/example_dag_decorator.py
[2026-01-06T14:21:49.130+1100] {logging_mixin.py:188} INFO - [2026-01-06T14:21:49.130+1100] {dag.py:3089} INFO - Sync 1 DAGs
[2026-01-06T14:21:49.134+1100] {logging_mixin.py:188} INFO - [2026-01-06T14:21:49.134+1100] {dag.py:3947} INFO - Setting next_dagrun for example_dag_decorator to None, run_after=None
[2026-01-06T14:21:49.141+1100] {processor.py:183} INFO - Processing /Users/fionatham/Documents/Projects/vogue_data_pipeline/venv/lib/python3.11/site-packages/airflow/example_dags/example_dag_decorator.py took 0.259 seconds
[2026-01-06T14:23:39.892+1100] {processor.py:161} INFO - Started process (PID=90132) to work on /Users/fionatham/Documents/Projects/vogue_data_pipeline/venv/lib/python3.11/site-packages/airflow/example_dags/example_dag_decorator.py
[2026-01-06T14:23:39.895+1100] {processor.py:830} INFO - Processing file /Users/fionatham/Documents/Projects/vogue_data_pipeline/venv/lib/python3.11/site-packages/airflow/example_dags/example_dag_decorator.py for tasks to queue
[2026-01-06T14:23:39.895+1100] {logging_mixin.py:188} INFO - [2026-01-06T14:23:39.895+1100] {dagbag.py:545} INFO - Filling up the DagBag from /Users/fionatham/Documents/Projects/vogue_data_pipeline/venv/lib/python3.11/site-packages/airflow/example_dags/example_dag_decorator.py
[2026-01-06T14:23:40.045+1100] {processor.py:840} INFO - DAG(s) 'example_dag_decorator' retrieved from /Users/fionatham/Documents/Projects/vogue_data_pipeline/venv/lib/python3.11/site-packages/airflow/example_dags/example_dag_decorator.py
[2026-01-06T14:23:40.128+1100] {logging_mixin.py:188} INFO - [2026-01-06T14:23:40.128+1100] {dag.py:3089} INFO - Sync 1 DAGs
[2026-01-06T14:23:40.132+1100] {logging_mixin.py:188} INFO - [2026-01-06T14:23:40.132+1100] {dag.py:3947} INFO - Setting next_dagrun for example_dag_decorator to None, run_after=None
[2026-01-06T14:23:40.139+1100] {processor.py:183} INFO - Processing /Users/fionatham/Documents/Projects/vogue_data_pipeline/venv/lib/python3.11/site-packages/airflow/example_dags/example_dag_decorator.py took 0.248 seconds
[2026-01-06T14:25:28.959+1100] {processor.py:161} INFO - Started process (PID=90403) to work on /Users/fionatham/Documents/Projects/vogue_data_pipeline/venv/lib/python3.11/site-packages/airflow/example_dags/example_dag_decorator.py
[2026-01-06T14:25:28.960+1100] {processor.py:830} INFO - Processing file /Users/fionatham/Documents/Projects/vogue_data_pipeline/venv/lib/python3.11/site-packages/airflow/example_dags/example_dag_decorator.py for tasks to queue
[2026-01-06T14:25:28.961+1100] {logging_mixin.py:188} INFO - [2026-01-06T14:25:28.961+1100] {dagbag.py:545} INFO - Filling up the DagBag from /Users/fionatham/Documents/Projects/vogue_data_pipeline/venv/lib/python3.11/site-packages/airflow/example_dags/example_dag_decorator.py
[2026-01-06T14:25:29.121+1100] {processor.py:840} INFO - DAG(s) 'example_dag_decorator' retrieved from /Users/fionatham/Documents/Projects/vogue_data_pipeline/venv/lib/python3.11/site-packages/airflow/example_dags/example_dag_decorator.py
[2026-01-06T14:25:29.217+1100] {logging_mixin.py:188} INFO - [2026-01-06T14:25:29.216+1100] {dag.py:3089} INFO - Sync 1 DAGs
[2026-01-06T14:25:29.221+1100] {logging_mixin.py:188} INFO - [2026-01-06T14:25:29.221+1100] {dag.py:3947} INFO - Setting next_dagrun for example_dag_decorator to None, run_after=None
[2026-01-06T14:25:29.232+1100] {processor.py:183} INFO - Processing /Users/fionatham/Documents/Projects/vogue_data_pipeline/venv/lib/python3.11/site-packages/airflow/example_dags/example_dag_decorator.py took 0.274 seconds
[2026-01-06T14:27:29.109+1100] {processor.py:161} INFO - Started process (PID=90704) to work on /Users/fionatham/Documents/Projects/vogue_data_pipeline/venv/lib/python3.11/site-packages/airflow/example_dags/example_dag_decorator.py
[2026-01-06T14:27:29.110+1100] {processor.py:830} INFO - Processing file /Users/fionatham/Documents/Projects/vogue_data_pipeline/venv/lib/python3.11/site-packages/airflow/example_dags/example_dag_decorator.py for tasks to queue
[2026-01-06T14:27:29.111+1100] {logging_mixin.py:188} INFO - [2026-01-06T14:27:29.111+1100] {dagbag.py:545} INFO - Filling up the DagBag from /Users/fionatham/Documents/Projects/vogue_data_pipeline/venv/lib/python3.11/site-packages/airflow/example_dags/example_dag_decorator.py
[2026-01-06T14:27:29.258+1100] {processor.py:840} INFO - DAG(s) 'example_dag_decorator' retrieved from /Users/fionatham/Documents/Projects/vogue_data_pipeline/venv/lib/python3.11/site-packages/airflow/example_dags/example_dag_decorator.py
[2026-01-06T14:27:29.345+1100] {logging_mixin.py:188} INFO - [2026-01-06T14:27:29.345+1100] {dag.py:3089} INFO - Sync 1 DAGs
[2026-01-06T14:27:29.349+1100] {logging_mixin.py:188} INFO - [2026-01-06T14:27:29.349+1100] {dag.py:3947} INFO - Setting next_dagrun for example_dag_decorator to None, run_after=None
[2026-01-06T14:27:29.357+1100] {processor.py:183} INFO - Processing /Users/fionatham/Documents/Projects/vogue_data_pipeline/venv/lib/python3.11/site-packages/airflow/example_dags/example_dag_decorator.py took 0.249 seconds
[2026-01-06T14:29:26.953+1100] {processor.py:161} INFO - Started process (PID=91079) to work on /Users/fionatham/Documents/Projects/vogue_data_pipeline/venv/lib/python3.11/site-packages/airflow/example_dags/example_dag_decorator.py
[2026-01-06T14:29:26.959+1100] {processor.py:830} INFO - Processing file /Users/fionatham/Documents/Projects/vogue_data_pipeline/venv/lib/python3.11/site-packages/airflow/example_dags/example_dag_decorator.py for tasks to queue
[2026-01-06T14:29:26.960+1100] {logging_mixin.py:188} INFO - [2026-01-06T14:29:26.960+1100] {dagbag.py:545} INFO - Filling up the DagBag from /Users/fionatham/Documents/Projects/vogue_data_pipeline/venv/lib/python3.11/site-packages/airflow/example_dags/example_dag_decorator.py
[2026-01-06T14:29:27.415+1100] {processor.py:840} INFO - DAG(s) 'example_dag_decorator' retrieved from /Users/fionatham/Documents/Projects/vogue_data_pipeline/venv/lib/python3.11/site-packages/airflow/example_dags/example_dag_decorator.py
[2026-01-06T14:29:27.532+1100] {logging_mixin.py:188} INFO - [2026-01-06T14:29:27.531+1100] {dag.py:3089} INFO - Sync 1 DAGs
[2026-01-06T14:29:27.537+1100] {logging_mixin.py:188} INFO - [2026-01-06T14:29:27.537+1100] {dag.py:3947} INFO - Setting next_dagrun for example_dag_decorator to None, run_after=None
[2026-01-06T14:29:27.555+1100] {processor.py:183} INFO - Processing /Users/fionatham/Documents/Projects/vogue_data_pipeline/venv/lib/python3.11/site-packages/airflow/example_dags/example_dag_decorator.py took 0.604 seconds
[2026-01-06T14:31:26.684+1100] {processor.py:161} INFO - Started process (PID=91874) to work on /Users/fionatham/Documents/Projects/vogue_data_pipeline/venv/lib/python3.11/site-packages/airflow/example_dags/example_dag_decorator.py
[2026-01-06T14:31:26.685+1100] {processor.py:830} INFO - Processing file /Users/fionatham/Documents/Projects/vogue_data_pipeline/venv/lib/python3.11/site-packages/airflow/example_dags/example_dag_decorator.py for tasks to queue
[2026-01-06T14:31:26.685+1100] {logging_mixin.py:188} INFO - [2026-01-06T14:31:26.685+1100] {dagbag.py:545} INFO - Filling up the DagBag from /Users/fionatham/Documents/Projects/vogue_data_pipeline/venv/lib/python3.11/site-packages/airflow/example_dags/example_dag_decorator.py
[2026-01-06T14:31:26.853+1100] {processor.py:840} INFO - DAG(s) 'example_dag_decorator' retrieved from /Users/fionatham/Documents/Projects/vogue_data_pipeline/venv/lib/python3.11/site-packages/airflow/example_dags/example_dag_decorator.py
[2026-01-06T14:31:26.943+1100] {logging_mixin.py:188} INFO - [2026-01-06T14:31:26.943+1100] {dag.py:3089} INFO - Sync 1 DAGs
[2026-01-06T14:31:26.948+1100] {logging_mixin.py:188} INFO - [2026-01-06T14:31:26.948+1100] {dag.py:3947} INFO - Setting next_dagrun for example_dag_decorator to None, run_after=None
[2026-01-06T14:31:26.956+1100] {processor.py:183} INFO - Processing /Users/fionatham/Documents/Projects/vogue_data_pipeline/venv/lib/python3.11/site-packages/airflow/example_dags/example_dag_decorator.py took 0.274 seconds
[2026-01-06T14:33:27.949+1100] {processor.py:161} INFO - Started process (PID=92226) to work on /Users/fionatham/Documents/Projects/vogue_data_pipeline/venv/lib/python3.11/site-packages/airflow/example_dags/example_dag_decorator.py
[2026-01-06T14:33:27.950+1100] {processor.py:830} INFO - Processing file /Users/fionatham/Documents/Projects/vogue_data_pipeline/venv/lib/python3.11/site-packages/airflow/example_dags/example_dag_decorator.py for tasks to queue
[2026-01-06T14:33:27.950+1100] {logging_mixin.py:188} INFO - [2026-01-06T14:33:27.950+1100] {dagbag.py:545} INFO - Filling up the DagBag from /Users/fionatham/Documents/Projects/vogue_data_pipeline/venv/lib/python3.11/site-packages/airflow/example_dags/example_dag_decorator.py
[2026-01-06T14:33:28.111+1100] {processor.py:840} INFO - DAG(s) 'example_dag_decorator' retrieved from /Users/fionatham/Documents/Projects/vogue_data_pipeline/venv/lib/python3.11/site-packages/airflow/example_dags/example_dag_decorator.py
[2026-01-06T14:33:28.200+1100] {logging_mixin.py:188} INFO - [2026-01-06T14:33:28.200+1100] {dag.py:3089} INFO - Sync 1 DAGs
[2026-01-06T14:33:28.204+1100] {logging_mixin.py:188} INFO - [2026-01-06T14:33:28.204+1100] {dag.py:3947} INFO - Setting next_dagrun for example_dag_decorator to None, run_after=None
[2026-01-06T14:33:28.212+1100] {processor.py:183} INFO - Processing /Users/fionatham/Documents/Projects/vogue_data_pipeline/venv/lib/python3.11/site-packages/airflow/example_dags/example_dag_decorator.py took 0.264 seconds
[2026-01-06T14:35:22.213+1100] {processor.py:161} INFO - Started process (PID=92478) to work on /Users/fionatham/Documents/Projects/vogue_data_pipeline/venv/lib/python3.11/site-packages/airflow/example_dags/example_dag_decorator.py
[2026-01-06T14:35:22.214+1100] {processor.py:830} INFO - Processing file /Users/fionatham/Documents/Projects/vogue_data_pipeline/venv/lib/python3.11/site-packages/airflow/example_dags/example_dag_decorator.py for tasks to queue
[2026-01-06T14:35:22.215+1100] {logging_mixin.py:188} INFO - [2026-01-06T14:35:22.214+1100] {dagbag.py:545} INFO - Filling up the DagBag from /Users/fionatham/Documents/Projects/vogue_data_pipeline/venv/lib/python3.11/site-packages/airflow/example_dags/example_dag_decorator.py
[2026-01-06T14:35:22.376+1100] {processor.py:840} INFO - DAG(s) 'example_dag_decorator' retrieved from /Users/fionatham/Documents/Projects/vogue_data_pipeline/venv/lib/python3.11/site-packages/airflow/example_dags/example_dag_decorator.py
[2026-01-06T14:35:22.466+1100] {logging_mixin.py:188} INFO - [2026-01-06T14:35:22.466+1100] {dag.py:3089} INFO - Sync 1 DAGs
[2026-01-06T14:35:22.470+1100] {logging_mixin.py:188} INFO - [2026-01-06T14:35:22.470+1100] {dag.py:3947} INFO - Setting next_dagrun for example_dag_decorator to None, run_after=None
[2026-01-06T14:35:22.479+1100] {processor.py:183} INFO - Processing /Users/fionatham/Documents/Projects/vogue_data_pipeline/venv/lib/python3.11/site-packages/airflow/example_dags/example_dag_decorator.py took 0.267 seconds
[2026-01-06T14:37:25.247+1100] {processor.py:161} INFO - Started process (PID=92697) to work on /Users/fionatham/Documents/Projects/vogue_data_pipeline/venv/lib/python3.11/site-packages/airflow/example_dags/example_dag_decorator.py
[2026-01-06T14:37:25.247+1100] {processor.py:830} INFO - Processing file /Users/fionatham/Documents/Projects/vogue_data_pipeline/venv/lib/python3.11/site-packages/airflow/example_dags/example_dag_decorator.py for tasks to queue
[2026-01-06T14:37:25.248+1100] {logging_mixin.py:188} INFO - [2026-01-06T14:37:25.247+1100] {dagbag.py:545} INFO - Filling up the DagBag from /Users/fionatham/Documents/Projects/vogue_data_pipeline/venv/lib/python3.11/site-packages/airflow/example_dags/example_dag_decorator.py
[2026-01-06T14:37:25.426+1100] {processor.py:840} INFO - DAG(s) 'example_dag_decorator' retrieved from /Users/fionatham/Documents/Projects/vogue_data_pipeline/venv/lib/python3.11/site-packages/airflow/example_dags/example_dag_decorator.py
[2026-01-06T14:37:25.521+1100] {logging_mixin.py:188} INFO - [2026-01-06T14:37:25.521+1100] {dag.py:3089} INFO - Sync 1 DAGs
[2026-01-06T14:37:25.526+1100] {logging_mixin.py:188} INFO - [2026-01-06T14:37:25.525+1100] {dag.py:3947} INFO - Setting next_dagrun for example_dag_decorator to None, run_after=None
[2026-01-06T14:37:25.534+1100] {processor.py:183} INFO - Processing /Users/fionatham/Documents/Projects/vogue_data_pipeline/venv/lib/python3.11/site-packages/airflow/example_dags/example_dag_decorator.py took 0.289 seconds
[2026-01-06T14:39:25.137+1100] {processor.py:161} INFO - Started process (PID=92894) to work on /Users/fionatham/Documents/Projects/vogue_data_pipeline/venv/lib/python3.11/site-packages/airflow/example_dags/example_dag_decorator.py
[2026-01-06T14:39:25.138+1100] {processor.py:830} INFO - Processing file /Users/fionatham/Documents/Projects/vogue_data_pipeline/venv/lib/python3.11/site-packages/airflow/example_dags/example_dag_decorator.py for tasks to queue
[2026-01-06T14:39:25.138+1100] {logging_mixin.py:188} INFO - [2026-01-06T14:39:25.138+1100] {dagbag.py:545} INFO - Filling up the DagBag from /Users/fionatham/Documents/Projects/vogue_data_pipeline/venv/lib/python3.11/site-packages/airflow/example_dags/example_dag_decorator.py
[2026-01-06T14:39:25.293+1100] {processor.py:840} INFO - DAG(s) 'example_dag_decorator' retrieved from /Users/fionatham/Documents/Projects/vogue_data_pipeline/venv/lib/python3.11/site-packages/airflow/example_dags/example_dag_decorator.py
[2026-01-06T14:39:25.379+1100] {logging_mixin.py:188} INFO - [2026-01-06T14:39:25.379+1100] {dag.py:3089} INFO - Sync 1 DAGs
[2026-01-06T14:39:25.383+1100] {logging_mixin.py:188} INFO - [2026-01-06T14:39:25.383+1100] {dag.py:3947} INFO - Setting next_dagrun for example_dag_decorator to None, run_after=None
[2026-01-06T14:39:25.390+1100] {processor.py:183} INFO - Processing /Users/fionatham/Documents/Projects/vogue_data_pipeline/venv/lib/python3.11/site-packages/airflow/example_dags/example_dag_decorator.py took 0.256 seconds
[2026-01-06T14:41:15.120+1100] {processor.py:161} INFO - Started process (PID=92967) to work on /Users/fionatham/Documents/Projects/vogue_data_pipeline/venv/lib/python3.11/site-packages/airflow/example_dags/example_dag_decorator.py
[2026-01-06T14:41:15.120+1100] {processor.py:830} INFO - Processing file /Users/fionatham/Documents/Projects/vogue_data_pipeline/venv/lib/python3.11/site-packages/airflow/example_dags/example_dag_decorator.py for tasks to queue
[2026-01-06T14:41:15.121+1100] {logging_mixin.py:188} INFO - [2026-01-06T14:41:15.121+1100] {dagbag.py:545} INFO - Filling up the DagBag from /Users/fionatham/Documents/Projects/vogue_data_pipeline/venv/lib/python3.11/site-packages/airflow/example_dags/example_dag_decorator.py
[2026-01-06T14:41:15.271+1100] {processor.py:840} INFO - DAG(s) 'example_dag_decorator' retrieved from /Users/fionatham/Documents/Projects/vogue_data_pipeline/venv/lib/python3.11/site-packages/airflow/example_dags/example_dag_decorator.py
[2026-01-06T14:41:15.356+1100] {logging_mixin.py:188} INFO - [2026-01-06T14:41:15.356+1100] {dag.py:3089} INFO - Sync 1 DAGs
[2026-01-06T14:41:15.359+1100] {logging_mixin.py:188} INFO - [2026-01-06T14:41:15.359+1100] {dag.py:3947} INFO - Setting next_dagrun for example_dag_decorator to None, run_after=None
[2026-01-06T14:41:15.366+1100] {processor.py:183} INFO - Processing /Users/fionatham/Documents/Projects/vogue_data_pipeline/venv/lib/python3.11/site-packages/airflow/example_dags/example_dag_decorator.py took 0.248 seconds
[2026-01-06T14:43:12.129+1100] {processor.py:161} INFO - Started process (PID=93048) to work on /Users/fionatham/Documents/Projects/vogue_data_pipeline/venv/lib/python3.11/site-packages/airflow/example_dags/example_dag_decorator.py
[2026-01-06T14:43:12.129+1100] {processor.py:830} INFO - Processing file /Users/fionatham/Documents/Projects/vogue_data_pipeline/venv/lib/python3.11/site-packages/airflow/example_dags/example_dag_decorator.py for tasks to queue
[2026-01-06T14:43:12.130+1100] {logging_mixin.py:188} INFO - [2026-01-06T14:43:12.130+1100] {dagbag.py:545} INFO - Filling up the DagBag from /Users/fionatham/Documents/Projects/vogue_data_pipeline/venv/lib/python3.11/site-packages/airflow/example_dags/example_dag_decorator.py
[2026-01-06T14:43:12.283+1100] {processor.py:840} INFO - DAG(s) 'example_dag_decorator' retrieved from /Users/fionatham/Documents/Projects/vogue_data_pipeline/venv/lib/python3.11/site-packages/airflow/example_dags/example_dag_decorator.py
[2026-01-06T14:43:12.367+1100] {logging_mixin.py:188} INFO - [2026-01-06T14:43:12.367+1100] {dag.py:3089} INFO - Sync 1 DAGs
[2026-01-06T14:43:12.372+1100] {logging_mixin.py:188} INFO - [2026-01-06T14:43:12.372+1100] {dag.py:3947} INFO - Setting next_dagrun for example_dag_decorator to None, run_after=None
[2026-01-06T14:43:12.380+1100] {processor.py:183} INFO - Processing /Users/fionatham/Documents/Projects/vogue_data_pipeline/venv/lib/python3.11/site-packages/airflow/example_dags/example_dag_decorator.py took 0.252 seconds
[2026-01-06T14:45:12.401+1100] {processor.py:161} INFO - Started process (PID=93133) to work on /Users/fionatham/Documents/Projects/vogue_data_pipeline/venv/lib/python3.11/site-packages/airflow/example_dags/example_dag_decorator.py
[2026-01-06T14:45:12.401+1100] {processor.py:830} INFO - Processing file /Users/fionatham/Documents/Projects/vogue_data_pipeline/venv/lib/python3.11/site-packages/airflow/example_dags/example_dag_decorator.py for tasks to queue
[2026-01-06T14:45:12.402+1100] {logging_mixin.py:188} INFO - [2026-01-06T14:45:12.402+1100] {dagbag.py:545} INFO - Filling up the DagBag from /Users/fionatham/Documents/Projects/vogue_data_pipeline/venv/lib/python3.11/site-packages/airflow/example_dags/example_dag_decorator.py
[2026-01-06T14:45:12.558+1100] {processor.py:840} INFO - DAG(s) 'example_dag_decorator' retrieved from /Users/fionatham/Documents/Projects/vogue_data_pipeline/venv/lib/python3.11/site-packages/airflow/example_dags/example_dag_decorator.py
[2026-01-06T14:45:12.654+1100] {logging_mixin.py:188} INFO - [2026-01-06T14:45:12.654+1100] {dag.py:3089} INFO - Sync 1 DAGs
[2026-01-06T14:45:12.660+1100] {logging_mixin.py:188} INFO - [2026-01-06T14:45:12.660+1100] {dag.py:3947} INFO - Setting next_dagrun for example_dag_decorator to None, run_after=None
[2026-01-06T14:45:12.668+1100] {processor.py:183} INFO - Processing /Users/fionatham/Documents/Projects/vogue_data_pipeline/venv/lib/python3.11/site-packages/airflow/example_dags/example_dag_decorator.py took 0.269 seconds
[2026-01-06T14:47:05.032+1100] {processor.py:161} INFO - Started process (PID=93214) to work on /Users/fionatham/Documents/Projects/vogue_data_pipeline/venv/lib/python3.11/site-packages/airflow/example_dags/example_dag_decorator.py
[2026-01-06T14:47:05.034+1100] {processor.py:830} INFO - Processing file /Users/fionatham/Documents/Projects/vogue_data_pipeline/venv/lib/python3.11/site-packages/airflow/example_dags/example_dag_decorator.py for tasks to queue
[2026-01-06T14:47:05.034+1100] {logging_mixin.py:188} INFO - [2026-01-06T14:47:05.034+1100] {dagbag.py:545} INFO - Filling up the DagBag from /Users/fionatham/Documents/Projects/vogue_data_pipeline/venv/lib/python3.11/site-packages/airflow/example_dags/example_dag_decorator.py
[2026-01-06T14:47:05.184+1100] {processor.py:840} INFO - DAG(s) 'example_dag_decorator' retrieved from /Users/fionatham/Documents/Projects/vogue_data_pipeline/venv/lib/python3.11/site-packages/airflow/example_dags/example_dag_decorator.py
[2026-01-06T14:47:05.267+1100] {logging_mixin.py:188} INFO - [2026-01-06T14:47:05.267+1100] {dag.py:3089} INFO - Sync 1 DAGs
[2026-01-06T14:47:05.271+1100] {logging_mixin.py:188} INFO - [2026-01-06T14:47:05.271+1100] {dag.py:3947} INFO - Setting next_dagrun for example_dag_decorator to None, run_after=None
[2026-01-06T14:47:05.278+1100] {processor.py:183} INFO - Processing /Users/fionatham/Documents/Projects/vogue_data_pipeline/venv/lib/python3.11/site-packages/airflow/example_dags/example_dag_decorator.py took 0.247 seconds
[2026-01-06T14:49:05.278+1100] {processor.py:161} INFO - Started process (PID=93300) to work on /Users/fionatham/Documents/Projects/vogue_data_pipeline/venv/lib/python3.11/site-packages/airflow/example_dags/example_dag_decorator.py
[2026-01-06T14:49:05.278+1100] {processor.py:830} INFO - Processing file /Users/fionatham/Documents/Projects/vogue_data_pipeline/venv/lib/python3.11/site-packages/airflow/example_dags/example_dag_decorator.py for tasks to queue
[2026-01-06T14:49:05.279+1100] {logging_mixin.py:188} INFO - [2026-01-06T14:49:05.279+1100] {dagbag.py:545} INFO - Filling up the DagBag from /Users/fionatham/Documents/Projects/vogue_data_pipeline/venv/lib/python3.11/site-packages/airflow/example_dags/example_dag_decorator.py
[2026-01-06T14:49:05.445+1100] {processor.py:840} INFO - DAG(s) 'example_dag_decorator' retrieved from /Users/fionatham/Documents/Projects/vogue_data_pipeline/venv/lib/python3.11/site-packages/airflow/example_dags/example_dag_decorator.py
[2026-01-06T14:49:05.530+1100] {logging_mixin.py:188} INFO - [2026-01-06T14:49:05.530+1100] {dag.py:3089} INFO - Sync 1 DAGs
[2026-01-06T14:49:05.533+1100] {logging_mixin.py:188} INFO - [2026-01-06T14:49:05.533+1100] {dag.py:3947} INFO - Setting next_dagrun for example_dag_decorator to None, run_after=None
[2026-01-06T14:49:05.541+1100] {processor.py:183} INFO - Processing /Users/fionatham/Documents/Projects/vogue_data_pipeline/venv/lib/python3.11/site-packages/airflow/example_dags/example_dag_decorator.py took 0.265 seconds
[2026-01-06T14:50:59.658+1100] {processor.py:161} INFO - Started process (PID=93394) to work on /Users/fionatham/Documents/Projects/vogue_data_pipeline/venv/lib/python3.11/site-packages/airflow/example_dags/example_dag_decorator.py
[2026-01-06T14:50:59.658+1100] {processor.py:830} INFO - Processing file /Users/fionatham/Documents/Projects/vogue_data_pipeline/venv/lib/python3.11/site-packages/airflow/example_dags/example_dag_decorator.py for tasks to queue
[2026-01-06T14:50:59.659+1100] {logging_mixin.py:188} INFO - [2026-01-06T14:50:59.659+1100] {dagbag.py:545} INFO - Filling up the DagBag from /Users/fionatham/Documents/Projects/vogue_data_pipeline/venv/lib/python3.11/site-packages/airflow/example_dags/example_dag_decorator.py
[2026-01-06T14:50:59.829+1100] {processor.py:840} INFO - DAG(s) 'example_dag_decorator' retrieved from /Users/fionatham/Documents/Projects/vogue_data_pipeline/venv/lib/python3.11/site-packages/airflow/example_dags/example_dag_decorator.py
[2026-01-06T14:50:59.917+1100] {logging_mixin.py:188} INFO - [2026-01-06T14:50:59.917+1100] {dag.py:3089} INFO - Sync 1 DAGs
[2026-01-06T14:50:59.922+1100] {logging_mixin.py:188} INFO - [2026-01-06T14:50:59.922+1100] {dag.py:3947} INFO - Setting next_dagrun for example_dag_decorator to None, run_after=None
[2026-01-06T14:50:59.930+1100] {processor.py:183} INFO - Processing /Users/fionatham/Documents/Projects/vogue_data_pipeline/venv/lib/python3.11/site-packages/airflow/example_dags/example_dag_decorator.py took 0.274 seconds
[2026-01-06T14:52:53.829+1100] {processor.py:161} INFO - Started process (PID=93514) to work on /Users/fionatham/Documents/Projects/vogue_data_pipeline/venv/lib/python3.11/site-packages/airflow/example_dags/example_dag_decorator.py
[2026-01-06T14:52:53.829+1100] {processor.py:830} INFO - Processing file /Users/fionatham/Documents/Projects/vogue_data_pipeline/venv/lib/python3.11/site-packages/airflow/example_dags/example_dag_decorator.py for tasks to queue
[2026-01-06T14:52:53.829+1100] {logging_mixin.py:188} INFO - [2026-01-06T14:52:53.829+1100] {dagbag.py:545} INFO - Filling up the DagBag from /Users/fionatham/Documents/Projects/vogue_data_pipeline/venv/lib/python3.11/site-packages/airflow/example_dags/example_dag_decorator.py
[2026-01-06T14:52:53.985+1100] {processor.py:840} INFO - DAG(s) 'example_dag_decorator' retrieved from /Users/fionatham/Documents/Projects/vogue_data_pipeline/venv/lib/python3.11/site-packages/airflow/example_dags/example_dag_decorator.py
[2026-01-06T14:52:54.070+1100] {logging_mixin.py:188} INFO - [2026-01-06T14:52:54.070+1100] {dag.py:3089} INFO - Sync 1 DAGs
[2026-01-06T14:52:54.074+1100] {logging_mixin.py:188} INFO - [2026-01-06T14:52:54.074+1100] {dag.py:3947} INFO - Setting next_dagrun for example_dag_decorator to None, run_after=None
[2026-01-06T14:52:54.082+1100] {processor.py:183} INFO - Processing /Users/fionatham/Documents/Projects/vogue_data_pipeline/venv/lib/python3.11/site-packages/airflow/example_dags/example_dag_decorator.py took 0.254 seconds
[2026-01-06T14:54:52.058+1100] {processor.py:161} INFO - Started process (PID=93694) to work on /Users/fionatham/Documents/Projects/vogue_data_pipeline/venv/lib/python3.11/site-packages/airflow/example_dags/example_dag_decorator.py
[2026-01-06T14:54:52.059+1100] {processor.py:830} INFO - Processing file /Users/fionatham/Documents/Projects/vogue_data_pipeline/venv/lib/python3.11/site-packages/airflow/example_dags/example_dag_decorator.py for tasks to queue
[2026-01-06T14:54:52.059+1100] {logging_mixin.py:188} INFO - [2026-01-06T14:54:52.059+1100] {dagbag.py:545} INFO - Filling up the DagBag from /Users/fionatham/Documents/Projects/vogue_data_pipeline/venv/lib/python3.11/site-packages/airflow/example_dags/example_dag_decorator.py
[2026-01-06T14:54:52.216+1100] {processor.py:840} INFO - DAG(s) 'example_dag_decorator' retrieved from /Users/fionatham/Documents/Projects/vogue_data_pipeline/venv/lib/python3.11/site-packages/airflow/example_dags/example_dag_decorator.py
[2026-01-06T14:54:52.306+1100] {logging_mixin.py:188} INFO - [2026-01-06T14:54:52.306+1100] {dag.py:3089} INFO - Sync 1 DAGs
[2026-01-06T14:54:52.310+1100] {logging_mixin.py:188} INFO - [2026-01-06T14:54:52.310+1100] {dag.py:3947} INFO - Setting next_dagrun for example_dag_decorator to None, run_after=None
[2026-01-06T14:54:52.318+1100] {processor.py:183} INFO - Processing /Users/fionatham/Documents/Projects/vogue_data_pipeline/venv/lib/python3.11/site-packages/airflow/example_dags/example_dag_decorator.py took 0.261 seconds
[2026-01-06T14:56:50.636+1100] {processor.py:161} INFO - Started process (PID=93820) to work on /Users/fionatham/Documents/Projects/vogue_data_pipeline/venv/lib/python3.11/site-packages/airflow/example_dags/example_dag_decorator.py
[2026-01-06T14:56:50.638+1100] {processor.py:830} INFO - Processing file /Users/fionatham/Documents/Projects/vogue_data_pipeline/venv/lib/python3.11/site-packages/airflow/example_dags/example_dag_decorator.py for tasks to queue
[2026-01-06T14:56:50.638+1100] {logging_mixin.py:188} INFO - [2026-01-06T14:56:50.638+1100] {dagbag.py:545} INFO - Filling up the DagBag from /Users/fionatham/Documents/Projects/vogue_data_pipeline/venv/lib/python3.11/site-packages/airflow/example_dags/example_dag_decorator.py
[2026-01-06T14:56:50.781+1100] {processor.py:840} INFO - DAG(s) 'example_dag_decorator' retrieved from /Users/fionatham/Documents/Projects/vogue_data_pipeline/venv/lib/python3.11/site-packages/airflow/example_dags/example_dag_decorator.py
[2026-01-06T14:56:50.860+1100] {logging_mixin.py:188} INFO - [2026-01-06T14:56:50.860+1100] {dag.py:3089} INFO - Sync 1 DAGs
[2026-01-06T14:56:50.864+1100] {logging_mixin.py:188} INFO - [2026-01-06T14:56:50.864+1100] {dag.py:3947} INFO - Setting next_dagrun for example_dag_decorator to None, run_after=None
[2026-01-06T14:56:50.871+1100] {processor.py:183} INFO - Processing /Users/fionatham/Documents/Projects/vogue_data_pipeline/venv/lib/python3.11/site-packages/airflow/example_dags/example_dag_decorator.py took 0.236 seconds
[2026-01-06T14:58:45.307+1100] {processor.py:161} INFO - Started process (PID=93947) to work on /Users/fionatham/Documents/Projects/vogue_data_pipeline/venv/lib/python3.11/site-packages/airflow/example_dags/example_dag_decorator.py
[2026-01-06T14:58:45.308+1100] {processor.py:830} INFO - Processing file /Users/fionatham/Documents/Projects/vogue_data_pipeline/venv/lib/python3.11/site-packages/airflow/example_dags/example_dag_decorator.py for tasks to queue
[2026-01-06T14:58:45.309+1100] {logging_mixin.py:188} INFO - [2026-01-06T14:58:45.308+1100] {dagbag.py:545} INFO - Filling up the DagBag from /Users/fionatham/Documents/Projects/vogue_data_pipeline/venv/lib/python3.11/site-packages/airflow/example_dags/example_dag_decorator.py
[2026-01-06T14:58:45.461+1100] {processor.py:840} INFO - DAG(s) 'example_dag_decorator' retrieved from /Users/fionatham/Documents/Projects/vogue_data_pipeline/venv/lib/python3.11/site-packages/airflow/example_dags/example_dag_decorator.py
[2026-01-06T14:58:45.554+1100] {logging_mixin.py:188} INFO - [2026-01-06T14:58:45.554+1100] {dag.py:3089} INFO - Sync 1 DAGs
[2026-01-06T14:58:45.558+1100] {logging_mixin.py:188} INFO - [2026-01-06T14:58:45.558+1100] {dag.py:3947} INFO - Setting next_dagrun for example_dag_decorator to None, run_after=None
[2026-01-06T14:58:45.567+1100] {processor.py:183} INFO - Processing /Users/fionatham/Documents/Projects/vogue_data_pipeline/venv/lib/python3.11/site-packages/airflow/example_dags/example_dag_decorator.py took 0.261 seconds
[2026-01-06T15:00:45.940+1100] {processor.py:161} INFO - Started process (PID=94127) to work on /Users/fionatham/Documents/Projects/vogue_data_pipeline/venv/lib/python3.11/site-packages/airflow/example_dags/example_dag_decorator.py
[2026-01-06T15:00:45.941+1100] {processor.py:830} INFO - Processing file /Users/fionatham/Documents/Projects/vogue_data_pipeline/venv/lib/python3.11/site-packages/airflow/example_dags/example_dag_decorator.py for tasks to queue
[2026-01-06T15:00:45.941+1100] {logging_mixin.py:188} INFO - [2026-01-06T15:00:45.941+1100] {dagbag.py:545} INFO - Filling up the DagBag from /Users/fionatham/Documents/Projects/vogue_data_pipeline/venv/lib/python3.11/site-packages/airflow/example_dags/example_dag_decorator.py
[2026-01-06T15:00:46.088+1100] {processor.py:840} INFO - DAG(s) 'example_dag_decorator' retrieved from /Users/fionatham/Documents/Projects/vogue_data_pipeline/venv/lib/python3.11/site-packages/airflow/example_dags/example_dag_decorator.py
[2026-01-06T15:00:46.170+1100] {logging_mixin.py:188} INFO - [2026-01-06T15:00:46.170+1100] {dag.py:3089} INFO - Sync 1 DAGs
[2026-01-06T15:00:46.174+1100] {logging_mixin.py:188} INFO - [2026-01-06T15:00:46.174+1100] {dag.py:3947} INFO - Setting next_dagrun for example_dag_decorator to None, run_after=None
[2026-01-06T15:00:46.181+1100] {processor.py:183} INFO - Processing /Users/fionatham/Documents/Projects/vogue_data_pipeline/venv/lib/python3.11/site-packages/airflow/example_dags/example_dag_decorator.py took 0.242 seconds
[2026-01-06T15:02:45.911+1100] {processor.py:161} INFO - Started process (PID=94356) to work on /Users/fionatham/Documents/Projects/vogue_data_pipeline/venv/lib/python3.11/site-packages/airflow/example_dags/example_dag_decorator.py
[2026-01-06T15:02:45.911+1100] {processor.py:830} INFO - Processing file /Users/fionatham/Documents/Projects/vogue_data_pipeline/venv/lib/python3.11/site-packages/airflow/example_dags/example_dag_decorator.py for tasks to queue
[2026-01-06T15:02:45.912+1100] {logging_mixin.py:188} INFO - [2026-01-06T15:02:45.912+1100] {dagbag.py:545} INFO - Filling up the DagBag from /Users/fionatham/Documents/Projects/vogue_data_pipeline/venv/lib/python3.11/site-packages/airflow/example_dags/example_dag_decorator.py
[2026-01-06T15:02:46.073+1100] {processor.py:840} INFO - DAG(s) 'example_dag_decorator' retrieved from /Users/fionatham/Documents/Projects/vogue_data_pipeline/venv/lib/python3.11/site-packages/airflow/example_dags/example_dag_decorator.py
[2026-01-06T15:02:46.160+1100] {logging_mixin.py:188} INFO - [2026-01-06T15:02:46.160+1100] {dag.py:3089} INFO - Sync 1 DAGs
[2026-01-06T15:02:46.164+1100] {logging_mixin.py:188} INFO - [2026-01-06T15:02:46.164+1100] {dag.py:3947} INFO - Setting next_dagrun for example_dag_decorator to None, run_after=None
[2026-01-06T15:02:46.172+1100] {processor.py:183} INFO - Processing /Users/fionatham/Documents/Projects/vogue_data_pipeline/venv/lib/python3.11/site-packages/airflow/example_dags/example_dag_decorator.py took 0.263 seconds
[2026-01-06T15:04:47.036+1100] {processor.py:161} INFO - Started process (PID=94585) to work on /Users/fionatham/Documents/Projects/vogue_data_pipeline/venv/lib/python3.11/site-packages/airflow/example_dags/example_dag_decorator.py
[2026-01-06T15:04:47.037+1100] {processor.py:830} INFO - Processing file /Users/fionatham/Documents/Projects/vogue_data_pipeline/venv/lib/python3.11/site-packages/airflow/example_dags/example_dag_decorator.py for tasks to queue
[2026-01-06T15:04:47.038+1100] {logging_mixin.py:188} INFO - [2026-01-06T15:04:47.037+1100] {dagbag.py:545} INFO - Filling up the DagBag from /Users/fionatham/Documents/Projects/vogue_data_pipeline/venv/lib/python3.11/site-packages/airflow/example_dags/example_dag_decorator.py
[2026-01-06T15:04:47.202+1100] {processor.py:840} INFO - DAG(s) 'example_dag_decorator' retrieved from /Users/fionatham/Documents/Projects/vogue_data_pipeline/venv/lib/python3.11/site-packages/airflow/example_dags/example_dag_decorator.py
[2026-01-06T15:04:47.288+1100] {logging_mixin.py:188} INFO - [2026-01-06T15:04:47.287+1100] {dag.py:3089} INFO - Sync 1 DAGs
[2026-01-06T15:04:47.291+1100] {logging_mixin.py:188} INFO - [2026-01-06T15:04:47.291+1100] {dag.py:3947} INFO - Setting next_dagrun for example_dag_decorator to None, run_after=None
[2026-01-06T15:04:47.299+1100] {processor.py:183} INFO - Processing /Users/fionatham/Documents/Projects/vogue_data_pipeline/venv/lib/python3.11/site-packages/airflow/example_dags/example_dag_decorator.py took 0.264 seconds
[2026-01-06T15:06:46.250+1100] {processor.py:161} INFO - Started process (PID=94727) to work on /Users/fionatham/Documents/Projects/vogue_data_pipeline/venv/lib/python3.11/site-packages/airflow/example_dags/example_dag_decorator.py
[2026-01-06T15:06:46.251+1100] {processor.py:830} INFO - Processing file /Users/fionatham/Documents/Projects/vogue_data_pipeline/venv/lib/python3.11/site-packages/airflow/example_dags/example_dag_decorator.py for tasks to queue
[2026-01-06T15:06:46.252+1100] {logging_mixin.py:188} INFO - [2026-01-06T15:06:46.252+1100] {dagbag.py:545} INFO - Filling up the DagBag from /Users/fionatham/Documents/Projects/vogue_data_pipeline/venv/lib/python3.11/site-packages/airflow/example_dags/example_dag_decorator.py
[2026-01-06T15:06:46.413+1100] {processor.py:840} INFO - DAG(s) 'example_dag_decorator' retrieved from /Users/fionatham/Documents/Projects/vogue_data_pipeline/venv/lib/python3.11/site-packages/airflow/example_dags/example_dag_decorator.py
[2026-01-06T15:06:46.507+1100] {logging_mixin.py:188} INFO - [2026-01-06T15:06:46.507+1100] {dag.py:3089} INFO - Sync 1 DAGs
[2026-01-06T15:06:46.511+1100] {logging_mixin.py:188} INFO - [2026-01-06T15:06:46.511+1100] {dag.py:3947} INFO - Setting next_dagrun for example_dag_decorator to None, run_after=None
[2026-01-06T15:06:46.520+1100] {processor.py:183} INFO - Processing /Users/fionatham/Documents/Projects/vogue_data_pipeline/venv/lib/python3.11/site-packages/airflow/example_dags/example_dag_decorator.py took 0.271 seconds
[2026-01-06T15:13:11.828+1100] {processor.py:161} INFO - Started process (PID=95293) to work on /Users/fionatham/Documents/Projects/vogue_data_pipeline/venv/lib/python3.11/site-packages/airflow/example_dags/example_dag_decorator.py
[2026-01-06T15:13:11.829+1100] {processor.py:830} INFO - Processing file /Users/fionatham/Documents/Projects/vogue_data_pipeline/venv/lib/python3.11/site-packages/airflow/example_dags/example_dag_decorator.py for tasks to queue
[2026-01-06T15:13:11.829+1100] {logging_mixin.py:188} INFO - [2026-01-06T15:13:11.829+1100] {dagbag.py:545} INFO - Filling up the DagBag from /Users/fionatham/Documents/Projects/vogue_data_pipeline/venv/lib/python3.11/site-packages/airflow/example_dags/example_dag_decorator.py
[2026-01-06T15:13:11.993+1100] {processor.py:840} INFO - DAG(s) 'example_dag_decorator' retrieved from /Users/fionatham/Documents/Projects/vogue_data_pipeline/venv/lib/python3.11/site-packages/airflow/example_dags/example_dag_decorator.py
[2026-01-06T15:13:12.078+1100] {logging_mixin.py:188} INFO - [2026-01-06T15:13:12.078+1100] {dag.py:3089} INFO - Sync 1 DAGs
[2026-01-06T15:13:12.081+1100] {logging_mixin.py:188} INFO - [2026-01-06T15:13:12.081+1100] {dag.py:3947} INFO - Setting next_dagrun for example_dag_decorator to None, run_after=None
[2026-01-06T15:13:12.089+1100] {processor.py:183} INFO - Processing /Users/fionatham/Documents/Projects/vogue_data_pipeline/venv/lib/python3.11/site-packages/airflow/example_dags/example_dag_decorator.py took 0.262 seconds
[2026-01-06T16:21:29.754+1100] {processor.py:161} INFO - Started process (PID=95505) to work on /Users/fionatham/Documents/Projects/vogue_data_pipeline/venv/lib/python3.11/site-packages/airflow/example_dags/example_dag_decorator.py
[2026-01-06T16:21:29.755+1100] {processor.py:830} INFO - Processing file /Users/fionatham/Documents/Projects/vogue_data_pipeline/venv/lib/python3.11/site-packages/airflow/example_dags/example_dag_decorator.py for tasks to queue
[2026-01-06T16:21:29.755+1100] {logging_mixin.py:188} INFO - [2026-01-06T16:21:29.755+1100] {dagbag.py:545} INFO - Filling up the DagBag from /Users/fionatham/Documents/Projects/vogue_data_pipeline/venv/lib/python3.11/site-packages/airflow/example_dags/example_dag_decorator.py
[2026-01-06T16:21:29.909+1100] {processor.py:840} INFO - DAG(s) 'example_dag_decorator' retrieved from /Users/fionatham/Documents/Projects/vogue_data_pipeline/venv/lib/python3.11/site-packages/airflow/example_dags/example_dag_decorator.py
[2026-01-06T16:21:30.003+1100] {logging_mixin.py:188} INFO - [2026-01-06T16:21:30.003+1100] {dag.py:3089} INFO - Sync 1 DAGs
[2026-01-06T16:21:30.007+1100] {logging_mixin.py:188} INFO - [2026-01-06T16:21:30.007+1100] {dag.py:3947} INFO - Setting next_dagrun for example_dag_decorator to None, run_after=None
[2026-01-06T16:21:30.015+1100] {processor.py:183} INFO - Processing /Users/fionatham/Documents/Projects/vogue_data_pipeline/venv/lib/python3.11/site-packages/airflow/example_dags/example_dag_decorator.py took 0.262 seconds
[2026-01-06T19:04:13.212+1100] {processor.py:161} INFO - Started process (PID=95614) to work on /Users/fionatham/Documents/Projects/vogue_data_pipeline/venv/lib/python3.11/site-packages/airflow/example_dags/example_dag_decorator.py
[2026-01-06T19:04:13.213+1100] {processor.py:830} INFO - Processing file /Users/fionatham/Documents/Projects/vogue_data_pipeline/venv/lib/python3.11/site-packages/airflow/example_dags/example_dag_decorator.py for tasks to queue
[2026-01-06T19:04:13.214+1100] {logging_mixin.py:188} INFO - [2026-01-06T19:04:13.214+1100] {dagbag.py:545} INFO - Filling up the DagBag from /Users/fionatham/Documents/Projects/vogue_data_pipeline/venv/lib/python3.11/site-packages/airflow/example_dags/example_dag_decorator.py
[2026-01-06T19:04:13.367+1100] {processor.py:840} INFO - DAG(s) 'example_dag_decorator' retrieved from /Users/fionatham/Documents/Projects/vogue_data_pipeline/venv/lib/python3.11/site-packages/airflow/example_dags/example_dag_decorator.py
[2026-01-06T19:04:13.451+1100] {logging_mixin.py:188} INFO - [2026-01-06T19:04:13.451+1100] {dag.py:3089} INFO - Sync 1 DAGs
[2026-01-06T19:04:13.455+1100] {logging_mixin.py:188} INFO - [2026-01-06T19:04:13.455+1100] {dag.py:3947} INFO - Setting next_dagrun for example_dag_decorator to None, run_after=None
[2026-01-06T19:04:13.462+1100] {processor.py:183} INFO - Processing /Users/fionatham/Documents/Projects/vogue_data_pipeline/venv/lib/python3.11/site-packages/airflow/example_dags/example_dag_decorator.py took 0.251 seconds
[2026-01-06T20:52:12.568+1100] {processor.py:161} INFO - Started process (PID=95767) to work on /Users/fionatham/Documents/Projects/vogue_data_pipeline/venv/lib/python3.11/site-packages/airflow/example_dags/example_dag_decorator.py
[2026-01-06T20:52:12.570+1100] {processor.py:830} INFO - Processing file /Users/fionatham/Documents/Projects/vogue_data_pipeline/venv/lib/python3.11/site-packages/airflow/example_dags/example_dag_decorator.py for tasks to queue
[2026-01-06T20:52:12.570+1100] {logging_mixin.py:188} INFO - [2026-01-06T20:52:12.570+1100] {dagbag.py:545} INFO - Filling up the DagBag from /Users/fionatham/Documents/Projects/vogue_data_pipeline/venv/lib/python3.11/site-packages/airflow/example_dags/example_dag_decorator.py
[2026-01-06T20:52:12.908+1100] {processor.py:840} INFO - DAG(s) 'example_dag_decorator' retrieved from /Users/fionatham/Documents/Projects/vogue_data_pipeline/venv/lib/python3.11/site-packages/airflow/example_dags/example_dag_decorator.py
[2026-01-06T20:52:13.078+1100] {logging_mixin.py:188} INFO - [2026-01-06T20:52:13.077+1100] {dag.py:3089} INFO - Sync 1 DAGs
[2026-01-06T20:52:13.086+1100] {logging_mixin.py:188} INFO - [2026-01-06T20:52:13.086+1100] {dag.py:3947} INFO - Setting next_dagrun for example_dag_decorator to None, run_after=None
[2026-01-06T20:52:13.101+1100] {processor.py:183} INFO - Processing /Users/fionatham/Documents/Projects/vogue_data_pipeline/venv/lib/python3.11/site-packages/airflow/example_dags/example_dag_decorator.py took 0.536 seconds
[2026-01-06T23:57:08.052+1100] {processor.py:161} INFO - Started process (PID=96052) to work on /Users/fionatham/Documents/Projects/vogue_data_pipeline/venv/lib/python3.11/site-packages/airflow/example_dags/example_dag_decorator.py
[2026-01-06T23:57:08.053+1100] {processor.py:830} INFO - Processing file /Users/fionatham/Documents/Projects/vogue_data_pipeline/venv/lib/python3.11/site-packages/airflow/example_dags/example_dag_decorator.py for tasks to queue
[2026-01-06T23:57:08.053+1100] {logging_mixin.py:188} INFO - [2026-01-06T23:57:08.053+1100] {dagbag.py:545} INFO - Filling up the DagBag from /Users/fionatham/Documents/Projects/vogue_data_pipeline/venv/lib/python3.11/site-packages/airflow/example_dags/example_dag_decorator.py
[2026-01-06T23:57:08.210+1100] {processor.py:840} INFO - DAG(s) 'example_dag_decorator' retrieved from /Users/fionatham/Documents/Projects/vogue_data_pipeline/venv/lib/python3.11/site-packages/airflow/example_dags/example_dag_decorator.py
[2026-01-06T23:57:08.297+1100] {logging_mixin.py:188} INFO - [2026-01-06T23:57:08.297+1100] {dag.py:3089} INFO - Sync 1 DAGs
[2026-01-06T23:57:08.301+1100] {logging_mixin.py:188} INFO - [2026-01-06T23:57:08.301+1100] {dag.py:3947} INFO - Setting next_dagrun for example_dag_decorator to None, run_after=None
[2026-01-06T23:57:08.309+1100] {processor.py:183} INFO - Processing /Users/fionatham/Documents/Projects/vogue_data_pipeline/venv/lib/python3.11/site-packages/airflow/example_dags/example_dag_decorator.py took 0.258 seconds
