[2026-01-06T13:57:49.508+1100] {processor.py:161} INFO - Started process (PID=85436) to work on /Users/fionatham/Documents/Projects/vogue_data_pipeline/venv/lib/python3.11/site-packages/airflow/example_dags/example_branch_python_dop_operator_3.py
[2026-01-06T13:57:49.509+1100] {processor.py:830} INFO - Processing file /Users/fionatham/Documents/Projects/vogue_data_pipeline/venv/lib/python3.11/site-packages/airflow/example_dags/example_branch_python_dop_operator_3.py for tasks to queue
[2026-01-06T13:57:49.509+1100] {logging_mixin.py:188} INFO - [2026-01-06T13:57:49.509+1100] {dagbag.py:545} INFO - Filling up the DagBag from /Users/fionatham/Documents/Projects/vogue_data_pipeline/venv/lib/python3.11/site-packages/airflow/example_dags/example_branch_python_dop_operator_3.py
[2026-01-06T13:57:49.531+1100] {processor.py:840} INFO - DAG(s) 'example_branch_dop_operator_v3' retrieved from /Users/fionatham/Documents/Projects/vogue_data_pipeline/venv/lib/python3.11/site-packages/airflow/example_dags/example_branch_python_dop_operator_3.py
[2026-01-06T13:57:49.670+1100] {logging_mixin.py:188} INFO - [2026-01-06T13:57:49.670+1100] {override.py:1858} INFO - Created Permission View: can edit on DAG:example_branch_dop_operator_v3
[2026-01-06T13:57:49.674+1100] {logging_mixin.py:188} INFO - [2026-01-06T13:57:49.674+1100] {override.py:1858} INFO - Created Permission View: can delete on DAG:example_branch_dop_operator_v3
[2026-01-06T13:57:49.678+1100] {logging_mixin.py:188} INFO - [2026-01-06T13:57:49.678+1100] {override.py:1858} INFO - Created Permission View: can read on DAG:example_branch_dop_operator_v3
[2026-01-06T13:57:49.678+1100] {logging_mixin.py:188} INFO - [2026-01-06T13:57:49.678+1100] {dag.py:3089} INFO - Sync 1 DAGs
[2026-01-06T13:57:49.682+1100] {logging_mixin.py:188} INFO - [2026-01-06T13:57:49.682+1100] {dag.py:3111} INFO - Creating ORM DAG for example_branch_dop_operator_v3
[2026-01-06T13:57:49.687+1100] {logging_mixin.py:188} INFO - [2026-01-06T13:57:49.687+1100] {dag.py:3947} INFO - Setting next_dagrun for example_branch_dop_operator_v3 to 2026-01-06 02:56:00+00:00, run_after=2026-01-06 02:57:00+00:00
[2026-01-06T13:57:49.694+1100] {processor.py:183} INFO - Processing /Users/fionatham/Documents/Projects/vogue_data_pipeline/venv/lib/python3.11/site-packages/airflow/example_dags/example_branch_python_dop_operator_3.py took 0.187 seconds
[2026-01-06T13:59:51.362+1100] {processor.py:161} INFO - Started process (PID=86801) to work on /Users/fionatham/Documents/Projects/vogue_data_pipeline/venv/lib/python3.11/site-packages/airflow/example_dags/example_branch_python_dop_operator_3.py
[2026-01-06T13:59:51.363+1100] {processor.py:830} INFO - Processing file /Users/fionatham/Documents/Projects/vogue_data_pipeline/venv/lib/python3.11/site-packages/airflow/example_dags/example_branch_python_dop_operator_3.py for tasks to queue
[2026-01-06T13:59:51.363+1100] {logging_mixin.py:188} INFO - [2026-01-06T13:59:51.363+1100] {dagbag.py:545} INFO - Filling up the DagBag from /Users/fionatham/Documents/Projects/vogue_data_pipeline/venv/lib/python3.11/site-packages/airflow/example_dags/example_branch_python_dop_operator_3.py
[2026-01-06T13:59:51.381+1100] {processor.py:840} INFO - DAG(s) 'example_branch_dop_operator_v3' retrieved from /Users/fionatham/Documents/Projects/vogue_data_pipeline/venv/lib/python3.11/site-packages/airflow/example_dags/example_branch_python_dop_operator_3.py
[2026-01-06T13:59:51.426+1100] {logging_mixin.py:188} INFO - [2026-01-06T13:59:51.426+1100] {dag.py:3089} INFO - Sync 1 DAGs
[2026-01-06T13:59:51.434+1100] {logging_mixin.py:188} INFO - [2026-01-06T13:59:51.434+1100] {dag.py:3947} INFO - Setting next_dagrun for example_branch_dop_operator_v3 to 2026-01-06 02:58:00+00:00, run_after=2026-01-06 02:59:00+00:00
[2026-01-06T13:59:51.443+1100] {processor.py:183} INFO - Processing /Users/fionatham/Documents/Projects/vogue_data_pipeline/venv/lib/python3.11/site-packages/airflow/example_dags/example_branch_python_dop_operator_3.py took 0.083 seconds
[2026-01-06T14:01:51.208+1100] {processor.py:161} INFO - Started process (PID=87054) to work on /Users/fionatham/Documents/Projects/vogue_data_pipeline/venv/lib/python3.11/site-packages/airflow/example_dags/example_branch_python_dop_operator_3.py
[2026-01-06T14:01:51.209+1100] {processor.py:830} INFO - Processing file /Users/fionatham/Documents/Projects/vogue_data_pipeline/venv/lib/python3.11/site-packages/airflow/example_dags/example_branch_python_dop_operator_3.py for tasks to queue
[2026-01-06T14:01:51.209+1100] {logging_mixin.py:188} INFO - [2026-01-06T14:01:51.209+1100] {dagbag.py:545} INFO - Filling up the DagBag from /Users/fionatham/Documents/Projects/vogue_data_pipeline/venv/lib/python3.11/site-packages/airflow/example_dags/example_branch_python_dop_operator_3.py
[2026-01-06T14:01:51.228+1100] {processor.py:840} INFO - DAG(s) 'example_branch_dop_operator_v3' retrieved from /Users/fionatham/Documents/Projects/vogue_data_pipeline/venv/lib/python3.11/site-packages/airflow/example_dags/example_branch_python_dop_operator_3.py
[2026-01-06T14:01:51.274+1100] {logging_mixin.py:188} INFO - [2026-01-06T14:01:51.274+1100] {dag.py:3089} INFO - Sync 1 DAGs
[2026-01-06T14:01:51.284+1100] {logging_mixin.py:188} INFO - [2026-01-06T14:01:51.284+1100] {dag.py:3947} INFO - Setting next_dagrun for example_branch_dop_operator_v3 to 2026-01-06 03:00:00+00:00, run_after=2026-01-06 03:01:00+00:00
[2026-01-06T14:01:51.292+1100] {processor.py:183} INFO - Processing /Users/fionatham/Documents/Projects/vogue_data_pipeline/venv/lib/python3.11/site-packages/airflow/example_dags/example_branch_python_dop_operator_3.py took 0.086 seconds
[2026-01-06T14:03:54.594+1100] {processor.py:161} INFO - Started process (PID=87229) to work on /Users/fionatham/Documents/Projects/vogue_data_pipeline/venv/lib/python3.11/site-packages/airflow/example_dags/example_branch_python_dop_operator_3.py
[2026-01-06T14:03:54.595+1100] {processor.py:830} INFO - Processing file /Users/fionatham/Documents/Projects/vogue_data_pipeline/venv/lib/python3.11/site-packages/airflow/example_dags/example_branch_python_dop_operator_3.py for tasks to queue
[2026-01-06T14:03:54.595+1100] {logging_mixin.py:188} INFO - [2026-01-06T14:03:54.595+1100] {dagbag.py:545} INFO - Filling up the DagBag from /Users/fionatham/Documents/Projects/vogue_data_pipeline/venv/lib/python3.11/site-packages/airflow/example_dags/example_branch_python_dop_operator_3.py
[2026-01-06T14:03:54.612+1100] {processor.py:840} INFO - DAG(s) 'example_branch_dop_operator_v3' retrieved from /Users/fionatham/Documents/Projects/vogue_data_pipeline/venv/lib/python3.11/site-packages/airflow/example_dags/example_branch_python_dop_operator_3.py
[2026-01-06T14:03:54.656+1100] {logging_mixin.py:188} INFO - [2026-01-06T14:03:54.656+1100] {dag.py:3089} INFO - Sync 1 DAGs
[2026-01-06T14:03:54.666+1100] {logging_mixin.py:188} INFO - [2026-01-06T14:03:54.666+1100] {dag.py:3947} INFO - Setting next_dagrun for example_branch_dop_operator_v3 to 2026-01-06 03:02:00+00:00, run_after=2026-01-06 03:03:00+00:00
[2026-01-06T14:03:54.674+1100] {processor.py:183} INFO - Processing /Users/fionatham/Documents/Projects/vogue_data_pipeline/venv/lib/python3.11/site-packages/airflow/example_dags/example_branch_python_dop_operator_3.py took 0.081 seconds
[2026-01-06T14:05:53.823+1100] {processor.py:161} INFO - Started process (PID=87454) to work on /Users/fionatham/Documents/Projects/vogue_data_pipeline/venv/lib/python3.11/site-packages/airflow/example_dags/example_branch_python_dop_operator_3.py
[2026-01-06T14:05:53.824+1100] {processor.py:830} INFO - Processing file /Users/fionatham/Documents/Projects/vogue_data_pipeline/venv/lib/python3.11/site-packages/airflow/example_dags/example_branch_python_dop_operator_3.py for tasks to queue
[2026-01-06T14:05:53.824+1100] {logging_mixin.py:188} INFO - [2026-01-06T14:05:53.824+1100] {dagbag.py:545} INFO - Filling up the DagBag from /Users/fionatham/Documents/Projects/vogue_data_pipeline/venv/lib/python3.11/site-packages/airflow/example_dags/example_branch_python_dop_operator_3.py
[2026-01-06T14:05:53.841+1100] {processor.py:840} INFO - DAG(s) 'example_branch_dop_operator_v3' retrieved from /Users/fionatham/Documents/Projects/vogue_data_pipeline/venv/lib/python3.11/site-packages/airflow/example_dags/example_branch_python_dop_operator_3.py
[2026-01-06T14:05:53.885+1100] {logging_mixin.py:188} INFO - [2026-01-06T14:05:53.884+1100] {dag.py:3089} INFO - Sync 1 DAGs
[2026-01-06T14:05:53.894+1100] {logging_mixin.py:188} INFO - [2026-01-06T14:05:53.894+1100] {dag.py:3947} INFO - Setting next_dagrun for example_branch_dop_operator_v3 to 2026-01-06 03:04:00+00:00, run_after=2026-01-06 03:05:00+00:00
[2026-01-06T14:05:53.901+1100] {processor.py:183} INFO - Processing /Users/fionatham/Documents/Projects/vogue_data_pipeline/venv/lib/python3.11/site-packages/airflow/example_dags/example_branch_python_dop_operator_3.py took 0.080 seconds
[2026-01-06T14:07:56.011+1100] {processor.py:161} INFO - Started process (PID=87641) to work on /Users/fionatham/Documents/Projects/vogue_data_pipeline/venv/lib/python3.11/site-packages/airflow/example_dags/example_branch_python_dop_operator_3.py
[2026-01-06T14:07:56.012+1100] {processor.py:830} INFO - Processing file /Users/fionatham/Documents/Projects/vogue_data_pipeline/venv/lib/python3.11/site-packages/airflow/example_dags/example_branch_python_dop_operator_3.py for tasks to queue
[2026-01-06T14:07:56.012+1100] {logging_mixin.py:188} INFO - [2026-01-06T14:07:56.012+1100] {dagbag.py:545} INFO - Filling up the DagBag from /Users/fionatham/Documents/Projects/vogue_data_pipeline/venv/lib/python3.11/site-packages/airflow/example_dags/example_branch_python_dop_operator_3.py
[2026-01-06T14:07:56.031+1100] {processor.py:840} INFO - DAG(s) 'example_branch_dop_operator_v3' retrieved from /Users/fionatham/Documents/Projects/vogue_data_pipeline/venv/lib/python3.11/site-packages/airflow/example_dags/example_branch_python_dop_operator_3.py
[2026-01-06T14:07:56.074+1100] {logging_mixin.py:188} INFO - [2026-01-06T14:07:56.074+1100] {dag.py:3089} INFO - Sync 1 DAGs
[2026-01-06T14:07:56.084+1100] {logging_mixin.py:188} INFO - [2026-01-06T14:07:56.083+1100] {dag.py:3947} INFO - Setting next_dagrun for example_branch_dop_operator_v3 to 2026-01-06 03:06:00+00:00, run_after=2026-01-06 03:07:00+00:00
[2026-01-06T14:07:56.092+1100] {processor.py:183} INFO - Processing /Users/fionatham/Documents/Projects/vogue_data_pipeline/venv/lib/python3.11/site-packages/airflow/example_dags/example_branch_python_dop_operator_3.py took 0.082 seconds
[2026-01-06T14:09:52.166+1100] {processor.py:161} INFO - Started process (PID=87725) to work on /Users/fionatham/Documents/Projects/vogue_data_pipeline/venv/lib/python3.11/site-packages/airflow/example_dags/example_branch_python_dop_operator_3.py
[2026-01-06T14:09:52.167+1100] {processor.py:830} INFO - Processing file /Users/fionatham/Documents/Projects/vogue_data_pipeline/venv/lib/python3.11/site-packages/airflow/example_dags/example_branch_python_dop_operator_3.py for tasks to queue
[2026-01-06T14:09:52.167+1100] {logging_mixin.py:188} INFO - [2026-01-06T14:09:52.167+1100] {dagbag.py:545} INFO - Filling up the DagBag from /Users/fionatham/Documents/Projects/vogue_data_pipeline/venv/lib/python3.11/site-packages/airflow/example_dags/example_branch_python_dop_operator_3.py
[2026-01-06T14:09:52.184+1100] {processor.py:840} INFO - DAG(s) 'example_branch_dop_operator_v3' retrieved from /Users/fionatham/Documents/Projects/vogue_data_pipeline/venv/lib/python3.11/site-packages/airflow/example_dags/example_branch_python_dop_operator_3.py
[2026-01-06T14:09:52.230+1100] {logging_mixin.py:188} INFO - [2026-01-06T14:09:52.230+1100] {dag.py:3089} INFO - Sync 1 DAGs
[2026-01-06T14:09:52.239+1100] {logging_mixin.py:188} INFO - [2026-01-06T14:09:52.239+1100] {dag.py:3947} INFO - Setting next_dagrun for example_branch_dop_operator_v3 to 2026-01-06 03:08:00+00:00, run_after=2026-01-06 03:09:00+00:00
[2026-01-06T14:09:52.247+1100] {processor.py:183} INFO - Processing /Users/fionatham/Documents/Projects/vogue_data_pipeline/venv/lib/python3.11/site-packages/airflow/example_dags/example_branch_python_dop_operator_3.py took 0.083 seconds
[2026-01-06T14:11:49.544+1100] {processor.py:161} INFO - Started process (PID=87897) to work on /Users/fionatham/Documents/Projects/vogue_data_pipeline/venv/lib/python3.11/site-packages/airflow/example_dags/example_branch_python_dop_operator_3.py
[2026-01-06T14:11:49.545+1100] {processor.py:830} INFO - Processing file /Users/fionatham/Documents/Projects/vogue_data_pipeline/venv/lib/python3.11/site-packages/airflow/example_dags/example_branch_python_dop_operator_3.py for tasks to queue
[2026-01-06T14:11:49.545+1100] {logging_mixin.py:188} INFO - [2026-01-06T14:11:49.545+1100] {dagbag.py:545} INFO - Filling up the DagBag from /Users/fionatham/Documents/Projects/vogue_data_pipeline/venv/lib/python3.11/site-packages/airflow/example_dags/example_branch_python_dop_operator_3.py
[2026-01-06T14:11:49.563+1100] {processor.py:840} INFO - DAG(s) 'example_branch_dop_operator_v3' retrieved from /Users/fionatham/Documents/Projects/vogue_data_pipeline/venv/lib/python3.11/site-packages/airflow/example_dags/example_branch_python_dop_operator_3.py
[2026-01-06T14:11:49.605+1100] {logging_mixin.py:188} INFO - [2026-01-06T14:11:49.605+1100] {dag.py:3089} INFO - Sync 1 DAGs
[2026-01-06T14:11:49.614+1100] {logging_mixin.py:188} INFO - [2026-01-06T14:11:49.613+1100] {dag.py:3947} INFO - Setting next_dagrun for example_branch_dop_operator_v3 to 2026-01-06 03:10:00+00:00, run_after=2026-01-06 03:11:00+00:00
[2026-01-06T14:11:49.621+1100] {processor.py:183} INFO - Processing /Users/fionatham/Documents/Projects/vogue_data_pipeline/venv/lib/python3.11/site-packages/airflow/example_dags/example_branch_python_dop_operator_3.py took 0.079 seconds
[2026-01-06T14:13:55.339+1100] {processor.py:161} INFO - Started process (PID=88052) to work on /Users/fionatham/Documents/Projects/vogue_data_pipeline/venv/lib/python3.11/site-packages/airflow/example_dags/example_branch_python_dop_operator_3.py
[2026-01-06T14:13:55.339+1100] {processor.py:830} INFO - Processing file /Users/fionatham/Documents/Projects/vogue_data_pipeline/venv/lib/python3.11/site-packages/airflow/example_dags/example_branch_python_dop_operator_3.py for tasks to queue
[2026-01-06T14:13:55.340+1100] {logging_mixin.py:188} INFO - [2026-01-06T14:13:55.340+1100] {dagbag.py:545} INFO - Filling up the DagBag from /Users/fionatham/Documents/Projects/vogue_data_pipeline/venv/lib/python3.11/site-packages/airflow/example_dags/example_branch_python_dop_operator_3.py
[2026-01-06T14:13:55.359+1100] {processor.py:840} INFO - DAG(s) 'example_branch_dop_operator_v3' retrieved from /Users/fionatham/Documents/Projects/vogue_data_pipeline/venv/lib/python3.11/site-packages/airflow/example_dags/example_branch_python_dop_operator_3.py
[2026-01-06T14:13:55.406+1100] {logging_mixin.py:188} INFO - [2026-01-06T14:13:55.405+1100] {dag.py:3089} INFO - Sync 1 DAGs
[2026-01-06T14:13:55.414+1100] {logging_mixin.py:188} INFO - [2026-01-06T14:13:55.414+1100] {dag.py:3947} INFO - Setting next_dagrun for example_branch_dop_operator_v3 to 2026-01-06 03:12:00+00:00, run_after=2026-01-06 03:13:00+00:00
[2026-01-06T14:13:55.423+1100] {processor.py:183} INFO - Processing /Users/fionatham/Documents/Projects/vogue_data_pipeline/venv/lib/python3.11/site-packages/airflow/example_dags/example_branch_python_dop_operator_3.py took 0.085 seconds
[2026-01-06T14:15:56.085+1100] {processor.py:161} INFO - Started process (PID=88970) to work on /Users/fionatham/Documents/Projects/vogue_data_pipeline/venv/lib/python3.11/site-packages/airflow/example_dags/example_branch_python_dop_operator_3.py
[2026-01-06T14:15:56.086+1100] {processor.py:830} INFO - Processing file /Users/fionatham/Documents/Projects/vogue_data_pipeline/venv/lib/python3.11/site-packages/airflow/example_dags/example_branch_python_dop_operator_3.py for tasks to queue
[2026-01-06T14:15:56.087+1100] {logging_mixin.py:188} INFO - [2026-01-06T14:15:56.086+1100] {dagbag.py:545} INFO - Filling up the DagBag from /Users/fionatham/Documents/Projects/vogue_data_pipeline/venv/lib/python3.11/site-packages/airflow/example_dags/example_branch_python_dop_operator_3.py
[2026-01-06T14:15:56.103+1100] {processor.py:840} INFO - DAG(s) 'example_branch_dop_operator_v3' retrieved from /Users/fionatham/Documents/Projects/vogue_data_pipeline/venv/lib/python3.11/site-packages/airflow/example_dags/example_branch_python_dop_operator_3.py
[2026-01-06T14:15:56.147+1100] {logging_mixin.py:188} INFO - [2026-01-06T14:15:56.147+1100] {dag.py:3089} INFO - Sync 1 DAGs
[2026-01-06T14:15:56.155+1100] {logging_mixin.py:188} INFO - [2026-01-06T14:15:56.155+1100] {dag.py:3947} INFO - Setting next_dagrun for example_branch_dop_operator_v3 to 2026-01-06 03:14:00+00:00, run_after=2026-01-06 03:15:00+00:00
[2026-01-06T14:15:56.164+1100] {processor.py:183} INFO - Processing /Users/fionatham/Documents/Projects/vogue_data_pipeline/venv/lib/python3.11/site-packages/airflow/example_dags/example_branch_python_dop_operator_3.py took 0.080 seconds
[2026-01-06T14:17:49.040+1100] {processor.py:161} INFO - Started process (PID=89392) to work on /Users/fionatham/Documents/Projects/vogue_data_pipeline/venv/lib/python3.11/site-packages/airflow/example_dags/example_branch_python_dop_operator_3.py
[2026-01-06T14:17:49.040+1100] {processor.py:830} INFO - Processing file /Users/fionatham/Documents/Projects/vogue_data_pipeline/venv/lib/python3.11/site-packages/airflow/example_dags/example_branch_python_dop_operator_3.py for tasks to queue
[2026-01-06T14:17:49.041+1100] {logging_mixin.py:188} INFO - [2026-01-06T14:17:49.041+1100] {dagbag.py:545} INFO - Filling up the DagBag from /Users/fionatham/Documents/Projects/vogue_data_pipeline/venv/lib/python3.11/site-packages/airflow/example_dags/example_branch_python_dop_operator_3.py
[2026-01-06T14:17:49.059+1100] {processor.py:840} INFO - DAG(s) 'example_branch_dop_operator_v3' retrieved from /Users/fionatham/Documents/Projects/vogue_data_pipeline/venv/lib/python3.11/site-packages/airflow/example_dags/example_branch_python_dop_operator_3.py
[2026-01-06T14:17:49.101+1100] {logging_mixin.py:188} INFO - [2026-01-06T14:17:49.101+1100] {dag.py:3089} INFO - Sync 1 DAGs
[2026-01-06T14:17:49.109+1100] {logging_mixin.py:188} INFO - [2026-01-06T14:17:49.109+1100] {dag.py:3947} INFO - Setting next_dagrun for example_branch_dop_operator_v3 to 2026-01-06 03:16:00+00:00, run_after=2026-01-06 03:17:00+00:00
[2026-01-06T14:17:49.117+1100] {processor.py:183} INFO - Processing /Users/fionatham/Documents/Projects/vogue_data_pipeline/venv/lib/python3.11/site-packages/airflow/example_dags/example_branch_python_dop_operator_3.py took 0.078 seconds
[2026-01-06T14:19:51.007+1100] {processor.py:161} INFO - Started process (PID=89952) to work on /Users/fionatham/Documents/Projects/vogue_data_pipeline/venv/lib/python3.11/site-packages/airflow/example_dags/example_branch_python_dop_operator_3.py
[2026-01-06T14:19:51.008+1100] {processor.py:830} INFO - Processing file /Users/fionatham/Documents/Projects/vogue_data_pipeline/venv/lib/python3.11/site-packages/airflow/example_dags/example_branch_python_dop_operator_3.py for tasks to queue
[2026-01-06T14:19:51.008+1100] {logging_mixin.py:188} INFO - [2026-01-06T14:19:51.008+1100] {dagbag.py:545} INFO - Filling up the DagBag from /Users/fionatham/Documents/Projects/vogue_data_pipeline/venv/lib/python3.11/site-packages/airflow/example_dags/example_branch_python_dop_operator_3.py
[2026-01-06T14:19:51.027+1100] {processor.py:840} INFO - DAG(s) 'example_branch_dop_operator_v3' retrieved from /Users/fionatham/Documents/Projects/vogue_data_pipeline/venv/lib/python3.11/site-packages/airflow/example_dags/example_branch_python_dop_operator_3.py
[2026-01-06T14:19:51.072+1100] {logging_mixin.py:188} INFO - [2026-01-06T14:19:51.071+1100] {dag.py:3089} INFO - Sync 1 DAGs
[2026-01-06T14:19:51.081+1100] {logging_mixin.py:188} INFO - [2026-01-06T14:19:51.081+1100] {dag.py:3947} INFO - Setting next_dagrun for example_branch_dop_operator_v3 to 2026-01-06 03:18:00+00:00, run_after=2026-01-06 03:19:00+00:00
[2026-01-06T14:19:51.090+1100] {processor.py:183} INFO - Processing /Users/fionatham/Documents/Projects/vogue_data_pipeline/venv/lib/python3.11/site-packages/airflow/example_dags/example_branch_python_dop_operator_3.py took 0.084 seconds
[2026-01-06T14:21:52.705+1100] {processor.py:161} INFO - Started process (PID=90045) to work on /Users/fionatham/Documents/Projects/vogue_data_pipeline/venv/lib/python3.11/site-packages/airflow/example_dags/example_branch_python_dop_operator_3.py
[2026-01-06T14:21:52.705+1100] {processor.py:830} INFO - Processing file /Users/fionatham/Documents/Projects/vogue_data_pipeline/venv/lib/python3.11/site-packages/airflow/example_dags/example_branch_python_dop_operator_3.py for tasks to queue
[2026-01-06T14:21:52.706+1100] {logging_mixin.py:188} INFO - [2026-01-06T14:21:52.706+1100] {dagbag.py:545} INFO - Filling up the DagBag from /Users/fionatham/Documents/Projects/vogue_data_pipeline/venv/lib/python3.11/site-packages/airflow/example_dags/example_branch_python_dop_operator_3.py
[2026-01-06T14:21:52.722+1100] {processor.py:840} INFO - DAG(s) 'example_branch_dop_operator_v3' retrieved from /Users/fionatham/Documents/Projects/vogue_data_pipeline/venv/lib/python3.11/site-packages/airflow/example_dags/example_branch_python_dop_operator_3.py
[2026-01-06T14:21:52.763+1100] {logging_mixin.py:188} INFO - [2026-01-06T14:21:52.763+1100] {dag.py:3089} INFO - Sync 1 DAGs
[2026-01-06T14:21:52.771+1100] {logging_mixin.py:188} INFO - [2026-01-06T14:21:52.771+1100] {dag.py:3947} INFO - Setting next_dagrun for example_branch_dop_operator_v3 to 2026-01-06 03:20:00+00:00, run_after=2026-01-06 03:21:00+00:00
[2026-01-06T14:21:52.778+1100] {processor.py:183} INFO - Processing /Users/fionatham/Documents/Projects/vogue_data_pipeline/venv/lib/python3.11/site-packages/airflow/example_dags/example_branch_python_dop_operator_3.py took 0.074 seconds
[2026-01-06T14:23:42.928+1100] {processor.py:161} INFO - Started process (PID=90139) to work on /Users/fionatham/Documents/Projects/vogue_data_pipeline/venv/lib/python3.11/site-packages/airflow/example_dags/example_branch_python_dop_operator_3.py
[2026-01-06T14:23:42.929+1100] {processor.py:830} INFO - Processing file /Users/fionatham/Documents/Projects/vogue_data_pipeline/venv/lib/python3.11/site-packages/airflow/example_dags/example_branch_python_dop_operator_3.py for tasks to queue
[2026-01-06T14:23:42.929+1100] {logging_mixin.py:188} INFO - [2026-01-06T14:23:42.929+1100] {dagbag.py:545} INFO - Filling up the DagBag from /Users/fionatham/Documents/Projects/vogue_data_pipeline/venv/lib/python3.11/site-packages/airflow/example_dags/example_branch_python_dop_operator_3.py
[2026-01-06T14:23:42.948+1100] {processor.py:840} INFO - DAG(s) 'example_branch_dop_operator_v3' retrieved from /Users/fionatham/Documents/Projects/vogue_data_pipeline/venv/lib/python3.11/site-packages/airflow/example_dags/example_branch_python_dop_operator_3.py
[2026-01-06T14:23:42.994+1100] {logging_mixin.py:188} INFO - [2026-01-06T14:23:42.994+1100] {dag.py:3089} INFO - Sync 1 DAGs
[2026-01-06T14:23:43.002+1100] {logging_mixin.py:188} INFO - [2026-01-06T14:23:43.002+1100] {dag.py:3947} INFO - Setting next_dagrun for example_branch_dop_operator_v3 to 2026-01-06 03:22:00+00:00, run_after=2026-01-06 03:23:00+00:00
[2026-01-06T14:23:43.011+1100] {processor.py:183} INFO - Processing /Users/fionatham/Documents/Projects/vogue_data_pipeline/venv/lib/python3.11/site-packages/airflow/example_dags/example_branch_python_dop_operator_3.py took 0.084 seconds
[2026-01-06T14:25:32.874+1100] {processor.py:161} INFO - Started process (PID=90414) to work on /Users/fionatham/Documents/Projects/vogue_data_pipeline/venv/lib/python3.11/site-packages/airflow/example_dags/example_branch_python_dop_operator_3.py
[2026-01-06T14:25:32.876+1100] {processor.py:830} INFO - Processing file /Users/fionatham/Documents/Projects/vogue_data_pipeline/venv/lib/python3.11/site-packages/airflow/example_dags/example_branch_python_dop_operator_3.py for tasks to queue
[2026-01-06T14:25:32.876+1100] {logging_mixin.py:188} INFO - [2026-01-06T14:25:32.876+1100] {dagbag.py:545} INFO - Filling up the DagBag from /Users/fionatham/Documents/Projects/vogue_data_pipeline/venv/lib/python3.11/site-packages/airflow/example_dags/example_branch_python_dop_operator_3.py
[2026-01-06T14:25:32.896+1100] {processor.py:840} INFO - DAG(s) 'example_branch_dop_operator_v3' retrieved from /Users/fionatham/Documents/Projects/vogue_data_pipeline/venv/lib/python3.11/site-packages/airflow/example_dags/example_branch_python_dop_operator_3.py
[2026-01-06T14:25:32.939+1100] {logging_mixin.py:188} INFO - [2026-01-06T14:25:32.939+1100] {dag.py:3089} INFO - Sync 1 DAGs
[2026-01-06T14:25:32.948+1100] {logging_mixin.py:188} INFO - [2026-01-06T14:25:32.948+1100] {dag.py:3947} INFO - Setting next_dagrun for example_branch_dop_operator_v3 to 2026-01-06 03:24:00+00:00, run_after=2026-01-06 03:25:00+00:00
[2026-01-06T14:25:32.956+1100] {processor.py:183} INFO - Processing /Users/fionatham/Documents/Projects/vogue_data_pipeline/venv/lib/python3.11/site-packages/airflow/example_dags/example_branch_python_dop_operator_3.py took 0.084 seconds
[2026-01-06T14:27:32.927+1100] {processor.py:161} INFO - Started process (PID=90711) to work on /Users/fionatham/Documents/Projects/vogue_data_pipeline/venv/lib/python3.11/site-packages/airflow/example_dags/example_branch_python_dop_operator_3.py
[2026-01-06T14:27:32.927+1100] {processor.py:830} INFO - Processing file /Users/fionatham/Documents/Projects/vogue_data_pipeline/venv/lib/python3.11/site-packages/airflow/example_dags/example_branch_python_dop_operator_3.py for tasks to queue
[2026-01-06T14:27:32.927+1100] {logging_mixin.py:188} INFO - [2026-01-06T14:27:32.927+1100] {dagbag.py:545} INFO - Filling up the DagBag from /Users/fionatham/Documents/Projects/vogue_data_pipeline/venv/lib/python3.11/site-packages/airflow/example_dags/example_branch_python_dop_operator_3.py
[2026-01-06T14:27:32.944+1100] {processor.py:840} INFO - DAG(s) 'example_branch_dop_operator_v3' retrieved from /Users/fionatham/Documents/Projects/vogue_data_pipeline/venv/lib/python3.11/site-packages/airflow/example_dags/example_branch_python_dop_operator_3.py
[2026-01-06T14:27:32.985+1100] {logging_mixin.py:188} INFO - [2026-01-06T14:27:32.984+1100] {dag.py:3089} INFO - Sync 1 DAGs
[2026-01-06T14:27:32.992+1100] {logging_mixin.py:188} INFO - [2026-01-06T14:27:32.992+1100] {dag.py:3947} INFO - Setting next_dagrun for example_branch_dop_operator_v3 to 2026-01-06 03:26:00+00:00, run_after=2026-01-06 03:27:00+00:00
[2026-01-06T14:27:32.999+1100] {processor.py:183} INFO - Processing /Users/fionatham/Documents/Projects/vogue_data_pipeline/venv/lib/python3.11/site-packages/airflow/example_dags/example_branch_python_dop_operator_3.py took 0.074 seconds
[2026-01-06T14:29:31.434+1100] {processor.py:161} INFO - Started process (PID=91102) to work on /Users/fionatham/Documents/Projects/vogue_data_pipeline/venv/lib/python3.11/site-packages/airflow/example_dags/example_branch_python_dop_operator_3.py
[2026-01-06T14:29:31.434+1100] {processor.py:830} INFO - Processing file /Users/fionatham/Documents/Projects/vogue_data_pipeline/venv/lib/python3.11/site-packages/airflow/example_dags/example_branch_python_dop_operator_3.py for tasks to queue
[2026-01-06T14:29:31.435+1100] {logging_mixin.py:188} INFO - [2026-01-06T14:29:31.435+1100] {dagbag.py:545} INFO - Filling up the DagBag from /Users/fionatham/Documents/Projects/vogue_data_pipeline/venv/lib/python3.11/site-packages/airflow/example_dags/example_branch_python_dop_operator_3.py
[2026-01-06T14:29:31.455+1100] {processor.py:840} INFO - DAG(s) 'example_branch_dop_operator_v3' retrieved from /Users/fionatham/Documents/Projects/vogue_data_pipeline/venv/lib/python3.11/site-packages/airflow/example_dags/example_branch_python_dop_operator_3.py
[2026-01-06T14:29:31.502+1100] {logging_mixin.py:188} INFO - [2026-01-06T14:29:31.502+1100] {dag.py:3089} INFO - Sync 1 DAGs
[2026-01-06T14:29:31.512+1100] {logging_mixin.py:188} INFO - [2026-01-06T14:29:31.511+1100] {dag.py:3947} INFO - Setting next_dagrun for example_branch_dop_operator_v3 to 2026-01-06 03:28:00+00:00, run_after=2026-01-06 03:29:00+00:00
[2026-01-06T14:29:31.520+1100] {processor.py:183} INFO - Processing /Users/fionatham/Documents/Projects/vogue_data_pipeline/venv/lib/python3.11/site-packages/airflow/example_dags/example_branch_python_dop_operator_3.py took 0.087 seconds
[2026-01-06T14:31:30.453+1100] {processor.py:161} INFO - Started process (PID=91904) to work on /Users/fionatham/Documents/Projects/vogue_data_pipeline/venv/lib/python3.11/site-packages/airflow/example_dags/example_branch_python_dop_operator_3.py
[2026-01-06T14:31:30.453+1100] {processor.py:830} INFO - Processing file /Users/fionatham/Documents/Projects/vogue_data_pipeline/venv/lib/python3.11/site-packages/airflow/example_dags/example_branch_python_dop_operator_3.py for tasks to queue
[2026-01-06T14:31:30.454+1100] {logging_mixin.py:188} INFO - [2026-01-06T14:31:30.454+1100] {dagbag.py:545} INFO - Filling up the DagBag from /Users/fionatham/Documents/Projects/vogue_data_pipeline/venv/lib/python3.11/site-packages/airflow/example_dags/example_branch_python_dop_operator_3.py
[2026-01-06T14:31:30.472+1100] {processor.py:840} INFO - DAG(s) 'example_branch_dop_operator_v3' retrieved from /Users/fionatham/Documents/Projects/vogue_data_pipeline/venv/lib/python3.11/site-packages/airflow/example_dags/example_branch_python_dop_operator_3.py
[2026-01-06T14:31:30.516+1100] {logging_mixin.py:188} INFO - [2026-01-06T14:31:30.516+1100] {dag.py:3089} INFO - Sync 1 DAGs
[2026-01-06T14:31:30.525+1100] {logging_mixin.py:188} INFO - [2026-01-06T14:31:30.525+1100] {dag.py:3947} INFO - Setting next_dagrun for example_branch_dop_operator_v3 to 2026-01-06 03:30:00+00:00, run_after=2026-01-06 03:31:00+00:00
[2026-01-06T14:31:30.533+1100] {processor.py:183} INFO - Processing /Users/fionatham/Documents/Projects/vogue_data_pipeline/venv/lib/python3.11/site-packages/airflow/example_dags/example_branch_python_dop_operator_3.py took 0.082 seconds
[2026-01-06T14:33:31.097+1100] {processor.py:161} INFO - Started process (PID=92232) to work on /Users/fionatham/Documents/Projects/vogue_data_pipeline/venv/lib/python3.11/site-packages/airflow/example_dags/example_branch_python_dop_operator_3.py
[2026-01-06T14:33:31.098+1100] {processor.py:830} INFO - Processing file /Users/fionatham/Documents/Projects/vogue_data_pipeline/venv/lib/python3.11/site-packages/airflow/example_dags/example_branch_python_dop_operator_3.py for tasks to queue
[2026-01-06T14:33:31.099+1100] {logging_mixin.py:188} INFO - [2026-01-06T14:33:31.099+1100] {dagbag.py:545} INFO - Filling up the DagBag from /Users/fionatham/Documents/Projects/vogue_data_pipeline/venv/lib/python3.11/site-packages/airflow/example_dags/example_branch_python_dop_operator_3.py
[2026-01-06T14:33:31.119+1100] {processor.py:840} INFO - DAG(s) 'example_branch_dop_operator_v3' retrieved from /Users/fionatham/Documents/Projects/vogue_data_pipeline/venv/lib/python3.11/site-packages/airflow/example_dags/example_branch_python_dop_operator_3.py
[2026-01-06T14:33:31.163+1100] {logging_mixin.py:188} INFO - [2026-01-06T14:33:31.163+1100] {dag.py:3089} INFO - Sync 1 DAGs
[2026-01-06T14:33:31.172+1100] {logging_mixin.py:188} INFO - [2026-01-06T14:33:31.171+1100] {dag.py:3947} INFO - Setting next_dagrun for example_branch_dop_operator_v3 to 2026-01-06 03:32:00+00:00, run_after=2026-01-06 03:33:00+00:00
[2026-01-06T14:33:31.180+1100] {processor.py:183} INFO - Processing /Users/fionatham/Documents/Projects/vogue_data_pipeline/venv/lib/python3.11/site-packages/airflow/example_dags/example_branch_python_dop_operator_3.py took 0.084 seconds
[2026-01-06T14:35:26.159+1100] {processor.py:161} INFO - Started process (PID=92486) to work on /Users/fionatham/Documents/Projects/vogue_data_pipeline/venv/lib/python3.11/site-packages/airflow/example_dags/example_branch_python_dop_operator_3.py
[2026-01-06T14:35:26.160+1100] {processor.py:830} INFO - Processing file /Users/fionatham/Documents/Projects/vogue_data_pipeline/venv/lib/python3.11/site-packages/airflow/example_dags/example_branch_python_dop_operator_3.py for tasks to queue
[2026-01-06T14:35:26.160+1100] {logging_mixin.py:188} INFO - [2026-01-06T14:35:26.160+1100] {dagbag.py:545} INFO - Filling up the DagBag from /Users/fionatham/Documents/Projects/vogue_data_pipeline/venv/lib/python3.11/site-packages/airflow/example_dags/example_branch_python_dop_operator_3.py
[2026-01-06T14:35:26.178+1100] {processor.py:840} INFO - DAG(s) 'example_branch_dop_operator_v3' retrieved from /Users/fionatham/Documents/Projects/vogue_data_pipeline/venv/lib/python3.11/site-packages/airflow/example_dags/example_branch_python_dop_operator_3.py
[2026-01-06T14:35:26.222+1100] {logging_mixin.py:188} INFO - [2026-01-06T14:35:26.222+1100] {dag.py:3089} INFO - Sync 1 DAGs
[2026-01-06T14:35:26.231+1100] {logging_mixin.py:188} INFO - [2026-01-06T14:35:26.231+1100] {dag.py:3947} INFO - Setting next_dagrun for example_branch_dop_operator_v3 to 2026-01-06 03:34:00+00:00, run_after=2026-01-06 03:35:00+00:00
[2026-01-06T14:35:26.240+1100] {processor.py:183} INFO - Processing /Users/fionatham/Documents/Projects/vogue_data_pipeline/venv/lib/python3.11/site-packages/airflow/example_dags/example_branch_python_dop_operator_3.py took 0.082 seconds
[2026-01-06T14:37:29.018+1100] {processor.py:161} INFO - Started process (PID=92701) to work on /Users/fionatham/Documents/Projects/vogue_data_pipeline/venv/lib/python3.11/site-packages/airflow/example_dags/example_branch_python_dop_operator_3.py
[2026-01-06T14:37:29.019+1100] {processor.py:830} INFO - Processing file /Users/fionatham/Documents/Projects/vogue_data_pipeline/venv/lib/python3.11/site-packages/airflow/example_dags/example_branch_python_dop_operator_3.py for tasks to queue
[2026-01-06T14:37:29.019+1100] {logging_mixin.py:188} INFO - [2026-01-06T14:37:29.019+1100] {dagbag.py:545} INFO - Filling up the DagBag from /Users/fionatham/Documents/Projects/vogue_data_pipeline/venv/lib/python3.11/site-packages/airflow/example_dags/example_branch_python_dop_operator_3.py
[2026-01-06T14:37:29.037+1100] {processor.py:840} INFO - DAG(s) 'example_branch_dop_operator_v3' retrieved from /Users/fionatham/Documents/Projects/vogue_data_pipeline/venv/lib/python3.11/site-packages/airflow/example_dags/example_branch_python_dop_operator_3.py
[2026-01-06T14:37:29.080+1100] {logging_mixin.py:188} INFO - [2026-01-06T14:37:29.080+1100] {dag.py:3089} INFO - Sync 1 DAGs
[2026-01-06T14:37:29.089+1100] {logging_mixin.py:188} INFO - [2026-01-06T14:37:29.089+1100] {dag.py:3947} INFO - Setting next_dagrun for example_branch_dop_operator_v3 to 2026-01-06 03:36:00+00:00, run_after=2026-01-06 03:37:00+00:00
[2026-01-06T14:37:29.097+1100] {processor.py:183} INFO - Processing /Users/fionatham/Documents/Projects/vogue_data_pipeline/venv/lib/python3.11/site-packages/airflow/example_dags/example_branch_python_dop_operator_3.py took 0.080 seconds
[2026-01-06T14:39:29.040+1100] {processor.py:161} INFO - Started process (PID=92896) to work on /Users/fionatham/Documents/Projects/vogue_data_pipeline/venv/lib/python3.11/site-packages/airflow/example_dags/example_branch_python_dop_operator_3.py
[2026-01-06T14:39:29.041+1100] {processor.py:830} INFO - Processing file /Users/fionatham/Documents/Projects/vogue_data_pipeline/venv/lib/python3.11/site-packages/airflow/example_dags/example_branch_python_dop_operator_3.py for tasks to queue
[2026-01-06T14:39:29.042+1100] {logging_mixin.py:188} INFO - [2026-01-06T14:39:29.042+1100] {dagbag.py:545} INFO - Filling up the DagBag from /Users/fionatham/Documents/Projects/vogue_data_pipeline/venv/lib/python3.11/site-packages/airflow/example_dags/example_branch_python_dop_operator_3.py
[2026-01-06T14:39:29.060+1100] {processor.py:840} INFO - DAG(s) 'example_branch_dop_operator_v3' retrieved from /Users/fionatham/Documents/Projects/vogue_data_pipeline/venv/lib/python3.11/site-packages/airflow/example_dags/example_branch_python_dop_operator_3.py
[2026-01-06T14:39:29.102+1100] {logging_mixin.py:188} INFO - [2026-01-06T14:39:29.101+1100] {dag.py:3089} INFO - Sync 1 DAGs
[2026-01-06T14:39:29.110+1100] {logging_mixin.py:188} INFO - [2026-01-06T14:39:29.110+1100] {dag.py:3947} INFO - Setting next_dagrun for example_branch_dop_operator_v3 to 2026-01-06 03:38:00+00:00, run_after=2026-01-06 03:39:00+00:00
[2026-01-06T14:39:29.117+1100] {processor.py:183} INFO - Processing /Users/fionatham/Documents/Projects/vogue_data_pipeline/venv/lib/python3.11/site-packages/airflow/example_dags/example_branch_python_dop_operator_3.py took 0.079 seconds
[2026-01-06T14:41:18.875+1100] {processor.py:161} INFO - Started process (PID=92969) to work on /Users/fionatham/Documents/Projects/vogue_data_pipeline/venv/lib/python3.11/site-packages/airflow/example_dags/example_branch_python_dop_operator_3.py
[2026-01-06T14:41:18.876+1100] {processor.py:830} INFO - Processing file /Users/fionatham/Documents/Projects/vogue_data_pipeline/venv/lib/python3.11/site-packages/airflow/example_dags/example_branch_python_dop_operator_3.py for tasks to queue
[2026-01-06T14:41:18.876+1100] {logging_mixin.py:188} INFO - [2026-01-06T14:41:18.876+1100] {dagbag.py:545} INFO - Filling up the DagBag from /Users/fionatham/Documents/Projects/vogue_data_pipeline/venv/lib/python3.11/site-packages/airflow/example_dags/example_branch_python_dop_operator_3.py
[2026-01-06T14:41:18.893+1100] {processor.py:840} INFO - DAG(s) 'example_branch_dop_operator_v3' retrieved from /Users/fionatham/Documents/Projects/vogue_data_pipeline/venv/lib/python3.11/site-packages/airflow/example_dags/example_branch_python_dop_operator_3.py
[2026-01-06T14:41:18.934+1100] {logging_mixin.py:188} INFO - [2026-01-06T14:41:18.934+1100] {dag.py:3089} INFO - Sync 1 DAGs
[2026-01-06T14:41:18.943+1100] {logging_mixin.py:188} INFO - [2026-01-06T14:41:18.943+1100] {dag.py:3947} INFO - Setting next_dagrun for example_branch_dop_operator_v3 to 2026-01-06 03:40:00+00:00, run_after=2026-01-06 03:41:00+00:00
[2026-01-06T14:41:18.952+1100] {processor.py:183} INFO - Processing /Users/fionatham/Documents/Projects/vogue_data_pipeline/venv/lib/python3.11/site-packages/airflow/example_dags/example_branch_python_dop_operator_3.py took 0.078 seconds
[2026-01-06T14:43:15.902+1100] {processor.py:161} INFO - Started process (PID=93050) to work on /Users/fionatham/Documents/Projects/vogue_data_pipeline/venv/lib/python3.11/site-packages/airflow/example_dags/example_branch_python_dop_operator_3.py
[2026-01-06T14:43:15.903+1100] {processor.py:830} INFO - Processing file /Users/fionatham/Documents/Projects/vogue_data_pipeline/venv/lib/python3.11/site-packages/airflow/example_dags/example_branch_python_dop_operator_3.py for tasks to queue
[2026-01-06T14:43:15.904+1100] {logging_mixin.py:188} INFO - [2026-01-06T14:43:15.904+1100] {dagbag.py:545} INFO - Filling up the DagBag from /Users/fionatham/Documents/Projects/vogue_data_pipeline/venv/lib/python3.11/site-packages/airflow/example_dags/example_branch_python_dop_operator_3.py
[2026-01-06T14:43:15.922+1100] {processor.py:840} INFO - DAG(s) 'example_branch_dop_operator_v3' retrieved from /Users/fionatham/Documents/Projects/vogue_data_pipeline/venv/lib/python3.11/site-packages/airflow/example_dags/example_branch_python_dop_operator_3.py
[2026-01-06T14:43:15.965+1100] {logging_mixin.py:188} INFO - [2026-01-06T14:43:15.965+1100] {dag.py:3089} INFO - Sync 1 DAGs
[2026-01-06T14:43:15.974+1100] {logging_mixin.py:188} INFO - [2026-01-06T14:43:15.974+1100] {dag.py:3947} INFO - Setting next_dagrun for example_branch_dop_operator_v3 to 2026-01-06 03:42:00+00:00, run_after=2026-01-06 03:43:00+00:00
[2026-01-06T14:43:15.982+1100] {processor.py:183} INFO - Processing /Users/fionatham/Documents/Projects/vogue_data_pipeline/venv/lib/python3.11/site-packages/airflow/example_dags/example_branch_python_dop_operator_3.py took 0.081 seconds
[2026-01-06T14:45:16.269+1100] {processor.py:161} INFO - Started process (PID=93135) to work on /Users/fionatham/Documents/Projects/vogue_data_pipeline/venv/lib/python3.11/site-packages/airflow/example_dags/example_branch_python_dop_operator_3.py
[2026-01-06T14:45:16.270+1100] {processor.py:830} INFO - Processing file /Users/fionatham/Documents/Projects/vogue_data_pipeline/venv/lib/python3.11/site-packages/airflow/example_dags/example_branch_python_dop_operator_3.py for tasks to queue
[2026-01-06T14:45:16.270+1100] {logging_mixin.py:188} INFO - [2026-01-06T14:45:16.270+1100] {dagbag.py:545} INFO - Filling up the DagBag from /Users/fionatham/Documents/Projects/vogue_data_pipeline/venv/lib/python3.11/site-packages/airflow/example_dags/example_branch_python_dop_operator_3.py
[2026-01-06T14:45:16.287+1100] {processor.py:840} INFO - DAG(s) 'example_branch_dop_operator_v3' retrieved from /Users/fionatham/Documents/Projects/vogue_data_pipeline/venv/lib/python3.11/site-packages/airflow/example_dags/example_branch_python_dop_operator_3.py
[2026-01-06T14:45:16.336+1100] {logging_mixin.py:188} INFO - [2026-01-06T14:45:16.336+1100] {dag.py:3089} INFO - Sync 1 DAGs
[2026-01-06T14:45:16.344+1100] {logging_mixin.py:188} INFO - [2026-01-06T14:45:16.344+1100] {dag.py:3947} INFO - Setting next_dagrun for example_branch_dop_operator_v3 to 2026-01-06 03:44:00+00:00, run_after=2026-01-06 03:45:00+00:00
[2026-01-06T14:45:16.353+1100] {processor.py:183} INFO - Processing /Users/fionatham/Documents/Projects/vogue_data_pipeline/venv/lib/python3.11/site-packages/airflow/example_dags/example_branch_python_dop_operator_3.py took 0.086 seconds
[2026-01-06T14:47:08.793+1100] {processor.py:161} INFO - Started process (PID=93216) to work on /Users/fionatham/Documents/Projects/vogue_data_pipeline/venv/lib/python3.11/site-packages/airflow/example_dags/example_branch_python_dop_operator_3.py
[2026-01-06T14:47:08.794+1100] {processor.py:830} INFO - Processing file /Users/fionatham/Documents/Projects/vogue_data_pipeline/venv/lib/python3.11/site-packages/airflow/example_dags/example_branch_python_dop_operator_3.py for tasks to queue
[2026-01-06T14:47:08.794+1100] {logging_mixin.py:188} INFO - [2026-01-06T14:47:08.794+1100] {dagbag.py:545} INFO - Filling up the DagBag from /Users/fionatham/Documents/Projects/vogue_data_pipeline/venv/lib/python3.11/site-packages/airflow/example_dags/example_branch_python_dop_operator_3.py
[2026-01-06T14:47:08.811+1100] {processor.py:840} INFO - DAG(s) 'example_branch_dop_operator_v3' retrieved from /Users/fionatham/Documents/Projects/vogue_data_pipeline/venv/lib/python3.11/site-packages/airflow/example_dags/example_branch_python_dop_operator_3.py
[2026-01-06T14:47:08.853+1100] {logging_mixin.py:188} INFO - [2026-01-06T14:47:08.853+1100] {dag.py:3089} INFO - Sync 1 DAGs
[2026-01-06T14:47:08.862+1100] {logging_mixin.py:188} INFO - [2026-01-06T14:47:08.862+1100] {dag.py:3947} INFO - Setting next_dagrun for example_branch_dop_operator_v3 to 2026-01-06 03:46:00+00:00, run_after=2026-01-06 03:47:00+00:00
[2026-01-06T14:47:08.870+1100] {processor.py:183} INFO - Processing /Users/fionatham/Documents/Projects/vogue_data_pipeline/venv/lib/python3.11/site-packages/airflow/example_dags/example_branch_python_dop_operator_3.py took 0.078 seconds
[2026-01-06T14:49:08.669+1100] {processor.py:161} INFO - Started process (PID=93309) to work on /Users/fionatham/Documents/Projects/vogue_data_pipeline/venv/lib/python3.11/site-packages/airflow/example_dags/example_branch_python_dop_operator_3.py
[2026-01-06T14:49:08.670+1100] {processor.py:830} INFO - Processing file /Users/fionatham/Documents/Projects/vogue_data_pipeline/venv/lib/python3.11/site-packages/airflow/example_dags/example_branch_python_dop_operator_3.py for tasks to queue
[2026-01-06T14:49:08.670+1100] {logging_mixin.py:188} INFO - [2026-01-06T14:49:08.670+1100] {dagbag.py:545} INFO - Filling up the DagBag from /Users/fionatham/Documents/Projects/vogue_data_pipeline/venv/lib/python3.11/site-packages/airflow/example_dags/example_branch_python_dop_operator_3.py
[2026-01-06T14:49:08.687+1100] {processor.py:840} INFO - DAG(s) 'example_branch_dop_operator_v3' retrieved from /Users/fionatham/Documents/Projects/vogue_data_pipeline/venv/lib/python3.11/site-packages/airflow/example_dags/example_branch_python_dop_operator_3.py
[2026-01-06T14:49:08.732+1100] {logging_mixin.py:188} INFO - [2026-01-06T14:49:08.732+1100] {dag.py:3089} INFO - Sync 1 DAGs
[2026-01-06T14:49:08.740+1100] {logging_mixin.py:188} INFO - [2026-01-06T14:49:08.740+1100] {dag.py:3947} INFO - Setting next_dagrun for example_branch_dop_operator_v3 to 2026-01-06 03:48:00+00:00, run_after=2026-01-06 03:49:00+00:00
[2026-01-06T14:49:08.748+1100] {processor.py:183} INFO - Processing /Users/fionatham/Documents/Projects/vogue_data_pipeline/venv/lib/python3.11/site-packages/airflow/example_dags/example_branch_python_dop_operator_3.py took 0.081 seconds
[2026-01-06T14:51:03.534+1100] {processor.py:161} INFO - Started process (PID=93400) to work on /Users/fionatham/Documents/Projects/vogue_data_pipeline/venv/lib/python3.11/site-packages/airflow/example_dags/example_branch_python_dop_operator_3.py
[2026-01-06T14:51:03.535+1100] {processor.py:830} INFO - Processing file /Users/fionatham/Documents/Projects/vogue_data_pipeline/venv/lib/python3.11/site-packages/airflow/example_dags/example_branch_python_dop_operator_3.py for tasks to queue
[2026-01-06T14:51:03.536+1100] {logging_mixin.py:188} INFO - [2026-01-06T14:51:03.536+1100] {dagbag.py:545} INFO - Filling up the DagBag from /Users/fionatham/Documents/Projects/vogue_data_pipeline/venv/lib/python3.11/site-packages/airflow/example_dags/example_branch_python_dop_operator_3.py
[2026-01-06T14:51:03.553+1100] {processor.py:840} INFO - DAG(s) 'example_branch_dop_operator_v3' retrieved from /Users/fionatham/Documents/Projects/vogue_data_pipeline/venv/lib/python3.11/site-packages/airflow/example_dags/example_branch_python_dop_operator_3.py
[2026-01-06T14:51:03.594+1100] {logging_mixin.py:188} INFO - [2026-01-06T14:51:03.594+1100] {dag.py:3089} INFO - Sync 1 DAGs
[2026-01-06T14:51:03.602+1100] {logging_mixin.py:188} INFO - [2026-01-06T14:51:03.602+1100] {dag.py:3947} INFO - Setting next_dagrun for example_branch_dop_operator_v3 to 2026-01-06 03:50:00+00:00, run_after=2026-01-06 03:51:00+00:00
[2026-01-06T14:51:03.611+1100] {processor.py:183} INFO - Processing /Users/fionatham/Documents/Projects/vogue_data_pipeline/venv/lib/python3.11/site-packages/airflow/example_dags/example_branch_python_dop_operator_3.py took 0.078 seconds
[2026-01-06T14:52:57.793+1100] {processor.py:161} INFO - Started process (PID=93527) to work on /Users/fionatham/Documents/Projects/vogue_data_pipeline/venv/lib/python3.11/site-packages/airflow/example_dags/example_branch_python_dop_operator_3.py
[2026-01-06T14:52:57.794+1100] {processor.py:830} INFO - Processing file /Users/fionatham/Documents/Projects/vogue_data_pipeline/venv/lib/python3.11/site-packages/airflow/example_dags/example_branch_python_dop_operator_3.py for tasks to queue
[2026-01-06T14:52:57.794+1100] {logging_mixin.py:188} INFO - [2026-01-06T14:52:57.794+1100] {dagbag.py:545} INFO - Filling up the DagBag from /Users/fionatham/Documents/Projects/vogue_data_pipeline/venv/lib/python3.11/site-packages/airflow/example_dags/example_branch_python_dop_operator_3.py
[2026-01-06T14:52:57.813+1100] {processor.py:840} INFO - DAG(s) 'example_branch_dop_operator_v3' retrieved from /Users/fionatham/Documents/Projects/vogue_data_pipeline/venv/lib/python3.11/site-packages/airflow/example_dags/example_branch_python_dop_operator_3.py
[2026-01-06T14:52:57.859+1100] {logging_mixin.py:188} INFO - [2026-01-06T14:52:57.859+1100] {dag.py:3089} INFO - Sync 1 DAGs
[2026-01-06T14:52:57.868+1100] {logging_mixin.py:188} INFO - [2026-01-06T14:52:57.868+1100] {dag.py:3947} INFO - Setting next_dagrun for example_branch_dop_operator_v3 to 2026-01-06 03:51:00+00:00, run_after=2026-01-06 03:52:00+00:00
[2026-01-06T14:52:57.879+1100] {processor.py:183} INFO - Processing /Users/fionatham/Documents/Projects/vogue_data_pipeline/venv/lib/python3.11/site-packages/airflow/example_dags/example_branch_python_dop_operator_3.py took 0.087 seconds
[2026-01-06T14:54:54.341+1100] {processor.py:161} INFO - Started process (PID=93703) to work on /Users/fionatham/Documents/Projects/vogue_data_pipeline/venv/lib/python3.11/site-packages/airflow/example_dags/example_branch_python_dop_operator_3.py
[2026-01-06T14:54:54.342+1100] {processor.py:830} INFO - Processing file /Users/fionatham/Documents/Projects/vogue_data_pipeline/venv/lib/python3.11/site-packages/airflow/example_dags/example_branch_python_dop_operator_3.py for tasks to queue
[2026-01-06T14:54:54.342+1100] {logging_mixin.py:188} INFO - [2026-01-06T14:54:54.342+1100] {dagbag.py:545} INFO - Filling up the DagBag from /Users/fionatham/Documents/Projects/vogue_data_pipeline/venv/lib/python3.11/site-packages/airflow/example_dags/example_branch_python_dop_operator_3.py
[2026-01-06T14:54:54.364+1100] {processor.py:840} INFO - DAG(s) 'example_branch_dop_operator_v3' retrieved from /Users/fionatham/Documents/Projects/vogue_data_pipeline/venv/lib/python3.11/site-packages/airflow/example_dags/example_branch_python_dop_operator_3.py
[2026-01-06T14:54:54.422+1100] {logging_mixin.py:188} INFO - [2026-01-06T14:54:54.421+1100] {dag.py:3089} INFO - Sync 1 DAGs
[2026-01-06T14:54:54.432+1100] {logging_mixin.py:188} INFO - [2026-01-06T14:54:54.432+1100] {dag.py:3947} INFO - Setting next_dagrun for example_branch_dop_operator_v3 to 2026-01-06 03:53:00+00:00, run_after=2026-01-06 03:54:00+00:00
[2026-01-06T14:54:54.442+1100] {processor.py:183} INFO - Processing /Users/fionatham/Documents/Projects/vogue_data_pipeline/venv/lib/python3.11/site-packages/airflow/example_dags/example_branch_python_dop_operator_3.py took 0.104 seconds
[2026-01-06T14:56:54.179+1100] {processor.py:161} INFO - Started process (PID=93822) to work on /Users/fionatham/Documents/Projects/vogue_data_pipeline/venv/lib/python3.11/site-packages/airflow/example_dags/example_branch_python_dop_operator_3.py
[2026-01-06T14:56:54.181+1100] {processor.py:830} INFO - Processing file /Users/fionatham/Documents/Projects/vogue_data_pipeline/venv/lib/python3.11/site-packages/airflow/example_dags/example_branch_python_dop_operator_3.py for tasks to queue
[2026-01-06T14:56:54.181+1100] {logging_mixin.py:188} INFO - [2026-01-06T14:56:54.181+1100] {dagbag.py:545} INFO - Filling up the DagBag from /Users/fionatham/Documents/Projects/vogue_data_pipeline/venv/lib/python3.11/site-packages/airflow/example_dags/example_branch_python_dop_operator_3.py
[2026-01-06T14:56:54.198+1100] {processor.py:840} INFO - DAG(s) 'example_branch_dop_operator_v3' retrieved from /Users/fionatham/Documents/Projects/vogue_data_pipeline/venv/lib/python3.11/site-packages/airflow/example_dags/example_branch_python_dop_operator_3.py
[2026-01-06T14:56:54.240+1100] {logging_mixin.py:188} INFO - [2026-01-06T14:56:54.240+1100] {dag.py:3089} INFO - Sync 1 DAGs
[2026-01-06T14:56:54.248+1100] {logging_mixin.py:188} INFO - [2026-01-06T14:56:54.248+1100] {dag.py:3947} INFO - Setting next_dagrun for example_branch_dop_operator_v3 to 2026-01-06 03:55:00+00:00, run_after=2026-01-06 03:56:00+00:00
[2026-01-06T14:56:54.255+1100] {processor.py:183} INFO - Processing /Users/fionatham/Documents/Projects/vogue_data_pipeline/venv/lib/python3.11/site-packages/airflow/example_dags/example_branch_python_dop_operator_3.py took 0.077 seconds
[2026-01-06T14:58:48.464+1100] {processor.py:161} INFO - Started process (PID=93949) to work on /Users/fionatham/Documents/Projects/vogue_data_pipeline/venv/lib/python3.11/site-packages/airflow/example_dags/example_branch_python_dop_operator_3.py
[2026-01-06T14:58:48.464+1100] {processor.py:830} INFO - Processing file /Users/fionatham/Documents/Projects/vogue_data_pipeline/venv/lib/python3.11/site-packages/airflow/example_dags/example_branch_python_dop_operator_3.py for tasks to queue
[2026-01-06T14:58:48.465+1100] {logging_mixin.py:188} INFO - [2026-01-06T14:58:48.465+1100] {dagbag.py:545} INFO - Filling up the DagBag from /Users/fionatham/Documents/Projects/vogue_data_pipeline/venv/lib/python3.11/site-packages/airflow/example_dags/example_branch_python_dop_operator_3.py
[2026-01-06T14:58:48.483+1100] {processor.py:840} INFO - DAG(s) 'example_branch_dop_operator_v3' retrieved from /Users/fionatham/Documents/Projects/vogue_data_pipeline/venv/lib/python3.11/site-packages/airflow/example_dags/example_branch_python_dop_operator_3.py
[2026-01-06T14:58:48.529+1100] {logging_mixin.py:188} INFO - [2026-01-06T14:58:48.529+1100] {dag.py:3089} INFO - Sync 1 DAGs
[2026-01-06T14:58:48.539+1100] {logging_mixin.py:188} INFO - [2026-01-06T14:58:48.539+1100] {dag.py:3947} INFO - Setting next_dagrun for example_branch_dop_operator_v3 to 2026-01-06 03:57:00+00:00, run_after=2026-01-06 03:58:00+00:00
[2026-01-06T14:58:48.548+1100] {processor.py:183} INFO - Processing /Users/fionatham/Documents/Projects/vogue_data_pipeline/venv/lib/python3.11/site-packages/airflow/example_dags/example_branch_python_dop_operator_3.py took 0.085 seconds
[2026-01-06T15:00:49.434+1100] {processor.py:161} INFO - Started process (PID=94129) to work on /Users/fionatham/Documents/Projects/vogue_data_pipeline/venv/lib/python3.11/site-packages/airflow/example_dags/example_branch_python_dop_operator_3.py
[2026-01-06T15:00:49.435+1100] {processor.py:830} INFO - Processing file /Users/fionatham/Documents/Projects/vogue_data_pipeline/venv/lib/python3.11/site-packages/airflow/example_dags/example_branch_python_dop_operator_3.py for tasks to queue
[2026-01-06T15:00:49.436+1100] {logging_mixin.py:188} INFO - [2026-01-06T15:00:49.436+1100] {dagbag.py:545} INFO - Filling up the DagBag from /Users/fionatham/Documents/Projects/vogue_data_pipeline/venv/lib/python3.11/site-packages/airflow/example_dags/example_branch_python_dop_operator_3.py
[2026-01-06T15:00:49.452+1100] {processor.py:840} INFO - DAG(s) 'example_branch_dop_operator_v3' retrieved from /Users/fionatham/Documents/Projects/vogue_data_pipeline/venv/lib/python3.11/site-packages/airflow/example_dags/example_branch_python_dop_operator_3.py
[2026-01-06T15:00:49.492+1100] {logging_mixin.py:188} INFO - [2026-01-06T15:00:49.492+1100] {dag.py:3089} INFO - Sync 1 DAGs
[2026-01-06T15:00:49.502+1100] {logging_mixin.py:188} INFO - [2026-01-06T15:00:49.502+1100] {dag.py:3947} INFO - Setting next_dagrun for example_branch_dop_operator_v3 to 2026-01-06 03:59:00+00:00, run_after=2026-01-06 04:00:00+00:00
[2026-01-06T15:00:49.509+1100] {processor.py:183} INFO - Processing /Users/fionatham/Documents/Projects/vogue_data_pipeline/venv/lib/python3.11/site-packages/airflow/example_dags/example_branch_python_dop_operator_3.py took 0.076 seconds
[2026-01-06T15:02:49.056+1100] {processor.py:161} INFO - Started process (PID=94363) to work on /Users/fionatham/Documents/Projects/vogue_data_pipeline/venv/lib/python3.11/site-packages/airflow/example_dags/example_branch_python_dop_operator_3.py
[2026-01-06T15:02:49.057+1100] {processor.py:830} INFO - Processing file /Users/fionatham/Documents/Projects/vogue_data_pipeline/venv/lib/python3.11/site-packages/airflow/example_dags/example_branch_python_dop_operator_3.py for tasks to queue
[2026-01-06T15:02:49.057+1100] {logging_mixin.py:188} INFO - [2026-01-06T15:02:49.057+1100] {dagbag.py:545} INFO - Filling up the DagBag from /Users/fionatham/Documents/Projects/vogue_data_pipeline/venv/lib/python3.11/site-packages/airflow/example_dags/example_branch_python_dop_operator_3.py
[2026-01-06T15:02:49.074+1100] {processor.py:840} INFO - DAG(s) 'example_branch_dop_operator_v3' retrieved from /Users/fionatham/Documents/Projects/vogue_data_pipeline/venv/lib/python3.11/site-packages/airflow/example_dags/example_branch_python_dop_operator_3.py
[2026-01-06T15:02:49.119+1100] {logging_mixin.py:188} INFO - [2026-01-06T15:02:49.118+1100] {dag.py:3089} INFO - Sync 1 DAGs
[2026-01-06T15:02:49.128+1100] {logging_mixin.py:188} INFO - [2026-01-06T15:02:49.128+1100] {dag.py:3947} INFO - Setting next_dagrun for example_branch_dop_operator_v3 to 2026-01-06 04:01:00+00:00, run_after=2026-01-06 04:02:00+00:00
[2026-01-06T15:02:49.136+1100] {processor.py:183} INFO - Processing /Users/fionatham/Documents/Projects/vogue_data_pipeline/venv/lib/python3.11/site-packages/airflow/example_dags/example_branch_python_dop_operator_3.py took 0.081 seconds
[2026-01-06T15:04:50.389+1100] {processor.py:161} INFO - Started process (PID=94588) to work on /Users/fionatham/Documents/Projects/vogue_data_pipeline/venv/lib/python3.11/site-packages/airflow/example_dags/example_branch_python_dop_operator_3.py
[2026-01-06T15:04:50.390+1100] {processor.py:830} INFO - Processing file /Users/fionatham/Documents/Projects/vogue_data_pipeline/venv/lib/python3.11/site-packages/airflow/example_dags/example_branch_python_dop_operator_3.py for tasks to queue
[2026-01-06T15:04:50.390+1100] {logging_mixin.py:188} INFO - [2026-01-06T15:04:50.390+1100] {dagbag.py:545} INFO - Filling up the DagBag from /Users/fionatham/Documents/Projects/vogue_data_pipeline/venv/lib/python3.11/site-packages/airflow/example_dags/example_branch_python_dop_operator_3.py
[2026-01-06T15:04:50.409+1100] {processor.py:840} INFO - DAG(s) 'example_branch_dop_operator_v3' retrieved from /Users/fionatham/Documents/Projects/vogue_data_pipeline/venv/lib/python3.11/site-packages/airflow/example_dags/example_branch_python_dop_operator_3.py
[2026-01-06T15:04:50.455+1100] {logging_mixin.py:188} INFO - [2026-01-06T15:04:50.455+1100] {dag.py:3089} INFO - Sync 1 DAGs
[2026-01-06T15:04:50.465+1100] {logging_mixin.py:188} INFO - [2026-01-06T15:04:50.465+1100] {dag.py:3947} INFO - Setting next_dagrun for example_branch_dop_operator_v3 to 2026-01-06 04:03:00+00:00, run_after=2026-01-06 04:04:00+00:00
[2026-01-06T15:04:50.474+1100] {processor.py:183} INFO - Processing /Users/fionatham/Documents/Projects/vogue_data_pipeline/venv/lib/python3.11/site-packages/airflow/example_dags/example_branch_python_dop_operator_3.py took 0.086 seconds
[2026-01-06T15:06:50.095+1100] {processor.py:161} INFO - Started process (PID=94734) to work on /Users/fionatham/Documents/Projects/vogue_data_pipeline/venv/lib/python3.11/site-packages/airflow/example_dags/example_branch_python_dop_operator_3.py
[2026-01-06T15:06:50.096+1100] {processor.py:830} INFO - Processing file /Users/fionatham/Documents/Projects/vogue_data_pipeline/venv/lib/python3.11/site-packages/airflow/example_dags/example_branch_python_dop_operator_3.py for tasks to queue
[2026-01-06T15:06:50.097+1100] {logging_mixin.py:188} INFO - [2026-01-06T15:06:50.096+1100] {dagbag.py:545} INFO - Filling up the DagBag from /Users/fionatham/Documents/Projects/vogue_data_pipeline/venv/lib/python3.11/site-packages/airflow/example_dags/example_branch_python_dop_operator_3.py
[2026-01-06T15:06:50.115+1100] {processor.py:840} INFO - DAG(s) 'example_branch_dop_operator_v3' retrieved from /Users/fionatham/Documents/Projects/vogue_data_pipeline/venv/lib/python3.11/site-packages/airflow/example_dags/example_branch_python_dop_operator_3.py
[2026-01-06T15:06:50.159+1100] {logging_mixin.py:188} INFO - [2026-01-06T15:06:50.159+1100] {dag.py:3089} INFO - Sync 1 DAGs
[2026-01-06T15:06:50.167+1100] {logging_mixin.py:188} INFO - [2026-01-06T15:06:50.167+1100] {dag.py:3947} INFO - Setting next_dagrun for example_branch_dop_operator_v3 to 2026-01-06 04:05:00+00:00, run_after=2026-01-06 04:06:00+00:00
[2026-01-06T15:06:50.177+1100] {processor.py:183} INFO - Processing /Users/fionatham/Documents/Projects/vogue_data_pipeline/venv/lib/python3.11/site-packages/airflow/example_dags/example_branch_python_dop_operator_3.py took 0.084 seconds
[2026-01-06T15:13:14.845+1100] {processor.py:161} INFO - Started process (PID=95295) to work on /Users/fionatham/Documents/Projects/vogue_data_pipeline/venv/lib/python3.11/site-packages/airflow/example_dags/example_branch_python_dop_operator_3.py
[2026-01-06T15:13:14.846+1100] {processor.py:830} INFO - Processing file /Users/fionatham/Documents/Projects/vogue_data_pipeline/venv/lib/python3.11/site-packages/airflow/example_dags/example_branch_python_dop_operator_3.py for tasks to queue
[2026-01-06T15:13:14.847+1100] {logging_mixin.py:188} INFO - [2026-01-06T15:13:14.847+1100] {dagbag.py:545} INFO - Filling up the DagBag from /Users/fionatham/Documents/Projects/vogue_data_pipeline/venv/lib/python3.11/site-packages/airflow/example_dags/example_branch_python_dop_operator_3.py
[2026-01-06T15:13:14.865+1100] {processor.py:840} INFO - DAG(s) 'example_branch_dop_operator_v3' retrieved from /Users/fionatham/Documents/Projects/vogue_data_pipeline/venv/lib/python3.11/site-packages/airflow/example_dags/example_branch_python_dop_operator_3.py
[2026-01-06T15:13:14.909+1100] {logging_mixin.py:188} INFO - [2026-01-06T15:13:14.909+1100] {dag.py:3089} INFO - Sync 1 DAGs
[2026-01-06T15:13:14.919+1100] {logging_mixin.py:188} INFO - [2026-01-06T15:13:14.918+1100] {dag.py:3947} INFO - Setting next_dagrun for example_branch_dop_operator_v3 to 2026-01-06 04:12:00+00:00, run_after=2026-01-06 04:13:00+00:00
[2026-01-06T15:13:14.926+1100] {processor.py:183} INFO - Processing /Users/fionatham/Documents/Projects/vogue_data_pipeline/venv/lib/python3.11/site-packages/airflow/example_dags/example_branch_python_dop_operator_3.py took 0.083 seconds
[2026-01-06T16:21:33.494+1100] {processor.py:161} INFO - Started process (PID=95507) to work on /Users/fionatham/Documents/Projects/vogue_data_pipeline/venv/lib/python3.11/site-packages/airflow/example_dags/example_branch_python_dop_operator_3.py
[2026-01-06T16:21:33.494+1100] {processor.py:830} INFO - Processing file /Users/fionatham/Documents/Projects/vogue_data_pipeline/venv/lib/python3.11/site-packages/airflow/example_dags/example_branch_python_dop_operator_3.py for tasks to queue
[2026-01-06T16:21:33.495+1100] {logging_mixin.py:188} INFO - [2026-01-06T16:21:33.495+1100] {dagbag.py:545} INFO - Filling up the DagBag from /Users/fionatham/Documents/Projects/vogue_data_pipeline/venv/lib/python3.11/site-packages/airflow/example_dags/example_branch_python_dop_operator_3.py
[2026-01-06T16:21:33.512+1100] {processor.py:840} INFO - DAG(s) 'example_branch_dop_operator_v3' retrieved from /Users/fionatham/Documents/Projects/vogue_data_pipeline/venv/lib/python3.11/site-packages/airflow/example_dags/example_branch_python_dop_operator_3.py
[2026-01-06T16:21:33.555+1100] {logging_mixin.py:188} INFO - [2026-01-06T16:21:33.555+1100] {dag.py:3089} INFO - Sync 1 DAGs
[2026-01-06T16:21:33.563+1100] {logging_mixin.py:188} INFO - [2026-01-06T16:21:33.563+1100] {dag.py:3947} INFO - Setting next_dagrun for example_branch_dop_operator_v3 to 2026-01-06 05:20:00+00:00, run_after=2026-01-06 05:21:00+00:00
[2026-01-06T16:21:33.571+1100] {processor.py:183} INFO - Processing /Users/fionatham/Documents/Projects/vogue_data_pipeline/venv/lib/python3.11/site-packages/airflow/example_dags/example_branch_python_dop_operator_3.py took 0.079 seconds
[2026-01-06T19:17:28.150+1100] {processor.py:161} INFO - Started process (PID=95617) to work on /Users/fionatham/Documents/Projects/vogue_data_pipeline/venv/lib/python3.11/site-packages/airflow/example_dags/example_branch_python_dop_operator_3.py
[2026-01-06T19:17:28.150+1100] {processor.py:830} INFO - Processing file /Users/fionatham/Documents/Projects/vogue_data_pipeline/venv/lib/python3.11/site-packages/airflow/example_dags/example_branch_python_dop_operator_3.py for tasks to queue
[2026-01-06T19:17:28.151+1100] {logging_mixin.py:188} INFO - [2026-01-06T19:17:28.150+1100] {dagbag.py:545} INFO - Filling up the DagBag from /Users/fionatham/Documents/Projects/vogue_data_pipeline/venv/lib/python3.11/site-packages/airflow/example_dags/example_branch_python_dop_operator_3.py
[2026-01-06T19:17:28.168+1100] {processor.py:840} INFO - DAG(s) 'example_branch_dop_operator_v3' retrieved from /Users/fionatham/Documents/Projects/vogue_data_pipeline/venv/lib/python3.11/site-packages/airflow/example_dags/example_branch_python_dop_operator_3.py
[2026-01-06T19:17:28.209+1100] {logging_mixin.py:188} INFO - [2026-01-06T19:17:28.209+1100] {dag.py:3089} INFO - Sync 1 DAGs
[2026-01-06T19:17:28.218+1100] {logging_mixin.py:188} INFO - [2026-01-06T19:17:28.218+1100] {dag.py:3947} INFO - Setting next_dagrun for example_branch_dop_operator_v3 to 2026-01-06 08:16:00+00:00, run_after=2026-01-06 08:17:00+00:00
[2026-01-06T19:17:28.226+1100] {processor.py:183} INFO - Processing /Users/fionatham/Documents/Projects/vogue_data_pipeline/venv/lib/python3.11/site-packages/airflow/example_dags/example_branch_python_dop_operator_3.py took 0.077 seconds
[2026-01-06T20:52:16.680+1100] {processor.py:161} INFO - Started process (PID=95770) to work on /Users/fionatham/Documents/Projects/vogue_data_pipeline/venv/lib/python3.11/site-packages/airflow/example_dags/example_branch_python_dop_operator_3.py
[2026-01-06T20:52:16.680+1100] {processor.py:830} INFO - Processing file /Users/fionatham/Documents/Projects/vogue_data_pipeline/venv/lib/python3.11/site-packages/airflow/example_dags/example_branch_python_dop_operator_3.py for tasks to queue
[2026-01-06T20:52:16.680+1100] {logging_mixin.py:188} INFO - [2026-01-06T20:52:16.680+1100] {dagbag.py:545} INFO - Filling up the DagBag from /Users/fionatham/Documents/Projects/vogue_data_pipeline/venv/lib/python3.11/site-packages/airflow/example_dags/example_branch_python_dop_operator_3.py
[2026-01-06T20:52:16.697+1100] {processor.py:840} INFO - DAG(s) 'example_branch_dop_operator_v3' retrieved from /Users/fionatham/Documents/Projects/vogue_data_pipeline/venv/lib/python3.11/site-packages/airflow/example_dags/example_branch_python_dop_operator_3.py
[2026-01-06T20:52:16.740+1100] {logging_mixin.py:188} INFO - [2026-01-06T20:52:16.740+1100] {dag.py:3089} INFO - Sync 1 DAGs
[2026-01-06T20:52:16.750+1100] {logging_mixin.py:188} INFO - [2026-01-06T20:52:16.750+1100] {dag.py:3947} INFO - Setting next_dagrun for example_branch_dop_operator_v3 to 2026-01-06 09:51:00+00:00, run_after=2026-01-06 09:52:00+00:00
[2026-01-06T20:52:16.758+1100] {processor.py:183} INFO - Processing /Users/fionatham/Documents/Projects/vogue_data_pipeline/venv/lib/python3.11/site-packages/airflow/example_dags/example_branch_python_dop_operator_3.py took 0.080 seconds
[2026-01-06T23:57:12.168+1100] {processor.py:161} INFO - Started process (PID=96060) to work on /Users/fionatham/Documents/Projects/vogue_data_pipeline/venv/lib/python3.11/site-packages/airflow/example_dags/example_branch_python_dop_operator_3.py
[2026-01-06T23:57:12.170+1100] {processor.py:830} INFO - Processing file /Users/fionatham/Documents/Projects/vogue_data_pipeline/venv/lib/python3.11/site-packages/airflow/example_dags/example_branch_python_dop_operator_3.py for tasks to queue
[2026-01-06T23:57:12.171+1100] {logging_mixin.py:188} INFO - [2026-01-06T23:57:12.171+1100] {dagbag.py:545} INFO - Filling up the DagBag from /Users/fionatham/Documents/Projects/vogue_data_pipeline/venv/lib/python3.11/site-packages/airflow/example_dags/example_branch_python_dop_operator_3.py
[2026-01-06T23:57:12.190+1100] {processor.py:840} INFO - DAG(s) 'example_branch_dop_operator_v3' retrieved from /Users/fionatham/Documents/Projects/vogue_data_pipeline/venv/lib/python3.11/site-packages/airflow/example_dags/example_branch_python_dop_operator_3.py
[2026-01-06T23:57:12.234+1100] {logging_mixin.py:188} INFO - [2026-01-06T23:57:12.234+1100] {dag.py:3089} INFO - Sync 1 DAGs
[2026-01-06T23:57:12.242+1100] {logging_mixin.py:188} INFO - [2026-01-06T23:57:12.242+1100] {dag.py:3947} INFO - Setting next_dagrun for example_branch_dop_operator_v3 to 2026-01-06 12:56:00+00:00, run_after=2026-01-06 12:57:00+00:00
[2026-01-06T23:57:12.249+1100] {processor.py:183} INFO - Processing /Users/fionatham/Documents/Projects/vogue_data_pipeline/venv/lib/python3.11/site-packages/airflow/example_dags/example_branch_python_dop_operator_3.py took 0.083 seconds
