[2026-01-06T13:57:08.827+1100] {processor.py:161} INFO - Started process (PID=85261) to work on /Users/fionatham/Documents/Projects/vogue_data_pipeline/venv/lib/python3.11/site-packages/airflow/example_dags/example_short_circuit_operator.py
[2026-01-06T13:57:08.827+1100] {processor.py:830} INFO - Processing file /Users/fionatham/Documents/Projects/vogue_data_pipeline/venv/lib/python3.11/site-packages/airflow/example_dags/example_short_circuit_operator.py for tasks to queue
[2026-01-06T13:57:08.827+1100] {logging_mixin.py:188} INFO - [2026-01-06T13:57:08.827+1100] {dagbag.py:545} INFO - Filling up the DagBag from /Users/fionatham/Documents/Projects/vogue_data_pipeline/venv/lib/python3.11/site-packages/airflow/example_dags/example_short_circuit_operator.py
[2026-01-06T13:57:08.842+1100] {processor.py:840} INFO - DAG(s) 'example_short_circuit_operator' retrieved from /Users/fionatham/Documents/Projects/vogue_data_pipeline/venv/lib/python3.11/site-packages/airflow/example_dags/example_short_circuit_operator.py
[2026-01-06T13:57:08.952+1100] {logging_mixin.py:188} INFO - [2026-01-06T13:57:08.952+1100] {override.py:1858} INFO - Created Permission View: can delete on DAG:example_short_circuit_operator
[2026-01-06T13:57:08.955+1100] {logging_mixin.py:188} INFO - [2026-01-06T13:57:08.955+1100] {override.py:1858} INFO - Created Permission View: can edit on DAG:example_short_circuit_operator
[2026-01-06T13:57:08.958+1100] {logging_mixin.py:188} INFO - [2026-01-06T13:57:08.958+1100] {override.py:1858} INFO - Created Permission View: can read on DAG:example_short_circuit_operator
[2026-01-06T13:57:08.958+1100] {logging_mixin.py:188} INFO - [2026-01-06T13:57:08.958+1100] {dag.py:3089} INFO - Sync 1 DAGs
[2026-01-06T13:57:08.963+1100] {logging_mixin.py:188} INFO - [2026-01-06T13:57:08.963+1100] {dag.py:3111} INFO - Creating ORM DAG for example_short_circuit_operator
[2026-01-06T13:57:08.967+1100] {logging_mixin.py:188} INFO - [2026-01-06T13:57:08.967+1100] {dag.py:3947} INFO - Setting next_dagrun for example_short_circuit_operator to 2026-01-05 00:00:00+00:00, run_after=2026-01-06 00:00:00+00:00
[2026-01-06T13:57:08.975+1100] {processor.py:183} INFO - Processing /Users/fionatham/Documents/Projects/vogue_data_pipeline/venv/lib/python3.11/site-packages/airflow/example_dags/example_short_circuit_operator.py took 0.149 seconds
[2026-01-06T13:58:38.978+1100] {processor.py:161} INFO - Started process (PID=85876) to work on /Users/fionatham/Documents/Projects/vogue_data_pipeline/venv/lib/python3.11/site-packages/airflow/example_dags/example_short_circuit_operator.py
[2026-01-06T13:58:38.980+1100] {processor.py:830} INFO - Processing file /Users/fionatham/Documents/Projects/vogue_data_pipeline/venv/lib/python3.11/site-packages/airflow/example_dags/example_short_circuit_operator.py for tasks to queue
[2026-01-06T13:58:38.980+1100] {logging_mixin.py:188} INFO - [2026-01-06T13:58:38.980+1100] {dagbag.py:545} INFO - Filling up the DagBag from /Users/fionatham/Documents/Projects/vogue_data_pipeline/venv/lib/python3.11/site-packages/airflow/example_dags/example_short_circuit_operator.py
[2026-01-06T13:58:38.992+1100] {processor.py:840} INFO - DAG(s) 'example_short_circuit_operator' retrieved from /Users/fionatham/Documents/Projects/vogue_data_pipeline/venv/lib/python3.11/site-packages/airflow/example_dags/example_short_circuit_operator.py
[2026-01-06T13:58:39.036+1100] {logging_mixin.py:188} INFO - [2026-01-06T13:58:39.035+1100] {dag.py:3089} INFO - Sync 1 DAGs
[2026-01-06T13:58:39.042+1100] {logging_mixin.py:188} INFO - [2026-01-06T13:58:39.042+1100] {dag.py:3947} INFO - Setting next_dagrun for example_short_circuit_operator to 2026-01-05 00:00:00+00:00, run_after=2026-01-06 00:00:00+00:00
[2026-01-06T13:58:39.050+1100] {processor.py:183} INFO - Processing /Users/fionatham/Documents/Projects/vogue_data_pipeline/venv/lib/python3.11/site-packages/airflow/example_dags/example_short_circuit_operator.py took 0.073 seconds
[2026-01-06T14:00:38.847+1100] {processor.py:161} INFO - Started process (PID=86933) to work on /Users/fionatham/Documents/Projects/vogue_data_pipeline/venv/lib/python3.11/site-packages/airflow/example_dags/example_short_circuit_operator.py
[2026-01-06T14:00:38.849+1100] {processor.py:830} INFO - Processing file /Users/fionatham/Documents/Projects/vogue_data_pipeline/venv/lib/python3.11/site-packages/airflow/example_dags/example_short_circuit_operator.py for tasks to queue
[2026-01-06T14:00:38.849+1100] {logging_mixin.py:188} INFO - [2026-01-06T14:00:38.849+1100] {dagbag.py:545} INFO - Filling up the DagBag from /Users/fionatham/Documents/Projects/vogue_data_pipeline/venv/lib/python3.11/site-packages/airflow/example_dags/example_short_circuit_operator.py
[2026-01-06T14:00:38.863+1100] {processor.py:840} INFO - DAG(s) 'example_short_circuit_operator' retrieved from /Users/fionatham/Documents/Projects/vogue_data_pipeline/venv/lib/python3.11/site-packages/airflow/example_dags/example_short_circuit_operator.py
[2026-01-06T14:00:38.908+1100] {logging_mixin.py:188} INFO - [2026-01-06T14:00:38.908+1100] {dag.py:3089} INFO - Sync 1 DAGs
[2026-01-06T14:00:38.915+1100] {logging_mixin.py:188} INFO - [2026-01-06T14:00:38.915+1100] {dag.py:3947} INFO - Setting next_dagrun for example_short_circuit_operator to 2026-01-05 00:00:00+00:00, run_after=2026-01-06 00:00:00+00:00
[2026-01-06T14:00:38.923+1100] {processor.py:183} INFO - Processing /Users/fionatham/Documents/Projects/vogue_data_pipeline/venv/lib/python3.11/site-packages/airflow/example_dags/example_short_circuit_operator.py took 0.077 seconds
[2026-01-06T14:02:41.959+1100] {processor.py:161} INFO - Started process (PID=87152) to work on /Users/fionatham/Documents/Projects/vogue_data_pipeline/venv/lib/python3.11/site-packages/airflow/example_dags/example_short_circuit_operator.py
[2026-01-06T14:02:41.961+1100] {processor.py:830} INFO - Processing file /Users/fionatham/Documents/Projects/vogue_data_pipeline/venv/lib/python3.11/site-packages/airflow/example_dags/example_short_circuit_operator.py for tasks to queue
[2026-01-06T14:02:41.961+1100] {logging_mixin.py:188} INFO - [2026-01-06T14:02:41.961+1100] {dagbag.py:545} INFO - Filling up the DagBag from /Users/fionatham/Documents/Projects/vogue_data_pipeline/venv/lib/python3.11/site-packages/airflow/example_dags/example_short_circuit_operator.py
[2026-01-06T14:02:41.974+1100] {processor.py:840} INFO - DAG(s) 'example_short_circuit_operator' retrieved from /Users/fionatham/Documents/Projects/vogue_data_pipeline/venv/lib/python3.11/site-packages/airflow/example_dags/example_short_circuit_operator.py
[2026-01-06T14:02:42.019+1100] {logging_mixin.py:188} INFO - [2026-01-06T14:02:42.019+1100] {dag.py:3089} INFO - Sync 1 DAGs
[2026-01-06T14:02:42.026+1100] {logging_mixin.py:188} INFO - [2026-01-06T14:02:42.026+1100] {dag.py:3947} INFO - Setting next_dagrun for example_short_circuit_operator to 2026-01-05 00:00:00+00:00, run_after=2026-01-06 00:00:00+00:00
[2026-01-06T14:02:42.034+1100] {processor.py:183} INFO - Processing /Users/fionatham/Documents/Projects/vogue_data_pipeline/venv/lib/python3.11/site-packages/airflow/example_dags/example_short_circuit_operator.py took 0.076 seconds
[2026-01-06T14:04:42.079+1100] {processor.py:161} INFO - Started process (PID=87308) to work on /Users/fionatham/Documents/Projects/vogue_data_pipeline/venv/lib/python3.11/site-packages/airflow/example_dags/example_short_circuit_operator.py
[2026-01-06T14:04:42.080+1100] {processor.py:830} INFO - Processing file /Users/fionatham/Documents/Projects/vogue_data_pipeline/venv/lib/python3.11/site-packages/airflow/example_dags/example_short_circuit_operator.py for tasks to queue
[2026-01-06T14:04:42.080+1100] {logging_mixin.py:188} INFO - [2026-01-06T14:04:42.080+1100] {dagbag.py:545} INFO - Filling up the DagBag from /Users/fionatham/Documents/Projects/vogue_data_pipeline/venv/lib/python3.11/site-packages/airflow/example_dags/example_short_circuit_operator.py
[2026-01-06T14:04:42.092+1100] {processor.py:840} INFO - DAG(s) 'example_short_circuit_operator' retrieved from /Users/fionatham/Documents/Projects/vogue_data_pipeline/venv/lib/python3.11/site-packages/airflow/example_dags/example_short_circuit_operator.py
[2026-01-06T14:04:42.135+1100] {logging_mixin.py:188} INFO - [2026-01-06T14:04:42.135+1100] {dag.py:3089} INFO - Sync 1 DAGs
[2026-01-06T14:04:42.141+1100] {logging_mixin.py:188} INFO - [2026-01-06T14:04:42.141+1100] {dag.py:3947} INFO - Setting next_dagrun for example_short_circuit_operator to 2026-01-05 00:00:00+00:00, run_after=2026-01-06 00:00:00+00:00
[2026-01-06T14:04:42.148+1100] {processor.py:183} INFO - Processing /Users/fionatham/Documents/Projects/vogue_data_pipeline/venv/lib/python3.11/site-packages/airflow/example_dags/example_short_circuit_operator.py took 0.070 seconds
[2026-01-06T14:06:42.742+1100] {processor.py:161} INFO - Started process (PID=87546) to work on /Users/fionatham/Documents/Projects/vogue_data_pipeline/venv/lib/python3.11/site-packages/airflow/example_dags/example_short_circuit_operator.py
[2026-01-06T14:06:42.742+1100] {processor.py:830} INFO - Processing file /Users/fionatham/Documents/Projects/vogue_data_pipeline/venv/lib/python3.11/site-packages/airflow/example_dags/example_short_circuit_operator.py for tasks to queue
[2026-01-06T14:06:42.743+1100] {logging_mixin.py:188} INFO - [2026-01-06T14:06:42.743+1100] {dagbag.py:545} INFO - Filling up the DagBag from /Users/fionatham/Documents/Projects/vogue_data_pipeline/venv/lib/python3.11/site-packages/airflow/example_dags/example_short_circuit_operator.py
[2026-01-06T14:06:42.757+1100] {processor.py:840} INFO - DAG(s) 'example_short_circuit_operator' retrieved from /Users/fionatham/Documents/Projects/vogue_data_pipeline/venv/lib/python3.11/site-packages/airflow/example_dags/example_short_circuit_operator.py
[2026-01-06T14:06:42.805+1100] {logging_mixin.py:188} INFO - [2026-01-06T14:06:42.804+1100] {dag.py:3089} INFO - Sync 1 DAGs
[2026-01-06T14:06:42.813+1100] {logging_mixin.py:188} INFO - [2026-01-06T14:06:42.813+1100] {dag.py:3947} INFO - Setting next_dagrun for example_short_circuit_operator to 2026-01-05 00:00:00+00:00, run_after=2026-01-06 00:00:00+00:00
[2026-01-06T14:06:42.825+1100] {processor.py:183} INFO - Processing /Users/fionatham/Documents/Projects/vogue_data_pipeline/venv/lib/python3.11/site-packages/airflow/example_dags/example_short_circuit_operator.py took 0.085 seconds
[2026-01-06T14:08:38.868+1100] {processor.py:161} INFO - Started process (PID=87673) to work on /Users/fionatham/Documents/Projects/vogue_data_pipeline/venv/lib/python3.11/site-packages/airflow/example_dags/example_short_circuit_operator.py
[2026-01-06T14:08:38.868+1100] {processor.py:830} INFO - Processing file /Users/fionatham/Documents/Projects/vogue_data_pipeline/venv/lib/python3.11/site-packages/airflow/example_dags/example_short_circuit_operator.py for tasks to queue
[2026-01-06T14:08:38.869+1100] {logging_mixin.py:188} INFO - [2026-01-06T14:08:38.869+1100] {dagbag.py:545} INFO - Filling up the DagBag from /Users/fionatham/Documents/Projects/vogue_data_pipeline/venv/lib/python3.11/site-packages/airflow/example_dags/example_short_circuit_operator.py
[2026-01-06T14:08:38.881+1100] {processor.py:840} INFO - DAG(s) 'example_short_circuit_operator' retrieved from /Users/fionatham/Documents/Projects/vogue_data_pipeline/venv/lib/python3.11/site-packages/airflow/example_dags/example_short_circuit_operator.py
[2026-01-06T14:08:38.924+1100] {logging_mixin.py:188} INFO - [2026-01-06T14:08:38.924+1100] {dag.py:3089} INFO - Sync 1 DAGs
[2026-01-06T14:08:38.930+1100] {logging_mixin.py:188} INFO - [2026-01-06T14:08:38.930+1100] {dag.py:3947} INFO - Setting next_dagrun for example_short_circuit_operator to 2026-01-05 00:00:00+00:00, run_after=2026-01-06 00:00:00+00:00
[2026-01-06T14:08:38.937+1100] {processor.py:183} INFO - Processing /Users/fionatham/Documents/Projects/vogue_data_pipeline/venv/lib/python3.11/site-packages/airflow/example_dags/example_short_circuit_operator.py took 0.071 seconds
[2026-01-06T14:10:40.958+1100] {processor.py:161} INFO - Started process (PID=87792) to work on /Users/fionatham/Documents/Projects/vogue_data_pipeline/venv/lib/python3.11/site-packages/airflow/example_dags/example_short_circuit_operator.py
[2026-01-06T14:10:40.959+1100] {processor.py:830} INFO - Processing file /Users/fionatham/Documents/Projects/vogue_data_pipeline/venv/lib/python3.11/site-packages/airflow/example_dags/example_short_circuit_operator.py for tasks to queue
[2026-01-06T14:10:40.959+1100] {logging_mixin.py:188} INFO - [2026-01-06T14:10:40.959+1100] {dagbag.py:545} INFO - Filling up the DagBag from /Users/fionatham/Documents/Projects/vogue_data_pipeline/venv/lib/python3.11/site-packages/airflow/example_dags/example_short_circuit_operator.py
[2026-01-06T14:10:40.972+1100] {processor.py:840} INFO - DAG(s) 'example_short_circuit_operator' retrieved from /Users/fionatham/Documents/Projects/vogue_data_pipeline/venv/lib/python3.11/site-packages/airflow/example_dags/example_short_circuit_operator.py
[2026-01-06T14:10:41.017+1100] {logging_mixin.py:188} INFO - [2026-01-06T14:10:41.016+1100] {dag.py:3089} INFO - Sync 1 DAGs
[2026-01-06T14:10:41.024+1100] {logging_mixin.py:188} INFO - [2026-01-06T14:10:41.024+1100] {dag.py:3947} INFO - Setting next_dagrun for example_short_circuit_operator to 2026-01-05 00:00:00+00:00, run_after=2026-01-06 00:00:00+00:00
[2026-01-06T14:10:41.032+1100] {processor.py:183} INFO - Processing /Users/fionatham/Documents/Projects/vogue_data_pipeline/venv/lib/python3.11/site-packages/airflow/example_dags/example_short_circuit_operator.py took 0.075 seconds
[2026-01-06T14:12:37.489+1100] {processor.py:161} INFO - Started process (PID=87941) to work on /Users/fionatham/Documents/Projects/vogue_data_pipeline/venv/lib/python3.11/site-packages/airflow/example_dags/example_short_circuit_operator.py
[2026-01-06T14:12:37.490+1100] {processor.py:830} INFO - Processing file /Users/fionatham/Documents/Projects/vogue_data_pipeline/venv/lib/python3.11/site-packages/airflow/example_dags/example_short_circuit_operator.py for tasks to queue
[2026-01-06T14:12:37.491+1100] {logging_mixin.py:188} INFO - [2026-01-06T14:12:37.491+1100] {dagbag.py:545} INFO - Filling up the DagBag from /Users/fionatham/Documents/Projects/vogue_data_pipeline/venv/lib/python3.11/site-packages/airflow/example_dags/example_short_circuit_operator.py
[2026-01-06T14:12:37.504+1100] {processor.py:840} INFO - DAG(s) 'example_short_circuit_operator' retrieved from /Users/fionatham/Documents/Projects/vogue_data_pipeline/venv/lib/python3.11/site-packages/airflow/example_dags/example_short_circuit_operator.py
[2026-01-06T14:12:37.549+1100] {logging_mixin.py:188} INFO - [2026-01-06T14:12:37.549+1100] {dag.py:3089} INFO - Sync 1 DAGs
[2026-01-06T14:12:37.556+1100] {logging_mixin.py:188} INFO - [2026-01-06T14:12:37.556+1100] {dag.py:3947} INFO - Setting next_dagrun for example_short_circuit_operator to 2026-01-05 00:00:00+00:00, run_after=2026-01-06 00:00:00+00:00
[2026-01-06T14:12:37.565+1100] {processor.py:183} INFO - Processing /Users/fionatham/Documents/Projects/vogue_data_pipeline/venv/lib/python3.11/site-packages/airflow/example_dags/example_short_circuit_operator.py took 0.077 seconds
[2026-01-06T14:14:46.915+1100] {processor.py:161} INFO - Started process (PID=88634) to work on /Users/fionatham/Documents/Projects/vogue_data_pipeline/venv/lib/python3.11/site-packages/airflow/example_dags/example_short_circuit_operator.py
[2026-01-06T14:14:46.916+1100] {processor.py:830} INFO - Processing file /Users/fionatham/Documents/Projects/vogue_data_pipeline/venv/lib/python3.11/site-packages/airflow/example_dags/example_short_circuit_operator.py for tasks to queue
[2026-01-06T14:14:46.916+1100] {logging_mixin.py:188} INFO - [2026-01-06T14:14:46.916+1100] {dagbag.py:545} INFO - Filling up the DagBag from /Users/fionatham/Documents/Projects/vogue_data_pipeline/venv/lib/python3.11/site-packages/airflow/example_dags/example_short_circuit_operator.py
[2026-01-06T14:14:46.930+1100] {processor.py:840} INFO - DAG(s) 'example_short_circuit_operator' retrieved from /Users/fionatham/Documents/Projects/vogue_data_pipeline/venv/lib/python3.11/site-packages/airflow/example_dags/example_short_circuit_operator.py
[2026-01-06T14:14:46.975+1100] {logging_mixin.py:188} INFO - [2026-01-06T14:14:46.975+1100] {dag.py:3089} INFO - Sync 1 DAGs
[2026-01-06T14:14:46.983+1100] {logging_mixin.py:188} INFO - [2026-01-06T14:14:46.983+1100] {dag.py:3947} INFO - Setting next_dagrun for example_short_circuit_operator to 2026-01-05 00:00:00+00:00, run_after=2026-01-06 00:00:00+00:00
[2026-01-06T14:14:46.990+1100] {processor.py:183} INFO - Processing /Users/fionatham/Documents/Projects/vogue_data_pipeline/venv/lib/python3.11/site-packages/airflow/example_dags/example_short_circuit_operator.py took 0.078 seconds
[2026-01-06T14:16:39.767+1100] {processor.py:161} INFO - Started process (PID=89262) to work on /Users/fionatham/Documents/Projects/vogue_data_pipeline/venv/lib/python3.11/site-packages/airflow/example_dags/example_short_circuit_operator.py
[2026-01-06T14:16:39.768+1100] {processor.py:830} INFO - Processing file /Users/fionatham/Documents/Projects/vogue_data_pipeline/venv/lib/python3.11/site-packages/airflow/example_dags/example_short_circuit_operator.py for tasks to queue
[2026-01-06T14:16:39.768+1100] {logging_mixin.py:188} INFO - [2026-01-06T14:16:39.768+1100] {dagbag.py:545} INFO - Filling up the DagBag from /Users/fionatham/Documents/Projects/vogue_data_pipeline/venv/lib/python3.11/site-packages/airflow/example_dags/example_short_circuit_operator.py
[2026-01-06T14:16:39.782+1100] {processor.py:840} INFO - DAG(s) 'example_short_circuit_operator' retrieved from /Users/fionatham/Documents/Projects/vogue_data_pipeline/venv/lib/python3.11/site-packages/airflow/example_dags/example_short_circuit_operator.py
[2026-01-06T14:16:39.828+1100] {logging_mixin.py:188} INFO - [2026-01-06T14:16:39.828+1100] {dag.py:3089} INFO - Sync 1 DAGs
[2026-01-06T14:16:39.835+1100] {logging_mixin.py:188} INFO - [2026-01-06T14:16:39.835+1100] {dag.py:3947} INFO - Setting next_dagrun for example_short_circuit_operator to 2026-01-05 00:00:00+00:00, run_after=2026-01-06 00:00:00+00:00
[2026-01-06T14:16:39.844+1100] {processor.py:183} INFO - Processing /Users/fionatham/Documents/Projects/vogue_data_pipeline/venv/lib/python3.11/site-packages/airflow/example_dags/example_short_circuit_operator.py took 0.079 seconds
[2026-01-06T14:18:37.210+1100] {processor.py:161} INFO - Started process (PID=89742) to work on /Users/fionatham/Documents/Projects/vogue_data_pipeline/venv/lib/python3.11/site-packages/airflow/example_dags/example_short_circuit_operator.py
[2026-01-06T14:18:37.211+1100] {processor.py:830} INFO - Processing file /Users/fionatham/Documents/Projects/vogue_data_pipeline/venv/lib/python3.11/site-packages/airflow/example_dags/example_short_circuit_operator.py for tasks to queue
[2026-01-06T14:18:37.211+1100] {logging_mixin.py:188} INFO - [2026-01-06T14:18:37.211+1100] {dagbag.py:545} INFO - Filling up the DagBag from /Users/fionatham/Documents/Projects/vogue_data_pipeline/venv/lib/python3.11/site-packages/airflow/example_dags/example_short_circuit_operator.py
[2026-01-06T14:18:37.224+1100] {processor.py:840} INFO - DAG(s) 'example_short_circuit_operator' retrieved from /Users/fionatham/Documents/Projects/vogue_data_pipeline/venv/lib/python3.11/site-packages/airflow/example_dags/example_short_circuit_operator.py
[2026-01-06T14:18:37.270+1100] {logging_mixin.py:188} INFO - [2026-01-06T14:18:37.270+1100] {dag.py:3089} INFO - Sync 1 DAGs
[2026-01-06T14:18:37.277+1100] {logging_mixin.py:188} INFO - [2026-01-06T14:18:37.277+1100] {dag.py:3947} INFO - Setting next_dagrun for example_short_circuit_operator to 2026-01-05 00:00:00+00:00, run_after=2026-01-06 00:00:00+00:00
[2026-01-06T14:18:37.285+1100] {processor.py:183} INFO - Processing /Users/fionatham/Documents/Projects/vogue_data_pipeline/venv/lib/python3.11/site-packages/airflow/example_dags/example_short_circuit_operator.py took 0.077 seconds
[2026-01-06T14:20:40.052+1100] {processor.py:161} INFO - Started process (PID=89992) to work on /Users/fionatham/Documents/Projects/vogue_data_pipeline/venv/lib/python3.11/site-packages/airflow/example_dags/example_short_circuit_operator.py
[2026-01-06T14:20:40.053+1100] {processor.py:830} INFO - Processing file /Users/fionatham/Documents/Projects/vogue_data_pipeline/venv/lib/python3.11/site-packages/airflow/example_dags/example_short_circuit_operator.py for tasks to queue
[2026-01-06T14:20:40.053+1100] {logging_mixin.py:188} INFO - [2026-01-06T14:20:40.053+1100] {dagbag.py:545} INFO - Filling up the DagBag from /Users/fionatham/Documents/Projects/vogue_data_pipeline/venv/lib/python3.11/site-packages/airflow/example_dags/example_short_circuit_operator.py
[2026-01-06T14:20:40.065+1100] {processor.py:840} INFO - DAG(s) 'example_short_circuit_operator' retrieved from /Users/fionatham/Documents/Projects/vogue_data_pipeline/venv/lib/python3.11/site-packages/airflow/example_dags/example_short_circuit_operator.py
[2026-01-06T14:20:40.111+1100] {logging_mixin.py:188} INFO - [2026-01-06T14:20:40.111+1100] {dag.py:3089} INFO - Sync 1 DAGs
[2026-01-06T14:20:40.118+1100] {logging_mixin.py:188} INFO - [2026-01-06T14:20:40.118+1100] {dag.py:3947} INFO - Setting next_dagrun for example_short_circuit_operator to 2026-01-05 00:00:00+00:00, run_after=2026-01-06 00:00:00+00:00
[2026-01-06T14:20:40.126+1100] {processor.py:183} INFO - Processing /Users/fionatham/Documents/Projects/vogue_data_pipeline/venv/lib/python3.11/site-packages/airflow/example_dags/example_short_circuit_operator.py took 0.075 seconds
[2026-01-06T14:22:39.933+1100] {processor.py:161} INFO - Started process (PID=90083) to work on /Users/fionatham/Documents/Projects/vogue_data_pipeline/venv/lib/python3.11/site-packages/airflow/example_dags/example_short_circuit_operator.py
[2026-01-06T14:22:39.934+1100] {processor.py:830} INFO - Processing file /Users/fionatham/Documents/Projects/vogue_data_pipeline/venv/lib/python3.11/site-packages/airflow/example_dags/example_short_circuit_operator.py for tasks to queue
[2026-01-06T14:22:39.934+1100] {logging_mixin.py:188} INFO - [2026-01-06T14:22:39.934+1100] {dagbag.py:545} INFO - Filling up the DagBag from /Users/fionatham/Documents/Projects/vogue_data_pipeline/venv/lib/python3.11/site-packages/airflow/example_dags/example_short_circuit_operator.py
[2026-01-06T14:22:39.947+1100] {processor.py:840} INFO - DAG(s) 'example_short_circuit_operator' retrieved from /Users/fionatham/Documents/Projects/vogue_data_pipeline/venv/lib/python3.11/site-packages/airflow/example_dags/example_short_circuit_operator.py
[2026-01-06T14:22:39.988+1100] {logging_mixin.py:188} INFO - [2026-01-06T14:22:39.988+1100] {dag.py:3089} INFO - Sync 1 DAGs
[2026-01-06T14:22:39.995+1100] {logging_mixin.py:188} INFO - [2026-01-06T14:22:39.995+1100] {dag.py:3947} INFO - Setting next_dagrun for example_short_circuit_operator to 2026-01-05 00:00:00+00:00, run_after=2026-01-06 00:00:00+00:00
[2026-01-06T14:22:40.002+1100] {processor.py:183} INFO - Processing /Users/fionatham/Documents/Projects/vogue_data_pipeline/venv/lib/python3.11/site-packages/airflow/example_dags/example_short_circuit_operator.py took 0.070 seconds
[2026-01-06T14:24:26.781+1100] {processor.py:161} INFO - Started process (PID=90173) to work on /Users/fionatham/Documents/Projects/vogue_data_pipeline/venv/lib/python3.11/site-packages/airflow/example_dags/example_short_circuit_operator.py
[2026-01-06T14:24:26.784+1100] {processor.py:830} INFO - Processing file /Users/fionatham/Documents/Projects/vogue_data_pipeline/venv/lib/python3.11/site-packages/airflow/example_dags/example_short_circuit_operator.py for tasks to queue
[2026-01-06T14:24:26.784+1100] {logging_mixin.py:188} INFO - [2026-01-06T14:24:26.784+1100] {dagbag.py:545} INFO - Filling up the DagBag from /Users/fionatham/Documents/Projects/vogue_data_pipeline/venv/lib/python3.11/site-packages/airflow/example_dags/example_short_circuit_operator.py
[2026-01-06T14:24:26.799+1100] {processor.py:840} INFO - DAG(s) 'example_short_circuit_operator' retrieved from /Users/fionatham/Documents/Projects/vogue_data_pipeline/venv/lib/python3.11/site-packages/airflow/example_dags/example_short_circuit_operator.py
[2026-01-06T14:24:26.847+1100] {logging_mixin.py:188} INFO - [2026-01-06T14:24:26.847+1100] {dag.py:3089} INFO - Sync 1 DAGs
[2026-01-06T14:24:26.854+1100] {logging_mixin.py:188} INFO - [2026-01-06T14:24:26.854+1100] {dag.py:3947} INFO - Setting next_dagrun for example_short_circuit_operator to 2026-01-05 00:00:00+00:00, run_after=2026-01-06 00:00:00+00:00
[2026-01-06T14:24:26.862+1100] {processor.py:183} INFO - Processing /Users/fionatham/Documents/Projects/vogue_data_pipeline/venv/lib/python3.11/site-packages/airflow/example_dags/example_short_circuit_operator.py took 0.083 seconds
[2026-01-06T14:26:18.863+1100] {processor.py:161} INFO - Started process (PID=90461) to work on /Users/fionatham/Documents/Projects/vogue_data_pipeline/venv/lib/python3.11/site-packages/airflow/example_dags/example_short_circuit_operator.py
[2026-01-06T14:26:18.865+1100] {processor.py:830} INFO - Processing file /Users/fionatham/Documents/Projects/vogue_data_pipeline/venv/lib/python3.11/site-packages/airflow/example_dags/example_short_circuit_operator.py for tasks to queue
[2026-01-06T14:26:18.865+1100] {logging_mixin.py:188} INFO - [2026-01-06T14:26:18.865+1100] {dagbag.py:545} INFO - Filling up the DagBag from /Users/fionatham/Documents/Projects/vogue_data_pipeline/venv/lib/python3.11/site-packages/airflow/example_dags/example_short_circuit_operator.py
[2026-01-06T14:26:18.890+1100] {processor.py:840} INFO - DAG(s) 'example_short_circuit_operator' retrieved from /Users/fionatham/Documents/Projects/vogue_data_pipeline/venv/lib/python3.11/site-packages/airflow/example_dags/example_short_circuit_operator.py
[2026-01-06T14:26:18.940+1100] {logging_mixin.py:188} INFO - [2026-01-06T14:26:18.939+1100] {dag.py:3089} INFO - Sync 1 DAGs
[2026-01-06T14:26:18.946+1100] {logging_mixin.py:188} INFO - [2026-01-06T14:26:18.946+1100] {dag.py:3947} INFO - Setting next_dagrun for example_short_circuit_operator to 2026-01-05 00:00:00+00:00, run_after=2026-01-06 00:00:00+00:00
[2026-01-06T14:26:18.955+1100] {processor.py:183} INFO - Processing /Users/fionatham/Documents/Projects/vogue_data_pipeline/venv/lib/python3.11/site-packages/airflow/example_dags/example_short_circuit_operator.py took 0.093 seconds
[2026-01-06T14:28:17.188+1100] {processor.py:161} INFO - Started process (PID=90792) to work on /Users/fionatham/Documents/Projects/vogue_data_pipeline/venv/lib/python3.11/site-packages/airflow/example_dags/example_short_circuit_operator.py
[2026-01-06T14:28:17.189+1100] {processor.py:830} INFO - Processing file /Users/fionatham/Documents/Projects/vogue_data_pipeline/venv/lib/python3.11/site-packages/airflow/example_dags/example_short_circuit_operator.py for tasks to queue
[2026-01-06T14:28:17.190+1100] {logging_mixin.py:188} INFO - [2026-01-06T14:28:17.189+1100] {dagbag.py:545} INFO - Filling up the DagBag from /Users/fionatham/Documents/Projects/vogue_data_pipeline/venv/lib/python3.11/site-packages/airflow/example_dags/example_short_circuit_operator.py
[2026-01-06T14:28:17.202+1100] {processor.py:840} INFO - DAG(s) 'example_short_circuit_operator' retrieved from /Users/fionatham/Documents/Projects/vogue_data_pipeline/venv/lib/python3.11/site-packages/airflow/example_dags/example_short_circuit_operator.py
[2026-01-06T14:28:17.243+1100] {logging_mixin.py:188} INFO - [2026-01-06T14:28:17.243+1100] {dag.py:3089} INFO - Sync 1 DAGs
[2026-01-06T14:28:17.250+1100] {logging_mixin.py:188} INFO - [2026-01-06T14:28:17.250+1100] {dag.py:3947} INFO - Setting next_dagrun for example_short_circuit_operator to 2026-01-05 00:00:00+00:00, run_after=2026-01-06 00:00:00+00:00
[2026-01-06T14:28:17.257+1100] {processor.py:183} INFO - Processing /Users/fionatham/Documents/Projects/vogue_data_pipeline/venv/lib/python3.11/site-packages/airflow/example_dags/example_short_circuit_operator.py took 0.070 seconds
[2026-01-06T14:30:21.767+1100] {processor.py:161} INFO - Started process (PID=91542) to work on /Users/fionatham/Documents/Projects/vogue_data_pipeline/venv/lib/python3.11/site-packages/airflow/example_dags/example_short_circuit_operator.py
[2026-01-06T14:30:21.768+1100] {processor.py:830} INFO - Processing file /Users/fionatham/Documents/Projects/vogue_data_pipeline/venv/lib/python3.11/site-packages/airflow/example_dags/example_short_circuit_operator.py for tasks to queue
[2026-01-06T14:30:21.768+1100] {logging_mixin.py:188} INFO - [2026-01-06T14:30:21.768+1100] {dagbag.py:545} INFO - Filling up the DagBag from /Users/fionatham/Documents/Projects/vogue_data_pipeline/venv/lib/python3.11/site-packages/airflow/example_dags/example_short_circuit_operator.py
[2026-01-06T14:30:21.781+1100] {processor.py:840} INFO - DAG(s) 'example_short_circuit_operator' retrieved from /Users/fionatham/Documents/Projects/vogue_data_pipeline/venv/lib/python3.11/site-packages/airflow/example_dags/example_short_circuit_operator.py
[2026-01-06T14:30:21.830+1100] {logging_mixin.py:188} INFO - [2026-01-06T14:30:21.830+1100] {dag.py:3089} INFO - Sync 1 DAGs
[2026-01-06T14:30:21.837+1100] {logging_mixin.py:188} INFO - [2026-01-06T14:30:21.836+1100] {dag.py:3947} INFO - Setting next_dagrun for example_short_circuit_operator to 2026-01-05 00:00:00+00:00, run_after=2026-01-06 00:00:00+00:00
[2026-01-06T14:30:21.845+1100] {processor.py:183} INFO - Processing /Users/fionatham/Documents/Projects/vogue_data_pipeline/venv/lib/python3.11/site-packages/airflow/example_dags/example_short_circuit_operator.py took 0.079 seconds
[2026-01-06T14:32:18.558+1100] {processor.py:161} INFO - Started process (PID=92092) to work on /Users/fionatham/Documents/Projects/vogue_data_pipeline/venv/lib/python3.11/site-packages/airflow/example_dags/example_short_circuit_operator.py
[2026-01-06T14:32:18.559+1100] {processor.py:830} INFO - Processing file /Users/fionatham/Documents/Projects/vogue_data_pipeline/venv/lib/python3.11/site-packages/airflow/example_dags/example_short_circuit_operator.py for tasks to queue
[2026-01-06T14:32:18.559+1100] {logging_mixin.py:188} INFO - [2026-01-06T14:32:18.559+1100] {dagbag.py:545} INFO - Filling up the DagBag from /Users/fionatham/Documents/Projects/vogue_data_pipeline/venv/lib/python3.11/site-packages/airflow/example_dags/example_short_circuit_operator.py
[2026-01-06T14:32:18.574+1100] {processor.py:840} INFO - DAG(s) 'example_short_circuit_operator' retrieved from /Users/fionatham/Documents/Projects/vogue_data_pipeline/venv/lib/python3.11/site-packages/airflow/example_dags/example_short_circuit_operator.py
[2026-01-06T14:32:18.620+1100] {logging_mixin.py:188} INFO - [2026-01-06T14:32:18.619+1100] {dag.py:3089} INFO - Sync 1 DAGs
[2026-01-06T14:32:18.626+1100] {logging_mixin.py:188} INFO - [2026-01-06T14:32:18.626+1100] {dag.py:3947} INFO - Setting next_dagrun for example_short_circuit_operator to 2026-01-05 00:00:00+00:00, run_after=2026-01-06 00:00:00+00:00
[2026-01-06T14:32:18.635+1100] {processor.py:183} INFO - Processing /Users/fionatham/Documents/Projects/vogue_data_pipeline/venv/lib/python3.11/site-packages/airflow/example_dags/example_short_circuit_operator.py took 0.078 seconds
[2026-01-06T14:34:13.888+1100] {processor.py:161} INFO - Started process (PID=92315) to work on /Users/fionatham/Documents/Projects/vogue_data_pipeline/venv/lib/python3.11/site-packages/airflow/example_dags/example_short_circuit_operator.py
[2026-01-06T14:34:13.889+1100] {processor.py:830} INFO - Processing file /Users/fionatham/Documents/Projects/vogue_data_pipeline/venv/lib/python3.11/site-packages/airflow/example_dags/example_short_circuit_operator.py for tasks to queue
[2026-01-06T14:34:13.889+1100] {logging_mixin.py:188} INFO - [2026-01-06T14:34:13.889+1100] {dagbag.py:545} INFO - Filling up the DagBag from /Users/fionatham/Documents/Projects/vogue_data_pipeline/venv/lib/python3.11/site-packages/airflow/example_dags/example_short_circuit_operator.py
[2026-01-06T14:34:13.902+1100] {processor.py:840} INFO - DAG(s) 'example_short_circuit_operator' retrieved from /Users/fionatham/Documents/Projects/vogue_data_pipeline/venv/lib/python3.11/site-packages/airflow/example_dags/example_short_circuit_operator.py
[2026-01-06T14:34:13.949+1100] {logging_mixin.py:188} INFO - [2026-01-06T14:34:13.949+1100] {dag.py:3089} INFO - Sync 1 DAGs
[2026-01-06T14:34:13.956+1100] {logging_mixin.py:188} INFO - [2026-01-06T14:34:13.956+1100] {dag.py:3947} INFO - Setting next_dagrun for example_short_circuit_operator to 2026-01-05 00:00:00+00:00, run_after=2026-01-06 00:00:00+00:00
[2026-01-06T14:34:13.965+1100] {processor.py:183} INFO - Processing /Users/fionatham/Documents/Projects/vogue_data_pipeline/venv/lib/python3.11/site-packages/airflow/example_dags/example_short_circuit_operator.py took 0.079 seconds
[2026-01-06T14:36:13.275+1100] {processor.py:161} INFO - Started process (PID=92571) to work on /Users/fionatham/Documents/Projects/vogue_data_pipeline/venv/lib/python3.11/site-packages/airflow/example_dags/example_short_circuit_operator.py
[2026-01-06T14:36:13.275+1100] {processor.py:830} INFO - Processing file /Users/fionatham/Documents/Projects/vogue_data_pipeline/venv/lib/python3.11/site-packages/airflow/example_dags/example_short_circuit_operator.py for tasks to queue
[2026-01-06T14:36:13.276+1100] {logging_mixin.py:188} INFO - [2026-01-06T14:36:13.276+1100] {dagbag.py:545} INFO - Filling up the DagBag from /Users/fionatham/Documents/Projects/vogue_data_pipeline/venv/lib/python3.11/site-packages/airflow/example_dags/example_short_circuit_operator.py
[2026-01-06T14:36:13.288+1100] {processor.py:840} INFO - DAG(s) 'example_short_circuit_operator' retrieved from /Users/fionatham/Documents/Projects/vogue_data_pipeline/venv/lib/python3.11/site-packages/airflow/example_dags/example_short_circuit_operator.py
[2026-01-06T14:36:13.334+1100] {logging_mixin.py:188} INFO - [2026-01-06T14:36:13.334+1100] {dag.py:3089} INFO - Sync 1 DAGs
[2026-01-06T14:36:13.342+1100] {logging_mixin.py:188} INFO - [2026-01-06T14:36:13.341+1100] {dag.py:3947} INFO - Setting next_dagrun for example_short_circuit_operator to 2026-01-05 00:00:00+00:00, run_after=2026-01-06 00:00:00+00:00
[2026-01-06T14:36:13.350+1100] {processor.py:183} INFO - Processing /Users/fionatham/Documents/Projects/vogue_data_pipeline/venv/lib/python3.11/site-packages/airflow/example_dags/example_short_circuit_operator.py took 0.077 seconds
[2026-01-06T14:38:16.596+1100] {processor.py:161} INFO - Started process (PID=92828) to work on /Users/fionatham/Documents/Projects/vogue_data_pipeline/venv/lib/python3.11/site-packages/airflow/example_dags/example_short_circuit_operator.py
[2026-01-06T14:38:16.597+1100] {processor.py:830} INFO - Processing file /Users/fionatham/Documents/Projects/vogue_data_pipeline/venv/lib/python3.11/site-packages/airflow/example_dags/example_short_circuit_operator.py for tasks to queue
[2026-01-06T14:38:16.597+1100] {logging_mixin.py:188} INFO - [2026-01-06T14:38:16.597+1100] {dagbag.py:545} INFO - Filling up the DagBag from /Users/fionatham/Documents/Projects/vogue_data_pipeline/venv/lib/python3.11/site-packages/airflow/example_dags/example_short_circuit_operator.py
[2026-01-06T14:38:16.609+1100] {processor.py:840} INFO - DAG(s) 'example_short_circuit_operator' retrieved from /Users/fionatham/Documents/Projects/vogue_data_pipeline/venv/lib/python3.11/site-packages/airflow/example_dags/example_short_circuit_operator.py
[2026-01-06T14:38:16.654+1100] {logging_mixin.py:188} INFO - [2026-01-06T14:38:16.653+1100] {dag.py:3089} INFO - Sync 1 DAGs
[2026-01-06T14:38:16.660+1100] {logging_mixin.py:188} INFO - [2026-01-06T14:38:16.660+1100] {dag.py:3947} INFO - Setting next_dagrun for example_short_circuit_operator to 2026-01-05 00:00:00+00:00, run_after=2026-01-06 00:00:00+00:00
[2026-01-06T14:38:16.668+1100] {processor.py:183} INFO - Processing /Users/fionatham/Documents/Projects/vogue_data_pipeline/venv/lib/python3.11/site-packages/airflow/example_dags/example_short_circuit_operator.py took 0.073 seconds
[2026-01-06T14:40:12.943+1100] {processor.py:161} INFO - Started process (PID=92924) to work on /Users/fionatham/Documents/Projects/vogue_data_pipeline/venv/lib/python3.11/site-packages/airflow/example_dags/example_short_circuit_operator.py
[2026-01-06T14:40:12.944+1100] {processor.py:830} INFO - Processing file /Users/fionatham/Documents/Projects/vogue_data_pipeline/venv/lib/python3.11/site-packages/airflow/example_dags/example_short_circuit_operator.py for tasks to queue
[2026-01-06T14:40:12.944+1100] {logging_mixin.py:188} INFO - [2026-01-06T14:40:12.944+1100] {dagbag.py:545} INFO - Filling up the DagBag from /Users/fionatham/Documents/Projects/vogue_data_pipeline/venv/lib/python3.11/site-packages/airflow/example_dags/example_short_circuit_operator.py
[2026-01-06T14:40:12.957+1100] {processor.py:840} INFO - DAG(s) 'example_short_circuit_operator' retrieved from /Users/fionatham/Documents/Projects/vogue_data_pipeline/venv/lib/python3.11/site-packages/airflow/example_dags/example_short_circuit_operator.py
[2026-01-06T14:40:13.001+1100] {logging_mixin.py:188} INFO - [2026-01-06T14:40:13.000+1100] {dag.py:3089} INFO - Sync 1 DAGs
[2026-01-06T14:40:13.007+1100] {logging_mixin.py:188} INFO - [2026-01-06T14:40:13.007+1100] {dag.py:3947} INFO - Setting next_dagrun for example_short_circuit_operator to 2026-01-05 00:00:00+00:00, run_after=2026-01-06 00:00:00+00:00
[2026-01-06T14:40:13.014+1100] {processor.py:183} INFO - Processing /Users/fionatham/Documents/Projects/vogue_data_pipeline/venv/lib/python3.11/site-packages/airflow/example_dags/example_short_circuit_operator.py took 0.073 seconds
[2026-01-06T14:42:04.654+1100] {processor.py:161} INFO - Started process (PID=92999) to work on /Users/fionatham/Documents/Projects/vogue_data_pipeline/venv/lib/python3.11/site-packages/airflow/example_dags/example_short_circuit_operator.py
[2026-01-06T14:42:04.654+1100] {processor.py:830} INFO - Processing file /Users/fionatham/Documents/Projects/vogue_data_pipeline/venv/lib/python3.11/site-packages/airflow/example_dags/example_short_circuit_operator.py for tasks to queue
[2026-01-06T14:42:04.655+1100] {logging_mixin.py:188} INFO - [2026-01-06T14:42:04.655+1100] {dagbag.py:545} INFO - Filling up the DagBag from /Users/fionatham/Documents/Projects/vogue_data_pipeline/venv/lib/python3.11/site-packages/airflow/example_dags/example_short_circuit_operator.py
[2026-01-06T14:42:04.667+1100] {processor.py:840} INFO - DAG(s) 'example_short_circuit_operator' retrieved from /Users/fionatham/Documents/Projects/vogue_data_pipeline/venv/lib/python3.11/site-packages/airflow/example_dags/example_short_circuit_operator.py
[2026-01-06T14:42:04.709+1100] {logging_mixin.py:188} INFO - [2026-01-06T14:42:04.709+1100] {dag.py:3089} INFO - Sync 1 DAGs
[2026-01-06T14:42:04.715+1100] {logging_mixin.py:188} INFO - [2026-01-06T14:42:04.715+1100] {dag.py:3947} INFO - Setting next_dagrun for example_short_circuit_operator to 2026-01-05 00:00:00+00:00, run_after=2026-01-06 00:00:00+00:00
[2026-01-06T14:42:04.723+1100] {processor.py:183} INFO - Processing /Users/fionatham/Documents/Projects/vogue_data_pipeline/venv/lib/python3.11/site-packages/airflow/example_dags/example_short_circuit_operator.py took 0.071 seconds
[2026-01-06T14:44:01.139+1100] {processor.py:161} INFO - Started process (PID=93082) to work on /Users/fionatham/Documents/Projects/vogue_data_pipeline/venv/lib/python3.11/site-packages/airflow/example_dags/example_short_circuit_operator.py
[2026-01-06T14:44:01.140+1100] {processor.py:830} INFO - Processing file /Users/fionatham/Documents/Projects/vogue_data_pipeline/venv/lib/python3.11/site-packages/airflow/example_dags/example_short_circuit_operator.py for tasks to queue
[2026-01-06T14:44:01.141+1100] {logging_mixin.py:188} INFO - [2026-01-06T14:44:01.140+1100] {dagbag.py:545} INFO - Filling up the DagBag from /Users/fionatham/Documents/Projects/vogue_data_pipeline/venv/lib/python3.11/site-packages/airflow/example_dags/example_short_circuit_operator.py
[2026-01-06T14:44:01.153+1100] {processor.py:840} INFO - DAG(s) 'example_short_circuit_operator' retrieved from /Users/fionatham/Documents/Projects/vogue_data_pipeline/venv/lib/python3.11/site-packages/airflow/example_dags/example_short_circuit_operator.py
[2026-01-06T14:44:01.196+1100] {logging_mixin.py:188} INFO - [2026-01-06T14:44:01.196+1100] {dag.py:3089} INFO - Sync 1 DAGs
[2026-01-06T14:44:01.203+1100] {logging_mixin.py:188} INFO - [2026-01-06T14:44:01.203+1100] {dag.py:3947} INFO - Setting next_dagrun for example_short_circuit_operator to 2026-01-05 00:00:00+00:00, run_after=2026-01-06 00:00:00+00:00
[2026-01-06T14:44:01.210+1100] {processor.py:183} INFO - Processing /Users/fionatham/Documents/Projects/vogue_data_pipeline/venv/lib/python3.11/site-packages/airflow/example_dags/example_short_circuit_operator.py took 0.072 seconds
[2026-01-06T14:45:57.445+1100] {processor.py:161} INFO - Started process (PID=93163) to work on /Users/fionatham/Documents/Projects/vogue_data_pipeline/venv/lib/python3.11/site-packages/airflow/example_dags/example_short_circuit_operator.py
[2026-01-06T14:45:57.446+1100] {processor.py:830} INFO - Processing file /Users/fionatham/Documents/Projects/vogue_data_pipeline/venv/lib/python3.11/site-packages/airflow/example_dags/example_short_circuit_operator.py for tasks to queue
[2026-01-06T14:45:57.446+1100] {logging_mixin.py:188} INFO - [2026-01-06T14:45:57.446+1100] {dagbag.py:545} INFO - Filling up the DagBag from /Users/fionatham/Documents/Projects/vogue_data_pipeline/venv/lib/python3.11/site-packages/airflow/example_dags/example_short_circuit_operator.py
[2026-01-06T14:45:57.458+1100] {processor.py:840} INFO - DAG(s) 'example_short_circuit_operator' retrieved from /Users/fionatham/Documents/Projects/vogue_data_pipeline/venv/lib/python3.11/site-packages/airflow/example_dags/example_short_circuit_operator.py
[2026-01-06T14:45:57.500+1100] {logging_mixin.py:188} INFO - [2026-01-06T14:45:57.500+1100] {dag.py:3089} INFO - Sync 1 DAGs
[2026-01-06T14:45:57.507+1100] {logging_mixin.py:188} INFO - [2026-01-06T14:45:57.506+1100] {dag.py:3947} INFO - Setting next_dagrun for example_short_circuit_operator to 2026-01-05 00:00:00+00:00, run_after=2026-01-06 00:00:00+00:00
[2026-01-06T14:45:57.513+1100] {processor.py:183} INFO - Processing /Users/fionatham/Documents/Projects/vogue_data_pipeline/venv/lib/python3.11/site-packages/airflow/example_dags/example_short_circuit_operator.py took 0.070 seconds
[2026-01-06T14:47:54.020+1100] {processor.py:161} INFO - Started process (PID=93245) to work on /Users/fionatham/Documents/Projects/vogue_data_pipeline/venv/lib/python3.11/site-packages/airflow/example_dags/example_short_circuit_operator.py
[2026-01-06T14:47:54.021+1100] {processor.py:830} INFO - Processing file /Users/fionatham/Documents/Projects/vogue_data_pipeline/venv/lib/python3.11/site-packages/airflow/example_dags/example_short_circuit_operator.py for tasks to queue
[2026-01-06T14:47:54.022+1100] {logging_mixin.py:188} INFO - [2026-01-06T14:47:54.022+1100] {dagbag.py:545} INFO - Filling up the DagBag from /Users/fionatham/Documents/Projects/vogue_data_pipeline/venv/lib/python3.11/site-packages/airflow/example_dags/example_short_circuit_operator.py
[2026-01-06T14:47:54.034+1100] {processor.py:840} INFO - DAG(s) 'example_short_circuit_operator' retrieved from /Users/fionatham/Documents/Projects/vogue_data_pipeline/venv/lib/python3.11/site-packages/airflow/example_dags/example_short_circuit_operator.py
[2026-01-06T14:47:54.076+1100] {logging_mixin.py:188} INFO - [2026-01-06T14:47:54.076+1100] {dag.py:3089} INFO - Sync 1 DAGs
[2026-01-06T14:47:54.082+1100] {logging_mixin.py:188} INFO - [2026-01-06T14:47:54.082+1100] {dag.py:3947} INFO - Setting next_dagrun for example_short_circuit_operator to 2026-01-05 00:00:00+00:00, run_after=2026-01-06 00:00:00+00:00
[2026-01-06T14:47:54.089+1100] {processor.py:183} INFO - Processing /Users/fionatham/Documents/Projects/vogue_data_pipeline/venv/lib/python3.11/site-packages/airflow/example_dags/example_short_circuit_operator.py took 0.071 seconds
[2026-01-06T14:49:56.786+1100] {processor.py:161} INFO - Started process (PID=93350) to work on /Users/fionatham/Documents/Projects/vogue_data_pipeline/venv/lib/python3.11/site-packages/airflow/example_dags/example_short_circuit_operator.py
[2026-01-06T14:49:56.787+1100] {processor.py:830} INFO - Processing file /Users/fionatham/Documents/Projects/vogue_data_pipeline/venv/lib/python3.11/site-packages/airflow/example_dags/example_short_circuit_operator.py for tasks to queue
[2026-01-06T14:49:56.787+1100] {logging_mixin.py:188} INFO - [2026-01-06T14:49:56.787+1100] {dagbag.py:545} INFO - Filling up the DagBag from /Users/fionatham/Documents/Projects/vogue_data_pipeline/venv/lib/python3.11/site-packages/airflow/example_dags/example_short_circuit_operator.py
[2026-01-06T14:49:56.800+1100] {processor.py:840} INFO - DAG(s) 'example_short_circuit_operator' retrieved from /Users/fionatham/Documents/Projects/vogue_data_pipeline/venv/lib/python3.11/site-packages/airflow/example_dags/example_short_circuit_operator.py
[2026-01-06T14:49:56.842+1100] {logging_mixin.py:188} INFO - [2026-01-06T14:49:56.842+1100] {dag.py:3089} INFO - Sync 1 DAGs
[2026-01-06T14:49:56.849+1100] {logging_mixin.py:188} INFO - [2026-01-06T14:49:56.849+1100] {dag.py:3947} INFO - Setting next_dagrun for example_short_circuit_operator to 2026-01-05 00:00:00+00:00, run_after=2026-01-06 00:00:00+00:00
[2026-01-06T14:49:56.856+1100] {processor.py:183} INFO - Processing /Users/fionatham/Documents/Projects/vogue_data_pipeline/venv/lib/python3.11/site-packages/airflow/example_dags/example_short_circuit_operator.py took 0.071 seconds
[2026-01-06T14:51:45.704+1100] {processor.py:161} INFO - Started process (PID=93448) to work on /Users/fionatham/Documents/Projects/vogue_data_pipeline/venv/lib/python3.11/site-packages/airflow/example_dags/example_short_circuit_operator.py
[2026-01-06T14:51:45.705+1100] {processor.py:830} INFO - Processing file /Users/fionatham/Documents/Projects/vogue_data_pipeline/venv/lib/python3.11/site-packages/airflow/example_dags/example_short_circuit_operator.py for tasks to queue
[2026-01-06T14:51:45.706+1100] {logging_mixin.py:188} INFO - [2026-01-06T14:51:45.706+1100] {dagbag.py:545} INFO - Filling up the DagBag from /Users/fionatham/Documents/Projects/vogue_data_pipeline/venv/lib/python3.11/site-packages/airflow/example_dags/example_short_circuit_operator.py
[2026-01-06T14:51:45.718+1100] {processor.py:840} INFO - DAG(s) 'example_short_circuit_operator' retrieved from /Users/fionatham/Documents/Projects/vogue_data_pipeline/venv/lib/python3.11/site-packages/airflow/example_dags/example_short_circuit_operator.py
[2026-01-06T14:51:45.764+1100] {logging_mixin.py:188} INFO - [2026-01-06T14:51:45.764+1100] {dag.py:3089} INFO - Sync 1 DAGs
[2026-01-06T14:51:45.771+1100] {logging_mixin.py:188} INFO - [2026-01-06T14:51:45.771+1100] {dag.py:3947} INFO - Setting next_dagrun for example_short_circuit_operator to 2026-01-05 00:00:00+00:00, run_after=2026-01-06 00:00:00+00:00
[2026-01-06T14:51:45.779+1100] {processor.py:183} INFO - Processing /Users/fionatham/Documents/Projects/vogue_data_pipeline/venv/lib/python3.11/site-packages/airflow/example_dags/example_short_circuit_operator.py took 0.076 seconds
[2026-01-06T14:53:41.190+1100] {processor.py:161} INFO - Started process (PID=93589) to work on /Users/fionatham/Documents/Projects/vogue_data_pipeline/venv/lib/python3.11/site-packages/airflow/example_dags/example_short_circuit_operator.py
[2026-01-06T14:53:41.191+1100] {processor.py:830} INFO - Processing file /Users/fionatham/Documents/Projects/vogue_data_pipeline/venv/lib/python3.11/site-packages/airflow/example_dags/example_short_circuit_operator.py for tasks to queue
[2026-01-06T14:53:41.191+1100] {logging_mixin.py:188} INFO - [2026-01-06T14:53:41.191+1100] {dagbag.py:545} INFO - Filling up the DagBag from /Users/fionatham/Documents/Projects/vogue_data_pipeline/venv/lib/python3.11/site-packages/airflow/example_dags/example_short_circuit_operator.py
[2026-01-06T14:53:41.204+1100] {processor.py:840} INFO - DAG(s) 'example_short_circuit_operator' retrieved from /Users/fionatham/Documents/Projects/vogue_data_pipeline/venv/lib/python3.11/site-packages/airflow/example_dags/example_short_circuit_operator.py
[2026-01-06T14:53:41.246+1100] {logging_mixin.py:188} INFO - [2026-01-06T14:53:41.246+1100] {dag.py:3089} INFO - Sync 1 DAGs
[2026-01-06T14:53:41.252+1100] {logging_mixin.py:188} INFO - [2026-01-06T14:53:41.252+1100] {dag.py:3947} INFO - Setting next_dagrun for example_short_circuit_operator to 2026-01-05 00:00:00+00:00, run_after=2026-01-06 00:00:00+00:00
[2026-01-06T14:53:41.260+1100] {processor.py:183} INFO - Processing /Users/fionatham/Documents/Projects/vogue_data_pipeline/venv/lib/python3.11/site-packages/airflow/example_dags/example_short_circuit_operator.py took 0.071 seconds
[2026-01-06T14:55:38.888+1100] {processor.py:161} INFO - Started process (PID=93755) to work on /Users/fionatham/Documents/Projects/vogue_data_pipeline/venv/lib/python3.11/site-packages/airflow/example_dags/example_short_circuit_operator.py
[2026-01-06T14:55:38.889+1100] {processor.py:830} INFO - Processing file /Users/fionatham/Documents/Projects/vogue_data_pipeline/venv/lib/python3.11/site-packages/airflow/example_dags/example_short_circuit_operator.py for tasks to queue
[2026-01-06T14:55:38.889+1100] {logging_mixin.py:188} INFO - [2026-01-06T14:55:38.889+1100] {dagbag.py:545} INFO - Filling up the DagBag from /Users/fionatham/Documents/Projects/vogue_data_pipeline/venv/lib/python3.11/site-packages/airflow/example_dags/example_short_circuit_operator.py
[2026-01-06T14:55:38.902+1100] {processor.py:840} INFO - DAG(s) 'example_short_circuit_operator' retrieved from /Users/fionatham/Documents/Projects/vogue_data_pipeline/venv/lib/python3.11/site-packages/airflow/example_dags/example_short_circuit_operator.py
[2026-01-06T14:55:38.945+1100] {logging_mixin.py:188} INFO - [2026-01-06T14:55:38.945+1100] {dag.py:3089} INFO - Sync 1 DAGs
[2026-01-06T14:55:38.952+1100] {logging_mixin.py:188} INFO - [2026-01-06T14:55:38.952+1100] {dag.py:3947} INFO - Setting next_dagrun for example_short_circuit_operator to 2026-01-05 00:00:00+00:00, run_after=2026-01-06 00:00:00+00:00
[2026-01-06T14:55:38.958+1100] {processor.py:183} INFO - Processing /Users/fionatham/Documents/Projects/vogue_data_pipeline/venv/lib/python3.11/site-packages/airflow/example_dags/example_short_circuit_operator.py took 0.071 seconds
[2026-01-06T14:57:37.554+1100] {processor.py:161} INFO - Started process (PID=93864) to work on /Users/fionatham/Documents/Projects/vogue_data_pipeline/venv/lib/python3.11/site-packages/airflow/example_dags/example_short_circuit_operator.py
[2026-01-06T14:57:37.555+1100] {processor.py:830} INFO - Processing file /Users/fionatham/Documents/Projects/vogue_data_pipeline/venv/lib/python3.11/site-packages/airflow/example_dags/example_short_circuit_operator.py for tasks to queue
[2026-01-06T14:57:37.555+1100] {logging_mixin.py:188} INFO - [2026-01-06T14:57:37.555+1100] {dagbag.py:545} INFO - Filling up the DagBag from /Users/fionatham/Documents/Projects/vogue_data_pipeline/venv/lib/python3.11/site-packages/airflow/example_dags/example_short_circuit_operator.py
[2026-01-06T14:57:37.568+1100] {processor.py:840} INFO - DAG(s) 'example_short_circuit_operator' retrieved from /Users/fionatham/Documents/Projects/vogue_data_pipeline/venv/lib/python3.11/site-packages/airflow/example_dags/example_short_circuit_operator.py
[2026-01-06T14:57:37.610+1100] {logging_mixin.py:188} INFO - [2026-01-06T14:57:37.609+1100] {dag.py:3089} INFO - Sync 1 DAGs
[2026-01-06T14:57:37.616+1100] {logging_mixin.py:188} INFO - [2026-01-06T14:57:37.616+1100] {dag.py:3947} INFO - Setting next_dagrun for example_short_circuit_operator to 2026-01-05 00:00:00+00:00, run_after=2026-01-06 00:00:00+00:00
[2026-01-06T14:57:37.623+1100] {processor.py:183} INFO - Processing /Users/fionatham/Documents/Projects/vogue_data_pipeline/venv/lib/python3.11/site-packages/airflow/example_dags/example_short_circuit_operator.py took 0.071 seconds
[2026-01-06T14:59:35.384+1100] {processor.py:161} INFO - Started process (PID=94038) to work on /Users/fionatham/Documents/Projects/vogue_data_pipeline/venv/lib/python3.11/site-packages/airflow/example_dags/example_short_circuit_operator.py
[2026-01-06T14:59:35.384+1100] {processor.py:830} INFO - Processing file /Users/fionatham/Documents/Projects/vogue_data_pipeline/venv/lib/python3.11/site-packages/airflow/example_dags/example_short_circuit_operator.py for tasks to queue
[2026-01-06T14:59:35.385+1100] {logging_mixin.py:188} INFO - [2026-01-06T14:59:35.385+1100] {dagbag.py:545} INFO - Filling up the DagBag from /Users/fionatham/Documents/Projects/vogue_data_pipeline/venv/lib/python3.11/site-packages/airflow/example_dags/example_short_circuit_operator.py
[2026-01-06T14:59:35.398+1100] {processor.py:840} INFO - DAG(s) 'example_short_circuit_operator' retrieved from /Users/fionatham/Documents/Projects/vogue_data_pipeline/venv/lib/python3.11/site-packages/airflow/example_dags/example_short_circuit_operator.py
[2026-01-06T14:59:35.443+1100] {logging_mixin.py:188} INFO - [2026-01-06T14:59:35.443+1100] {dag.py:3089} INFO - Sync 1 DAGs
[2026-01-06T14:59:35.450+1100] {logging_mixin.py:188} INFO - [2026-01-06T14:59:35.450+1100] {dag.py:3947} INFO - Setting next_dagrun for example_short_circuit_operator to 2026-01-05 00:00:00+00:00, run_after=2026-01-06 00:00:00+00:00
[2026-01-06T14:59:35.458+1100] {processor.py:183} INFO - Processing /Users/fionatham/Documents/Projects/vogue_data_pipeline/venv/lib/python3.11/site-packages/airflow/example_dags/example_short_circuit_operator.py took 0.076 seconds
[2026-01-06T15:01:34.651+1100] {processor.py:161} INFO - Started process (PID=94178) to work on /Users/fionatham/Documents/Projects/vogue_data_pipeline/venv/lib/python3.11/site-packages/airflow/example_dags/example_short_circuit_operator.py
[2026-01-06T15:01:34.651+1100] {processor.py:830} INFO - Processing file /Users/fionatham/Documents/Projects/vogue_data_pipeline/venv/lib/python3.11/site-packages/airflow/example_dags/example_short_circuit_operator.py for tasks to queue
[2026-01-06T15:01:34.652+1100] {logging_mixin.py:188} INFO - [2026-01-06T15:01:34.652+1100] {dagbag.py:545} INFO - Filling up the DagBag from /Users/fionatham/Documents/Projects/vogue_data_pipeline/venv/lib/python3.11/site-packages/airflow/example_dags/example_short_circuit_operator.py
[2026-01-06T15:01:34.667+1100] {processor.py:840} INFO - DAG(s) 'example_short_circuit_operator' retrieved from /Users/fionatham/Documents/Projects/vogue_data_pipeline/venv/lib/python3.11/site-packages/airflow/example_dags/example_short_circuit_operator.py
[2026-01-06T15:01:34.713+1100] {logging_mixin.py:188} INFO - [2026-01-06T15:01:34.713+1100] {dag.py:3089} INFO - Sync 1 DAGs
[2026-01-06T15:01:34.720+1100] {logging_mixin.py:188} INFO - [2026-01-06T15:01:34.720+1100] {dag.py:3947} INFO - Setting next_dagrun for example_short_circuit_operator to 2026-01-05 00:00:00+00:00, run_after=2026-01-06 00:00:00+00:00
[2026-01-06T15:01:34.728+1100] {processor.py:183} INFO - Processing /Users/fionatham/Documents/Projects/vogue_data_pipeline/venv/lib/python3.11/site-packages/airflow/example_dags/example_short_circuit_operator.py took 0.079 seconds
[2026-01-06T15:03:35.283+1100] {processor.py:161} INFO - Started process (PID=94505) to work on /Users/fionatham/Documents/Projects/vogue_data_pipeline/venv/lib/python3.11/site-packages/airflow/example_dags/example_short_circuit_operator.py
[2026-01-06T15:03:35.284+1100] {processor.py:830} INFO - Processing file /Users/fionatham/Documents/Projects/vogue_data_pipeline/venv/lib/python3.11/site-packages/airflow/example_dags/example_short_circuit_operator.py for tasks to queue
[2026-01-06T15:03:35.284+1100] {logging_mixin.py:188} INFO - [2026-01-06T15:03:35.284+1100] {dagbag.py:545} INFO - Filling up the DagBag from /Users/fionatham/Documents/Projects/vogue_data_pipeline/venv/lib/python3.11/site-packages/airflow/example_dags/example_short_circuit_operator.py
[2026-01-06T15:03:35.297+1100] {processor.py:840} INFO - DAG(s) 'example_short_circuit_operator' retrieved from /Users/fionatham/Documents/Projects/vogue_data_pipeline/venv/lib/python3.11/site-packages/airflow/example_dags/example_short_circuit_operator.py
[2026-01-06T15:03:35.339+1100] {logging_mixin.py:188} INFO - [2026-01-06T15:03:35.339+1100] {dag.py:3089} INFO - Sync 1 DAGs
[2026-01-06T15:03:35.346+1100] {logging_mixin.py:188} INFO - [2026-01-06T15:03:35.346+1100] {dag.py:3947} INFO - Setting next_dagrun for example_short_circuit_operator to 2026-01-05 00:00:00+00:00, run_after=2026-01-06 00:00:00+00:00
[2026-01-06T15:03:35.353+1100] {processor.py:183} INFO - Processing /Users/fionatham/Documents/Projects/vogue_data_pipeline/venv/lib/python3.11/site-packages/airflow/example_dags/example_short_circuit_operator.py took 0.071 seconds
[2026-01-06T15:05:33.927+1100] {processor.py:161} INFO - Started process (PID=94618) to work on /Users/fionatham/Documents/Projects/vogue_data_pipeline/venv/lib/python3.11/site-packages/airflow/example_dags/example_short_circuit_operator.py
[2026-01-06T15:05:33.928+1100] {processor.py:830} INFO - Processing file /Users/fionatham/Documents/Projects/vogue_data_pipeline/venv/lib/python3.11/site-packages/airflow/example_dags/example_short_circuit_operator.py for tasks to queue
[2026-01-06T15:05:33.928+1100] {logging_mixin.py:188} INFO - [2026-01-06T15:05:33.928+1100] {dagbag.py:545} INFO - Filling up the DagBag from /Users/fionatham/Documents/Projects/vogue_data_pipeline/venv/lib/python3.11/site-packages/airflow/example_dags/example_short_circuit_operator.py
[2026-01-06T15:05:33.941+1100] {processor.py:840} INFO - DAG(s) 'example_short_circuit_operator' retrieved from /Users/fionatham/Documents/Projects/vogue_data_pipeline/venv/lib/python3.11/site-packages/airflow/example_dags/example_short_circuit_operator.py
[2026-01-06T15:05:33.983+1100] {logging_mixin.py:188} INFO - [2026-01-06T15:05:33.983+1100] {dag.py:3089} INFO - Sync 1 DAGs
[2026-01-06T15:05:33.990+1100] {logging_mixin.py:188} INFO - [2026-01-06T15:05:33.990+1100] {dag.py:3947} INFO - Setting next_dagrun for example_short_circuit_operator to 2026-01-05 00:00:00+00:00, run_after=2026-01-06 00:00:00+00:00
[2026-01-06T15:05:33.997+1100] {processor.py:183} INFO - Processing /Users/fionatham/Documents/Projects/vogue_data_pipeline/venv/lib/python3.11/site-packages/airflow/example_dags/example_short_circuit_operator.py took 0.071 seconds
[2026-01-06T15:12:36.417+1100] {processor.py:161} INFO - Started process (PID=95257) to work on /Users/fionatham/Documents/Projects/vogue_data_pipeline/venv/lib/python3.11/site-packages/airflow/example_dags/example_short_circuit_operator.py
[2026-01-06T15:12:36.419+1100] {processor.py:830} INFO - Processing file /Users/fionatham/Documents/Projects/vogue_data_pipeline/venv/lib/python3.11/site-packages/airflow/example_dags/example_short_circuit_operator.py for tasks to queue
[2026-01-06T15:12:36.419+1100] {logging_mixin.py:188} INFO - [2026-01-06T15:12:36.419+1100] {dagbag.py:545} INFO - Filling up the DagBag from /Users/fionatham/Documents/Projects/vogue_data_pipeline/venv/lib/python3.11/site-packages/airflow/example_dags/example_short_circuit_operator.py
[2026-01-06T15:12:36.432+1100] {processor.py:840} INFO - DAG(s) 'example_short_circuit_operator' retrieved from /Users/fionatham/Documents/Projects/vogue_data_pipeline/venv/lib/python3.11/site-packages/airflow/example_dags/example_short_circuit_operator.py
[2026-01-06T15:12:36.479+1100] {logging_mixin.py:188} INFO - [2026-01-06T15:12:36.479+1100] {dag.py:3089} INFO - Sync 1 DAGs
[2026-01-06T15:12:36.488+1100] {logging_mixin.py:188} INFO - [2026-01-06T15:12:36.488+1100] {dag.py:3947} INFO - Setting next_dagrun for example_short_circuit_operator to 2026-01-05 00:00:00+00:00, run_after=2026-01-06 00:00:00+00:00
[2026-01-06T15:12:36.496+1100] {processor.py:183} INFO - Processing /Users/fionatham/Documents/Projects/vogue_data_pipeline/venv/lib/python3.11/site-packages/airflow/example_dags/example_short_circuit_operator.py took 0.080 seconds
[2026-01-06T15:14:08.696+1100] {processor.py:161} INFO - Started process (PID=95374) to work on /Users/fionatham/Documents/Projects/vogue_data_pipeline/venv/lib/python3.11/site-packages/airflow/example_dags/example_short_circuit_operator.py
[2026-01-06T15:14:08.698+1100] {processor.py:830} INFO - Processing file /Users/fionatham/Documents/Projects/vogue_data_pipeline/venv/lib/python3.11/site-packages/airflow/example_dags/example_short_circuit_operator.py for tasks to queue
[2026-01-06T15:14:08.698+1100] {logging_mixin.py:188} INFO - [2026-01-06T15:14:08.698+1100] {dagbag.py:545} INFO - Filling up the DagBag from /Users/fionatham/Documents/Projects/vogue_data_pipeline/venv/lib/python3.11/site-packages/airflow/example_dags/example_short_circuit_operator.py
[2026-01-06T15:14:08.711+1100] {processor.py:840} INFO - DAG(s) 'example_short_circuit_operator' retrieved from /Users/fionatham/Documents/Projects/vogue_data_pipeline/venv/lib/python3.11/site-packages/airflow/example_dags/example_short_circuit_operator.py
[2026-01-06T15:14:08.753+1100] {logging_mixin.py:188} INFO - [2026-01-06T15:14:08.752+1100] {dag.py:3089} INFO - Sync 1 DAGs
[2026-01-06T15:14:08.759+1100] {logging_mixin.py:188} INFO - [2026-01-06T15:14:08.759+1100] {dag.py:3947} INFO - Setting next_dagrun for example_short_circuit_operator to 2026-01-05 00:00:00+00:00, run_after=2026-01-06 00:00:00+00:00
[2026-01-06T15:14:08.766+1100] {processor.py:183} INFO - Processing /Users/fionatham/Documents/Projects/vogue_data_pipeline/venv/lib/python3.11/site-packages/airflow/example_dags/example_short_circuit_operator.py took 0.071 seconds
[2026-01-06T17:47:11.493+1100] {processor.py:161} INFO - Started process (PID=95578) to work on /Users/fionatham/Documents/Projects/vogue_data_pipeline/venv/lib/python3.11/site-packages/airflow/example_dags/example_short_circuit_operator.py
[2026-01-06T17:47:11.494+1100] {processor.py:830} INFO - Processing file /Users/fionatham/Documents/Projects/vogue_data_pipeline/venv/lib/python3.11/site-packages/airflow/example_dags/example_short_circuit_operator.py for tasks to queue
[2026-01-06T17:47:11.494+1100] {logging_mixin.py:188} INFO - [2026-01-06T17:47:11.494+1100] {dagbag.py:545} INFO - Filling up the DagBag from /Users/fionatham/Documents/Projects/vogue_data_pipeline/venv/lib/python3.11/site-packages/airflow/example_dags/example_short_circuit_operator.py
[2026-01-06T17:47:11.510+1100] {processor.py:840} INFO - DAG(s) 'example_short_circuit_operator' retrieved from /Users/fionatham/Documents/Projects/vogue_data_pipeline/venv/lib/python3.11/site-packages/airflow/example_dags/example_short_circuit_operator.py
[2026-01-06T17:47:11.567+1100] {logging_mixin.py:188} INFO - [2026-01-06T17:47:11.566+1100] {dag.py:3089} INFO - Sync 1 DAGs
[2026-01-06T17:47:11.575+1100] {logging_mixin.py:188} INFO - [2026-01-06T17:47:11.575+1100] {dag.py:3947} INFO - Setting next_dagrun for example_short_circuit_operator to 2026-01-05 00:00:00+00:00, run_after=2026-01-06 00:00:00+00:00
[2026-01-06T17:47:11.587+1100] {processor.py:183} INFO - Processing /Users/fionatham/Documents/Projects/vogue_data_pipeline/venv/lib/python3.11/site-packages/airflow/example_dags/example_short_circuit_operator.py took 0.096 seconds
[2026-01-06T20:51:24.496+1100] {processor.py:161} INFO - Started process (PID=95716) to work on /Users/fionatham/Documents/Projects/vogue_data_pipeline/venv/lib/python3.11/site-packages/airflow/example_dags/example_short_circuit_operator.py
[2026-01-06T20:51:24.497+1100] {processor.py:830} INFO - Processing file /Users/fionatham/Documents/Projects/vogue_data_pipeline/venv/lib/python3.11/site-packages/airflow/example_dags/example_short_circuit_operator.py for tasks to queue
[2026-01-06T20:51:24.498+1100] {logging_mixin.py:188} INFO - [2026-01-06T20:51:24.498+1100] {dagbag.py:545} INFO - Filling up the DagBag from /Users/fionatham/Documents/Projects/vogue_data_pipeline/venv/lib/python3.11/site-packages/airflow/example_dags/example_short_circuit_operator.py
[2026-01-06T20:51:24.533+1100] {processor.py:840} INFO - DAG(s) 'example_short_circuit_operator' retrieved from /Users/fionatham/Documents/Projects/vogue_data_pipeline/venv/lib/python3.11/site-packages/airflow/example_dags/example_short_circuit_operator.py
[2026-01-06T20:51:24.658+1100] {logging_mixin.py:188} INFO - [2026-01-06T20:51:24.658+1100] {dag.py:3089} INFO - Sync 1 DAGs
[2026-01-06T20:51:24.679+1100] {logging_mixin.py:188} INFO - [2026-01-06T20:51:24.679+1100] {dag.py:3947} INFO - Setting next_dagrun for example_short_circuit_operator to 2026-01-05 00:00:00+00:00, run_after=2026-01-06 00:00:00+00:00
[2026-01-06T20:51:24.701+1100] {processor.py:183} INFO - Processing /Users/fionatham/Documents/Projects/vogue_data_pipeline/venv/lib/python3.11/site-packages/airflow/example_dags/example_short_circuit_operator.py took 0.209 seconds
[2026-01-06T21:19:27.357+1100] {processor.py:161} INFO - Started process (PID=95826) to work on /Users/fionatham/Documents/Projects/vogue_data_pipeline/venv/lib/python3.11/site-packages/airflow/example_dags/example_short_circuit_operator.py
[2026-01-06T21:19:27.358+1100] {processor.py:830} INFO - Processing file /Users/fionatham/Documents/Projects/vogue_data_pipeline/venv/lib/python3.11/site-packages/airflow/example_dags/example_short_circuit_operator.py for tasks to queue
[2026-01-06T21:19:27.358+1100] {logging_mixin.py:188} INFO - [2026-01-06T21:19:27.358+1100] {dagbag.py:545} INFO - Filling up the DagBag from /Users/fionatham/Documents/Projects/vogue_data_pipeline/venv/lib/python3.11/site-packages/airflow/example_dags/example_short_circuit_operator.py
[2026-01-06T21:19:27.371+1100] {processor.py:840} INFO - DAG(s) 'example_short_circuit_operator' retrieved from /Users/fionatham/Documents/Projects/vogue_data_pipeline/venv/lib/python3.11/site-packages/airflow/example_dags/example_short_circuit_operator.py
[2026-01-06T21:19:27.417+1100] {logging_mixin.py:188} INFO - [2026-01-06T21:19:27.417+1100] {dag.py:3089} INFO - Sync 1 DAGs
[2026-01-06T21:19:27.424+1100] {logging_mixin.py:188} INFO - [2026-01-06T21:19:27.424+1100] {dag.py:3947} INFO - Setting next_dagrun for example_short_circuit_operator to 2026-01-05 00:00:00+00:00, run_after=2026-01-06 00:00:00+00:00
[2026-01-06T21:19:27.431+1100] {processor.py:183} INFO - Processing /Users/fionatham/Documents/Projects/vogue_data_pipeline/venv/lib/python3.11/site-packages/airflow/example_dags/example_short_circuit_operator.py took 0.075 seconds
[2026-01-06T23:11:15.301+1100] {processor.py:161} INFO - Started process (PID=95973) to work on /Users/fionatham/Documents/Projects/vogue_data_pipeline/venv/lib/python3.11/site-packages/airflow/example_dags/example_short_circuit_operator.py
[2026-01-06T23:11:15.302+1100] {processor.py:830} INFO - Processing file /Users/fionatham/Documents/Projects/vogue_data_pipeline/venv/lib/python3.11/site-packages/airflow/example_dags/example_short_circuit_operator.py for tasks to queue
[2026-01-06T23:11:15.303+1100] {logging_mixin.py:188} INFO - [2026-01-06T23:11:15.302+1100] {dagbag.py:545} INFO - Filling up the DagBag from /Users/fionatham/Documents/Projects/vogue_data_pipeline/venv/lib/python3.11/site-packages/airflow/example_dags/example_short_circuit_operator.py
[2026-01-06T23:11:15.319+1100] {processor.py:840} INFO - DAG(s) 'example_short_circuit_operator' retrieved from /Users/fionatham/Documents/Projects/vogue_data_pipeline/venv/lib/python3.11/site-packages/airflow/example_dags/example_short_circuit_operator.py
[2026-01-06T23:11:15.374+1100] {logging_mixin.py:188} INFO - [2026-01-06T23:11:15.373+1100] {dag.py:3089} INFO - Sync 1 DAGs
[2026-01-06T23:11:15.382+1100] {logging_mixin.py:188} INFO - [2026-01-06T23:11:15.382+1100] {dag.py:3947} INFO - Setting next_dagrun for example_short_circuit_operator to 2026-01-05 00:00:00+00:00, run_after=2026-01-06 00:00:00+00:00
[2026-01-06T23:11:15.391+1100] {processor.py:183} INFO - Processing /Users/fionatham/Documents/Projects/vogue_data_pipeline/venv/lib/python3.11/site-packages/airflow/example_dags/example_short_circuit_operator.py took 0.091 seconds
