[2026-01-06T13:58:00.284+1100] {processor.py:161} INFO - Started process (PID=85450) to work on /Users/fionatham/Documents/Projects/vogue_data_pipeline/venv/lib/python3.11/site-packages/airflow/example_dags/example_bash_operator.py
[2026-01-06T13:58:00.284+1100] {processor.py:830} INFO - Processing file /Users/fionatham/Documents/Projects/vogue_data_pipeline/venv/lib/python3.11/site-packages/airflow/example_dags/example_bash_operator.py for tasks to queue
[2026-01-06T13:58:00.285+1100] {logging_mixin.py:188} INFO - [2026-01-06T13:58:00.284+1100] {dagbag.py:545} INFO - Filling up the DagBag from /Users/fionatham/Documents/Projects/vogue_data_pipeline/venv/lib/python3.11/site-packages/airflow/example_dags/example_bash_operator.py
[2026-01-06T13:58:00.290+1100] {processor.py:840} INFO - DAG(s) 'example_bash_operator' retrieved from /Users/fionatham/Documents/Projects/vogue_data_pipeline/venv/lib/python3.11/site-packages/airflow/example_dags/example_bash_operator.py
[2026-01-06T13:58:00.369+1100] {logging_mixin.py:188} INFO - [2026-01-06T13:58:00.369+1100] {override.py:1858} INFO - Created Permission View: can edit on DAG:example_bash_operator
[2026-01-06T13:58:00.372+1100] {logging_mixin.py:188} INFO - [2026-01-06T13:58:00.372+1100] {override.py:1858} INFO - Created Permission View: can delete on DAG:example_bash_operator
[2026-01-06T13:58:00.375+1100] {logging_mixin.py:188} INFO - [2026-01-06T13:58:00.375+1100] {override.py:1858} INFO - Created Permission View: can read on DAG:example_bash_operator
[2026-01-06T13:58:00.376+1100] {logging_mixin.py:188} INFO - [2026-01-06T13:58:00.376+1100] {dag.py:3089} INFO - Sync 1 DAGs
[2026-01-06T13:58:00.406+1100] {logging_mixin.py:188} INFO - [2026-01-06T13:58:00.406+1100] {dag.py:3111} INFO - Creating ORM DAG for example_bash_operator
[2026-01-06T13:58:00.410+1100] {logging_mixin.py:188} INFO - [2026-01-06T13:58:00.410+1100] {dag.py:3947} INFO - Setting next_dagrun for example_bash_operator to 2026-01-05 00:00:00+00:00, run_after=2026-01-06 00:00:00+00:00
[2026-01-06T13:58:00.416+1100] {processor.py:183} INFO - Processing /Users/fionatham/Documents/Projects/vogue_data_pipeline/venv/lib/python3.11/site-packages/airflow/example_dags/example_bash_operator.py took 0.133 seconds
[2026-01-06T13:59:59.941+1100] {processor.py:161} INFO - Started process (PID=86818) to work on /Users/fionatham/Documents/Projects/vogue_data_pipeline/venv/lib/python3.11/site-packages/airflow/example_dags/example_bash_operator.py
[2026-01-06T13:59:59.942+1100] {processor.py:830} INFO - Processing file /Users/fionatham/Documents/Projects/vogue_data_pipeline/venv/lib/python3.11/site-packages/airflow/example_dags/example_bash_operator.py for tasks to queue
[2026-01-06T13:59:59.942+1100] {logging_mixin.py:188} INFO - [2026-01-06T13:59:59.942+1100] {dagbag.py:545} INFO - Filling up the DagBag from /Users/fionatham/Documents/Projects/vogue_data_pipeline/venv/lib/python3.11/site-packages/airflow/example_dags/example_bash_operator.py
[2026-01-06T13:59:59.947+1100] {processor.py:840} INFO - DAG(s) 'example_bash_operator' retrieved from /Users/fionatham/Documents/Projects/vogue_data_pipeline/venv/lib/python3.11/site-packages/airflow/example_dags/example_bash_operator.py
[2026-01-06T13:59:59.994+1100] {logging_mixin.py:188} INFO - [2026-01-06T13:59:59.994+1100] {dag.py:3089} INFO - Sync 1 DAGs
[2026-01-06T14:00:00.000+1100] {logging_mixin.py:188} INFO - [2026-01-06T14:00:00.000+1100] {dag.py:3947} INFO - Setting next_dagrun for example_bash_operator to 2026-01-05 00:00:00+00:00, run_after=2026-01-06 00:00:00+00:00
[2026-01-06T14:00:00.008+1100] {processor.py:183} INFO - Processing /Users/fionatham/Documents/Projects/vogue_data_pipeline/venv/lib/python3.11/site-packages/airflow/example_dags/example_bash_operator.py took 0.068 seconds
[2026-01-06T14:02:01.734+1100] {processor.py:161} INFO - Started process (PID=87074) to work on /Users/fionatham/Documents/Projects/vogue_data_pipeline/venv/lib/python3.11/site-packages/airflow/example_dags/example_bash_operator.py
[2026-01-06T14:02:01.735+1100] {processor.py:830} INFO - Processing file /Users/fionatham/Documents/Projects/vogue_data_pipeline/venv/lib/python3.11/site-packages/airflow/example_dags/example_bash_operator.py for tasks to queue
[2026-01-06T14:02:01.735+1100] {logging_mixin.py:188} INFO - [2026-01-06T14:02:01.735+1100] {dagbag.py:545} INFO - Filling up the DagBag from /Users/fionatham/Documents/Projects/vogue_data_pipeline/venv/lib/python3.11/site-packages/airflow/example_dags/example_bash_operator.py
[2026-01-06T14:02:01.740+1100] {processor.py:840} INFO - DAG(s) 'example_bash_operator' retrieved from /Users/fionatham/Documents/Projects/vogue_data_pipeline/venv/lib/python3.11/site-packages/airflow/example_dags/example_bash_operator.py
[2026-01-06T14:02:01.789+1100] {logging_mixin.py:188} INFO - [2026-01-06T14:02:01.788+1100] {dag.py:3089} INFO - Sync 1 DAGs
[2026-01-06T14:02:01.796+1100] {logging_mixin.py:188} INFO - [2026-01-06T14:02:01.795+1100] {dag.py:3947} INFO - Setting next_dagrun for example_bash_operator to 2026-01-05 00:00:00+00:00, run_after=2026-01-06 00:00:00+00:00
[2026-01-06T14:02:01.803+1100] {processor.py:183} INFO - Processing /Users/fionatham/Documents/Projects/vogue_data_pipeline/venv/lib/python3.11/site-packages/airflow/example_dags/example_bash_operator.py took 0.071 seconds
[2026-01-06T14:04:05.459+1100] {processor.py:161} INFO - Started process (PID=87240) to work on /Users/fionatham/Documents/Projects/vogue_data_pipeline/venv/lib/python3.11/site-packages/airflow/example_dags/example_bash_operator.py
[2026-01-06T14:04:05.460+1100] {processor.py:830} INFO - Processing file /Users/fionatham/Documents/Projects/vogue_data_pipeline/venv/lib/python3.11/site-packages/airflow/example_dags/example_bash_operator.py for tasks to queue
[2026-01-06T14:04:05.460+1100] {logging_mixin.py:188} INFO - [2026-01-06T14:04:05.460+1100] {dagbag.py:545} INFO - Filling up the DagBag from /Users/fionatham/Documents/Projects/vogue_data_pipeline/venv/lib/python3.11/site-packages/airflow/example_dags/example_bash_operator.py
[2026-01-06T14:04:05.466+1100] {processor.py:840} INFO - DAG(s) 'example_bash_operator' retrieved from /Users/fionatham/Documents/Projects/vogue_data_pipeline/venv/lib/python3.11/site-packages/airflow/example_dags/example_bash_operator.py
[2026-01-06T14:04:05.511+1100] {logging_mixin.py:188} INFO - [2026-01-06T14:04:05.511+1100] {dag.py:3089} INFO - Sync 1 DAGs
[2026-01-06T14:04:05.517+1100] {logging_mixin.py:188} INFO - [2026-01-06T14:04:05.517+1100] {dag.py:3947} INFO - Setting next_dagrun for example_bash_operator to 2026-01-05 00:00:00+00:00, run_after=2026-01-06 00:00:00+00:00
[2026-01-06T14:04:05.524+1100] {processor.py:183} INFO - Processing /Users/fionatham/Documents/Projects/vogue_data_pipeline/venv/lib/python3.11/site-packages/airflow/example_dags/example_bash_operator.py took 0.066 seconds
[2026-01-06T14:06:04.141+1100] {processor.py:161} INFO - Started process (PID=87470) to work on /Users/fionatham/Documents/Projects/vogue_data_pipeline/venv/lib/python3.11/site-packages/airflow/example_dags/example_bash_operator.py
[2026-01-06T14:06:04.142+1100] {processor.py:830} INFO - Processing file /Users/fionatham/Documents/Projects/vogue_data_pipeline/venv/lib/python3.11/site-packages/airflow/example_dags/example_bash_operator.py for tasks to queue
[2026-01-06T14:06:04.142+1100] {logging_mixin.py:188} INFO - [2026-01-06T14:06:04.142+1100] {dagbag.py:545} INFO - Filling up the DagBag from /Users/fionatham/Documents/Projects/vogue_data_pipeline/venv/lib/python3.11/site-packages/airflow/example_dags/example_bash_operator.py
[2026-01-06T14:06:04.148+1100] {processor.py:840} INFO - DAG(s) 'example_bash_operator' retrieved from /Users/fionatham/Documents/Projects/vogue_data_pipeline/venv/lib/python3.11/site-packages/airflow/example_dags/example_bash_operator.py
[2026-01-06T14:06:04.193+1100] {logging_mixin.py:188} INFO - [2026-01-06T14:06:04.193+1100] {dag.py:3089} INFO - Sync 1 DAGs
[2026-01-06T14:06:04.199+1100] {logging_mixin.py:188} INFO - [2026-01-06T14:06:04.199+1100] {dag.py:3947} INFO - Setting next_dagrun for example_bash_operator to 2026-01-05 00:00:00+00:00, run_after=2026-01-06 00:00:00+00:00
[2026-01-06T14:06:04.208+1100] {processor.py:183} INFO - Processing /Users/fionatham/Documents/Projects/vogue_data_pipeline/venv/lib/python3.11/site-packages/airflow/example_dags/example_bash_operator.py took 0.068 seconds
[2026-01-06T14:08:04.949+1100] {processor.py:161} INFO - Started process (PID=87647) to work on /Users/fionatham/Documents/Projects/vogue_data_pipeline/venv/lib/python3.11/site-packages/airflow/example_dags/example_bash_operator.py
[2026-01-06T14:08:04.950+1100] {processor.py:830} INFO - Processing file /Users/fionatham/Documents/Projects/vogue_data_pipeline/venv/lib/python3.11/site-packages/airflow/example_dags/example_bash_operator.py for tasks to queue
[2026-01-06T14:08:04.950+1100] {logging_mixin.py:188} INFO - [2026-01-06T14:08:04.950+1100] {dagbag.py:545} INFO - Filling up the DagBag from /Users/fionatham/Documents/Projects/vogue_data_pipeline/venv/lib/python3.11/site-packages/airflow/example_dags/example_bash_operator.py
[2026-01-06T14:08:04.955+1100] {processor.py:840} INFO - DAG(s) 'example_bash_operator' retrieved from /Users/fionatham/Documents/Projects/vogue_data_pipeline/venv/lib/python3.11/site-packages/airflow/example_dags/example_bash_operator.py
[2026-01-06T14:08:05.004+1100] {logging_mixin.py:188} INFO - [2026-01-06T14:08:05.003+1100] {dag.py:3089} INFO - Sync 1 DAGs
[2026-01-06T14:08:05.011+1100] {logging_mixin.py:188} INFO - [2026-01-06T14:08:05.010+1100] {dag.py:3947} INFO - Setting next_dagrun for example_bash_operator to 2026-01-05 00:00:00+00:00, run_after=2026-01-06 00:00:00+00:00
[2026-01-06T14:08:05.018+1100] {processor.py:183} INFO - Processing /Users/fionatham/Documents/Projects/vogue_data_pipeline/venv/lib/python3.11/site-packages/airflow/example_dags/example_bash_operator.py took 0.070 seconds
[2026-01-06T14:10:02.996+1100] {processor.py:161} INFO - Started process (PID=87753) to work on /Users/fionatham/Documents/Projects/vogue_data_pipeline/venv/lib/python3.11/site-packages/airflow/example_dags/example_bash_operator.py
[2026-01-06T14:10:02.997+1100] {processor.py:830} INFO - Processing file /Users/fionatham/Documents/Projects/vogue_data_pipeline/venv/lib/python3.11/site-packages/airflow/example_dags/example_bash_operator.py for tasks to queue
[2026-01-06T14:10:02.997+1100] {logging_mixin.py:188} INFO - [2026-01-06T14:10:02.997+1100] {dagbag.py:545} INFO - Filling up the DagBag from /Users/fionatham/Documents/Projects/vogue_data_pipeline/venv/lib/python3.11/site-packages/airflow/example_dags/example_bash_operator.py
[2026-01-06T14:10:03.002+1100] {processor.py:840} INFO - DAG(s) 'example_bash_operator' retrieved from /Users/fionatham/Documents/Projects/vogue_data_pipeline/venv/lib/python3.11/site-packages/airflow/example_dags/example_bash_operator.py
[2026-01-06T14:10:03.050+1100] {logging_mixin.py:188} INFO - [2026-01-06T14:10:03.050+1100] {dag.py:3089} INFO - Sync 1 DAGs
[2026-01-06T14:10:03.056+1100] {logging_mixin.py:188} INFO - [2026-01-06T14:10:03.056+1100] {dag.py:3947} INFO - Setting next_dagrun for example_bash_operator to 2026-01-05 00:00:00+00:00, run_after=2026-01-06 00:00:00+00:00
[2026-01-06T14:10:03.064+1100] {processor.py:183} INFO - Processing /Users/fionatham/Documents/Projects/vogue_data_pipeline/venv/lib/python3.11/site-packages/airflow/example_dags/example_bash_operator.py took 0.068 seconds
[2026-01-06T14:12:00.367+1100] {processor.py:161} INFO - Started process (PID=87913) to work on /Users/fionatham/Documents/Projects/vogue_data_pipeline/venv/lib/python3.11/site-packages/airflow/example_dags/example_bash_operator.py
[2026-01-06T14:12:00.368+1100] {processor.py:830} INFO - Processing file /Users/fionatham/Documents/Projects/vogue_data_pipeline/venv/lib/python3.11/site-packages/airflow/example_dags/example_bash_operator.py for tasks to queue
[2026-01-06T14:12:00.368+1100] {logging_mixin.py:188} INFO - [2026-01-06T14:12:00.368+1100] {dagbag.py:545} INFO - Filling up the DagBag from /Users/fionatham/Documents/Projects/vogue_data_pipeline/venv/lib/python3.11/site-packages/airflow/example_dags/example_bash_operator.py
[2026-01-06T14:12:00.374+1100] {processor.py:840} INFO - DAG(s) 'example_bash_operator' retrieved from /Users/fionatham/Documents/Projects/vogue_data_pipeline/venv/lib/python3.11/site-packages/airflow/example_dags/example_bash_operator.py
[2026-01-06T14:12:00.422+1100] {logging_mixin.py:188} INFO - [2026-01-06T14:12:00.422+1100] {dag.py:3089} INFO - Sync 1 DAGs
[2026-01-06T14:12:00.429+1100] {logging_mixin.py:188} INFO - [2026-01-06T14:12:00.429+1100] {dag.py:3947} INFO - Setting next_dagrun for example_bash_operator to 2026-01-05 00:00:00+00:00, run_after=2026-01-06 00:00:00+00:00
[2026-01-06T14:12:00.437+1100] {processor.py:183} INFO - Processing /Users/fionatham/Documents/Projects/vogue_data_pipeline/venv/lib/python3.11/site-packages/airflow/example_dags/example_bash_operator.py took 0.071 seconds
[2026-01-06T14:14:06.290+1100] {processor.py:161} INFO - Started process (PID=88466) to work on /Users/fionatham/Documents/Projects/vogue_data_pipeline/venv/lib/python3.11/site-packages/airflow/example_dags/example_bash_operator.py
[2026-01-06T14:14:06.290+1100] {processor.py:830} INFO - Processing file /Users/fionatham/Documents/Projects/vogue_data_pipeline/venv/lib/python3.11/site-packages/airflow/example_dags/example_bash_operator.py for tasks to queue
[2026-01-06T14:14:06.291+1100] {logging_mixin.py:188} INFO - [2026-01-06T14:14:06.291+1100] {dagbag.py:545} INFO - Filling up the DagBag from /Users/fionatham/Documents/Projects/vogue_data_pipeline/venv/lib/python3.11/site-packages/airflow/example_dags/example_bash_operator.py
[2026-01-06T14:14:06.296+1100] {processor.py:840} INFO - DAG(s) 'example_bash_operator' retrieved from /Users/fionatham/Documents/Projects/vogue_data_pipeline/venv/lib/python3.11/site-packages/airflow/example_dags/example_bash_operator.py
[2026-01-06T14:14:06.344+1100] {logging_mixin.py:188} INFO - [2026-01-06T14:14:06.343+1100] {dag.py:3089} INFO - Sync 1 DAGs
[2026-01-06T14:14:06.350+1100] {logging_mixin.py:188} INFO - [2026-01-06T14:14:06.350+1100] {dag.py:3947} INFO - Setting next_dagrun for example_bash_operator to 2026-01-05 00:00:00+00:00, run_after=2026-01-06 00:00:00+00:00
[2026-01-06T14:14:06.357+1100] {processor.py:183} INFO - Processing /Users/fionatham/Documents/Projects/vogue_data_pipeline/venv/lib/python3.11/site-packages/airflow/example_dags/example_bash_operator.py took 0.069 seconds
[2026-01-06T14:16:06.312+1100] {processor.py:161} INFO - Started process (PID=89101) to work on /Users/fionatham/Documents/Projects/vogue_data_pipeline/venv/lib/python3.11/site-packages/airflow/example_dags/example_bash_operator.py
[2026-01-06T14:16:06.314+1100] {processor.py:830} INFO - Processing file /Users/fionatham/Documents/Projects/vogue_data_pipeline/venv/lib/python3.11/site-packages/airflow/example_dags/example_bash_operator.py for tasks to queue
[2026-01-06T14:16:06.314+1100] {logging_mixin.py:188} INFO - [2026-01-06T14:16:06.314+1100] {dagbag.py:545} INFO - Filling up the DagBag from /Users/fionatham/Documents/Projects/vogue_data_pipeline/venv/lib/python3.11/site-packages/airflow/example_dags/example_bash_operator.py
[2026-01-06T14:16:06.319+1100] {processor.py:840} INFO - DAG(s) 'example_bash_operator' retrieved from /Users/fionatham/Documents/Projects/vogue_data_pipeline/venv/lib/python3.11/site-packages/airflow/example_dags/example_bash_operator.py
[2026-01-06T14:16:06.369+1100] {logging_mixin.py:188} INFO - [2026-01-06T14:16:06.369+1100] {dag.py:3089} INFO - Sync 1 DAGs
[2026-01-06T14:16:06.375+1100] {logging_mixin.py:188} INFO - [2026-01-06T14:16:06.375+1100] {dag.py:3947} INFO - Setting next_dagrun for example_bash_operator to 2026-01-05 00:00:00+00:00, run_after=2026-01-06 00:00:00+00:00
[2026-01-06T14:16:06.383+1100] {processor.py:183} INFO - Processing /Users/fionatham/Documents/Projects/vogue_data_pipeline/venv/lib/python3.11/site-packages/airflow/example_dags/example_bash_operator.py took 0.072 seconds
[2026-01-06T14:17:59.989+1100] {processor.py:161} INFO - Started process (PID=89403) to work on /Users/fionatham/Documents/Projects/vogue_data_pipeline/venv/lib/python3.11/site-packages/airflow/example_dags/example_bash_operator.py
[2026-01-06T14:17:59.989+1100] {processor.py:830} INFO - Processing file /Users/fionatham/Documents/Projects/vogue_data_pipeline/venv/lib/python3.11/site-packages/airflow/example_dags/example_bash_operator.py for tasks to queue
[2026-01-06T14:17:59.990+1100] {logging_mixin.py:188} INFO - [2026-01-06T14:17:59.990+1100] {dagbag.py:545} INFO - Filling up the DagBag from /Users/fionatham/Documents/Projects/vogue_data_pipeline/venv/lib/python3.11/site-packages/airflow/example_dags/example_bash_operator.py
[2026-01-06T14:17:59.995+1100] {processor.py:840} INFO - DAG(s) 'example_bash_operator' retrieved from /Users/fionatham/Documents/Projects/vogue_data_pipeline/venv/lib/python3.11/site-packages/airflow/example_dags/example_bash_operator.py
[2026-01-06T14:18:00.043+1100] {logging_mixin.py:188} INFO - [2026-01-06T14:18:00.043+1100] {dag.py:3089} INFO - Sync 1 DAGs
[2026-01-06T14:18:00.050+1100] {logging_mixin.py:188} INFO - [2026-01-06T14:18:00.050+1100] {dag.py:3947} INFO - Setting next_dagrun for example_bash_operator to 2026-01-05 00:00:00+00:00, run_after=2026-01-06 00:00:00+00:00
[2026-01-06T14:18:00.058+1100] {processor.py:183} INFO - Processing /Users/fionatham/Documents/Projects/vogue_data_pipeline/venv/lib/python3.11/site-packages/airflow/example_dags/example_bash_operator.py took 0.071 seconds
[2026-01-06T14:20:01.574+1100] {processor.py:161} INFO - Started process (PID=89968) to work on /Users/fionatham/Documents/Projects/vogue_data_pipeline/venv/lib/python3.11/site-packages/airflow/example_dags/example_bash_operator.py
[2026-01-06T14:20:01.575+1100] {processor.py:830} INFO - Processing file /Users/fionatham/Documents/Projects/vogue_data_pipeline/venv/lib/python3.11/site-packages/airflow/example_dags/example_bash_operator.py for tasks to queue
[2026-01-06T14:20:01.575+1100] {logging_mixin.py:188} INFO - [2026-01-06T14:20:01.575+1100] {dagbag.py:545} INFO - Filling up the DagBag from /Users/fionatham/Documents/Projects/vogue_data_pipeline/venv/lib/python3.11/site-packages/airflow/example_dags/example_bash_operator.py
[2026-01-06T14:20:01.581+1100] {processor.py:840} INFO - DAG(s) 'example_bash_operator' retrieved from /Users/fionatham/Documents/Projects/vogue_data_pipeline/venv/lib/python3.11/site-packages/airflow/example_dags/example_bash_operator.py
[2026-01-06T14:20:01.629+1100] {logging_mixin.py:188} INFO - [2026-01-06T14:20:01.629+1100] {dag.py:3089} INFO - Sync 1 DAGs
[2026-01-06T14:20:01.636+1100] {logging_mixin.py:188} INFO - [2026-01-06T14:20:01.635+1100] {dag.py:3947} INFO - Setting next_dagrun for example_bash_operator to 2026-01-05 00:00:00+00:00, run_after=2026-01-06 00:00:00+00:00
[2026-01-06T14:20:01.643+1100] {processor.py:183} INFO - Processing /Users/fionatham/Documents/Projects/vogue_data_pipeline/venv/lib/python3.11/site-packages/airflow/example_dags/example_bash_operator.py took 0.070 seconds
[2026-01-06T14:22:03.219+1100] {processor.py:161} INFO - Started process (PID=90051) to work on /Users/fionatham/Documents/Projects/vogue_data_pipeline/venv/lib/python3.11/site-packages/airflow/example_dags/example_bash_operator.py
[2026-01-06T14:22:03.220+1100] {processor.py:830} INFO - Processing file /Users/fionatham/Documents/Projects/vogue_data_pipeline/venv/lib/python3.11/site-packages/airflow/example_dags/example_bash_operator.py for tasks to queue
[2026-01-06T14:22:03.221+1100] {logging_mixin.py:188} INFO - [2026-01-06T14:22:03.221+1100] {dagbag.py:545} INFO - Filling up the DagBag from /Users/fionatham/Documents/Projects/vogue_data_pipeline/venv/lib/python3.11/site-packages/airflow/example_dags/example_bash_operator.py
[2026-01-06T14:22:03.226+1100] {processor.py:840} INFO - DAG(s) 'example_bash_operator' retrieved from /Users/fionatham/Documents/Projects/vogue_data_pipeline/venv/lib/python3.11/site-packages/airflow/example_dags/example_bash_operator.py
[2026-01-06T14:22:03.273+1100] {logging_mixin.py:188} INFO - [2026-01-06T14:22:03.273+1100] {dag.py:3089} INFO - Sync 1 DAGs
[2026-01-06T14:22:03.280+1100] {logging_mixin.py:188} INFO - [2026-01-06T14:22:03.280+1100] {dag.py:3947} INFO - Setting next_dagrun for example_bash_operator to 2026-01-05 00:00:00+00:00, run_after=2026-01-06 00:00:00+00:00
[2026-01-06T14:22:03.289+1100] {processor.py:183} INFO - Processing /Users/fionatham/Documents/Projects/vogue_data_pipeline/venv/lib/python3.11/site-packages/airflow/example_dags/example_bash_operator.py took 0.071 seconds
[2026-01-06T14:23:52.262+1100] {processor.py:161} INFO - Started process (PID=90147) to work on /Users/fionatham/Documents/Projects/vogue_data_pipeline/venv/lib/python3.11/site-packages/airflow/example_dags/example_bash_operator.py
[2026-01-06T14:23:52.263+1100] {processor.py:830} INFO - Processing file /Users/fionatham/Documents/Projects/vogue_data_pipeline/venv/lib/python3.11/site-packages/airflow/example_dags/example_bash_operator.py for tasks to queue
[2026-01-06T14:23:52.263+1100] {logging_mixin.py:188} INFO - [2026-01-06T14:23:52.263+1100] {dagbag.py:545} INFO - Filling up the DagBag from /Users/fionatham/Documents/Projects/vogue_data_pipeline/venv/lib/python3.11/site-packages/airflow/example_dags/example_bash_operator.py
[2026-01-06T14:23:52.268+1100] {processor.py:840} INFO - DAG(s) 'example_bash_operator' retrieved from /Users/fionatham/Documents/Projects/vogue_data_pipeline/venv/lib/python3.11/site-packages/airflow/example_dags/example_bash_operator.py
[2026-01-06T14:23:52.317+1100] {logging_mixin.py:188} INFO - [2026-01-06T14:23:52.317+1100] {dag.py:3089} INFO - Sync 1 DAGs
[2026-01-06T14:23:52.324+1100] {logging_mixin.py:188} INFO - [2026-01-06T14:23:52.324+1100] {dag.py:3947} INFO - Setting next_dagrun for example_bash_operator to 2026-01-05 00:00:00+00:00, run_after=2026-01-06 00:00:00+00:00
[2026-01-06T14:23:52.331+1100] {processor.py:183} INFO - Processing /Users/fionatham/Documents/Projects/vogue_data_pipeline/venv/lib/python3.11/site-packages/airflow/example_dags/example_bash_operator.py took 0.071 seconds
[2026-01-06T14:25:42.487+1100] {processor.py:161} INFO - Started process (PID=90425) to work on /Users/fionatham/Documents/Projects/vogue_data_pipeline/venv/lib/python3.11/site-packages/airflow/example_dags/example_bash_operator.py
[2026-01-06T14:25:42.488+1100] {processor.py:830} INFO - Processing file /Users/fionatham/Documents/Projects/vogue_data_pipeline/venv/lib/python3.11/site-packages/airflow/example_dags/example_bash_operator.py for tasks to queue
[2026-01-06T14:25:42.488+1100] {logging_mixin.py:188} INFO - [2026-01-06T14:25:42.488+1100] {dagbag.py:545} INFO - Filling up the DagBag from /Users/fionatham/Documents/Projects/vogue_data_pipeline/venv/lib/python3.11/site-packages/airflow/example_dags/example_bash_operator.py
[2026-01-06T14:25:42.493+1100] {processor.py:840} INFO - DAG(s) 'example_bash_operator' retrieved from /Users/fionatham/Documents/Projects/vogue_data_pipeline/venv/lib/python3.11/site-packages/airflow/example_dags/example_bash_operator.py
[2026-01-06T14:25:42.540+1100] {logging_mixin.py:188} INFO - [2026-01-06T14:25:42.540+1100] {dag.py:3089} INFO - Sync 1 DAGs
[2026-01-06T14:25:42.547+1100] {logging_mixin.py:188} INFO - [2026-01-06T14:25:42.547+1100] {dag.py:3947} INFO - Setting next_dagrun for example_bash_operator to 2026-01-05 00:00:00+00:00, run_after=2026-01-06 00:00:00+00:00
[2026-01-06T14:25:42.556+1100] {processor.py:183} INFO - Processing /Users/fionatham/Documents/Projects/vogue_data_pipeline/venv/lib/python3.11/site-packages/airflow/example_dags/example_bash_operator.py took 0.071 seconds
[2026-01-06T14:27:42.328+1100] {processor.py:161} INFO - Started process (PID=90733) to work on /Users/fionatham/Documents/Projects/vogue_data_pipeline/venv/lib/python3.11/site-packages/airflow/example_dags/example_bash_operator.py
[2026-01-06T14:27:42.330+1100] {processor.py:830} INFO - Processing file /Users/fionatham/Documents/Projects/vogue_data_pipeline/venv/lib/python3.11/site-packages/airflow/example_dags/example_bash_operator.py for tasks to queue
[2026-01-06T14:27:42.330+1100] {logging_mixin.py:188} INFO - [2026-01-06T14:27:42.330+1100] {dagbag.py:545} INFO - Filling up the DagBag from /Users/fionatham/Documents/Projects/vogue_data_pipeline/venv/lib/python3.11/site-packages/airflow/example_dags/example_bash_operator.py
[2026-01-06T14:27:42.335+1100] {processor.py:840} INFO - DAG(s) 'example_bash_operator' retrieved from /Users/fionatham/Documents/Projects/vogue_data_pipeline/venv/lib/python3.11/site-packages/airflow/example_dags/example_bash_operator.py
[2026-01-06T14:27:42.382+1100] {logging_mixin.py:188} INFO - [2026-01-06T14:27:42.382+1100] {dag.py:3089} INFO - Sync 1 DAGs
[2026-01-06T14:27:42.388+1100] {logging_mixin.py:188} INFO - [2026-01-06T14:27:42.388+1100] {dag.py:3947} INFO - Setting next_dagrun for example_bash_operator to 2026-01-05 00:00:00+00:00, run_after=2026-01-06 00:00:00+00:00
[2026-01-06T14:27:42.396+1100] {processor.py:183} INFO - Processing /Users/fionatham/Documents/Projects/vogue_data_pipeline/venv/lib/python3.11/site-packages/airflow/example_dags/example_bash_operator.py took 0.069 seconds
[2026-01-06T14:29:43.437+1100] {processor.py:161} INFO - Started process (PID=91346) to work on /Users/fionatham/Documents/Projects/vogue_data_pipeline/venv/lib/python3.11/site-packages/airflow/example_dags/example_bash_operator.py
[2026-01-06T14:29:43.437+1100] {processor.py:830} INFO - Processing file /Users/fionatham/Documents/Projects/vogue_data_pipeline/venv/lib/python3.11/site-packages/airflow/example_dags/example_bash_operator.py for tasks to queue
[2026-01-06T14:29:43.438+1100] {logging_mixin.py:188} INFO - [2026-01-06T14:29:43.437+1100] {dagbag.py:545} INFO - Filling up the DagBag from /Users/fionatham/Documents/Projects/vogue_data_pipeline/venv/lib/python3.11/site-packages/airflow/example_dags/example_bash_operator.py
[2026-01-06T14:29:43.443+1100] {processor.py:840} INFO - DAG(s) 'example_bash_operator' retrieved from /Users/fionatham/Documents/Projects/vogue_data_pipeline/venv/lib/python3.11/site-packages/airflow/example_dags/example_bash_operator.py
[2026-01-06T14:29:43.492+1100] {logging_mixin.py:188} INFO - [2026-01-06T14:29:43.492+1100] {dag.py:3089} INFO - Sync 1 DAGs
[2026-01-06T14:29:43.499+1100] {logging_mixin.py:188} INFO - [2026-01-06T14:29:43.499+1100] {dag.py:3947} INFO - Setting next_dagrun for example_bash_operator to 2026-01-05 00:00:00+00:00, run_after=2026-01-06 00:00:00+00:00
[2026-01-06T14:29:43.507+1100] {processor.py:183} INFO - Processing /Users/fionatham/Documents/Projects/vogue_data_pipeline/venv/lib/python3.11/site-packages/airflow/example_dags/example_bash_operator.py took 0.071 seconds
[2026-01-06T14:31:41.193+1100] {processor.py:161} INFO - Started process (PID=91924) to work on /Users/fionatham/Documents/Projects/vogue_data_pipeline/venv/lib/python3.11/site-packages/airflow/example_dags/example_bash_operator.py
[2026-01-06T14:31:41.194+1100] {processor.py:830} INFO - Processing file /Users/fionatham/Documents/Projects/vogue_data_pipeline/venv/lib/python3.11/site-packages/airflow/example_dags/example_bash_operator.py for tasks to queue
[2026-01-06T14:31:41.194+1100] {logging_mixin.py:188} INFO - [2026-01-06T14:31:41.194+1100] {dagbag.py:545} INFO - Filling up the DagBag from /Users/fionatham/Documents/Projects/vogue_data_pipeline/venv/lib/python3.11/site-packages/airflow/example_dags/example_bash_operator.py
[2026-01-06T14:31:41.200+1100] {processor.py:840} INFO - DAG(s) 'example_bash_operator' retrieved from /Users/fionatham/Documents/Projects/vogue_data_pipeline/venv/lib/python3.11/site-packages/airflow/example_dags/example_bash_operator.py
[2026-01-06T14:31:41.254+1100] {logging_mixin.py:188} INFO - [2026-01-06T14:31:41.254+1100] {dag.py:3089} INFO - Sync 1 DAGs
[2026-01-06T14:31:41.262+1100] {logging_mixin.py:188} INFO - [2026-01-06T14:31:41.262+1100] {dag.py:3947} INFO - Setting next_dagrun for example_bash_operator to 2026-01-05 00:00:00+00:00, run_after=2026-01-06 00:00:00+00:00
[2026-01-06T14:31:41.272+1100] {processor.py:183} INFO - Processing /Users/fionatham/Documents/Projects/vogue_data_pipeline/venv/lib/python3.11/site-packages/airflow/example_dags/example_bash_operator.py took 0.082 seconds
[2026-01-06T14:33:40.075+1100] {processor.py:161} INFO - Started process (PID=92248) to work on /Users/fionatham/Documents/Projects/vogue_data_pipeline/venv/lib/python3.11/site-packages/airflow/example_dags/example_bash_operator.py
[2026-01-06T14:33:40.076+1100] {processor.py:830} INFO - Processing file /Users/fionatham/Documents/Projects/vogue_data_pipeline/venv/lib/python3.11/site-packages/airflow/example_dags/example_bash_operator.py for tasks to queue
[2026-01-06T14:33:40.077+1100] {logging_mixin.py:188} INFO - [2026-01-06T14:33:40.077+1100] {dagbag.py:545} INFO - Filling up the DagBag from /Users/fionatham/Documents/Projects/vogue_data_pipeline/venv/lib/python3.11/site-packages/airflow/example_dags/example_bash_operator.py
[2026-01-06T14:33:40.082+1100] {processor.py:840} INFO - DAG(s) 'example_bash_operator' retrieved from /Users/fionatham/Documents/Projects/vogue_data_pipeline/venv/lib/python3.11/site-packages/airflow/example_dags/example_bash_operator.py
[2026-01-06T14:33:40.131+1100] {logging_mixin.py:188} INFO - [2026-01-06T14:33:40.130+1100] {dag.py:3089} INFO - Sync 1 DAGs
[2026-01-06T14:33:40.137+1100] {logging_mixin.py:188} INFO - [2026-01-06T14:33:40.137+1100] {dag.py:3947} INFO - Setting next_dagrun for example_bash_operator to 2026-01-05 00:00:00+00:00, run_after=2026-01-06 00:00:00+00:00
[2026-01-06T14:33:40.145+1100] {processor.py:183} INFO - Processing /Users/fionatham/Documents/Projects/vogue_data_pipeline/venv/lib/python3.11/site-packages/airflow/example_dags/example_bash_operator.py took 0.071 seconds
[2026-01-06T14:35:37.264+1100] {processor.py:161} INFO - Started process (PID=92496) to work on /Users/fionatham/Documents/Projects/vogue_data_pipeline/venv/lib/python3.11/site-packages/airflow/example_dags/example_bash_operator.py
[2026-01-06T14:35:37.265+1100] {processor.py:830} INFO - Processing file /Users/fionatham/Documents/Projects/vogue_data_pipeline/venv/lib/python3.11/site-packages/airflow/example_dags/example_bash_operator.py for tasks to queue
[2026-01-06T14:35:37.265+1100] {logging_mixin.py:188} INFO - [2026-01-06T14:35:37.265+1100] {dagbag.py:545} INFO - Filling up the DagBag from /Users/fionatham/Documents/Projects/vogue_data_pipeline/venv/lib/python3.11/site-packages/airflow/example_dags/example_bash_operator.py
[2026-01-06T14:35:37.270+1100] {processor.py:840} INFO - DAG(s) 'example_bash_operator' retrieved from /Users/fionatham/Documents/Projects/vogue_data_pipeline/venv/lib/python3.11/site-packages/airflow/example_dags/example_bash_operator.py
[2026-01-06T14:35:37.320+1100] {logging_mixin.py:188} INFO - [2026-01-06T14:35:37.320+1100] {dag.py:3089} INFO - Sync 1 DAGs
[2026-01-06T14:35:37.327+1100] {logging_mixin.py:188} INFO - [2026-01-06T14:35:37.326+1100] {dag.py:3947} INFO - Setting next_dagrun for example_bash_operator to 2026-01-05 00:00:00+00:00, run_after=2026-01-06 00:00:00+00:00
[2026-01-06T14:35:37.335+1100] {processor.py:183} INFO - Processing /Users/fionatham/Documents/Projects/vogue_data_pipeline/venv/lib/python3.11/site-packages/airflow/example_dags/example_bash_operator.py took 0.074 seconds
[2026-01-06T14:37:39.932+1100] {processor.py:161} INFO - Started process (PID=92716) to work on /Users/fionatham/Documents/Projects/vogue_data_pipeline/venv/lib/python3.11/site-packages/airflow/example_dags/example_bash_operator.py
[2026-01-06T14:37:39.933+1100] {processor.py:830} INFO - Processing file /Users/fionatham/Documents/Projects/vogue_data_pipeline/venv/lib/python3.11/site-packages/airflow/example_dags/example_bash_operator.py for tasks to queue
[2026-01-06T14:37:39.933+1100] {logging_mixin.py:188} INFO - [2026-01-06T14:37:39.933+1100] {dagbag.py:545} INFO - Filling up the DagBag from /Users/fionatham/Documents/Projects/vogue_data_pipeline/venv/lib/python3.11/site-packages/airflow/example_dags/example_bash_operator.py
[2026-01-06T14:37:39.940+1100] {processor.py:840} INFO - DAG(s) 'example_bash_operator' retrieved from /Users/fionatham/Documents/Projects/vogue_data_pipeline/venv/lib/python3.11/site-packages/airflow/example_dags/example_bash_operator.py
[2026-01-06T14:37:39.993+1100] {logging_mixin.py:188} INFO - [2026-01-06T14:37:39.992+1100] {dag.py:3089} INFO - Sync 1 DAGs
[2026-01-06T14:37:40.000+1100] {logging_mixin.py:188} INFO - [2026-01-06T14:37:40.000+1100] {dag.py:3947} INFO - Setting next_dagrun for example_bash_operator to 2026-01-05 00:00:00+00:00, run_after=2026-01-06 00:00:00+00:00
[2026-01-06T14:37:40.013+1100] {processor.py:183} INFO - Processing /Users/fionatham/Documents/Projects/vogue_data_pipeline/venv/lib/python3.11/site-packages/airflow/example_dags/example_bash_operator.py took 0.083 seconds
[2026-01-06T14:39:39.819+1100] {processor.py:161} INFO - Started process (PID=92902) to work on /Users/fionatham/Documents/Projects/vogue_data_pipeline/venv/lib/python3.11/site-packages/airflow/example_dags/example_bash_operator.py
[2026-01-06T14:39:39.820+1100] {processor.py:830} INFO - Processing file /Users/fionatham/Documents/Projects/vogue_data_pipeline/venv/lib/python3.11/site-packages/airflow/example_dags/example_bash_operator.py for tasks to queue
[2026-01-06T14:39:39.821+1100] {logging_mixin.py:188} INFO - [2026-01-06T14:39:39.820+1100] {dagbag.py:545} INFO - Filling up the DagBag from /Users/fionatham/Documents/Projects/vogue_data_pipeline/venv/lib/python3.11/site-packages/airflow/example_dags/example_bash_operator.py
[2026-01-06T14:39:39.826+1100] {processor.py:840} INFO - DAG(s) 'example_bash_operator' retrieved from /Users/fionatham/Documents/Projects/vogue_data_pipeline/venv/lib/python3.11/site-packages/airflow/example_dags/example_bash_operator.py
[2026-01-06T14:39:39.872+1100] {logging_mixin.py:188} INFO - [2026-01-06T14:39:39.871+1100] {dag.py:3089} INFO - Sync 1 DAGs
[2026-01-06T14:39:39.878+1100] {logging_mixin.py:188} INFO - [2026-01-06T14:39:39.878+1100] {dag.py:3947} INFO - Setting next_dagrun for example_bash_operator to 2026-01-05 00:00:00+00:00, run_after=2026-01-06 00:00:00+00:00
[2026-01-06T14:39:39.886+1100] {processor.py:183} INFO - Processing /Users/fionatham/Documents/Projects/vogue_data_pipeline/venv/lib/python3.11/site-packages/airflow/example_dags/example_bash_operator.py took 0.068 seconds
[2026-01-06T14:41:29.503+1100] {processor.py:161} INFO - Started process (PID=92975) to work on /Users/fionatham/Documents/Projects/vogue_data_pipeline/venv/lib/python3.11/site-packages/airflow/example_dags/example_bash_operator.py
[2026-01-06T14:41:29.504+1100] {processor.py:830} INFO - Processing file /Users/fionatham/Documents/Projects/vogue_data_pipeline/venv/lib/python3.11/site-packages/airflow/example_dags/example_bash_operator.py for tasks to queue
[2026-01-06T14:41:29.504+1100] {logging_mixin.py:188} INFO - [2026-01-06T14:41:29.504+1100] {dagbag.py:545} INFO - Filling up the DagBag from /Users/fionatham/Documents/Projects/vogue_data_pipeline/venv/lib/python3.11/site-packages/airflow/example_dags/example_bash_operator.py
[2026-01-06T14:41:29.509+1100] {processor.py:840} INFO - DAG(s) 'example_bash_operator' retrieved from /Users/fionatham/Documents/Projects/vogue_data_pipeline/venv/lib/python3.11/site-packages/airflow/example_dags/example_bash_operator.py
[2026-01-06T14:41:29.555+1100] {logging_mixin.py:188} INFO - [2026-01-06T14:41:29.555+1100] {dag.py:3089} INFO - Sync 1 DAGs
[2026-01-06T14:41:29.562+1100] {logging_mixin.py:188} INFO - [2026-01-06T14:41:29.561+1100] {dag.py:3947} INFO - Setting next_dagrun for example_bash_operator to 2026-01-05 00:00:00+00:00, run_after=2026-01-06 00:00:00+00:00
[2026-01-06T14:41:29.569+1100] {processor.py:183} INFO - Processing /Users/fionatham/Documents/Projects/vogue_data_pipeline/venv/lib/python3.11/site-packages/airflow/example_dags/example_bash_operator.py took 0.067 seconds
[2026-01-06T14:43:26.011+1100] {processor.py:161} INFO - Started process (PID=93056) to work on /Users/fionatham/Documents/Projects/vogue_data_pipeline/venv/lib/python3.11/site-packages/airflow/example_dags/example_bash_operator.py
[2026-01-06T14:43:26.012+1100] {processor.py:830} INFO - Processing file /Users/fionatham/Documents/Projects/vogue_data_pipeline/venv/lib/python3.11/site-packages/airflow/example_dags/example_bash_operator.py for tasks to queue
[2026-01-06T14:43:26.012+1100] {logging_mixin.py:188} INFO - [2026-01-06T14:43:26.012+1100] {dagbag.py:545} INFO - Filling up the DagBag from /Users/fionatham/Documents/Projects/vogue_data_pipeline/venv/lib/python3.11/site-packages/airflow/example_dags/example_bash_operator.py
[2026-01-06T14:43:26.018+1100] {processor.py:840} INFO - DAG(s) 'example_bash_operator' retrieved from /Users/fionatham/Documents/Projects/vogue_data_pipeline/venv/lib/python3.11/site-packages/airflow/example_dags/example_bash_operator.py
[2026-01-06T14:43:26.066+1100] {logging_mixin.py:188} INFO - [2026-01-06T14:43:26.066+1100] {dag.py:3089} INFO - Sync 1 DAGs
[2026-01-06T14:43:26.072+1100] {logging_mixin.py:188} INFO - [2026-01-06T14:43:26.072+1100] {dag.py:3947} INFO - Setting next_dagrun for example_bash_operator to 2026-01-05 00:00:00+00:00, run_after=2026-01-06 00:00:00+00:00
[2026-01-06T14:43:26.080+1100] {processor.py:183} INFO - Processing /Users/fionatham/Documents/Projects/vogue_data_pipeline/venv/lib/python3.11/site-packages/airflow/example_dags/example_bash_operator.py took 0.070 seconds
[2026-01-06T14:45:26.342+1100] {processor.py:161} INFO - Started process (PID=93143) to work on /Users/fionatham/Documents/Projects/vogue_data_pipeline/venv/lib/python3.11/site-packages/airflow/example_dags/example_bash_operator.py
[2026-01-06T14:45:26.342+1100] {processor.py:830} INFO - Processing file /Users/fionatham/Documents/Projects/vogue_data_pipeline/venv/lib/python3.11/site-packages/airflow/example_dags/example_bash_operator.py for tasks to queue
[2026-01-06T14:45:26.343+1100] {logging_mixin.py:188} INFO - [2026-01-06T14:45:26.343+1100] {dagbag.py:545} INFO - Filling up the DagBag from /Users/fionatham/Documents/Projects/vogue_data_pipeline/venv/lib/python3.11/site-packages/airflow/example_dags/example_bash_operator.py
[2026-01-06T14:45:26.348+1100] {processor.py:840} INFO - DAG(s) 'example_bash_operator' retrieved from /Users/fionatham/Documents/Projects/vogue_data_pipeline/venv/lib/python3.11/site-packages/airflow/example_dags/example_bash_operator.py
[2026-01-06T14:45:26.392+1100] {logging_mixin.py:188} INFO - [2026-01-06T14:45:26.392+1100] {dag.py:3089} INFO - Sync 1 DAGs
[2026-01-06T14:45:26.399+1100] {logging_mixin.py:188} INFO - [2026-01-06T14:45:26.399+1100] {dag.py:3947} INFO - Setting next_dagrun for example_bash_operator to 2026-01-05 00:00:00+00:00, run_after=2026-01-06 00:00:00+00:00
[2026-01-06T14:45:26.407+1100] {processor.py:183} INFO - Processing /Users/fionatham/Documents/Projects/vogue_data_pipeline/venv/lib/python3.11/site-packages/airflow/example_dags/example_bash_operator.py took 0.066 seconds
[2026-01-06T14:47:19.258+1100] {processor.py:161} INFO - Started process (PID=93223) to work on /Users/fionatham/Documents/Projects/vogue_data_pipeline/venv/lib/python3.11/site-packages/airflow/example_dags/example_bash_operator.py
[2026-01-06T14:47:19.259+1100] {processor.py:830} INFO - Processing file /Users/fionatham/Documents/Projects/vogue_data_pipeline/venv/lib/python3.11/site-packages/airflow/example_dags/example_bash_operator.py for tasks to queue
[2026-01-06T14:47:19.259+1100] {logging_mixin.py:188} INFO - [2026-01-06T14:47:19.259+1100] {dagbag.py:545} INFO - Filling up the DagBag from /Users/fionatham/Documents/Projects/vogue_data_pipeline/venv/lib/python3.11/site-packages/airflow/example_dags/example_bash_operator.py
[2026-01-06T14:47:19.264+1100] {processor.py:840} INFO - DAG(s) 'example_bash_operator' retrieved from /Users/fionatham/Documents/Projects/vogue_data_pipeline/venv/lib/python3.11/site-packages/airflow/example_dags/example_bash_operator.py
[2026-01-06T14:47:19.310+1100] {logging_mixin.py:188} INFO - [2026-01-06T14:47:19.310+1100] {dag.py:3089} INFO - Sync 1 DAGs
[2026-01-06T14:47:19.316+1100] {logging_mixin.py:188} INFO - [2026-01-06T14:47:19.316+1100] {dag.py:3947} INFO - Setting next_dagrun for example_bash_operator to 2026-01-05 00:00:00+00:00, run_after=2026-01-06 00:00:00+00:00
[2026-01-06T14:47:19.324+1100] {processor.py:183} INFO - Processing /Users/fionatham/Documents/Projects/vogue_data_pipeline/venv/lib/python3.11/site-packages/airflow/example_dags/example_bash_operator.py took 0.067 seconds
[2026-01-06T14:49:19.539+1100] {processor.py:161} INFO - Started process (PID=93325) to work on /Users/fionatham/Documents/Projects/vogue_data_pipeline/venv/lib/python3.11/site-packages/airflow/example_dags/example_bash_operator.py
[2026-01-06T14:49:19.540+1100] {processor.py:830} INFO - Processing file /Users/fionatham/Documents/Projects/vogue_data_pipeline/venv/lib/python3.11/site-packages/airflow/example_dags/example_bash_operator.py for tasks to queue
[2026-01-06T14:49:19.540+1100] {logging_mixin.py:188} INFO - [2026-01-06T14:49:19.540+1100] {dagbag.py:545} INFO - Filling up the DagBag from /Users/fionatham/Documents/Projects/vogue_data_pipeline/venv/lib/python3.11/site-packages/airflow/example_dags/example_bash_operator.py
[2026-01-06T14:49:19.548+1100] {processor.py:840} INFO - DAG(s) 'example_bash_operator' retrieved from /Users/fionatham/Documents/Projects/vogue_data_pipeline/venv/lib/python3.11/site-packages/airflow/example_dags/example_bash_operator.py
[2026-01-06T14:49:19.600+1100] {logging_mixin.py:188} INFO - [2026-01-06T14:49:19.600+1100] {dag.py:3089} INFO - Sync 1 DAGs
[2026-01-06T14:49:19.608+1100] {logging_mixin.py:188} INFO - [2026-01-06T14:49:19.608+1100] {dag.py:3947} INFO - Setting next_dagrun for example_bash_operator to 2026-01-05 00:00:00+00:00, run_after=2026-01-06 00:00:00+00:00
[2026-01-06T14:49:19.616+1100] {processor.py:183} INFO - Processing /Users/fionatham/Documents/Projects/vogue_data_pipeline/venv/lib/python3.11/site-packages/airflow/example_dags/example_bash_operator.py took 0.079 seconds
[2026-01-06T14:51:12.189+1100] {processor.py:161} INFO - Started process (PID=93411) to work on /Users/fionatham/Documents/Projects/vogue_data_pipeline/venv/lib/python3.11/site-packages/airflow/example_dags/example_bash_operator.py
[2026-01-06T14:51:12.190+1100] {processor.py:830} INFO - Processing file /Users/fionatham/Documents/Projects/vogue_data_pipeline/venv/lib/python3.11/site-packages/airflow/example_dags/example_bash_operator.py for tasks to queue
[2026-01-06T14:51:12.190+1100] {logging_mixin.py:188} INFO - [2026-01-06T14:51:12.190+1100] {dagbag.py:545} INFO - Filling up the DagBag from /Users/fionatham/Documents/Projects/vogue_data_pipeline/venv/lib/python3.11/site-packages/airflow/example_dags/example_bash_operator.py
[2026-01-06T14:51:12.196+1100] {processor.py:840} INFO - DAG(s) 'example_bash_operator' retrieved from /Users/fionatham/Documents/Projects/vogue_data_pipeline/venv/lib/python3.11/site-packages/airflow/example_dags/example_bash_operator.py
[2026-01-06T14:51:12.245+1100] {logging_mixin.py:188} INFO - [2026-01-06T14:51:12.244+1100] {dag.py:3089} INFO - Sync 1 DAGs
[2026-01-06T14:51:12.252+1100] {logging_mixin.py:188} INFO - [2026-01-06T14:51:12.251+1100] {dag.py:3947} INFO - Setting next_dagrun for example_bash_operator to 2026-01-05 00:00:00+00:00, run_after=2026-01-06 00:00:00+00:00
[2026-01-06T14:51:12.260+1100] {processor.py:183} INFO - Processing /Users/fionatham/Documents/Projects/vogue_data_pipeline/venv/lib/python3.11/site-packages/airflow/example_dags/example_bash_operator.py took 0.073 seconds
[2026-01-06T14:53:07.180+1100] {processor.py:161} INFO - Started process (PID=93543) to work on /Users/fionatham/Documents/Projects/vogue_data_pipeline/venv/lib/python3.11/site-packages/airflow/example_dags/example_bash_operator.py
[2026-01-06T14:53:07.181+1100] {processor.py:830} INFO - Processing file /Users/fionatham/Documents/Projects/vogue_data_pipeline/venv/lib/python3.11/site-packages/airflow/example_dags/example_bash_operator.py for tasks to queue
[2026-01-06T14:53:07.181+1100] {logging_mixin.py:188} INFO - [2026-01-06T14:53:07.181+1100] {dagbag.py:545} INFO - Filling up the DagBag from /Users/fionatham/Documents/Projects/vogue_data_pipeline/venv/lib/python3.11/site-packages/airflow/example_dags/example_bash_operator.py
[2026-01-06T14:53:07.186+1100] {processor.py:840} INFO - DAG(s) 'example_bash_operator' retrieved from /Users/fionatham/Documents/Projects/vogue_data_pipeline/venv/lib/python3.11/site-packages/airflow/example_dags/example_bash_operator.py
[2026-01-06T14:53:07.236+1100] {logging_mixin.py:188} INFO - [2026-01-06T14:53:07.236+1100] {dag.py:3089} INFO - Sync 1 DAGs
[2026-01-06T14:53:07.243+1100] {logging_mixin.py:188} INFO - [2026-01-06T14:53:07.243+1100] {dag.py:3947} INFO - Setting next_dagrun for example_bash_operator to 2026-01-05 00:00:00+00:00, run_after=2026-01-06 00:00:00+00:00
[2026-01-06T14:53:07.251+1100] {processor.py:183} INFO - Processing /Users/fionatham/Documents/Projects/vogue_data_pipeline/venv/lib/python3.11/site-packages/airflow/example_dags/example_bash_operator.py took 0.073 seconds
[2026-01-06T14:55:04.326+1100] {processor.py:161} INFO - Started process (PID=93726) to work on /Users/fionatham/Documents/Projects/vogue_data_pipeline/venv/lib/python3.11/site-packages/airflow/example_dags/example_bash_operator.py
[2026-01-06T14:55:04.327+1100] {processor.py:830} INFO - Processing file /Users/fionatham/Documents/Projects/vogue_data_pipeline/venv/lib/python3.11/site-packages/airflow/example_dags/example_bash_operator.py for tasks to queue
[2026-01-06T14:55:04.327+1100] {logging_mixin.py:188} INFO - [2026-01-06T14:55:04.327+1100] {dagbag.py:545} INFO - Filling up the DagBag from /Users/fionatham/Documents/Projects/vogue_data_pipeline/venv/lib/python3.11/site-packages/airflow/example_dags/example_bash_operator.py
[2026-01-06T14:55:04.334+1100] {processor.py:840} INFO - DAG(s) 'example_bash_operator' retrieved from /Users/fionatham/Documents/Projects/vogue_data_pipeline/venv/lib/python3.11/site-packages/airflow/example_dags/example_bash_operator.py
[2026-01-06T14:55:04.386+1100] {logging_mixin.py:188} INFO - [2026-01-06T14:55:04.386+1100] {dag.py:3089} INFO - Sync 1 DAGs
[2026-01-06T14:55:04.395+1100] {logging_mixin.py:188} INFO - [2026-01-06T14:55:04.395+1100] {dag.py:3947} INFO - Setting next_dagrun for example_bash_operator to 2026-01-05 00:00:00+00:00, run_after=2026-01-06 00:00:00+00:00
[2026-01-06T14:55:04.406+1100] {processor.py:183} INFO - Processing /Users/fionatham/Documents/Projects/vogue_data_pipeline/venv/lib/python3.11/site-packages/airflow/example_dags/example_bash_operator.py took 0.082 seconds
[2026-01-06T14:57:03.649+1100] {processor.py:161} INFO - Started process (PID=93833) to work on /Users/fionatham/Documents/Projects/vogue_data_pipeline/venv/lib/python3.11/site-packages/airflow/example_dags/example_bash_operator.py
[2026-01-06T14:57:03.650+1100] {processor.py:830} INFO - Processing file /Users/fionatham/Documents/Projects/vogue_data_pipeline/venv/lib/python3.11/site-packages/airflow/example_dags/example_bash_operator.py for tasks to queue
[2026-01-06T14:57:03.650+1100] {logging_mixin.py:188} INFO - [2026-01-06T14:57:03.650+1100] {dagbag.py:545} INFO - Filling up the DagBag from /Users/fionatham/Documents/Projects/vogue_data_pipeline/venv/lib/python3.11/site-packages/airflow/example_dags/example_bash_operator.py
[2026-01-06T14:57:03.655+1100] {processor.py:840} INFO - DAG(s) 'example_bash_operator' retrieved from /Users/fionatham/Documents/Projects/vogue_data_pipeline/venv/lib/python3.11/site-packages/airflow/example_dags/example_bash_operator.py
[2026-01-06T14:57:03.704+1100] {logging_mixin.py:188} INFO - [2026-01-06T14:57:03.704+1100] {dag.py:3089} INFO - Sync 1 DAGs
[2026-01-06T14:57:03.711+1100] {logging_mixin.py:188} INFO - [2026-01-06T14:57:03.711+1100] {dag.py:3947} INFO - Setting next_dagrun for example_bash_operator to 2026-01-05 00:00:00+00:00, run_after=2026-01-06 00:00:00+00:00
[2026-01-06T14:57:03.719+1100] {processor.py:183} INFO - Processing /Users/fionatham/Documents/Projects/vogue_data_pipeline/venv/lib/python3.11/site-packages/airflow/example_dags/example_bash_operator.py took 0.071 seconds
[2026-01-06T14:58:58.107+1100] {processor.py:161} INFO - Started process (PID=93968) to work on /Users/fionatham/Documents/Projects/vogue_data_pipeline/venv/lib/python3.11/site-packages/airflow/example_dags/example_bash_operator.py
[2026-01-06T14:58:58.108+1100] {processor.py:830} INFO - Processing file /Users/fionatham/Documents/Projects/vogue_data_pipeline/venv/lib/python3.11/site-packages/airflow/example_dags/example_bash_operator.py for tasks to queue
[2026-01-06T14:58:58.109+1100] {logging_mixin.py:188} INFO - [2026-01-06T14:58:58.109+1100] {dagbag.py:545} INFO - Filling up the DagBag from /Users/fionatham/Documents/Projects/vogue_data_pipeline/venv/lib/python3.11/site-packages/airflow/example_dags/example_bash_operator.py
[2026-01-06T14:58:58.114+1100] {processor.py:840} INFO - DAG(s) 'example_bash_operator' retrieved from /Users/fionatham/Documents/Projects/vogue_data_pipeline/venv/lib/python3.11/site-packages/airflow/example_dags/example_bash_operator.py
[2026-01-06T14:58:58.163+1100] {logging_mixin.py:188} INFO - [2026-01-06T14:58:58.163+1100] {dag.py:3089} INFO - Sync 1 DAGs
[2026-01-06T14:58:58.171+1100] {logging_mixin.py:188} INFO - [2026-01-06T14:58:58.171+1100] {dag.py:3947} INFO - Setting next_dagrun for example_bash_operator to 2026-01-05 00:00:00+00:00, run_after=2026-01-06 00:00:00+00:00
[2026-01-06T14:58:58.179+1100] {processor.py:183} INFO - Processing /Users/fionatham/Documents/Projects/vogue_data_pipeline/venv/lib/python3.11/site-packages/airflow/example_dags/example_bash_operator.py took 0.074 seconds
[2026-01-06T15:00:58.442+1100] {processor.py:161} INFO - Started process (PID=94136) to work on /Users/fionatham/Documents/Projects/vogue_data_pipeline/venv/lib/python3.11/site-packages/airflow/example_dags/example_bash_operator.py
[2026-01-06T15:00:58.443+1100] {processor.py:830} INFO - Processing file /Users/fionatham/Documents/Projects/vogue_data_pipeline/venv/lib/python3.11/site-packages/airflow/example_dags/example_bash_operator.py for tasks to queue
[2026-01-06T15:00:58.443+1100] {logging_mixin.py:188} INFO - [2026-01-06T15:00:58.443+1100] {dagbag.py:545} INFO - Filling up the DagBag from /Users/fionatham/Documents/Projects/vogue_data_pipeline/venv/lib/python3.11/site-packages/airflow/example_dags/example_bash_operator.py
[2026-01-06T15:00:58.448+1100] {processor.py:840} INFO - DAG(s) 'example_bash_operator' retrieved from /Users/fionatham/Documents/Projects/vogue_data_pipeline/venv/lib/python3.11/site-packages/airflow/example_dags/example_bash_operator.py
[2026-01-06T15:00:58.492+1100] {logging_mixin.py:188} INFO - [2026-01-06T15:00:58.492+1100] {dag.py:3089} INFO - Sync 1 DAGs
[2026-01-06T15:00:58.500+1100] {logging_mixin.py:188} INFO - [2026-01-06T15:00:58.500+1100] {dag.py:3947} INFO - Setting next_dagrun for example_bash_operator to 2026-01-05 00:00:00+00:00, run_after=2026-01-06 00:00:00+00:00
[2026-01-06T15:00:58.508+1100] {processor.py:183} INFO - Processing /Users/fionatham/Documents/Projects/vogue_data_pipeline/venv/lib/python3.11/site-packages/airflow/example_dags/example_bash_operator.py took 0.067 seconds
[2026-01-06T15:02:59.909+1100] {processor.py:161} INFO - Started process (PID=94383) to work on /Users/fionatham/Documents/Projects/vogue_data_pipeline/venv/lib/python3.11/site-packages/airflow/example_dags/example_bash_operator.py
[2026-01-06T15:02:59.910+1100] {processor.py:830} INFO - Processing file /Users/fionatham/Documents/Projects/vogue_data_pipeline/venv/lib/python3.11/site-packages/airflow/example_dags/example_bash_operator.py for tasks to queue
[2026-01-06T15:02:59.911+1100] {logging_mixin.py:188} INFO - [2026-01-06T15:02:59.911+1100] {dagbag.py:545} INFO - Filling up the DagBag from /Users/fionatham/Documents/Projects/vogue_data_pipeline/venv/lib/python3.11/site-packages/airflow/example_dags/example_bash_operator.py
[2026-01-06T15:02:59.916+1100] {processor.py:840} INFO - DAG(s) 'example_bash_operator' retrieved from /Users/fionatham/Documents/Projects/vogue_data_pipeline/venv/lib/python3.11/site-packages/airflow/example_dags/example_bash_operator.py
[2026-01-06T15:02:59.963+1100] {logging_mixin.py:188} INFO - [2026-01-06T15:02:59.963+1100] {dag.py:3089} INFO - Sync 1 DAGs
[2026-01-06T15:02:59.970+1100] {logging_mixin.py:188} INFO - [2026-01-06T15:02:59.970+1100] {dag.py:3947} INFO - Setting next_dagrun for example_bash_operator to 2026-01-05 00:00:00+00:00, run_after=2026-01-06 00:00:00+00:00
[2026-01-06T15:02:59.977+1100] {processor.py:183} INFO - Processing /Users/fionatham/Documents/Projects/vogue_data_pipeline/venv/lib/python3.11/site-packages/airflow/example_dags/example_bash_operator.py took 0.069 seconds
[2026-01-06T15:05:00.491+1100] {processor.py:161} INFO - Started process (PID=94596) to work on /Users/fionatham/Documents/Projects/vogue_data_pipeline/venv/lib/python3.11/site-packages/airflow/example_dags/example_bash_operator.py
[2026-01-06T15:05:00.492+1100] {processor.py:830} INFO - Processing file /Users/fionatham/Documents/Projects/vogue_data_pipeline/venv/lib/python3.11/site-packages/airflow/example_dags/example_bash_operator.py for tasks to queue
[2026-01-06T15:05:00.492+1100] {logging_mixin.py:188} INFO - [2026-01-06T15:05:00.492+1100] {dagbag.py:545} INFO - Filling up the DagBag from /Users/fionatham/Documents/Projects/vogue_data_pipeline/venv/lib/python3.11/site-packages/airflow/example_dags/example_bash_operator.py
[2026-01-06T15:05:00.498+1100] {processor.py:840} INFO - DAG(s) 'example_bash_operator' retrieved from /Users/fionatham/Documents/Projects/vogue_data_pipeline/venv/lib/python3.11/site-packages/airflow/example_dags/example_bash_operator.py
[2026-01-06T15:05:00.547+1100] {logging_mixin.py:188} INFO - [2026-01-06T15:05:00.547+1100] {dag.py:3089} INFO - Sync 1 DAGs
[2026-01-06T15:05:00.553+1100] {logging_mixin.py:188} INFO - [2026-01-06T15:05:00.553+1100] {dag.py:3947} INFO - Setting next_dagrun for example_bash_operator to 2026-01-05 00:00:00+00:00, run_after=2026-01-06 00:00:00+00:00
[2026-01-06T15:05:00.561+1100] {processor.py:183} INFO - Processing /Users/fionatham/Documents/Projects/vogue_data_pipeline/venv/lib/python3.11/site-packages/airflow/example_dags/example_bash_operator.py took 0.071 seconds
[2026-01-06T15:07:00.138+1100] {processor.py:161} INFO - Started process (PID=94751) to work on /Users/fionatham/Documents/Projects/vogue_data_pipeline/venv/lib/python3.11/site-packages/airflow/example_dags/example_bash_operator.py
[2026-01-06T15:07:00.139+1100] {processor.py:830} INFO - Processing file /Users/fionatham/Documents/Projects/vogue_data_pipeline/venv/lib/python3.11/site-packages/airflow/example_dags/example_bash_operator.py for tasks to queue
[2026-01-06T15:07:00.139+1100] {logging_mixin.py:188} INFO - [2026-01-06T15:07:00.139+1100] {dagbag.py:545} INFO - Filling up the DagBag from /Users/fionatham/Documents/Projects/vogue_data_pipeline/venv/lib/python3.11/site-packages/airflow/example_dags/example_bash_operator.py
[2026-01-06T15:07:00.144+1100] {processor.py:840} INFO - DAG(s) 'example_bash_operator' retrieved from /Users/fionatham/Documents/Projects/vogue_data_pipeline/venv/lib/python3.11/site-packages/airflow/example_dags/example_bash_operator.py
[2026-01-06T15:07:00.192+1100] {logging_mixin.py:188} INFO - [2026-01-06T15:07:00.192+1100] {dag.py:3089} INFO - Sync 1 DAGs
[2026-01-06T15:07:00.199+1100] {logging_mixin.py:188} INFO - [2026-01-06T15:07:00.199+1100] {dag.py:3947} INFO - Setting next_dagrun for example_bash_operator to 2026-01-05 00:00:00+00:00, run_after=2026-01-06 00:00:00+00:00
[2026-01-06T15:07:00.207+1100] {processor.py:183} INFO - Processing /Users/fionatham/Documents/Projects/vogue_data_pipeline/venv/lib/python3.11/site-packages/airflow/example_dags/example_bash_operator.py took 0.070 seconds
[2026-01-06T15:13:23.645+1100] {processor.py:161} INFO - Started process (PID=95301) to work on /Users/fionatham/Documents/Projects/vogue_data_pipeline/venv/lib/python3.11/site-packages/airflow/example_dags/example_bash_operator.py
[2026-01-06T15:13:23.646+1100] {processor.py:830} INFO - Processing file /Users/fionatham/Documents/Projects/vogue_data_pipeline/venv/lib/python3.11/site-packages/airflow/example_dags/example_bash_operator.py for tasks to queue
[2026-01-06T15:13:23.646+1100] {logging_mixin.py:188} INFO - [2026-01-06T15:13:23.646+1100] {dagbag.py:545} INFO - Filling up the DagBag from /Users/fionatham/Documents/Projects/vogue_data_pipeline/venv/lib/python3.11/site-packages/airflow/example_dags/example_bash_operator.py
[2026-01-06T15:13:23.651+1100] {processor.py:840} INFO - DAG(s) 'example_bash_operator' retrieved from /Users/fionatham/Documents/Projects/vogue_data_pipeline/venv/lib/python3.11/site-packages/airflow/example_dags/example_bash_operator.py
[2026-01-06T15:13:23.696+1100] {logging_mixin.py:188} INFO - [2026-01-06T15:13:23.696+1100] {dag.py:3089} INFO - Sync 1 DAGs
[2026-01-06T15:13:23.703+1100] {logging_mixin.py:188} INFO - [2026-01-06T15:13:23.703+1100] {dag.py:3947} INFO - Setting next_dagrun for example_bash_operator to 2026-01-05 00:00:00+00:00, run_after=2026-01-06 00:00:00+00:00
[2026-01-06T15:13:23.710+1100] {processor.py:183} INFO - Processing /Users/fionatham/Documents/Projects/vogue_data_pipeline/venv/lib/python3.11/site-packages/airflow/example_dags/example_bash_operator.py took 0.067 seconds
[2026-01-06T16:56:41.998+1100] {processor.py:161} INFO - Started process (PID=95527) to work on /Users/fionatham/Documents/Projects/vogue_data_pipeline/venv/lib/python3.11/site-packages/airflow/example_dags/example_bash_operator.py
[2026-01-06T16:56:41.999+1100] {processor.py:830} INFO - Processing file /Users/fionatham/Documents/Projects/vogue_data_pipeline/venv/lib/python3.11/site-packages/airflow/example_dags/example_bash_operator.py for tasks to queue
[2026-01-06T16:56:41.999+1100] {logging_mixin.py:188} INFO - [2026-01-06T16:56:41.999+1100] {dagbag.py:545} INFO - Filling up the DagBag from /Users/fionatham/Documents/Projects/vogue_data_pipeline/venv/lib/python3.11/site-packages/airflow/example_dags/example_bash_operator.py
[2026-01-06T16:56:42.004+1100] {processor.py:840} INFO - DAG(s) 'example_bash_operator' retrieved from /Users/fionatham/Documents/Projects/vogue_data_pipeline/venv/lib/python3.11/site-packages/airflow/example_dags/example_bash_operator.py
[2026-01-06T16:56:42.049+1100] {logging_mixin.py:188} INFO - [2026-01-06T16:56:42.049+1100] {dag.py:3089} INFO - Sync 1 DAGs
[2026-01-06T16:56:42.055+1100] {logging_mixin.py:188} INFO - [2026-01-06T16:56:42.055+1100] {dag.py:3947} INFO - Setting next_dagrun for example_bash_operator to 2026-01-05 00:00:00+00:00, run_after=2026-01-06 00:00:00+00:00
[2026-01-06T16:56:42.062+1100] {processor.py:183} INFO - Processing /Users/fionatham/Documents/Projects/vogue_data_pipeline/venv/lib/python3.11/site-packages/airflow/example_dags/example_bash_operator.py took 0.065 seconds
[2026-01-06T19:32:43.511+1100] {processor.py:161} INFO - Started process (PID=95625) to work on /Users/fionatham/Documents/Projects/vogue_data_pipeline/venv/lib/python3.11/site-packages/airflow/example_dags/example_bash_operator.py
[2026-01-06T19:32:43.511+1100] {processor.py:830} INFO - Processing file /Users/fionatham/Documents/Projects/vogue_data_pipeline/venv/lib/python3.11/site-packages/airflow/example_dags/example_bash_operator.py for tasks to queue
[2026-01-06T19:32:43.512+1100] {logging_mixin.py:188} INFO - [2026-01-06T19:32:43.512+1100] {dagbag.py:545} INFO - Filling up the DagBag from /Users/fionatham/Documents/Projects/vogue_data_pipeline/venv/lib/python3.11/site-packages/airflow/example_dags/example_bash_operator.py
[2026-01-06T19:32:43.517+1100] {processor.py:840} INFO - DAG(s) 'example_bash_operator' retrieved from /Users/fionatham/Documents/Projects/vogue_data_pipeline/venv/lib/python3.11/site-packages/airflow/example_dags/example_bash_operator.py
[2026-01-06T19:32:43.561+1100] {logging_mixin.py:188} INFO - [2026-01-06T19:32:43.561+1100] {dag.py:3089} INFO - Sync 1 DAGs
[2026-01-06T19:32:43.568+1100] {logging_mixin.py:188} INFO - [2026-01-06T19:32:43.568+1100] {dag.py:3947} INFO - Setting next_dagrun for example_bash_operator to 2026-01-05 00:00:00+00:00, run_after=2026-01-06 00:00:00+00:00
[2026-01-06T19:32:43.575+1100] {processor.py:183} INFO - Processing /Users/fionatham/Documents/Projects/vogue_data_pipeline/venv/lib/python3.11/site-packages/airflow/example_dags/example_bash_operator.py took 0.065 seconds
[2026-01-06T20:52:26.904+1100] {processor.py:161} INFO - Started process (PID=95776) to work on /Users/fionatham/Documents/Projects/vogue_data_pipeline/venv/lib/python3.11/site-packages/airflow/example_dags/example_bash_operator.py
[2026-01-06T20:52:26.910+1100] {processor.py:830} INFO - Processing file /Users/fionatham/Documents/Projects/vogue_data_pipeline/venv/lib/python3.11/site-packages/airflow/example_dags/example_bash_operator.py for tasks to queue
[2026-01-06T20:52:26.911+1100] {logging_mixin.py:188} INFO - [2026-01-06T20:52:26.911+1100] {dagbag.py:545} INFO - Filling up the DagBag from /Users/fionatham/Documents/Projects/vogue_data_pipeline/venv/lib/python3.11/site-packages/airflow/example_dags/example_bash_operator.py
[2026-01-06T20:52:26.918+1100] {processor.py:840} INFO - DAG(s) 'example_bash_operator' retrieved from /Users/fionatham/Documents/Projects/vogue_data_pipeline/venv/lib/python3.11/site-packages/airflow/example_dags/example_bash_operator.py
[2026-01-06T20:52:26.968+1100] {logging_mixin.py:188} INFO - [2026-01-06T20:52:26.968+1100] {dag.py:3089} INFO - Sync 1 DAGs
[2026-01-06T20:52:26.976+1100] {logging_mixin.py:188} INFO - [2026-01-06T20:52:26.976+1100] {dag.py:3947} INFO - Setting next_dagrun for example_bash_operator to 2026-01-05 00:00:00+00:00, run_after=2026-01-06 00:00:00+00:00
[2026-01-06T20:52:26.984+1100] {processor.py:183} INFO - Processing /Users/fionatham/Documents/Projects/vogue_data_pipeline/venv/lib/python3.11/site-packages/airflow/example_dags/example_bash_operator.py took 0.082 seconds
[2026-01-06T23:57:22.877+1100] {processor.py:161} INFO - Started process (PID=96070) to work on /Users/fionatham/Documents/Projects/vogue_data_pipeline/venv/lib/python3.11/site-packages/airflow/example_dags/example_bash_operator.py
[2026-01-06T23:57:22.878+1100] {processor.py:830} INFO - Processing file /Users/fionatham/Documents/Projects/vogue_data_pipeline/venv/lib/python3.11/site-packages/airflow/example_dags/example_bash_operator.py for tasks to queue
[2026-01-06T23:57:22.878+1100] {logging_mixin.py:188} INFO - [2026-01-06T23:57:22.878+1100] {dagbag.py:545} INFO - Filling up the DagBag from /Users/fionatham/Documents/Projects/vogue_data_pipeline/venv/lib/python3.11/site-packages/airflow/example_dags/example_bash_operator.py
[2026-01-06T23:57:22.884+1100] {processor.py:840} INFO - DAG(s) 'example_bash_operator' retrieved from /Users/fionatham/Documents/Projects/vogue_data_pipeline/venv/lib/python3.11/site-packages/airflow/example_dags/example_bash_operator.py
[2026-01-06T23:57:22.933+1100] {logging_mixin.py:188} INFO - [2026-01-06T23:57:22.933+1100] {dag.py:3089} INFO - Sync 1 DAGs
[2026-01-06T23:57:22.940+1100] {logging_mixin.py:188} INFO - [2026-01-06T23:57:22.940+1100] {dag.py:3947} INFO - Setting next_dagrun for example_bash_operator to 2026-01-05 00:00:00+00:00, run_after=2026-01-06 00:00:00+00:00
[2026-01-06T23:57:22.947+1100] {processor.py:183} INFO - Processing /Users/fionatham/Documents/Projects/vogue_data_pipeline/venv/lib/python3.11/site-packages/airflow/example_dags/example_bash_operator.py took 0.071 seconds
