[2026-01-06T13:57:01.674+1100] {processor.py:161} INFO - Started process (PID=85257) to work on /Users/fionatham/Documents/Projects/vogue_data_pipeline/venv/lib/python3.11/site-packages/airflow/example_dags/example_task_group.py
[2026-01-06T13:57:01.675+1100] {processor.py:830} INFO - Processing file /Users/fionatham/Documents/Projects/vogue_data_pipeline/venv/lib/python3.11/site-packages/airflow/example_dags/example_task_group.py for tasks to queue
[2026-01-06T13:57:01.675+1100] {logging_mixin.py:188} INFO - [2026-01-06T13:57:01.675+1100] {dagbag.py:545} INFO - Filling up the DagBag from /Users/fionatham/Documents/Projects/vogue_data_pipeline/venv/lib/python3.11/site-packages/airflow/example_dags/example_task_group.py
[2026-01-06T13:57:01.684+1100] {processor.py:840} INFO - DAG(s) 'example_task_group' retrieved from /Users/fionatham/Documents/Projects/vogue_data_pipeline/venv/lib/python3.11/site-packages/airflow/example_dags/example_task_group.py
[2026-01-06T13:57:01.780+1100] {logging_mixin.py:188} INFO - [2026-01-06T13:57:01.780+1100] {override.py:1858} INFO - Created Permission View: can edit on DAG:example_task_group
[2026-01-06T13:57:01.784+1100] {logging_mixin.py:188} INFO - [2026-01-06T13:57:01.783+1100] {override.py:1858} INFO - Created Permission View: can delete on DAG:example_task_group
[2026-01-06T13:57:01.787+1100] {logging_mixin.py:188} INFO - [2026-01-06T13:57:01.787+1100] {override.py:1858} INFO - Created Permission View: can read on DAG:example_task_group
[2026-01-06T13:57:01.787+1100] {logging_mixin.py:188} INFO - [2026-01-06T13:57:01.787+1100] {dag.py:3089} INFO - Sync 1 DAGs
[2026-01-06T13:57:01.820+1100] {logging_mixin.py:188} INFO - [2026-01-06T13:57:01.820+1100] {dag.py:3111} INFO - Creating ORM DAG for example_task_group
[2026-01-06T13:57:01.823+1100] {logging_mixin.py:188} INFO - [2026-01-06T13:57:01.823+1100] {dag.py:3947} INFO - Setting next_dagrun for example_task_group to 2026-01-05 00:00:00+00:00, run_after=2026-01-06 00:00:00+00:00
[2026-01-06T13:57:01.830+1100] {processor.py:183} INFO - Processing /Users/fionatham/Documents/Projects/vogue_data_pipeline/venv/lib/python3.11/site-packages/airflow/example_dags/example_task_group.py took 0.158 seconds
[2026-01-06T13:58:31.566+1100] {processor.py:161} INFO - Started process (PID=85865) to work on /Users/fionatham/Documents/Projects/vogue_data_pipeline/venv/lib/python3.11/site-packages/airflow/example_dags/example_task_group.py
[2026-01-06T13:58:31.566+1100] {processor.py:830} INFO - Processing file /Users/fionatham/Documents/Projects/vogue_data_pipeline/venv/lib/python3.11/site-packages/airflow/example_dags/example_task_group.py for tasks to queue
[2026-01-06T13:58:31.567+1100] {logging_mixin.py:188} INFO - [2026-01-06T13:58:31.567+1100] {dagbag.py:545} INFO - Filling up the DagBag from /Users/fionatham/Documents/Projects/vogue_data_pipeline/venv/lib/python3.11/site-packages/airflow/example_dags/example_task_group.py
[2026-01-06T13:58:31.571+1100] {processor.py:840} INFO - DAG(s) 'example_task_group' retrieved from /Users/fionatham/Documents/Projects/vogue_data_pipeline/venv/lib/python3.11/site-packages/airflow/example_dags/example_task_group.py
[2026-01-06T13:58:31.616+1100] {logging_mixin.py:188} INFO - [2026-01-06T13:58:31.615+1100] {dag.py:3089} INFO - Sync 1 DAGs
[2026-01-06T13:58:31.621+1100] {logging_mixin.py:188} INFO - [2026-01-06T13:58:31.621+1100] {dag.py:3947} INFO - Setting next_dagrun for example_task_group to 2026-01-05 00:00:00+00:00, run_after=2026-01-06 00:00:00+00:00
[2026-01-06T13:58:31.628+1100] {processor.py:183} INFO - Processing /Users/fionatham/Documents/Projects/vogue_data_pipeline/venv/lib/python3.11/site-packages/airflow/example_dags/example_task_group.py took 0.064 seconds
[2026-01-06T13:59:33.521+1100] {processor.py:161} INFO - Started process (PID=86760) to work on /Users/fionatham/Documents/Projects/vogue_data_pipeline/venv/lib/python3.11/site-packages/airflow/example_dags/example_task_group.py
[2026-01-06T13:59:33.523+1100] {processor.py:830} INFO - Processing file /Users/fionatham/Documents/Projects/vogue_data_pipeline/venv/lib/python3.11/site-packages/airflow/example_dags/example_task_group.py for tasks to queue
[2026-01-06T13:59:33.523+1100] {logging_mixin.py:188} INFO - [2026-01-06T13:59:33.523+1100] {dagbag.py:545} INFO - Filling up the DagBag from /Users/fionatham/Documents/Projects/vogue_data_pipeline/venv/lib/python3.11/site-packages/airflow/example_dags/example_task_group.py
[2026-01-06T13:59:33.528+1100] {processor.py:840} INFO - DAG(s) 'example_task_group' retrieved from /Users/fionatham/Documents/Projects/vogue_data_pipeline/venv/lib/python3.11/site-packages/airflow/example_dags/example_task_group.py
[2026-01-06T13:59:33.573+1100] {logging_mixin.py:188} INFO - [2026-01-06T13:59:33.573+1100] {dag.py:3089} INFO - Sync 1 DAGs
[2026-01-06T13:59:33.579+1100] {logging_mixin.py:188} INFO - [2026-01-06T13:59:33.579+1100] {dag.py:3947} INFO - Setting next_dagrun for example_task_group to 2026-01-05 00:00:00+00:00, run_after=2026-01-06 00:00:00+00:00
[2026-01-06T13:59:33.587+1100] {processor.py:183} INFO - Processing /Users/fionatham/Documents/Projects/vogue_data_pipeline/venv/lib/python3.11/site-packages/airflow/example_dags/example_task_group.py took 0.067 seconds
[2026-01-06T14:00:33.844+1100] {processor.py:161} INFO - Started process (PID=86920) to work on /Users/fionatham/Documents/Projects/vogue_data_pipeline/venv/lib/python3.11/site-packages/airflow/example_dags/example_task_group.py
[2026-01-06T14:00:33.845+1100] {processor.py:830} INFO - Processing file /Users/fionatham/Documents/Projects/vogue_data_pipeline/venv/lib/python3.11/site-packages/airflow/example_dags/example_task_group.py for tasks to queue
[2026-01-06T14:00:33.846+1100] {logging_mixin.py:188} INFO - [2026-01-06T14:00:33.846+1100] {dagbag.py:545} INFO - Filling up the DagBag from /Users/fionatham/Documents/Projects/vogue_data_pipeline/venv/lib/python3.11/site-packages/airflow/example_dags/example_task_group.py
[2026-01-06T14:00:33.850+1100] {processor.py:840} INFO - DAG(s) 'example_task_group' retrieved from /Users/fionatham/Documents/Projects/vogue_data_pipeline/venv/lib/python3.11/site-packages/airflow/example_dags/example_task_group.py
[2026-01-06T14:00:33.921+1100] {logging_mixin.py:188} INFO - [2026-01-06T14:00:33.921+1100] {dag.py:3089} INFO - Sync 1 DAGs
[2026-01-06T14:00:33.927+1100] {logging_mixin.py:188} INFO - [2026-01-06T14:00:33.927+1100] {dag.py:3947} INFO - Setting next_dagrun for example_task_group to 2026-01-05 00:00:00+00:00, run_after=2026-01-06 00:00:00+00:00
[2026-01-06T14:00:33.935+1100] {processor.py:183} INFO - Processing /Users/fionatham/Documents/Projects/vogue_data_pipeline/venv/lib/python3.11/site-packages/airflow/example_dags/example_task_group.py took 0.092 seconds
[2026-01-06T14:01:33.432+1100] {processor.py:161} INFO - Started process (PID=87044) to work on /Users/fionatham/Documents/Projects/vogue_data_pipeline/venv/lib/python3.11/site-packages/airflow/example_dags/example_task_group.py
[2026-01-06T14:01:33.433+1100] {processor.py:830} INFO - Processing file /Users/fionatham/Documents/Projects/vogue_data_pipeline/venv/lib/python3.11/site-packages/airflow/example_dags/example_task_group.py for tasks to queue
[2026-01-06T14:01:33.433+1100] {logging_mixin.py:188} INFO - [2026-01-06T14:01:33.433+1100] {dagbag.py:545} INFO - Filling up the DagBag from /Users/fionatham/Documents/Projects/vogue_data_pipeline/venv/lib/python3.11/site-packages/airflow/example_dags/example_task_group.py
[2026-01-06T14:01:33.437+1100] {processor.py:840} INFO - DAG(s) 'example_task_group' retrieved from /Users/fionatham/Documents/Projects/vogue_data_pipeline/venv/lib/python3.11/site-packages/airflow/example_dags/example_task_group.py
[2026-01-06T14:01:33.484+1100] {logging_mixin.py:188} INFO - [2026-01-06T14:01:33.484+1100] {dag.py:3089} INFO - Sync 1 DAGs
[2026-01-06T14:01:33.490+1100] {logging_mixin.py:188} INFO - [2026-01-06T14:01:33.490+1100] {dag.py:3947} INFO - Setting next_dagrun for example_task_group to 2026-01-05 00:00:00+00:00, run_after=2026-01-06 00:00:00+00:00
[2026-01-06T14:01:33.499+1100] {processor.py:183} INFO - Processing /Users/fionatham/Documents/Projects/vogue_data_pipeline/venv/lib/python3.11/site-packages/airflow/example_dags/example_task_group.py took 0.068 seconds
[2026-01-06T14:02:35.013+1100] {processor.py:161} INFO - Started process (PID=87141) to work on /Users/fionatham/Documents/Projects/vogue_data_pipeline/venv/lib/python3.11/site-packages/airflow/example_dags/example_task_group.py
[2026-01-06T14:02:35.015+1100] {processor.py:830} INFO - Processing file /Users/fionatham/Documents/Projects/vogue_data_pipeline/venv/lib/python3.11/site-packages/airflow/example_dags/example_task_group.py for tasks to queue
[2026-01-06T14:02:35.015+1100] {logging_mixin.py:188} INFO - [2026-01-06T14:02:35.015+1100] {dagbag.py:545} INFO - Filling up the DagBag from /Users/fionatham/Documents/Projects/vogue_data_pipeline/venv/lib/python3.11/site-packages/airflow/example_dags/example_task_group.py
[2026-01-06T14:02:35.019+1100] {processor.py:840} INFO - DAG(s) 'example_task_group' retrieved from /Users/fionatham/Documents/Projects/vogue_data_pipeline/venv/lib/python3.11/site-packages/airflow/example_dags/example_task_group.py
[2026-01-06T14:02:35.064+1100] {logging_mixin.py:188} INFO - [2026-01-06T14:02:35.064+1100] {dag.py:3089} INFO - Sync 1 DAGs
[2026-01-06T14:02:35.070+1100] {logging_mixin.py:188} INFO - [2026-01-06T14:02:35.070+1100] {dag.py:3947} INFO - Setting next_dagrun for example_task_group to 2026-01-05 00:00:00+00:00, run_after=2026-01-06 00:00:00+00:00
[2026-01-06T14:02:35.078+1100] {processor.py:183} INFO - Processing /Users/fionatham/Documents/Projects/vogue_data_pipeline/venv/lib/python3.11/site-packages/airflow/example_dags/example_task_group.py took 0.066 seconds
[2026-01-06T14:03:36.796+1100] {processor.py:161} INFO - Started process (PID=87213) to work on /Users/fionatham/Documents/Projects/vogue_data_pipeline/venv/lib/python3.11/site-packages/airflow/example_dags/example_task_group.py
[2026-01-06T14:03:36.797+1100] {processor.py:830} INFO - Processing file /Users/fionatham/Documents/Projects/vogue_data_pipeline/venv/lib/python3.11/site-packages/airflow/example_dags/example_task_group.py for tasks to queue
[2026-01-06T14:03:36.797+1100] {logging_mixin.py:188} INFO - [2026-01-06T14:03:36.797+1100] {dagbag.py:545} INFO - Filling up the DagBag from /Users/fionatham/Documents/Projects/vogue_data_pipeline/venv/lib/python3.11/site-packages/airflow/example_dags/example_task_group.py
[2026-01-06T14:03:36.801+1100] {processor.py:840} INFO - DAG(s) 'example_task_group' retrieved from /Users/fionatham/Documents/Projects/vogue_data_pipeline/venv/lib/python3.11/site-packages/airflow/example_dags/example_task_group.py
[2026-01-06T14:03:36.846+1100] {logging_mixin.py:188} INFO - [2026-01-06T14:03:36.846+1100] {dag.py:3089} INFO - Sync 1 DAGs
[2026-01-06T14:03:36.853+1100] {logging_mixin.py:188} INFO - [2026-01-06T14:03:36.853+1100] {dag.py:3947} INFO - Setting next_dagrun for example_task_group to 2026-01-05 00:00:00+00:00, run_after=2026-01-06 00:00:00+00:00
[2026-01-06T14:03:36.861+1100] {processor.py:183} INFO - Processing /Users/fionatham/Documents/Projects/vogue_data_pipeline/venv/lib/python3.11/site-packages/airflow/example_dags/example_task_group.py took 0.066 seconds
[2026-01-06T14:04:37.672+1100] {processor.py:161} INFO - Started process (PID=87299) to work on /Users/fionatham/Documents/Projects/vogue_data_pipeline/venv/lib/python3.11/site-packages/airflow/example_dags/example_task_group.py
[2026-01-06T14:04:37.673+1100] {processor.py:830} INFO - Processing file /Users/fionatham/Documents/Projects/vogue_data_pipeline/venv/lib/python3.11/site-packages/airflow/example_dags/example_task_group.py for tasks to queue
[2026-01-06T14:04:37.674+1100] {logging_mixin.py:188} INFO - [2026-01-06T14:04:37.674+1100] {dagbag.py:545} INFO - Filling up the DagBag from /Users/fionatham/Documents/Projects/vogue_data_pipeline/venv/lib/python3.11/site-packages/airflow/example_dags/example_task_group.py
[2026-01-06T14:04:37.677+1100] {processor.py:840} INFO - DAG(s) 'example_task_group' retrieved from /Users/fionatham/Documents/Projects/vogue_data_pipeline/venv/lib/python3.11/site-packages/airflow/example_dags/example_task_group.py
[2026-01-06T14:04:37.722+1100] {logging_mixin.py:188} INFO - [2026-01-06T14:04:37.722+1100] {dag.py:3089} INFO - Sync 1 DAGs
[2026-01-06T14:04:37.728+1100] {logging_mixin.py:188} INFO - [2026-01-06T14:04:37.728+1100] {dag.py:3947} INFO - Setting next_dagrun for example_task_group to 2026-01-05 00:00:00+00:00, run_after=2026-01-06 00:00:00+00:00
[2026-01-06T14:04:37.735+1100] {processor.py:183} INFO - Processing /Users/fionatham/Documents/Projects/vogue_data_pipeline/venv/lib/python3.11/site-packages/airflow/example_dags/example_task_group.py took 0.064 seconds
[2026-01-06T14:06:35.606+1100] {processor.py:161} INFO - Started process (PID=87533) to work on /Users/fionatham/Documents/Projects/vogue_data_pipeline/venv/lib/python3.11/site-packages/airflow/example_dags/example_task_group.py
[2026-01-06T14:06:35.606+1100] {processor.py:830} INFO - Processing file /Users/fionatham/Documents/Projects/vogue_data_pipeline/venv/lib/python3.11/site-packages/airflow/example_dags/example_task_group.py for tasks to queue
[2026-01-06T14:06:35.607+1100] {logging_mixin.py:188} INFO - [2026-01-06T14:06:35.607+1100] {dagbag.py:545} INFO - Filling up the DagBag from /Users/fionatham/Documents/Projects/vogue_data_pipeline/venv/lib/python3.11/site-packages/airflow/example_dags/example_task_group.py
[2026-01-06T14:06:35.610+1100] {processor.py:840} INFO - DAG(s) 'example_task_group' retrieved from /Users/fionatham/Documents/Projects/vogue_data_pipeline/venv/lib/python3.11/site-packages/airflow/example_dags/example_task_group.py
[2026-01-06T14:06:35.659+1100] {logging_mixin.py:188} INFO - [2026-01-06T14:06:35.659+1100] {dag.py:3089} INFO - Sync 1 DAGs
[2026-01-06T14:06:35.665+1100] {logging_mixin.py:188} INFO - [2026-01-06T14:06:35.665+1100] {dag.py:3947} INFO - Setting next_dagrun for example_task_group to 2026-01-05 00:00:00+00:00, run_after=2026-01-06 00:00:00+00:00
[2026-01-06T14:06:35.672+1100] {processor.py:183} INFO - Processing /Users/fionatham/Documents/Projects/vogue_data_pipeline/venv/lib/python3.11/site-packages/airflow/example_dags/example_task_group.py took 0.068 seconds
[2026-01-06T14:07:38.046+1100] {processor.py:161} INFO - Started process (PID=87627) to work on /Users/fionatham/Documents/Projects/vogue_data_pipeline/venv/lib/python3.11/site-packages/airflow/example_dags/example_task_group.py
[2026-01-06T14:07:38.047+1100] {processor.py:830} INFO - Processing file /Users/fionatham/Documents/Projects/vogue_data_pipeline/venv/lib/python3.11/site-packages/airflow/example_dags/example_task_group.py for tasks to queue
[2026-01-06T14:07:38.047+1100] {logging_mixin.py:188} INFO - [2026-01-06T14:07:38.047+1100] {dagbag.py:545} INFO - Filling up the DagBag from /Users/fionatham/Documents/Projects/vogue_data_pipeline/venv/lib/python3.11/site-packages/airflow/example_dags/example_task_group.py
[2026-01-06T14:07:38.052+1100] {processor.py:840} INFO - DAG(s) 'example_task_group' retrieved from /Users/fionatham/Documents/Projects/vogue_data_pipeline/venv/lib/python3.11/site-packages/airflow/example_dags/example_task_group.py
[2026-01-06T14:07:38.102+1100] {logging_mixin.py:188} INFO - [2026-01-06T14:07:38.102+1100] {dag.py:3089} INFO - Sync 1 DAGs
[2026-01-06T14:07:38.108+1100] {logging_mixin.py:188} INFO - [2026-01-06T14:07:38.108+1100] {dag.py:3947} INFO - Setting next_dagrun for example_task_group to 2026-01-05 00:00:00+00:00, run_after=2026-01-06 00:00:00+00:00
[2026-01-06T14:07:38.116+1100] {processor.py:183} INFO - Processing /Users/fionatham/Documents/Projects/vogue_data_pipeline/venv/lib/python3.11/site-packages/airflow/example_dags/example_task_group.py took 0.072 seconds
[2026-01-06T14:09:35.464+1100] {processor.py:161} INFO - Started process (PID=87710) to work on /Users/fionatham/Documents/Projects/vogue_data_pipeline/venv/lib/python3.11/site-packages/airflow/example_dags/example_task_group.py
[2026-01-06T14:09:35.466+1100] {processor.py:830} INFO - Processing file /Users/fionatham/Documents/Projects/vogue_data_pipeline/venv/lib/python3.11/site-packages/airflow/example_dags/example_task_group.py for tasks to queue
[2026-01-06T14:09:35.466+1100] {logging_mixin.py:188} INFO - [2026-01-06T14:09:35.466+1100] {dagbag.py:545} INFO - Filling up the DagBag from /Users/fionatham/Documents/Projects/vogue_data_pipeline/venv/lib/python3.11/site-packages/airflow/example_dags/example_task_group.py
[2026-01-06T14:09:35.470+1100] {processor.py:840} INFO - DAG(s) 'example_task_group' retrieved from /Users/fionatham/Documents/Projects/vogue_data_pipeline/venv/lib/python3.11/site-packages/airflow/example_dags/example_task_group.py
[2026-01-06T14:09:35.515+1100] {logging_mixin.py:188} INFO - [2026-01-06T14:09:35.515+1100] {dag.py:3089} INFO - Sync 1 DAGs
[2026-01-06T14:09:35.521+1100] {logging_mixin.py:188} INFO - [2026-01-06T14:09:35.521+1100] {dag.py:3947} INFO - Setting next_dagrun for example_task_group to 2026-01-05 00:00:00+00:00, run_after=2026-01-06 00:00:00+00:00
[2026-01-06T14:09:35.528+1100] {processor.py:183} INFO - Processing /Users/fionatham/Documents/Projects/vogue_data_pipeline/venv/lib/python3.11/site-packages/airflow/example_dags/example_task_group.py took 0.065 seconds
[2026-01-06T14:10:36.973+1100] {processor.py:161} INFO - Started process (PID=87789) to work on /Users/fionatham/Documents/Projects/vogue_data_pipeline/venv/lib/python3.11/site-packages/airflow/example_dags/example_task_group.py
[2026-01-06T14:10:36.975+1100] {processor.py:830} INFO - Processing file /Users/fionatham/Documents/Projects/vogue_data_pipeline/venv/lib/python3.11/site-packages/airflow/example_dags/example_task_group.py for tasks to queue
[2026-01-06T14:10:36.975+1100] {logging_mixin.py:188} INFO - [2026-01-06T14:10:36.975+1100] {dagbag.py:545} INFO - Filling up the DagBag from /Users/fionatham/Documents/Projects/vogue_data_pipeline/venv/lib/python3.11/site-packages/airflow/example_dags/example_task_group.py
[2026-01-06T14:10:36.979+1100] {processor.py:840} INFO - DAG(s) 'example_task_group' retrieved from /Users/fionatham/Documents/Projects/vogue_data_pipeline/venv/lib/python3.11/site-packages/airflow/example_dags/example_task_group.py
[2026-01-06T14:10:37.026+1100] {logging_mixin.py:188} INFO - [2026-01-06T14:10:37.026+1100] {dag.py:3089} INFO - Sync 1 DAGs
[2026-01-06T14:10:37.032+1100] {logging_mixin.py:188} INFO - [2026-01-06T14:10:37.032+1100] {dag.py:3947} INFO - Setting next_dagrun for example_task_group to 2026-01-05 00:00:00+00:00, run_after=2026-01-06 00:00:00+00:00
[2026-01-06T14:10:37.041+1100] {processor.py:183} INFO - Processing /Users/fionatham/Documents/Projects/vogue_data_pipeline/venv/lib/python3.11/site-packages/airflow/example_dags/example_task_group.py took 0.069 seconds
[2026-01-06T14:12:32.013+1100] {processor.py:161} INFO - Started process (PID=87938) to work on /Users/fionatham/Documents/Projects/vogue_data_pipeline/venv/lib/python3.11/site-packages/airflow/example_dags/example_task_group.py
[2026-01-06T14:12:32.014+1100] {processor.py:830} INFO - Processing file /Users/fionatham/Documents/Projects/vogue_data_pipeline/venv/lib/python3.11/site-packages/airflow/example_dags/example_task_group.py for tasks to queue
[2026-01-06T14:12:32.014+1100] {logging_mixin.py:188} INFO - [2026-01-06T14:12:32.014+1100] {dagbag.py:545} INFO - Filling up the DagBag from /Users/fionatham/Documents/Projects/vogue_data_pipeline/venv/lib/python3.11/site-packages/airflow/example_dags/example_task_group.py
[2026-01-06T14:12:32.018+1100] {processor.py:840} INFO - DAG(s) 'example_task_group' retrieved from /Users/fionatham/Documents/Projects/vogue_data_pipeline/venv/lib/python3.11/site-packages/airflow/example_dags/example_task_group.py
[2026-01-06T14:12:32.063+1100] {logging_mixin.py:188} INFO - [2026-01-06T14:12:32.063+1100] {dag.py:3089} INFO - Sync 1 DAGs
[2026-01-06T14:12:32.070+1100] {logging_mixin.py:188} INFO - [2026-01-06T14:12:32.070+1100] {dag.py:3947} INFO - Setting next_dagrun for example_task_group to 2026-01-05 00:00:00+00:00, run_after=2026-01-06 00:00:00+00:00
[2026-01-06T14:12:32.078+1100] {processor.py:183} INFO - Processing /Users/fionatham/Documents/Projects/vogue_data_pipeline/venv/lib/python3.11/site-packages/airflow/example_dags/example_task_group.py took 0.066 seconds
[2026-01-06T14:13:36.478+1100] {processor.py:161} INFO - Started process (PID=88016) to work on /Users/fionatham/Documents/Projects/vogue_data_pipeline/venv/lib/python3.11/site-packages/airflow/example_dags/example_task_group.py
[2026-01-06T14:13:36.479+1100] {processor.py:830} INFO - Processing file /Users/fionatham/Documents/Projects/vogue_data_pipeline/venv/lib/python3.11/site-packages/airflow/example_dags/example_task_group.py for tasks to queue
[2026-01-06T14:13:36.479+1100] {logging_mixin.py:188} INFO - [2026-01-06T14:13:36.479+1100] {dagbag.py:545} INFO - Filling up the DagBag from /Users/fionatham/Documents/Projects/vogue_data_pipeline/venv/lib/python3.11/site-packages/airflow/example_dags/example_task_group.py
[2026-01-06T14:13:36.483+1100] {processor.py:840} INFO - DAG(s) 'example_task_group' retrieved from /Users/fionatham/Documents/Projects/vogue_data_pipeline/venv/lib/python3.11/site-packages/airflow/example_dags/example_task_group.py
[2026-01-06T14:13:36.529+1100] {logging_mixin.py:188} INFO - [2026-01-06T14:13:36.529+1100] {dag.py:3089} INFO - Sync 1 DAGs
[2026-01-06T14:13:36.535+1100] {logging_mixin.py:188} INFO - [2026-01-06T14:13:36.535+1100] {dag.py:3947} INFO - Setting next_dagrun for example_task_group to 2026-01-05 00:00:00+00:00, run_after=2026-01-06 00:00:00+00:00
[2026-01-06T14:13:36.543+1100] {processor.py:183} INFO - Processing /Users/fionatham/Documents/Projects/vogue_data_pipeline/venv/lib/python3.11/site-packages/airflow/example_dags/example_task_group.py took 0.067 seconds
[2026-01-06T14:14:41.604+1100] {processor.py:161} INFO - Started process (PID=88626) to work on /Users/fionatham/Documents/Projects/vogue_data_pipeline/venv/lib/python3.11/site-packages/airflow/example_dags/example_task_group.py
[2026-01-06T14:14:41.605+1100] {processor.py:830} INFO - Processing file /Users/fionatham/Documents/Projects/vogue_data_pipeline/venv/lib/python3.11/site-packages/airflow/example_dags/example_task_group.py for tasks to queue
[2026-01-06T14:14:41.605+1100] {logging_mixin.py:188} INFO - [2026-01-06T14:14:41.605+1100] {dagbag.py:545} INFO - Filling up the DagBag from /Users/fionatham/Documents/Projects/vogue_data_pipeline/venv/lib/python3.11/site-packages/airflow/example_dags/example_task_group.py
[2026-01-06T14:14:41.610+1100] {processor.py:840} INFO - DAG(s) 'example_task_group' retrieved from /Users/fionatham/Documents/Projects/vogue_data_pipeline/venv/lib/python3.11/site-packages/airflow/example_dags/example_task_group.py
[2026-01-06T14:14:41.658+1100] {logging_mixin.py:188} INFO - [2026-01-06T14:14:41.658+1100] {dag.py:3089} INFO - Sync 1 DAGs
[2026-01-06T14:14:41.664+1100] {logging_mixin.py:188} INFO - [2026-01-06T14:14:41.664+1100] {dag.py:3947} INFO - Setting next_dagrun for example_task_group to 2026-01-05 00:00:00+00:00, run_after=2026-01-06 00:00:00+00:00
[2026-01-06T14:14:41.674+1100] {processor.py:183} INFO - Processing /Users/fionatham/Documents/Projects/vogue_data_pipeline/venv/lib/python3.11/site-packages/airflow/example_dags/example_task_group.py took 0.071 seconds
[2026-01-06T14:16:35.372+1100] {processor.py:161} INFO - Started process (PID=89247) to work on /Users/fionatham/Documents/Projects/vogue_data_pipeline/venv/lib/python3.11/site-packages/airflow/example_dags/example_task_group.py
[2026-01-06T14:16:35.373+1100] {processor.py:830} INFO - Processing file /Users/fionatham/Documents/Projects/vogue_data_pipeline/venv/lib/python3.11/site-packages/airflow/example_dags/example_task_group.py for tasks to queue
[2026-01-06T14:16:35.373+1100] {logging_mixin.py:188} INFO - [2026-01-06T14:16:35.373+1100] {dagbag.py:545} INFO - Filling up the DagBag from /Users/fionatham/Documents/Projects/vogue_data_pipeline/venv/lib/python3.11/site-packages/airflow/example_dags/example_task_group.py
[2026-01-06T14:16:35.377+1100] {processor.py:840} INFO - DAG(s) 'example_task_group' retrieved from /Users/fionatham/Documents/Projects/vogue_data_pipeline/venv/lib/python3.11/site-packages/airflow/example_dags/example_task_group.py
[2026-01-06T14:16:35.419+1100] {logging_mixin.py:188} INFO - [2026-01-06T14:16:35.418+1100] {dag.py:3089} INFO - Sync 1 DAGs
[2026-01-06T14:16:35.424+1100] {logging_mixin.py:188} INFO - [2026-01-06T14:16:35.424+1100] {dag.py:3947} INFO - Setting next_dagrun for example_task_group to 2026-01-05 00:00:00+00:00, run_after=2026-01-06 00:00:00+00:00
[2026-01-06T14:16:35.431+1100] {processor.py:183} INFO - Processing /Users/fionatham/Documents/Projects/vogue_data_pipeline/venv/lib/python3.11/site-packages/airflow/example_dags/example_task_group.py took 0.060 seconds
[2026-01-06T14:18:32.282+1100] {processor.py:161} INFO - Started process (PID=89733) to work on /Users/fionatham/Documents/Projects/vogue_data_pipeline/venv/lib/python3.11/site-packages/airflow/example_dags/example_task_group.py
[2026-01-06T14:18:32.283+1100] {processor.py:830} INFO - Processing file /Users/fionatham/Documents/Projects/vogue_data_pipeline/venv/lib/python3.11/site-packages/airflow/example_dags/example_task_group.py for tasks to queue
[2026-01-06T14:18:32.283+1100] {logging_mixin.py:188} INFO - [2026-01-06T14:18:32.283+1100] {dagbag.py:545} INFO - Filling up the DagBag from /Users/fionatham/Documents/Projects/vogue_data_pipeline/venv/lib/python3.11/site-packages/airflow/example_dags/example_task_group.py
[2026-01-06T14:18:32.287+1100] {processor.py:840} INFO - DAG(s) 'example_task_group' retrieved from /Users/fionatham/Documents/Projects/vogue_data_pipeline/venv/lib/python3.11/site-packages/airflow/example_dags/example_task_group.py
[2026-01-06T14:18:32.329+1100] {logging_mixin.py:188} INFO - [2026-01-06T14:18:32.329+1100] {dag.py:3089} INFO - Sync 1 DAGs
[2026-01-06T14:18:32.335+1100] {logging_mixin.py:188} INFO - [2026-01-06T14:18:32.335+1100] {dag.py:3947} INFO - Setting next_dagrun for example_task_group to 2026-01-05 00:00:00+00:00, run_after=2026-01-06 00:00:00+00:00
[2026-01-06T14:18:32.342+1100] {processor.py:183} INFO - Processing /Users/fionatham/Documents/Projects/vogue_data_pipeline/venv/lib/python3.11/site-packages/airflow/example_dags/example_task_group.py took 0.062 seconds
[2026-01-06T14:19:32.904+1100] {processor.py:161} INFO - Started process (PID=89930) to work on /Users/fionatham/Documents/Projects/vogue_data_pipeline/venv/lib/python3.11/site-packages/airflow/example_dags/example_task_group.py
[2026-01-06T14:19:32.905+1100] {processor.py:830} INFO - Processing file /Users/fionatham/Documents/Projects/vogue_data_pipeline/venv/lib/python3.11/site-packages/airflow/example_dags/example_task_group.py for tasks to queue
[2026-01-06T14:19:32.906+1100] {logging_mixin.py:188} INFO - [2026-01-06T14:19:32.906+1100] {dagbag.py:545} INFO - Filling up the DagBag from /Users/fionatham/Documents/Projects/vogue_data_pipeline/venv/lib/python3.11/site-packages/airflow/example_dags/example_task_group.py
[2026-01-06T14:19:32.910+1100] {processor.py:840} INFO - DAG(s) 'example_task_group' retrieved from /Users/fionatham/Documents/Projects/vogue_data_pipeline/venv/lib/python3.11/site-packages/airflow/example_dags/example_task_group.py
[2026-01-06T14:19:32.953+1100] {logging_mixin.py:188} INFO - [2026-01-06T14:19:32.953+1100] {dag.py:3089} INFO - Sync 1 DAGs
[2026-01-06T14:19:32.959+1100] {logging_mixin.py:188} INFO - [2026-01-06T14:19:32.959+1100] {dag.py:3947} INFO - Setting next_dagrun for example_task_group to 2026-01-05 00:00:00+00:00, run_after=2026-01-06 00:00:00+00:00
[2026-01-06T14:19:32.966+1100] {processor.py:183} INFO - Processing /Users/fionatham/Documents/Projects/vogue_data_pipeline/venv/lib/python3.11/site-packages/airflow/example_dags/example_task_group.py took 0.064 seconds
[2026-01-06T14:20:34.657+1100] {processor.py:161} INFO - Started process (PID=89989) to work on /Users/fionatham/Documents/Projects/vogue_data_pipeline/venv/lib/python3.11/site-packages/airflow/example_dags/example_task_group.py
[2026-01-06T14:20:34.658+1100] {processor.py:830} INFO - Processing file /Users/fionatham/Documents/Projects/vogue_data_pipeline/venv/lib/python3.11/site-packages/airflow/example_dags/example_task_group.py for tasks to queue
[2026-01-06T14:20:34.658+1100] {logging_mixin.py:188} INFO - [2026-01-06T14:20:34.658+1100] {dagbag.py:545} INFO - Filling up the DagBag from /Users/fionatham/Documents/Projects/vogue_data_pipeline/venv/lib/python3.11/site-packages/airflow/example_dags/example_task_group.py
[2026-01-06T14:20:34.662+1100] {processor.py:840} INFO - DAG(s) 'example_task_group' retrieved from /Users/fionatham/Documents/Projects/vogue_data_pipeline/venv/lib/python3.11/site-packages/airflow/example_dags/example_task_group.py
[2026-01-06T14:20:34.707+1100] {logging_mixin.py:188} INFO - [2026-01-06T14:20:34.707+1100] {dag.py:3089} INFO - Sync 1 DAGs
[2026-01-06T14:20:34.713+1100] {logging_mixin.py:188} INFO - [2026-01-06T14:20:34.713+1100] {dag.py:3947} INFO - Setting next_dagrun for example_task_group to 2026-01-05 00:00:00+00:00, run_after=2026-01-06 00:00:00+00:00
[2026-01-06T14:20:34.720+1100] {processor.py:183} INFO - Processing /Users/fionatham/Documents/Projects/vogue_data_pipeline/venv/lib/python3.11/site-packages/airflow/example_dags/example_task_group.py took 0.065 seconds
[2026-01-06T14:21:36.187+1100] {processor.py:161} INFO - Started process (PID=90026) to work on /Users/fionatham/Documents/Projects/vogue_data_pipeline/venv/lib/python3.11/site-packages/airflow/example_dags/example_task_group.py
[2026-01-06T14:21:36.188+1100] {processor.py:830} INFO - Processing file /Users/fionatham/Documents/Projects/vogue_data_pipeline/venv/lib/python3.11/site-packages/airflow/example_dags/example_task_group.py for tasks to queue
[2026-01-06T14:21:36.189+1100] {logging_mixin.py:188} INFO - [2026-01-06T14:21:36.188+1100] {dagbag.py:545} INFO - Filling up the DagBag from /Users/fionatham/Documents/Projects/vogue_data_pipeline/venv/lib/python3.11/site-packages/airflow/example_dags/example_task_group.py
[2026-01-06T14:21:36.193+1100] {processor.py:840} INFO - DAG(s) 'example_task_group' retrieved from /Users/fionatham/Documents/Projects/vogue_data_pipeline/venv/lib/python3.11/site-packages/airflow/example_dags/example_task_group.py
[2026-01-06T14:21:36.237+1100] {logging_mixin.py:188} INFO - [2026-01-06T14:21:36.237+1100] {dag.py:3089} INFO - Sync 1 DAGs
[2026-01-06T14:21:36.244+1100] {logging_mixin.py:188} INFO - [2026-01-06T14:21:36.243+1100] {dag.py:3947} INFO - Setting next_dagrun for example_task_group to 2026-01-05 00:00:00+00:00, run_after=2026-01-06 00:00:00+00:00
[2026-01-06T14:21:36.251+1100] {processor.py:183} INFO - Processing /Users/fionatham/Documents/Projects/vogue_data_pipeline/venv/lib/python3.11/site-packages/airflow/example_dags/example_task_group.py took 0.066 seconds
[2026-01-06T14:22:35.953+1100] {processor.py:161} INFO - Started process (PID=90080) to work on /Users/fionatham/Documents/Projects/vogue_data_pipeline/venv/lib/python3.11/site-packages/airflow/example_dags/example_task_group.py
[2026-01-06T14:22:35.954+1100] {processor.py:830} INFO - Processing file /Users/fionatham/Documents/Projects/vogue_data_pipeline/venv/lib/python3.11/site-packages/airflow/example_dags/example_task_group.py for tasks to queue
[2026-01-06T14:22:35.955+1100] {logging_mixin.py:188} INFO - [2026-01-06T14:22:35.955+1100] {dagbag.py:545} INFO - Filling up the DagBag from /Users/fionatham/Documents/Projects/vogue_data_pipeline/venv/lib/python3.11/site-packages/airflow/example_dags/example_task_group.py
[2026-01-06T14:22:35.959+1100] {processor.py:840} INFO - DAG(s) 'example_task_group' retrieved from /Users/fionatham/Documents/Projects/vogue_data_pipeline/venv/lib/python3.11/site-packages/airflow/example_dags/example_task_group.py
[2026-01-06T14:22:36.002+1100] {logging_mixin.py:188} INFO - [2026-01-06T14:22:36.002+1100] {dag.py:3089} INFO - Sync 1 DAGs
[2026-01-06T14:22:36.009+1100] {logging_mixin.py:188} INFO - [2026-01-06T14:22:36.009+1100] {dag.py:3947} INFO - Setting next_dagrun for example_task_group to 2026-01-05 00:00:00+00:00, run_after=2026-01-06 00:00:00+00:00
[2026-01-06T14:22:36.016+1100] {processor.py:183} INFO - Processing /Users/fionatham/Documents/Projects/vogue_data_pipeline/venv/lib/python3.11/site-packages/airflow/example_dags/example_task_group.py took 0.064 seconds
[2026-01-06T14:24:21.244+1100] {processor.py:161} INFO - Started process (PID=90169) to work on /Users/fionatham/Documents/Projects/vogue_data_pipeline/venv/lib/python3.11/site-packages/airflow/example_dags/example_task_group.py
[2026-01-06T14:24:21.244+1100] {processor.py:830} INFO - Processing file /Users/fionatham/Documents/Projects/vogue_data_pipeline/venv/lib/python3.11/site-packages/airflow/example_dags/example_task_group.py for tasks to queue
[2026-01-06T14:24:21.245+1100] {logging_mixin.py:188} INFO - [2026-01-06T14:24:21.245+1100] {dagbag.py:545} INFO - Filling up the DagBag from /Users/fionatham/Documents/Projects/vogue_data_pipeline/venv/lib/python3.11/site-packages/airflow/example_dags/example_task_group.py
[2026-01-06T14:24:21.249+1100] {processor.py:840} INFO - DAG(s) 'example_task_group' retrieved from /Users/fionatham/Documents/Projects/vogue_data_pipeline/venv/lib/python3.11/site-packages/airflow/example_dags/example_task_group.py
[2026-01-06T14:24:21.294+1100] {logging_mixin.py:188} INFO - [2026-01-06T14:24:21.293+1100] {dag.py:3089} INFO - Sync 1 DAGs
[2026-01-06T14:24:21.300+1100] {logging_mixin.py:188} INFO - [2026-01-06T14:24:21.300+1100] {dag.py:3947} INFO - Setting next_dagrun for example_task_group to 2026-01-05 00:00:00+00:00, run_after=2026-01-06 00:00:00+00:00
[2026-01-06T14:24:21.308+1100] {processor.py:183} INFO - Processing /Users/fionatham/Documents/Projects/vogue_data_pipeline/venv/lib/python3.11/site-packages/airflow/example_dags/example_task_group.py took 0.066 seconds
[2026-01-06T14:26:13.344+1100] {processor.py:161} INFO - Started process (PID=90458) to work on /Users/fionatham/Documents/Projects/vogue_data_pipeline/venv/lib/python3.11/site-packages/airflow/example_dags/example_task_group.py
[2026-01-06T14:26:13.346+1100] {processor.py:830} INFO - Processing file /Users/fionatham/Documents/Projects/vogue_data_pipeline/venv/lib/python3.11/site-packages/airflow/example_dags/example_task_group.py for tasks to queue
[2026-01-06T14:26:13.346+1100] {logging_mixin.py:188} INFO - [2026-01-06T14:26:13.346+1100] {dagbag.py:545} INFO - Filling up the DagBag from /Users/fionatham/Documents/Projects/vogue_data_pipeline/venv/lib/python3.11/site-packages/airflow/example_dags/example_task_group.py
[2026-01-06T14:26:13.350+1100] {processor.py:840} INFO - DAG(s) 'example_task_group' retrieved from /Users/fionatham/Documents/Projects/vogue_data_pipeline/venv/lib/python3.11/site-packages/airflow/example_dags/example_task_group.py
[2026-01-06T14:26:13.393+1100] {logging_mixin.py:188} INFO - [2026-01-06T14:26:13.393+1100] {dag.py:3089} INFO - Sync 1 DAGs
[2026-01-06T14:26:13.400+1100] {logging_mixin.py:188} INFO - [2026-01-06T14:26:13.400+1100] {dag.py:3947} INFO - Setting next_dagrun for example_task_group to 2026-01-05 00:00:00+00:00, run_after=2026-01-06 00:00:00+00:00
[2026-01-06T14:26:13.406+1100] {processor.py:183} INFO - Processing /Users/fionatham/Documents/Projects/vogue_data_pipeline/venv/lib/python3.11/site-packages/airflow/example_dags/example_task_group.py took 0.063 seconds
[2026-01-06T14:27:15.010+1100] {processor.py:161} INFO - Started process (PID=90677) to work on /Users/fionatham/Documents/Projects/vogue_data_pipeline/venv/lib/python3.11/site-packages/airflow/example_dags/example_task_group.py
[2026-01-06T14:27:15.011+1100] {processor.py:830} INFO - Processing file /Users/fionatham/Documents/Projects/vogue_data_pipeline/venv/lib/python3.11/site-packages/airflow/example_dags/example_task_group.py for tasks to queue
[2026-01-06T14:27:15.011+1100] {logging_mixin.py:188} INFO - [2026-01-06T14:27:15.011+1100] {dagbag.py:545} INFO - Filling up the DagBag from /Users/fionatham/Documents/Projects/vogue_data_pipeline/venv/lib/python3.11/site-packages/airflow/example_dags/example_task_group.py
[2026-01-06T14:27:15.015+1100] {processor.py:840} INFO - DAG(s) 'example_task_group' retrieved from /Users/fionatham/Documents/Projects/vogue_data_pipeline/venv/lib/python3.11/site-packages/airflow/example_dags/example_task_group.py
[2026-01-06T14:27:15.058+1100] {logging_mixin.py:188} INFO - [2026-01-06T14:27:15.058+1100] {dag.py:3089} INFO - Sync 1 DAGs
[2026-01-06T14:27:15.064+1100] {logging_mixin.py:188} INFO - [2026-01-06T14:27:15.064+1100] {dag.py:3947} INFO - Setting next_dagrun for example_task_group to 2026-01-05 00:00:00+00:00, run_after=2026-01-06 00:00:00+00:00
[2026-01-06T14:27:15.071+1100] {processor.py:183} INFO - Processing /Users/fionatham/Documents/Projects/vogue_data_pipeline/venv/lib/python3.11/site-packages/airflow/example_dags/example_task_group.py took 0.063 seconds
[2026-01-06T14:29:11.668+1100] {processor.py:161} INFO - Started process (PID=91046) to work on /Users/fionatham/Documents/Projects/vogue_data_pipeline/venv/lib/python3.11/site-packages/airflow/example_dags/example_task_group.py
[2026-01-06T14:29:11.669+1100] {processor.py:830} INFO - Processing file /Users/fionatham/Documents/Projects/vogue_data_pipeline/venv/lib/python3.11/site-packages/airflow/example_dags/example_task_group.py for tasks to queue
[2026-01-06T14:29:11.669+1100] {logging_mixin.py:188} INFO - [2026-01-06T14:29:11.669+1100] {dagbag.py:545} INFO - Filling up the DagBag from /Users/fionatham/Documents/Projects/vogue_data_pipeline/venv/lib/python3.11/site-packages/airflow/example_dags/example_task_group.py
[2026-01-06T14:29:11.673+1100] {processor.py:840} INFO - DAG(s) 'example_task_group' retrieved from /Users/fionatham/Documents/Projects/vogue_data_pipeline/venv/lib/python3.11/site-packages/airflow/example_dags/example_task_group.py
[2026-01-06T14:29:11.717+1100] {logging_mixin.py:188} INFO - [2026-01-06T14:29:11.717+1100] {dag.py:3089} INFO - Sync 1 DAGs
[2026-01-06T14:29:11.723+1100] {logging_mixin.py:188} INFO - [2026-01-06T14:29:11.723+1100] {dag.py:3947} INFO - Setting next_dagrun for example_task_group to 2026-01-05 00:00:00+00:00, run_after=2026-01-06 00:00:00+00:00
[2026-01-06T14:29:11.731+1100] {processor.py:183} INFO - Processing /Users/fionatham/Documents/Projects/vogue_data_pipeline/venv/lib/python3.11/site-packages/airflow/example_dags/example_task_group.py took 0.064 seconds
[2026-01-06T14:30:15.147+1100] {processor.py:161} INFO - Started process (PID=91451) to work on /Users/fionatham/Documents/Projects/vogue_data_pipeline/venv/lib/python3.11/site-packages/airflow/example_dags/example_task_group.py
[2026-01-06T14:30:15.147+1100] {processor.py:830} INFO - Processing file /Users/fionatham/Documents/Projects/vogue_data_pipeline/venv/lib/python3.11/site-packages/airflow/example_dags/example_task_group.py for tasks to queue
[2026-01-06T14:30:15.148+1100] {logging_mixin.py:188} INFO - [2026-01-06T14:30:15.148+1100] {dagbag.py:545} INFO - Filling up the DagBag from /Users/fionatham/Documents/Projects/vogue_data_pipeline/venv/lib/python3.11/site-packages/airflow/example_dags/example_task_group.py
[2026-01-06T14:30:15.152+1100] {processor.py:840} INFO - DAG(s) 'example_task_group' retrieved from /Users/fionatham/Documents/Projects/vogue_data_pipeline/venv/lib/python3.11/site-packages/airflow/example_dags/example_task_group.py
[2026-01-06T14:30:15.196+1100] {logging_mixin.py:188} INFO - [2026-01-06T14:30:15.196+1100] {dag.py:3089} INFO - Sync 1 DAGs
[2026-01-06T14:30:15.202+1100] {logging_mixin.py:188} INFO - [2026-01-06T14:30:15.202+1100] {dag.py:3947} INFO - Setting next_dagrun for example_task_group to 2026-01-05 00:00:00+00:00, run_after=2026-01-06 00:00:00+00:00
[2026-01-06T14:30:15.210+1100] {processor.py:183} INFO - Processing /Users/fionatham/Documents/Projects/vogue_data_pipeline/venv/lib/python3.11/site-packages/airflow/example_dags/example_task_group.py took 0.064 seconds
[2026-01-06T14:31:16.611+1100] {processor.py:161} INFO - Started process (PID=91637) to work on /Users/fionatham/Documents/Projects/vogue_data_pipeline/venv/lib/python3.11/site-packages/airflow/example_dags/example_task_group.py
[2026-01-06T14:31:16.611+1100] {processor.py:830} INFO - Processing file /Users/fionatham/Documents/Projects/vogue_data_pipeline/venv/lib/python3.11/site-packages/airflow/example_dags/example_task_group.py for tasks to queue
[2026-01-06T14:31:16.612+1100] {logging_mixin.py:188} INFO - [2026-01-06T14:31:16.611+1100] {dagbag.py:545} INFO - Filling up the DagBag from /Users/fionatham/Documents/Projects/vogue_data_pipeline/venv/lib/python3.11/site-packages/airflow/example_dags/example_task_group.py
[2026-01-06T14:31:16.615+1100] {processor.py:840} INFO - DAG(s) 'example_task_group' retrieved from /Users/fionatham/Documents/Projects/vogue_data_pipeline/venv/lib/python3.11/site-packages/airflow/example_dags/example_task_group.py
[2026-01-06T14:31:16.663+1100] {logging_mixin.py:188} INFO - [2026-01-06T14:31:16.663+1100] {dag.py:3089} INFO - Sync 1 DAGs
[2026-01-06T14:31:16.670+1100] {logging_mixin.py:188} INFO - [2026-01-06T14:31:16.670+1100] {dag.py:3947} INFO - Setting next_dagrun for example_task_group to 2026-01-05 00:00:00+00:00, run_after=2026-01-06 00:00:00+00:00
[2026-01-06T14:31:16.679+1100] {processor.py:183} INFO - Processing /Users/fionatham/Documents/Projects/vogue_data_pipeline/venv/lib/python3.11/site-packages/airflow/example_dags/example_task_group.py took 0.069 seconds
[2026-01-06T14:33:14.769+1100] {processor.py:161} INFO - Started process (PID=92184) to work on /Users/fionatham/Documents/Projects/vogue_data_pipeline/venv/lib/python3.11/site-packages/airflow/example_dags/example_task_group.py
[2026-01-06T14:33:14.770+1100] {processor.py:830} INFO - Processing file /Users/fionatham/Documents/Projects/vogue_data_pipeline/venv/lib/python3.11/site-packages/airflow/example_dags/example_task_group.py for tasks to queue
[2026-01-06T14:33:14.770+1100] {logging_mixin.py:188} INFO - [2026-01-06T14:33:14.770+1100] {dagbag.py:545} INFO - Filling up the DagBag from /Users/fionatham/Documents/Projects/vogue_data_pipeline/venv/lib/python3.11/site-packages/airflow/example_dags/example_task_group.py
[2026-01-06T14:33:14.774+1100] {processor.py:840} INFO - DAG(s) 'example_task_group' retrieved from /Users/fionatham/Documents/Projects/vogue_data_pipeline/venv/lib/python3.11/site-packages/airflow/example_dags/example_task_group.py
[2026-01-06T14:33:14.821+1100] {logging_mixin.py:188} INFO - [2026-01-06T14:33:14.820+1100] {dag.py:3089} INFO - Sync 1 DAGs
[2026-01-06T14:33:14.828+1100] {logging_mixin.py:188} INFO - [2026-01-06T14:33:14.827+1100] {dag.py:3947} INFO - Setting next_dagrun for example_task_group to 2026-01-05 00:00:00+00:00, run_after=2026-01-06 00:00:00+00:00
[2026-01-06T14:33:14.837+1100] {processor.py:183} INFO - Processing /Users/fionatham/Documents/Projects/vogue_data_pipeline/venv/lib/python3.11/site-packages/airflow/example_dags/example_task_group.py took 0.069 seconds
[2026-01-06T14:35:09.035+1100] {processor.py:161} INFO - Started process (PID=92463) to work on /Users/fionatham/Documents/Projects/vogue_data_pipeline/venv/lib/python3.11/site-packages/airflow/example_dags/example_task_group.py
[2026-01-06T14:35:09.035+1100] {processor.py:830} INFO - Processing file /Users/fionatham/Documents/Projects/vogue_data_pipeline/venv/lib/python3.11/site-packages/airflow/example_dags/example_task_group.py for tasks to queue
[2026-01-06T14:35:09.036+1100] {logging_mixin.py:188} INFO - [2026-01-06T14:35:09.036+1100] {dagbag.py:545} INFO - Filling up the DagBag from /Users/fionatham/Documents/Projects/vogue_data_pipeline/venv/lib/python3.11/site-packages/airflow/example_dags/example_task_group.py
[2026-01-06T14:35:09.040+1100] {processor.py:840} INFO - DAG(s) 'example_task_group' retrieved from /Users/fionatham/Documents/Projects/vogue_data_pipeline/venv/lib/python3.11/site-packages/airflow/example_dags/example_task_group.py
[2026-01-06T14:35:09.086+1100] {logging_mixin.py:188} INFO - [2026-01-06T14:35:09.086+1100] {dag.py:3089} INFO - Sync 1 DAGs
[2026-01-06T14:35:09.093+1100] {logging_mixin.py:188} INFO - [2026-01-06T14:35:09.092+1100] {dag.py:3947} INFO - Setting next_dagrun for example_task_group to 2026-01-05 00:00:00+00:00, run_after=2026-01-06 00:00:00+00:00
[2026-01-06T14:35:09.101+1100] {processor.py:183} INFO - Processing /Users/fionatham/Documents/Projects/vogue_data_pipeline/venv/lib/python3.11/site-packages/airflow/example_dags/example_task_group.py took 0.067 seconds
[2026-01-06T14:36:09.914+1100] {processor.py:161} INFO - Started process (PID=92567) to work on /Users/fionatham/Documents/Projects/vogue_data_pipeline/venv/lib/python3.11/site-packages/airflow/example_dags/example_task_group.py
[2026-01-06T14:36:09.915+1100] {processor.py:830} INFO - Processing file /Users/fionatham/Documents/Projects/vogue_data_pipeline/venv/lib/python3.11/site-packages/airflow/example_dags/example_task_group.py for tasks to queue
[2026-01-06T14:36:09.915+1100] {logging_mixin.py:188} INFO - [2026-01-06T14:36:09.915+1100] {dagbag.py:545} INFO - Filling up the DagBag from /Users/fionatham/Documents/Projects/vogue_data_pipeline/venv/lib/python3.11/site-packages/airflow/example_dags/example_task_group.py
[2026-01-06T14:36:09.919+1100] {processor.py:840} INFO - DAG(s) 'example_task_group' retrieved from /Users/fionatham/Documents/Projects/vogue_data_pipeline/venv/lib/python3.11/site-packages/airflow/example_dags/example_task_group.py
[2026-01-06T14:36:09.967+1100] {logging_mixin.py:188} INFO - [2026-01-06T14:36:09.966+1100] {dag.py:3089} INFO - Sync 1 DAGs
[2026-01-06T14:36:09.973+1100] {logging_mixin.py:188} INFO - [2026-01-06T14:36:09.973+1100] {dag.py:3947} INFO - Setting next_dagrun for example_task_group to 2026-01-05 00:00:00+00:00, run_after=2026-01-06 00:00:00+00:00
[2026-01-06T14:36:09.980+1100] {processor.py:183} INFO - Processing /Users/fionatham/Documents/Projects/vogue_data_pipeline/venv/lib/python3.11/site-packages/airflow/example_dags/example_task_group.py took 0.067 seconds
[2026-01-06T14:37:10.597+1100] {processor.py:161} INFO - Started process (PID=92680) to work on /Users/fionatham/Documents/Projects/vogue_data_pipeline/venv/lib/python3.11/site-packages/airflow/example_dags/example_task_group.py
[2026-01-06T14:37:10.597+1100] {processor.py:830} INFO - Processing file /Users/fionatham/Documents/Projects/vogue_data_pipeline/venv/lib/python3.11/site-packages/airflow/example_dags/example_task_group.py for tasks to queue
[2026-01-06T14:37:10.598+1100] {logging_mixin.py:188} INFO - [2026-01-06T14:37:10.598+1100] {dagbag.py:545} INFO - Filling up the DagBag from /Users/fionatham/Documents/Projects/vogue_data_pipeline/venv/lib/python3.11/site-packages/airflow/example_dags/example_task_group.py
[2026-01-06T14:37:10.602+1100] {processor.py:840} INFO - DAG(s) 'example_task_group' retrieved from /Users/fionatham/Documents/Projects/vogue_data_pipeline/venv/lib/python3.11/site-packages/airflow/example_dags/example_task_group.py
[2026-01-06T14:37:10.648+1100] {logging_mixin.py:188} INFO - [2026-01-06T14:37:10.648+1100] {dag.py:3089} INFO - Sync 1 DAGs
[2026-01-06T14:37:10.654+1100] {logging_mixin.py:188} INFO - [2026-01-06T14:37:10.654+1100] {dag.py:3947} INFO - Setting next_dagrun for example_task_group to 2026-01-05 00:00:00+00:00, run_after=2026-01-06 00:00:00+00:00
[2026-01-06T14:37:10.662+1100] {processor.py:183} INFO - Processing /Users/fionatham/Documents/Projects/vogue_data_pipeline/venv/lib/python3.11/site-packages/airflow/example_dags/example_task_group.py took 0.067 seconds
[2026-01-06T14:38:11.260+1100] {processor.py:161} INFO - Started process (PID=92824) to work on /Users/fionatham/Documents/Projects/vogue_data_pipeline/venv/lib/python3.11/site-packages/airflow/example_dags/example_task_group.py
[2026-01-06T14:38:11.261+1100] {processor.py:830} INFO - Processing file /Users/fionatham/Documents/Projects/vogue_data_pipeline/venv/lib/python3.11/site-packages/airflow/example_dags/example_task_group.py for tasks to queue
[2026-01-06T14:38:11.262+1100] {logging_mixin.py:188} INFO - [2026-01-06T14:38:11.262+1100] {dagbag.py:545} INFO - Filling up the DagBag from /Users/fionatham/Documents/Projects/vogue_data_pipeline/venv/lib/python3.11/site-packages/airflow/example_dags/example_task_group.py
[2026-01-06T14:38:11.266+1100] {processor.py:840} INFO - DAG(s) 'example_task_group' retrieved from /Users/fionatham/Documents/Projects/vogue_data_pipeline/venv/lib/python3.11/site-packages/airflow/example_dags/example_task_group.py
[2026-01-06T14:38:11.308+1100] {logging_mixin.py:188} INFO - [2026-01-06T14:38:11.308+1100] {dag.py:3089} INFO - Sync 1 DAGs
[2026-01-06T14:38:11.314+1100] {logging_mixin.py:188} INFO - [2026-01-06T14:38:11.314+1100] {dag.py:3947} INFO - Setting next_dagrun for example_task_group to 2026-01-05 00:00:00+00:00, run_after=2026-01-06 00:00:00+00:00
[2026-01-06T14:38:11.321+1100] {processor.py:183} INFO - Processing /Users/fionatham/Documents/Projects/vogue_data_pipeline/venv/lib/python3.11/site-packages/airflow/example_dags/example_task_group.py took 0.062 seconds
[2026-01-06T14:39:13.335+1100] {processor.py:161} INFO - Started process (PID=92885) to work on /Users/fionatham/Documents/Projects/vogue_data_pipeline/venv/lib/python3.11/site-packages/airflow/example_dags/example_task_group.py
[2026-01-06T14:39:13.337+1100] {processor.py:830} INFO - Processing file /Users/fionatham/Documents/Projects/vogue_data_pipeline/venv/lib/python3.11/site-packages/airflow/example_dags/example_task_group.py for tasks to queue
[2026-01-06T14:39:13.337+1100] {logging_mixin.py:188} INFO - [2026-01-06T14:39:13.337+1100] {dagbag.py:545} INFO - Filling up the DagBag from /Users/fionatham/Documents/Projects/vogue_data_pipeline/venv/lib/python3.11/site-packages/airflow/example_dags/example_task_group.py
[2026-01-06T14:39:13.341+1100] {processor.py:840} INFO - DAG(s) 'example_task_group' retrieved from /Users/fionatham/Documents/Projects/vogue_data_pipeline/venv/lib/python3.11/site-packages/airflow/example_dags/example_task_group.py
[2026-01-06T14:39:13.385+1100] {logging_mixin.py:188} INFO - [2026-01-06T14:39:13.385+1100] {dag.py:3089} INFO - Sync 1 DAGs
[2026-01-06T14:39:13.392+1100] {logging_mixin.py:188} INFO - [2026-01-06T14:39:13.392+1100] {dag.py:3947} INFO - Setting next_dagrun for example_task_group to 2026-01-05 00:00:00+00:00, run_after=2026-01-06 00:00:00+00:00
[2026-01-06T14:39:13.399+1100] {processor.py:183} INFO - Processing /Users/fionatham/Documents/Projects/vogue_data_pipeline/venv/lib/python3.11/site-packages/airflow/example_dags/example_task_group.py took 0.066 seconds
[2026-01-06T14:41:02.297+1100] {processor.py:161} INFO - Started process (PID=92958) to work on /Users/fionatham/Documents/Projects/vogue_data_pipeline/venv/lib/python3.11/site-packages/airflow/example_dags/example_task_group.py
[2026-01-06T14:41:02.298+1100] {processor.py:830} INFO - Processing file /Users/fionatham/Documents/Projects/vogue_data_pipeline/venv/lib/python3.11/site-packages/airflow/example_dags/example_task_group.py for tasks to queue
[2026-01-06T14:41:02.298+1100] {logging_mixin.py:188} INFO - [2026-01-06T14:41:02.298+1100] {dagbag.py:545} INFO - Filling up the DagBag from /Users/fionatham/Documents/Projects/vogue_data_pipeline/venv/lib/python3.11/site-packages/airflow/example_dags/example_task_group.py
[2026-01-06T14:41:02.302+1100] {processor.py:840} INFO - DAG(s) 'example_task_group' retrieved from /Users/fionatham/Documents/Projects/vogue_data_pipeline/venv/lib/python3.11/site-packages/airflow/example_dags/example_task_group.py
[2026-01-06T14:41:02.345+1100] {logging_mixin.py:188} INFO - [2026-01-06T14:41:02.345+1100] {dag.py:3089} INFO - Sync 1 DAGs
[2026-01-06T14:41:02.351+1100] {logging_mixin.py:188} INFO - [2026-01-06T14:41:02.351+1100] {dag.py:3947} INFO - Setting next_dagrun for example_task_group to 2026-01-05 00:00:00+00:00, run_after=2026-01-06 00:00:00+00:00
[2026-01-06T14:41:02.358+1100] {processor.py:183} INFO - Processing /Users/fionatham/Documents/Projects/vogue_data_pipeline/venv/lib/python3.11/site-packages/airflow/example_dags/example_task_group.py took 0.062 seconds
[2026-01-06T14:42:59.026+1100] {processor.py:161} INFO - Started process (PID=93039) to work on /Users/fionatham/Documents/Projects/vogue_data_pipeline/venv/lib/python3.11/site-packages/airflow/example_dags/example_task_group.py
[2026-01-06T14:42:59.028+1100] {processor.py:830} INFO - Processing file /Users/fionatham/Documents/Projects/vogue_data_pipeline/venv/lib/python3.11/site-packages/airflow/example_dags/example_task_group.py for tasks to queue
[2026-01-06T14:42:59.028+1100] {logging_mixin.py:188} INFO - [2026-01-06T14:42:59.028+1100] {dagbag.py:545} INFO - Filling up the DagBag from /Users/fionatham/Documents/Projects/vogue_data_pipeline/venv/lib/python3.11/site-packages/airflow/example_dags/example_task_group.py
[2026-01-06T14:42:59.032+1100] {processor.py:840} INFO - DAG(s) 'example_task_group' retrieved from /Users/fionatham/Documents/Projects/vogue_data_pipeline/venv/lib/python3.11/site-packages/airflow/example_dags/example_task_group.py
[2026-01-06T14:42:59.074+1100] {logging_mixin.py:188} INFO - [2026-01-06T14:42:59.074+1100] {dag.py:3089} INFO - Sync 1 DAGs
[2026-01-06T14:42:59.081+1100] {logging_mixin.py:188} INFO - [2026-01-06T14:42:59.080+1100] {dag.py:3947} INFO - Setting next_dagrun for example_task_group to 2026-01-05 00:00:00+00:00, run_after=2026-01-06 00:00:00+00:00
[2026-01-06T14:42:59.089+1100] {processor.py:183} INFO - Processing /Users/fionatham/Documents/Projects/vogue_data_pipeline/venv/lib/python3.11/site-packages/airflow/example_dags/example_task_group.py took 0.064 seconds
[2026-01-06T14:44:58.949+1100] {processor.py:161} INFO - Started process (PID=93117) to work on /Users/fionatham/Documents/Projects/vogue_data_pipeline/venv/lib/python3.11/site-packages/airflow/example_dags/example_task_group.py
[2026-01-06T14:44:58.950+1100] {processor.py:830} INFO - Processing file /Users/fionatham/Documents/Projects/vogue_data_pipeline/venv/lib/python3.11/site-packages/airflow/example_dags/example_task_group.py for tasks to queue
[2026-01-06T14:44:58.950+1100] {logging_mixin.py:188} INFO - [2026-01-06T14:44:58.950+1100] {dagbag.py:545} INFO - Filling up the DagBag from /Users/fionatham/Documents/Projects/vogue_data_pipeline/venv/lib/python3.11/site-packages/airflow/example_dags/example_task_group.py
[2026-01-06T14:44:58.954+1100] {processor.py:840} INFO - DAG(s) 'example_task_group' retrieved from /Users/fionatham/Documents/Projects/vogue_data_pipeline/venv/lib/python3.11/site-packages/airflow/example_dags/example_task_group.py
[2026-01-06T14:44:59.000+1100] {logging_mixin.py:188} INFO - [2026-01-06T14:44:59.000+1100] {dag.py:3089} INFO - Sync 1 DAGs
[2026-01-06T14:44:59.006+1100] {logging_mixin.py:188} INFO - [2026-01-06T14:44:59.006+1100] {dag.py:3947} INFO - Setting next_dagrun for example_task_group to 2026-01-05 00:00:00+00:00, run_after=2026-01-06 00:00:00+00:00
[2026-01-06T14:44:59.014+1100] {processor.py:183} INFO - Processing /Users/fionatham/Documents/Projects/vogue_data_pipeline/venv/lib/python3.11/site-packages/airflow/example_dags/example_task_group.py took 0.066 seconds
[2026-01-06T14:46:50.843+1100] {processor.py:161} INFO - Started process (PID=93206) to work on /Users/fionatham/Documents/Projects/vogue_data_pipeline/venv/lib/python3.11/site-packages/airflow/example_dags/example_task_group.py
[2026-01-06T14:46:50.845+1100] {processor.py:830} INFO - Processing file /Users/fionatham/Documents/Projects/vogue_data_pipeline/venv/lib/python3.11/site-packages/airflow/example_dags/example_task_group.py for tasks to queue
[2026-01-06T14:46:50.845+1100] {logging_mixin.py:188} INFO - [2026-01-06T14:46:50.845+1100] {dagbag.py:545} INFO - Filling up the DagBag from /Users/fionatham/Documents/Projects/vogue_data_pipeline/venv/lib/python3.11/site-packages/airflow/example_dags/example_task_group.py
[2026-01-06T14:46:50.849+1100] {processor.py:840} INFO - DAG(s) 'example_task_group' retrieved from /Users/fionatham/Documents/Projects/vogue_data_pipeline/venv/lib/python3.11/site-packages/airflow/example_dags/example_task_group.py
[2026-01-06T14:46:50.892+1100] {logging_mixin.py:188} INFO - [2026-01-06T14:46:50.891+1100] {dag.py:3089} INFO - Sync 1 DAGs
[2026-01-06T14:46:50.898+1100] {logging_mixin.py:188} INFO - [2026-01-06T14:46:50.898+1100] {dag.py:3947} INFO - Setting next_dagrun for example_task_group to 2026-01-05 00:00:00+00:00, run_after=2026-01-06 00:00:00+00:00
[2026-01-06T14:46:50.905+1100] {processor.py:183} INFO - Processing /Users/fionatham/Documents/Projects/vogue_data_pipeline/venv/lib/python3.11/site-packages/airflow/example_dags/example_task_group.py took 0.063 seconds
[2026-01-06T14:47:50.498+1100] {processor.py:161} INFO - Started process (PID=93243) to work on /Users/fionatham/Documents/Projects/vogue_data_pipeline/venv/lib/python3.11/site-packages/airflow/example_dags/example_task_group.py
[2026-01-06T14:47:50.499+1100] {processor.py:830} INFO - Processing file /Users/fionatham/Documents/Projects/vogue_data_pipeline/venv/lib/python3.11/site-packages/airflow/example_dags/example_task_group.py for tasks to queue
[2026-01-06T14:47:50.499+1100] {logging_mixin.py:188} INFO - [2026-01-06T14:47:50.499+1100] {dagbag.py:545} INFO - Filling up the DagBag from /Users/fionatham/Documents/Projects/vogue_data_pipeline/venv/lib/python3.11/site-packages/airflow/example_dags/example_task_group.py
[2026-01-06T14:47:50.503+1100] {processor.py:840} INFO - DAG(s) 'example_task_group' retrieved from /Users/fionatham/Documents/Projects/vogue_data_pipeline/venv/lib/python3.11/site-packages/airflow/example_dags/example_task_group.py
[2026-01-06T14:47:50.546+1100] {logging_mixin.py:188} INFO - [2026-01-06T14:47:50.545+1100] {dag.py:3089} INFO - Sync 1 DAGs
[2026-01-06T14:47:50.551+1100] {logging_mixin.py:188} INFO - [2026-01-06T14:47:50.551+1100] {dag.py:3947} INFO - Setting next_dagrun for example_task_group to 2026-01-05 00:00:00+00:00, run_after=2026-01-06 00:00:00+00:00
[2026-01-06T14:47:50.558+1100] {processor.py:183} INFO - Processing /Users/fionatham/Documents/Projects/vogue_data_pipeline/venv/lib/python3.11/site-packages/airflow/example_dags/example_task_group.py took 0.062 seconds
[2026-01-06T14:48:51.793+1100] {processor.py:161} INFO - Started process (PID=93288) to work on /Users/fionatham/Documents/Projects/vogue_data_pipeline/venv/lib/python3.11/site-packages/airflow/example_dags/example_task_group.py
[2026-01-06T14:48:51.794+1100] {processor.py:830} INFO - Processing file /Users/fionatham/Documents/Projects/vogue_data_pipeline/venv/lib/python3.11/site-packages/airflow/example_dags/example_task_group.py for tasks to queue
[2026-01-06T14:48:51.794+1100] {logging_mixin.py:188} INFO - [2026-01-06T14:48:51.794+1100] {dagbag.py:545} INFO - Filling up the DagBag from /Users/fionatham/Documents/Projects/vogue_data_pipeline/venv/lib/python3.11/site-packages/airflow/example_dags/example_task_group.py
[2026-01-06T14:48:51.798+1100] {processor.py:840} INFO - DAG(s) 'example_task_group' retrieved from /Users/fionatham/Documents/Projects/vogue_data_pipeline/venv/lib/python3.11/site-packages/airflow/example_dags/example_task_group.py
[2026-01-06T14:48:51.842+1100] {logging_mixin.py:188} INFO - [2026-01-06T14:48:51.842+1100] {dag.py:3089} INFO - Sync 1 DAGs
[2026-01-06T14:48:51.848+1100] {logging_mixin.py:188} INFO - [2026-01-06T14:48:51.848+1100] {dag.py:3947} INFO - Setting next_dagrun for example_task_group to 2026-01-05 00:00:00+00:00, run_after=2026-01-06 00:00:00+00:00
[2026-01-06T14:48:51.855+1100] {processor.py:183} INFO - Processing /Users/fionatham/Documents/Projects/vogue_data_pipeline/venv/lib/python3.11/site-packages/airflow/example_dags/example_task_group.py took 0.063 seconds
[2026-01-06T14:49:53.158+1100] {processor.py:161} INFO - Started process (PID=93348) to work on /Users/fionatham/Documents/Projects/vogue_data_pipeline/venv/lib/python3.11/site-packages/airflow/example_dags/example_task_group.py
[2026-01-06T14:49:53.159+1100] {processor.py:830} INFO - Processing file /Users/fionatham/Documents/Projects/vogue_data_pipeline/venv/lib/python3.11/site-packages/airflow/example_dags/example_task_group.py for tasks to queue
[2026-01-06T14:49:53.159+1100] {logging_mixin.py:188} INFO - [2026-01-06T14:49:53.159+1100] {dagbag.py:545} INFO - Filling up the DagBag from /Users/fionatham/Documents/Projects/vogue_data_pipeline/venv/lib/python3.11/site-packages/airflow/example_dags/example_task_group.py
[2026-01-06T14:49:53.164+1100] {processor.py:840} INFO - DAG(s) 'example_task_group' retrieved from /Users/fionatham/Documents/Projects/vogue_data_pipeline/venv/lib/python3.11/site-packages/airflow/example_dags/example_task_group.py
[2026-01-06T14:49:53.212+1100] {logging_mixin.py:188} INFO - [2026-01-06T14:49:53.211+1100] {dag.py:3089} INFO - Sync 1 DAGs
[2026-01-06T14:49:53.218+1100] {logging_mixin.py:188} INFO - [2026-01-06T14:49:53.218+1100] {dag.py:3947} INFO - Setting next_dagrun for example_task_group to 2026-01-05 00:00:00+00:00, run_after=2026-01-06 00:00:00+00:00
[2026-01-06T14:49:53.227+1100] {processor.py:183} INFO - Processing /Users/fionatham/Documents/Projects/vogue_data_pipeline/venv/lib/python3.11/site-packages/airflow/example_dags/example_task_group.py took 0.070 seconds
[2026-01-06T14:51:42.626+1100] {processor.py:161} INFO - Started process (PID=93446) to work on /Users/fionatham/Documents/Projects/vogue_data_pipeline/venv/lib/python3.11/site-packages/airflow/example_dags/example_task_group.py
[2026-01-06T14:51:42.627+1100] {processor.py:830} INFO - Processing file /Users/fionatham/Documents/Projects/vogue_data_pipeline/venv/lib/python3.11/site-packages/airflow/example_dags/example_task_group.py for tasks to queue
[2026-01-06T14:51:42.627+1100] {logging_mixin.py:188} INFO - [2026-01-06T14:51:42.627+1100] {dagbag.py:545} INFO - Filling up the DagBag from /Users/fionatham/Documents/Projects/vogue_data_pipeline/venv/lib/python3.11/site-packages/airflow/example_dags/example_task_group.py
[2026-01-06T14:51:42.631+1100] {processor.py:840} INFO - DAG(s) 'example_task_group' retrieved from /Users/fionatham/Documents/Projects/vogue_data_pipeline/venv/lib/python3.11/site-packages/airflow/example_dags/example_task_group.py
[2026-01-06T14:51:42.680+1100] {logging_mixin.py:188} INFO - [2026-01-06T14:51:42.680+1100] {dag.py:3089} INFO - Sync 1 DAGs
[2026-01-06T14:51:42.687+1100] {logging_mixin.py:188} INFO - [2026-01-06T14:51:42.687+1100] {dag.py:3947} INFO - Setting next_dagrun for example_task_group to 2026-01-05 00:00:00+00:00, run_after=2026-01-06 00:00:00+00:00
[2026-01-06T14:51:42.694+1100] {processor.py:183} INFO - Processing /Users/fionatham/Documents/Projects/vogue_data_pipeline/venv/lib/python3.11/site-packages/airflow/example_dags/example_task_group.py took 0.070 seconds
[2026-01-06T14:52:40.065+1100] {processor.py:161} INFO - Started process (PID=93499) to work on /Users/fionatham/Documents/Projects/vogue_data_pipeline/venv/lib/python3.11/site-packages/airflow/example_dags/example_task_group.py
[2026-01-06T14:52:40.067+1100] {processor.py:830} INFO - Processing file /Users/fionatham/Documents/Projects/vogue_data_pipeline/venv/lib/python3.11/site-packages/airflow/example_dags/example_task_group.py for tasks to queue
[2026-01-06T14:52:40.067+1100] {logging_mixin.py:188} INFO - [2026-01-06T14:52:40.067+1100] {dagbag.py:545} INFO - Filling up the DagBag from /Users/fionatham/Documents/Projects/vogue_data_pipeline/venv/lib/python3.11/site-packages/airflow/example_dags/example_task_group.py
[2026-01-06T14:52:40.071+1100] {processor.py:840} INFO - DAG(s) 'example_task_group' retrieved from /Users/fionatham/Documents/Projects/vogue_data_pipeline/venv/lib/python3.11/site-packages/airflow/example_dags/example_task_group.py
[2026-01-06T14:52:40.115+1100] {logging_mixin.py:188} INFO - [2026-01-06T14:52:40.114+1100] {dag.py:3089} INFO - Sync 1 DAGs
[2026-01-06T14:52:40.120+1100] {logging_mixin.py:188} INFO - [2026-01-06T14:52:40.120+1100] {dag.py:3947} INFO - Setting next_dagrun for example_task_group to 2026-01-05 00:00:00+00:00, run_after=2026-01-06 00:00:00+00:00
[2026-01-06T14:52:40.127+1100] {processor.py:183} INFO - Processing /Users/fionatham/Documents/Projects/vogue_data_pipeline/venv/lib/python3.11/site-packages/airflow/example_dags/example_task_group.py took 0.063 seconds
[2026-01-06T14:54:37.394+1100] {processor.py:161} INFO - Started process (PID=93671) to work on /Users/fionatham/Documents/Projects/vogue_data_pipeline/venv/lib/python3.11/site-packages/airflow/example_dags/example_task_group.py
[2026-01-06T14:54:37.396+1100] {processor.py:830} INFO - Processing file /Users/fionatham/Documents/Projects/vogue_data_pipeline/venv/lib/python3.11/site-packages/airflow/example_dags/example_task_group.py for tasks to queue
[2026-01-06T14:54:37.396+1100] {logging_mixin.py:188} INFO - [2026-01-06T14:54:37.396+1100] {dagbag.py:545} INFO - Filling up the DagBag from /Users/fionatham/Documents/Projects/vogue_data_pipeline/venv/lib/python3.11/site-packages/airflow/example_dags/example_task_group.py
[2026-01-06T14:54:37.400+1100] {processor.py:840} INFO - DAG(s) 'example_task_group' retrieved from /Users/fionatham/Documents/Projects/vogue_data_pipeline/venv/lib/python3.11/site-packages/airflow/example_dags/example_task_group.py
[2026-01-06T14:54:37.446+1100] {logging_mixin.py:188} INFO - [2026-01-06T14:54:37.446+1100] {dag.py:3089} INFO - Sync 1 DAGs
[2026-01-06T14:54:37.455+1100] {logging_mixin.py:188} INFO - [2026-01-06T14:54:37.455+1100] {dag.py:3947} INFO - Setting next_dagrun for example_task_group to 2026-01-05 00:00:00+00:00, run_after=2026-01-06 00:00:00+00:00
[2026-01-06T14:54:37.476+1100] {processor.py:183} INFO - Processing /Users/fionatham/Documents/Projects/vogue_data_pipeline/venv/lib/python3.11/site-packages/airflow/example_dags/example_task_group.py took 0.083 seconds
[2026-01-06T14:56:36.446+1100] {processor.py:161} INFO - Started process (PID=93810) to work on /Users/fionatham/Documents/Projects/vogue_data_pipeline/venv/lib/python3.11/site-packages/airflow/example_dags/example_task_group.py
[2026-01-06T14:56:36.447+1100] {processor.py:830} INFO - Processing file /Users/fionatham/Documents/Projects/vogue_data_pipeline/venv/lib/python3.11/site-packages/airflow/example_dags/example_task_group.py for tasks to queue
[2026-01-06T14:56:36.447+1100] {logging_mixin.py:188} INFO - [2026-01-06T14:56:36.447+1100] {dagbag.py:545} INFO - Filling up the DagBag from /Users/fionatham/Documents/Projects/vogue_data_pipeline/venv/lib/python3.11/site-packages/airflow/example_dags/example_task_group.py
[2026-01-06T14:56:36.451+1100] {processor.py:840} INFO - DAG(s) 'example_task_group' retrieved from /Users/fionatham/Documents/Projects/vogue_data_pipeline/venv/lib/python3.11/site-packages/airflow/example_dags/example_task_group.py
[2026-01-06T14:56:36.498+1100] {logging_mixin.py:188} INFO - [2026-01-06T14:56:36.498+1100] {dag.py:3089} INFO - Sync 1 DAGs
[2026-01-06T14:56:36.504+1100] {logging_mixin.py:188} INFO - [2026-01-06T14:56:36.504+1100] {dag.py:3947} INFO - Setting next_dagrun for example_task_group to 2026-01-05 00:00:00+00:00, run_after=2026-01-06 00:00:00+00:00
[2026-01-06T14:56:36.512+1100] {processor.py:183} INFO - Processing /Users/fionatham/Documents/Projects/vogue_data_pipeline/venv/lib/python3.11/site-packages/airflow/example_dags/example_task_group.py took 0.067 seconds
[2026-01-06T14:58:30.720+1100] {processor.py:161} INFO - Started process (PID=93922) to work on /Users/fionatham/Documents/Projects/vogue_data_pipeline/venv/lib/python3.11/site-packages/airflow/example_dags/example_task_group.py
[2026-01-06T14:58:30.721+1100] {processor.py:830} INFO - Processing file /Users/fionatham/Documents/Projects/vogue_data_pipeline/venv/lib/python3.11/site-packages/airflow/example_dags/example_task_group.py for tasks to queue
[2026-01-06T14:58:30.722+1100] {logging_mixin.py:188} INFO - [2026-01-06T14:58:30.722+1100] {dagbag.py:545} INFO - Filling up the DagBag from /Users/fionatham/Documents/Projects/vogue_data_pipeline/venv/lib/python3.11/site-packages/airflow/example_dags/example_task_group.py
[2026-01-06T14:58:30.726+1100] {processor.py:840} INFO - DAG(s) 'example_task_group' retrieved from /Users/fionatham/Documents/Projects/vogue_data_pipeline/venv/lib/python3.11/site-packages/airflow/example_dags/example_task_group.py
[2026-01-06T14:58:30.773+1100] {logging_mixin.py:188} INFO - [2026-01-06T14:58:30.773+1100] {dag.py:3089} INFO - Sync 1 DAGs
[2026-01-06T14:58:30.779+1100] {logging_mixin.py:188} INFO - [2026-01-06T14:58:30.779+1100] {dag.py:3947} INFO - Setting next_dagrun for example_task_group to 2026-01-05 00:00:00+00:00, run_after=2026-01-06 00:00:00+00:00
[2026-01-06T14:58:30.787+1100] {processor.py:183} INFO - Processing /Users/fionatham/Documents/Projects/vogue_data_pipeline/venv/lib/python3.11/site-packages/airflow/example_dags/example_task_group.py took 0.069 seconds
[2026-01-06T14:59:32.782+1100] {processor.py:161} INFO - Started process (PID=94036) to work on /Users/fionatham/Documents/Projects/vogue_data_pipeline/venv/lib/python3.11/site-packages/airflow/example_dags/example_task_group.py
[2026-01-06T14:59:32.784+1100] {processor.py:830} INFO - Processing file /Users/fionatham/Documents/Projects/vogue_data_pipeline/venv/lib/python3.11/site-packages/airflow/example_dags/example_task_group.py for tasks to queue
[2026-01-06T14:59:32.785+1100] {logging_mixin.py:188} INFO - [2026-01-06T14:59:32.784+1100] {dagbag.py:545} INFO - Filling up the DagBag from /Users/fionatham/Documents/Projects/vogue_data_pipeline/venv/lib/python3.11/site-packages/airflow/example_dags/example_task_group.py
[2026-01-06T14:59:32.789+1100] {processor.py:840} INFO - DAG(s) 'example_task_group' retrieved from /Users/fionatham/Documents/Projects/vogue_data_pipeline/venv/lib/python3.11/site-packages/airflow/example_dags/example_task_group.py
[2026-01-06T14:59:32.834+1100] {logging_mixin.py:188} INFO - [2026-01-06T14:59:32.833+1100] {dag.py:3089} INFO - Sync 1 DAGs
[2026-01-06T14:59:32.840+1100] {logging_mixin.py:188} INFO - [2026-01-06T14:59:32.840+1100] {dag.py:3947} INFO - Setting next_dagrun for example_task_group to 2026-01-05 00:00:00+00:00, run_after=2026-01-06 00:00:00+00:00
[2026-01-06T14:59:32.847+1100] {processor.py:183} INFO - Processing /Users/fionatham/Documents/Projects/vogue_data_pipeline/venv/lib/python3.11/site-packages/airflow/example_dags/example_task_group.py took 0.067 seconds
[2026-01-06T15:00:31.318+1100] {processor.py:161} INFO - Started process (PID=94098) to work on /Users/fionatham/Documents/Projects/vogue_data_pipeline/venv/lib/python3.11/site-packages/airflow/example_dags/example_task_group.py
[2026-01-06T15:00:31.318+1100] {processor.py:830} INFO - Processing file /Users/fionatham/Documents/Projects/vogue_data_pipeline/venv/lib/python3.11/site-packages/airflow/example_dags/example_task_group.py for tasks to queue
[2026-01-06T15:00:31.319+1100] {logging_mixin.py:188} INFO - [2026-01-06T15:00:31.319+1100] {dagbag.py:545} INFO - Filling up the DagBag from /Users/fionatham/Documents/Projects/vogue_data_pipeline/venv/lib/python3.11/site-packages/airflow/example_dags/example_task_group.py
[2026-01-06T15:00:31.323+1100] {processor.py:840} INFO - DAG(s) 'example_task_group' retrieved from /Users/fionatham/Documents/Projects/vogue_data_pipeline/venv/lib/python3.11/site-packages/airflow/example_dags/example_task_group.py
[2026-01-06T15:00:31.367+1100] {logging_mixin.py:188} INFO - [2026-01-06T15:00:31.366+1100] {dag.py:3089} INFO - Sync 1 DAGs
[2026-01-06T15:00:31.372+1100] {logging_mixin.py:188} INFO - [2026-01-06T15:00:31.372+1100] {dag.py:3947} INFO - Setting next_dagrun for example_task_group to 2026-01-05 00:00:00+00:00, run_after=2026-01-06 00:00:00+00:00
[2026-01-06T15:00:31.380+1100] {processor.py:183} INFO - Processing /Users/fionatham/Documents/Projects/vogue_data_pipeline/venv/lib/python3.11/site-packages/airflow/example_dags/example_task_group.py took 0.063 seconds
[2026-01-06T15:01:30.923+1100] {processor.py:161} INFO - Started process (PID=94176) to work on /Users/fionatham/Documents/Projects/vogue_data_pipeline/venv/lib/python3.11/site-packages/airflow/example_dags/example_task_group.py
[2026-01-06T15:01:30.925+1100] {processor.py:830} INFO - Processing file /Users/fionatham/Documents/Projects/vogue_data_pipeline/venv/lib/python3.11/site-packages/airflow/example_dags/example_task_group.py for tasks to queue
[2026-01-06T15:01:30.926+1100] {logging_mixin.py:188} INFO - [2026-01-06T15:01:30.926+1100] {dagbag.py:545} INFO - Filling up the DagBag from /Users/fionatham/Documents/Projects/vogue_data_pipeline/venv/lib/python3.11/site-packages/airflow/example_dags/example_task_group.py
[2026-01-06T15:01:30.930+1100] {processor.py:840} INFO - DAG(s) 'example_task_group' retrieved from /Users/fionatham/Documents/Projects/vogue_data_pipeline/venv/lib/python3.11/site-packages/airflow/example_dags/example_task_group.py
[2026-01-06T15:01:30.976+1100] {logging_mixin.py:188} INFO - [2026-01-06T15:01:30.976+1100] {dag.py:3089} INFO - Sync 1 DAGs
[2026-01-06T15:01:30.982+1100] {logging_mixin.py:188} INFO - [2026-01-06T15:01:30.982+1100] {dag.py:3947} INFO - Setting next_dagrun for example_task_group to 2026-01-05 00:00:00+00:00, run_after=2026-01-06 00:00:00+00:00
[2026-01-06T15:01:30.989+1100] {processor.py:183} INFO - Processing /Users/fionatham/Documents/Projects/vogue_data_pipeline/venv/lib/python3.11/site-packages/airflow/example_dags/example_task_group.py took 0.069 seconds
[2026-01-06T15:02:32.002+1100] {processor.py:161} INFO - Started process (PID=94314) to work on /Users/fionatham/Documents/Projects/vogue_data_pipeline/venv/lib/python3.11/site-packages/airflow/example_dags/example_task_group.py
[2026-01-06T15:02:32.003+1100] {processor.py:830} INFO - Processing file /Users/fionatham/Documents/Projects/vogue_data_pipeline/venv/lib/python3.11/site-packages/airflow/example_dags/example_task_group.py for tasks to queue
[2026-01-06T15:02:32.003+1100] {logging_mixin.py:188} INFO - [2026-01-06T15:02:32.003+1100] {dagbag.py:545} INFO - Filling up the DagBag from /Users/fionatham/Documents/Projects/vogue_data_pipeline/venv/lib/python3.11/site-packages/airflow/example_dags/example_task_group.py
[2026-01-06T15:02:32.008+1100] {processor.py:840} INFO - DAG(s) 'example_task_group' retrieved from /Users/fionatham/Documents/Projects/vogue_data_pipeline/venv/lib/python3.11/site-packages/airflow/example_dags/example_task_group.py
[2026-01-06T15:02:32.053+1100] {logging_mixin.py:188} INFO - [2026-01-06T15:02:32.053+1100] {dag.py:3089} INFO - Sync 1 DAGs
[2026-01-06T15:02:32.059+1100] {logging_mixin.py:188} INFO - [2026-01-06T15:02:32.059+1100] {dag.py:3947} INFO - Setting next_dagrun for example_task_group to 2026-01-05 00:00:00+00:00, run_after=2026-01-06 00:00:00+00:00
[2026-01-06T15:02:32.068+1100] {processor.py:183} INFO - Processing /Users/fionatham/Documents/Projects/vogue_data_pipeline/venv/lib/python3.11/site-packages/airflow/example_dags/example_task_group.py took 0.067 seconds
[2026-01-06T15:03:31.570+1100] {processor.py:161} INFO - Started process (PID=94481) to work on /Users/fionatham/Documents/Projects/vogue_data_pipeline/venv/lib/python3.11/site-packages/airflow/example_dags/example_task_group.py
[2026-01-06T15:03:31.570+1100] {processor.py:830} INFO - Processing file /Users/fionatham/Documents/Projects/vogue_data_pipeline/venv/lib/python3.11/site-packages/airflow/example_dags/example_task_group.py for tasks to queue
[2026-01-06T15:03:31.571+1100] {logging_mixin.py:188} INFO - [2026-01-06T15:03:31.571+1100] {dagbag.py:545} INFO - Filling up the DagBag from /Users/fionatham/Documents/Projects/vogue_data_pipeline/venv/lib/python3.11/site-packages/airflow/example_dags/example_task_group.py
[2026-01-06T15:03:31.575+1100] {processor.py:840} INFO - DAG(s) 'example_task_group' retrieved from /Users/fionatham/Documents/Projects/vogue_data_pipeline/venv/lib/python3.11/site-packages/airflow/example_dags/example_task_group.py
[2026-01-06T15:03:31.621+1100] {logging_mixin.py:188} INFO - [2026-01-06T15:03:31.621+1100] {dag.py:3089} INFO - Sync 1 DAGs
[2026-01-06T15:03:31.628+1100] {logging_mixin.py:188} INFO - [2026-01-06T15:03:31.628+1100] {dag.py:3947} INFO - Setting next_dagrun for example_task_group to 2026-01-05 00:00:00+00:00, run_after=2026-01-06 00:00:00+00:00
[2026-01-06T15:03:31.636+1100] {processor.py:183} INFO - Processing /Users/fionatham/Documents/Projects/vogue_data_pipeline/venv/lib/python3.11/site-packages/airflow/example_dags/example_task_group.py took 0.068 seconds
[2026-01-06T15:04:33.092+1100] {processor.py:161} INFO - Started process (PID=94577) to work on /Users/fionatham/Documents/Projects/vogue_data_pipeline/venv/lib/python3.11/site-packages/airflow/example_dags/example_task_group.py
[2026-01-06T15:04:33.094+1100] {processor.py:830} INFO - Processing file /Users/fionatham/Documents/Projects/vogue_data_pipeline/venv/lib/python3.11/site-packages/airflow/example_dags/example_task_group.py for tasks to queue
[2026-01-06T15:04:33.094+1100] {logging_mixin.py:188} INFO - [2026-01-06T15:04:33.094+1100] {dagbag.py:545} INFO - Filling up the DagBag from /Users/fionatham/Documents/Projects/vogue_data_pipeline/venv/lib/python3.11/site-packages/airflow/example_dags/example_task_group.py
[2026-01-06T15:04:33.098+1100] {processor.py:840} INFO - DAG(s) 'example_task_group' retrieved from /Users/fionatham/Documents/Projects/vogue_data_pipeline/venv/lib/python3.11/site-packages/airflow/example_dags/example_task_group.py
[2026-01-06T15:04:33.139+1100] {logging_mixin.py:188} INFO - [2026-01-06T15:04:33.139+1100] {dag.py:3089} INFO - Sync 1 DAGs
[2026-01-06T15:04:33.145+1100] {logging_mixin.py:188} INFO - [2026-01-06T15:04:33.145+1100] {dag.py:3947} INFO - Setting next_dagrun for example_task_group to 2026-01-05 00:00:00+00:00, run_after=2026-01-06 00:00:00+00:00
[2026-01-06T15:04:33.151+1100] {processor.py:183} INFO - Processing /Users/fionatham/Documents/Projects/vogue_data_pipeline/venv/lib/python3.11/site-packages/airflow/example_dags/example_task_group.py took 0.060 seconds
[2026-01-06T15:05:30.365+1100] {processor.py:161} INFO - Started process (PID=94616) to work on /Users/fionatham/Documents/Projects/vogue_data_pipeline/venv/lib/python3.11/site-packages/airflow/example_dags/example_task_group.py
[2026-01-06T15:05:30.367+1100] {processor.py:830} INFO - Processing file /Users/fionatham/Documents/Projects/vogue_data_pipeline/venv/lib/python3.11/site-packages/airflow/example_dags/example_task_group.py for tasks to queue
[2026-01-06T15:05:30.367+1100] {logging_mixin.py:188} INFO - [2026-01-06T15:05:30.367+1100] {dagbag.py:545} INFO - Filling up the DagBag from /Users/fionatham/Documents/Projects/vogue_data_pipeline/venv/lib/python3.11/site-packages/airflow/example_dags/example_task_group.py
[2026-01-06T15:05:30.371+1100] {processor.py:840} INFO - DAG(s) 'example_task_group' retrieved from /Users/fionatham/Documents/Projects/vogue_data_pipeline/venv/lib/python3.11/site-packages/airflow/example_dags/example_task_group.py
[2026-01-06T15:05:30.414+1100] {logging_mixin.py:188} INFO - [2026-01-06T15:05:30.414+1100] {dag.py:3089} INFO - Sync 1 DAGs
[2026-01-06T15:05:30.420+1100] {logging_mixin.py:188} INFO - [2026-01-06T15:05:30.420+1100] {dag.py:3947} INFO - Setting next_dagrun for example_task_group to 2026-01-05 00:00:00+00:00, run_after=2026-01-06 00:00:00+00:00
[2026-01-06T15:05:30.427+1100] {processor.py:183} INFO - Processing /Users/fionatham/Documents/Projects/vogue_data_pipeline/venv/lib/python3.11/site-packages/airflow/example_dags/example_task_group.py took 0.063 seconds
[2026-01-06T15:06:32.135+1100] {processor.py:161} INFO - Started process (PID=94691) to work on /Users/fionatham/Documents/Projects/vogue_data_pipeline/venv/lib/python3.11/site-packages/airflow/example_dags/example_task_group.py
[2026-01-06T15:06:32.136+1100] {processor.py:830} INFO - Processing file /Users/fionatham/Documents/Projects/vogue_data_pipeline/venv/lib/python3.11/site-packages/airflow/example_dags/example_task_group.py for tasks to queue
[2026-01-06T15:06:32.136+1100] {logging_mixin.py:188} INFO - [2026-01-06T15:06:32.136+1100] {dagbag.py:545} INFO - Filling up the DagBag from /Users/fionatham/Documents/Projects/vogue_data_pipeline/venv/lib/python3.11/site-packages/airflow/example_dags/example_task_group.py
[2026-01-06T15:06:32.140+1100] {processor.py:840} INFO - DAG(s) 'example_task_group' retrieved from /Users/fionatham/Documents/Projects/vogue_data_pipeline/venv/lib/python3.11/site-packages/airflow/example_dags/example_task_group.py
[2026-01-06T15:06:32.186+1100] {logging_mixin.py:188} INFO - [2026-01-06T15:06:32.186+1100] {dag.py:3089} INFO - Sync 1 DAGs
[2026-01-06T15:06:32.193+1100] {logging_mixin.py:188} INFO - [2026-01-06T15:06:32.193+1100] {dag.py:3947} INFO - Setting next_dagrun for example_task_group to 2026-01-05 00:00:00+00:00, run_after=2026-01-06 00:00:00+00:00
[2026-01-06T15:06:32.200+1100] {processor.py:183} INFO - Processing /Users/fionatham/Documents/Projects/vogue_data_pipeline/venv/lib/python3.11/site-packages/airflow/example_dags/example_task_group.py took 0.066 seconds
[2026-01-06T15:12:28.875+1100] {processor.py:161} INFO - Started process (PID=95246) to work on /Users/fionatham/Documents/Projects/vogue_data_pipeline/venv/lib/python3.11/site-packages/airflow/example_dags/example_task_group.py
[2026-01-06T15:12:28.875+1100] {processor.py:830} INFO - Processing file /Users/fionatham/Documents/Projects/vogue_data_pipeline/venv/lib/python3.11/site-packages/airflow/example_dags/example_task_group.py for tasks to queue
[2026-01-06T15:12:28.876+1100] {logging_mixin.py:188} INFO - [2026-01-06T15:12:28.876+1100] {dagbag.py:545} INFO - Filling up the DagBag from /Users/fionatham/Documents/Projects/vogue_data_pipeline/venv/lib/python3.11/site-packages/airflow/example_dags/example_task_group.py
[2026-01-06T15:12:28.880+1100] {processor.py:840} INFO - DAG(s) 'example_task_group' retrieved from /Users/fionatham/Documents/Projects/vogue_data_pipeline/venv/lib/python3.11/site-packages/airflow/example_dags/example_task_group.py
[2026-01-06T15:12:28.927+1100] {logging_mixin.py:188} INFO - [2026-01-06T15:12:28.927+1100] {dag.py:3089} INFO - Sync 1 DAGs
[2026-01-06T15:12:28.933+1100] {logging_mixin.py:188} INFO - [2026-01-06T15:12:28.933+1100] {dag.py:3947} INFO - Setting next_dagrun for example_task_group to 2026-01-05 00:00:00+00:00, run_after=2026-01-06 00:00:00+00:00
[2026-01-06T15:12:28.941+1100] {processor.py:183} INFO - Processing /Users/fionatham/Documents/Projects/vogue_data_pipeline/venv/lib/python3.11/site-packages/airflow/example_dags/example_task_group.py took 0.068 seconds
[2026-01-06T15:14:01.704+1100] {processor.py:161} INFO - Started process (PID=95366) to work on /Users/fionatham/Documents/Projects/vogue_data_pipeline/venv/lib/python3.11/site-packages/airflow/example_dags/example_task_group.py
[2026-01-06T15:14:01.705+1100] {processor.py:830} INFO - Processing file /Users/fionatham/Documents/Projects/vogue_data_pipeline/venv/lib/python3.11/site-packages/airflow/example_dags/example_task_group.py for tasks to queue
[2026-01-06T15:14:01.706+1100] {logging_mixin.py:188} INFO - [2026-01-06T15:14:01.706+1100] {dagbag.py:545} INFO - Filling up the DagBag from /Users/fionatham/Documents/Projects/vogue_data_pipeline/venv/lib/python3.11/site-packages/airflow/example_dags/example_task_group.py
[2026-01-06T15:14:01.709+1100] {processor.py:840} INFO - DAG(s) 'example_task_group' retrieved from /Users/fionatham/Documents/Projects/vogue_data_pipeline/venv/lib/python3.11/site-packages/airflow/example_dags/example_task_group.py
[2026-01-06T15:14:01.752+1100] {logging_mixin.py:188} INFO - [2026-01-06T15:14:01.752+1100] {dag.py:3089} INFO - Sync 1 DAGs
[2026-01-06T15:14:01.758+1100] {logging_mixin.py:188} INFO - [2026-01-06T15:14:01.758+1100] {dag.py:3947} INFO - Setting next_dagrun for example_task_group to 2026-01-05 00:00:00+00:00, run_after=2026-01-06 00:00:00+00:00
[2026-01-06T15:14:01.766+1100] {processor.py:183} INFO - Processing /Users/fionatham/Documents/Projects/vogue_data_pipeline/venv/lib/python3.11/site-packages/airflow/example_dags/example_task_group.py took 0.063 seconds
[2026-01-06T17:39:19.196+1100] {processor.py:161} INFO - Started process (PID=95566) to work on /Users/fionatham/Documents/Projects/vogue_data_pipeline/venv/lib/python3.11/site-packages/airflow/example_dags/example_task_group.py
[2026-01-06T17:39:19.198+1100] {processor.py:830} INFO - Processing file /Users/fionatham/Documents/Projects/vogue_data_pipeline/venv/lib/python3.11/site-packages/airflow/example_dags/example_task_group.py for tasks to queue
[2026-01-06T17:39:19.198+1100] {logging_mixin.py:188} INFO - [2026-01-06T17:39:19.198+1100] {dagbag.py:545} INFO - Filling up the DagBag from /Users/fionatham/Documents/Projects/vogue_data_pipeline/venv/lib/python3.11/site-packages/airflow/example_dags/example_task_group.py
[2026-01-06T17:39:19.202+1100] {processor.py:840} INFO - DAG(s) 'example_task_group' retrieved from /Users/fionatham/Documents/Projects/vogue_data_pipeline/venv/lib/python3.11/site-packages/airflow/example_dags/example_task_group.py
[2026-01-06T17:39:19.244+1100] {logging_mixin.py:188} INFO - [2026-01-06T17:39:19.244+1100] {dag.py:3089} INFO - Sync 1 DAGs
[2026-01-06T17:39:19.249+1100] {logging_mixin.py:188} INFO - [2026-01-06T17:39:19.249+1100] {dag.py:3947} INFO - Setting next_dagrun for example_task_group to 2026-01-05 00:00:00+00:00, run_after=2026-01-06 00:00:00+00:00
[2026-01-06T17:39:19.256+1100] {processor.py:183} INFO - Processing /Users/fionatham/Documents/Projects/vogue_data_pipeline/venv/lib/python3.11/site-packages/airflow/example_dags/example_task_group.py took 0.061 seconds
[2026-01-06T20:51:14.437+1100] {processor.py:161} INFO - Started process (PID=95704) to work on /Users/fionatham/Documents/Projects/vogue_data_pipeline/venv/lib/python3.11/site-packages/airflow/example_dags/example_task_group.py
[2026-01-06T20:51:14.439+1100] {processor.py:830} INFO - Processing file /Users/fionatham/Documents/Projects/vogue_data_pipeline/venv/lib/python3.11/site-packages/airflow/example_dags/example_task_group.py for tasks to queue
[2026-01-06T20:51:14.440+1100] {logging_mixin.py:188} INFO - [2026-01-06T20:51:14.439+1100] {dagbag.py:545} INFO - Filling up the DagBag from /Users/fionatham/Documents/Projects/vogue_data_pipeline/venv/lib/python3.11/site-packages/airflow/example_dags/example_task_group.py
[2026-01-06T20:51:14.448+1100] {processor.py:840} INFO - DAG(s) 'example_task_group' retrieved from /Users/fionatham/Documents/Projects/vogue_data_pipeline/venv/lib/python3.11/site-packages/airflow/example_dags/example_task_group.py
[2026-01-06T20:51:14.540+1100] {logging_mixin.py:188} INFO - [2026-01-06T20:51:14.539+1100] {dag.py:3089} INFO - Sync 1 DAGs
[2026-01-06T20:51:14.550+1100] {logging_mixin.py:188} INFO - [2026-01-06T20:51:14.550+1100] {dag.py:3947} INFO - Setting next_dagrun for example_task_group to 2026-01-05 00:00:00+00:00, run_after=2026-01-06 00:00:00+00:00
[2026-01-06T20:51:14.563+1100] {processor.py:183} INFO - Processing /Users/fionatham/Documents/Projects/vogue_data_pipeline/venv/lib/python3.11/site-packages/airflow/example_dags/example_task_group.py took 0.128 seconds
[2026-01-06T20:53:15.705+1100] {processor.py:161} INFO - Started process (PID=95817) to work on /Users/fionatham/Documents/Projects/vogue_data_pipeline/venv/lib/python3.11/site-packages/airflow/example_dags/example_task_group.py
[2026-01-06T20:53:15.706+1100] {processor.py:830} INFO - Processing file /Users/fionatham/Documents/Projects/vogue_data_pipeline/venv/lib/python3.11/site-packages/airflow/example_dags/example_task_group.py for tasks to queue
[2026-01-06T20:53:15.706+1100] {logging_mixin.py:188} INFO - [2026-01-06T20:53:15.706+1100] {dagbag.py:545} INFO - Filling up the DagBag from /Users/fionatham/Documents/Projects/vogue_data_pipeline/venv/lib/python3.11/site-packages/airflow/example_dags/example_task_group.py
[2026-01-06T20:53:15.710+1100] {processor.py:840} INFO - DAG(s) 'example_task_group' retrieved from /Users/fionatham/Documents/Projects/vogue_data_pipeline/venv/lib/python3.11/site-packages/airflow/example_dags/example_task_group.py
[2026-01-06T20:53:15.753+1100] {logging_mixin.py:188} INFO - [2026-01-06T20:53:15.753+1100] {dag.py:3089} INFO - Sync 1 DAGs
[2026-01-06T20:53:15.759+1100] {logging_mixin.py:188} INFO - [2026-01-06T20:53:15.759+1100] {dag.py:3947} INFO - Setting next_dagrun for example_task_group to 2026-01-05 00:00:00+00:00, run_after=2026-01-06 00:00:00+00:00
[2026-01-06T20:53:15.766+1100] {processor.py:183} INFO - Processing /Users/fionatham/Documents/Projects/vogue_data_pipeline/venv/lib/python3.11/site-packages/airflow/example_dags/example_task_group.py took 0.063 seconds
[2026-01-06T23:11:06.300+1100] {processor.py:161} INFO - Started process (PID=95963) to work on /Users/fionatham/Documents/Projects/vogue_data_pipeline/venv/lib/python3.11/site-packages/airflow/example_dags/example_task_group.py
[2026-01-06T23:11:06.300+1100] {processor.py:830} INFO - Processing file /Users/fionatham/Documents/Projects/vogue_data_pipeline/venv/lib/python3.11/site-packages/airflow/example_dags/example_task_group.py for tasks to queue
[2026-01-06T23:11:06.301+1100] {logging_mixin.py:188} INFO - [2026-01-06T23:11:06.301+1100] {dagbag.py:545} INFO - Filling up the DagBag from /Users/fionatham/Documents/Projects/vogue_data_pipeline/venv/lib/python3.11/site-packages/airflow/example_dags/example_task_group.py
[2026-01-06T23:11:06.304+1100] {processor.py:840} INFO - DAG(s) 'example_task_group' retrieved from /Users/fionatham/Documents/Projects/vogue_data_pipeline/venv/lib/python3.11/site-packages/airflow/example_dags/example_task_group.py
[2026-01-06T23:11:06.352+1100] {logging_mixin.py:188} INFO - [2026-01-06T23:11:06.352+1100] {dag.py:3089} INFO - Sync 1 DAGs
[2026-01-06T23:11:06.358+1100] {logging_mixin.py:188} INFO - [2026-01-06T23:11:06.358+1100] {dag.py:3947} INFO - Setting next_dagrun for example_task_group to 2026-01-05 00:00:00+00:00, run_after=2026-01-06 00:00:00+00:00
[2026-01-06T23:11:06.366+1100] {processor.py:183} INFO - Processing /Users/fionatham/Documents/Projects/vogue_data_pipeline/venv/lib/python3.11/site-packages/airflow/example_dags/example_task_group.py took 0.069 seconds
