[2026-01-06T13:57:51.489+1100] {processor.py:161} INFO - Started process (PID=85439) to work on /Users/fionatham/Documents/Projects/vogue_data_pipeline/venv/lib/python3.11/site-packages/airflow/example_dags/example_branch_operator_decorator.py
[2026-01-06T13:57:51.490+1100] {processor.py:830} INFO - Processing file /Users/fionatham/Documents/Projects/vogue_data_pipeline/venv/lib/python3.11/site-packages/airflow/example_dags/example_branch_operator_decorator.py for tasks to queue
[2026-01-06T13:57:51.490+1100] {logging_mixin.py:188} INFO - [2026-01-06T13:57:51.490+1100] {dagbag.py:545} INFO - Filling up the DagBag from /Users/fionatham/Documents/Projects/vogue_data_pipeline/venv/lib/python3.11/site-packages/airflow/example_dags/example_branch_operator_decorator.py
[2026-01-06T13:57:51.500+1100] {processor.py:842} WARNING - No viable dags retrieved from /Users/fionatham/Documents/Projects/vogue_data_pipeline/venv/lib/python3.11/site-packages/airflow/example_dags/example_branch_operator_decorator.py
[2026-01-06T13:57:51.531+1100] {processor.py:183} INFO - Processing /Users/fionatham/Documents/Projects/vogue_data_pipeline/venv/lib/python3.11/site-packages/airflow/example_dags/example_branch_operator_decorator.py took 0.043 seconds
[2026-01-06T13:59:52.302+1100] {processor.py:161} INFO - Started process (PID=86804) to work on /Users/fionatham/Documents/Projects/vogue_data_pipeline/venv/lib/python3.11/site-packages/airflow/example_dags/example_branch_operator_decorator.py
[2026-01-06T13:59:52.303+1100] {processor.py:830} INFO - Processing file /Users/fionatham/Documents/Projects/vogue_data_pipeline/venv/lib/python3.11/site-packages/airflow/example_dags/example_branch_operator_decorator.py for tasks to queue
[2026-01-06T13:59:52.303+1100] {logging_mixin.py:188} INFO - [2026-01-06T13:59:52.303+1100] {dagbag.py:545} INFO - Filling up the DagBag from /Users/fionatham/Documents/Projects/vogue_data_pipeline/venv/lib/python3.11/site-packages/airflow/example_dags/example_branch_operator_decorator.py
[2026-01-06T13:59:52.314+1100] {processor.py:842} WARNING - No viable dags retrieved from /Users/fionatham/Documents/Projects/vogue_data_pipeline/venv/lib/python3.11/site-packages/airflow/example_dags/example_branch_operator_decorator.py
[2026-01-06T13:59:52.346+1100] {processor.py:183} INFO - Processing /Users/fionatham/Documents/Projects/vogue_data_pipeline/venv/lib/python3.11/site-packages/airflow/example_dags/example_branch_operator_decorator.py took 0.045 seconds
[2026-01-06T14:01:53.077+1100] {processor.py:161} INFO - Started process (PID=87055) to work on /Users/fionatham/Documents/Projects/vogue_data_pipeline/venv/lib/python3.11/site-packages/airflow/example_dags/example_branch_operator_decorator.py
[2026-01-06T14:01:53.078+1100] {processor.py:830} INFO - Processing file /Users/fionatham/Documents/Projects/vogue_data_pipeline/venv/lib/python3.11/site-packages/airflow/example_dags/example_branch_operator_decorator.py for tasks to queue
[2026-01-06T14:01:53.078+1100] {logging_mixin.py:188} INFO - [2026-01-06T14:01:53.078+1100] {dagbag.py:545} INFO - Filling up the DagBag from /Users/fionatham/Documents/Projects/vogue_data_pipeline/venv/lib/python3.11/site-packages/airflow/example_dags/example_branch_operator_decorator.py
[2026-01-06T14:01:53.088+1100] {processor.py:842} WARNING - No viable dags retrieved from /Users/fionatham/Documents/Projects/vogue_data_pipeline/venv/lib/python3.11/site-packages/airflow/example_dags/example_branch_operator_decorator.py
[2026-01-06T14:01:53.122+1100] {processor.py:183} INFO - Processing /Users/fionatham/Documents/Projects/vogue_data_pipeline/venv/lib/python3.11/site-packages/airflow/example_dags/example_branch_operator_decorator.py took 0.046 seconds
[2026-01-06T14:03:56.428+1100] {processor.py:161} INFO - Started process (PID=87230) to work on /Users/fionatham/Documents/Projects/vogue_data_pipeline/venv/lib/python3.11/site-packages/airflow/example_dags/example_branch_operator_decorator.py
[2026-01-06T14:03:56.431+1100] {processor.py:830} INFO - Processing file /Users/fionatham/Documents/Projects/vogue_data_pipeline/venv/lib/python3.11/site-packages/airflow/example_dags/example_branch_operator_decorator.py for tasks to queue
[2026-01-06T14:03:56.432+1100] {logging_mixin.py:188} INFO - [2026-01-06T14:03:56.432+1100] {dagbag.py:545} INFO - Filling up the DagBag from /Users/fionatham/Documents/Projects/vogue_data_pipeline/venv/lib/python3.11/site-packages/airflow/example_dags/example_branch_operator_decorator.py
[2026-01-06T14:03:56.444+1100] {processor.py:842} WARNING - No viable dags retrieved from /Users/fionatham/Documents/Projects/vogue_data_pipeline/venv/lib/python3.11/site-packages/airflow/example_dags/example_branch_operator_decorator.py
[2026-01-06T14:03:56.477+1100] {processor.py:183} INFO - Processing /Users/fionatham/Documents/Projects/vogue_data_pipeline/venv/lib/python3.11/site-packages/airflow/example_dags/example_branch_operator_decorator.py took 0.051 seconds
[2026-01-06T14:05:55.659+1100] {processor.py:161} INFO - Started process (PID=87457) to work on /Users/fionatham/Documents/Projects/vogue_data_pipeline/venv/lib/python3.11/site-packages/airflow/example_dags/example_branch_operator_decorator.py
[2026-01-06T14:05:55.660+1100] {processor.py:830} INFO - Processing file /Users/fionatham/Documents/Projects/vogue_data_pipeline/venv/lib/python3.11/site-packages/airflow/example_dags/example_branch_operator_decorator.py for tasks to queue
[2026-01-06T14:05:55.660+1100] {logging_mixin.py:188} INFO - [2026-01-06T14:05:55.660+1100] {dagbag.py:545} INFO - Filling up the DagBag from /Users/fionatham/Documents/Projects/vogue_data_pipeline/venv/lib/python3.11/site-packages/airflow/example_dags/example_branch_operator_decorator.py
[2026-01-06T14:05:55.670+1100] {processor.py:842} WARNING - No viable dags retrieved from /Users/fionatham/Documents/Projects/vogue_data_pipeline/venv/lib/python3.11/site-packages/airflow/example_dags/example_branch_operator_decorator.py
[2026-01-06T14:05:55.701+1100] {processor.py:183} INFO - Processing /Users/fionatham/Documents/Projects/vogue_data_pipeline/venv/lib/python3.11/site-packages/airflow/example_dags/example_branch_operator_decorator.py took 0.043 seconds
[2026-01-06T14:07:57.877+1100] {processor.py:161} INFO - Started process (PID=87642) to work on /Users/fionatham/Documents/Projects/vogue_data_pipeline/venv/lib/python3.11/site-packages/airflow/example_dags/example_branch_operator_decorator.py
[2026-01-06T14:07:57.878+1100] {processor.py:830} INFO - Processing file /Users/fionatham/Documents/Projects/vogue_data_pipeline/venv/lib/python3.11/site-packages/airflow/example_dags/example_branch_operator_decorator.py for tasks to queue
[2026-01-06T14:07:57.878+1100] {logging_mixin.py:188} INFO - [2026-01-06T14:07:57.878+1100] {dagbag.py:545} INFO - Filling up the DagBag from /Users/fionatham/Documents/Projects/vogue_data_pipeline/venv/lib/python3.11/site-packages/airflow/example_dags/example_branch_operator_decorator.py
[2026-01-06T14:07:57.890+1100] {processor.py:842} WARNING - No viable dags retrieved from /Users/fionatham/Documents/Projects/vogue_data_pipeline/venv/lib/python3.11/site-packages/airflow/example_dags/example_branch_operator_decorator.py
[2026-01-06T14:07:57.924+1100] {processor.py:183} INFO - Processing /Users/fionatham/Documents/Projects/vogue_data_pipeline/venv/lib/python3.11/site-packages/airflow/example_dags/example_branch_operator_decorator.py took 0.048 seconds
[2026-01-06T14:09:54.048+1100] {processor.py:161} INFO - Started process (PID=87726) to work on /Users/fionatham/Documents/Projects/vogue_data_pipeline/venv/lib/python3.11/site-packages/airflow/example_dags/example_branch_operator_decorator.py
[2026-01-06T14:09:54.050+1100] {processor.py:830} INFO - Processing file /Users/fionatham/Documents/Projects/vogue_data_pipeline/venv/lib/python3.11/site-packages/airflow/example_dags/example_branch_operator_decorator.py for tasks to queue
[2026-01-06T14:09:54.050+1100] {logging_mixin.py:188} INFO - [2026-01-06T14:09:54.050+1100] {dagbag.py:545} INFO - Filling up the DagBag from /Users/fionatham/Documents/Projects/vogue_data_pipeline/venv/lib/python3.11/site-packages/airflow/example_dags/example_branch_operator_decorator.py
[2026-01-06T14:09:54.060+1100] {processor.py:842} WARNING - No viable dags retrieved from /Users/fionatham/Documents/Projects/vogue_data_pipeline/venv/lib/python3.11/site-packages/airflow/example_dags/example_branch_operator_decorator.py
[2026-01-06T14:09:54.100+1100] {processor.py:183} INFO - Processing /Users/fionatham/Documents/Projects/vogue_data_pipeline/venv/lib/python3.11/site-packages/airflow/example_dags/example_branch_operator_decorator.py took 0.053 seconds
[2026-01-06T14:11:51.389+1100] {processor.py:161} INFO - Started process (PID=87900) to work on /Users/fionatham/Documents/Projects/vogue_data_pipeline/venv/lib/python3.11/site-packages/airflow/example_dags/example_branch_operator_decorator.py
[2026-01-06T14:11:51.397+1100] {processor.py:830} INFO - Processing file /Users/fionatham/Documents/Projects/vogue_data_pipeline/venv/lib/python3.11/site-packages/airflow/example_dags/example_branch_operator_decorator.py for tasks to queue
[2026-01-06T14:11:51.398+1100] {logging_mixin.py:188} INFO - [2026-01-06T14:11:51.398+1100] {dagbag.py:545} INFO - Filling up the DagBag from /Users/fionatham/Documents/Projects/vogue_data_pipeline/venv/lib/python3.11/site-packages/airflow/example_dags/example_branch_operator_decorator.py
[2026-01-06T14:11:51.410+1100] {processor.py:842} WARNING - No viable dags retrieved from /Users/fionatham/Documents/Projects/vogue_data_pipeline/venv/lib/python3.11/site-packages/airflow/example_dags/example_branch_operator_decorator.py
[2026-01-06T14:11:51.443+1100] {processor.py:183} INFO - Processing /Users/fionatham/Documents/Projects/vogue_data_pipeline/venv/lib/python3.11/site-packages/airflow/example_dags/example_branch_operator_decorator.py took 0.057 seconds
[2026-01-06T14:13:57.225+1100] {processor.py:161} INFO - Started process (PID=88053) to work on /Users/fionatham/Documents/Projects/vogue_data_pipeline/venv/lib/python3.11/site-packages/airflow/example_dags/example_branch_operator_decorator.py
[2026-01-06T14:13:57.226+1100] {processor.py:830} INFO - Processing file /Users/fionatham/Documents/Projects/vogue_data_pipeline/venv/lib/python3.11/site-packages/airflow/example_dags/example_branch_operator_decorator.py for tasks to queue
[2026-01-06T14:13:57.227+1100] {logging_mixin.py:188} INFO - [2026-01-06T14:13:57.227+1100] {dagbag.py:545} INFO - Filling up the DagBag from /Users/fionatham/Documents/Projects/vogue_data_pipeline/venv/lib/python3.11/site-packages/airflow/example_dags/example_branch_operator_decorator.py
[2026-01-06T14:13:57.236+1100] {processor.py:842} WARNING - No viable dags retrieved from /Users/fionatham/Documents/Projects/vogue_data_pipeline/venv/lib/python3.11/site-packages/airflow/example_dags/example_branch_operator_decorator.py
[2026-01-06T14:13:57.266+1100] {processor.py:183} INFO - Processing /Users/fionatham/Documents/Projects/vogue_data_pipeline/venv/lib/python3.11/site-packages/airflow/example_dags/example_branch_operator_decorator.py took 0.042 seconds
[2026-01-06T14:15:57.905+1100] {processor.py:161} INFO - Started process (PID=88971) to work on /Users/fionatham/Documents/Projects/vogue_data_pipeline/venv/lib/python3.11/site-packages/airflow/example_dags/example_branch_operator_decorator.py
[2026-01-06T14:15:57.907+1100] {processor.py:830} INFO - Processing file /Users/fionatham/Documents/Projects/vogue_data_pipeline/venv/lib/python3.11/site-packages/airflow/example_dags/example_branch_operator_decorator.py for tasks to queue
[2026-01-06T14:15:57.907+1100] {logging_mixin.py:188} INFO - [2026-01-06T14:15:57.907+1100] {dagbag.py:545} INFO - Filling up the DagBag from /Users/fionatham/Documents/Projects/vogue_data_pipeline/venv/lib/python3.11/site-packages/airflow/example_dags/example_branch_operator_decorator.py
[2026-01-06T14:15:57.917+1100] {processor.py:842} WARNING - No viable dags retrieved from /Users/fionatham/Documents/Projects/vogue_data_pipeline/venv/lib/python3.11/site-packages/airflow/example_dags/example_branch_operator_decorator.py
[2026-01-06T14:15:57.948+1100] {processor.py:183} INFO - Processing /Users/fionatham/Documents/Projects/vogue_data_pipeline/venv/lib/python3.11/site-packages/airflow/example_dags/example_branch_operator_decorator.py took 0.044 seconds
[2026-01-06T14:17:50.848+1100] {processor.py:161} INFO - Started process (PID=89393) to work on /Users/fionatham/Documents/Projects/vogue_data_pipeline/venv/lib/python3.11/site-packages/airflow/example_dags/example_branch_operator_decorator.py
[2026-01-06T14:17:50.849+1100] {processor.py:830} INFO - Processing file /Users/fionatham/Documents/Projects/vogue_data_pipeline/venv/lib/python3.11/site-packages/airflow/example_dags/example_branch_operator_decorator.py for tasks to queue
[2026-01-06T14:17:50.849+1100] {logging_mixin.py:188} INFO - [2026-01-06T14:17:50.849+1100] {dagbag.py:545} INFO - Filling up the DagBag from /Users/fionatham/Documents/Projects/vogue_data_pipeline/venv/lib/python3.11/site-packages/airflow/example_dags/example_branch_operator_decorator.py
[2026-01-06T14:17:50.859+1100] {processor.py:842} WARNING - No viable dags retrieved from /Users/fionatham/Documents/Projects/vogue_data_pipeline/venv/lib/python3.11/site-packages/airflow/example_dags/example_branch_operator_decorator.py
[2026-01-06T14:17:50.890+1100] {processor.py:183} INFO - Processing /Users/fionatham/Documents/Projects/vogue_data_pipeline/venv/lib/python3.11/site-packages/airflow/example_dags/example_branch_operator_decorator.py took 0.044 seconds
[2026-01-06T14:19:52.901+1100] {processor.py:161} INFO - Started process (PID=89963) to work on /Users/fionatham/Documents/Projects/vogue_data_pipeline/venv/lib/python3.11/site-packages/airflow/example_dags/example_branch_operator_decorator.py
[2026-01-06T14:19:52.904+1100] {processor.py:830} INFO - Processing file /Users/fionatham/Documents/Projects/vogue_data_pipeline/venv/lib/python3.11/site-packages/airflow/example_dags/example_branch_operator_decorator.py for tasks to queue
[2026-01-06T14:19:52.905+1100] {logging_mixin.py:188} INFO - [2026-01-06T14:19:52.905+1100] {dagbag.py:545} INFO - Filling up the DagBag from /Users/fionatham/Documents/Projects/vogue_data_pipeline/venv/lib/python3.11/site-packages/airflow/example_dags/example_branch_operator_decorator.py
[2026-01-06T14:19:52.915+1100] {processor.py:842} WARNING - No viable dags retrieved from /Users/fionatham/Documents/Projects/vogue_data_pipeline/venv/lib/python3.11/site-packages/airflow/example_dags/example_branch_operator_decorator.py
[2026-01-06T14:19:52.944+1100] {processor.py:183} INFO - Processing /Users/fionatham/Documents/Projects/vogue_data_pipeline/venv/lib/python3.11/site-packages/airflow/example_dags/example_branch_operator_decorator.py took 0.044 seconds
[2026-01-06T14:21:54.253+1100] {processor.py:161} INFO - Started process (PID=90046) to work on /Users/fionatham/Documents/Projects/vogue_data_pipeline/venv/lib/python3.11/site-packages/airflow/example_dags/example_branch_operator_decorator.py
[2026-01-06T14:21:54.254+1100] {processor.py:830} INFO - Processing file /Users/fionatham/Documents/Projects/vogue_data_pipeline/venv/lib/python3.11/site-packages/airflow/example_dags/example_branch_operator_decorator.py for tasks to queue
[2026-01-06T14:21:54.254+1100] {logging_mixin.py:188} INFO - [2026-01-06T14:21:54.254+1100] {dagbag.py:545} INFO - Filling up the DagBag from /Users/fionatham/Documents/Projects/vogue_data_pipeline/venv/lib/python3.11/site-packages/airflow/example_dags/example_branch_operator_decorator.py
[2026-01-06T14:21:54.265+1100] {processor.py:842} WARNING - No viable dags retrieved from /Users/fionatham/Documents/Projects/vogue_data_pipeline/venv/lib/python3.11/site-packages/airflow/example_dags/example_branch_operator_decorator.py
[2026-01-06T14:21:54.295+1100] {processor.py:183} INFO - Processing /Users/fionatham/Documents/Projects/vogue_data_pipeline/venv/lib/python3.11/site-packages/airflow/example_dags/example_branch_operator_decorator.py took 0.044 seconds
[2026-01-06T14:23:44.768+1100] {processor.py:161} INFO - Started process (PID=90141) to work on /Users/fionatham/Documents/Projects/vogue_data_pipeline/venv/lib/python3.11/site-packages/airflow/example_dags/example_branch_operator_decorator.py
[2026-01-06T14:23:44.769+1100] {processor.py:830} INFO - Processing file /Users/fionatham/Documents/Projects/vogue_data_pipeline/venv/lib/python3.11/site-packages/airflow/example_dags/example_branch_operator_decorator.py for tasks to queue
[2026-01-06T14:23:44.770+1100] {logging_mixin.py:188} INFO - [2026-01-06T14:23:44.769+1100] {dagbag.py:545} INFO - Filling up the DagBag from /Users/fionatham/Documents/Projects/vogue_data_pipeline/venv/lib/python3.11/site-packages/airflow/example_dags/example_branch_operator_decorator.py
[2026-01-06T14:23:44.779+1100] {processor.py:842} WARNING - No viable dags retrieved from /Users/fionatham/Documents/Projects/vogue_data_pipeline/venv/lib/python3.11/site-packages/airflow/example_dags/example_branch_operator_decorator.py
[2026-01-06T14:23:44.808+1100] {processor.py:183} INFO - Processing /Users/fionatham/Documents/Projects/vogue_data_pipeline/venv/lib/python3.11/site-packages/airflow/example_dags/example_branch_operator_decorator.py took 0.041 seconds
[2026-01-06T14:25:34.709+1100] {processor.py:161} INFO - Started process (PID=90420) to work on /Users/fionatham/Documents/Projects/vogue_data_pipeline/venv/lib/python3.11/site-packages/airflow/example_dags/example_branch_operator_decorator.py
[2026-01-06T14:25:34.710+1100] {processor.py:830} INFO - Processing file /Users/fionatham/Documents/Projects/vogue_data_pipeline/venv/lib/python3.11/site-packages/airflow/example_dags/example_branch_operator_decorator.py for tasks to queue
[2026-01-06T14:25:34.710+1100] {logging_mixin.py:188} INFO - [2026-01-06T14:25:34.710+1100] {dagbag.py:545} INFO - Filling up the DagBag from /Users/fionatham/Documents/Projects/vogue_data_pipeline/venv/lib/python3.11/site-packages/airflow/example_dags/example_branch_operator_decorator.py
[2026-01-06T14:25:34.721+1100] {processor.py:842} WARNING - No viable dags retrieved from /Users/fionatham/Documents/Projects/vogue_data_pipeline/venv/lib/python3.11/site-packages/airflow/example_dags/example_branch_operator_decorator.py
[2026-01-06T14:25:34.756+1100] {processor.py:183} INFO - Processing /Users/fionatham/Documents/Projects/vogue_data_pipeline/venv/lib/python3.11/site-packages/airflow/example_dags/example_branch_operator_decorator.py took 0.048 seconds
[2026-01-06T14:27:34.413+1100] {processor.py:161} INFO - Started process (PID=90712) to work on /Users/fionatham/Documents/Projects/vogue_data_pipeline/venv/lib/python3.11/site-packages/airflow/example_dags/example_branch_operator_decorator.py
[2026-01-06T14:27:34.413+1100] {processor.py:830} INFO - Processing file /Users/fionatham/Documents/Projects/vogue_data_pipeline/venv/lib/python3.11/site-packages/airflow/example_dags/example_branch_operator_decorator.py for tasks to queue
[2026-01-06T14:27:34.414+1100] {logging_mixin.py:188} INFO - [2026-01-06T14:27:34.414+1100] {dagbag.py:545} INFO - Filling up the DagBag from /Users/fionatham/Documents/Projects/vogue_data_pipeline/venv/lib/python3.11/site-packages/airflow/example_dags/example_branch_operator_decorator.py
[2026-01-06T14:27:34.423+1100] {processor.py:842} WARNING - No viable dags retrieved from /Users/fionatham/Documents/Projects/vogue_data_pipeline/venv/lib/python3.11/site-packages/airflow/example_dags/example_branch_operator_decorator.py
[2026-01-06T14:27:34.452+1100] {processor.py:183} INFO - Processing /Users/fionatham/Documents/Projects/vogue_data_pipeline/venv/lib/python3.11/site-packages/airflow/example_dags/example_branch_operator_decorator.py took 0.041 seconds
[2026-01-06T14:29:33.348+1100] {processor.py:161} INFO - Started process (PID=91118) to work on /Users/fionatham/Documents/Projects/vogue_data_pipeline/venv/lib/python3.11/site-packages/airflow/example_dags/example_branch_operator_decorator.py
[2026-01-06T14:29:33.349+1100] {processor.py:830} INFO - Processing file /Users/fionatham/Documents/Projects/vogue_data_pipeline/venv/lib/python3.11/site-packages/airflow/example_dags/example_branch_operator_decorator.py for tasks to queue
[2026-01-06T14:29:33.349+1100] {logging_mixin.py:188} INFO - [2026-01-06T14:29:33.349+1100] {dagbag.py:545} INFO - Filling up the DagBag from /Users/fionatham/Documents/Projects/vogue_data_pipeline/venv/lib/python3.11/site-packages/airflow/example_dags/example_branch_operator_decorator.py
[2026-01-06T14:29:33.360+1100] {processor.py:842} WARNING - No viable dags retrieved from /Users/fionatham/Documents/Projects/vogue_data_pipeline/venv/lib/python3.11/site-packages/airflow/example_dags/example_branch_operator_decorator.py
[2026-01-06T14:29:33.392+1100] {processor.py:183} INFO - Processing /Users/fionatham/Documents/Projects/vogue_data_pipeline/venv/lib/python3.11/site-packages/airflow/example_dags/example_branch_operator_decorator.py took 0.045 seconds
[2026-01-06T14:31:32.320+1100] {processor.py:161} INFO - Started process (PID=91906) to work on /Users/fionatham/Documents/Projects/vogue_data_pipeline/venv/lib/python3.11/site-packages/airflow/example_dags/example_branch_operator_decorator.py
[2026-01-06T14:31:32.320+1100] {processor.py:830} INFO - Processing file /Users/fionatham/Documents/Projects/vogue_data_pipeline/venv/lib/python3.11/site-packages/airflow/example_dags/example_branch_operator_decorator.py for tasks to queue
[2026-01-06T14:31:32.321+1100] {logging_mixin.py:188} INFO - [2026-01-06T14:31:32.321+1100] {dagbag.py:545} INFO - Filling up the DagBag from /Users/fionatham/Documents/Projects/vogue_data_pipeline/venv/lib/python3.11/site-packages/airflow/example_dags/example_branch_operator_decorator.py
[2026-01-06T14:31:32.331+1100] {processor.py:842} WARNING - No viable dags retrieved from /Users/fionatham/Documents/Projects/vogue_data_pipeline/venv/lib/python3.11/site-packages/airflow/example_dags/example_branch_operator_decorator.py
[2026-01-06T14:31:32.364+1100] {processor.py:183} INFO - Processing /Users/fionatham/Documents/Projects/vogue_data_pipeline/venv/lib/python3.11/site-packages/airflow/example_dags/example_branch_operator_decorator.py took 0.045 seconds
[2026-01-06T14:33:32.989+1100] {processor.py:161} INFO - Started process (PID=92236) to work on /Users/fionatham/Documents/Projects/vogue_data_pipeline/venv/lib/python3.11/site-packages/airflow/example_dags/example_branch_operator_decorator.py
[2026-01-06T14:33:32.990+1100] {processor.py:830} INFO - Processing file /Users/fionatham/Documents/Projects/vogue_data_pipeline/venv/lib/python3.11/site-packages/airflow/example_dags/example_branch_operator_decorator.py for tasks to queue
[2026-01-06T14:33:32.991+1100] {logging_mixin.py:188} INFO - [2026-01-06T14:33:32.990+1100] {dagbag.py:545} INFO - Filling up the DagBag from /Users/fionatham/Documents/Projects/vogue_data_pipeline/venv/lib/python3.11/site-packages/airflow/example_dags/example_branch_operator_decorator.py
[2026-01-06T14:33:33.000+1100] {processor.py:842} WARNING - No viable dags retrieved from /Users/fionatham/Documents/Projects/vogue_data_pipeline/venv/lib/python3.11/site-packages/airflow/example_dags/example_branch_operator_decorator.py
[2026-01-06T14:33:33.033+1100] {processor.py:183} INFO - Processing /Users/fionatham/Documents/Projects/vogue_data_pipeline/venv/lib/python3.11/site-packages/airflow/example_dags/example_branch_operator_decorator.py took 0.046 seconds
[2026-01-06T14:35:28.006+1100] {processor.py:161} INFO - Started process (PID=92487) to work on /Users/fionatham/Documents/Projects/vogue_data_pipeline/venv/lib/python3.11/site-packages/airflow/example_dags/example_branch_operator_decorator.py
[2026-01-06T14:35:28.007+1100] {processor.py:830} INFO - Processing file /Users/fionatham/Documents/Projects/vogue_data_pipeline/venv/lib/python3.11/site-packages/airflow/example_dags/example_branch_operator_decorator.py for tasks to queue
[2026-01-06T14:35:28.008+1100] {logging_mixin.py:188} INFO - [2026-01-06T14:35:28.008+1100] {dagbag.py:545} INFO - Filling up the DagBag from /Users/fionatham/Documents/Projects/vogue_data_pipeline/venv/lib/python3.11/site-packages/airflow/example_dags/example_branch_operator_decorator.py
[2026-01-06T14:35:28.019+1100] {processor.py:842} WARNING - No viable dags retrieved from /Users/fionatham/Documents/Projects/vogue_data_pipeline/venv/lib/python3.11/site-packages/airflow/example_dags/example_branch_operator_decorator.py
[2026-01-06T14:35:28.049+1100] {processor.py:183} INFO - Processing /Users/fionatham/Documents/Projects/vogue_data_pipeline/venv/lib/python3.11/site-packages/airflow/example_dags/example_branch_operator_decorator.py took 0.044 seconds
[2026-01-06T14:37:31.049+1100] {processor.py:161} INFO - Started process (PID=92702) to work on /Users/fionatham/Documents/Projects/vogue_data_pipeline/venv/lib/python3.11/site-packages/airflow/example_dags/example_branch_operator_decorator.py
[2026-01-06T14:37:31.050+1100] {processor.py:830} INFO - Processing file /Users/fionatham/Documents/Projects/vogue_data_pipeline/venv/lib/python3.11/site-packages/airflow/example_dags/example_branch_operator_decorator.py for tasks to queue
[2026-01-06T14:37:31.050+1100] {logging_mixin.py:188} INFO - [2026-01-06T14:37:31.050+1100] {dagbag.py:545} INFO - Filling up the DagBag from /Users/fionatham/Documents/Projects/vogue_data_pipeline/venv/lib/python3.11/site-packages/airflow/example_dags/example_branch_operator_decorator.py
[2026-01-06T14:37:31.062+1100] {processor.py:842} WARNING - No viable dags retrieved from /Users/fionatham/Documents/Projects/vogue_data_pipeline/venv/lib/python3.11/site-packages/airflow/example_dags/example_branch_operator_decorator.py
[2026-01-06T14:37:31.096+1100] {processor.py:183} INFO - Processing /Users/fionatham/Documents/Projects/vogue_data_pipeline/venv/lib/python3.11/site-packages/airflow/example_dags/example_branch_operator_decorator.py took 0.050 seconds
[2026-01-06T14:39:30.867+1100] {processor.py:161} INFO - Started process (PID=92897) to work on /Users/fionatham/Documents/Projects/vogue_data_pipeline/venv/lib/python3.11/site-packages/airflow/example_dags/example_branch_operator_decorator.py
[2026-01-06T14:39:30.867+1100] {processor.py:830} INFO - Processing file /Users/fionatham/Documents/Projects/vogue_data_pipeline/venv/lib/python3.11/site-packages/airflow/example_dags/example_branch_operator_decorator.py for tasks to queue
[2026-01-06T14:39:30.868+1100] {logging_mixin.py:188} INFO - [2026-01-06T14:39:30.868+1100] {dagbag.py:545} INFO - Filling up the DagBag from /Users/fionatham/Documents/Projects/vogue_data_pipeline/venv/lib/python3.11/site-packages/airflow/example_dags/example_branch_operator_decorator.py
[2026-01-06T14:39:30.877+1100] {processor.py:842} WARNING - No viable dags retrieved from /Users/fionatham/Documents/Projects/vogue_data_pipeline/venv/lib/python3.11/site-packages/airflow/example_dags/example_branch_operator_decorator.py
[2026-01-06T14:39:30.907+1100] {processor.py:183} INFO - Processing /Users/fionatham/Documents/Projects/vogue_data_pipeline/venv/lib/python3.11/site-packages/airflow/example_dags/example_branch_operator_decorator.py took 0.042 seconds
[2026-01-06T14:41:20.651+1100] {processor.py:161} INFO - Started process (PID=92970) to work on /Users/fionatham/Documents/Projects/vogue_data_pipeline/venv/lib/python3.11/site-packages/airflow/example_dags/example_branch_operator_decorator.py
[2026-01-06T14:41:20.652+1100] {processor.py:830} INFO - Processing file /Users/fionatham/Documents/Projects/vogue_data_pipeline/venv/lib/python3.11/site-packages/airflow/example_dags/example_branch_operator_decorator.py for tasks to queue
[2026-01-06T14:41:20.652+1100] {logging_mixin.py:188} INFO - [2026-01-06T14:41:20.652+1100] {dagbag.py:545} INFO - Filling up the DagBag from /Users/fionatham/Documents/Projects/vogue_data_pipeline/venv/lib/python3.11/site-packages/airflow/example_dags/example_branch_operator_decorator.py
[2026-01-06T14:41:20.663+1100] {processor.py:842} WARNING - No viable dags retrieved from /Users/fionatham/Documents/Projects/vogue_data_pipeline/venv/lib/python3.11/site-packages/airflow/example_dags/example_branch_operator_decorator.py
[2026-01-06T14:41:20.693+1100] {processor.py:183} INFO - Processing /Users/fionatham/Documents/Projects/vogue_data_pipeline/venv/lib/python3.11/site-packages/airflow/example_dags/example_branch_operator_decorator.py took 0.044 seconds
[2026-01-06T14:43:17.426+1100] {processor.py:161} INFO - Started process (PID=93051) to work on /Users/fionatham/Documents/Projects/vogue_data_pipeline/venv/lib/python3.11/site-packages/airflow/example_dags/example_branch_operator_decorator.py
[2026-01-06T14:43:17.427+1100] {processor.py:830} INFO - Processing file /Users/fionatham/Documents/Projects/vogue_data_pipeline/venv/lib/python3.11/site-packages/airflow/example_dags/example_branch_operator_decorator.py for tasks to queue
[2026-01-06T14:43:17.427+1100] {logging_mixin.py:188} INFO - [2026-01-06T14:43:17.427+1100] {dagbag.py:545} INFO - Filling up the DagBag from /Users/fionatham/Documents/Projects/vogue_data_pipeline/venv/lib/python3.11/site-packages/airflow/example_dags/example_branch_operator_decorator.py
[2026-01-06T14:43:17.437+1100] {processor.py:842} WARNING - No viable dags retrieved from /Users/fionatham/Documents/Projects/vogue_data_pipeline/venv/lib/python3.11/site-packages/airflow/example_dags/example_branch_operator_decorator.py
[2026-01-06T14:43:17.466+1100] {processor.py:183} INFO - Processing /Users/fionatham/Documents/Projects/vogue_data_pipeline/venv/lib/python3.11/site-packages/airflow/example_dags/example_branch_operator_decorator.py took 0.041 seconds
[2026-01-06T14:45:18.170+1100] {processor.py:161} INFO - Started process (PID=93138) to work on /Users/fionatham/Documents/Projects/vogue_data_pipeline/venv/lib/python3.11/site-packages/airflow/example_dags/example_branch_operator_decorator.py
[2026-01-06T14:45:18.171+1100] {processor.py:830} INFO - Processing file /Users/fionatham/Documents/Projects/vogue_data_pipeline/venv/lib/python3.11/site-packages/airflow/example_dags/example_branch_operator_decorator.py for tasks to queue
[2026-01-06T14:45:18.172+1100] {logging_mixin.py:188} INFO - [2026-01-06T14:45:18.172+1100] {dagbag.py:545} INFO - Filling up the DagBag from /Users/fionatham/Documents/Projects/vogue_data_pipeline/venv/lib/python3.11/site-packages/airflow/example_dags/example_branch_operator_decorator.py
[2026-01-06T14:45:18.184+1100] {processor.py:842} WARNING - No viable dags retrieved from /Users/fionatham/Documents/Projects/vogue_data_pipeline/venv/lib/python3.11/site-packages/airflow/example_dags/example_branch_operator_decorator.py
[2026-01-06T14:45:18.217+1100] {processor.py:183} INFO - Processing /Users/fionatham/Documents/Projects/vogue_data_pipeline/venv/lib/python3.11/site-packages/airflow/example_dags/example_branch_operator_decorator.py took 0.048 seconds
[2026-01-06T14:47:10.604+1100] {processor.py:161} INFO - Started process (PID=93217) to work on /Users/fionatham/Documents/Projects/vogue_data_pipeline/venv/lib/python3.11/site-packages/airflow/example_dags/example_branch_operator_decorator.py
[2026-01-06T14:47:10.604+1100] {processor.py:830} INFO - Processing file /Users/fionatham/Documents/Projects/vogue_data_pipeline/venv/lib/python3.11/site-packages/airflow/example_dags/example_branch_operator_decorator.py for tasks to queue
[2026-01-06T14:47:10.605+1100] {logging_mixin.py:188} INFO - [2026-01-06T14:47:10.604+1100] {dagbag.py:545} INFO - Filling up the DagBag from /Users/fionatham/Documents/Projects/vogue_data_pipeline/venv/lib/python3.11/site-packages/airflow/example_dags/example_branch_operator_decorator.py
[2026-01-06T14:47:10.615+1100] {processor.py:842} WARNING - No viable dags retrieved from /Users/fionatham/Documents/Projects/vogue_data_pipeline/venv/lib/python3.11/site-packages/airflow/example_dags/example_branch_operator_decorator.py
[2026-01-06T14:47:10.646+1100] {processor.py:183} INFO - Processing /Users/fionatham/Documents/Projects/vogue_data_pipeline/venv/lib/python3.11/site-packages/airflow/example_dags/example_branch_operator_decorator.py took 0.044 seconds
[2026-01-06T14:49:10.502+1100] {processor.py:161} INFO - Started process (PID=93310) to work on /Users/fionatham/Documents/Projects/vogue_data_pipeline/venv/lib/python3.11/site-packages/airflow/example_dags/example_branch_operator_decorator.py
[2026-01-06T14:49:10.502+1100] {processor.py:830} INFO - Processing file /Users/fionatham/Documents/Projects/vogue_data_pipeline/venv/lib/python3.11/site-packages/airflow/example_dags/example_branch_operator_decorator.py for tasks to queue
[2026-01-06T14:49:10.503+1100] {logging_mixin.py:188} INFO - [2026-01-06T14:49:10.503+1100] {dagbag.py:545} INFO - Filling up the DagBag from /Users/fionatham/Documents/Projects/vogue_data_pipeline/venv/lib/python3.11/site-packages/airflow/example_dags/example_branch_operator_decorator.py
[2026-01-06T14:49:10.513+1100] {processor.py:842} WARNING - No viable dags retrieved from /Users/fionatham/Documents/Projects/vogue_data_pipeline/venv/lib/python3.11/site-packages/airflow/example_dags/example_branch_operator_decorator.py
[2026-01-06T14:49:10.544+1100] {processor.py:183} INFO - Processing /Users/fionatham/Documents/Projects/vogue_data_pipeline/venv/lib/python3.11/site-packages/airflow/example_dags/example_branch_operator_decorator.py took 0.043 seconds
[2026-01-06T14:51:05.323+1100] {processor.py:161} INFO - Started process (PID=93405) to work on /Users/fionatham/Documents/Projects/vogue_data_pipeline/venv/lib/python3.11/site-packages/airflow/example_dags/example_branch_operator_decorator.py
[2026-01-06T14:51:05.324+1100] {processor.py:830} INFO - Processing file /Users/fionatham/Documents/Projects/vogue_data_pipeline/venv/lib/python3.11/site-packages/airflow/example_dags/example_branch_operator_decorator.py for tasks to queue
[2026-01-06T14:51:05.325+1100] {logging_mixin.py:188} INFO - [2026-01-06T14:51:05.324+1100] {dagbag.py:545} INFO - Filling up the DagBag from /Users/fionatham/Documents/Projects/vogue_data_pipeline/venv/lib/python3.11/site-packages/airflow/example_dags/example_branch_operator_decorator.py
[2026-01-06T14:51:05.335+1100] {processor.py:842} WARNING - No viable dags retrieved from /Users/fionatham/Documents/Projects/vogue_data_pipeline/venv/lib/python3.11/site-packages/airflow/example_dags/example_branch_operator_decorator.py
[2026-01-06T14:51:05.365+1100] {processor.py:183} INFO - Processing /Users/fionatham/Documents/Projects/vogue_data_pipeline/venv/lib/python3.11/site-packages/airflow/example_dags/example_branch_operator_decorator.py took 0.043 seconds
[2026-01-06T14:52:59.577+1100] {processor.py:161} INFO - Started process (PID=93528) to work on /Users/fionatham/Documents/Projects/vogue_data_pipeline/venv/lib/python3.11/site-packages/airflow/example_dags/example_branch_operator_decorator.py
[2026-01-06T14:52:59.578+1100] {processor.py:830} INFO - Processing file /Users/fionatham/Documents/Projects/vogue_data_pipeline/venv/lib/python3.11/site-packages/airflow/example_dags/example_branch_operator_decorator.py for tasks to queue
[2026-01-06T14:52:59.578+1100] {logging_mixin.py:188} INFO - [2026-01-06T14:52:59.578+1100] {dagbag.py:545} INFO - Filling up the DagBag from /Users/fionatham/Documents/Projects/vogue_data_pipeline/venv/lib/python3.11/site-packages/airflow/example_dags/example_branch_operator_decorator.py
[2026-01-06T14:52:59.588+1100] {processor.py:842} WARNING - No viable dags retrieved from /Users/fionatham/Documents/Projects/vogue_data_pipeline/venv/lib/python3.11/site-packages/airflow/example_dags/example_branch_operator_decorator.py
[2026-01-06T14:52:59.619+1100] {processor.py:183} INFO - Processing /Users/fionatham/Documents/Projects/vogue_data_pipeline/venv/lib/python3.11/site-packages/airflow/example_dags/example_branch_operator_decorator.py took 0.043 seconds
[2026-01-06T14:54:56.355+1100] {processor.py:161} INFO - Started process (PID=93713) to work on /Users/fionatham/Documents/Projects/vogue_data_pipeline/venv/lib/python3.11/site-packages/airflow/example_dags/example_branch_operator_decorator.py
[2026-01-06T14:54:56.355+1100] {processor.py:830} INFO - Processing file /Users/fionatham/Documents/Projects/vogue_data_pipeline/venv/lib/python3.11/site-packages/airflow/example_dags/example_branch_operator_decorator.py for tasks to queue
[2026-01-06T14:54:56.356+1100] {logging_mixin.py:188} INFO - [2026-01-06T14:54:56.356+1100] {dagbag.py:545} INFO - Filling up the DagBag from /Users/fionatham/Documents/Projects/vogue_data_pipeline/venv/lib/python3.11/site-packages/airflow/example_dags/example_branch_operator_decorator.py
[2026-01-06T14:54:56.367+1100] {processor.py:842} WARNING - No viable dags retrieved from /Users/fionatham/Documents/Projects/vogue_data_pipeline/venv/lib/python3.11/site-packages/airflow/example_dags/example_branch_operator_decorator.py
[2026-01-06T14:54:56.403+1100] {processor.py:183} INFO - Processing /Users/fionatham/Documents/Projects/vogue_data_pipeline/venv/lib/python3.11/site-packages/airflow/example_dags/example_branch_operator_decorator.py took 0.050 seconds
[2026-01-06T14:56:56.015+1100] {processor.py:161} INFO - Started process (PID=93823) to work on /Users/fionatham/Documents/Projects/vogue_data_pipeline/venv/lib/python3.11/site-packages/airflow/example_dags/example_branch_operator_decorator.py
[2026-01-06T14:56:56.017+1100] {processor.py:830} INFO - Processing file /Users/fionatham/Documents/Projects/vogue_data_pipeline/venv/lib/python3.11/site-packages/airflow/example_dags/example_branch_operator_decorator.py for tasks to queue
[2026-01-06T14:56:56.017+1100] {logging_mixin.py:188} INFO - [2026-01-06T14:56:56.017+1100] {dagbag.py:545} INFO - Filling up the DagBag from /Users/fionatham/Documents/Projects/vogue_data_pipeline/venv/lib/python3.11/site-packages/airflow/example_dags/example_branch_operator_decorator.py
[2026-01-06T14:56:56.027+1100] {processor.py:842} WARNING - No viable dags retrieved from /Users/fionatham/Documents/Projects/vogue_data_pipeline/venv/lib/python3.11/site-packages/airflow/example_dags/example_branch_operator_decorator.py
[2026-01-06T14:56:56.058+1100] {processor.py:183} INFO - Processing /Users/fionatham/Documents/Projects/vogue_data_pipeline/venv/lib/python3.11/site-packages/airflow/example_dags/example_branch_operator_decorator.py took 0.044 seconds
[2026-01-06T14:58:50.306+1100] {processor.py:161} INFO - Started process (PID=93952) to work on /Users/fionatham/Documents/Projects/vogue_data_pipeline/venv/lib/python3.11/site-packages/airflow/example_dags/example_branch_operator_decorator.py
[2026-01-06T14:58:50.308+1100] {processor.py:830} INFO - Processing file /Users/fionatham/Documents/Projects/vogue_data_pipeline/venv/lib/python3.11/site-packages/airflow/example_dags/example_branch_operator_decorator.py for tasks to queue
[2026-01-06T14:58:50.308+1100] {logging_mixin.py:188} INFO - [2026-01-06T14:58:50.308+1100] {dagbag.py:545} INFO - Filling up the DagBag from /Users/fionatham/Documents/Projects/vogue_data_pipeline/venv/lib/python3.11/site-packages/airflow/example_dags/example_branch_operator_decorator.py
[2026-01-06T14:58:50.318+1100] {processor.py:842} WARNING - No viable dags retrieved from /Users/fionatham/Documents/Projects/vogue_data_pipeline/venv/lib/python3.11/site-packages/airflow/example_dags/example_branch_operator_decorator.py
[2026-01-06T14:58:50.348+1100] {processor.py:183} INFO - Processing /Users/fionatham/Documents/Projects/vogue_data_pipeline/venv/lib/python3.11/site-packages/airflow/example_dags/example_branch_operator_decorator.py took 0.043 seconds
[2026-01-06T15:00:51.265+1100] {processor.py:161} INFO - Started process (PID=94130) to work on /Users/fionatham/Documents/Projects/vogue_data_pipeline/venv/lib/python3.11/site-packages/airflow/example_dags/example_branch_operator_decorator.py
[2026-01-06T15:00:51.265+1100] {processor.py:830} INFO - Processing file /Users/fionatham/Documents/Projects/vogue_data_pipeline/venv/lib/python3.11/site-packages/airflow/example_dags/example_branch_operator_decorator.py for tasks to queue
[2026-01-06T15:00:51.265+1100] {logging_mixin.py:188} INFO - [2026-01-06T15:00:51.265+1100] {dagbag.py:545} INFO - Filling up the DagBag from /Users/fionatham/Documents/Projects/vogue_data_pipeline/venv/lib/python3.11/site-packages/airflow/example_dags/example_branch_operator_decorator.py
[2026-01-06T15:00:51.275+1100] {processor.py:842} WARNING - No viable dags retrieved from /Users/fionatham/Documents/Projects/vogue_data_pipeline/venv/lib/python3.11/site-packages/airflow/example_dags/example_branch_operator_decorator.py
[2026-01-06T15:00:51.306+1100] {processor.py:183} INFO - Processing /Users/fionatham/Documents/Projects/vogue_data_pipeline/venv/lib/python3.11/site-packages/airflow/example_dags/example_branch_operator_decorator.py took 0.043 seconds
[2026-01-06T15:02:50.901+1100] {processor.py:161} INFO - Started process (PID=94365) to work on /Users/fionatham/Documents/Projects/vogue_data_pipeline/venv/lib/python3.11/site-packages/airflow/example_dags/example_branch_operator_decorator.py
[2026-01-06T15:02:50.902+1100] {processor.py:830} INFO - Processing file /Users/fionatham/Documents/Projects/vogue_data_pipeline/venv/lib/python3.11/site-packages/airflow/example_dags/example_branch_operator_decorator.py for tasks to queue
[2026-01-06T15:02:50.903+1100] {logging_mixin.py:188} INFO - [2026-01-06T15:02:50.903+1100] {dagbag.py:545} INFO - Filling up the DagBag from /Users/fionatham/Documents/Projects/vogue_data_pipeline/venv/lib/python3.11/site-packages/airflow/example_dags/example_branch_operator_decorator.py
[2026-01-06T15:02:50.912+1100] {processor.py:842} WARNING - No viable dags retrieved from /Users/fionatham/Documents/Projects/vogue_data_pipeline/venv/lib/python3.11/site-packages/airflow/example_dags/example_branch_operator_decorator.py
[2026-01-06T15:02:50.943+1100] {processor.py:183} INFO - Processing /Users/fionatham/Documents/Projects/vogue_data_pipeline/venv/lib/python3.11/site-packages/airflow/example_dags/example_branch_operator_decorator.py took 0.043 seconds
[2026-01-06T15:04:52.242+1100] {processor.py:161} INFO - Started process (PID=94590) to work on /Users/fionatham/Documents/Projects/vogue_data_pipeline/venv/lib/python3.11/site-packages/airflow/example_dags/example_branch_operator_decorator.py
[2026-01-06T15:04:52.243+1100] {processor.py:830} INFO - Processing file /Users/fionatham/Documents/Projects/vogue_data_pipeline/venv/lib/python3.11/site-packages/airflow/example_dags/example_branch_operator_decorator.py for tasks to queue
[2026-01-06T15:04:52.244+1100] {logging_mixin.py:188} INFO - [2026-01-06T15:04:52.244+1100] {dagbag.py:545} INFO - Filling up the DagBag from /Users/fionatham/Documents/Projects/vogue_data_pipeline/venv/lib/python3.11/site-packages/airflow/example_dags/example_branch_operator_decorator.py
[2026-01-06T15:04:52.254+1100] {processor.py:842} WARNING - No viable dags retrieved from /Users/fionatham/Documents/Projects/vogue_data_pipeline/venv/lib/python3.11/site-packages/airflow/example_dags/example_branch_operator_decorator.py
[2026-01-06T15:04:52.285+1100] {processor.py:183} INFO - Processing /Users/fionatham/Documents/Projects/vogue_data_pipeline/venv/lib/python3.11/site-packages/airflow/example_dags/example_branch_operator_decorator.py took 0.045 seconds
[2026-01-06T15:06:51.947+1100] {processor.py:161} INFO - Started process (PID=94735) to work on /Users/fionatham/Documents/Projects/vogue_data_pipeline/venv/lib/python3.11/site-packages/airflow/example_dags/example_branch_operator_decorator.py
[2026-01-06T15:06:51.949+1100] {processor.py:830} INFO - Processing file /Users/fionatham/Documents/Projects/vogue_data_pipeline/venv/lib/python3.11/site-packages/airflow/example_dags/example_branch_operator_decorator.py for tasks to queue
[2026-01-06T15:06:51.949+1100] {logging_mixin.py:188} INFO - [2026-01-06T15:06:51.949+1100] {dagbag.py:545} INFO - Filling up the DagBag from /Users/fionatham/Documents/Projects/vogue_data_pipeline/venv/lib/python3.11/site-packages/airflow/example_dags/example_branch_operator_decorator.py
[2026-01-06T15:06:51.959+1100] {processor.py:842} WARNING - No viable dags retrieved from /Users/fionatham/Documents/Projects/vogue_data_pipeline/venv/lib/python3.11/site-packages/airflow/example_dags/example_branch_operator_decorator.py
[2026-01-06T15:06:51.990+1100] {processor.py:183} INFO - Processing /Users/fionatham/Documents/Projects/vogue_data_pipeline/venv/lib/python3.11/site-packages/airflow/example_dags/example_branch_operator_decorator.py took 0.044 seconds
[2026-01-06T15:13:16.655+1100] {processor.py:161} INFO - Started process (PID=95296) to work on /Users/fionatham/Documents/Projects/vogue_data_pipeline/venv/lib/python3.11/site-packages/airflow/example_dags/example_branch_operator_decorator.py
[2026-01-06T15:13:16.656+1100] {processor.py:830} INFO - Processing file /Users/fionatham/Documents/Projects/vogue_data_pipeline/venv/lib/python3.11/site-packages/airflow/example_dags/example_branch_operator_decorator.py for tasks to queue
[2026-01-06T15:13:16.656+1100] {logging_mixin.py:188} INFO - [2026-01-06T15:13:16.656+1100] {dagbag.py:545} INFO - Filling up the DagBag from /Users/fionatham/Documents/Projects/vogue_data_pipeline/venv/lib/python3.11/site-packages/airflow/example_dags/example_branch_operator_decorator.py
[2026-01-06T15:13:16.666+1100] {processor.py:842} WARNING - No viable dags retrieved from /Users/fionatham/Documents/Projects/vogue_data_pipeline/venv/lib/python3.11/site-packages/airflow/example_dags/example_branch_operator_decorator.py
[2026-01-06T15:13:16.697+1100] {processor.py:183} INFO - Processing /Users/fionatham/Documents/Projects/vogue_data_pipeline/venv/lib/python3.11/site-packages/airflow/example_dags/example_branch_operator_decorator.py took 0.044 seconds
[2026-01-06T16:39:24.048+1100] {processor.py:161} INFO - Started process (PID=95509) to work on /Users/fionatham/Documents/Projects/vogue_data_pipeline/venv/lib/python3.11/site-packages/airflow/example_dags/example_branch_operator_decorator.py
[2026-01-06T16:39:24.048+1100] {processor.py:830} INFO - Processing file /Users/fionatham/Documents/Projects/vogue_data_pipeline/venv/lib/python3.11/site-packages/airflow/example_dags/example_branch_operator_decorator.py for tasks to queue
[2026-01-06T16:39:24.048+1100] {logging_mixin.py:188} INFO - [2026-01-06T16:39:24.048+1100] {dagbag.py:545} INFO - Filling up the DagBag from /Users/fionatham/Documents/Projects/vogue_data_pipeline/venv/lib/python3.11/site-packages/airflow/example_dags/example_branch_operator_decorator.py
[2026-01-06T16:39:24.058+1100] {processor.py:842} WARNING - No viable dags retrieved from /Users/fionatham/Documents/Projects/vogue_data_pipeline/venv/lib/python3.11/site-packages/airflow/example_dags/example_branch_operator_decorator.py
[2026-01-06T16:39:24.087+1100] {processor.py:183} INFO - Processing /Users/fionatham/Documents/Projects/vogue_data_pipeline/venv/lib/python3.11/site-packages/airflow/example_dags/example_branch_operator_decorator.py took 0.041 seconds
[2026-01-06T19:17:29.198+1100] {processor.py:161} INFO - Started process (PID=95618) to work on /Users/fionatham/Documents/Projects/vogue_data_pipeline/venv/lib/python3.11/site-packages/airflow/example_dags/example_branch_operator_decorator.py
[2026-01-06T19:17:29.199+1100] {processor.py:830} INFO - Processing file /Users/fionatham/Documents/Projects/vogue_data_pipeline/venv/lib/python3.11/site-packages/airflow/example_dags/example_branch_operator_decorator.py for tasks to queue
[2026-01-06T19:17:29.199+1100] {logging_mixin.py:188} INFO - [2026-01-06T19:17:29.199+1100] {dagbag.py:545} INFO - Filling up the DagBag from /Users/fionatham/Documents/Projects/vogue_data_pipeline/venv/lib/python3.11/site-packages/airflow/example_dags/example_branch_operator_decorator.py
[2026-01-06T19:17:29.209+1100] {processor.py:842} WARNING - No viable dags retrieved from /Users/fionatham/Documents/Projects/vogue_data_pipeline/venv/lib/python3.11/site-packages/airflow/example_dags/example_branch_operator_decorator.py
[2026-01-06T19:17:29.239+1100] {processor.py:183} INFO - Processing /Users/fionatham/Documents/Projects/vogue_data_pipeline/venv/lib/python3.11/site-packages/airflow/example_dags/example_branch_operator_decorator.py took 0.042 seconds
[2026-01-06T20:52:17.741+1100] {processor.py:161} INFO - Started process (PID=95771) to work on /Users/fionatham/Documents/Projects/vogue_data_pipeline/venv/lib/python3.11/site-packages/airflow/example_dags/example_branch_operator_decorator.py
[2026-01-06T20:52:17.741+1100] {processor.py:830} INFO - Processing file /Users/fionatham/Documents/Projects/vogue_data_pipeline/venv/lib/python3.11/site-packages/airflow/example_dags/example_branch_operator_decorator.py for tasks to queue
[2026-01-06T20:52:17.742+1100] {logging_mixin.py:188} INFO - [2026-01-06T20:52:17.742+1100] {dagbag.py:545} INFO - Filling up the DagBag from /Users/fionatham/Documents/Projects/vogue_data_pipeline/venv/lib/python3.11/site-packages/airflow/example_dags/example_branch_operator_decorator.py
[2026-01-06T20:52:17.754+1100] {processor.py:842} WARNING - No viable dags retrieved from /Users/fionatham/Documents/Projects/vogue_data_pipeline/venv/lib/python3.11/site-packages/airflow/example_dags/example_branch_operator_decorator.py
[2026-01-06T20:52:17.796+1100] {processor.py:183} INFO - Processing /Users/fionatham/Documents/Projects/vogue_data_pipeline/venv/lib/python3.11/site-packages/airflow/example_dags/example_branch_operator_decorator.py took 0.057 seconds
[2026-01-06T23:57:14.092+1100] {processor.py:161} INFO - Started process (PID=96062) to work on /Users/fionatham/Documents/Projects/vogue_data_pipeline/venv/lib/python3.11/site-packages/airflow/example_dags/example_branch_operator_decorator.py
[2026-01-06T23:57:14.096+1100] {processor.py:830} INFO - Processing file /Users/fionatham/Documents/Projects/vogue_data_pipeline/venv/lib/python3.11/site-packages/airflow/example_dags/example_branch_operator_decorator.py for tasks to queue
[2026-01-06T23:57:14.097+1100] {logging_mixin.py:188} INFO - [2026-01-06T23:57:14.097+1100] {dagbag.py:545} INFO - Filling up the DagBag from /Users/fionatham/Documents/Projects/vogue_data_pipeline/venv/lib/python3.11/site-packages/airflow/example_dags/example_branch_operator_decorator.py
[2026-01-06T23:57:14.110+1100] {processor.py:842} WARNING - No viable dags retrieved from /Users/fionatham/Documents/Projects/vogue_data_pipeline/venv/lib/python3.11/site-packages/airflow/example_dags/example_branch_operator_decorator.py
[2026-01-06T23:57:14.144+1100] {processor.py:183} INFO - Processing /Users/fionatham/Documents/Projects/vogue_data_pipeline/venv/lib/python3.11/site-packages/airflow/example_dags/example_branch_operator_decorator.py took 0.053 seconds
