[2026-01-06T13:57:10.737+1100] {processor.py:161} INFO - Started process (PID=85262) to work on /Users/fionatham/Documents/Projects/vogue_data_pipeline/venv/lib/python3.11/site-packages/airflow/example_dags/example_short_circuit_decorator.py
[2026-01-06T13:57:10.738+1100] {processor.py:830} INFO - Processing file /Users/fionatham/Documents/Projects/vogue_data_pipeline/venv/lib/python3.11/site-packages/airflow/example_dags/example_short_circuit_decorator.py for tasks to queue
[2026-01-06T13:57:10.738+1100] {logging_mixin.py:188} INFO - [2026-01-06T13:57:10.738+1100] {dagbag.py:545} INFO - Filling up the DagBag from /Users/fionatham/Documents/Projects/vogue_data_pipeline/venv/lib/python3.11/site-packages/airflow/example_dags/example_short_circuit_decorator.py
[2026-01-06T13:57:10.758+1100] {processor.py:840} INFO - DAG(s) 'example_short_circuit_decorator' retrieved from /Users/fionatham/Documents/Projects/vogue_data_pipeline/venv/lib/python3.11/site-packages/airflow/example_dags/example_short_circuit_decorator.py
[2026-01-06T13:57:10.866+1100] {logging_mixin.py:188} INFO - [2026-01-06T13:57:10.866+1100] {override.py:1858} INFO - Created Permission View: can delete on DAG:example_short_circuit_decorator
[2026-01-06T13:57:10.870+1100] {logging_mixin.py:188} INFO - [2026-01-06T13:57:10.870+1100] {override.py:1858} INFO - Created Permission View: can edit on DAG:example_short_circuit_decorator
[2026-01-06T13:57:10.872+1100] {logging_mixin.py:188} INFO - [2026-01-06T13:57:10.872+1100] {override.py:1858} INFO - Created Permission View: can read on DAG:example_short_circuit_decorator
[2026-01-06T13:57:10.872+1100] {logging_mixin.py:188} INFO - [2026-01-06T13:57:10.872+1100] {dag.py:3089} INFO - Sync 1 DAGs
[2026-01-06T13:57:10.876+1100] {logging_mixin.py:188} INFO - [2026-01-06T13:57:10.876+1100] {dag.py:3111} INFO - Creating ORM DAG for example_short_circuit_decorator
[2026-01-06T13:57:10.879+1100] {logging_mixin.py:188} INFO - [2026-01-06T13:57:10.879+1100] {dag.py:3947} INFO - Setting next_dagrun for example_short_circuit_decorator to 2026-01-05 00:00:00+00:00, run_after=2026-01-06 00:00:00+00:00
[2026-01-06T13:57:10.887+1100] {processor.py:183} INFO - Processing /Users/fionatham/Documents/Projects/vogue_data_pipeline/venv/lib/python3.11/site-packages/airflow/example_dags/example_short_circuit_decorator.py took 0.151 seconds
[2026-01-06T13:58:40.761+1100] {processor.py:161} INFO - Started process (PID=85977) to work on /Users/fionatham/Documents/Projects/vogue_data_pipeline/venv/lib/python3.11/site-packages/airflow/example_dags/example_short_circuit_decorator.py
[2026-01-06T13:58:40.762+1100] {processor.py:830} INFO - Processing file /Users/fionatham/Documents/Projects/vogue_data_pipeline/venv/lib/python3.11/site-packages/airflow/example_dags/example_short_circuit_decorator.py for tasks to queue
[2026-01-06T13:58:40.762+1100] {logging_mixin.py:188} INFO - [2026-01-06T13:58:40.762+1100] {dagbag.py:545} INFO - Filling up the DagBag from /Users/fionatham/Documents/Projects/vogue_data_pipeline/venv/lib/python3.11/site-packages/airflow/example_dags/example_short_circuit_decorator.py
[2026-01-06T13:58:40.780+1100] {processor.py:840} INFO - DAG(s) 'example_short_circuit_decorator' retrieved from /Users/fionatham/Documents/Projects/vogue_data_pipeline/venv/lib/python3.11/site-packages/airflow/example_dags/example_short_circuit_decorator.py
[2026-01-06T13:58:40.824+1100] {logging_mixin.py:188} INFO - [2026-01-06T13:58:40.824+1100] {dag.py:3089} INFO - Sync 1 DAGs
[2026-01-06T13:58:40.831+1100] {logging_mixin.py:188} INFO - [2026-01-06T13:58:40.831+1100] {dag.py:3947} INFO - Setting next_dagrun for example_short_circuit_decorator to 2026-01-05 00:00:00+00:00, run_after=2026-01-06 00:00:00+00:00
[2026-01-06T13:58:40.838+1100] {processor.py:183} INFO - Processing /Users/fionatham/Documents/Projects/vogue_data_pipeline/venv/lib/python3.11/site-packages/airflow/example_dags/example_short_circuit_decorator.py took 0.079 seconds
[2026-01-06T14:00:40.798+1100] {processor.py:161} INFO - Started process (PID=86944) to work on /Users/fionatham/Documents/Projects/vogue_data_pipeline/venv/lib/python3.11/site-packages/airflow/example_dags/example_short_circuit_decorator.py
[2026-01-06T14:00:40.799+1100] {processor.py:830} INFO - Processing file /Users/fionatham/Documents/Projects/vogue_data_pipeline/venv/lib/python3.11/site-packages/airflow/example_dags/example_short_circuit_decorator.py for tasks to queue
[2026-01-06T14:00:40.799+1100] {logging_mixin.py:188} INFO - [2026-01-06T14:00:40.799+1100] {dagbag.py:545} INFO - Filling up the DagBag from /Users/fionatham/Documents/Projects/vogue_data_pipeline/venv/lib/python3.11/site-packages/airflow/example_dags/example_short_circuit_decorator.py
[2026-01-06T14:00:40.816+1100] {processor.py:840} INFO - DAG(s) 'example_short_circuit_decorator' retrieved from /Users/fionatham/Documents/Projects/vogue_data_pipeline/venv/lib/python3.11/site-packages/airflow/example_dags/example_short_circuit_decorator.py
[2026-01-06T14:00:40.860+1100] {logging_mixin.py:188} INFO - [2026-01-06T14:00:40.859+1100] {dag.py:3089} INFO - Sync 1 DAGs
[2026-01-06T14:00:40.866+1100] {logging_mixin.py:188} INFO - [2026-01-06T14:00:40.866+1100] {dag.py:3947} INFO - Setting next_dagrun for example_short_circuit_decorator to 2026-01-05 00:00:00+00:00, run_after=2026-01-06 00:00:00+00:00
[2026-01-06T14:00:40.874+1100] {processor.py:183} INFO - Processing /Users/fionatham/Documents/Projects/vogue_data_pipeline/venv/lib/python3.11/site-packages/airflow/example_dags/example_short_circuit_decorator.py took 0.077 seconds
[2026-01-06T14:02:43.255+1100] {processor.py:161} INFO - Started process (PID=87155) to work on /Users/fionatham/Documents/Projects/vogue_data_pipeline/venv/lib/python3.11/site-packages/airflow/example_dags/example_short_circuit_decorator.py
[2026-01-06T14:02:43.256+1100] {processor.py:830} INFO - Processing file /Users/fionatham/Documents/Projects/vogue_data_pipeline/venv/lib/python3.11/site-packages/airflow/example_dags/example_short_circuit_decorator.py for tasks to queue
[2026-01-06T14:02:43.256+1100] {logging_mixin.py:188} INFO - [2026-01-06T14:02:43.256+1100] {dagbag.py:545} INFO - Filling up the DagBag from /Users/fionatham/Documents/Projects/vogue_data_pipeline/venv/lib/python3.11/site-packages/airflow/example_dags/example_short_circuit_decorator.py
[2026-01-06T14:02:43.274+1100] {processor.py:840} INFO - DAG(s) 'example_short_circuit_decorator' retrieved from /Users/fionatham/Documents/Projects/vogue_data_pipeline/venv/lib/python3.11/site-packages/airflow/example_dags/example_short_circuit_decorator.py
[2026-01-06T14:02:43.320+1100] {logging_mixin.py:188} INFO - [2026-01-06T14:02:43.320+1100] {dag.py:3089} INFO - Sync 1 DAGs
[2026-01-06T14:02:43.327+1100] {logging_mixin.py:188} INFO - [2026-01-06T14:02:43.327+1100] {dag.py:3947} INFO - Setting next_dagrun for example_short_circuit_decorator to 2026-01-05 00:00:00+00:00, run_after=2026-01-06 00:00:00+00:00
[2026-01-06T14:02:43.335+1100] {processor.py:183} INFO - Processing /Users/fionatham/Documents/Projects/vogue_data_pipeline/venv/lib/python3.11/site-packages/airflow/example_dags/example_short_circuit_decorator.py took 0.081 seconds
[2026-01-06T14:04:43.917+1100] {processor.py:161} INFO - Started process (PID=87314) to work on /Users/fionatham/Documents/Projects/vogue_data_pipeline/venv/lib/python3.11/site-packages/airflow/example_dags/example_short_circuit_decorator.py
[2026-01-06T14:04:43.919+1100] {processor.py:830} INFO - Processing file /Users/fionatham/Documents/Projects/vogue_data_pipeline/venv/lib/python3.11/site-packages/airflow/example_dags/example_short_circuit_decorator.py for tasks to queue
[2026-01-06T14:04:43.919+1100] {logging_mixin.py:188} INFO - [2026-01-06T14:04:43.919+1100] {dagbag.py:545} INFO - Filling up the DagBag from /Users/fionatham/Documents/Projects/vogue_data_pipeline/venv/lib/python3.11/site-packages/airflow/example_dags/example_short_circuit_decorator.py
[2026-01-06T14:04:43.936+1100] {processor.py:840} INFO - DAG(s) 'example_short_circuit_decorator' retrieved from /Users/fionatham/Documents/Projects/vogue_data_pipeline/venv/lib/python3.11/site-packages/airflow/example_dags/example_short_circuit_decorator.py
[2026-01-06T14:04:43.982+1100] {logging_mixin.py:188} INFO - [2026-01-06T14:04:43.982+1100] {dag.py:3089} INFO - Sync 1 DAGs
[2026-01-06T14:04:43.989+1100] {logging_mixin.py:188} INFO - [2026-01-06T14:04:43.989+1100] {dag.py:3947} INFO - Setting next_dagrun for example_short_circuit_decorator to 2026-01-05 00:00:00+00:00, run_after=2026-01-06 00:00:00+00:00
[2026-01-06T14:04:43.997+1100] {processor.py:183} INFO - Processing /Users/fionatham/Documents/Projects/vogue_data_pipeline/venv/lib/python3.11/site-packages/airflow/example_dags/example_short_circuit_decorator.py took 0.082 seconds
[2026-01-06T14:06:44.680+1100] {processor.py:161} INFO - Started process (PID=87548) to work on /Users/fionatham/Documents/Projects/vogue_data_pipeline/venv/lib/python3.11/site-packages/airflow/example_dags/example_short_circuit_decorator.py
[2026-01-06T14:06:44.681+1100] {processor.py:830} INFO - Processing file /Users/fionatham/Documents/Projects/vogue_data_pipeline/venv/lib/python3.11/site-packages/airflow/example_dags/example_short_circuit_decorator.py for tasks to queue
[2026-01-06T14:06:44.681+1100] {logging_mixin.py:188} INFO - [2026-01-06T14:06:44.681+1100] {dagbag.py:545} INFO - Filling up the DagBag from /Users/fionatham/Documents/Projects/vogue_data_pipeline/venv/lib/python3.11/site-packages/airflow/example_dags/example_short_circuit_decorator.py
[2026-01-06T14:06:44.700+1100] {processor.py:840} INFO - DAG(s) 'example_short_circuit_decorator' retrieved from /Users/fionatham/Documents/Projects/vogue_data_pipeline/venv/lib/python3.11/site-packages/airflow/example_dags/example_short_circuit_decorator.py
[2026-01-06T14:06:44.759+1100] {logging_mixin.py:188} INFO - [2026-01-06T14:06:44.759+1100] {dag.py:3089} INFO - Sync 1 DAGs
[2026-01-06T14:06:44.765+1100] {logging_mixin.py:188} INFO - [2026-01-06T14:06:44.765+1100] {dag.py:3947} INFO - Setting next_dagrun for example_short_circuit_decorator to 2026-01-05 00:00:00+00:00, run_after=2026-01-06 00:00:00+00:00
[2026-01-06T14:06:44.774+1100] {processor.py:183} INFO - Processing /Users/fionatham/Documents/Projects/vogue_data_pipeline/venv/lib/python3.11/site-packages/airflow/example_dags/example_short_circuit_decorator.py took 0.094 seconds
[2026-01-06T14:08:40.678+1100] {processor.py:161} INFO - Started process (PID=87675) to work on /Users/fionatham/Documents/Projects/vogue_data_pipeline/venv/lib/python3.11/site-packages/airflow/example_dags/example_short_circuit_decorator.py
[2026-01-06T14:08:40.679+1100] {processor.py:830} INFO - Processing file /Users/fionatham/Documents/Projects/vogue_data_pipeline/venv/lib/python3.11/site-packages/airflow/example_dags/example_short_circuit_decorator.py for tasks to queue
[2026-01-06T14:08:40.679+1100] {logging_mixin.py:188} INFO - [2026-01-06T14:08:40.679+1100] {dagbag.py:545} INFO - Filling up the DagBag from /Users/fionatham/Documents/Projects/vogue_data_pipeline/venv/lib/python3.11/site-packages/airflow/example_dags/example_short_circuit_decorator.py
[2026-01-06T14:08:40.697+1100] {processor.py:840} INFO - DAG(s) 'example_short_circuit_decorator' retrieved from /Users/fionatham/Documents/Projects/vogue_data_pipeline/venv/lib/python3.11/site-packages/airflow/example_dags/example_short_circuit_decorator.py
[2026-01-06T14:08:40.743+1100] {logging_mixin.py:188} INFO - [2026-01-06T14:08:40.743+1100] {dag.py:3089} INFO - Sync 1 DAGs
[2026-01-06T14:08:40.750+1100] {logging_mixin.py:188} INFO - [2026-01-06T14:08:40.750+1100] {dag.py:3947} INFO - Setting next_dagrun for example_short_circuit_decorator to 2026-01-05 00:00:00+00:00, run_after=2026-01-06 00:00:00+00:00
[2026-01-06T14:08:40.759+1100] {processor.py:183} INFO - Processing /Users/fionatham/Documents/Projects/vogue_data_pipeline/venv/lib/python3.11/site-packages/airflow/example_dags/example_short_circuit_decorator.py took 0.083 seconds
[2026-01-06T14:10:42.825+1100] {processor.py:161} INFO - Started process (PID=87793) to work on /Users/fionatham/Documents/Projects/vogue_data_pipeline/venv/lib/python3.11/site-packages/airflow/example_dags/example_short_circuit_decorator.py
[2026-01-06T14:10:42.825+1100] {processor.py:830} INFO - Processing file /Users/fionatham/Documents/Projects/vogue_data_pipeline/venv/lib/python3.11/site-packages/airflow/example_dags/example_short_circuit_decorator.py for tasks to queue
[2026-01-06T14:10:42.826+1100] {logging_mixin.py:188} INFO - [2026-01-06T14:10:42.826+1100] {dagbag.py:545} INFO - Filling up the DagBag from /Users/fionatham/Documents/Projects/vogue_data_pipeline/venv/lib/python3.11/site-packages/airflow/example_dags/example_short_circuit_decorator.py
[2026-01-06T14:10:42.844+1100] {processor.py:840} INFO - DAG(s) 'example_short_circuit_decorator' retrieved from /Users/fionatham/Documents/Projects/vogue_data_pipeline/venv/lib/python3.11/site-packages/airflow/example_dags/example_short_circuit_decorator.py
[2026-01-06T14:10:42.889+1100] {logging_mixin.py:188} INFO - [2026-01-06T14:10:42.889+1100] {dag.py:3089} INFO - Sync 1 DAGs
[2026-01-06T14:10:42.897+1100] {logging_mixin.py:188} INFO - [2026-01-06T14:10:42.896+1100] {dag.py:3947} INFO - Setting next_dagrun for example_short_circuit_decorator to 2026-01-05 00:00:00+00:00, run_after=2026-01-06 00:00:00+00:00
[2026-01-06T14:10:42.905+1100] {processor.py:183} INFO - Processing /Users/fionatham/Documents/Projects/vogue_data_pipeline/venv/lib/python3.11/site-packages/airflow/example_dags/example_short_circuit_decorator.py took 0.082 seconds
[2026-01-06T14:12:39.340+1100] {processor.py:161} INFO - Started process (PID=87942) to work on /Users/fionatham/Documents/Projects/vogue_data_pipeline/venv/lib/python3.11/site-packages/airflow/example_dags/example_short_circuit_decorator.py
[2026-01-06T14:12:39.341+1100] {processor.py:830} INFO - Processing file /Users/fionatham/Documents/Projects/vogue_data_pipeline/venv/lib/python3.11/site-packages/airflow/example_dags/example_short_circuit_decorator.py for tasks to queue
[2026-01-06T14:12:39.341+1100] {logging_mixin.py:188} INFO - [2026-01-06T14:12:39.341+1100] {dagbag.py:545} INFO - Filling up the DagBag from /Users/fionatham/Documents/Projects/vogue_data_pipeline/venv/lib/python3.11/site-packages/airflow/example_dags/example_short_circuit_decorator.py
[2026-01-06T14:12:39.359+1100] {processor.py:840} INFO - DAG(s) 'example_short_circuit_decorator' retrieved from /Users/fionatham/Documents/Projects/vogue_data_pipeline/venv/lib/python3.11/site-packages/airflow/example_dags/example_short_circuit_decorator.py
[2026-01-06T14:12:39.403+1100] {logging_mixin.py:188} INFO - [2026-01-06T14:12:39.403+1100] {dag.py:3089} INFO - Sync 1 DAGs
[2026-01-06T14:12:39.412+1100] {logging_mixin.py:188} INFO - [2026-01-06T14:12:39.412+1100] {dag.py:3947} INFO - Setting next_dagrun for example_short_circuit_decorator to 2026-01-05 00:00:00+00:00, run_after=2026-01-06 00:00:00+00:00
[2026-01-06T14:12:39.420+1100] {processor.py:183} INFO - Processing /Users/fionatham/Documents/Projects/vogue_data_pipeline/venv/lib/python3.11/site-packages/airflow/example_dags/example_short_circuit_decorator.py took 0.081 seconds
[2026-01-06T14:14:48.756+1100] {processor.py:161} INFO - Started process (PID=88635) to work on /Users/fionatham/Documents/Projects/vogue_data_pipeline/venv/lib/python3.11/site-packages/airflow/example_dags/example_short_circuit_decorator.py
[2026-01-06T14:14:48.757+1100] {processor.py:830} INFO - Processing file /Users/fionatham/Documents/Projects/vogue_data_pipeline/venv/lib/python3.11/site-packages/airflow/example_dags/example_short_circuit_decorator.py for tasks to queue
[2026-01-06T14:14:48.758+1100] {logging_mixin.py:188} INFO - [2026-01-06T14:14:48.758+1100] {dagbag.py:545} INFO - Filling up the DagBag from /Users/fionatham/Documents/Projects/vogue_data_pipeline/venv/lib/python3.11/site-packages/airflow/example_dags/example_short_circuit_decorator.py
[2026-01-06T14:14:48.777+1100] {processor.py:840} INFO - DAG(s) 'example_short_circuit_decorator' retrieved from /Users/fionatham/Documents/Projects/vogue_data_pipeline/venv/lib/python3.11/site-packages/airflow/example_dags/example_short_circuit_decorator.py
[2026-01-06T14:14:48.823+1100] {logging_mixin.py:188} INFO - [2026-01-06T14:14:48.822+1100] {dag.py:3089} INFO - Sync 1 DAGs
[2026-01-06T14:14:48.830+1100] {logging_mixin.py:188} INFO - [2026-01-06T14:14:48.829+1100] {dag.py:3947} INFO - Setting next_dagrun for example_short_circuit_decorator to 2026-01-05 00:00:00+00:00, run_after=2026-01-06 00:00:00+00:00
[2026-01-06T14:14:48.837+1100] {processor.py:183} INFO - Processing /Users/fionatham/Documents/Projects/vogue_data_pipeline/venv/lib/python3.11/site-packages/airflow/example_dags/example_short_circuit_decorator.py took 0.082 seconds
[2026-01-06T14:16:41.550+1100] {processor.py:161} INFO - Started process (PID=89265) to work on /Users/fionatham/Documents/Projects/vogue_data_pipeline/venv/lib/python3.11/site-packages/airflow/example_dags/example_short_circuit_decorator.py
[2026-01-06T14:16:41.551+1100] {processor.py:830} INFO - Processing file /Users/fionatham/Documents/Projects/vogue_data_pipeline/venv/lib/python3.11/site-packages/airflow/example_dags/example_short_circuit_decorator.py for tasks to queue
[2026-01-06T14:16:41.551+1100] {logging_mixin.py:188} INFO - [2026-01-06T14:16:41.551+1100] {dagbag.py:545} INFO - Filling up the DagBag from /Users/fionatham/Documents/Projects/vogue_data_pipeline/venv/lib/python3.11/site-packages/airflow/example_dags/example_short_circuit_decorator.py
[2026-01-06T14:16:41.567+1100] {processor.py:840} INFO - DAG(s) 'example_short_circuit_decorator' retrieved from /Users/fionatham/Documents/Projects/vogue_data_pipeline/venv/lib/python3.11/site-packages/airflow/example_dags/example_short_circuit_decorator.py
[2026-01-06T14:16:41.609+1100] {logging_mixin.py:188} INFO - [2026-01-06T14:16:41.609+1100] {dag.py:3089} INFO - Sync 1 DAGs
[2026-01-06T14:16:41.616+1100] {logging_mixin.py:188} INFO - [2026-01-06T14:16:41.616+1100] {dag.py:3947} INFO - Setting next_dagrun for example_short_circuit_decorator to 2026-01-05 00:00:00+00:00, run_after=2026-01-06 00:00:00+00:00
[2026-01-06T14:16:41.623+1100] {processor.py:183} INFO - Processing /Users/fionatham/Documents/Projects/vogue_data_pipeline/venv/lib/python3.11/site-packages/airflow/example_dags/example_short_circuit_decorator.py took 0.074 seconds
[2026-01-06T14:18:38.075+1100] {processor.py:161} INFO - Started process (PID=89743) to work on /Users/fionatham/Documents/Projects/vogue_data_pipeline/venv/lib/python3.11/site-packages/airflow/example_dags/example_short_circuit_decorator.py
[2026-01-06T14:18:38.076+1100] {processor.py:830} INFO - Processing file /Users/fionatham/Documents/Projects/vogue_data_pipeline/venv/lib/python3.11/site-packages/airflow/example_dags/example_short_circuit_decorator.py for tasks to queue
[2026-01-06T14:18:38.076+1100] {logging_mixin.py:188} INFO - [2026-01-06T14:18:38.076+1100] {dagbag.py:545} INFO - Filling up the DagBag from /Users/fionatham/Documents/Projects/vogue_data_pipeline/venv/lib/python3.11/site-packages/airflow/example_dags/example_short_circuit_decorator.py
[2026-01-06T14:18:38.093+1100] {processor.py:840} INFO - DAG(s) 'example_short_circuit_decorator' retrieved from /Users/fionatham/Documents/Projects/vogue_data_pipeline/venv/lib/python3.11/site-packages/airflow/example_dags/example_short_circuit_decorator.py
[2026-01-06T14:18:38.136+1100] {logging_mixin.py:188} INFO - [2026-01-06T14:18:38.136+1100] {dag.py:3089} INFO - Sync 1 DAGs
[2026-01-06T14:18:38.142+1100] {logging_mixin.py:188} INFO - [2026-01-06T14:18:38.142+1100] {dag.py:3947} INFO - Setting next_dagrun for example_short_circuit_decorator to 2026-01-05 00:00:00+00:00, run_after=2026-01-06 00:00:00+00:00
[2026-01-06T14:18:38.149+1100] {processor.py:183} INFO - Processing /Users/fionatham/Documents/Projects/vogue_data_pipeline/venv/lib/python3.11/site-packages/airflow/example_dags/example_short_circuit_decorator.py took 0.076 seconds
[2026-01-06T14:20:41.895+1100] {processor.py:161} INFO - Started process (PID=89993) to work on /Users/fionatham/Documents/Projects/vogue_data_pipeline/venv/lib/python3.11/site-packages/airflow/example_dags/example_short_circuit_decorator.py
[2026-01-06T14:20:41.896+1100] {processor.py:830} INFO - Processing file /Users/fionatham/Documents/Projects/vogue_data_pipeline/venv/lib/python3.11/site-packages/airflow/example_dags/example_short_circuit_decorator.py for tasks to queue
[2026-01-06T14:20:41.896+1100] {logging_mixin.py:188} INFO - [2026-01-06T14:20:41.896+1100] {dagbag.py:545} INFO - Filling up the DagBag from /Users/fionatham/Documents/Projects/vogue_data_pipeline/venv/lib/python3.11/site-packages/airflow/example_dags/example_short_circuit_decorator.py
[2026-01-06T14:20:41.913+1100] {processor.py:840} INFO - DAG(s) 'example_short_circuit_decorator' retrieved from /Users/fionatham/Documents/Projects/vogue_data_pipeline/venv/lib/python3.11/site-packages/airflow/example_dags/example_short_circuit_decorator.py
[2026-01-06T14:20:41.957+1100] {logging_mixin.py:188} INFO - [2026-01-06T14:20:41.956+1100] {dag.py:3089} INFO - Sync 1 DAGs
[2026-01-06T14:20:41.963+1100] {logging_mixin.py:188} INFO - [2026-01-06T14:20:41.963+1100] {dag.py:3947} INFO - Setting next_dagrun for example_short_circuit_decorator to 2026-01-05 00:00:00+00:00, run_after=2026-01-06 00:00:00+00:00
[2026-01-06T14:20:41.970+1100] {processor.py:183} INFO - Processing /Users/fionatham/Documents/Projects/vogue_data_pipeline/venv/lib/python3.11/site-packages/airflow/example_dags/example_short_circuit_decorator.py took 0.076 seconds
[2026-01-06T14:22:41.708+1100] {processor.py:161} INFO - Started process (PID=90084) to work on /Users/fionatham/Documents/Projects/vogue_data_pipeline/venv/lib/python3.11/site-packages/airflow/example_dags/example_short_circuit_decorator.py
[2026-01-06T14:22:41.710+1100] {processor.py:830} INFO - Processing file /Users/fionatham/Documents/Projects/vogue_data_pipeline/venv/lib/python3.11/site-packages/airflow/example_dags/example_short_circuit_decorator.py for tasks to queue
[2026-01-06T14:22:41.710+1100] {logging_mixin.py:188} INFO - [2026-01-06T14:22:41.710+1100] {dagbag.py:545} INFO - Filling up the DagBag from /Users/fionatham/Documents/Projects/vogue_data_pipeline/venv/lib/python3.11/site-packages/airflow/example_dags/example_short_circuit_decorator.py
[2026-01-06T14:22:41.726+1100] {processor.py:840} INFO - DAG(s) 'example_short_circuit_decorator' retrieved from /Users/fionatham/Documents/Projects/vogue_data_pipeline/venv/lib/python3.11/site-packages/airflow/example_dags/example_short_circuit_decorator.py
[2026-01-06T14:22:41.769+1100] {logging_mixin.py:188} INFO - [2026-01-06T14:22:41.769+1100] {dag.py:3089} INFO - Sync 1 DAGs
[2026-01-06T14:22:41.775+1100] {logging_mixin.py:188} INFO - [2026-01-06T14:22:41.775+1100] {dag.py:3947} INFO - Setting next_dagrun for example_short_circuit_decorator to 2026-01-05 00:00:00+00:00, run_after=2026-01-06 00:00:00+00:00
[2026-01-06T14:22:41.782+1100] {processor.py:183} INFO - Processing /Users/fionatham/Documents/Projects/vogue_data_pipeline/venv/lib/python3.11/site-packages/airflow/example_dags/example_short_circuit_decorator.py took 0.075 seconds
[2026-01-06T14:24:28.669+1100] {processor.py:161} INFO - Started process (PID=90174) to work on /Users/fionatham/Documents/Projects/vogue_data_pipeline/venv/lib/python3.11/site-packages/airflow/example_dags/example_short_circuit_decorator.py
[2026-01-06T14:24:28.670+1100] {processor.py:830} INFO - Processing file /Users/fionatham/Documents/Projects/vogue_data_pipeline/venv/lib/python3.11/site-packages/airflow/example_dags/example_short_circuit_decorator.py for tasks to queue
[2026-01-06T14:24:28.670+1100] {logging_mixin.py:188} INFO - [2026-01-06T14:24:28.670+1100] {dagbag.py:545} INFO - Filling up the DagBag from /Users/fionatham/Documents/Projects/vogue_data_pipeline/venv/lib/python3.11/site-packages/airflow/example_dags/example_short_circuit_decorator.py
[2026-01-06T14:24:28.688+1100] {processor.py:840} INFO - DAG(s) 'example_short_circuit_decorator' retrieved from /Users/fionatham/Documents/Projects/vogue_data_pipeline/venv/lib/python3.11/site-packages/airflow/example_dags/example_short_circuit_decorator.py
[2026-01-06T14:24:28.736+1100] {logging_mixin.py:188} INFO - [2026-01-06T14:24:28.736+1100] {dag.py:3089} INFO - Sync 1 DAGs
[2026-01-06T14:24:28.743+1100] {logging_mixin.py:188} INFO - [2026-01-06T14:24:28.743+1100] {dag.py:3947} INFO - Setting next_dagrun for example_short_circuit_decorator to 2026-01-05 00:00:00+00:00, run_after=2026-01-06 00:00:00+00:00
[2026-01-06T14:24:28.751+1100] {processor.py:183} INFO - Processing /Users/fionatham/Documents/Projects/vogue_data_pipeline/venv/lib/python3.11/site-packages/airflow/example_dags/example_short_circuit_decorator.py took 0.083 seconds
[2026-01-06T14:26:20.544+1100] {processor.py:161} INFO - Started process (PID=90467) to work on /Users/fionatham/Documents/Projects/vogue_data_pipeline/venv/lib/python3.11/site-packages/airflow/example_dags/example_short_circuit_decorator.py
[2026-01-06T14:26:20.546+1100] {processor.py:830} INFO - Processing file /Users/fionatham/Documents/Projects/vogue_data_pipeline/venv/lib/python3.11/site-packages/airflow/example_dags/example_short_circuit_decorator.py for tasks to queue
[2026-01-06T14:26:20.546+1100] {logging_mixin.py:188} INFO - [2026-01-06T14:26:20.546+1100] {dagbag.py:545} INFO - Filling up the DagBag from /Users/fionatham/Documents/Projects/vogue_data_pipeline/venv/lib/python3.11/site-packages/airflow/example_dags/example_short_circuit_decorator.py
[2026-01-06T14:26:20.564+1100] {processor.py:840} INFO - DAG(s) 'example_short_circuit_decorator' retrieved from /Users/fionatham/Documents/Projects/vogue_data_pipeline/venv/lib/python3.11/site-packages/airflow/example_dags/example_short_circuit_decorator.py
[2026-01-06T14:26:20.610+1100] {logging_mixin.py:188} INFO - [2026-01-06T14:26:20.610+1100] {dag.py:3089} INFO - Sync 1 DAGs
[2026-01-06T14:26:20.616+1100] {logging_mixin.py:188} INFO - [2026-01-06T14:26:20.616+1100] {dag.py:3947} INFO - Setting next_dagrun for example_short_circuit_decorator to 2026-01-05 00:00:00+00:00, run_after=2026-01-06 00:00:00+00:00
[2026-01-06T14:26:20.624+1100] {processor.py:183} INFO - Processing /Users/fionatham/Documents/Projects/vogue_data_pipeline/venv/lib/python3.11/site-packages/airflow/example_dags/example_short_circuit_decorator.py took 0.080 seconds
[2026-01-06T14:28:18.935+1100] {processor.py:161} INFO - Started process (PID=90798) to work on /Users/fionatham/Documents/Projects/vogue_data_pipeline/venv/lib/python3.11/site-packages/airflow/example_dags/example_short_circuit_decorator.py
[2026-01-06T14:28:18.937+1100] {processor.py:830} INFO - Processing file /Users/fionatham/Documents/Projects/vogue_data_pipeline/venv/lib/python3.11/site-packages/airflow/example_dags/example_short_circuit_decorator.py for tasks to queue
[2026-01-06T14:28:18.937+1100] {logging_mixin.py:188} INFO - [2026-01-06T14:28:18.937+1100] {dagbag.py:545} INFO - Filling up the DagBag from /Users/fionatham/Documents/Projects/vogue_data_pipeline/venv/lib/python3.11/site-packages/airflow/example_dags/example_short_circuit_decorator.py
[2026-01-06T14:28:18.956+1100] {processor.py:840} INFO - DAG(s) 'example_short_circuit_decorator' retrieved from /Users/fionatham/Documents/Projects/vogue_data_pipeline/venv/lib/python3.11/site-packages/airflow/example_dags/example_short_circuit_decorator.py
[2026-01-06T14:28:18.999+1100] {logging_mixin.py:188} INFO - [2026-01-06T14:28:18.999+1100] {dag.py:3089} INFO - Sync 1 DAGs
[2026-01-06T14:28:19.006+1100] {logging_mixin.py:188} INFO - [2026-01-06T14:28:19.006+1100] {dag.py:3947} INFO - Setting next_dagrun for example_short_circuit_decorator to 2026-01-05 00:00:00+00:00, run_after=2026-01-06 00:00:00+00:00
[2026-01-06T14:28:19.013+1100] {processor.py:183} INFO - Processing /Users/fionatham/Documents/Projects/vogue_data_pipeline/venv/lib/python3.11/site-packages/airflow/example_dags/example_short_circuit_decorator.py took 0.079 seconds
[2026-01-06T14:30:23.624+1100] {processor.py:161} INFO - Started process (PID=91545) to work on /Users/fionatham/Documents/Projects/vogue_data_pipeline/venv/lib/python3.11/site-packages/airflow/example_dags/example_short_circuit_decorator.py
[2026-01-06T14:30:23.626+1100] {processor.py:830} INFO - Processing file /Users/fionatham/Documents/Projects/vogue_data_pipeline/venv/lib/python3.11/site-packages/airflow/example_dags/example_short_circuit_decorator.py for tasks to queue
[2026-01-06T14:30:23.626+1100] {logging_mixin.py:188} INFO - [2026-01-06T14:30:23.626+1100] {dagbag.py:545} INFO - Filling up the DagBag from /Users/fionatham/Documents/Projects/vogue_data_pipeline/venv/lib/python3.11/site-packages/airflow/example_dags/example_short_circuit_decorator.py
[2026-01-06T14:30:23.643+1100] {processor.py:840} INFO - DAG(s) 'example_short_circuit_decorator' retrieved from /Users/fionatham/Documents/Projects/vogue_data_pipeline/venv/lib/python3.11/site-packages/airflow/example_dags/example_short_circuit_decorator.py
[2026-01-06T14:30:23.687+1100] {logging_mixin.py:188} INFO - [2026-01-06T14:30:23.686+1100] {dag.py:3089} INFO - Sync 1 DAGs
[2026-01-06T14:30:23.694+1100] {logging_mixin.py:188} INFO - [2026-01-06T14:30:23.693+1100] {dag.py:3947} INFO - Setting next_dagrun for example_short_circuit_decorator to 2026-01-05 00:00:00+00:00, run_after=2026-01-06 00:00:00+00:00
[2026-01-06T14:30:23.701+1100] {processor.py:183} INFO - Processing /Users/fionatham/Documents/Projects/vogue_data_pipeline/venv/lib/python3.11/site-packages/airflow/example_dags/example_short_circuit_decorator.py took 0.078 seconds
[2026-01-06T14:32:20.421+1100] {processor.py:161} INFO - Started process (PID=92094) to work on /Users/fionatham/Documents/Projects/vogue_data_pipeline/venv/lib/python3.11/site-packages/airflow/example_dags/example_short_circuit_decorator.py
[2026-01-06T14:32:20.422+1100] {processor.py:830} INFO - Processing file /Users/fionatham/Documents/Projects/vogue_data_pipeline/venv/lib/python3.11/site-packages/airflow/example_dags/example_short_circuit_decorator.py for tasks to queue
[2026-01-06T14:32:20.423+1100] {logging_mixin.py:188} INFO - [2026-01-06T14:32:20.423+1100] {dagbag.py:545} INFO - Filling up the DagBag from /Users/fionatham/Documents/Projects/vogue_data_pipeline/venv/lib/python3.11/site-packages/airflow/example_dags/example_short_circuit_decorator.py
[2026-01-06T14:32:20.441+1100] {processor.py:840} INFO - DAG(s) 'example_short_circuit_decorator' retrieved from /Users/fionatham/Documents/Projects/vogue_data_pipeline/venv/lib/python3.11/site-packages/airflow/example_dags/example_short_circuit_decorator.py
[2026-01-06T14:32:20.489+1100] {logging_mixin.py:188} INFO - [2026-01-06T14:32:20.488+1100] {dag.py:3089} INFO - Sync 1 DAGs
[2026-01-06T14:32:20.496+1100] {logging_mixin.py:188} INFO - [2026-01-06T14:32:20.496+1100] {dag.py:3947} INFO - Setting next_dagrun for example_short_circuit_decorator to 2026-01-05 00:00:00+00:00, run_after=2026-01-06 00:00:00+00:00
[2026-01-06T14:32:20.505+1100] {processor.py:183} INFO - Processing /Users/fionatham/Documents/Projects/vogue_data_pipeline/venv/lib/python3.11/site-packages/airflow/example_dags/example_short_circuit_decorator.py took 0.085 seconds
[2026-01-06T14:34:15.723+1100] {processor.py:161} INFO - Started process (PID=92318) to work on /Users/fionatham/Documents/Projects/vogue_data_pipeline/venv/lib/python3.11/site-packages/airflow/example_dags/example_short_circuit_decorator.py
[2026-01-06T14:34:15.724+1100] {processor.py:830} INFO - Processing file /Users/fionatham/Documents/Projects/vogue_data_pipeline/venv/lib/python3.11/site-packages/airflow/example_dags/example_short_circuit_decorator.py for tasks to queue
[2026-01-06T14:34:15.725+1100] {logging_mixin.py:188} INFO - [2026-01-06T14:34:15.724+1100] {dagbag.py:545} INFO - Filling up the DagBag from /Users/fionatham/Documents/Projects/vogue_data_pipeline/venv/lib/python3.11/site-packages/airflow/example_dags/example_short_circuit_decorator.py
[2026-01-06T14:34:15.742+1100] {processor.py:840} INFO - DAG(s) 'example_short_circuit_decorator' retrieved from /Users/fionatham/Documents/Projects/vogue_data_pipeline/venv/lib/python3.11/site-packages/airflow/example_dags/example_short_circuit_decorator.py
[2026-01-06T14:34:15.788+1100] {logging_mixin.py:188} INFO - [2026-01-06T14:34:15.788+1100] {dag.py:3089} INFO - Sync 1 DAGs
[2026-01-06T14:34:15.795+1100] {logging_mixin.py:188} INFO - [2026-01-06T14:34:15.795+1100] {dag.py:3947} INFO - Setting next_dagrun for example_short_circuit_decorator to 2026-01-05 00:00:00+00:00, run_after=2026-01-06 00:00:00+00:00
[2026-01-06T14:34:15.803+1100] {processor.py:183} INFO - Processing /Users/fionatham/Documents/Projects/vogue_data_pipeline/venv/lib/python3.11/site-packages/airflow/example_dags/example_short_circuit_decorator.py took 0.081 seconds
[2026-01-06T14:36:15.245+1100] {processor.py:161} INFO - Started process (PID=92573) to work on /Users/fionatham/Documents/Projects/vogue_data_pipeline/venv/lib/python3.11/site-packages/airflow/example_dags/example_short_circuit_decorator.py
[2026-01-06T14:36:15.246+1100] {processor.py:830} INFO - Processing file /Users/fionatham/Documents/Projects/vogue_data_pipeline/venv/lib/python3.11/site-packages/airflow/example_dags/example_short_circuit_decorator.py for tasks to queue
[2026-01-06T14:36:15.247+1100] {logging_mixin.py:188} INFO - [2026-01-06T14:36:15.247+1100] {dagbag.py:545} INFO - Filling up the DagBag from /Users/fionatham/Documents/Projects/vogue_data_pipeline/venv/lib/python3.11/site-packages/airflow/example_dags/example_short_circuit_decorator.py
[2026-01-06T14:36:15.267+1100] {processor.py:840} INFO - DAG(s) 'example_short_circuit_decorator' retrieved from /Users/fionatham/Documents/Projects/vogue_data_pipeline/venv/lib/python3.11/site-packages/airflow/example_dags/example_short_circuit_decorator.py
[2026-01-06T14:36:15.323+1100] {logging_mixin.py:188} INFO - [2026-01-06T14:36:15.322+1100] {dag.py:3089} INFO - Sync 1 DAGs
[2026-01-06T14:36:15.331+1100] {logging_mixin.py:188} INFO - [2026-01-06T14:36:15.331+1100] {dag.py:3947} INFO - Setting next_dagrun for example_short_circuit_decorator to 2026-01-05 00:00:00+00:00, run_after=2026-01-06 00:00:00+00:00
[2026-01-06T14:36:15.341+1100] {processor.py:183} INFO - Processing /Users/fionatham/Documents/Projects/vogue_data_pipeline/venv/lib/python3.11/site-packages/airflow/example_dags/example_short_circuit_decorator.py took 0.098 seconds
[2026-01-06T14:38:18.364+1100] {processor.py:161} INFO - Started process (PID=92829) to work on /Users/fionatham/Documents/Projects/vogue_data_pipeline/venv/lib/python3.11/site-packages/airflow/example_dags/example_short_circuit_decorator.py
[2026-01-06T14:38:18.365+1100] {processor.py:830} INFO - Processing file /Users/fionatham/Documents/Projects/vogue_data_pipeline/venv/lib/python3.11/site-packages/airflow/example_dags/example_short_circuit_decorator.py for tasks to queue
[2026-01-06T14:38:18.365+1100] {logging_mixin.py:188} INFO - [2026-01-06T14:38:18.365+1100] {dagbag.py:545} INFO - Filling up the DagBag from /Users/fionatham/Documents/Projects/vogue_data_pipeline/venv/lib/python3.11/site-packages/airflow/example_dags/example_short_circuit_decorator.py
[2026-01-06T14:38:18.382+1100] {processor.py:840} INFO - DAG(s) 'example_short_circuit_decorator' retrieved from /Users/fionatham/Documents/Projects/vogue_data_pipeline/venv/lib/python3.11/site-packages/airflow/example_dags/example_short_circuit_decorator.py
[2026-01-06T14:38:18.425+1100] {logging_mixin.py:188} INFO - [2026-01-06T14:38:18.425+1100] {dag.py:3089} INFO - Sync 1 DAGs
[2026-01-06T14:38:18.432+1100] {logging_mixin.py:188} INFO - [2026-01-06T14:38:18.432+1100] {dag.py:3947} INFO - Setting next_dagrun for example_short_circuit_decorator to 2026-01-05 00:00:00+00:00, run_after=2026-01-06 00:00:00+00:00
[2026-01-06T14:38:18.439+1100] {processor.py:183} INFO - Processing /Users/fionatham/Documents/Projects/vogue_data_pipeline/venv/lib/python3.11/site-packages/airflow/example_dags/example_short_circuit_decorator.py took 0.077 seconds
[2026-01-06T14:40:14.730+1100] {processor.py:161} INFO - Started process (PID=92925) to work on /Users/fionatham/Documents/Projects/vogue_data_pipeline/venv/lib/python3.11/site-packages/airflow/example_dags/example_short_circuit_decorator.py
[2026-01-06T14:40:14.731+1100] {processor.py:830} INFO - Processing file /Users/fionatham/Documents/Projects/vogue_data_pipeline/venv/lib/python3.11/site-packages/airflow/example_dags/example_short_circuit_decorator.py for tasks to queue
[2026-01-06T14:40:14.731+1100] {logging_mixin.py:188} INFO - [2026-01-06T14:40:14.731+1100] {dagbag.py:545} INFO - Filling up the DagBag from /Users/fionatham/Documents/Projects/vogue_data_pipeline/venv/lib/python3.11/site-packages/airflow/example_dags/example_short_circuit_decorator.py
[2026-01-06T14:40:14.748+1100] {processor.py:840} INFO - DAG(s) 'example_short_circuit_decorator' retrieved from /Users/fionatham/Documents/Projects/vogue_data_pipeline/venv/lib/python3.11/site-packages/airflow/example_dags/example_short_circuit_decorator.py
[2026-01-06T14:40:14.790+1100] {logging_mixin.py:188} INFO - [2026-01-06T14:40:14.790+1100] {dag.py:3089} INFO - Sync 1 DAGs
[2026-01-06T14:40:14.796+1100] {logging_mixin.py:188} INFO - [2026-01-06T14:40:14.796+1100] {dag.py:3947} INFO - Setting next_dagrun for example_short_circuit_decorator to 2026-01-05 00:00:00+00:00, run_after=2026-01-06 00:00:00+00:00
[2026-01-06T14:40:14.803+1100] {processor.py:183} INFO - Processing /Users/fionatham/Documents/Projects/vogue_data_pipeline/venv/lib/python3.11/site-packages/airflow/example_dags/example_short_circuit_decorator.py took 0.075 seconds
[2026-01-06T14:42:06.488+1100] {processor.py:161} INFO - Started process (PID=93000) to work on /Users/fionatham/Documents/Projects/vogue_data_pipeline/venv/lib/python3.11/site-packages/airflow/example_dags/example_short_circuit_decorator.py
[2026-01-06T14:42:06.489+1100] {processor.py:830} INFO - Processing file /Users/fionatham/Documents/Projects/vogue_data_pipeline/venv/lib/python3.11/site-packages/airflow/example_dags/example_short_circuit_decorator.py for tasks to queue
[2026-01-06T14:42:06.490+1100] {logging_mixin.py:188} INFO - [2026-01-06T14:42:06.489+1100] {dagbag.py:545} INFO - Filling up the DagBag from /Users/fionatham/Documents/Projects/vogue_data_pipeline/venv/lib/python3.11/site-packages/airflow/example_dags/example_short_circuit_decorator.py
[2026-01-06T14:42:06.508+1100] {processor.py:840} INFO - DAG(s) 'example_short_circuit_decorator' retrieved from /Users/fionatham/Documents/Projects/vogue_data_pipeline/venv/lib/python3.11/site-packages/airflow/example_dags/example_short_circuit_decorator.py
[2026-01-06T14:42:06.552+1100] {logging_mixin.py:188} INFO - [2026-01-06T14:42:06.552+1100] {dag.py:3089} INFO - Sync 1 DAGs
[2026-01-06T14:42:06.559+1100] {logging_mixin.py:188} INFO - [2026-01-06T14:42:06.559+1100] {dag.py:3947} INFO - Setting next_dagrun for example_short_circuit_decorator to 2026-01-05 00:00:00+00:00, run_after=2026-01-06 00:00:00+00:00
[2026-01-06T14:42:06.566+1100] {processor.py:183} INFO - Processing /Users/fionatham/Documents/Projects/vogue_data_pipeline/venv/lib/python3.11/site-packages/airflow/example_dags/example_short_circuit_decorator.py took 0.079 seconds
[2026-01-06T14:44:02.911+1100] {processor.py:161} INFO - Started process (PID=93083) to work on /Users/fionatham/Documents/Projects/vogue_data_pipeline/venv/lib/python3.11/site-packages/airflow/example_dags/example_short_circuit_decorator.py
[2026-01-06T14:44:02.912+1100] {processor.py:830} INFO - Processing file /Users/fionatham/Documents/Projects/vogue_data_pipeline/venv/lib/python3.11/site-packages/airflow/example_dags/example_short_circuit_decorator.py for tasks to queue
[2026-01-06T14:44:02.912+1100] {logging_mixin.py:188} INFO - [2026-01-06T14:44:02.912+1100] {dagbag.py:545} INFO - Filling up the DagBag from /Users/fionatham/Documents/Projects/vogue_data_pipeline/venv/lib/python3.11/site-packages/airflow/example_dags/example_short_circuit_decorator.py
[2026-01-06T14:44:02.930+1100] {processor.py:840} INFO - DAG(s) 'example_short_circuit_decorator' retrieved from /Users/fionatham/Documents/Projects/vogue_data_pipeline/venv/lib/python3.11/site-packages/airflow/example_dags/example_short_circuit_decorator.py
[2026-01-06T14:44:02.973+1100] {logging_mixin.py:188} INFO - [2026-01-06T14:44:02.973+1100] {dag.py:3089} INFO - Sync 1 DAGs
[2026-01-06T14:44:02.979+1100] {logging_mixin.py:188} INFO - [2026-01-06T14:44:02.979+1100] {dag.py:3947} INFO - Setting next_dagrun for example_short_circuit_decorator to 2026-01-05 00:00:00+00:00, run_after=2026-01-06 00:00:00+00:00
[2026-01-06T14:44:02.986+1100] {processor.py:183} INFO - Processing /Users/fionatham/Documents/Projects/vogue_data_pipeline/venv/lib/python3.11/site-packages/airflow/example_dags/example_short_circuit_decorator.py took 0.077 seconds
[2026-01-06T14:45:59.227+1100] {processor.py:161} INFO - Started process (PID=93164) to work on /Users/fionatham/Documents/Projects/vogue_data_pipeline/venv/lib/python3.11/site-packages/airflow/example_dags/example_short_circuit_decorator.py
[2026-01-06T14:45:59.228+1100] {processor.py:830} INFO - Processing file /Users/fionatham/Documents/Projects/vogue_data_pipeline/venv/lib/python3.11/site-packages/airflow/example_dags/example_short_circuit_decorator.py for tasks to queue
[2026-01-06T14:45:59.228+1100] {logging_mixin.py:188} INFO - [2026-01-06T14:45:59.228+1100] {dagbag.py:545} INFO - Filling up the DagBag from /Users/fionatham/Documents/Projects/vogue_data_pipeline/venv/lib/python3.11/site-packages/airflow/example_dags/example_short_circuit_decorator.py
[2026-01-06T14:45:59.245+1100] {processor.py:840} INFO - DAG(s) 'example_short_circuit_decorator' retrieved from /Users/fionatham/Documents/Projects/vogue_data_pipeline/venv/lib/python3.11/site-packages/airflow/example_dags/example_short_circuit_decorator.py
[2026-01-06T14:45:59.286+1100] {logging_mixin.py:188} INFO - [2026-01-06T14:45:59.286+1100] {dag.py:3089} INFO - Sync 1 DAGs
[2026-01-06T14:45:59.293+1100] {logging_mixin.py:188} INFO - [2026-01-06T14:45:59.293+1100] {dag.py:3947} INFO - Setting next_dagrun for example_short_circuit_decorator to 2026-01-05 00:00:00+00:00, run_after=2026-01-06 00:00:00+00:00
[2026-01-06T14:45:59.300+1100] {processor.py:183} INFO - Processing /Users/fionatham/Documents/Projects/vogue_data_pipeline/venv/lib/python3.11/site-packages/airflow/example_dags/example_short_circuit_decorator.py took 0.075 seconds
[2026-01-06T14:47:55.804+1100] {processor.py:161} INFO - Started process (PID=93246) to work on /Users/fionatham/Documents/Projects/vogue_data_pipeline/venv/lib/python3.11/site-packages/airflow/example_dags/example_short_circuit_decorator.py
[2026-01-06T14:47:55.805+1100] {processor.py:830} INFO - Processing file /Users/fionatham/Documents/Projects/vogue_data_pipeline/venv/lib/python3.11/site-packages/airflow/example_dags/example_short_circuit_decorator.py for tasks to queue
[2026-01-06T14:47:55.805+1100] {logging_mixin.py:188} INFO - [2026-01-06T14:47:55.805+1100] {dagbag.py:545} INFO - Filling up the DagBag from /Users/fionatham/Documents/Projects/vogue_data_pipeline/venv/lib/python3.11/site-packages/airflow/example_dags/example_short_circuit_decorator.py
[2026-01-06T14:47:55.822+1100] {processor.py:840} INFO - DAG(s) 'example_short_circuit_decorator' retrieved from /Users/fionatham/Documents/Projects/vogue_data_pipeline/venv/lib/python3.11/site-packages/airflow/example_dags/example_short_circuit_decorator.py
[2026-01-06T14:47:55.866+1100] {logging_mixin.py:188} INFO - [2026-01-06T14:47:55.866+1100] {dag.py:3089} INFO - Sync 1 DAGs
[2026-01-06T14:47:55.873+1100] {logging_mixin.py:188} INFO - [2026-01-06T14:47:55.872+1100] {dag.py:3947} INFO - Setting next_dagrun for example_short_circuit_decorator to 2026-01-05 00:00:00+00:00, run_after=2026-01-06 00:00:00+00:00
[2026-01-06T14:47:55.880+1100] {processor.py:183} INFO - Processing /Users/fionatham/Documents/Projects/vogue_data_pipeline/venv/lib/python3.11/site-packages/airflow/example_dags/example_short_circuit_decorator.py took 0.077 seconds
[2026-01-06T14:49:57.537+1100] {processor.py:161} INFO - Started process (PID=93351) to work on /Users/fionatham/Documents/Projects/vogue_data_pipeline/venv/lib/python3.11/site-packages/airflow/example_dags/example_short_circuit_decorator.py
[2026-01-06T14:49:57.539+1100] {processor.py:830} INFO - Processing file /Users/fionatham/Documents/Projects/vogue_data_pipeline/venv/lib/python3.11/site-packages/airflow/example_dags/example_short_circuit_decorator.py for tasks to queue
[2026-01-06T14:49:57.539+1100] {logging_mixin.py:188} INFO - [2026-01-06T14:49:57.539+1100] {dagbag.py:545} INFO - Filling up the DagBag from /Users/fionatham/Documents/Projects/vogue_data_pipeline/venv/lib/python3.11/site-packages/airflow/example_dags/example_short_circuit_decorator.py
[2026-01-06T14:49:57.556+1100] {processor.py:840} INFO - DAG(s) 'example_short_circuit_decorator' retrieved from /Users/fionatham/Documents/Projects/vogue_data_pipeline/venv/lib/python3.11/site-packages/airflow/example_dags/example_short_circuit_decorator.py
[2026-01-06T14:49:57.598+1100] {logging_mixin.py:188} INFO - [2026-01-06T14:49:57.598+1100] {dag.py:3089} INFO - Sync 1 DAGs
[2026-01-06T14:49:57.605+1100] {logging_mixin.py:188} INFO - [2026-01-06T14:49:57.605+1100] {dag.py:3947} INFO - Setting next_dagrun for example_short_circuit_decorator to 2026-01-05 00:00:00+00:00, run_after=2026-01-06 00:00:00+00:00
[2026-01-06T14:49:57.612+1100] {processor.py:183} INFO - Processing /Users/fionatham/Documents/Projects/vogue_data_pipeline/venv/lib/python3.11/site-packages/airflow/example_dags/example_short_circuit_decorator.py took 0.076 seconds
[2026-01-06T14:51:47.557+1100] {processor.py:161} INFO - Started process (PID=93449) to work on /Users/fionatham/Documents/Projects/vogue_data_pipeline/venv/lib/python3.11/site-packages/airflow/example_dags/example_short_circuit_decorator.py
[2026-01-06T14:51:47.558+1100] {processor.py:830} INFO - Processing file /Users/fionatham/Documents/Projects/vogue_data_pipeline/venv/lib/python3.11/site-packages/airflow/example_dags/example_short_circuit_decorator.py for tasks to queue
[2026-01-06T14:51:47.558+1100] {logging_mixin.py:188} INFO - [2026-01-06T14:51:47.558+1100] {dagbag.py:545} INFO - Filling up the DagBag from /Users/fionatham/Documents/Projects/vogue_data_pipeline/venv/lib/python3.11/site-packages/airflow/example_dags/example_short_circuit_decorator.py
[2026-01-06T14:51:47.576+1100] {processor.py:840} INFO - DAG(s) 'example_short_circuit_decorator' retrieved from /Users/fionatham/Documents/Projects/vogue_data_pipeline/venv/lib/python3.11/site-packages/airflow/example_dags/example_short_circuit_decorator.py
[2026-01-06T14:51:47.623+1100] {logging_mixin.py:188} INFO - [2026-01-06T14:51:47.623+1100] {dag.py:3089} INFO - Sync 1 DAGs
[2026-01-06T14:51:47.631+1100] {logging_mixin.py:188} INFO - [2026-01-06T14:51:47.630+1100] {dag.py:3947} INFO - Setting next_dagrun for example_short_circuit_decorator to 2026-01-05 00:00:00+00:00, run_after=2026-01-06 00:00:00+00:00
[2026-01-06T14:51:47.640+1100] {processor.py:183} INFO - Processing /Users/fionatham/Documents/Projects/vogue_data_pipeline/venv/lib/python3.11/site-packages/airflow/example_dags/example_short_circuit_decorator.py took 0.084 seconds
[2026-01-06T14:53:42.961+1100] {processor.py:161} INFO - Started process (PID=93591) to work on /Users/fionatham/Documents/Projects/vogue_data_pipeline/venv/lib/python3.11/site-packages/airflow/example_dags/example_short_circuit_decorator.py
[2026-01-06T14:53:42.963+1100] {processor.py:830} INFO - Processing file /Users/fionatham/Documents/Projects/vogue_data_pipeline/venv/lib/python3.11/site-packages/airflow/example_dags/example_short_circuit_decorator.py for tasks to queue
[2026-01-06T14:53:42.963+1100] {logging_mixin.py:188} INFO - [2026-01-06T14:53:42.963+1100] {dagbag.py:545} INFO - Filling up the DagBag from /Users/fionatham/Documents/Projects/vogue_data_pipeline/venv/lib/python3.11/site-packages/airflow/example_dags/example_short_circuit_decorator.py
[2026-01-06T14:53:42.980+1100] {processor.py:840} INFO - DAG(s) 'example_short_circuit_decorator' retrieved from /Users/fionatham/Documents/Projects/vogue_data_pipeline/venv/lib/python3.11/site-packages/airflow/example_dags/example_short_circuit_decorator.py
[2026-01-06T14:53:43.025+1100] {logging_mixin.py:188} INFO - [2026-01-06T14:53:43.024+1100] {dag.py:3089} INFO - Sync 1 DAGs
[2026-01-06T14:53:43.032+1100] {logging_mixin.py:188} INFO - [2026-01-06T14:53:43.032+1100] {dag.py:3947} INFO - Setting next_dagrun for example_short_circuit_decorator to 2026-01-05 00:00:00+00:00, run_after=2026-01-06 00:00:00+00:00
[2026-01-06T14:53:43.050+1100] {processor.py:183} INFO - Processing /Users/fionatham/Documents/Projects/vogue_data_pipeline/venv/lib/python3.11/site-packages/airflow/example_dags/example_short_circuit_decorator.py took 0.090 seconds
[2026-01-06T14:55:40.253+1100] {processor.py:161} INFO - Started process (PID=93756) to work on /Users/fionatham/Documents/Projects/vogue_data_pipeline/venv/lib/python3.11/site-packages/airflow/example_dags/example_short_circuit_decorator.py
[2026-01-06T14:55:40.254+1100] {processor.py:830} INFO - Processing file /Users/fionatham/Documents/Projects/vogue_data_pipeline/venv/lib/python3.11/site-packages/airflow/example_dags/example_short_circuit_decorator.py for tasks to queue
[2026-01-06T14:55:40.255+1100] {logging_mixin.py:188} INFO - [2026-01-06T14:55:40.255+1100] {dagbag.py:545} INFO - Filling up the DagBag from /Users/fionatham/Documents/Projects/vogue_data_pipeline/venv/lib/python3.11/site-packages/airflow/example_dags/example_short_circuit_decorator.py
[2026-01-06T14:55:40.271+1100] {processor.py:840} INFO - DAG(s) 'example_short_circuit_decorator' retrieved from /Users/fionatham/Documents/Projects/vogue_data_pipeline/venv/lib/python3.11/site-packages/airflow/example_dags/example_short_circuit_decorator.py
[2026-01-06T14:55:40.313+1100] {logging_mixin.py:188} INFO - [2026-01-06T14:55:40.313+1100] {dag.py:3089} INFO - Sync 1 DAGs
[2026-01-06T14:55:40.319+1100] {logging_mixin.py:188} INFO - [2026-01-06T14:55:40.319+1100] {dag.py:3947} INFO - Setting next_dagrun for example_short_circuit_decorator to 2026-01-05 00:00:00+00:00, run_after=2026-01-06 00:00:00+00:00
[2026-01-06T14:55:40.328+1100] {processor.py:183} INFO - Processing /Users/fionatham/Documents/Projects/vogue_data_pipeline/venv/lib/python3.11/site-packages/airflow/example_dags/example_short_circuit_decorator.py took 0.076 seconds
[2026-01-06T14:57:39.323+1100] {processor.py:161} INFO - Started process (PID=93865) to work on /Users/fionatham/Documents/Projects/vogue_data_pipeline/venv/lib/python3.11/site-packages/airflow/example_dags/example_short_circuit_decorator.py
[2026-01-06T14:57:39.325+1100] {processor.py:830} INFO - Processing file /Users/fionatham/Documents/Projects/vogue_data_pipeline/venv/lib/python3.11/site-packages/airflow/example_dags/example_short_circuit_decorator.py for tasks to queue
[2026-01-06T14:57:39.325+1100] {logging_mixin.py:188} INFO - [2026-01-06T14:57:39.325+1100] {dagbag.py:545} INFO - Filling up the DagBag from /Users/fionatham/Documents/Projects/vogue_data_pipeline/venv/lib/python3.11/site-packages/airflow/example_dags/example_short_circuit_decorator.py
[2026-01-06T14:57:39.342+1100] {processor.py:840} INFO - DAG(s) 'example_short_circuit_decorator' retrieved from /Users/fionatham/Documents/Projects/vogue_data_pipeline/venv/lib/python3.11/site-packages/airflow/example_dags/example_short_circuit_decorator.py
[2026-01-06T14:57:39.384+1100] {logging_mixin.py:188} INFO - [2026-01-06T14:57:39.383+1100] {dag.py:3089} INFO - Sync 1 DAGs
[2026-01-06T14:57:39.390+1100] {logging_mixin.py:188} INFO - [2026-01-06T14:57:39.390+1100] {dag.py:3947} INFO - Setting next_dagrun for example_short_circuit_decorator to 2026-01-05 00:00:00+00:00, run_after=2026-01-06 00:00:00+00:00
[2026-01-06T14:57:39.397+1100] {processor.py:183} INFO - Processing /Users/fionatham/Documents/Projects/vogue_data_pipeline/venv/lib/python3.11/site-packages/airflow/example_dags/example_short_circuit_decorator.py took 0.076 seconds
[2026-01-06T14:59:37.237+1100] {processor.py:161} INFO - Started process (PID=94039) to work on /Users/fionatham/Documents/Projects/vogue_data_pipeline/venv/lib/python3.11/site-packages/airflow/example_dags/example_short_circuit_decorator.py
[2026-01-06T14:59:37.237+1100] {processor.py:830} INFO - Processing file /Users/fionatham/Documents/Projects/vogue_data_pipeline/venv/lib/python3.11/site-packages/airflow/example_dags/example_short_circuit_decorator.py for tasks to queue
[2026-01-06T14:59:37.238+1100] {logging_mixin.py:188} INFO - [2026-01-06T14:59:37.238+1100] {dagbag.py:545} INFO - Filling up the DagBag from /Users/fionatham/Documents/Projects/vogue_data_pipeline/venv/lib/python3.11/site-packages/airflow/example_dags/example_short_circuit_decorator.py
[2026-01-06T14:59:37.255+1100] {processor.py:840} INFO - DAG(s) 'example_short_circuit_decorator' retrieved from /Users/fionatham/Documents/Projects/vogue_data_pipeline/venv/lib/python3.11/site-packages/airflow/example_dags/example_short_circuit_decorator.py
[2026-01-06T14:59:37.307+1100] {logging_mixin.py:188} INFO - [2026-01-06T14:59:37.307+1100] {dag.py:3089} INFO - Sync 1 DAGs
[2026-01-06T14:59:37.314+1100] {logging_mixin.py:188} INFO - [2026-01-06T14:59:37.314+1100] {dag.py:3947} INFO - Setting next_dagrun for example_short_circuit_decorator to 2026-01-05 00:00:00+00:00, run_after=2026-01-06 00:00:00+00:00
[2026-01-06T14:59:37.322+1100] {processor.py:183} INFO - Processing /Users/fionatham/Documents/Projects/vogue_data_pipeline/venv/lib/python3.11/site-packages/airflow/example_dags/example_short_circuit_decorator.py took 0.086 seconds
[2026-01-06T15:01:36.482+1100] {processor.py:161} INFO - Started process (PID=94179) to work on /Users/fionatham/Documents/Projects/vogue_data_pipeline/venv/lib/python3.11/site-packages/airflow/example_dags/example_short_circuit_decorator.py
[2026-01-06T15:01:36.484+1100] {processor.py:830} INFO - Processing file /Users/fionatham/Documents/Projects/vogue_data_pipeline/venv/lib/python3.11/site-packages/airflow/example_dags/example_short_circuit_decorator.py for tasks to queue
[2026-01-06T15:01:36.484+1100] {logging_mixin.py:188} INFO - [2026-01-06T15:01:36.484+1100] {dagbag.py:545} INFO - Filling up the DagBag from /Users/fionatham/Documents/Projects/vogue_data_pipeline/venv/lib/python3.11/site-packages/airflow/example_dags/example_short_circuit_decorator.py
[2026-01-06T15:01:36.503+1100] {processor.py:840} INFO - DAG(s) 'example_short_circuit_decorator' retrieved from /Users/fionatham/Documents/Projects/vogue_data_pipeline/venv/lib/python3.11/site-packages/airflow/example_dags/example_short_circuit_decorator.py
[2026-01-06T15:01:36.551+1100] {logging_mixin.py:188} INFO - [2026-01-06T15:01:36.551+1100] {dag.py:3089} INFO - Sync 1 DAGs
[2026-01-06T15:01:36.558+1100] {logging_mixin.py:188} INFO - [2026-01-06T15:01:36.557+1100] {dag.py:3947} INFO - Setting next_dagrun for example_short_circuit_decorator to 2026-01-05 00:00:00+00:00, run_after=2026-01-06 00:00:00+00:00
[2026-01-06T15:01:36.566+1100] {processor.py:183} INFO - Processing /Users/fionatham/Documents/Projects/vogue_data_pipeline/venv/lib/python3.11/site-packages/airflow/example_dags/example_short_circuit_decorator.py took 0.085 seconds
[2026-01-06T15:03:37.143+1100] {processor.py:161} INFO - Started process (PID=94512) to work on /Users/fionatham/Documents/Projects/vogue_data_pipeline/venv/lib/python3.11/site-packages/airflow/example_dags/example_short_circuit_decorator.py
[2026-01-06T15:03:37.144+1100] {processor.py:830} INFO - Processing file /Users/fionatham/Documents/Projects/vogue_data_pipeline/venv/lib/python3.11/site-packages/airflow/example_dags/example_short_circuit_decorator.py for tasks to queue
[2026-01-06T15:03:37.144+1100] {logging_mixin.py:188} INFO - [2026-01-06T15:03:37.144+1100] {dagbag.py:545} INFO - Filling up the DagBag from /Users/fionatham/Documents/Projects/vogue_data_pipeline/venv/lib/python3.11/site-packages/airflow/example_dags/example_short_circuit_decorator.py
[2026-01-06T15:03:37.161+1100] {processor.py:840} INFO - DAG(s) 'example_short_circuit_decorator' retrieved from /Users/fionatham/Documents/Projects/vogue_data_pipeline/venv/lib/python3.11/site-packages/airflow/example_dags/example_short_circuit_decorator.py
[2026-01-06T15:03:37.205+1100] {logging_mixin.py:188} INFO - [2026-01-06T15:03:37.205+1100] {dag.py:3089} INFO - Sync 1 DAGs
[2026-01-06T15:03:37.213+1100] {logging_mixin.py:188} INFO - [2026-01-06T15:03:37.212+1100] {dag.py:3947} INFO - Setting next_dagrun for example_short_circuit_decorator to 2026-01-05 00:00:00+00:00, run_after=2026-01-06 00:00:00+00:00
[2026-01-06T15:03:37.220+1100] {processor.py:183} INFO - Processing /Users/fionatham/Documents/Projects/vogue_data_pipeline/venv/lib/python3.11/site-packages/airflow/example_dags/example_short_circuit_decorator.py took 0.078 seconds
[2026-01-06T15:05:35.727+1100] {processor.py:161} INFO - Started process (PID=94619) to work on /Users/fionatham/Documents/Projects/vogue_data_pipeline/venv/lib/python3.11/site-packages/airflow/example_dags/example_short_circuit_decorator.py
[2026-01-06T15:05:35.728+1100] {processor.py:830} INFO - Processing file /Users/fionatham/Documents/Projects/vogue_data_pipeline/venv/lib/python3.11/site-packages/airflow/example_dags/example_short_circuit_decorator.py for tasks to queue
[2026-01-06T15:05:35.728+1100] {logging_mixin.py:188} INFO - [2026-01-06T15:05:35.728+1100] {dagbag.py:545} INFO - Filling up the DagBag from /Users/fionatham/Documents/Projects/vogue_data_pipeline/venv/lib/python3.11/site-packages/airflow/example_dags/example_short_circuit_decorator.py
[2026-01-06T15:05:35.745+1100] {processor.py:840} INFO - DAG(s) 'example_short_circuit_decorator' retrieved from /Users/fionatham/Documents/Projects/vogue_data_pipeline/venv/lib/python3.11/site-packages/airflow/example_dags/example_short_circuit_decorator.py
[2026-01-06T15:05:35.790+1100] {logging_mixin.py:188} INFO - [2026-01-06T15:05:35.790+1100] {dag.py:3089} INFO - Sync 1 DAGs
[2026-01-06T15:05:35.797+1100] {logging_mixin.py:188} INFO - [2026-01-06T15:05:35.797+1100] {dag.py:3947} INFO - Setting next_dagrun for example_short_circuit_decorator to 2026-01-05 00:00:00+00:00, run_after=2026-01-06 00:00:00+00:00
[2026-01-06T15:05:35.805+1100] {processor.py:183} INFO - Processing /Users/fionatham/Documents/Projects/vogue_data_pipeline/venv/lib/python3.11/site-packages/airflow/example_dags/example_short_circuit_decorator.py took 0.079 seconds
[2026-01-06T15:12:38.329+1100] {processor.py:161} INFO - Started process (PID=95258) to work on /Users/fionatham/Documents/Projects/vogue_data_pipeline/venv/lib/python3.11/site-packages/airflow/example_dags/example_short_circuit_decorator.py
[2026-01-06T15:12:38.330+1100] {processor.py:830} INFO - Processing file /Users/fionatham/Documents/Projects/vogue_data_pipeline/venv/lib/python3.11/site-packages/airflow/example_dags/example_short_circuit_decorator.py for tasks to queue
[2026-01-06T15:12:38.330+1100] {logging_mixin.py:188} INFO - [2026-01-06T15:12:38.330+1100] {dagbag.py:545} INFO - Filling up the DagBag from /Users/fionatham/Documents/Projects/vogue_data_pipeline/venv/lib/python3.11/site-packages/airflow/example_dags/example_short_circuit_decorator.py
[2026-01-06T15:12:38.352+1100] {processor.py:840} INFO - DAG(s) 'example_short_circuit_decorator' retrieved from /Users/fionatham/Documents/Projects/vogue_data_pipeline/venv/lib/python3.11/site-packages/airflow/example_dags/example_short_circuit_decorator.py
[2026-01-06T15:12:38.401+1100] {logging_mixin.py:188} INFO - [2026-01-06T15:12:38.400+1100] {dag.py:3089} INFO - Sync 1 DAGs
[2026-01-06T15:12:38.408+1100] {logging_mixin.py:188} INFO - [2026-01-06T15:12:38.408+1100] {dag.py:3947} INFO - Setting next_dagrun for example_short_circuit_decorator to 2026-01-05 00:00:00+00:00, run_after=2026-01-06 00:00:00+00:00
[2026-01-06T15:12:38.416+1100] {processor.py:183} INFO - Processing /Users/fionatham/Documents/Projects/vogue_data_pipeline/venv/lib/python3.11/site-packages/airflow/example_dags/example_short_circuit_decorator.py took 0.090 seconds
[2026-01-06T15:14:10.489+1100] {processor.py:161} INFO - Started process (PID=95375) to work on /Users/fionatham/Documents/Projects/vogue_data_pipeline/venv/lib/python3.11/site-packages/airflow/example_dags/example_short_circuit_decorator.py
[2026-01-06T15:14:10.490+1100] {processor.py:830} INFO - Processing file /Users/fionatham/Documents/Projects/vogue_data_pipeline/venv/lib/python3.11/site-packages/airflow/example_dags/example_short_circuit_decorator.py for tasks to queue
[2026-01-06T15:14:10.490+1100] {logging_mixin.py:188} INFO - [2026-01-06T15:14:10.490+1100] {dagbag.py:545} INFO - Filling up the DagBag from /Users/fionatham/Documents/Projects/vogue_data_pipeline/venv/lib/python3.11/site-packages/airflow/example_dags/example_short_circuit_decorator.py
[2026-01-06T15:14:10.508+1100] {processor.py:840} INFO - DAG(s) 'example_short_circuit_decorator' retrieved from /Users/fionatham/Documents/Projects/vogue_data_pipeline/venv/lib/python3.11/site-packages/airflow/example_dags/example_short_circuit_decorator.py
[2026-01-06T15:14:10.551+1100] {logging_mixin.py:188} INFO - [2026-01-06T15:14:10.551+1100] {dag.py:3089} INFO - Sync 1 DAGs
[2026-01-06T15:14:10.557+1100] {logging_mixin.py:188} INFO - [2026-01-06T15:14:10.557+1100] {dag.py:3947} INFO - Setting next_dagrun for example_short_circuit_decorator to 2026-01-05 00:00:00+00:00, run_after=2026-01-06 00:00:00+00:00
[2026-01-06T15:14:10.564+1100] {processor.py:183} INFO - Processing /Users/fionatham/Documents/Projects/vogue_data_pipeline/venv/lib/python3.11/site-packages/airflow/example_dags/example_short_circuit_decorator.py took 0.077 seconds
[2026-01-06T17:48:34.780+1100] {processor.py:161} INFO - Started process (PID=95579) to work on /Users/fionatham/Documents/Projects/vogue_data_pipeline/venv/lib/python3.11/site-packages/airflow/example_dags/example_short_circuit_decorator.py
[2026-01-06T17:48:34.838+1100] {processor.py:830} INFO - Processing file /Users/fionatham/Documents/Projects/vogue_data_pipeline/venv/lib/python3.11/site-packages/airflow/example_dags/example_short_circuit_decorator.py for tasks to queue
[2026-01-06T17:48:34.838+1100] {logging_mixin.py:188} INFO - [2026-01-06T17:48:34.838+1100] {dagbag.py:545} INFO - Filling up the DagBag from /Users/fionatham/Documents/Projects/vogue_data_pipeline/venv/lib/python3.11/site-packages/airflow/example_dags/example_short_circuit_decorator.py
[2026-01-06T17:48:34.860+1100] {processor.py:840} INFO - DAG(s) 'example_short_circuit_decorator' retrieved from /Users/fionatham/Documents/Projects/vogue_data_pipeline/venv/lib/python3.11/site-packages/airflow/example_dags/example_short_circuit_decorator.py
[2026-01-06T17:48:34.909+1100] {logging_mixin.py:188} INFO - [2026-01-06T17:48:34.908+1100] {dag.py:3089} INFO - Sync 1 DAGs
[2026-01-06T17:48:34.917+1100] {logging_mixin.py:188} INFO - [2026-01-06T17:48:34.917+1100] {dag.py:3947} INFO - Setting next_dagrun for example_short_circuit_decorator to 2026-01-05 00:00:00+00:00, run_after=2026-01-06 00:00:00+00:00
[2026-01-06T17:48:34.925+1100] {processor.py:183} INFO - Processing /Users/fionatham/Documents/Projects/vogue_data_pipeline/venv/lib/python3.11/site-packages/airflow/example_dags/example_short_circuit_decorator.py took 0.148 seconds
[2026-01-06T20:51:26.262+1100] {processor.py:161} INFO - Started process (PID=95717) to work on /Users/fionatham/Documents/Projects/vogue_data_pipeline/venv/lib/python3.11/site-packages/airflow/example_dags/example_short_circuit_decorator.py
[2026-01-06T20:51:26.263+1100] {processor.py:830} INFO - Processing file /Users/fionatham/Documents/Projects/vogue_data_pipeline/venv/lib/python3.11/site-packages/airflow/example_dags/example_short_circuit_decorator.py for tasks to queue
[2026-01-06T20:51:26.264+1100] {logging_mixin.py:188} INFO - [2026-01-06T20:51:26.263+1100] {dagbag.py:545} INFO - Filling up the DagBag from /Users/fionatham/Documents/Projects/vogue_data_pipeline/venv/lib/python3.11/site-packages/airflow/example_dags/example_short_circuit_decorator.py
[2026-01-06T20:51:26.295+1100] {processor.py:840} INFO - DAG(s) 'example_short_circuit_decorator' retrieved from /Users/fionatham/Documents/Projects/vogue_data_pipeline/venv/lib/python3.11/site-packages/airflow/example_dags/example_short_circuit_decorator.py
[2026-01-06T20:51:26.371+1100] {logging_mixin.py:188} INFO - [2026-01-06T20:51:26.370+1100] {dag.py:3089} INFO - Sync 1 DAGs
[2026-01-06T20:51:26.382+1100] {logging_mixin.py:188} INFO - [2026-01-06T20:51:26.381+1100] {dag.py:3947} INFO - Setting next_dagrun for example_short_circuit_decorator to 2026-01-05 00:00:00+00:00, run_after=2026-01-06 00:00:00+00:00
[2026-01-06T20:51:26.394+1100] {processor.py:183} INFO - Processing /Users/fionatham/Documents/Projects/vogue_data_pipeline/venv/lib/python3.11/site-packages/airflow/example_dags/example_short_circuit_decorator.py took 0.134 seconds
[2026-01-06T21:19:29.190+1100] {processor.py:161} INFO - Started process (PID=95834) to work on /Users/fionatham/Documents/Projects/vogue_data_pipeline/venv/lib/python3.11/site-packages/airflow/example_dags/example_short_circuit_decorator.py
[2026-01-06T21:19:29.191+1100] {processor.py:830} INFO - Processing file /Users/fionatham/Documents/Projects/vogue_data_pipeline/venv/lib/python3.11/site-packages/airflow/example_dags/example_short_circuit_decorator.py for tasks to queue
[2026-01-06T21:19:29.191+1100] {logging_mixin.py:188} INFO - [2026-01-06T21:19:29.191+1100] {dagbag.py:545} INFO - Filling up the DagBag from /Users/fionatham/Documents/Projects/vogue_data_pipeline/venv/lib/python3.11/site-packages/airflow/example_dags/example_short_circuit_decorator.py
[2026-01-06T21:19:29.208+1100] {processor.py:840} INFO - DAG(s) 'example_short_circuit_decorator' retrieved from /Users/fionatham/Documents/Projects/vogue_data_pipeline/venv/lib/python3.11/site-packages/airflow/example_dags/example_short_circuit_decorator.py
[2026-01-06T21:19:29.253+1100] {logging_mixin.py:188} INFO - [2026-01-06T21:19:29.253+1100] {dag.py:3089} INFO - Sync 1 DAGs
[2026-01-06T21:19:29.261+1100] {logging_mixin.py:188} INFO - [2026-01-06T21:19:29.261+1100] {dag.py:3947} INFO - Setting next_dagrun for example_short_circuit_decorator to 2026-01-05 00:00:00+00:00, run_after=2026-01-06 00:00:00+00:00
[2026-01-06T21:19:29.268+1100] {processor.py:183} INFO - Processing /Users/fionatham/Documents/Projects/vogue_data_pipeline/venv/lib/python3.11/site-packages/airflow/example_dags/example_short_circuit_decorator.py took 0.079 seconds
[2026-01-06T23:11:18.300+1100] {processor.py:161} INFO - Started process (PID=95976) to work on /Users/fionatham/Documents/Projects/vogue_data_pipeline/venv/lib/python3.11/site-packages/airflow/example_dags/example_short_circuit_decorator.py
[2026-01-06T23:11:18.302+1100] {processor.py:830} INFO - Processing file /Users/fionatham/Documents/Projects/vogue_data_pipeline/venv/lib/python3.11/site-packages/airflow/example_dags/example_short_circuit_decorator.py for tasks to queue
[2026-01-06T23:11:18.302+1100] {logging_mixin.py:188} INFO - [2026-01-06T23:11:18.302+1100] {dagbag.py:545} INFO - Filling up the DagBag from /Users/fionatham/Documents/Projects/vogue_data_pipeline/venv/lib/python3.11/site-packages/airflow/example_dags/example_short_circuit_decorator.py
[2026-01-06T23:11:18.319+1100] {processor.py:840} INFO - DAG(s) 'example_short_circuit_decorator' retrieved from /Users/fionatham/Documents/Projects/vogue_data_pipeline/venv/lib/python3.11/site-packages/airflow/example_dags/example_short_circuit_decorator.py
[2026-01-06T23:11:18.362+1100] {logging_mixin.py:188} INFO - [2026-01-06T23:11:18.362+1100] {dag.py:3089} INFO - Sync 1 DAGs
[2026-01-06T23:11:18.369+1100] {logging_mixin.py:188} INFO - [2026-01-06T23:11:18.369+1100] {dag.py:3947} INFO - Setting next_dagrun for example_short_circuit_decorator to 2026-01-05 00:00:00+00:00, run_after=2026-01-06 00:00:00+00:00
[2026-01-06T23:11:18.375+1100] {processor.py:183} INFO - Processing /Users/fionatham/Documents/Projects/vogue_data_pipeline/venv/lib/python3.11/site-packages/airflow/example_dags/example_short_circuit_decorator.py took 0.077 seconds
