[2026-01-06T14:02:30.398+1100] {local_task_job_runner.py:120} INFO - ::group::Pre task execution logs
[2026-01-06T14:02:30.410+1100] {taskinstance.py:2076} INFO - Dependencies all met for dep_context=non-requeueable deps ti=<TaskInstance: vogue_ai_data_etl.scrape_images scheduled__2026-01-03T00:00:00+00:00 [queued]>
[2026-01-06T14:02:30.413+1100] {taskinstance.py:2076} INFO - Dependencies all met for dep_context=requeueable deps ti=<TaskInstance: vogue_ai_data_etl.scrape_images scheduled__2026-01-03T00:00:00+00:00 [queued]>
[2026-01-06T14:02:30.413+1100] {taskinstance.py:2306} INFO - Starting attempt 1 of 1
[2026-01-06T14:02:30.417+1100] {taskinstance.py:2330} INFO - Executing <Task(BashOperator): scrape_images> on 2026-01-03 00:00:00+00:00
[2026-01-06T14:02:30.420+1100] {standard_task_runner.py:64} INFO - Started process 87134 to run task
[2026-01-06T14:02:30.423+1100] {standard_task_runner.py:90} INFO - Running: ['airflow', 'tasks', 'run', 'vogue_ai_data_etl', 'scrape_images', 'scheduled__2026-01-03T00:00:00+00:00', '--job-id', '30', '--raw', '--subdir', 'DAGS_FOLDER/vogue_etl_dag.py', '--cfg-path', '/var/folders/hl/t69nqzgn30d410985yz_fxq40000gn/T/tmp9yr6m8zp']
[2026-01-06T14:02:30.424+1100] {standard_task_runner.py:91} INFO - Job 30: Subtask scrape_images
[2026-01-06T14:02:30.447+1100] {task_command.py:426} INFO - Running <TaskInstance: vogue_ai_data_etl.scrape_images scheduled__2026-01-03T00:00:00+00:00 [running]> on host fionas-macbook-pro.local
[2026-01-06T14:02:30.470+1100] {taskinstance.py:2648} INFO - Exporting env vars: AIRFLOW_CTX_DAG_OWNER='airflow' AIRFLOW_CTX_DAG_ID='vogue_ai_data_etl' AIRFLOW_CTX_TASK_ID='scrape_images' AIRFLOW_CTX_EXECUTION_DATE='2026-01-03T00:00:00+00:00' AIRFLOW_CTX_TRY_NUMBER='1' AIRFLOW_CTX_DAG_RUN_ID='scheduled__2026-01-03T00:00:00+00:00'
[2026-01-06T14:02:30.471+1100] {taskinstance.py:430} INFO - ::endgroup::
[2026-01-06T14:02:30.472+1100] {subprocess.py:63} INFO - Tmp dir root location: /var/folders/hl/t69nqzgn30d410985yz_fxq40000gn/T
[2026-01-06T14:02:30.472+1100] {subprocess.py:75} INFO - Running command: ['/bin/bash', '-c', 'python3 /opt/airflow/dags/scripts/hello_world.py']
[2026-01-06T14:02:30.476+1100] {subprocess.py:86} INFO - Output:
[2026-01-06T14:02:30.491+1100] {subprocess.py:93} INFO - python3: can't open file '/opt/airflow/dags/scripts/hello_world.py': [Errno 2] No such file or directory
[2026-01-06T14:02:30.492+1100] {subprocess.py:97} INFO - Command exited with return code 2
[2026-01-06T14:02:30.493+1100] {taskinstance.py:441} INFO - ::group::Post task execution logs
[2026-01-06T14:02:30.497+1100] {taskinstance.py:2905} ERROR - Task failed with exception
Traceback (most recent call last):
  File "/Users/fionatham/Documents/Projects/vogue_data_pipeline/venv/lib/python3.11/site-packages/airflow/models/taskinstance.py", line 465, in _execute_task
    result = _execute_callable(context=context, **execute_callable_kwargs)
             ^^^^^^^^^^^^^^^^^^^^^^^^^^^^^^^^^^^^^^^^^^^^^^^^^^^^^^^^^^^^^
  File "/Users/fionatham/Documents/Projects/vogue_data_pipeline/venv/lib/python3.11/site-packages/airflow/models/taskinstance.py", line 432, in _execute_callable
    return execute_callable(context=context, **execute_callable_kwargs)
           ^^^^^^^^^^^^^^^^^^^^^^^^^^^^^^^^^^^^^^^^^^^^^^^^^^^^^^^^^^^^
  File "/Users/fionatham/Documents/Projects/vogue_data_pipeline/venv/lib/python3.11/site-packages/airflow/models/baseoperator.py", line 401, in wrapper
    return func(self, *args, **kwargs)
           ^^^^^^^^^^^^^^^^^^^^^^^^^^^
  File "/Users/fionatham/Documents/Projects/vogue_data_pipeline/venv/lib/python3.11/site-packages/airflow/operators/bash.py", line 243, in execute
    raise AirflowException(
airflow.exceptions.AirflowException: Bash command failed. The command returned a non-zero exit code 2.
[2026-01-06T14:02:30.499+1100] {taskinstance.py:1206} INFO - Marking task as FAILED. dag_id=vogue_ai_data_etl, task_id=scrape_images, run_id=scheduled__2026-01-03T00:00:00+00:00, execution_date=20260103T000000, start_date=20260106T030230, end_date=20260106T030230
[2026-01-06T14:02:30.503+1100] {standard_task_runner.py:110} ERROR - Failed to execute job 30 for task scrape_images (Bash command failed. The command returned a non-zero exit code 2.; 87134)
[2026-01-06T14:02:30.528+1100] {local_task_job_runner.py:243} INFO - Task exited with return code 1
[2026-01-06T14:02:30.534+1100] {taskinstance.py:3503} INFO - 0 downstream tasks scheduled from follow-on schedule check
[2026-01-06T14:02:30.535+1100] {local_task_job_runner.py:222} INFO - ::endgroup::
