[2026-01-06T13:51:24.595+1100] {processor.py:161} INFO - Started process (PID=83703) to work on /Users/fionatham/Documents/Projects/vogue_data_pipeline/venv/lib/python3.11/site-packages/airflow/example_dags/plugins/event_listener.py
[2026-01-06T13:51:24.595+1100] {processor.py:830} INFO - Processing file /Users/fionatham/Documents/Projects/vogue_data_pipeline/venv/lib/python3.11/site-packages/airflow/example_dags/plugins/event_listener.py for tasks to queue
[2026-01-06T13:51:24.595+1100] {logging_mixin.py:188} INFO - [2026-01-06T13:51:24.595+1100] {dagbag.py:545} INFO - Filling up the DagBag from /Users/fionatham/Documents/Projects/vogue_data_pipeline/venv/lib/python3.11/site-packages/airflow/example_dags/plugins/event_listener.py
[2026-01-06T13:51:24.596+1100] {processor.py:842} WARNING - No viable dags retrieved from /Users/fionatham/Documents/Projects/vogue_data_pipeline/venv/lib/python3.11/site-packages/airflow/example_dags/plugins/event_listener.py
[2026-01-06T13:51:24.631+1100] {processor.py:183} INFO - Processing /Users/fionatham/Documents/Projects/vogue_data_pipeline/venv/lib/python3.11/site-packages/airflow/example_dags/plugins/event_listener.py took 0.038 seconds
[2026-01-06T13:56:37.803+1100] {processor.py:161} INFO - Started process (PID=85236) to work on /Users/fionatham/Documents/Projects/vogue_data_pipeline/venv/lib/python3.11/site-packages/airflow/example_dags/plugins/event_listener.py
[2026-01-06T13:56:37.804+1100] {processor.py:830} INFO - Processing file /Users/fionatham/Documents/Projects/vogue_data_pipeline/venv/lib/python3.11/site-packages/airflow/example_dags/plugins/event_listener.py for tasks to queue
[2026-01-06T13:56:37.804+1100] {logging_mixin.py:188} INFO - [2026-01-06T13:56:37.804+1100] {dagbag.py:545} INFO - Filling up the DagBag from /Users/fionatham/Documents/Projects/vogue_data_pipeline/venv/lib/python3.11/site-packages/airflow/example_dags/plugins/event_listener.py
[2026-01-06T13:56:37.805+1100] {processor.py:842} WARNING - No viable dags retrieved from /Users/fionatham/Documents/Projects/vogue_data_pipeline/venv/lib/python3.11/site-packages/airflow/example_dags/plugins/event_listener.py
[2026-01-06T13:56:37.837+1100] {processor.py:183} INFO - Processing /Users/fionatham/Documents/Projects/vogue_data_pipeline/venv/lib/python3.11/site-packages/airflow/example_dags/plugins/event_listener.py took 0.035 seconds
[2026-01-06T13:58:11.023+1100] {processor.py:161} INFO - Started process (PID=85465) to work on /Users/fionatham/Documents/Projects/vogue_data_pipeline/venv/lib/python3.11/site-packages/airflow/example_dags/plugins/event_listener.py
[2026-01-06T13:58:11.024+1100] {processor.py:830} INFO - Processing file /Users/fionatham/Documents/Projects/vogue_data_pipeline/venv/lib/python3.11/site-packages/airflow/example_dags/plugins/event_listener.py for tasks to queue
[2026-01-06T13:58:11.025+1100] {logging_mixin.py:188} INFO - [2026-01-06T13:58:11.025+1100] {dagbag.py:545} INFO - Filling up the DagBag from /Users/fionatham/Documents/Projects/vogue_data_pipeline/venv/lib/python3.11/site-packages/airflow/example_dags/plugins/event_listener.py
[2026-01-06T13:58:11.025+1100] {processor.py:842} WARNING - No viable dags retrieved from /Users/fionatham/Documents/Projects/vogue_data_pipeline/venv/lib/python3.11/site-packages/airflow/example_dags/plugins/event_listener.py
[2026-01-06T13:58:11.058+1100] {processor.py:183} INFO - Processing /Users/fionatham/Documents/Projects/vogue_data_pipeline/venv/lib/python3.11/site-packages/airflow/example_dags/plugins/event_listener.py took 0.036 seconds
[2026-01-06T13:59:10.600+1100] {processor.py:161} INFO - Started process (PID=86697) to work on /Users/fionatham/Documents/Projects/vogue_data_pipeline/venv/lib/python3.11/site-packages/airflow/example_dags/plugins/event_listener.py
[2026-01-06T13:59:10.601+1100] {processor.py:830} INFO - Processing file /Users/fionatham/Documents/Projects/vogue_data_pipeline/venv/lib/python3.11/site-packages/airflow/example_dags/plugins/event_listener.py for tasks to queue
[2026-01-06T13:59:10.601+1100] {logging_mixin.py:188} INFO - [2026-01-06T13:59:10.601+1100] {dagbag.py:545} INFO - Filling up the DagBag from /Users/fionatham/Documents/Projects/vogue_data_pipeline/venv/lib/python3.11/site-packages/airflow/example_dags/plugins/event_listener.py
[2026-01-06T13:59:10.604+1100] {processor.py:842} WARNING - No viable dags retrieved from /Users/fionatham/Documents/Projects/vogue_data_pipeline/venv/lib/python3.11/site-packages/airflow/example_dags/plugins/event_listener.py
[2026-01-06T13:59:10.637+1100] {processor.py:183} INFO - Processing /Users/fionatham/Documents/Projects/vogue_data_pipeline/venv/lib/python3.11/site-packages/airflow/example_dags/plugins/event_listener.py took 0.039 seconds
[2026-01-06T14:00:10.549+1100] {processor.py:161} INFO - Started process (PID=86845) to work on /Users/fionatham/Documents/Projects/vogue_data_pipeline/venv/lib/python3.11/site-packages/airflow/example_dags/plugins/event_listener.py
[2026-01-06T14:00:10.551+1100] {processor.py:830} INFO - Processing file /Users/fionatham/Documents/Projects/vogue_data_pipeline/venv/lib/python3.11/site-packages/airflow/example_dags/plugins/event_listener.py for tasks to queue
[2026-01-06T14:00:10.551+1100] {logging_mixin.py:188} INFO - [2026-01-06T14:00:10.551+1100] {dagbag.py:545} INFO - Filling up the DagBag from /Users/fionatham/Documents/Projects/vogue_data_pipeline/venv/lib/python3.11/site-packages/airflow/example_dags/plugins/event_listener.py
[2026-01-06T14:00:10.551+1100] {processor.py:842} WARNING - No viable dags retrieved from /Users/fionatham/Documents/Projects/vogue_data_pipeline/venv/lib/python3.11/site-packages/airflow/example_dags/plugins/event_listener.py
[2026-01-06T14:00:10.584+1100] {processor.py:183} INFO - Processing /Users/fionatham/Documents/Projects/vogue_data_pipeline/venv/lib/python3.11/site-packages/airflow/example_dags/plugins/event_listener.py took 0.036 seconds
[2026-01-06T14:01:10.753+1100] {processor.py:161} INFO - Started process (PID=87013) to work on /Users/fionatham/Documents/Projects/vogue_data_pipeline/venv/lib/python3.11/site-packages/airflow/example_dags/plugins/event_listener.py
[2026-01-06T14:01:10.754+1100] {processor.py:830} INFO - Processing file /Users/fionatham/Documents/Projects/vogue_data_pipeline/venv/lib/python3.11/site-packages/airflow/example_dags/plugins/event_listener.py for tasks to queue
[2026-01-06T14:01:10.754+1100] {logging_mixin.py:188} INFO - [2026-01-06T14:01:10.754+1100] {dagbag.py:545} INFO - Filling up the DagBag from /Users/fionatham/Documents/Projects/vogue_data_pipeline/venv/lib/python3.11/site-packages/airflow/example_dags/plugins/event_listener.py
[2026-01-06T14:01:10.755+1100] {processor.py:842} WARNING - No viable dags retrieved from /Users/fionatham/Documents/Projects/vogue_data_pipeline/venv/lib/python3.11/site-packages/airflow/example_dags/plugins/event_listener.py
[2026-01-06T14:01:10.787+1100] {processor.py:183} INFO - Processing /Users/fionatham/Documents/Projects/vogue_data_pipeline/venv/lib/python3.11/site-packages/airflow/example_dags/plugins/event_listener.py took 0.036 seconds
[2026-01-06T14:02:12.139+1100] {processor.py:161} INFO - Started process (PID=87095) to work on /Users/fionatham/Documents/Projects/vogue_data_pipeline/venv/lib/python3.11/site-packages/airflow/example_dags/plugins/event_listener.py
[2026-01-06T14:02:12.140+1100] {processor.py:830} INFO - Processing file /Users/fionatham/Documents/Projects/vogue_data_pipeline/venv/lib/python3.11/site-packages/airflow/example_dags/plugins/event_listener.py for tasks to queue
[2026-01-06T14:02:12.140+1100] {logging_mixin.py:188} INFO - [2026-01-06T14:02:12.140+1100] {dagbag.py:545} INFO - Filling up the DagBag from /Users/fionatham/Documents/Projects/vogue_data_pipeline/venv/lib/python3.11/site-packages/airflow/example_dags/plugins/event_listener.py
[2026-01-06T14:02:12.141+1100] {processor.py:842} WARNING - No viable dags retrieved from /Users/fionatham/Documents/Projects/vogue_data_pipeline/venv/lib/python3.11/site-packages/airflow/example_dags/plugins/event_listener.py
[2026-01-06T14:02:12.170+1100] {processor.py:183} INFO - Processing /Users/fionatham/Documents/Projects/vogue_data_pipeline/venv/lib/python3.11/site-packages/airflow/example_dags/plugins/event_listener.py took 0.033 seconds
[2026-01-06T14:03:14.576+1100] {processor.py:161} INFO - Started process (PID=87191) to work on /Users/fionatham/Documents/Projects/vogue_data_pipeline/venv/lib/python3.11/site-packages/airflow/example_dags/plugins/event_listener.py
[2026-01-06T14:03:14.577+1100] {processor.py:830} INFO - Processing file /Users/fionatham/Documents/Projects/vogue_data_pipeline/venv/lib/python3.11/site-packages/airflow/example_dags/plugins/event_listener.py for tasks to queue
[2026-01-06T14:03:14.578+1100] {logging_mixin.py:188} INFO - [2026-01-06T14:03:14.577+1100] {dagbag.py:545} INFO - Filling up the DagBag from /Users/fionatham/Documents/Projects/vogue_data_pipeline/venv/lib/python3.11/site-packages/airflow/example_dags/plugins/event_listener.py
[2026-01-06T14:03:14.578+1100] {processor.py:842} WARNING - No viable dags retrieved from /Users/fionatham/Documents/Projects/vogue_data_pipeline/venv/lib/python3.11/site-packages/airflow/example_dags/plugins/event_listener.py
[2026-01-06T14:03:14.609+1100] {processor.py:183} INFO - Processing /Users/fionatham/Documents/Projects/vogue_data_pipeline/venv/lib/python3.11/site-packages/airflow/example_dags/plugins/event_listener.py took 0.035 seconds
[2026-01-06T14:04:15.024+1100] {processor.py:161} INFO - Started process (PID=87249) to work on /Users/fionatham/Documents/Projects/vogue_data_pipeline/venv/lib/python3.11/site-packages/airflow/example_dags/plugins/event_listener.py
[2026-01-06T14:04:15.025+1100] {processor.py:830} INFO - Processing file /Users/fionatham/Documents/Projects/vogue_data_pipeline/venv/lib/python3.11/site-packages/airflow/example_dags/plugins/event_listener.py for tasks to queue
[2026-01-06T14:04:15.025+1100] {logging_mixin.py:188} INFO - [2026-01-06T14:04:15.025+1100] {dagbag.py:545} INFO - Filling up the DagBag from /Users/fionatham/Documents/Projects/vogue_data_pipeline/venv/lib/python3.11/site-packages/airflow/example_dags/plugins/event_listener.py
[2026-01-06T14:04:15.026+1100] {processor.py:842} WARNING - No viable dags retrieved from /Users/fionatham/Documents/Projects/vogue_data_pipeline/venv/lib/python3.11/site-packages/airflow/example_dags/plugins/event_listener.py
[2026-01-06T14:04:15.057+1100] {processor.py:183} INFO - Processing /Users/fionatham/Documents/Projects/vogue_data_pipeline/venv/lib/python3.11/site-packages/airflow/example_dags/plugins/event_listener.py took 0.035 seconds
[2026-01-06T14:05:15.266+1100] {processor.py:161} INFO - Started process (PID=87381) to work on /Users/fionatham/Documents/Projects/vogue_data_pipeline/venv/lib/python3.11/site-packages/airflow/example_dags/plugins/event_listener.py
[2026-01-06T14:05:15.266+1100] {processor.py:830} INFO - Processing file /Users/fionatham/Documents/Projects/vogue_data_pipeline/venv/lib/python3.11/site-packages/airflow/example_dags/plugins/event_listener.py for tasks to queue
[2026-01-06T14:05:15.266+1100] {logging_mixin.py:188} INFO - [2026-01-06T14:05:15.266+1100] {dagbag.py:545} INFO - Filling up the DagBag from /Users/fionatham/Documents/Projects/vogue_data_pipeline/venv/lib/python3.11/site-packages/airflow/example_dags/plugins/event_listener.py
[2026-01-06T14:05:15.267+1100] {processor.py:842} WARNING - No viable dags retrieved from /Users/fionatham/Documents/Projects/vogue_data_pipeline/venv/lib/python3.11/site-packages/airflow/example_dags/plugins/event_listener.py
[2026-01-06T14:05:15.299+1100] {processor.py:183} INFO - Processing /Users/fionatham/Documents/Projects/vogue_data_pipeline/venv/lib/python3.11/site-packages/airflow/example_dags/plugins/event_listener.py took 0.034 seconds
[2026-01-06T14:06:14.752+1100] {processor.py:161} INFO - Started process (PID=87484) to work on /Users/fionatham/Documents/Projects/vogue_data_pipeline/venv/lib/python3.11/site-packages/airflow/example_dags/plugins/event_listener.py
[2026-01-06T14:06:14.753+1100] {processor.py:830} INFO - Processing file /Users/fionatham/Documents/Projects/vogue_data_pipeline/venv/lib/python3.11/site-packages/airflow/example_dags/plugins/event_listener.py for tasks to queue
[2026-01-06T14:06:14.754+1100] {logging_mixin.py:188} INFO - [2026-01-06T14:06:14.753+1100] {dagbag.py:545} INFO - Filling up the DagBag from /Users/fionatham/Documents/Projects/vogue_data_pipeline/venv/lib/python3.11/site-packages/airflow/example_dags/plugins/event_listener.py
[2026-01-06T14:06:14.754+1100] {processor.py:842} WARNING - No viable dags retrieved from /Users/fionatham/Documents/Projects/vogue_data_pipeline/venv/lib/python3.11/site-packages/airflow/example_dags/plugins/event_listener.py
[2026-01-06T14:06:14.787+1100] {processor.py:183} INFO - Processing /Users/fionatham/Documents/Projects/vogue_data_pipeline/venv/lib/python3.11/site-packages/airflow/example_dags/plugins/event_listener.py took 0.037 seconds
[2026-01-06T14:07:16.111+1100] {processor.py:161} INFO - Started process (PID=87593) to work on /Users/fionatham/Documents/Projects/vogue_data_pipeline/venv/lib/python3.11/site-packages/airflow/example_dags/plugins/event_listener.py
[2026-01-06T14:07:16.112+1100] {processor.py:830} INFO - Processing file /Users/fionatham/Documents/Projects/vogue_data_pipeline/venv/lib/python3.11/site-packages/airflow/example_dags/plugins/event_listener.py for tasks to queue
[2026-01-06T14:07:16.112+1100] {logging_mixin.py:188} INFO - [2026-01-06T14:07:16.112+1100] {dagbag.py:545} INFO - Filling up the DagBag from /Users/fionatham/Documents/Projects/vogue_data_pipeline/venv/lib/python3.11/site-packages/airflow/example_dags/plugins/event_listener.py
[2026-01-06T14:07:16.113+1100] {processor.py:842} WARNING - No viable dags retrieved from /Users/fionatham/Documents/Projects/vogue_data_pipeline/venv/lib/python3.11/site-packages/airflow/example_dags/plugins/event_listener.py
[2026-01-06T14:07:16.145+1100] {processor.py:183} INFO - Processing /Users/fionatham/Documents/Projects/vogue_data_pipeline/venv/lib/python3.11/site-packages/airflow/example_dags/plugins/event_listener.py took 0.036 seconds
[2026-01-06T14:08:15.775+1100] {processor.py:161} INFO - Started process (PID=87655) to work on /Users/fionatham/Documents/Projects/vogue_data_pipeline/venv/lib/python3.11/site-packages/airflow/example_dags/plugins/event_listener.py
[2026-01-06T14:08:15.775+1100] {processor.py:830} INFO - Processing file /Users/fionatham/Documents/Projects/vogue_data_pipeline/venv/lib/python3.11/site-packages/airflow/example_dags/plugins/event_listener.py for tasks to queue
[2026-01-06T14:08:15.776+1100] {logging_mixin.py:188} INFO - [2026-01-06T14:08:15.776+1100] {dagbag.py:545} INFO - Filling up the DagBag from /Users/fionatham/Documents/Projects/vogue_data_pipeline/venv/lib/python3.11/site-packages/airflow/example_dags/plugins/event_listener.py
[2026-01-06T14:08:15.776+1100] {processor.py:842} WARNING - No viable dags retrieved from /Users/fionatham/Documents/Projects/vogue_data_pipeline/venv/lib/python3.11/site-packages/airflow/example_dags/plugins/event_listener.py
[2026-01-06T14:08:15.809+1100] {processor.py:183} INFO - Processing /Users/fionatham/Documents/Projects/vogue_data_pipeline/venv/lib/python3.11/site-packages/airflow/example_dags/plugins/event_listener.py took 0.036 seconds
[2026-01-06T14:09:12.712+1100] {processor.py:161} INFO - Started process (PID=87696) to work on /Users/fionatham/Documents/Projects/vogue_data_pipeline/venv/lib/python3.11/site-packages/airflow/example_dags/plugins/event_listener.py
[2026-01-06T14:09:12.713+1100] {processor.py:830} INFO - Processing file /Users/fionatham/Documents/Projects/vogue_data_pipeline/venv/lib/python3.11/site-packages/airflow/example_dags/plugins/event_listener.py for tasks to queue
[2026-01-06T14:09:12.713+1100] {logging_mixin.py:188} INFO - [2026-01-06T14:09:12.713+1100] {dagbag.py:545} INFO - Filling up the DagBag from /Users/fionatham/Documents/Projects/vogue_data_pipeline/venv/lib/python3.11/site-packages/airflow/example_dags/plugins/event_listener.py
[2026-01-06T14:09:12.714+1100] {processor.py:842} WARNING - No viable dags retrieved from /Users/fionatham/Documents/Projects/vogue_data_pipeline/venv/lib/python3.11/site-packages/airflow/example_dags/plugins/event_listener.py
[2026-01-06T14:09:12.745+1100] {processor.py:183} INFO - Processing /Users/fionatham/Documents/Projects/vogue_data_pipeline/venv/lib/python3.11/site-packages/airflow/example_dags/plugins/event_listener.py took 0.034 seconds
[2026-01-06T14:10:13.754+1100] {processor.py:161} INFO - Started process (PID=87767) to work on /Users/fionatham/Documents/Projects/vogue_data_pipeline/venv/lib/python3.11/site-packages/airflow/example_dags/plugins/event_listener.py
[2026-01-06T14:10:13.755+1100] {processor.py:830} INFO - Processing file /Users/fionatham/Documents/Projects/vogue_data_pipeline/venv/lib/python3.11/site-packages/airflow/example_dags/plugins/event_listener.py for tasks to queue
[2026-01-06T14:10:13.756+1100] {logging_mixin.py:188} INFO - [2026-01-06T14:10:13.756+1100] {dagbag.py:545} INFO - Filling up the DagBag from /Users/fionatham/Documents/Projects/vogue_data_pipeline/venv/lib/python3.11/site-packages/airflow/example_dags/plugins/event_listener.py
[2026-01-06T14:10:13.756+1100] {processor.py:842} WARNING - No viable dags retrieved from /Users/fionatham/Documents/Projects/vogue_data_pipeline/venv/lib/python3.11/site-packages/airflow/example_dags/plugins/event_listener.py
[2026-01-06T14:10:13.788+1100] {processor.py:183} INFO - Processing /Users/fionatham/Documents/Projects/vogue_data_pipeline/venv/lib/python3.11/site-packages/airflow/example_dags/plugins/event_listener.py took 0.035 seconds
[2026-01-06T14:11:13.527+1100] {processor.py:161} INFO - Started process (PID=87834) to work on /Users/fionatham/Documents/Projects/vogue_data_pipeline/venv/lib/python3.11/site-packages/airflow/example_dags/plugins/event_listener.py
[2026-01-06T14:11:13.529+1100] {processor.py:830} INFO - Processing file /Users/fionatham/Documents/Projects/vogue_data_pipeline/venv/lib/python3.11/site-packages/airflow/example_dags/plugins/event_listener.py for tasks to queue
[2026-01-06T14:11:13.529+1100] {logging_mixin.py:188} INFO - [2026-01-06T14:11:13.529+1100] {dagbag.py:545} INFO - Filling up the DagBag from /Users/fionatham/Documents/Projects/vogue_data_pipeline/venv/lib/python3.11/site-packages/airflow/example_dags/plugins/event_listener.py
[2026-01-06T14:11:13.530+1100] {processor.py:842} WARNING - No viable dags retrieved from /Users/fionatham/Documents/Projects/vogue_data_pipeline/venv/lib/python3.11/site-packages/airflow/example_dags/plugins/event_listener.py
[2026-01-06T14:11:13.564+1100] {processor.py:183} INFO - Processing /Users/fionatham/Documents/Projects/vogue_data_pipeline/venv/lib/python3.11/site-packages/airflow/example_dags/plugins/event_listener.py took 0.038 seconds
[2026-01-06T14:12:11.150+1100] {processor.py:161} INFO - Started process (PID=87924) to work on /Users/fionatham/Documents/Projects/vogue_data_pipeline/venv/lib/python3.11/site-packages/airflow/example_dags/plugins/event_listener.py
[2026-01-06T14:12:11.152+1100] {processor.py:830} INFO - Processing file /Users/fionatham/Documents/Projects/vogue_data_pipeline/venv/lib/python3.11/site-packages/airflow/example_dags/plugins/event_listener.py for tasks to queue
[2026-01-06T14:12:11.152+1100] {logging_mixin.py:188} INFO - [2026-01-06T14:12:11.152+1100] {dagbag.py:545} INFO - Filling up the DagBag from /Users/fionatham/Documents/Projects/vogue_data_pipeline/venv/lib/python3.11/site-packages/airflow/example_dags/plugins/event_listener.py
[2026-01-06T14:12:11.153+1100] {processor.py:842} WARNING - No viable dags retrieved from /Users/fionatham/Documents/Projects/vogue_data_pipeline/venv/lib/python3.11/site-packages/airflow/example_dags/plugins/event_listener.py
[2026-01-06T14:12:11.183+1100] {processor.py:183} INFO - Processing /Users/fionatham/Documents/Projects/vogue_data_pipeline/venv/lib/python3.11/site-packages/airflow/example_dags/plugins/event_listener.py took 0.035 seconds
[2026-01-06T14:13:12.208+1100] {processor.py:161} INFO - Started process (PID=87987) to work on /Users/fionatham/Documents/Projects/vogue_data_pipeline/venv/lib/python3.11/site-packages/airflow/example_dags/plugins/event_listener.py
[2026-01-06T14:13:12.209+1100] {processor.py:830} INFO - Processing file /Users/fionatham/Documents/Projects/vogue_data_pipeline/venv/lib/python3.11/site-packages/airflow/example_dags/plugins/event_listener.py for tasks to queue
[2026-01-06T14:13:12.209+1100] {logging_mixin.py:188} INFO - [2026-01-06T14:13:12.209+1100] {dagbag.py:545} INFO - Filling up the DagBag from /Users/fionatham/Documents/Projects/vogue_data_pipeline/venv/lib/python3.11/site-packages/airflow/example_dags/plugins/event_listener.py
[2026-01-06T14:13:12.210+1100] {processor.py:842} WARNING - No viable dags retrieved from /Users/fionatham/Documents/Projects/vogue_data_pipeline/venv/lib/python3.11/site-packages/airflow/example_dags/plugins/event_listener.py
[2026-01-06T14:13:12.240+1100] {processor.py:183} INFO - Processing /Users/fionatham/Documents/Projects/vogue_data_pipeline/venv/lib/python3.11/site-packages/airflow/example_dags/plugins/event_listener.py took 0.034 seconds
[2026-01-06T14:14:17.048+1100] {processor.py:161} INFO - Started process (PID=88548) to work on /Users/fionatham/Documents/Projects/vogue_data_pipeline/venv/lib/python3.11/site-packages/airflow/example_dags/plugins/event_listener.py
[2026-01-06T14:14:17.050+1100] {processor.py:830} INFO - Processing file /Users/fionatham/Documents/Projects/vogue_data_pipeline/venv/lib/python3.11/site-packages/airflow/example_dags/plugins/event_listener.py for tasks to queue
[2026-01-06T14:14:17.050+1100] {logging_mixin.py:188} INFO - [2026-01-06T14:14:17.050+1100] {dagbag.py:545} INFO - Filling up the DagBag from /Users/fionatham/Documents/Projects/vogue_data_pipeline/venv/lib/python3.11/site-packages/airflow/example_dags/plugins/event_listener.py
[2026-01-06T14:14:17.050+1100] {processor.py:842} WARNING - No viable dags retrieved from /Users/fionatham/Documents/Projects/vogue_data_pipeline/venv/lib/python3.11/site-packages/airflow/example_dags/plugins/event_listener.py
[2026-01-06T14:14:17.081+1100] {processor.py:183} INFO - Processing /Users/fionatham/Documents/Projects/vogue_data_pipeline/venv/lib/python3.11/site-packages/airflow/example_dags/plugins/event_listener.py took 0.034 seconds
[2026-01-06T14:15:18.695+1100] {processor.py:161} INFO - Started process (PID=88932) to work on /Users/fionatham/Documents/Projects/vogue_data_pipeline/venv/lib/python3.11/site-packages/airflow/example_dags/plugins/event_listener.py
[2026-01-06T14:15:18.695+1100] {processor.py:830} INFO - Processing file /Users/fionatham/Documents/Projects/vogue_data_pipeline/venv/lib/python3.11/site-packages/airflow/example_dags/plugins/event_listener.py for tasks to queue
[2026-01-06T14:15:18.696+1100] {logging_mixin.py:188} INFO - [2026-01-06T14:15:18.696+1100] {dagbag.py:545} INFO - Filling up the DagBag from /Users/fionatham/Documents/Projects/vogue_data_pipeline/venv/lib/python3.11/site-packages/airflow/example_dags/plugins/event_listener.py
[2026-01-06T14:15:18.696+1100] {processor.py:842} WARNING - No viable dags retrieved from /Users/fionatham/Documents/Projects/vogue_data_pipeline/venv/lib/python3.11/site-packages/airflow/example_dags/plugins/event_listener.py
[2026-01-06T14:15:18.728+1100] {processor.py:183} INFO - Processing /Users/fionatham/Documents/Projects/vogue_data_pipeline/venv/lib/python3.11/site-packages/airflow/example_dags/plugins/event_listener.py took 0.034 seconds
[2026-01-06T14:16:15.999+1100] {processor.py:161} INFO - Started process (PID=89119) to work on /Users/fionatham/Documents/Projects/vogue_data_pipeline/venv/lib/python3.11/site-packages/airflow/example_dags/plugins/event_listener.py
[2026-01-06T14:16:16.000+1100] {processor.py:830} INFO - Processing file /Users/fionatham/Documents/Projects/vogue_data_pipeline/venv/lib/python3.11/site-packages/airflow/example_dags/plugins/event_listener.py for tasks to queue
[2026-01-06T14:16:16.000+1100] {logging_mixin.py:188} INFO - [2026-01-06T14:16:16.000+1100] {dagbag.py:545} INFO - Filling up the DagBag from /Users/fionatham/Documents/Projects/vogue_data_pipeline/venv/lib/python3.11/site-packages/airflow/example_dags/plugins/event_listener.py
[2026-01-06T14:16:16.000+1100] {processor.py:842} WARNING - No viable dags retrieved from /Users/fionatham/Documents/Projects/vogue_data_pipeline/venv/lib/python3.11/site-packages/airflow/example_dags/plugins/event_listener.py
[2026-01-06T14:16:16.031+1100] {processor.py:183} INFO - Processing /Users/fionatham/Documents/Projects/vogue_data_pipeline/venv/lib/python3.11/site-packages/airflow/example_dags/plugins/event_listener.py took 0.033 seconds
[2026-01-06T14:17:11.701+1100] {processor.py:161} INFO - Started process (PID=89303) to work on /Users/fionatham/Documents/Projects/vogue_data_pipeline/venv/lib/python3.11/site-packages/airflow/example_dags/plugins/event_listener.py
[2026-01-06T14:17:11.702+1100] {processor.py:830} INFO - Processing file /Users/fionatham/Documents/Projects/vogue_data_pipeline/venv/lib/python3.11/site-packages/airflow/example_dags/plugins/event_listener.py for tasks to queue
[2026-01-06T14:17:11.702+1100] {logging_mixin.py:188} INFO - [2026-01-06T14:17:11.702+1100] {dagbag.py:545} INFO - Filling up the DagBag from /Users/fionatham/Documents/Projects/vogue_data_pipeline/venv/lib/python3.11/site-packages/airflow/example_dags/plugins/event_listener.py
[2026-01-06T14:17:11.702+1100] {processor.py:842} WARNING - No viable dags retrieved from /Users/fionatham/Documents/Projects/vogue_data_pipeline/venv/lib/python3.11/site-packages/airflow/example_dags/plugins/event_listener.py
[2026-01-06T14:17:11.733+1100] {processor.py:183} INFO - Processing /Users/fionatham/Documents/Projects/vogue_data_pipeline/venv/lib/python3.11/site-packages/airflow/example_dags/plugins/event_listener.py took 0.033 seconds
[2026-01-06T14:18:10.715+1100] {processor.py:161} INFO - Started process (PID=89543) to work on /Users/fionatham/Documents/Projects/vogue_data_pipeline/venv/lib/python3.11/site-packages/airflow/example_dags/plugins/event_listener.py
[2026-01-06T14:18:10.715+1100] {processor.py:830} INFO - Processing file /Users/fionatham/Documents/Projects/vogue_data_pipeline/venv/lib/python3.11/site-packages/airflow/example_dags/plugins/event_listener.py for tasks to queue
[2026-01-06T14:18:10.716+1100] {logging_mixin.py:188} INFO - [2026-01-06T14:18:10.715+1100] {dagbag.py:545} INFO - Filling up the DagBag from /Users/fionatham/Documents/Projects/vogue_data_pipeline/venv/lib/python3.11/site-packages/airflow/example_dags/plugins/event_listener.py
[2026-01-06T14:18:10.716+1100] {processor.py:842} WARNING - No viable dags retrieved from /Users/fionatham/Documents/Projects/vogue_data_pipeline/venv/lib/python3.11/site-packages/airflow/example_dags/plugins/event_listener.py
[2026-01-06T14:18:10.746+1100] {processor.py:183} INFO - Processing /Users/fionatham/Documents/Projects/vogue_data_pipeline/venv/lib/python3.11/site-packages/airflow/example_dags/plugins/event_listener.py took 0.033 seconds
[2026-01-06T14:19:10.055+1100] {processor.py:161} INFO - Started process (PID=89906) to work on /Users/fionatham/Documents/Projects/vogue_data_pipeline/venv/lib/python3.11/site-packages/airflow/example_dags/plugins/event_listener.py
[2026-01-06T14:19:10.056+1100] {processor.py:830} INFO - Processing file /Users/fionatham/Documents/Projects/vogue_data_pipeline/venv/lib/python3.11/site-packages/airflow/example_dags/plugins/event_listener.py for tasks to queue
[2026-01-06T14:19:10.057+1100] {logging_mixin.py:188} INFO - [2026-01-06T14:19:10.057+1100] {dagbag.py:545} INFO - Filling up the DagBag from /Users/fionatham/Documents/Projects/vogue_data_pipeline/venv/lib/python3.11/site-packages/airflow/example_dags/plugins/event_listener.py
[2026-01-06T14:19:10.057+1100] {processor.py:842} WARNING - No viable dags retrieved from /Users/fionatham/Documents/Projects/vogue_data_pipeline/venv/lib/python3.11/site-packages/airflow/example_dags/plugins/event_listener.py
[2026-01-06T14:19:10.088+1100] {processor.py:183} INFO - Processing /Users/fionatham/Documents/Projects/vogue_data_pipeline/venv/lib/python3.11/site-packages/airflow/example_dags/plugins/event_listener.py took 0.035 seconds
[2026-01-06T14:20:12.043+1100] {processor.py:161} INFO - Started process (PID=89975) to work on /Users/fionatham/Documents/Projects/vogue_data_pipeline/venv/lib/python3.11/site-packages/airflow/example_dags/plugins/event_listener.py
[2026-01-06T14:20:12.045+1100] {processor.py:830} INFO - Processing file /Users/fionatham/Documents/Projects/vogue_data_pipeline/venv/lib/python3.11/site-packages/airflow/example_dags/plugins/event_listener.py for tasks to queue
[2026-01-06T14:20:12.045+1100] {logging_mixin.py:188} INFO - [2026-01-06T14:20:12.045+1100] {dagbag.py:545} INFO - Filling up the DagBag from /Users/fionatham/Documents/Projects/vogue_data_pipeline/venv/lib/python3.11/site-packages/airflow/example_dags/plugins/event_listener.py
[2026-01-06T14:20:12.045+1100] {processor.py:842} WARNING - No viable dags retrieved from /Users/fionatham/Documents/Projects/vogue_data_pipeline/venv/lib/python3.11/site-packages/airflow/example_dags/plugins/event_listener.py
[2026-01-06T14:20:12.078+1100] {processor.py:183} INFO - Processing /Users/fionatham/Documents/Projects/vogue_data_pipeline/venv/lib/python3.11/site-packages/airflow/example_dags/plugins/event_listener.py took 0.036 seconds
[2026-01-06T14:21:13.145+1100] {processor.py:161} INFO - Started process (PID=90011) to work on /Users/fionatham/Documents/Projects/vogue_data_pipeline/venv/lib/python3.11/site-packages/airflow/example_dags/plugins/event_listener.py
[2026-01-06T14:21:13.146+1100] {processor.py:830} INFO - Processing file /Users/fionatham/Documents/Projects/vogue_data_pipeline/venv/lib/python3.11/site-packages/airflow/example_dags/plugins/event_listener.py for tasks to queue
[2026-01-06T14:21:13.147+1100] {logging_mixin.py:188} INFO - [2026-01-06T14:21:13.147+1100] {dagbag.py:545} INFO - Filling up the DagBag from /Users/fionatham/Documents/Projects/vogue_data_pipeline/venv/lib/python3.11/site-packages/airflow/example_dags/plugins/event_listener.py
[2026-01-06T14:21:13.147+1100] {processor.py:842} WARNING - No viable dags retrieved from /Users/fionatham/Documents/Projects/vogue_data_pipeline/venv/lib/python3.11/site-packages/airflow/example_dags/plugins/event_listener.py
[2026-01-06T14:21:13.179+1100] {processor.py:183} INFO - Processing /Users/fionatham/Documents/Projects/vogue_data_pipeline/venv/lib/python3.11/site-packages/airflow/example_dags/plugins/event_listener.py took 0.036 seconds
[2026-01-06T14:22:13.901+1100] {processor.py:161} INFO - Started process (PID=90062) to work on /Users/fionatham/Documents/Projects/vogue_data_pipeline/venv/lib/python3.11/site-packages/airflow/example_dags/plugins/event_listener.py
[2026-01-06T14:22:13.901+1100] {processor.py:830} INFO - Processing file /Users/fionatham/Documents/Projects/vogue_data_pipeline/venv/lib/python3.11/site-packages/airflow/example_dags/plugins/event_listener.py for tasks to queue
[2026-01-06T14:22:13.902+1100] {logging_mixin.py:188} INFO - [2026-01-06T14:22:13.902+1100] {dagbag.py:545} INFO - Filling up the DagBag from /Users/fionatham/Documents/Projects/vogue_data_pipeline/venv/lib/python3.11/site-packages/airflow/example_dags/plugins/event_listener.py
[2026-01-06T14:22:13.902+1100] {processor.py:842} WARNING - No viable dags retrieved from /Users/fionatham/Documents/Projects/vogue_data_pipeline/venv/lib/python3.11/site-packages/airflow/example_dags/plugins/event_listener.py
[2026-01-06T14:22:13.932+1100] {processor.py:183} INFO - Processing /Users/fionatham/Documents/Projects/vogue_data_pipeline/venv/lib/python3.11/site-packages/airflow/example_dags/plugins/event_listener.py took 0.033 seconds
[2026-01-06T14:23:09.741+1100] {processor.py:161} INFO - Started process (PID=90103) to work on /Users/fionatham/Documents/Projects/vogue_data_pipeline/venv/lib/python3.11/site-packages/airflow/example_dags/plugins/event_listener.py
[2026-01-06T14:23:09.742+1100] {processor.py:830} INFO - Processing file /Users/fionatham/Documents/Projects/vogue_data_pipeline/venv/lib/python3.11/site-packages/airflow/example_dags/plugins/event_listener.py for tasks to queue
[2026-01-06T14:23:09.742+1100] {logging_mixin.py:188} INFO - [2026-01-06T14:23:09.742+1100] {dagbag.py:545} INFO - Filling up the DagBag from /Users/fionatham/Documents/Projects/vogue_data_pipeline/venv/lib/python3.11/site-packages/airflow/example_dags/plugins/event_listener.py
[2026-01-06T14:23:09.742+1100] {processor.py:842} WARNING - No viable dags retrieved from /Users/fionatham/Documents/Projects/vogue_data_pipeline/venv/lib/python3.11/site-packages/airflow/example_dags/plugins/event_listener.py
[2026-01-06T14:23:09.772+1100] {processor.py:183} INFO - Processing /Users/fionatham/Documents/Projects/vogue_data_pipeline/venv/lib/python3.11/site-packages/airflow/example_dags/plugins/event_listener.py took 0.032 seconds
[2026-01-06T14:24:01.647+1100] {processor.py:161} INFO - Started process (PID=90154) to work on /Users/fionatham/Documents/Projects/vogue_data_pipeline/venv/lib/python3.11/site-packages/airflow/example_dags/plugins/event_listener.py
[2026-01-06T14:24:01.648+1100] {processor.py:830} INFO - Processing file /Users/fionatham/Documents/Projects/vogue_data_pipeline/venv/lib/python3.11/site-packages/airflow/example_dags/plugins/event_listener.py for tasks to queue
[2026-01-06T14:24:01.648+1100] {logging_mixin.py:188} INFO - [2026-01-06T14:24:01.648+1100] {dagbag.py:545} INFO - Filling up the DagBag from /Users/fionatham/Documents/Projects/vogue_data_pipeline/venv/lib/python3.11/site-packages/airflow/example_dags/plugins/event_listener.py
[2026-01-06T14:24:01.649+1100] {processor.py:842} WARNING - No viable dags retrieved from /Users/fionatham/Documents/Projects/vogue_data_pipeline/venv/lib/python3.11/site-packages/airflow/example_dags/plugins/event_listener.py
[2026-01-06T14:24:01.679+1100] {processor.py:183} INFO - Processing /Users/fionatham/Documents/Projects/vogue_data_pipeline/venv/lib/python3.11/site-packages/airflow/example_dags/plugins/event_listener.py took 0.033 seconds
[2026-01-06T14:24:56.347+1100] {processor.py:161} INFO - Started process (PID=90204) to work on /Users/fionatham/Documents/Projects/vogue_data_pipeline/venv/lib/python3.11/site-packages/airflow/example_dags/plugins/event_listener.py
[2026-01-06T14:24:56.347+1100] {processor.py:830} INFO - Processing file /Users/fionatham/Documents/Projects/vogue_data_pipeline/venv/lib/python3.11/site-packages/airflow/example_dags/plugins/event_listener.py for tasks to queue
[2026-01-06T14:24:56.348+1100] {logging_mixin.py:188} INFO - [2026-01-06T14:24:56.348+1100] {dagbag.py:545} INFO - Filling up the DagBag from /Users/fionatham/Documents/Projects/vogue_data_pipeline/venv/lib/python3.11/site-packages/airflow/example_dags/plugins/event_listener.py
[2026-01-06T14:24:56.348+1100] {processor.py:842} WARNING - No viable dags retrieved from /Users/fionatham/Documents/Projects/vogue_data_pipeline/venv/lib/python3.11/site-packages/airflow/example_dags/plugins/event_listener.py
[2026-01-06T14:24:56.383+1100] {processor.py:183} INFO - Processing /Users/fionatham/Documents/Projects/vogue_data_pipeline/venv/lib/python3.11/site-packages/airflow/example_dags/plugins/event_listener.py took 0.038 seconds
[2026-01-06T14:25:53.551+1100] {processor.py:161} INFO - Started process (PID=90436) to work on /Users/fionatham/Documents/Projects/vogue_data_pipeline/venv/lib/python3.11/site-packages/airflow/example_dags/plugins/event_listener.py
[2026-01-06T14:25:53.553+1100] {processor.py:830} INFO - Processing file /Users/fionatham/Documents/Projects/vogue_data_pipeline/venv/lib/python3.11/site-packages/airflow/example_dags/plugins/event_listener.py for tasks to queue
[2026-01-06T14:25:53.553+1100] {logging_mixin.py:188} INFO - [2026-01-06T14:25:53.553+1100] {dagbag.py:545} INFO - Filling up the DagBag from /Users/fionatham/Documents/Projects/vogue_data_pipeline/venv/lib/python3.11/site-packages/airflow/example_dags/plugins/event_listener.py
[2026-01-06T14:25:53.554+1100] {processor.py:842} WARNING - No viable dags retrieved from /Users/fionatham/Documents/Projects/vogue_data_pipeline/venv/lib/python3.11/site-packages/airflow/example_dags/plugins/event_listener.py
[2026-01-06T14:25:53.585+1100] {processor.py:183} INFO - Processing /Users/fionatham/Documents/Projects/vogue_data_pipeline/venv/lib/python3.11/site-packages/airflow/example_dags/plugins/event_listener.py took 0.034 seconds
[2026-01-06T14:26:52.371+1100] {processor.py:161} INFO - Started process (PID=90535) to work on /Users/fionatham/Documents/Projects/vogue_data_pipeline/venv/lib/python3.11/site-packages/airflow/example_dags/plugins/event_listener.py
[2026-01-06T14:26:52.372+1100] {processor.py:830} INFO - Processing file /Users/fionatham/Documents/Projects/vogue_data_pipeline/venv/lib/python3.11/site-packages/airflow/example_dags/plugins/event_listener.py for tasks to queue
[2026-01-06T14:26:52.373+1100] {logging_mixin.py:188} INFO - [2026-01-06T14:26:52.372+1100] {dagbag.py:545} INFO - Filling up the DagBag from /Users/fionatham/Documents/Projects/vogue_data_pipeline/venv/lib/python3.11/site-packages/airflow/example_dags/plugins/event_listener.py
[2026-01-06T14:26:52.373+1100] {processor.py:842} WARNING - No viable dags retrieved from /Users/fionatham/Documents/Projects/vogue_data_pipeline/venv/lib/python3.11/site-packages/airflow/example_dags/plugins/event_listener.py
[2026-01-06T14:26:52.404+1100] {processor.py:183} INFO - Processing /Users/fionatham/Documents/Projects/vogue_data_pipeline/venv/lib/python3.11/site-packages/airflow/example_dags/plugins/event_listener.py took 0.035 seconds
[2026-01-06T14:27:51.340+1100] {processor.py:161} INFO - Started process (PID=90748) to work on /Users/fionatham/Documents/Projects/vogue_data_pipeline/venv/lib/python3.11/site-packages/airflow/example_dags/plugins/event_listener.py
[2026-01-06T14:27:51.342+1100] {processor.py:830} INFO - Processing file /Users/fionatham/Documents/Projects/vogue_data_pipeline/venv/lib/python3.11/site-packages/airflow/example_dags/plugins/event_listener.py for tasks to queue
[2026-01-06T14:27:51.342+1100] {logging_mixin.py:188} INFO - [2026-01-06T14:27:51.342+1100] {dagbag.py:545} INFO - Filling up the DagBag from /Users/fionatham/Documents/Projects/vogue_data_pipeline/venv/lib/python3.11/site-packages/airflow/example_dags/plugins/event_listener.py
[2026-01-06T14:27:51.342+1100] {processor.py:842} WARNING - No viable dags retrieved from /Users/fionatham/Documents/Projects/vogue_data_pipeline/venv/lib/python3.11/site-packages/airflow/example_dags/plugins/event_listener.py
[2026-01-06T14:27:51.372+1100] {processor.py:183} INFO - Processing /Users/fionatham/Documents/Projects/vogue_data_pipeline/venv/lib/python3.11/site-packages/airflow/example_dags/plugins/event_listener.py took 0.033 seconds
[2026-01-06T14:28:50.263+1100] {processor.py:161} INFO - Started process (PID=90965) to work on /Users/fionatham/Documents/Projects/vogue_data_pipeline/venv/lib/python3.11/site-packages/airflow/example_dags/plugins/event_listener.py
[2026-01-06T14:28:50.263+1100] {processor.py:830} INFO - Processing file /Users/fionatham/Documents/Projects/vogue_data_pipeline/venv/lib/python3.11/site-packages/airflow/example_dags/plugins/event_listener.py for tasks to queue
[2026-01-06T14:28:50.264+1100] {logging_mixin.py:188} INFO - [2026-01-06T14:28:50.264+1100] {dagbag.py:545} INFO - Filling up the DagBag from /Users/fionatham/Documents/Projects/vogue_data_pipeline/venv/lib/python3.11/site-packages/airflow/example_dags/plugins/event_listener.py
[2026-01-06T14:28:50.264+1100] {processor.py:842} WARNING - No viable dags retrieved from /Users/fionatham/Documents/Projects/vogue_data_pipeline/venv/lib/python3.11/site-packages/airflow/example_dags/plugins/event_listener.py
[2026-01-06T14:28:50.296+1100] {processor.py:183} INFO - Processing /Users/fionatham/Documents/Projects/vogue_data_pipeline/venv/lib/python3.11/site-packages/airflow/example_dags/plugins/event_listener.py took 0.034 seconds
[2026-01-06T14:29:52.883+1100] {processor.py:161} INFO - Started process (PID=91372) to work on /Users/fionatham/Documents/Projects/vogue_data_pipeline/venv/lib/python3.11/site-packages/airflow/example_dags/plugins/event_listener.py
[2026-01-06T14:29:52.884+1100] {processor.py:830} INFO - Processing file /Users/fionatham/Documents/Projects/vogue_data_pipeline/venv/lib/python3.11/site-packages/airflow/example_dags/plugins/event_listener.py for tasks to queue
[2026-01-06T14:29:52.884+1100] {logging_mixin.py:188} INFO - [2026-01-06T14:29:52.884+1100] {dagbag.py:545} INFO - Filling up the DagBag from /Users/fionatham/Documents/Projects/vogue_data_pipeline/venv/lib/python3.11/site-packages/airflow/example_dags/plugins/event_listener.py
[2026-01-06T14:29:52.885+1100] {processor.py:842} WARNING - No viable dags retrieved from /Users/fionatham/Documents/Projects/vogue_data_pipeline/venv/lib/python3.11/site-packages/airflow/example_dags/plugins/event_listener.py
[2026-01-06T14:29:52.917+1100] {processor.py:183} INFO - Processing /Users/fionatham/Documents/Projects/vogue_data_pipeline/venv/lib/python3.11/site-packages/airflow/example_dags/plugins/event_listener.py took 0.035 seconds
[2026-01-06T14:30:53.124+1100] {processor.py:161} INFO - Started process (PID=91601) to work on /Users/fionatham/Documents/Projects/vogue_data_pipeline/venv/lib/python3.11/site-packages/airflow/example_dags/plugins/event_listener.py
[2026-01-06T14:30:53.126+1100] {processor.py:830} INFO - Processing file /Users/fionatham/Documents/Projects/vogue_data_pipeline/venv/lib/python3.11/site-packages/airflow/example_dags/plugins/event_listener.py for tasks to queue
[2026-01-06T14:30:53.126+1100] {logging_mixin.py:188} INFO - [2026-01-06T14:30:53.126+1100] {dagbag.py:545} INFO - Filling up the DagBag from /Users/fionatham/Documents/Projects/vogue_data_pipeline/venv/lib/python3.11/site-packages/airflow/example_dags/plugins/event_listener.py
[2026-01-06T14:30:53.126+1100] {processor.py:842} WARNING - No viable dags retrieved from /Users/fionatham/Documents/Projects/vogue_data_pipeline/venv/lib/python3.11/site-packages/airflow/example_dags/plugins/event_listener.py
[2026-01-06T14:30:53.159+1100] {processor.py:183} INFO - Processing /Users/fionatham/Documents/Projects/vogue_data_pipeline/venv/lib/python3.11/site-packages/airflow/example_dags/plugins/event_listener.py took 0.036 seconds
[2026-01-06T14:31:52.167+1100] {processor.py:161} INFO - Started process (PID=91957) to work on /Users/fionatham/Documents/Projects/vogue_data_pipeline/venv/lib/python3.11/site-packages/airflow/example_dags/plugins/event_listener.py
[2026-01-06T14:31:52.167+1100] {processor.py:830} INFO - Processing file /Users/fionatham/Documents/Projects/vogue_data_pipeline/venv/lib/python3.11/site-packages/airflow/example_dags/plugins/event_listener.py for tasks to queue
[2026-01-06T14:31:52.168+1100] {logging_mixin.py:188} INFO - [2026-01-06T14:31:52.168+1100] {dagbag.py:545} INFO - Filling up the DagBag from /Users/fionatham/Documents/Projects/vogue_data_pipeline/venv/lib/python3.11/site-packages/airflow/example_dags/plugins/event_listener.py
[2026-01-06T14:31:52.168+1100] {processor.py:842} WARNING - No viable dags retrieved from /Users/fionatham/Documents/Projects/vogue_data_pipeline/venv/lib/python3.11/site-packages/airflow/example_dags/plugins/event_listener.py
[2026-01-06T14:31:52.207+1100] {processor.py:183} INFO - Processing /Users/fionatham/Documents/Projects/vogue_data_pipeline/venv/lib/python3.11/site-packages/airflow/example_dags/plugins/event_listener.py took 0.041 seconds
[2026-01-06T14:32:52.102+1100] {processor.py:161} INFO - Started process (PID=92145) to work on /Users/fionatham/Documents/Projects/vogue_data_pipeline/venv/lib/python3.11/site-packages/airflow/example_dags/plugins/event_listener.py
[2026-01-06T14:32:52.103+1100] {processor.py:830} INFO - Processing file /Users/fionatham/Documents/Projects/vogue_data_pipeline/venv/lib/python3.11/site-packages/airflow/example_dags/plugins/event_listener.py for tasks to queue
[2026-01-06T14:32:52.103+1100] {logging_mixin.py:188} INFO - [2026-01-06T14:32:52.103+1100] {dagbag.py:545} INFO - Filling up the DagBag from /Users/fionatham/Documents/Projects/vogue_data_pipeline/venv/lib/python3.11/site-packages/airflow/example_dags/plugins/event_listener.py
[2026-01-06T14:32:52.104+1100] {processor.py:842} WARNING - No viable dags retrieved from /Users/fionatham/Documents/Projects/vogue_data_pipeline/venv/lib/python3.11/site-packages/airflow/example_dags/plugins/event_listener.py
[2026-01-06T14:32:52.136+1100] {processor.py:183} INFO - Processing /Users/fionatham/Documents/Projects/vogue_data_pipeline/venv/lib/python3.11/site-packages/airflow/example_dags/plugins/event_listener.py took 0.035 seconds
[2026-01-06T14:33:50.322+1100] {processor.py:161} INFO - Started process (PID=92267) to work on /Users/fionatham/Documents/Projects/vogue_data_pipeline/venv/lib/python3.11/site-packages/airflow/example_dags/plugins/event_listener.py
[2026-01-06T14:33:50.323+1100] {processor.py:830} INFO - Processing file /Users/fionatham/Documents/Projects/vogue_data_pipeline/venv/lib/python3.11/site-packages/airflow/example_dags/plugins/event_listener.py for tasks to queue
[2026-01-06T14:33:50.324+1100] {logging_mixin.py:188} INFO - [2026-01-06T14:33:50.324+1100] {dagbag.py:545} INFO - Filling up the DagBag from /Users/fionatham/Documents/Projects/vogue_data_pipeline/venv/lib/python3.11/site-packages/airflow/example_dags/plugins/event_listener.py
[2026-01-06T14:33:50.324+1100] {processor.py:842} WARNING - No viable dags retrieved from /Users/fionatham/Documents/Projects/vogue_data_pipeline/venv/lib/python3.11/site-packages/airflow/example_dags/plugins/event_listener.py
[2026-01-06T14:33:50.356+1100] {processor.py:183} INFO - Processing /Users/fionatham/Documents/Projects/vogue_data_pipeline/venv/lib/python3.11/site-packages/airflow/example_dags/plugins/event_listener.py took 0.036 seconds
[2026-01-06T14:34:48.268+1100] {processor.py:161} INFO - Started process (PID=92437) to work on /Users/fionatham/Documents/Projects/vogue_data_pipeline/venv/lib/python3.11/site-packages/airflow/example_dags/plugins/event_listener.py
[2026-01-06T14:34:48.269+1100] {processor.py:830} INFO - Processing file /Users/fionatham/Documents/Projects/vogue_data_pipeline/venv/lib/python3.11/site-packages/airflow/example_dags/plugins/event_listener.py for tasks to queue
[2026-01-06T14:34:48.270+1100] {logging_mixin.py:188} INFO - [2026-01-06T14:34:48.269+1100] {dagbag.py:545} INFO - Filling up the DagBag from /Users/fionatham/Documents/Projects/vogue_data_pipeline/venv/lib/python3.11/site-packages/airflow/example_dags/plugins/event_listener.py
[2026-01-06T14:34:48.270+1100] {processor.py:842} WARNING - No viable dags retrieved from /Users/fionatham/Documents/Projects/vogue_data_pipeline/venv/lib/python3.11/site-packages/airflow/example_dags/plugins/event_listener.py
[2026-01-06T14:34:48.304+1100] {processor.py:183} INFO - Processing /Users/fionatham/Documents/Projects/vogue_data_pipeline/venv/lib/python3.11/site-packages/airflow/example_dags/plugins/event_listener.py took 0.037 seconds
[2026-01-06T14:35:46.710+1100] {processor.py:161} INFO - Started process (PID=92516) to work on /Users/fionatham/Documents/Projects/vogue_data_pipeline/venv/lib/python3.11/site-packages/airflow/example_dags/plugins/event_listener.py
[2026-01-06T14:35:46.710+1100] {processor.py:830} INFO - Processing file /Users/fionatham/Documents/Projects/vogue_data_pipeline/venv/lib/python3.11/site-packages/airflow/example_dags/plugins/event_listener.py for tasks to queue
[2026-01-06T14:35:46.711+1100] {logging_mixin.py:188} INFO - [2026-01-06T14:35:46.711+1100] {dagbag.py:545} INFO - Filling up the DagBag from /Users/fionatham/Documents/Projects/vogue_data_pipeline/venv/lib/python3.11/site-packages/airflow/example_dags/plugins/event_listener.py
[2026-01-06T14:35:46.711+1100] {processor.py:842} WARNING - No viable dags retrieved from /Users/fionatham/Documents/Projects/vogue_data_pipeline/venv/lib/python3.11/site-packages/airflow/example_dags/plugins/event_listener.py
[2026-01-06T14:35:46.744+1100] {processor.py:183} INFO - Processing /Users/fionatham/Documents/Projects/vogue_data_pipeline/venv/lib/python3.11/site-packages/airflow/example_dags/plugins/event_listener.py took 0.036 seconds
[2026-01-06T14:36:49.770+1100] {processor.py:161} INFO - Started process (PID=92651) to work on /Users/fionatham/Documents/Projects/vogue_data_pipeline/venv/lib/python3.11/site-packages/airflow/example_dags/plugins/event_listener.py
[2026-01-06T14:36:49.771+1100] {processor.py:830} INFO - Processing file /Users/fionatham/Documents/Projects/vogue_data_pipeline/venv/lib/python3.11/site-packages/airflow/example_dags/plugins/event_listener.py for tasks to queue
[2026-01-06T14:36:49.772+1100] {logging_mixin.py:188} INFO - [2026-01-06T14:36:49.772+1100] {dagbag.py:545} INFO - Filling up the DagBag from /Users/fionatham/Documents/Projects/vogue_data_pipeline/venv/lib/python3.11/site-packages/airflow/example_dags/plugins/event_listener.py
[2026-01-06T14:36:49.773+1100] {processor.py:842} WARNING - No viable dags retrieved from /Users/fionatham/Documents/Projects/vogue_data_pipeline/venv/lib/python3.11/site-packages/airflow/example_dags/plugins/event_listener.py
[2026-01-06T14:36:49.808+1100] {processor.py:183} INFO - Processing /Users/fionatham/Documents/Projects/vogue_data_pipeline/venv/lib/python3.11/site-packages/airflow/example_dags/plugins/event_listener.py took 0.040 seconds
[2026-01-06T14:37:50.649+1100] {processor.py:161} INFO - Started process (PID=92726) to work on /Users/fionatham/Documents/Projects/vogue_data_pipeline/venv/lib/python3.11/site-packages/airflow/example_dags/plugins/event_listener.py
[2026-01-06T14:37:50.650+1100] {processor.py:830} INFO - Processing file /Users/fionatham/Documents/Projects/vogue_data_pipeline/venv/lib/python3.11/site-packages/airflow/example_dags/plugins/event_listener.py for tasks to queue
[2026-01-06T14:37:50.650+1100] {logging_mixin.py:188} INFO - [2026-01-06T14:37:50.650+1100] {dagbag.py:545} INFO - Filling up the DagBag from /Users/fionatham/Documents/Projects/vogue_data_pipeline/venv/lib/python3.11/site-packages/airflow/example_dags/plugins/event_listener.py
[2026-01-06T14:37:50.650+1100] {processor.py:842} WARNING - No viable dags retrieved from /Users/fionatham/Documents/Projects/vogue_data_pipeline/venv/lib/python3.11/site-packages/airflow/example_dags/plugins/event_listener.py
[2026-01-06T14:37:50.680+1100] {processor.py:183} INFO - Processing /Users/fionatham/Documents/Projects/vogue_data_pipeline/venv/lib/python3.11/site-packages/airflow/example_dags/plugins/event_listener.py took 0.033 seconds
[2026-01-06T14:38:51.737+1100] {processor.py:161} INFO - Started process (PID=92872) to work on /Users/fionatham/Documents/Projects/vogue_data_pipeline/venv/lib/python3.11/site-packages/airflow/example_dags/plugins/event_listener.py
[2026-01-06T14:38:51.738+1100] {processor.py:830} INFO - Processing file /Users/fionatham/Documents/Projects/vogue_data_pipeline/venv/lib/python3.11/site-packages/airflow/example_dags/plugins/event_listener.py for tasks to queue
[2026-01-06T14:38:51.739+1100] {logging_mixin.py:188} INFO - [2026-01-06T14:38:51.739+1100] {dagbag.py:545} INFO - Filling up the DagBag from /Users/fionatham/Documents/Projects/vogue_data_pipeline/venv/lib/python3.11/site-packages/airflow/example_dags/plugins/event_listener.py
[2026-01-06T14:38:51.739+1100] {processor.py:842} WARNING - No viable dags retrieved from /Users/fionatham/Documents/Projects/vogue_data_pipeline/venv/lib/python3.11/site-packages/airflow/example_dags/plugins/event_listener.py
[2026-01-06T14:38:51.769+1100] {processor.py:183} INFO - Processing /Users/fionatham/Documents/Projects/vogue_data_pipeline/venv/lib/python3.11/site-packages/airflow/example_dags/plugins/event_listener.py took 0.033 seconds
[2026-01-06T14:39:50.297+1100] {processor.py:161} INFO - Started process (PID=92908) to work on /Users/fionatham/Documents/Projects/vogue_data_pipeline/venv/lib/python3.11/site-packages/airflow/example_dags/plugins/event_listener.py
[2026-01-06T14:39:50.299+1100] {processor.py:830} INFO - Processing file /Users/fionatham/Documents/Projects/vogue_data_pipeline/venv/lib/python3.11/site-packages/airflow/example_dags/plugins/event_listener.py for tasks to queue
[2026-01-06T14:39:50.299+1100] {logging_mixin.py:188} INFO - [2026-01-06T14:39:50.299+1100] {dagbag.py:545} INFO - Filling up the DagBag from /Users/fionatham/Documents/Projects/vogue_data_pipeline/venv/lib/python3.11/site-packages/airflow/example_dags/plugins/event_listener.py
[2026-01-06T14:39:50.300+1100] {processor.py:842} WARNING - No viable dags retrieved from /Users/fionatham/Documents/Projects/vogue_data_pipeline/venv/lib/python3.11/site-packages/airflow/example_dags/plugins/event_listener.py
[2026-01-06T14:39:50.329+1100] {processor.py:183} INFO - Processing /Users/fionatham/Documents/Projects/vogue_data_pipeline/venv/lib/python3.11/site-packages/airflow/example_dags/plugins/event_listener.py took 0.033 seconds
[2026-01-06T14:40:45.342+1100] {processor.py:161} INFO - Started process (PID=92945) to work on /Users/fionatham/Documents/Projects/vogue_data_pipeline/venv/lib/python3.11/site-packages/airflow/example_dags/plugins/event_listener.py
[2026-01-06T14:40:45.343+1100] {processor.py:830} INFO - Processing file /Users/fionatham/Documents/Projects/vogue_data_pipeline/venv/lib/python3.11/site-packages/airflow/example_dags/plugins/event_listener.py for tasks to queue
[2026-01-06T14:40:45.344+1100] {logging_mixin.py:188} INFO - [2026-01-06T14:40:45.344+1100] {dagbag.py:545} INFO - Filling up the DagBag from /Users/fionatham/Documents/Projects/vogue_data_pipeline/venv/lib/python3.11/site-packages/airflow/example_dags/plugins/event_listener.py
[2026-01-06T14:40:45.344+1100] {processor.py:842} WARNING - No viable dags retrieved from /Users/fionatham/Documents/Projects/vogue_data_pipeline/venv/lib/python3.11/site-packages/airflow/example_dags/plugins/event_listener.py
[2026-01-06T14:40:45.374+1100] {processor.py:183} INFO - Processing /Users/fionatham/Documents/Projects/vogue_data_pipeline/venv/lib/python3.11/site-packages/airflow/example_dags/plugins/event_listener.py took 0.033 seconds
[2026-01-06T14:41:40.185+1100] {processor.py:161} INFO - Started process (PID=92983) to work on /Users/fionatham/Documents/Projects/vogue_data_pipeline/venv/lib/python3.11/site-packages/airflow/example_dags/plugins/event_listener.py
[2026-01-06T14:41:40.187+1100] {processor.py:830} INFO - Processing file /Users/fionatham/Documents/Projects/vogue_data_pipeline/venv/lib/python3.11/site-packages/airflow/example_dags/plugins/event_listener.py for tasks to queue
[2026-01-06T14:41:40.187+1100] {logging_mixin.py:188} INFO - [2026-01-06T14:41:40.187+1100] {dagbag.py:545} INFO - Filling up the DagBag from /Users/fionatham/Documents/Projects/vogue_data_pipeline/venv/lib/python3.11/site-packages/airflow/example_dags/plugins/event_listener.py
[2026-01-06T14:41:40.187+1100] {processor.py:842} WARNING - No viable dags retrieved from /Users/fionatham/Documents/Projects/vogue_data_pipeline/venv/lib/python3.11/site-packages/airflow/example_dags/plugins/event_listener.py
[2026-01-06T14:41:40.220+1100] {processor.py:183} INFO - Processing /Users/fionatham/Documents/Projects/vogue_data_pipeline/venv/lib/python3.11/site-packages/airflow/example_dags/plugins/event_listener.py took 0.036 seconds
[2026-01-06T14:42:38.823+1100] {processor.py:161} INFO - Started process (PID=93026) to work on /Users/fionatham/Documents/Projects/vogue_data_pipeline/venv/lib/python3.11/site-packages/airflow/example_dags/plugins/event_listener.py
[2026-01-06T14:42:38.824+1100] {processor.py:830} INFO - Processing file /Users/fionatham/Documents/Projects/vogue_data_pipeline/venv/lib/python3.11/site-packages/airflow/example_dags/plugins/event_listener.py for tasks to queue
[2026-01-06T14:42:38.824+1100] {logging_mixin.py:188} INFO - [2026-01-06T14:42:38.824+1100] {dagbag.py:545} INFO - Filling up the DagBag from /Users/fionatham/Documents/Projects/vogue_data_pipeline/venv/lib/python3.11/site-packages/airflow/example_dags/plugins/event_listener.py
[2026-01-06T14:42:38.825+1100] {processor.py:842} WARNING - No viable dags retrieved from /Users/fionatham/Documents/Projects/vogue_data_pipeline/venv/lib/python3.11/site-packages/airflow/example_dags/plugins/event_listener.py
[2026-01-06T14:42:38.854+1100] {processor.py:183} INFO - Processing /Users/fionatham/Documents/Projects/vogue_data_pipeline/venv/lib/python3.11/site-packages/airflow/example_dags/plugins/event_listener.py took 0.033 seconds
[2026-01-06T14:43:36.427+1100] {processor.py:161} INFO - Started process (PID=93062) to work on /Users/fionatham/Documents/Projects/vogue_data_pipeline/venv/lib/python3.11/site-packages/airflow/example_dags/plugins/event_listener.py
[2026-01-06T14:43:36.429+1100] {processor.py:830} INFO - Processing file /Users/fionatham/Documents/Projects/vogue_data_pipeline/venv/lib/python3.11/site-packages/airflow/example_dags/plugins/event_listener.py for tasks to queue
[2026-01-06T14:43:36.429+1100] {logging_mixin.py:188} INFO - [2026-01-06T14:43:36.429+1100] {dagbag.py:545} INFO - Filling up the DagBag from /Users/fionatham/Documents/Projects/vogue_data_pipeline/venv/lib/python3.11/site-packages/airflow/example_dags/plugins/event_listener.py
[2026-01-06T14:43:36.430+1100] {processor.py:842} WARNING - No viable dags retrieved from /Users/fionatham/Documents/Projects/vogue_data_pipeline/venv/lib/python3.11/site-packages/airflow/example_dags/plugins/event_listener.py
[2026-01-06T14:43:36.464+1100] {processor.py:183} INFO - Processing /Users/fionatham/Documents/Projects/vogue_data_pipeline/venv/lib/python3.11/site-packages/airflow/example_dags/plugins/event_listener.py took 0.037 seconds
[2026-01-06T14:44:36.103+1100] {processor.py:161} INFO - Started process (PID=93104) to work on /Users/fionatham/Documents/Projects/vogue_data_pipeline/venv/lib/python3.11/site-packages/airflow/example_dags/plugins/event_listener.py
[2026-01-06T14:44:36.103+1100] {processor.py:830} INFO - Processing file /Users/fionatham/Documents/Projects/vogue_data_pipeline/venv/lib/python3.11/site-packages/airflow/example_dags/plugins/event_listener.py for tasks to queue
[2026-01-06T14:44:36.104+1100] {logging_mixin.py:188} INFO - [2026-01-06T14:44:36.104+1100] {dagbag.py:545} INFO - Filling up the DagBag from /Users/fionatham/Documents/Projects/vogue_data_pipeline/venv/lib/python3.11/site-packages/airflow/example_dags/plugins/event_listener.py
[2026-01-06T14:44:36.104+1100] {processor.py:842} WARNING - No viable dags retrieved from /Users/fionatham/Documents/Projects/vogue_data_pipeline/venv/lib/python3.11/site-packages/airflow/example_dags/plugins/event_listener.py
[2026-01-06T14:44:36.136+1100] {processor.py:183} INFO - Processing /Users/fionatham/Documents/Projects/vogue_data_pipeline/venv/lib/python3.11/site-packages/airflow/example_dags/plugins/event_listener.py took 0.035 seconds
[2026-01-06T14:45:35.957+1100] {processor.py:161} INFO - Started process (PID=93149) to work on /Users/fionatham/Documents/Projects/vogue_data_pipeline/venv/lib/python3.11/site-packages/airflow/example_dags/plugins/event_listener.py
[2026-01-06T14:45:35.959+1100] {processor.py:830} INFO - Processing file /Users/fionatham/Documents/Projects/vogue_data_pipeline/venv/lib/python3.11/site-packages/airflow/example_dags/plugins/event_listener.py for tasks to queue
[2026-01-06T14:45:35.959+1100] {logging_mixin.py:188} INFO - [2026-01-06T14:45:35.959+1100] {dagbag.py:545} INFO - Filling up the DagBag from /Users/fionatham/Documents/Projects/vogue_data_pipeline/venv/lib/python3.11/site-packages/airflow/example_dags/plugins/event_listener.py
[2026-01-06T14:45:35.959+1100] {processor.py:842} WARNING - No viable dags retrieved from /Users/fionatham/Documents/Projects/vogue_data_pipeline/venv/lib/python3.11/site-packages/airflow/example_dags/plugins/event_listener.py
[2026-01-06T14:45:35.989+1100] {processor.py:183} INFO - Processing /Users/fionatham/Documents/Projects/vogue_data_pipeline/venv/lib/python3.11/site-packages/airflow/example_dags/plugins/event_listener.py took 0.033 seconds
[2026-01-06T14:46:32.438+1100] {processor.py:161} INFO - Started process (PID=93186) to work on /Users/fionatham/Documents/Projects/vogue_data_pipeline/venv/lib/python3.11/site-packages/airflow/example_dags/plugins/event_listener.py
[2026-01-06T14:46:32.439+1100] {processor.py:830} INFO - Processing file /Users/fionatham/Documents/Projects/vogue_data_pipeline/venv/lib/python3.11/site-packages/airflow/example_dags/plugins/event_listener.py for tasks to queue
[2026-01-06T14:46:32.439+1100] {logging_mixin.py:188} INFO - [2026-01-06T14:46:32.439+1100] {dagbag.py:545} INFO - Filling up the DagBag from /Users/fionatham/Documents/Projects/vogue_data_pipeline/venv/lib/python3.11/site-packages/airflow/example_dags/plugins/event_listener.py
[2026-01-06T14:46:32.440+1100] {processor.py:842} WARNING - No viable dags retrieved from /Users/fionatham/Documents/Projects/vogue_data_pipeline/venv/lib/python3.11/site-packages/airflow/example_dags/plugins/event_listener.py
[2026-01-06T14:46:32.470+1100] {processor.py:183} INFO - Processing /Users/fionatham/Documents/Projects/vogue_data_pipeline/venv/lib/python3.11/site-packages/airflow/example_dags/plugins/event_listener.py took 0.033 seconds
[2026-01-06T14:47:30.183+1100] {processor.py:161} INFO - Started process (PID=93229) to work on /Users/fionatham/Documents/Projects/vogue_data_pipeline/venv/lib/python3.11/site-packages/airflow/example_dags/plugins/event_listener.py
[2026-01-06T14:47:30.185+1100] {processor.py:830} INFO - Processing file /Users/fionatham/Documents/Projects/vogue_data_pipeline/venv/lib/python3.11/site-packages/airflow/example_dags/plugins/event_listener.py for tasks to queue
[2026-01-06T14:47:30.185+1100] {logging_mixin.py:188} INFO - [2026-01-06T14:47:30.185+1100] {dagbag.py:545} INFO - Filling up the DagBag from /Users/fionatham/Documents/Projects/vogue_data_pipeline/venv/lib/python3.11/site-packages/airflow/example_dags/plugins/event_listener.py
[2026-01-06T14:47:30.185+1100] {processor.py:842} WARNING - No viable dags retrieved from /Users/fionatham/Documents/Projects/vogue_data_pipeline/venv/lib/python3.11/site-packages/airflow/example_dags/plugins/event_listener.py
[2026-01-06T14:47:30.217+1100] {processor.py:183} INFO - Processing /Users/fionatham/Documents/Projects/vogue_data_pipeline/venv/lib/python3.11/site-packages/airflow/example_dags/plugins/event_listener.py took 0.035 seconds
[2026-01-06T14:48:29.448+1100] {processor.py:161} INFO - Started process (PID=93269) to work on /Users/fionatham/Documents/Projects/vogue_data_pipeline/venv/lib/python3.11/site-packages/airflow/example_dags/plugins/event_listener.py
[2026-01-06T14:48:29.449+1100] {processor.py:830} INFO - Processing file /Users/fionatham/Documents/Projects/vogue_data_pipeline/venv/lib/python3.11/site-packages/airflow/example_dags/plugins/event_listener.py for tasks to queue
[2026-01-06T14:48:29.449+1100] {logging_mixin.py:188} INFO - [2026-01-06T14:48:29.449+1100] {dagbag.py:545} INFO - Filling up the DagBag from /Users/fionatham/Documents/Projects/vogue_data_pipeline/venv/lib/python3.11/site-packages/airflow/example_dags/plugins/event_listener.py
[2026-01-06T14:48:29.450+1100] {processor.py:842} WARNING - No viable dags retrieved from /Users/fionatham/Documents/Projects/vogue_data_pipeline/venv/lib/python3.11/site-packages/airflow/example_dags/plugins/event_listener.py
[2026-01-06T14:48:29.480+1100] {processor.py:183} INFO - Processing /Users/fionatham/Documents/Projects/vogue_data_pipeline/venv/lib/python3.11/site-packages/airflow/example_dags/plugins/event_listener.py took 0.032 seconds
[2026-01-06T14:49:30.326+1100] {processor.py:161} INFO - Started process (PID=93333) to work on /Users/fionatham/Documents/Projects/vogue_data_pipeline/venv/lib/python3.11/site-packages/airflow/example_dags/plugins/event_listener.py
[2026-01-06T14:49:30.327+1100] {processor.py:830} INFO - Processing file /Users/fionatham/Documents/Projects/vogue_data_pipeline/venv/lib/python3.11/site-packages/airflow/example_dags/plugins/event_listener.py for tasks to queue
[2026-01-06T14:49:30.328+1100] {logging_mixin.py:188} INFO - [2026-01-06T14:49:30.328+1100] {dagbag.py:545} INFO - Filling up the DagBag from /Users/fionatham/Documents/Projects/vogue_data_pipeline/venv/lib/python3.11/site-packages/airflow/example_dags/plugins/event_listener.py
[2026-01-06T14:49:30.328+1100] {processor.py:842} WARNING - No viable dags retrieved from /Users/fionatham/Documents/Projects/vogue_data_pipeline/venv/lib/python3.11/site-packages/airflow/example_dags/plugins/event_listener.py
[2026-01-06T14:49:30.360+1100] {processor.py:183} INFO - Processing /Users/fionatham/Documents/Projects/vogue_data_pipeline/venv/lib/python3.11/site-packages/airflow/example_dags/plugins/event_listener.py took 0.035 seconds
[2026-01-06T14:50:28.321+1100] {processor.py:161} INFO - Started process (PID=93371) to work on /Users/fionatham/Documents/Projects/vogue_data_pipeline/venv/lib/python3.11/site-packages/airflow/example_dags/plugins/event_listener.py
[2026-01-06T14:50:28.323+1100] {processor.py:830} INFO - Processing file /Users/fionatham/Documents/Projects/vogue_data_pipeline/venv/lib/python3.11/site-packages/airflow/example_dags/plugins/event_listener.py for tasks to queue
[2026-01-06T14:50:28.323+1100] {logging_mixin.py:188} INFO - [2026-01-06T14:50:28.323+1100] {dagbag.py:545} INFO - Filling up the DagBag from /Users/fionatham/Documents/Projects/vogue_data_pipeline/venv/lib/python3.11/site-packages/airflow/example_dags/plugins/event_listener.py
[2026-01-06T14:50:28.324+1100] {processor.py:842} WARNING - No viable dags retrieved from /Users/fionatham/Documents/Projects/vogue_data_pipeline/venv/lib/python3.11/site-packages/airflow/example_dags/plugins/event_listener.py
[2026-01-06T14:50:28.356+1100] {processor.py:183} INFO - Processing /Users/fionatham/Documents/Projects/vogue_data_pipeline/venv/lib/python3.11/site-packages/airflow/example_dags/plugins/event_listener.py took 0.035 seconds
[2026-01-06T14:51:22.848+1100] {processor.py:161} INFO - Started process (PID=93432) to work on /Users/fionatham/Documents/Projects/vogue_data_pipeline/venv/lib/python3.11/site-packages/airflow/example_dags/plugins/event_listener.py
[2026-01-06T14:51:22.848+1100] {processor.py:830} INFO - Processing file /Users/fionatham/Documents/Projects/vogue_data_pipeline/venv/lib/python3.11/site-packages/airflow/example_dags/plugins/event_listener.py for tasks to queue
[2026-01-06T14:51:22.849+1100] {logging_mixin.py:188} INFO - [2026-01-06T14:51:22.849+1100] {dagbag.py:545} INFO - Filling up the DagBag from /Users/fionatham/Documents/Projects/vogue_data_pipeline/venv/lib/python3.11/site-packages/airflow/example_dags/plugins/event_listener.py
[2026-01-06T14:51:22.849+1100] {processor.py:842} WARNING - No viable dags retrieved from /Users/fionatham/Documents/Projects/vogue_data_pipeline/venv/lib/python3.11/site-packages/airflow/example_dags/plugins/event_listener.py
[2026-01-06T14:51:22.881+1100] {processor.py:183} INFO - Processing /Users/fionatham/Documents/Projects/vogue_data_pipeline/venv/lib/python3.11/site-packages/airflow/example_dags/plugins/event_listener.py took 0.034 seconds
[2026-01-06T14:52:19.297+1100] {processor.py:161} INFO - Started process (PID=93484) to work on /Users/fionatham/Documents/Projects/vogue_data_pipeline/venv/lib/python3.11/site-packages/airflow/example_dags/plugins/event_listener.py
[2026-01-06T14:52:19.299+1100] {processor.py:830} INFO - Processing file /Users/fionatham/Documents/Projects/vogue_data_pipeline/venv/lib/python3.11/site-packages/airflow/example_dags/plugins/event_listener.py for tasks to queue
[2026-01-06T14:52:19.299+1100] {logging_mixin.py:188} INFO - [2026-01-06T14:52:19.299+1100] {dagbag.py:545} INFO - Filling up the DagBag from /Users/fionatham/Documents/Projects/vogue_data_pipeline/venv/lib/python3.11/site-packages/airflow/example_dags/plugins/event_listener.py
[2026-01-06T14:52:19.300+1100] {processor.py:842} WARNING - No viable dags retrieved from /Users/fionatham/Documents/Projects/vogue_data_pipeline/venv/lib/python3.11/site-packages/airflow/example_dags/plugins/event_listener.py
[2026-01-06T14:52:19.332+1100] {processor.py:183} INFO - Processing /Users/fionatham/Documents/Projects/vogue_data_pipeline/venv/lib/python3.11/site-packages/airflow/example_dags/plugins/event_listener.py took 0.036 seconds
[2026-01-06T14:53:17.386+1100] {processor.py:161} INFO - Started process (PID=93549) to work on /Users/fionatham/Documents/Projects/vogue_data_pipeline/venv/lib/python3.11/site-packages/airflow/example_dags/plugins/event_listener.py
[2026-01-06T14:53:17.387+1100] {processor.py:830} INFO - Processing file /Users/fionatham/Documents/Projects/vogue_data_pipeline/venv/lib/python3.11/site-packages/airflow/example_dags/plugins/event_listener.py for tasks to queue
[2026-01-06T14:53:17.388+1100] {logging_mixin.py:188} INFO - [2026-01-06T14:53:17.388+1100] {dagbag.py:545} INFO - Filling up the DagBag from /Users/fionatham/Documents/Projects/vogue_data_pipeline/venv/lib/python3.11/site-packages/airflow/example_dags/plugins/event_listener.py
[2026-01-06T14:53:17.388+1100] {processor.py:842} WARNING - No viable dags retrieved from /Users/fionatham/Documents/Projects/vogue_data_pipeline/venv/lib/python3.11/site-packages/airflow/example_dags/plugins/event_listener.py
[2026-01-06T14:53:17.420+1100] {processor.py:183} INFO - Processing /Users/fionatham/Documents/Projects/vogue_data_pipeline/venv/lib/python3.11/site-packages/airflow/example_dags/plugins/event_listener.py took 0.036 seconds
[2026-01-06T14:54:15.155+1100] {processor.py:161} INFO - Started process (PID=93633) to work on /Users/fionatham/Documents/Projects/vogue_data_pipeline/venv/lib/python3.11/site-packages/airflow/example_dags/plugins/event_listener.py
[2026-01-06T14:54:15.156+1100] {processor.py:830} INFO - Processing file /Users/fionatham/Documents/Projects/vogue_data_pipeline/venv/lib/python3.11/site-packages/airflow/example_dags/plugins/event_listener.py for tasks to queue
[2026-01-06T14:54:15.157+1100] {logging_mixin.py:188} INFO - [2026-01-06T14:54:15.157+1100] {dagbag.py:545} INFO - Filling up the DagBag from /Users/fionatham/Documents/Projects/vogue_data_pipeline/venv/lib/python3.11/site-packages/airflow/example_dags/plugins/event_listener.py
[2026-01-06T14:54:15.157+1100] {processor.py:842} WARNING - No viable dags retrieved from /Users/fionatham/Documents/Projects/vogue_data_pipeline/venv/lib/python3.11/site-packages/airflow/example_dags/plugins/event_listener.py
[2026-01-06T14:54:15.191+1100] {processor.py:183} INFO - Processing /Users/fionatham/Documents/Projects/vogue_data_pipeline/venv/lib/python3.11/site-packages/airflow/example_dags/plugins/event_listener.py took 0.037 seconds
[2026-01-06T14:55:13.577+1100] {processor.py:161} INFO - Started process (PID=93736) to work on /Users/fionatham/Documents/Projects/vogue_data_pipeline/venv/lib/python3.11/site-packages/airflow/example_dags/plugins/event_listener.py
[2026-01-06T14:55:13.578+1100] {processor.py:830} INFO - Processing file /Users/fionatham/Documents/Projects/vogue_data_pipeline/venv/lib/python3.11/site-packages/airflow/example_dags/plugins/event_listener.py for tasks to queue
[2026-01-06T14:55:13.579+1100] {logging_mixin.py:188} INFO - [2026-01-06T14:55:13.579+1100] {dagbag.py:545} INFO - Filling up the DagBag from /Users/fionatham/Documents/Projects/vogue_data_pipeline/venv/lib/python3.11/site-packages/airflow/example_dags/plugins/event_listener.py
[2026-01-06T14:55:13.579+1100] {processor.py:842} WARNING - No viable dags retrieved from /Users/fionatham/Documents/Projects/vogue_data_pipeline/venv/lib/python3.11/site-packages/airflow/example_dags/plugins/event_listener.py
[2026-01-06T14:55:13.609+1100] {processor.py:183} INFO - Processing /Users/fionatham/Documents/Projects/vogue_data_pipeline/venv/lib/python3.11/site-packages/airflow/example_dags/plugins/event_listener.py took 0.033 seconds
[2026-01-06T14:56:13.603+1100] {processor.py:161} INFO - Started process (PID=93776) to work on /Users/fionatham/Documents/Projects/vogue_data_pipeline/venv/lib/python3.11/site-packages/airflow/example_dags/plugins/event_listener.py
[2026-01-06T14:56:13.603+1100] {processor.py:830} INFO - Processing file /Users/fionatham/Documents/Projects/vogue_data_pipeline/venv/lib/python3.11/site-packages/airflow/example_dags/plugins/event_listener.py for tasks to queue
[2026-01-06T14:56:13.604+1100] {logging_mixin.py:188} INFO - [2026-01-06T14:56:13.604+1100] {dagbag.py:545} INFO - Filling up the DagBag from /Users/fionatham/Documents/Projects/vogue_data_pipeline/venv/lib/python3.11/site-packages/airflow/example_dags/plugins/event_listener.py
[2026-01-06T14:56:13.604+1100] {processor.py:842} WARNING - No viable dags retrieved from /Users/fionatham/Documents/Projects/vogue_data_pipeline/venv/lib/python3.11/site-packages/airflow/example_dags/plugins/event_listener.py
[2026-01-06T14:56:13.634+1100] {processor.py:183} INFO - Processing /Users/fionatham/Documents/Projects/vogue_data_pipeline/venv/lib/python3.11/site-packages/airflow/example_dags/plugins/event_listener.py took 0.033 seconds
[2026-01-06T14:57:13.016+1100] {processor.py:161} INFO - Started process (PID=93839) to work on /Users/fionatham/Documents/Projects/vogue_data_pipeline/venv/lib/python3.11/site-packages/airflow/example_dags/plugins/event_listener.py
[2026-01-06T14:57:13.017+1100] {processor.py:830} INFO - Processing file /Users/fionatham/Documents/Projects/vogue_data_pipeline/venv/lib/python3.11/site-packages/airflow/example_dags/plugins/event_listener.py for tasks to queue
[2026-01-06T14:57:13.017+1100] {logging_mixin.py:188} INFO - [2026-01-06T14:57:13.017+1100] {dagbag.py:545} INFO - Filling up the DagBag from /Users/fionatham/Documents/Projects/vogue_data_pipeline/venv/lib/python3.11/site-packages/airflow/example_dags/plugins/event_listener.py
[2026-01-06T14:57:13.018+1100] {processor.py:842} WARNING - No viable dags retrieved from /Users/fionatham/Documents/Projects/vogue_data_pipeline/venv/lib/python3.11/site-packages/airflow/example_dags/plugins/event_listener.py
[2026-01-06T14:57:13.049+1100] {processor.py:183} INFO - Processing /Users/fionatham/Documents/Projects/vogue_data_pipeline/venv/lib/python3.11/site-packages/airflow/example_dags/plugins/event_listener.py took 0.034 seconds
[2026-01-06T14:58:10.420+1100] {processor.py:161} INFO - Started process (PID=93889) to work on /Users/fionatham/Documents/Projects/vogue_data_pipeline/venv/lib/python3.11/site-packages/airflow/example_dags/plugins/event_listener.py
[2026-01-06T14:58:10.421+1100] {processor.py:830} INFO - Processing file /Users/fionatham/Documents/Projects/vogue_data_pipeline/venv/lib/python3.11/site-packages/airflow/example_dags/plugins/event_listener.py for tasks to queue
[2026-01-06T14:58:10.421+1100] {logging_mixin.py:188} INFO - [2026-01-06T14:58:10.421+1100] {dagbag.py:545} INFO - Filling up the DagBag from /Users/fionatham/Documents/Projects/vogue_data_pipeline/venv/lib/python3.11/site-packages/airflow/example_dags/plugins/event_listener.py
[2026-01-06T14:58:10.422+1100] {processor.py:842} WARNING - No viable dags retrieved from /Users/fionatham/Documents/Projects/vogue_data_pipeline/venv/lib/python3.11/site-packages/airflow/example_dags/plugins/event_listener.py
[2026-01-06T14:58:10.453+1100] {processor.py:183} INFO - Processing /Users/fionatham/Documents/Projects/vogue_data_pipeline/venv/lib/python3.11/site-packages/airflow/example_dags/plugins/event_listener.py took 0.034 seconds
[2026-01-06T14:59:09.097+1100] {processor.py:161} INFO - Started process (PID=93996) to work on /Users/fionatham/Documents/Projects/vogue_data_pipeline/venv/lib/python3.11/site-packages/airflow/example_dags/plugins/event_listener.py
[2026-01-06T14:59:09.098+1100] {processor.py:830} INFO - Processing file /Users/fionatham/Documents/Projects/vogue_data_pipeline/venv/lib/python3.11/site-packages/airflow/example_dags/plugins/event_listener.py for tasks to queue
[2026-01-06T14:59:09.098+1100] {logging_mixin.py:188} INFO - [2026-01-06T14:59:09.098+1100] {dagbag.py:545} INFO - Filling up the DagBag from /Users/fionatham/Documents/Projects/vogue_data_pipeline/venv/lib/python3.11/site-packages/airflow/example_dags/plugins/event_listener.py
[2026-01-06T14:59:09.099+1100] {processor.py:842} WARNING - No viable dags retrieved from /Users/fionatham/Documents/Projects/vogue_data_pipeline/venv/lib/python3.11/site-packages/airflow/example_dags/plugins/event_listener.py
[2026-01-06T14:59:09.129+1100] {processor.py:183} INFO - Processing /Users/fionatham/Documents/Projects/vogue_data_pipeline/venv/lib/python3.11/site-packages/airflow/example_dags/plugins/event_listener.py took 0.033 seconds
[2026-01-06T15:00:10.613+1100] {processor.py:161} INFO - Started process (PID=94078) to work on /Users/fionatham/Documents/Projects/vogue_data_pipeline/venv/lib/python3.11/site-packages/airflow/example_dags/plugins/event_listener.py
[2026-01-06T15:00:10.614+1100] {processor.py:830} INFO - Processing file /Users/fionatham/Documents/Projects/vogue_data_pipeline/venv/lib/python3.11/site-packages/airflow/example_dags/plugins/event_listener.py for tasks to queue
[2026-01-06T15:00:10.614+1100] {logging_mixin.py:188} INFO - [2026-01-06T15:00:10.614+1100] {dagbag.py:545} INFO - Filling up the DagBag from /Users/fionatham/Documents/Projects/vogue_data_pipeline/venv/lib/python3.11/site-packages/airflow/example_dags/plugins/event_listener.py
[2026-01-06T15:00:10.615+1100] {processor.py:842} WARNING - No viable dags retrieved from /Users/fionatham/Documents/Projects/vogue_data_pipeline/venv/lib/python3.11/site-packages/airflow/example_dags/plugins/event_listener.py
[2026-01-06T15:00:10.647+1100] {processor.py:183} INFO - Processing /Users/fionatham/Documents/Projects/vogue_data_pipeline/venv/lib/python3.11/site-packages/airflow/example_dags/plugins/event_listener.py took 0.035 seconds
[2026-01-06T15:01:09.261+1100] {processor.py:161} INFO - Started process (PID=94152) to work on /Users/fionatham/Documents/Projects/vogue_data_pipeline/venv/lib/python3.11/site-packages/airflow/example_dags/plugins/event_listener.py
[2026-01-06T15:01:09.262+1100] {processor.py:830} INFO - Processing file /Users/fionatham/Documents/Projects/vogue_data_pipeline/venv/lib/python3.11/site-packages/airflow/example_dags/plugins/event_listener.py for tasks to queue
[2026-01-06T15:01:09.262+1100] {logging_mixin.py:188} INFO - [2026-01-06T15:01:09.262+1100] {dagbag.py:545} INFO - Filling up the DagBag from /Users/fionatham/Documents/Projects/vogue_data_pipeline/venv/lib/python3.11/site-packages/airflow/example_dags/plugins/event_listener.py
[2026-01-06T15:01:09.262+1100] {processor.py:842} WARNING - No viable dags retrieved from /Users/fionatham/Documents/Projects/vogue_data_pipeline/venv/lib/python3.11/site-packages/airflow/example_dags/plugins/event_listener.py
[2026-01-06T15:01:09.295+1100] {processor.py:183} INFO - Processing /Users/fionatham/Documents/Projects/vogue_data_pipeline/venv/lib/python3.11/site-packages/airflow/example_dags/plugins/event_listener.py took 0.036 seconds
[2026-01-06T15:02:08.926+1100] {processor.py:161} INFO - Started process (PID=94288) to work on /Users/fionatham/Documents/Projects/vogue_data_pipeline/venv/lib/python3.11/site-packages/airflow/example_dags/plugins/event_listener.py
[2026-01-06T15:02:08.927+1100] {processor.py:830} INFO - Processing file /Users/fionatham/Documents/Projects/vogue_data_pipeline/venv/lib/python3.11/site-packages/airflow/example_dags/plugins/event_listener.py for tasks to queue
[2026-01-06T15:02:08.927+1100] {logging_mixin.py:188} INFO - [2026-01-06T15:02:08.927+1100] {dagbag.py:545} INFO - Filling up the DagBag from /Users/fionatham/Documents/Projects/vogue_data_pipeline/venv/lib/python3.11/site-packages/airflow/example_dags/plugins/event_listener.py
[2026-01-06T15:02:08.928+1100] {processor.py:842} WARNING - No viable dags retrieved from /Users/fionatham/Documents/Projects/vogue_data_pipeline/venv/lib/python3.11/site-packages/airflow/example_dags/plugins/event_listener.py
[2026-01-06T15:02:08.960+1100] {processor.py:183} INFO - Processing /Users/fionatham/Documents/Projects/vogue_data_pipeline/venv/lib/python3.11/site-packages/airflow/example_dags/plugins/event_listener.py took 0.036 seconds
[2026-01-06T15:03:10.780+1100] {processor.py:161} INFO - Started process (PID=94411) to work on /Users/fionatham/Documents/Projects/vogue_data_pipeline/venv/lib/python3.11/site-packages/airflow/example_dags/plugins/event_listener.py
[2026-01-06T15:03:10.781+1100] {processor.py:830} INFO - Processing file /Users/fionatham/Documents/Projects/vogue_data_pipeline/venv/lib/python3.11/site-packages/airflow/example_dags/plugins/event_listener.py for tasks to queue
[2026-01-06T15:03:10.781+1100] {logging_mixin.py:188} INFO - [2026-01-06T15:03:10.781+1100] {dagbag.py:545} INFO - Filling up the DagBag from /Users/fionatham/Documents/Projects/vogue_data_pipeline/venv/lib/python3.11/site-packages/airflow/example_dags/plugins/event_listener.py
[2026-01-06T15:03:10.782+1100] {processor.py:842} WARNING - No viable dags retrieved from /Users/fionatham/Documents/Projects/vogue_data_pipeline/venv/lib/python3.11/site-packages/airflow/example_dags/plugins/event_listener.py
[2026-01-06T15:03:10.814+1100] {processor.py:183} INFO - Processing /Users/fionatham/Documents/Projects/vogue_data_pipeline/venv/lib/python3.11/site-packages/airflow/example_dags/plugins/event_listener.py took 0.035 seconds
[2026-01-06T15:04:10.221+1100] {processor.py:161} INFO - Started process (PID=94560) to work on /Users/fionatham/Documents/Projects/vogue_data_pipeline/venv/lib/python3.11/site-packages/airflow/example_dags/plugins/event_listener.py
[2026-01-06T15:04:10.221+1100] {processor.py:830} INFO - Processing file /Users/fionatham/Documents/Projects/vogue_data_pipeline/venv/lib/python3.11/site-packages/airflow/example_dags/plugins/event_listener.py for tasks to queue
[2026-01-06T15:04:10.222+1100] {logging_mixin.py:188} INFO - [2026-01-06T15:04:10.222+1100] {dagbag.py:545} INFO - Filling up the DagBag from /Users/fionatham/Documents/Projects/vogue_data_pipeline/venv/lib/python3.11/site-packages/airflow/example_dags/plugins/event_listener.py
[2026-01-06T15:04:10.222+1100] {processor.py:842} WARNING - No viable dags retrieved from /Users/fionatham/Documents/Projects/vogue_data_pipeline/venv/lib/python3.11/site-packages/airflow/example_dags/plugins/event_listener.py
[2026-01-06T15:04:10.252+1100] {processor.py:183} INFO - Processing /Users/fionatham/Documents/Projects/vogue_data_pipeline/venv/lib/python3.11/site-packages/airflow/example_dags/plugins/event_listener.py took 0.033 seconds
[2026-01-06T15:05:11.169+1100] {processor.py:161} INFO - Started process (PID=94602) to work on /Users/fionatham/Documents/Projects/vogue_data_pipeline/venv/lib/python3.11/site-packages/airflow/example_dags/plugins/event_listener.py
[2026-01-06T15:05:11.170+1100] {processor.py:830} INFO - Processing file /Users/fionatham/Documents/Projects/vogue_data_pipeline/venv/lib/python3.11/site-packages/airflow/example_dags/plugins/event_listener.py for tasks to queue
[2026-01-06T15:05:11.171+1100] {logging_mixin.py:188} INFO - [2026-01-06T15:05:11.171+1100] {dagbag.py:545} INFO - Filling up the DagBag from /Users/fionatham/Documents/Projects/vogue_data_pipeline/venv/lib/python3.11/site-packages/airflow/example_dags/plugins/event_listener.py
[2026-01-06T15:05:11.171+1100] {processor.py:842} WARNING - No viable dags retrieved from /Users/fionatham/Documents/Projects/vogue_data_pipeline/venv/lib/python3.11/site-packages/airflow/example_dags/plugins/event_listener.py
[2026-01-06T15:05:11.201+1100] {processor.py:183} INFO - Processing /Users/fionatham/Documents/Projects/vogue_data_pipeline/venv/lib/python3.11/site-packages/airflow/example_dags/plugins/event_listener.py took 0.033 seconds
[2026-01-06T15:06:08.956+1100] {processor.py:161} INFO - Started process (PID=94655) to work on /Users/fionatham/Documents/Projects/vogue_data_pipeline/venv/lib/python3.11/site-packages/airflow/example_dags/plugins/event_listener.py
[2026-01-06T15:06:08.957+1100] {processor.py:830} INFO - Processing file /Users/fionatham/Documents/Projects/vogue_data_pipeline/venv/lib/python3.11/site-packages/airflow/example_dags/plugins/event_listener.py for tasks to queue
[2026-01-06T15:06:08.957+1100] {logging_mixin.py:188} INFO - [2026-01-06T15:06:08.957+1100] {dagbag.py:545} INFO - Filling up the DagBag from /Users/fionatham/Documents/Projects/vogue_data_pipeline/venv/lib/python3.11/site-packages/airflow/example_dags/plugins/event_listener.py
[2026-01-06T15:06:08.958+1100] {processor.py:842} WARNING - No viable dags retrieved from /Users/fionatham/Documents/Projects/vogue_data_pipeline/venv/lib/python3.11/site-packages/airflow/example_dags/plugins/event_listener.py
[2026-01-06T15:06:08.991+1100] {processor.py:183} INFO - Processing /Users/fionatham/Documents/Projects/vogue_data_pipeline/venv/lib/python3.11/site-packages/airflow/example_dags/plugins/event_listener.py took 0.036 seconds
[2026-01-06T15:12:06.120+1100] {processor.py:161} INFO - Started process (PID=95188) to work on /Users/fionatham/Documents/Projects/vogue_data_pipeline/venv/lib/python3.11/site-packages/airflow/example_dags/plugins/event_listener.py
[2026-01-06T15:12:06.120+1100] {processor.py:830} INFO - Processing file /Users/fionatham/Documents/Projects/vogue_data_pipeline/venv/lib/python3.11/site-packages/airflow/example_dags/plugins/event_listener.py for tasks to queue
[2026-01-06T15:12:06.121+1100] {logging_mixin.py:188} INFO - [2026-01-06T15:12:06.120+1100] {dagbag.py:545} INFO - Filling up the DagBag from /Users/fionatham/Documents/Projects/vogue_data_pipeline/venv/lib/python3.11/site-packages/airflow/example_dags/plugins/event_listener.py
[2026-01-06T15:12:06.121+1100] {processor.py:842} WARNING - No viable dags retrieved from /Users/fionatham/Documents/Projects/vogue_data_pipeline/venv/lib/python3.11/site-packages/airflow/example_dags/plugins/event_listener.py
[2026-01-06T15:12:06.151+1100] {processor.py:183} INFO - Processing /Users/fionatham/Documents/Projects/vogue_data_pipeline/venv/lib/python3.11/site-packages/airflow/example_dags/plugins/event_listener.py took 0.032 seconds
[2026-01-06T15:13:38.848+1100] {processor.py:161} INFO - Started process (PID=95351) to work on /Users/fionatham/Documents/Projects/vogue_data_pipeline/venv/lib/python3.11/site-packages/airflow/example_dags/plugins/event_listener.py
[2026-01-06T15:13:38.848+1100] {processor.py:830} INFO - Processing file /Users/fionatham/Documents/Projects/vogue_data_pipeline/venv/lib/python3.11/site-packages/airflow/example_dags/plugins/event_listener.py for tasks to queue
[2026-01-06T15:13:38.848+1100] {logging_mixin.py:188} INFO - [2026-01-06T15:13:38.848+1100] {dagbag.py:545} INFO - Filling up the DagBag from /Users/fionatham/Documents/Projects/vogue_data_pipeline/venv/lib/python3.11/site-packages/airflow/example_dags/plugins/event_listener.py
[2026-01-06T15:13:38.849+1100] {processor.py:842} WARNING - No viable dags retrieved from /Users/fionatham/Documents/Projects/vogue_data_pipeline/venv/lib/python3.11/site-packages/airflow/example_dags/plugins/event_listener.py
[2026-01-06T15:13:38.879+1100] {processor.py:183} INFO - Processing /Users/fionatham/Documents/Projects/vogue_data_pipeline/venv/lib/python3.11/site-packages/airflow/example_dags/plugins/event_listener.py took 0.033 seconds
[2026-01-06T15:16:07.566+1100] {processor.py:161} INFO - Started process (PID=95436) to work on /Users/fionatham/Documents/Projects/vogue_data_pipeline/venv/lib/python3.11/site-packages/airflow/example_dags/plugins/event_listener.py
[2026-01-06T15:16:07.566+1100] {processor.py:830} INFO - Processing file /Users/fionatham/Documents/Projects/vogue_data_pipeline/venv/lib/python3.11/site-packages/airflow/example_dags/plugins/event_listener.py for tasks to queue
[2026-01-06T15:16:07.567+1100] {logging_mixin.py:188} INFO - [2026-01-06T15:16:07.567+1100] {dagbag.py:545} INFO - Filling up the DagBag from /Users/fionatham/Documents/Projects/vogue_data_pipeline/venv/lib/python3.11/site-packages/airflow/example_dags/plugins/event_listener.py
[2026-01-06T15:16:07.567+1100] {processor.py:842} WARNING - No viable dags retrieved from /Users/fionatham/Documents/Projects/vogue_data_pipeline/venv/lib/python3.11/site-packages/airflow/example_dags/plugins/event_listener.py
[2026-01-06T15:16:07.602+1100] {processor.py:183} INFO - Processing /Users/fionatham/Documents/Projects/vogue_data_pipeline/venv/lib/python3.11/site-packages/airflow/example_dags/plugins/event_listener.py took 0.038 seconds
[2026-01-06T17:00:10.055+1100] {processor.py:161} INFO - Started process (PID=95538) to work on /Users/fionatham/Documents/Projects/vogue_data_pipeline/venv/lib/python3.11/site-packages/airflow/example_dags/plugins/event_listener.py
[2026-01-06T17:00:10.056+1100] {processor.py:830} INFO - Processing file /Users/fionatham/Documents/Projects/vogue_data_pipeline/venv/lib/python3.11/site-packages/airflow/example_dags/plugins/event_listener.py for tasks to queue
[2026-01-06T17:00:10.057+1100] {logging_mixin.py:188} INFO - [2026-01-06T17:00:10.057+1100] {dagbag.py:545} INFO - Filling up the DagBag from /Users/fionatham/Documents/Projects/vogue_data_pipeline/venv/lib/python3.11/site-packages/airflow/example_dags/plugins/event_listener.py
[2026-01-06T17:00:10.058+1100] {processor.py:842} WARNING - No viable dags retrieved from /Users/fionatham/Documents/Projects/vogue_data_pipeline/venv/lib/python3.11/site-packages/airflow/example_dags/plugins/event_listener.py
[2026-01-06T17:00:10.092+1100] {processor.py:183} INFO - Processing /Users/fionatham/Documents/Projects/vogue_data_pipeline/venv/lib/python3.11/site-packages/airflow/example_dags/plugins/event_listener.py took 0.039 seconds
[2026-01-06T20:06:12.979+1100] {processor.py:161} INFO - Started process (PID=95643) to work on /Users/fionatham/Documents/Projects/vogue_data_pipeline/venv/lib/python3.11/site-packages/airflow/example_dags/plugins/event_listener.py
[2026-01-06T20:06:12.980+1100] {processor.py:830} INFO - Processing file /Users/fionatham/Documents/Projects/vogue_data_pipeline/venv/lib/python3.11/site-packages/airflow/example_dags/plugins/event_listener.py for tasks to queue
[2026-01-06T20:06:12.980+1100] {logging_mixin.py:188} INFO - [2026-01-06T20:06:12.980+1100] {dagbag.py:545} INFO - Filling up the DagBag from /Users/fionatham/Documents/Projects/vogue_data_pipeline/venv/lib/python3.11/site-packages/airflow/example_dags/plugins/event_listener.py
[2026-01-06T20:06:12.981+1100] {processor.py:842} WARNING - No viable dags retrieved from /Users/fionatham/Documents/Projects/vogue_data_pipeline/venv/lib/python3.11/site-packages/airflow/example_dags/plugins/event_listener.py
[2026-01-06T20:06:13.011+1100] {processor.py:183} INFO - Processing /Users/fionatham/Documents/Projects/vogue_data_pipeline/venv/lib/python3.11/site-packages/airflow/example_dags/plugins/event_listener.py took 0.033 seconds
[2026-01-06T20:52:53.429+1100] {processor.py:161} INFO - Started process (PID=95803) to work on /Users/fionatham/Documents/Projects/vogue_data_pipeline/venv/lib/python3.11/site-packages/airflow/example_dags/plugins/event_listener.py
[2026-01-06T20:52:53.430+1100] {processor.py:830} INFO - Processing file /Users/fionatham/Documents/Projects/vogue_data_pipeline/venv/lib/python3.11/site-packages/airflow/example_dags/plugins/event_listener.py for tasks to queue
[2026-01-06T20:52:53.430+1100] {logging_mixin.py:188} INFO - [2026-01-06T20:52:53.430+1100] {dagbag.py:545} INFO - Filling up the DagBag from /Users/fionatham/Documents/Projects/vogue_data_pipeline/venv/lib/python3.11/site-packages/airflow/example_dags/plugins/event_listener.py
[2026-01-06T20:52:53.431+1100] {processor.py:842} WARNING - No viable dags retrieved from /Users/fionatham/Documents/Projects/vogue_data_pipeline/venv/lib/python3.11/site-packages/airflow/example_dags/plugins/event_listener.py
[2026-01-06T20:52:53.461+1100] {processor.py:183} INFO - Processing /Users/fionatham/Documents/Projects/vogue_data_pipeline/venv/lib/python3.11/site-packages/airflow/example_dags/plugins/event_listener.py took 0.033 seconds
[2026-01-06T22:40:05.350+1100] {processor.py:161} INFO - Started process (PID=95933) to work on /Users/fionatham/Documents/Projects/vogue_data_pipeline/venv/lib/python3.11/site-packages/airflow/example_dags/plugins/event_listener.py
[2026-01-06T22:40:05.351+1100] {processor.py:830} INFO - Processing file /Users/fionatham/Documents/Projects/vogue_data_pipeline/venv/lib/python3.11/site-packages/airflow/example_dags/plugins/event_listener.py for tasks to queue
[2026-01-06T22:40:05.351+1100] {logging_mixin.py:188} INFO - [2026-01-06T22:40:05.351+1100] {dagbag.py:545} INFO - Filling up the DagBag from /Users/fionatham/Documents/Projects/vogue_data_pipeline/venv/lib/python3.11/site-packages/airflow/example_dags/plugins/event_listener.py
[2026-01-06T22:40:05.351+1100] {processor.py:842} WARNING - No viable dags retrieved from /Users/fionatham/Documents/Projects/vogue_data_pipeline/venv/lib/python3.11/site-packages/airflow/example_dags/plugins/event_listener.py
[2026-01-06T22:40:05.381+1100] {processor.py:183} INFO - Processing /Users/fionatham/Documents/Projects/vogue_data_pipeline/venv/lib/python3.11/site-packages/airflow/example_dags/plugins/event_listener.py took 0.032 seconds
[2026-01-06T23:57:39.031+1100] {processor.py:161} INFO - Started process (PID=96120) to work on /Users/fionatham/Documents/Projects/vogue_data_pipeline/venv/lib/python3.11/site-packages/airflow/example_dags/plugins/event_listener.py
[2026-01-06T23:57:39.031+1100] {processor.py:830} INFO - Processing file /Users/fionatham/Documents/Projects/vogue_data_pipeline/venv/lib/python3.11/site-packages/airflow/example_dags/plugins/event_listener.py for tasks to queue
[2026-01-06T23:57:39.032+1100] {logging_mixin.py:188} INFO - [2026-01-06T23:57:39.032+1100] {dagbag.py:545} INFO - Filling up the DagBag from /Users/fionatham/Documents/Projects/vogue_data_pipeline/venv/lib/python3.11/site-packages/airflow/example_dags/plugins/event_listener.py
[2026-01-06T23:57:39.032+1100] {processor.py:842} WARNING - No viable dags retrieved from /Users/fionatham/Documents/Projects/vogue_data_pipeline/venv/lib/python3.11/site-packages/airflow/example_dags/plugins/event_listener.py
[2026-01-06T23:57:39.063+1100] {processor.py:183} INFO - Processing /Users/fionatham/Documents/Projects/vogue_data_pipeline/venv/lib/python3.11/site-packages/airflow/example_dags/plugins/event_listener.py took 0.034 seconds
