[2026-01-06T13:51:22.755+1100] {processor.py:161} INFO - Started process (PID=83700) to work on /Users/fionatham/Documents/Projects/vogue_data_pipeline/venv/lib/python3.11/site-packages/airflow/example_dags/plugins/listener_plugin.py
[2026-01-06T13:51:22.755+1100] {processor.py:830} INFO - Processing file /Users/fionatham/Documents/Projects/vogue_data_pipeline/venv/lib/python3.11/site-packages/airflow/example_dags/plugins/listener_plugin.py for tasks to queue
[2026-01-06T13:51:22.756+1100] {logging_mixin.py:188} INFO - [2026-01-06T13:51:22.756+1100] {dagbag.py:545} INFO - Filling up the DagBag from /Users/fionatham/Documents/Projects/vogue_data_pipeline/venv/lib/python3.11/site-packages/airflow/example_dags/plugins/listener_plugin.py
[2026-01-06T13:51:22.756+1100] {processor.py:842} WARNING - No viable dags retrieved from /Users/fionatham/Documents/Projects/vogue_data_pipeline/venv/lib/python3.11/site-packages/airflow/example_dags/plugins/listener_plugin.py
[2026-01-06T13:51:22.787+1100] {processor.py:183} INFO - Processing /Users/fionatham/Documents/Projects/vogue_data_pipeline/venv/lib/python3.11/site-packages/airflow/example_dags/plugins/listener_plugin.py took 0.034 seconds
[2026-01-06T13:56:36.002+1100] {processor.py:161} INFO - Started process (PID=85233) to work on /Users/fionatham/Documents/Projects/vogue_data_pipeline/venv/lib/python3.11/site-packages/airflow/example_dags/plugins/listener_plugin.py
[2026-01-06T13:56:36.004+1100] {processor.py:830} INFO - Processing file /Users/fionatham/Documents/Projects/vogue_data_pipeline/venv/lib/python3.11/site-packages/airflow/example_dags/plugins/listener_plugin.py for tasks to queue
[2026-01-06T13:56:36.004+1100] {logging_mixin.py:188} INFO - [2026-01-06T13:56:36.004+1100] {dagbag.py:545} INFO - Filling up the DagBag from /Users/fionatham/Documents/Projects/vogue_data_pipeline/venv/lib/python3.11/site-packages/airflow/example_dags/plugins/listener_plugin.py
[2026-01-06T13:56:36.006+1100] {processor.py:842} WARNING - No viable dags retrieved from /Users/fionatham/Documents/Projects/vogue_data_pipeline/venv/lib/python3.11/site-packages/airflow/example_dags/plugins/listener_plugin.py
[2026-01-06T13:56:36.037+1100] {processor.py:183} INFO - Processing /Users/fionatham/Documents/Projects/vogue_data_pipeline/venv/lib/python3.11/site-packages/airflow/example_dags/plugins/listener_plugin.py took 0.037 seconds
[2026-01-06T13:58:09.169+1100] {processor.py:161} INFO - Started process (PID=85458) to work on /Users/fionatham/Documents/Projects/vogue_data_pipeline/venv/lib/python3.11/site-packages/airflow/example_dags/plugins/listener_plugin.py
[2026-01-06T13:58:09.169+1100] {processor.py:830} INFO - Processing file /Users/fionatham/Documents/Projects/vogue_data_pipeline/venv/lib/python3.11/site-packages/airflow/example_dags/plugins/listener_plugin.py for tasks to queue
[2026-01-06T13:58:09.169+1100] {logging_mixin.py:188} INFO - [2026-01-06T13:58:09.169+1100] {dagbag.py:545} INFO - Filling up the DagBag from /Users/fionatham/Documents/Projects/vogue_data_pipeline/venv/lib/python3.11/site-packages/airflow/example_dags/plugins/listener_plugin.py
[2026-01-06T13:58:09.171+1100] {processor.py:842} WARNING - No viable dags retrieved from /Users/fionatham/Documents/Projects/vogue_data_pipeline/venv/lib/python3.11/site-packages/airflow/example_dags/plugins/listener_plugin.py
[2026-01-06T13:58:09.203+1100] {processor.py:183} INFO - Processing /Users/fionatham/Documents/Projects/vogue_data_pipeline/venv/lib/python3.11/site-packages/airflow/example_dags/plugins/listener_plugin.py took 0.037 seconds
[2026-01-06T13:59:08.839+1100] {processor.py:161} INFO - Started process (PID=86693) to work on /Users/fionatham/Documents/Projects/vogue_data_pipeline/venv/lib/python3.11/site-packages/airflow/example_dags/plugins/listener_plugin.py
[2026-01-06T13:59:08.839+1100] {processor.py:830} INFO - Processing file /Users/fionatham/Documents/Projects/vogue_data_pipeline/venv/lib/python3.11/site-packages/airflow/example_dags/plugins/listener_plugin.py for tasks to queue
[2026-01-06T13:59:08.840+1100] {logging_mixin.py:188} INFO - [2026-01-06T13:59:08.840+1100] {dagbag.py:545} INFO - Filling up the DagBag from /Users/fionatham/Documents/Projects/vogue_data_pipeline/venv/lib/python3.11/site-packages/airflow/example_dags/plugins/listener_plugin.py
[2026-01-06T13:59:08.841+1100] {processor.py:842} WARNING - No viable dags retrieved from /Users/fionatham/Documents/Projects/vogue_data_pipeline/venv/lib/python3.11/site-packages/airflow/example_dags/plugins/listener_plugin.py
[2026-01-06T13:59:08.873+1100] {processor.py:183} INFO - Processing /Users/fionatham/Documents/Projects/vogue_data_pipeline/venv/lib/python3.11/site-packages/airflow/example_dags/plugins/listener_plugin.py took 0.036 seconds
[2026-01-06T14:00:09.286+1100] {processor.py:161} INFO - Started process (PID=86842) to work on /Users/fionatham/Documents/Projects/vogue_data_pipeline/venv/lib/python3.11/site-packages/airflow/example_dags/plugins/listener_plugin.py
[2026-01-06T14:00:09.287+1100] {processor.py:830} INFO - Processing file /Users/fionatham/Documents/Projects/vogue_data_pipeline/venv/lib/python3.11/site-packages/airflow/example_dags/plugins/listener_plugin.py for tasks to queue
[2026-01-06T14:00:09.288+1100] {logging_mixin.py:188} INFO - [2026-01-06T14:00:09.288+1100] {dagbag.py:545} INFO - Filling up the DagBag from /Users/fionatham/Documents/Projects/vogue_data_pipeline/venv/lib/python3.11/site-packages/airflow/example_dags/plugins/listener_plugin.py
[2026-01-06T14:00:09.288+1100] {processor.py:842} WARNING - No viable dags retrieved from /Users/fionatham/Documents/Projects/vogue_data_pipeline/venv/lib/python3.11/site-packages/airflow/example_dags/plugins/listener_plugin.py
[2026-01-06T14:00:09.320+1100] {processor.py:183} INFO - Processing /Users/fionatham/Documents/Projects/vogue_data_pipeline/venv/lib/python3.11/site-packages/airflow/example_dags/plugins/listener_plugin.py took 0.035 seconds
[2026-01-06T14:01:08.867+1100] {processor.py:161} INFO - Started process (PID=87009) to work on /Users/fionatham/Documents/Projects/vogue_data_pipeline/venv/lib/python3.11/site-packages/airflow/example_dags/plugins/listener_plugin.py
[2026-01-06T14:01:08.868+1100] {processor.py:830} INFO - Processing file /Users/fionatham/Documents/Projects/vogue_data_pipeline/venv/lib/python3.11/site-packages/airflow/example_dags/plugins/listener_plugin.py for tasks to queue
[2026-01-06T14:01:08.869+1100] {logging_mixin.py:188} INFO - [2026-01-06T14:01:08.869+1100] {dagbag.py:545} INFO - Filling up the DagBag from /Users/fionatham/Documents/Projects/vogue_data_pipeline/venv/lib/python3.11/site-packages/airflow/example_dags/plugins/listener_plugin.py
[2026-01-06T14:01:08.870+1100] {processor.py:842} WARNING - No viable dags retrieved from /Users/fionatham/Documents/Projects/vogue_data_pipeline/venv/lib/python3.11/site-packages/airflow/example_dags/plugins/listener_plugin.py
[2026-01-06T14:01:08.902+1100] {processor.py:183} INFO - Processing /Users/fionatham/Documents/Projects/vogue_data_pipeline/venv/lib/python3.11/site-packages/airflow/example_dags/plugins/listener_plugin.py took 0.036 seconds
[2026-01-06T14:02:10.379+1100] {processor.py:161} INFO - Started process (PID=87092) to work on /Users/fionatham/Documents/Projects/vogue_data_pipeline/venv/lib/python3.11/site-packages/airflow/example_dags/plugins/listener_plugin.py
[2026-01-06T14:02:10.380+1100] {processor.py:830} INFO - Processing file /Users/fionatham/Documents/Projects/vogue_data_pipeline/venv/lib/python3.11/site-packages/airflow/example_dags/plugins/listener_plugin.py for tasks to queue
[2026-01-06T14:02:10.380+1100] {logging_mixin.py:188} INFO - [2026-01-06T14:02:10.380+1100] {dagbag.py:545} INFO - Filling up the DagBag from /Users/fionatham/Documents/Projects/vogue_data_pipeline/venv/lib/python3.11/site-packages/airflow/example_dags/plugins/listener_plugin.py
[2026-01-06T14:02:10.381+1100] {processor.py:842} WARNING - No viable dags retrieved from /Users/fionatham/Documents/Projects/vogue_data_pipeline/venv/lib/python3.11/site-packages/airflow/example_dags/plugins/listener_plugin.py
[2026-01-06T14:02:10.412+1100] {processor.py:183} INFO - Processing /Users/fionatham/Documents/Projects/vogue_data_pipeline/venv/lib/python3.11/site-packages/airflow/example_dags/plugins/listener_plugin.py took 0.035 seconds
[2026-01-06T14:03:12.780+1100] {processor.py:161} INFO - Started process (PID=87190) to work on /Users/fionatham/Documents/Projects/vogue_data_pipeline/venv/lib/python3.11/site-packages/airflow/example_dags/plugins/listener_plugin.py
[2026-01-06T14:03:12.781+1100] {processor.py:830} INFO - Processing file /Users/fionatham/Documents/Projects/vogue_data_pipeline/venv/lib/python3.11/site-packages/airflow/example_dags/plugins/listener_plugin.py for tasks to queue
[2026-01-06T14:03:12.781+1100] {logging_mixin.py:188} INFO - [2026-01-06T14:03:12.781+1100] {dagbag.py:545} INFO - Filling up the DagBag from /Users/fionatham/Documents/Projects/vogue_data_pipeline/venv/lib/python3.11/site-packages/airflow/example_dags/plugins/listener_plugin.py
[2026-01-06T14:03:12.782+1100] {processor.py:842} WARNING - No viable dags retrieved from /Users/fionatham/Documents/Projects/vogue_data_pipeline/venv/lib/python3.11/site-packages/airflow/example_dags/plugins/listener_plugin.py
[2026-01-06T14:03:12.814+1100] {processor.py:183} INFO - Processing /Users/fionatham/Documents/Projects/vogue_data_pipeline/venv/lib/python3.11/site-packages/airflow/example_dags/plugins/listener_plugin.py took 0.036 seconds
[2026-01-06T14:04:13.200+1100] {processor.py:161} INFO - Started process (PID=87247) to work on /Users/fionatham/Documents/Projects/vogue_data_pipeline/venv/lib/python3.11/site-packages/airflow/example_dags/plugins/listener_plugin.py
[2026-01-06T14:04:13.201+1100] {processor.py:830} INFO - Processing file /Users/fionatham/Documents/Projects/vogue_data_pipeline/venv/lib/python3.11/site-packages/airflow/example_dags/plugins/listener_plugin.py for tasks to queue
[2026-01-06T14:04:13.202+1100] {logging_mixin.py:188} INFO - [2026-01-06T14:04:13.201+1100] {dagbag.py:545} INFO - Filling up the DagBag from /Users/fionatham/Documents/Projects/vogue_data_pipeline/venv/lib/python3.11/site-packages/airflow/example_dags/plugins/listener_plugin.py
[2026-01-06T14:04:13.203+1100] {processor.py:842} WARNING - No viable dags retrieved from /Users/fionatham/Documents/Projects/vogue_data_pipeline/venv/lib/python3.11/site-packages/airflow/example_dags/plugins/listener_plugin.py
[2026-01-06T14:04:13.239+1100] {processor.py:183} INFO - Processing /Users/fionatham/Documents/Projects/vogue_data_pipeline/venv/lib/python3.11/site-packages/airflow/example_dags/plugins/listener_plugin.py took 0.041 seconds
[2026-01-06T14:05:13.495+1100] {processor.py:161} INFO - Started process (PID=87380) to work on /Users/fionatham/Documents/Projects/vogue_data_pipeline/venv/lib/python3.11/site-packages/airflow/example_dags/plugins/listener_plugin.py
[2026-01-06T14:05:13.496+1100] {processor.py:830} INFO - Processing file /Users/fionatham/Documents/Projects/vogue_data_pipeline/venv/lib/python3.11/site-packages/airflow/example_dags/plugins/listener_plugin.py for tasks to queue
[2026-01-06T14:05:13.496+1100] {logging_mixin.py:188} INFO - [2026-01-06T14:05:13.496+1100] {dagbag.py:545} INFO - Filling up the DagBag from /Users/fionatham/Documents/Projects/vogue_data_pipeline/venv/lib/python3.11/site-packages/airflow/example_dags/plugins/listener_plugin.py
[2026-01-06T14:05:13.497+1100] {processor.py:842} WARNING - No viable dags retrieved from /Users/fionatham/Documents/Projects/vogue_data_pipeline/venv/lib/python3.11/site-packages/airflow/example_dags/plugins/listener_plugin.py
[2026-01-06T14:05:13.528+1100] {processor.py:183} INFO - Processing /Users/fionatham/Documents/Projects/vogue_data_pipeline/venv/lib/python3.11/site-packages/airflow/example_dags/plugins/listener_plugin.py took 0.035 seconds
[2026-01-06T14:06:12.900+1100] {processor.py:161} INFO - Started process (PID=87480) to work on /Users/fionatham/Documents/Projects/vogue_data_pipeline/venv/lib/python3.11/site-packages/airflow/example_dags/plugins/listener_plugin.py
[2026-01-06T14:06:12.901+1100] {processor.py:830} INFO - Processing file /Users/fionatham/Documents/Projects/vogue_data_pipeline/venv/lib/python3.11/site-packages/airflow/example_dags/plugins/listener_plugin.py for tasks to queue
[2026-01-06T14:06:12.902+1100] {logging_mixin.py:188} INFO - [2026-01-06T14:06:12.901+1100] {dagbag.py:545} INFO - Filling up the DagBag from /Users/fionatham/Documents/Projects/vogue_data_pipeline/venv/lib/python3.11/site-packages/airflow/example_dags/plugins/listener_plugin.py
[2026-01-06T14:06:12.903+1100] {processor.py:842} WARNING - No viable dags retrieved from /Users/fionatham/Documents/Projects/vogue_data_pipeline/venv/lib/python3.11/site-packages/airflow/example_dags/plugins/listener_plugin.py
[2026-01-06T14:06:12.938+1100] {processor.py:183} INFO - Processing /Users/fionatham/Documents/Projects/vogue_data_pipeline/venv/lib/python3.11/site-packages/airflow/example_dags/plugins/listener_plugin.py took 0.039 seconds
[2026-01-06T14:07:14.317+1100] {processor.py:161} INFO - Started process (PID=87592) to work on /Users/fionatham/Documents/Projects/vogue_data_pipeline/venv/lib/python3.11/site-packages/airflow/example_dags/plugins/listener_plugin.py
[2026-01-06T14:07:14.319+1100] {processor.py:830} INFO - Processing file /Users/fionatham/Documents/Projects/vogue_data_pipeline/venv/lib/python3.11/site-packages/airflow/example_dags/plugins/listener_plugin.py for tasks to queue
[2026-01-06T14:07:14.324+1100] {logging_mixin.py:188} INFO - [2026-01-06T14:07:14.324+1100] {dagbag.py:545} INFO - Filling up the DagBag from /Users/fionatham/Documents/Projects/vogue_data_pipeline/venv/lib/python3.11/site-packages/airflow/example_dags/plugins/listener_plugin.py
[2026-01-06T14:07:14.325+1100] {processor.py:842} WARNING - No viable dags retrieved from /Users/fionatham/Documents/Projects/vogue_data_pipeline/venv/lib/python3.11/site-packages/airflow/example_dags/plugins/listener_plugin.py
[2026-01-06T14:07:14.371+1100] {processor.py:183} INFO - Processing /Users/fionatham/Documents/Projects/vogue_data_pipeline/venv/lib/python3.11/site-packages/airflow/example_dags/plugins/listener_plugin.py took 0.060 seconds
[2026-01-06T14:08:14.297+1100] {processor.py:161} INFO - Started process (PID=87654) to work on /Users/fionatham/Documents/Projects/vogue_data_pipeline/venv/lib/python3.11/site-packages/airflow/example_dags/plugins/listener_plugin.py
[2026-01-06T14:08:14.298+1100] {processor.py:830} INFO - Processing file /Users/fionatham/Documents/Projects/vogue_data_pipeline/venv/lib/python3.11/site-packages/airflow/example_dags/plugins/listener_plugin.py for tasks to queue
[2026-01-06T14:08:14.298+1100] {logging_mixin.py:188} INFO - [2026-01-06T14:08:14.298+1100] {dagbag.py:545} INFO - Filling up the DagBag from /Users/fionatham/Documents/Projects/vogue_data_pipeline/venv/lib/python3.11/site-packages/airflow/example_dags/plugins/listener_plugin.py
[2026-01-06T14:08:14.300+1100] {processor.py:842} WARNING - No viable dags retrieved from /Users/fionatham/Documents/Projects/vogue_data_pipeline/venv/lib/python3.11/site-packages/airflow/example_dags/plugins/listener_plugin.py
[2026-01-06T14:08:14.334+1100] {processor.py:183} INFO - Processing /Users/fionatham/Documents/Projects/vogue_data_pipeline/venv/lib/python3.11/site-packages/airflow/example_dags/plugins/listener_plugin.py took 0.039 seconds
[2026-01-06T14:09:10.919+1100] {processor.py:161} INFO - Started process (PID=87695) to work on /Users/fionatham/Documents/Projects/vogue_data_pipeline/venv/lib/python3.11/site-packages/airflow/example_dags/plugins/listener_plugin.py
[2026-01-06T14:09:10.920+1100] {processor.py:830} INFO - Processing file /Users/fionatham/Documents/Projects/vogue_data_pipeline/venv/lib/python3.11/site-packages/airflow/example_dags/plugins/listener_plugin.py for tasks to queue
[2026-01-06T14:09:10.921+1100] {logging_mixin.py:188} INFO - [2026-01-06T14:09:10.921+1100] {dagbag.py:545} INFO - Filling up the DagBag from /Users/fionatham/Documents/Projects/vogue_data_pipeline/venv/lib/python3.11/site-packages/airflow/example_dags/plugins/listener_plugin.py
[2026-01-06T14:09:10.922+1100] {processor.py:842} WARNING - No viable dags retrieved from /Users/fionatham/Documents/Projects/vogue_data_pipeline/venv/lib/python3.11/site-packages/airflow/example_dags/plugins/listener_plugin.py
[2026-01-06T14:09:10.951+1100] {processor.py:183} INFO - Processing /Users/fionatham/Documents/Projects/vogue_data_pipeline/venv/lib/python3.11/site-packages/airflow/example_dags/plugins/listener_plugin.py took 0.034 seconds
[2026-01-06T14:10:11.977+1100] {processor.py:161} INFO - Started process (PID=87765) to work on /Users/fionatham/Documents/Projects/vogue_data_pipeline/venv/lib/python3.11/site-packages/airflow/example_dags/plugins/listener_plugin.py
[2026-01-06T14:10:11.978+1100] {processor.py:830} INFO - Processing file /Users/fionatham/Documents/Projects/vogue_data_pipeline/venv/lib/python3.11/site-packages/airflow/example_dags/plugins/listener_plugin.py for tasks to queue
[2026-01-06T14:10:11.978+1100] {logging_mixin.py:188} INFO - [2026-01-06T14:10:11.978+1100] {dagbag.py:545} INFO - Filling up the DagBag from /Users/fionatham/Documents/Projects/vogue_data_pipeline/venv/lib/python3.11/site-packages/airflow/example_dags/plugins/listener_plugin.py
[2026-01-06T14:10:11.979+1100] {processor.py:842} WARNING - No viable dags retrieved from /Users/fionatham/Documents/Projects/vogue_data_pipeline/venv/lib/python3.11/site-packages/airflow/example_dags/plugins/listener_plugin.py
[2026-01-06T14:10:12.009+1100] {processor.py:183} INFO - Processing /Users/fionatham/Documents/Projects/vogue_data_pipeline/venv/lib/python3.11/site-packages/airflow/example_dags/plugins/listener_plugin.py took 0.033 seconds
[2026-01-06T14:11:11.739+1100] {processor.py:161} INFO - Started process (PID=87832) to work on /Users/fionatham/Documents/Projects/vogue_data_pipeline/venv/lib/python3.11/site-packages/airflow/example_dags/plugins/listener_plugin.py
[2026-01-06T14:11:11.740+1100] {processor.py:830} INFO - Processing file /Users/fionatham/Documents/Projects/vogue_data_pipeline/venv/lib/python3.11/site-packages/airflow/example_dags/plugins/listener_plugin.py for tasks to queue
[2026-01-06T14:11:11.740+1100] {logging_mixin.py:188} INFO - [2026-01-06T14:11:11.740+1100] {dagbag.py:545} INFO - Filling up the DagBag from /Users/fionatham/Documents/Projects/vogue_data_pipeline/venv/lib/python3.11/site-packages/airflow/example_dags/plugins/listener_plugin.py
[2026-01-06T14:11:11.741+1100] {processor.py:842} WARNING - No viable dags retrieved from /Users/fionatham/Documents/Projects/vogue_data_pipeline/venv/lib/python3.11/site-packages/airflow/example_dags/plugins/listener_plugin.py
[2026-01-06T14:11:11.773+1100] {processor.py:183} INFO - Processing /Users/fionatham/Documents/Projects/vogue_data_pipeline/venv/lib/python3.11/site-packages/airflow/example_dags/plugins/listener_plugin.py took 0.035 seconds
[2026-01-06T14:12:09.714+1100] {processor.py:161} INFO - Started process (PID=87923) to work on /Users/fionatham/Documents/Projects/vogue_data_pipeline/venv/lib/python3.11/site-packages/airflow/example_dags/plugins/listener_plugin.py
[2026-01-06T14:12:09.716+1100] {processor.py:830} INFO - Processing file /Users/fionatham/Documents/Projects/vogue_data_pipeline/venv/lib/python3.11/site-packages/airflow/example_dags/plugins/listener_plugin.py for tasks to queue
[2026-01-06T14:12:09.716+1100] {logging_mixin.py:188} INFO - [2026-01-06T14:12:09.716+1100] {dagbag.py:545} INFO - Filling up the DagBag from /Users/fionatham/Documents/Projects/vogue_data_pipeline/venv/lib/python3.11/site-packages/airflow/example_dags/plugins/listener_plugin.py
[2026-01-06T14:12:09.717+1100] {processor.py:842} WARNING - No viable dags retrieved from /Users/fionatham/Documents/Projects/vogue_data_pipeline/venv/lib/python3.11/site-packages/airflow/example_dags/plugins/listener_plugin.py
[2026-01-06T14:12:09.753+1100] {processor.py:183} INFO - Processing /Users/fionatham/Documents/Projects/vogue_data_pipeline/venv/lib/python3.11/site-packages/airflow/example_dags/plugins/listener_plugin.py took 0.040 seconds
[2026-01-06T14:13:10.381+1100] {processor.py:161} INFO - Started process (PID=87986) to work on /Users/fionatham/Documents/Projects/vogue_data_pipeline/venv/lib/python3.11/site-packages/airflow/example_dags/plugins/listener_plugin.py
[2026-01-06T14:13:10.382+1100] {processor.py:830} INFO - Processing file /Users/fionatham/Documents/Projects/vogue_data_pipeline/venv/lib/python3.11/site-packages/airflow/example_dags/plugins/listener_plugin.py for tasks to queue
[2026-01-06T14:13:10.382+1100] {logging_mixin.py:188} INFO - [2026-01-06T14:13:10.382+1100] {dagbag.py:545} INFO - Filling up the DagBag from /Users/fionatham/Documents/Projects/vogue_data_pipeline/venv/lib/python3.11/site-packages/airflow/example_dags/plugins/listener_plugin.py
[2026-01-06T14:13:10.383+1100] {processor.py:842} WARNING - No viable dags retrieved from /Users/fionatham/Documents/Projects/vogue_data_pipeline/venv/lib/python3.11/site-packages/airflow/example_dags/plugins/listener_plugin.py
[2026-01-06T14:13:10.415+1100] {processor.py:183} INFO - Processing /Users/fionatham/Documents/Projects/vogue_data_pipeline/venv/lib/python3.11/site-packages/airflow/example_dags/plugins/listener_plugin.py took 0.034 seconds
[2026-01-06T14:14:15.287+1100] {processor.py:161} INFO - Started process (PID=88485) to work on /Users/fionatham/Documents/Projects/vogue_data_pipeline/venv/lib/python3.11/site-packages/airflow/example_dags/plugins/listener_plugin.py
[2026-01-06T14:14:15.288+1100] {processor.py:830} INFO - Processing file /Users/fionatham/Documents/Projects/vogue_data_pipeline/venv/lib/python3.11/site-packages/airflow/example_dags/plugins/listener_plugin.py for tasks to queue
[2026-01-06T14:14:15.288+1100] {logging_mixin.py:188} INFO - [2026-01-06T14:14:15.288+1100] {dagbag.py:545} INFO - Filling up the DagBag from /Users/fionatham/Documents/Projects/vogue_data_pipeline/venv/lib/python3.11/site-packages/airflow/example_dags/plugins/listener_plugin.py
[2026-01-06T14:14:15.289+1100] {processor.py:842} WARNING - No viable dags retrieved from /Users/fionatham/Documents/Projects/vogue_data_pipeline/venv/lib/python3.11/site-packages/airflow/example_dags/plugins/listener_plugin.py
[2026-01-06T14:14:15.320+1100] {processor.py:183} INFO - Processing /Users/fionatham/Documents/Projects/vogue_data_pipeline/venv/lib/python3.11/site-packages/airflow/example_dags/plugins/listener_plugin.py took 0.035 seconds
[2026-01-06T14:15:16.957+1100] {processor.py:161} INFO - Started process (PID=88926) to work on /Users/fionatham/Documents/Projects/vogue_data_pipeline/venv/lib/python3.11/site-packages/airflow/example_dags/plugins/listener_plugin.py
[2026-01-06T14:15:16.958+1100] {processor.py:830} INFO - Processing file /Users/fionatham/Documents/Projects/vogue_data_pipeline/venv/lib/python3.11/site-packages/airflow/example_dags/plugins/listener_plugin.py for tasks to queue
[2026-01-06T14:15:16.958+1100] {logging_mixin.py:188} INFO - [2026-01-06T14:15:16.958+1100] {dagbag.py:545} INFO - Filling up the DagBag from /Users/fionatham/Documents/Projects/vogue_data_pipeline/venv/lib/python3.11/site-packages/airflow/example_dags/plugins/listener_plugin.py
[2026-01-06T14:15:16.959+1100] {processor.py:842} WARNING - No viable dags retrieved from /Users/fionatham/Documents/Projects/vogue_data_pipeline/venv/lib/python3.11/site-packages/airflow/example_dags/plugins/listener_plugin.py
[2026-01-06T14:15:16.991+1100] {processor.py:183} INFO - Processing /Users/fionatham/Documents/Projects/vogue_data_pipeline/venv/lib/python3.11/site-packages/airflow/example_dags/plugins/listener_plugin.py took 0.036 seconds
[2026-01-06T14:16:14.578+1100] {processor.py:161} INFO - Started process (PID=89113) to work on /Users/fionatham/Documents/Projects/vogue_data_pipeline/venv/lib/python3.11/site-packages/airflow/example_dags/plugins/listener_plugin.py
[2026-01-06T14:16:14.578+1100] {processor.py:830} INFO - Processing file /Users/fionatham/Documents/Projects/vogue_data_pipeline/venv/lib/python3.11/site-packages/airflow/example_dags/plugins/listener_plugin.py for tasks to queue
[2026-01-06T14:16:14.579+1100] {logging_mixin.py:188} INFO - [2026-01-06T14:16:14.578+1100] {dagbag.py:545} INFO - Filling up the DagBag from /Users/fionatham/Documents/Projects/vogue_data_pipeline/venv/lib/python3.11/site-packages/airflow/example_dags/plugins/listener_plugin.py
[2026-01-06T14:16:14.580+1100] {processor.py:842} WARNING - No viable dags retrieved from /Users/fionatham/Documents/Projects/vogue_data_pipeline/venv/lib/python3.11/site-packages/airflow/example_dags/plugins/listener_plugin.py
[2026-01-06T14:16:14.612+1100] {processor.py:183} INFO - Processing /Users/fionatham/Documents/Projects/vogue_data_pipeline/venv/lib/python3.11/site-packages/airflow/example_dags/plugins/listener_plugin.py took 0.036 seconds
[2026-01-06T14:17:09.965+1100] {processor.py:161} INFO - Started process (PID=89297) to work on /Users/fionatham/Documents/Projects/vogue_data_pipeline/venv/lib/python3.11/site-packages/airflow/example_dags/plugins/listener_plugin.py
[2026-01-06T14:17:09.965+1100] {processor.py:830} INFO - Processing file /Users/fionatham/Documents/Projects/vogue_data_pipeline/venv/lib/python3.11/site-packages/airflow/example_dags/plugins/listener_plugin.py for tasks to queue
[2026-01-06T14:17:09.965+1100] {logging_mixin.py:188} INFO - [2026-01-06T14:17:09.965+1100] {dagbag.py:545} INFO - Filling up the DagBag from /Users/fionatham/Documents/Projects/vogue_data_pipeline/venv/lib/python3.11/site-packages/airflow/example_dags/plugins/listener_plugin.py
[2026-01-06T14:17:09.966+1100] {processor.py:842} WARNING - No viable dags retrieved from /Users/fionatham/Documents/Projects/vogue_data_pipeline/venv/lib/python3.11/site-packages/airflow/example_dags/plugins/listener_plugin.py
[2026-01-06T14:17:09.997+1100] {processor.py:183} INFO - Processing /Users/fionatham/Documents/Projects/vogue_data_pipeline/venv/lib/python3.11/site-packages/airflow/example_dags/plugins/listener_plugin.py took 0.034 seconds
[2026-01-06T14:18:08.987+1100] {processor.py:161} INFO - Started process (PID=89535) to work on /Users/fionatham/Documents/Projects/vogue_data_pipeline/venv/lib/python3.11/site-packages/airflow/example_dags/plugins/listener_plugin.py
[2026-01-06T14:18:08.988+1100] {processor.py:830} INFO - Processing file /Users/fionatham/Documents/Projects/vogue_data_pipeline/venv/lib/python3.11/site-packages/airflow/example_dags/plugins/listener_plugin.py for tasks to queue
[2026-01-06T14:18:08.989+1100] {logging_mixin.py:188} INFO - [2026-01-06T14:18:08.989+1100] {dagbag.py:545} INFO - Filling up the DagBag from /Users/fionatham/Documents/Projects/vogue_data_pipeline/venv/lib/python3.11/site-packages/airflow/example_dags/plugins/listener_plugin.py
[2026-01-06T14:18:08.990+1100] {processor.py:842} WARNING - No viable dags retrieved from /Users/fionatham/Documents/Projects/vogue_data_pipeline/venv/lib/python3.11/site-packages/airflow/example_dags/plugins/listener_plugin.py
[2026-01-06T14:18:09.019+1100] {processor.py:183} INFO - Processing /Users/fionatham/Documents/Projects/vogue_data_pipeline/venv/lib/python3.11/site-packages/airflow/example_dags/plugins/listener_plugin.py took 0.033 seconds
[2026-01-06T14:19:08.332+1100] {processor.py:161} INFO - Started process (PID=89905) to work on /Users/fionatham/Documents/Projects/vogue_data_pipeline/venv/lib/python3.11/site-packages/airflow/example_dags/plugins/listener_plugin.py
[2026-01-06T14:19:08.334+1100] {processor.py:830} INFO - Processing file /Users/fionatham/Documents/Projects/vogue_data_pipeline/venv/lib/python3.11/site-packages/airflow/example_dags/plugins/listener_plugin.py for tasks to queue
[2026-01-06T14:19:08.334+1100] {logging_mixin.py:188} INFO - [2026-01-06T14:19:08.334+1100] {dagbag.py:545} INFO - Filling up the DagBag from /Users/fionatham/Documents/Projects/vogue_data_pipeline/venv/lib/python3.11/site-packages/airflow/example_dags/plugins/listener_plugin.py
[2026-01-06T14:19:08.335+1100] {processor.py:842} WARNING - No viable dags retrieved from /Users/fionatham/Documents/Projects/vogue_data_pipeline/venv/lib/python3.11/site-packages/airflow/example_dags/plugins/listener_plugin.py
[2026-01-06T14:19:08.366+1100] {processor.py:183} INFO - Processing /Users/fionatham/Documents/Projects/vogue_data_pipeline/venv/lib/python3.11/site-packages/airflow/example_dags/plugins/listener_plugin.py took 0.035 seconds
[2026-01-06T14:20:10.213+1100] {processor.py:161} INFO - Started process (PID=89974) to work on /Users/fionatham/Documents/Projects/vogue_data_pipeline/venv/lib/python3.11/site-packages/airflow/example_dags/plugins/listener_plugin.py
[2026-01-06T14:20:10.214+1100] {processor.py:830} INFO - Processing file /Users/fionatham/Documents/Projects/vogue_data_pipeline/venv/lib/python3.11/site-packages/airflow/example_dags/plugins/listener_plugin.py for tasks to queue
[2026-01-06T14:20:10.214+1100] {logging_mixin.py:188} INFO - [2026-01-06T14:20:10.214+1100] {dagbag.py:545} INFO - Filling up the DagBag from /Users/fionatham/Documents/Projects/vogue_data_pipeline/venv/lib/python3.11/site-packages/airflow/example_dags/plugins/listener_plugin.py
[2026-01-06T14:20:10.216+1100] {processor.py:842} WARNING - No viable dags retrieved from /Users/fionatham/Documents/Projects/vogue_data_pipeline/venv/lib/python3.11/site-packages/airflow/example_dags/plugins/listener_plugin.py
[2026-01-06T14:20:10.248+1100] {processor.py:183} INFO - Processing /Users/fionatham/Documents/Projects/vogue_data_pipeline/venv/lib/python3.11/site-packages/airflow/example_dags/plugins/listener_plugin.py took 0.036 seconds
[2026-01-06T14:21:11.363+1100] {processor.py:161} INFO - Started process (PID=90010) to work on /Users/fionatham/Documents/Projects/vogue_data_pipeline/venv/lib/python3.11/site-packages/airflow/example_dags/plugins/listener_plugin.py
[2026-01-06T14:21:11.364+1100] {processor.py:830} INFO - Processing file /Users/fionatham/Documents/Projects/vogue_data_pipeline/venv/lib/python3.11/site-packages/airflow/example_dags/plugins/listener_plugin.py for tasks to queue
[2026-01-06T14:21:11.364+1100] {logging_mixin.py:188} INFO - [2026-01-06T14:21:11.364+1100] {dagbag.py:545} INFO - Filling up the DagBag from /Users/fionatham/Documents/Projects/vogue_data_pipeline/venv/lib/python3.11/site-packages/airflow/example_dags/plugins/listener_plugin.py
[2026-01-06T14:21:11.366+1100] {processor.py:842} WARNING - No viable dags retrieved from /Users/fionatham/Documents/Projects/vogue_data_pipeline/venv/lib/python3.11/site-packages/airflow/example_dags/plugins/listener_plugin.py
[2026-01-06T14:21:11.398+1100] {processor.py:183} INFO - Processing /Users/fionatham/Documents/Projects/vogue_data_pipeline/venv/lib/python3.11/site-packages/airflow/example_dags/plugins/listener_plugin.py took 0.037 seconds
[2026-01-06T14:22:12.054+1100] {processor.py:161} INFO - Started process (PID=90057) to work on /Users/fionatham/Documents/Projects/vogue_data_pipeline/venv/lib/python3.11/site-packages/airflow/example_dags/plugins/listener_plugin.py
[2026-01-06T14:22:12.055+1100] {processor.py:830} INFO - Processing file /Users/fionatham/Documents/Projects/vogue_data_pipeline/venv/lib/python3.11/site-packages/airflow/example_dags/plugins/listener_plugin.py for tasks to queue
[2026-01-06T14:22:12.055+1100] {logging_mixin.py:188} INFO - [2026-01-06T14:22:12.055+1100] {dagbag.py:545} INFO - Filling up the DagBag from /Users/fionatham/Documents/Projects/vogue_data_pipeline/venv/lib/python3.11/site-packages/airflow/example_dags/plugins/listener_plugin.py
[2026-01-06T14:22:12.057+1100] {processor.py:842} WARNING - No viable dags retrieved from /Users/fionatham/Documents/Projects/vogue_data_pipeline/venv/lib/python3.11/site-packages/airflow/example_dags/plugins/listener_plugin.py
[2026-01-06T14:22:12.089+1100] {processor.py:183} INFO - Processing /Users/fionatham/Documents/Projects/vogue_data_pipeline/venv/lib/python3.11/site-packages/airflow/example_dags/plugins/listener_plugin.py took 0.037 seconds
[2026-01-06T14:23:08.013+1100] {processor.py:161} INFO - Started process (PID=90101) to work on /Users/fionatham/Documents/Projects/vogue_data_pipeline/venv/lib/python3.11/site-packages/airflow/example_dags/plugins/listener_plugin.py
[2026-01-06T14:23:08.014+1100] {processor.py:830} INFO - Processing file /Users/fionatham/Documents/Projects/vogue_data_pipeline/venv/lib/python3.11/site-packages/airflow/example_dags/plugins/listener_plugin.py for tasks to queue
[2026-01-06T14:23:08.015+1100] {logging_mixin.py:188} INFO - [2026-01-06T14:23:08.015+1100] {dagbag.py:545} INFO - Filling up the DagBag from /Users/fionatham/Documents/Projects/vogue_data_pipeline/venv/lib/python3.11/site-packages/airflow/example_dags/plugins/listener_plugin.py
[2026-01-06T14:23:08.016+1100] {processor.py:842} WARNING - No viable dags retrieved from /Users/fionatham/Documents/Projects/vogue_data_pipeline/venv/lib/python3.11/site-packages/airflow/example_dags/plugins/listener_plugin.py
[2026-01-06T14:23:08.045+1100] {processor.py:183} INFO - Processing /Users/fionatham/Documents/Projects/vogue_data_pipeline/venv/lib/python3.11/site-packages/airflow/example_dags/plugins/listener_plugin.py took 0.033 seconds
[2026-01-06T14:24:00.534+1100] {processor.py:161} INFO - Started process (PID=90153) to work on /Users/fionatham/Documents/Projects/vogue_data_pipeline/venv/lib/python3.11/site-packages/airflow/example_dags/plugins/listener_plugin.py
[2026-01-06T14:24:00.535+1100] {processor.py:830} INFO - Processing file /Users/fionatham/Documents/Projects/vogue_data_pipeline/venv/lib/python3.11/site-packages/airflow/example_dags/plugins/listener_plugin.py for tasks to queue
[2026-01-06T14:24:00.535+1100] {logging_mixin.py:188} INFO - [2026-01-06T14:24:00.535+1100] {dagbag.py:545} INFO - Filling up the DagBag from /Users/fionatham/Documents/Projects/vogue_data_pipeline/venv/lib/python3.11/site-packages/airflow/example_dags/plugins/listener_plugin.py
[2026-01-06T14:24:00.537+1100] {processor.py:842} WARNING - No viable dags retrieved from /Users/fionatham/Documents/Projects/vogue_data_pipeline/venv/lib/python3.11/site-packages/airflow/example_dags/plugins/listener_plugin.py
[2026-01-06T14:24:00.568+1100] {processor.py:183} INFO - Processing /Users/fionatham/Documents/Projects/vogue_data_pipeline/venv/lib/python3.11/site-packages/airflow/example_dags/plugins/listener_plugin.py took 0.036 seconds
[2026-01-06T14:24:54.567+1100] {processor.py:161} INFO - Started process (PID=90202) to work on /Users/fionatham/Documents/Projects/vogue_data_pipeline/venv/lib/python3.11/site-packages/airflow/example_dags/plugins/listener_plugin.py
[2026-01-06T14:24:54.568+1100] {processor.py:830} INFO - Processing file /Users/fionatham/Documents/Projects/vogue_data_pipeline/venv/lib/python3.11/site-packages/airflow/example_dags/plugins/listener_plugin.py for tasks to queue
[2026-01-06T14:24:54.569+1100] {logging_mixin.py:188} INFO - [2026-01-06T14:24:54.569+1100] {dagbag.py:545} INFO - Filling up the DagBag from /Users/fionatham/Documents/Projects/vogue_data_pipeline/venv/lib/python3.11/site-packages/airflow/example_dags/plugins/listener_plugin.py
[2026-01-06T14:24:54.570+1100] {processor.py:842} WARNING - No viable dags retrieved from /Users/fionatham/Documents/Projects/vogue_data_pipeline/venv/lib/python3.11/site-packages/airflow/example_dags/plugins/listener_plugin.py
[2026-01-06T14:24:54.602+1100] {processor.py:183} INFO - Processing /Users/fionatham/Documents/Projects/vogue_data_pipeline/venv/lib/python3.11/site-packages/airflow/example_dags/plugins/listener_plugin.py took 0.037 seconds
[2026-01-06T14:25:51.744+1100] {processor.py:161} INFO - Started process (PID=90430) to work on /Users/fionatham/Documents/Projects/vogue_data_pipeline/venv/lib/python3.11/site-packages/airflow/example_dags/plugins/listener_plugin.py
[2026-01-06T14:25:51.744+1100] {processor.py:830} INFO - Processing file /Users/fionatham/Documents/Projects/vogue_data_pipeline/venv/lib/python3.11/site-packages/airflow/example_dags/plugins/listener_plugin.py for tasks to queue
[2026-01-06T14:25:51.745+1100] {logging_mixin.py:188} INFO - [2026-01-06T14:25:51.744+1100] {dagbag.py:545} INFO - Filling up the DagBag from /Users/fionatham/Documents/Projects/vogue_data_pipeline/venv/lib/python3.11/site-packages/airflow/example_dags/plugins/listener_plugin.py
[2026-01-06T14:25:51.745+1100] {processor.py:842} WARNING - No viable dags retrieved from /Users/fionatham/Documents/Projects/vogue_data_pipeline/venv/lib/python3.11/site-packages/airflow/example_dags/plugins/listener_plugin.py
[2026-01-06T14:25:51.777+1100] {processor.py:183} INFO - Processing /Users/fionatham/Documents/Projects/vogue_data_pipeline/venv/lib/python3.11/site-packages/airflow/example_dags/plugins/listener_plugin.py took 0.035 seconds
[2026-01-06T14:26:50.589+1100] {processor.py:161} INFO - Started process (PID=90534) to work on /Users/fionatham/Documents/Projects/vogue_data_pipeline/venv/lib/python3.11/site-packages/airflow/example_dags/plugins/listener_plugin.py
[2026-01-06T14:26:50.590+1100] {processor.py:830} INFO - Processing file /Users/fionatham/Documents/Projects/vogue_data_pipeline/venv/lib/python3.11/site-packages/airflow/example_dags/plugins/listener_plugin.py for tasks to queue
[2026-01-06T14:26:50.591+1100] {logging_mixin.py:188} INFO - [2026-01-06T14:26:50.591+1100] {dagbag.py:545} INFO - Filling up the DagBag from /Users/fionatham/Documents/Projects/vogue_data_pipeline/venv/lib/python3.11/site-packages/airflow/example_dags/plugins/listener_plugin.py
[2026-01-06T14:26:50.592+1100] {processor.py:842} WARNING - No viable dags retrieved from /Users/fionatham/Documents/Projects/vogue_data_pipeline/venv/lib/python3.11/site-packages/airflow/example_dags/plugins/listener_plugin.py
[2026-01-06T14:26:50.624+1100] {processor.py:183} INFO - Processing /Users/fionatham/Documents/Projects/vogue_data_pipeline/venv/lib/python3.11/site-packages/airflow/example_dags/plugins/listener_plugin.py took 0.037 seconds
[2026-01-06T14:27:49.864+1100] {processor.py:161} INFO - Started process (PID=90747) to work on /Users/fionatham/Documents/Projects/vogue_data_pipeline/venv/lib/python3.11/site-packages/airflow/example_dags/plugins/listener_plugin.py
[2026-01-06T14:27:49.865+1100] {processor.py:830} INFO - Processing file /Users/fionatham/Documents/Projects/vogue_data_pipeline/venv/lib/python3.11/site-packages/airflow/example_dags/plugins/listener_plugin.py for tasks to queue
[2026-01-06T14:27:49.865+1100] {logging_mixin.py:188} INFO - [2026-01-06T14:27:49.865+1100] {dagbag.py:545} INFO - Filling up the DagBag from /Users/fionatham/Documents/Projects/vogue_data_pipeline/venv/lib/python3.11/site-packages/airflow/example_dags/plugins/listener_plugin.py
[2026-01-06T14:27:49.866+1100] {processor.py:842} WARNING - No viable dags retrieved from /Users/fionatham/Documents/Projects/vogue_data_pipeline/venv/lib/python3.11/site-packages/airflow/example_dags/plugins/listener_plugin.py
[2026-01-06T14:27:49.897+1100] {processor.py:183} INFO - Processing /Users/fionatham/Documents/Projects/vogue_data_pipeline/venv/lib/python3.11/site-packages/airflow/example_dags/plugins/listener_plugin.py took 0.034 seconds
[2026-01-06T14:28:48.426+1100] {processor.py:161} INFO - Started process (PID=90951) to work on /Users/fionatham/Documents/Projects/vogue_data_pipeline/venv/lib/python3.11/site-packages/airflow/example_dags/plugins/listener_plugin.py
[2026-01-06T14:28:48.427+1100] {processor.py:830} INFO - Processing file /Users/fionatham/Documents/Projects/vogue_data_pipeline/venv/lib/python3.11/site-packages/airflow/example_dags/plugins/listener_plugin.py for tasks to queue
[2026-01-06T14:28:48.427+1100] {logging_mixin.py:188} INFO - [2026-01-06T14:28:48.427+1100] {dagbag.py:545} INFO - Filling up the DagBag from /Users/fionatham/Documents/Projects/vogue_data_pipeline/venv/lib/python3.11/site-packages/airflow/example_dags/plugins/listener_plugin.py
[2026-01-06T14:28:48.428+1100] {processor.py:842} WARNING - No viable dags retrieved from /Users/fionatham/Documents/Projects/vogue_data_pipeline/venv/lib/python3.11/site-packages/airflow/example_dags/plugins/listener_plugin.py
[2026-01-06T14:28:48.473+1100] {processor.py:183} INFO - Processing /Users/fionatham/Documents/Projects/vogue_data_pipeline/venv/lib/python3.11/site-packages/airflow/example_dags/plugins/listener_plugin.py took 0.048 seconds
[2026-01-06T14:29:51.841+1100] {processor.py:161} INFO - Started process (PID=91370) to work on /Users/fionatham/Documents/Projects/vogue_data_pipeline/venv/lib/python3.11/site-packages/airflow/example_dags/plugins/listener_plugin.py
[2026-01-06T14:29:51.841+1100] {processor.py:830} INFO - Processing file /Users/fionatham/Documents/Projects/vogue_data_pipeline/venv/lib/python3.11/site-packages/airflow/example_dags/plugins/listener_plugin.py for tasks to queue
[2026-01-06T14:29:51.842+1100] {logging_mixin.py:188} INFO - [2026-01-06T14:29:51.842+1100] {dagbag.py:545} INFO - Filling up the DagBag from /Users/fionatham/Documents/Projects/vogue_data_pipeline/venv/lib/python3.11/site-packages/airflow/example_dags/plugins/listener_plugin.py
[2026-01-06T14:29:51.843+1100] {processor.py:842} WARNING - No viable dags retrieved from /Users/fionatham/Documents/Projects/vogue_data_pipeline/venv/lib/python3.11/site-packages/airflow/example_dags/plugins/listener_plugin.py
[2026-01-06T14:29:51.896+1100] {processor.py:183} INFO - Processing /Users/fionatham/Documents/Projects/vogue_data_pipeline/venv/lib/python3.11/site-packages/airflow/example_dags/plugins/listener_plugin.py took 0.058 seconds
[2026-01-06T14:30:51.361+1100] {processor.py:161} INFO - Started process (PID=91600) to work on /Users/fionatham/Documents/Projects/vogue_data_pipeline/venv/lib/python3.11/site-packages/airflow/example_dags/plugins/listener_plugin.py
[2026-01-06T14:30:51.362+1100] {processor.py:830} INFO - Processing file /Users/fionatham/Documents/Projects/vogue_data_pipeline/venv/lib/python3.11/site-packages/airflow/example_dags/plugins/listener_plugin.py for tasks to queue
[2026-01-06T14:30:51.362+1100] {logging_mixin.py:188} INFO - [2026-01-06T14:30:51.362+1100] {dagbag.py:545} INFO - Filling up the DagBag from /Users/fionatham/Documents/Projects/vogue_data_pipeline/venv/lib/python3.11/site-packages/airflow/example_dags/plugins/listener_plugin.py
[2026-01-06T14:30:51.363+1100] {processor.py:842} WARNING - No viable dags retrieved from /Users/fionatham/Documents/Projects/vogue_data_pipeline/venv/lib/python3.11/site-packages/airflow/example_dags/plugins/listener_plugin.py
[2026-01-06T14:30:51.395+1100] {processor.py:183} INFO - Processing /Users/fionatham/Documents/Projects/vogue_data_pipeline/venv/lib/python3.11/site-packages/airflow/example_dags/plugins/listener_plugin.py took 0.035 seconds
[2026-01-06T14:31:50.240+1100] {processor.py:161} INFO - Started process (PID=91951) to work on /Users/fionatham/Documents/Projects/vogue_data_pipeline/venv/lib/python3.11/site-packages/airflow/example_dags/plugins/listener_plugin.py
[2026-01-06T14:31:50.240+1100] {processor.py:830} INFO - Processing file /Users/fionatham/Documents/Projects/vogue_data_pipeline/venv/lib/python3.11/site-packages/airflow/example_dags/plugins/listener_plugin.py for tasks to queue
[2026-01-06T14:31:50.241+1100] {logging_mixin.py:188} INFO - [2026-01-06T14:31:50.240+1100] {dagbag.py:545} INFO - Filling up the DagBag from /Users/fionatham/Documents/Projects/vogue_data_pipeline/venv/lib/python3.11/site-packages/airflow/example_dags/plugins/listener_plugin.py
[2026-01-06T14:31:50.242+1100] {processor.py:842} WARNING - No viable dags retrieved from /Users/fionatham/Documents/Projects/vogue_data_pipeline/venv/lib/python3.11/site-packages/airflow/example_dags/plugins/listener_plugin.py
[2026-01-06T14:31:50.279+1100] {processor.py:183} INFO - Processing /Users/fionatham/Documents/Projects/vogue_data_pipeline/venv/lib/python3.11/site-packages/airflow/example_dags/plugins/listener_plugin.py took 0.041 seconds
[2026-01-06T14:32:50.324+1100] {processor.py:161} INFO - Started process (PID=92144) to work on /Users/fionatham/Documents/Projects/vogue_data_pipeline/venv/lib/python3.11/site-packages/airflow/example_dags/plugins/listener_plugin.py
[2026-01-06T14:32:50.326+1100] {processor.py:830} INFO - Processing file /Users/fionatham/Documents/Projects/vogue_data_pipeline/venv/lib/python3.11/site-packages/airflow/example_dags/plugins/listener_plugin.py for tasks to queue
[2026-01-06T14:32:50.326+1100] {logging_mixin.py:188} INFO - [2026-01-06T14:32:50.326+1100] {dagbag.py:545} INFO - Filling up the DagBag from /Users/fionatham/Documents/Projects/vogue_data_pipeline/venv/lib/python3.11/site-packages/airflow/example_dags/plugins/listener_plugin.py
[2026-01-06T14:32:50.328+1100] {processor.py:842} WARNING - No viable dags retrieved from /Users/fionatham/Documents/Projects/vogue_data_pipeline/venv/lib/python3.11/site-packages/airflow/example_dags/plugins/listener_plugin.py
[2026-01-06T14:32:50.359+1100] {processor.py:183} INFO - Processing /Users/fionatham/Documents/Projects/vogue_data_pipeline/venv/lib/python3.11/site-packages/airflow/example_dags/plugins/listener_plugin.py took 0.036 seconds
[2026-01-06T14:33:48.531+1100] {processor.py:161} INFO - Started process (PID=92266) to work on /Users/fionatham/Documents/Projects/vogue_data_pipeline/venv/lib/python3.11/site-packages/airflow/example_dags/plugins/listener_plugin.py
[2026-01-06T14:33:48.532+1100] {processor.py:830} INFO - Processing file /Users/fionatham/Documents/Projects/vogue_data_pipeline/venv/lib/python3.11/site-packages/airflow/example_dags/plugins/listener_plugin.py for tasks to queue
[2026-01-06T14:33:48.532+1100] {logging_mixin.py:188} INFO - [2026-01-06T14:33:48.532+1100] {dagbag.py:545} INFO - Filling up the DagBag from /Users/fionatham/Documents/Projects/vogue_data_pipeline/venv/lib/python3.11/site-packages/airflow/example_dags/plugins/listener_plugin.py
[2026-01-06T14:33:48.533+1100] {processor.py:842} WARNING - No viable dags retrieved from /Users/fionatham/Documents/Projects/vogue_data_pipeline/venv/lib/python3.11/site-packages/airflow/example_dags/plugins/listener_plugin.py
[2026-01-06T14:33:48.566+1100] {processor.py:183} INFO - Processing /Users/fionatham/Documents/Projects/vogue_data_pipeline/venv/lib/python3.11/site-packages/airflow/example_dags/plugins/listener_plugin.py took 0.036 seconds
[2026-01-06T14:34:46.521+1100] {processor.py:161} INFO - Started process (PID=92436) to work on /Users/fionatham/Documents/Projects/vogue_data_pipeline/venv/lib/python3.11/site-packages/airflow/example_dags/plugins/listener_plugin.py
[2026-01-06T14:34:46.522+1100] {processor.py:830} INFO - Processing file /Users/fionatham/Documents/Projects/vogue_data_pipeline/venv/lib/python3.11/site-packages/airflow/example_dags/plugins/listener_plugin.py for tasks to queue
[2026-01-06T14:34:46.523+1100] {logging_mixin.py:188} INFO - [2026-01-06T14:34:46.522+1100] {dagbag.py:545} INFO - Filling up the DagBag from /Users/fionatham/Documents/Projects/vogue_data_pipeline/venv/lib/python3.11/site-packages/airflow/example_dags/plugins/listener_plugin.py
[2026-01-06T14:34:46.524+1100] {processor.py:842} WARNING - No viable dags retrieved from /Users/fionatham/Documents/Projects/vogue_data_pipeline/venv/lib/python3.11/site-packages/airflow/example_dags/plugins/listener_plugin.py
[2026-01-06T14:34:46.556+1100] {processor.py:183} INFO - Processing /Users/fionatham/Documents/Projects/vogue_data_pipeline/venv/lib/python3.11/site-packages/airflow/example_dags/plugins/listener_plugin.py took 0.036 seconds
[2026-01-06T14:35:45.619+1100] {processor.py:161} INFO - Started process (PID=92513) to work on /Users/fionatham/Documents/Projects/vogue_data_pipeline/venv/lib/python3.11/site-packages/airflow/example_dags/plugins/listener_plugin.py
[2026-01-06T14:35:45.619+1100] {processor.py:830} INFO - Processing file /Users/fionatham/Documents/Projects/vogue_data_pipeline/venv/lib/python3.11/site-packages/airflow/example_dags/plugins/listener_plugin.py for tasks to queue
[2026-01-06T14:35:45.620+1100] {logging_mixin.py:188} INFO - [2026-01-06T14:35:45.620+1100] {dagbag.py:545} INFO - Filling up the DagBag from /Users/fionatham/Documents/Projects/vogue_data_pipeline/venv/lib/python3.11/site-packages/airflow/example_dags/plugins/listener_plugin.py
[2026-01-06T14:35:45.621+1100] {processor.py:842} WARNING - No viable dags retrieved from /Users/fionatham/Documents/Projects/vogue_data_pipeline/venv/lib/python3.11/site-packages/airflow/example_dags/plugins/listener_plugin.py
[2026-01-06T14:35:45.655+1100] {processor.py:183} INFO - Processing /Users/fionatham/Documents/Projects/vogue_data_pipeline/venv/lib/python3.11/site-packages/airflow/example_dags/plugins/listener_plugin.py took 0.038 seconds
[2026-01-06T14:36:47.905+1100] {processor.py:161} INFO - Started process (PID=92647) to work on /Users/fionatham/Documents/Projects/vogue_data_pipeline/venv/lib/python3.11/site-packages/airflow/example_dags/plugins/listener_plugin.py
[2026-01-06T14:36:47.906+1100] {processor.py:830} INFO - Processing file /Users/fionatham/Documents/Projects/vogue_data_pipeline/venv/lib/python3.11/site-packages/airflow/example_dags/plugins/listener_plugin.py for tasks to queue
[2026-01-06T14:36:47.906+1100] {logging_mixin.py:188} INFO - [2026-01-06T14:36:47.906+1100] {dagbag.py:545} INFO - Filling up the DagBag from /Users/fionatham/Documents/Projects/vogue_data_pipeline/venv/lib/python3.11/site-packages/airflow/example_dags/plugins/listener_plugin.py
[2026-01-06T14:36:47.907+1100] {processor.py:842} WARNING - No viable dags retrieved from /Users/fionatham/Documents/Projects/vogue_data_pipeline/venv/lib/python3.11/site-packages/airflow/example_dags/plugins/listener_plugin.py
[2026-01-06T14:36:47.939+1100] {processor.py:183} INFO - Processing /Users/fionatham/Documents/Projects/vogue_data_pipeline/venv/lib/python3.11/site-packages/airflow/example_dags/plugins/listener_plugin.py took 0.035 seconds
[2026-01-06T14:37:48.888+1100] {processor.py:161} INFO - Started process (PID=92725) to work on /Users/fionatham/Documents/Projects/vogue_data_pipeline/venv/lib/python3.11/site-packages/airflow/example_dags/plugins/listener_plugin.py
[2026-01-06T14:37:48.889+1100] {processor.py:830} INFO - Processing file /Users/fionatham/Documents/Projects/vogue_data_pipeline/venv/lib/python3.11/site-packages/airflow/example_dags/plugins/listener_plugin.py for tasks to queue
[2026-01-06T14:37:48.889+1100] {logging_mixin.py:188} INFO - [2026-01-06T14:37:48.889+1100] {dagbag.py:545} INFO - Filling up the DagBag from /Users/fionatham/Documents/Projects/vogue_data_pipeline/venv/lib/python3.11/site-packages/airflow/example_dags/plugins/listener_plugin.py
[2026-01-06T14:37:48.891+1100] {processor.py:842} WARNING - No viable dags retrieved from /Users/fionatham/Documents/Projects/vogue_data_pipeline/venv/lib/python3.11/site-packages/airflow/example_dags/plugins/listener_plugin.py
[2026-01-06T14:37:48.922+1100] {processor.py:183} INFO - Processing /Users/fionatham/Documents/Projects/vogue_data_pipeline/venv/lib/python3.11/site-packages/airflow/example_dags/plugins/listener_plugin.py took 0.035 seconds
[2026-01-06T14:38:49.976+1100] {processor.py:161} INFO - Started process (PID=92871) to work on /Users/fionatham/Documents/Projects/vogue_data_pipeline/venv/lib/python3.11/site-packages/airflow/example_dags/plugins/listener_plugin.py
[2026-01-06T14:38:49.978+1100] {processor.py:830} INFO - Processing file /Users/fionatham/Documents/Projects/vogue_data_pipeline/venv/lib/python3.11/site-packages/airflow/example_dags/plugins/listener_plugin.py for tasks to queue
[2026-01-06T14:38:49.978+1100] {logging_mixin.py:188} INFO - [2026-01-06T14:38:49.978+1100] {dagbag.py:545} INFO - Filling up the DagBag from /Users/fionatham/Documents/Projects/vogue_data_pipeline/venv/lib/python3.11/site-packages/airflow/example_dags/plugins/listener_plugin.py
[2026-01-06T14:38:49.979+1100] {processor.py:842} WARNING - No viable dags retrieved from /Users/fionatham/Documents/Projects/vogue_data_pipeline/venv/lib/python3.11/site-packages/airflow/example_dags/plugins/listener_plugin.py
[2026-01-06T14:38:50.009+1100] {processor.py:183} INFO - Processing /Users/fionatham/Documents/Projects/vogue_data_pipeline/venv/lib/python3.11/site-packages/airflow/example_dags/plugins/listener_plugin.py took 0.034 seconds
[2026-01-06T14:39:48.565+1100] {processor.py:161} INFO - Started process (PID=92907) to work on /Users/fionatham/Documents/Projects/vogue_data_pipeline/venv/lib/python3.11/site-packages/airflow/example_dags/plugins/listener_plugin.py
[2026-01-06T14:39:48.566+1100] {processor.py:830} INFO - Processing file /Users/fionatham/Documents/Projects/vogue_data_pipeline/venv/lib/python3.11/site-packages/airflow/example_dags/plugins/listener_plugin.py for tasks to queue
[2026-01-06T14:39:48.566+1100] {logging_mixin.py:188} INFO - [2026-01-06T14:39:48.566+1100] {dagbag.py:545} INFO - Filling up the DagBag from /Users/fionatham/Documents/Projects/vogue_data_pipeline/venv/lib/python3.11/site-packages/airflow/example_dags/plugins/listener_plugin.py
[2026-01-06T14:39:48.569+1100] {processor.py:842} WARNING - No viable dags retrieved from /Users/fionatham/Documents/Projects/vogue_data_pipeline/venv/lib/python3.11/site-packages/airflow/example_dags/plugins/listener_plugin.py
[2026-01-06T14:39:48.600+1100] {processor.py:183} INFO - Processing /Users/fionatham/Documents/Projects/vogue_data_pipeline/venv/lib/python3.11/site-packages/airflow/example_dags/plugins/listener_plugin.py took 0.037 seconds
[2026-01-06T14:40:43.870+1100] {processor.py:161} INFO - Started process (PID=92944) to work on /Users/fionatham/Documents/Projects/vogue_data_pipeline/venv/lib/python3.11/site-packages/airflow/example_dags/plugins/listener_plugin.py
[2026-01-06T14:40:43.871+1100] {processor.py:830} INFO - Processing file /Users/fionatham/Documents/Projects/vogue_data_pipeline/venv/lib/python3.11/site-packages/airflow/example_dags/plugins/listener_plugin.py for tasks to queue
[2026-01-06T14:40:43.871+1100] {logging_mixin.py:188} INFO - [2026-01-06T14:40:43.871+1100] {dagbag.py:545} INFO - Filling up the DagBag from /Users/fionatham/Documents/Projects/vogue_data_pipeline/venv/lib/python3.11/site-packages/airflow/example_dags/plugins/listener_plugin.py
[2026-01-06T14:40:43.873+1100] {processor.py:842} WARNING - No viable dags retrieved from /Users/fionatham/Documents/Projects/vogue_data_pipeline/venv/lib/python3.11/site-packages/airflow/example_dags/plugins/listener_plugin.py
[2026-01-06T14:40:43.902+1100] {processor.py:183} INFO - Processing /Users/fionatham/Documents/Projects/vogue_data_pipeline/venv/lib/python3.11/site-packages/airflow/example_dags/plugins/listener_plugin.py took 0.034 seconds
[2026-01-06T14:41:38.476+1100] {processor.py:161} INFO - Started process (PID=92982) to work on /Users/fionatham/Documents/Projects/vogue_data_pipeline/venv/lib/python3.11/site-packages/airflow/example_dags/plugins/listener_plugin.py
[2026-01-06T14:41:38.477+1100] {processor.py:830} INFO - Processing file /Users/fionatham/Documents/Projects/vogue_data_pipeline/venv/lib/python3.11/site-packages/airflow/example_dags/plugins/listener_plugin.py for tasks to queue
[2026-01-06T14:41:38.477+1100] {logging_mixin.py:188} INFO - [2026-01-06T14:41:38.477+1100] {dagbag.py:545} INFO - Filling up the DagBag from /Users/fionatham/Documents/Projects/vogue_data_pipeline/venv/lib/python3.11/site-packages/airflow/example_dags/plugins/listener_plugin.py
[2026-01-06T14:41:38.478+1100] {processor.py:842} WARNING - No viable dags retrieved from /Users/fionatham/Documents/Projects/vogue_data_pipeline/venv/lib/python3.11/site-packages/airflow/example_dags/plugins/listener_plugin.py
[2026-01-06T14:41:38.508+1100] {processor.py:183} INFO - Processing /Users/fionatham/Documents/Projects/vogue_data_pipeline/venv/lib/python3.11/site-packages/airflow/example_dags/plugins/listener_plugin.py took 0.033 seconds
[2026-01-06T14:42:37.092+1100] {processor.py:161} INFO - Started process (PID=93024) to work on /Users/fionatham/Documents/Projects/vogue_data_pipeline/venv/lib/python3.11/site-packages/airflow/example_dags/plugins/listener_plugin.py
[2026-01-06T14:42:37.095+1100] {processor.py:830} INFO - Processing file /Users/fionatham/Documents/Projects/vogue_data_pipeline/venv/lib/python3.11/site-packages/airflow/example_dags/plugins/listener_plugin.py for tasks to queue
[2026-01-06T14:42:37.095+1100] {logging_mixin.py:188} INFO - [2026-01-06T14:42:37.095+1100] {dagbag.py:545} INFO - Filling up the DagBag from /Users/fionatham/Documents/Projects/vogue_data_pipeline/venv/lib/python3.11/site-packages/airflow/example_dags/plugins/listener_plugin.py
[2026-01-06T14:42:37.096+1100] {processor.py:842} WARNING - No viable dags retrieved from /Users/fionatham/Documents/Projects/vogue_data_pipeline/venv/lib/python3.11/site-packages/airflow/example_dags/plugins/listener_plugin.py
[2026-01-06T14:42:37.126+1100] {processor.py:183} INFO - Processing /Users/fionatham/Documents/Projects/vogue_data_pipeline/venv/lib/python3.11/site-packages/airflow/example_dags/plugins/listener_plugin.py took 0.035 seconds
[2026-01-06T14:43:35.128+1100] {processor.py:161} INFO - Started process (PID=93061) to work on /Users/fionatham/Documents/Projects/vogue_data_pipeline/venv/lib/python3.11/site-packages/airflow/example_dags/plugins/listener_plugin.py
[2026-01-06T14:43:35.130+1100] {processor.py:830} INFO - Processing file /Users/fionatham/Documents/Projects/vogue_data_pipeline/venv/lib/python3.11/site-packages/airflow/example_dags/plugins/listener_plugin.py for tasks to queue
[2026-01-06T14:43:35.130+1100] {logging_mixin.py:188} INFO - [2026-01-06T14:43:35.130+1100] {dagbag.py:545} INFO - Filling up the DagBag from /Users/fionatham/Documents/Projects/vogue_data_pipeline/venv/lib/python3.11/site-packages/airflow/example_dags/plugins/listener_plugin.py
[2026-01-06T14:43:35.132+1100] {processor.py:842} WARNING - No viable dags retrieved from /Users/fionatham/Documents/Projects/vogue_data_pipeline/venv/lib/python3.11/site-packages/airflow/example_dags/plugins/listener_plugin.py
[2026-01-06T14:43:35.164+1100] {processor.py:183} INFO - Processing /Users/fionatham/Documents/Projects/vogue_data_pipeline/venv/lib/python3.11/site-packages/airflow/example_dags/plugins/listener_plugin.py took 0.037 seconds
[2026-01-06T14:44:34.352+1100] {processor.py:161} INFO - Started process (PID=93103) to work on /Users/fionatham/Documents/Projects/vogue_data_pipeline/venv/lib/python3.11/site-packages/airflow/example_dags/plugins/listener_plugin.py
[2026-01-06T14:44:34.353+1100] {processor.py:830} INFO - Processing file /Users/fionatham/Documents/Projects/vogue_data_pipeline/venv/lib/python3.11/site-packages/airflow/example_dags/plugins/listener_plugin.py for tasks to queue
[2026-01-06T14:44:34.353+1100] {logging_mixin.py:188} INFO - [2026-01-06T14:44:34.353+1100] {dagbag.py:545} INFO - Filling up the DagBag from /Users/fionatham/Documents/Projects/vogue_data_pipeline/venv/lib/python3.11/site-packages/airflow/example_dags/plugins/listener_plugin.py
[2026-01-06T14:44:34.354+1100] {processor.py:842} WARNING - No viable dags retrieved from /Users/fionatham/Documents/Projects/vogue_data_pipeline/venv/lib/python3.11/site-packages/airflow/example_dags/plugins/listener_plugin.py
[2026-01-06T14:44:34.385+1100] {processor.py:183} INFO - Processing /Users/fionatham/Documents/Projects/vogue_data_pipeline/venv/lib/python3.11/site-packages/airflow/example_dags/plugins/listener_plugin.py took 0.035 seconds
[2026-01-06T14:45:34.221+1100] {processor.py:161} INFO - Started process (PID=93148) to work on /Users/fionatham/Documents/Projects/vogue_data_pipeline/venv/lib/python3.11/site-packages/airflow/example_dags/plugins/listener_plugin.py
[2026-01-06T14:45:34.222+1100] {processor.py:830} INFO - Processing file /Users/fionatham/Documents/Projects/vogue_data_pipeline/venv/lib/python3.11/site-packages/airflow/example_dags/plugins/listener_plugin.py for tasks to queue
[2026-01-06T14:45:34.222+1100] {logging_mixin.py:188} INFO - [2026-01-06T14:45:34.222+1100] {dagbag.py:545} INFO - Filling up the DagBag from /Users/fionatham/Documents/Projects/vogue_data_pipeline/venv/lib/python3.11/site-packages/airflow/example_dags/plugins/listener_plugin.py
[2026-01-06T14:45:34.224+1100] {processor.py:842} WARNING - No viable dags retrieved from /Users/fionatham/Documents/Projects/vogue_data_pipeline/venv/lib/python3.11/site-packages/airflow/example_dags/plugins/listener_plugin.py
[2026-01-06T14:45:34.253+1100] {processor.py:183} INFO - Processing /Users/fionatham/Documents/Projects/vogue_data_pipeline/venv/lib/python3.11/site-packages/airflow/example_dags/plugins/listener_plugin.py took 0.034 seconds
[2026-01-06T14:46:30.672+1100] {processor.py:161} INFO - Started process (PID=93185) to work on /Users/fionatham/Documents/Projects/vogue_data_pipeline/venv/lib/python3.11/site-packages/airflow/example_dags/plugins/listener_plugin.py
[2026-01-06T14:46:30.673+1100] {processor.py:830} INFO - Processing file /Users/fionatham/Documents/Projects/vogue_data_pipeline/venv/lib/python3.11/site-packages/airflow/example_dags/plugins/listener_plugin.py for tasks to queue
[2026-01-06T14:46:30.674+1100] {logging_mixin.py:188} INFO - [2026-01-06T14:46:30.674+1100] {dagbag.py:545} INFO - Filling up the DagBag from /Users/fionatham/Documents/Projects/vogue_data_pipeline/venv/lib/python3.11/site-packages/airflow/example_dags/plugins/listener_plugin.py
[2026-01-06T14:46:30.675+1100] {processor.py:842} WARNING - No viable dags retrieved from /Users/fionatham/Documents/Projects/vogue_data_pipeline/venv/lib/python3.11/site-packages/airflow/example_dags/plugins/listener_plugin.py
[2026-01-06T14:46:30.706+1100] {processor.py:183} INFO - Processing /Users/fionatham/Documents/Projects/vogue_data_pipeline/venv/lib/python3.11/site-packages/airflow/example_dags/plugins/listener_plugin.py took 0.036 seconds
[2026-01-06T14:47:28.358+1100] {processor.py:161} INFO - Started process (PID=93228) to work on /Users/fionatham/Documents/Projects/vogue_data_pipeline/venv/lib/python3.11/site-packages/airflow/example_dags/plugins/listener_plugin.py
[2026-01-06T14:47:28.360+1100] {processor.py:830} INFO - Processing file /Users/fionatham/Documents/Projects/vogue_data_pipeline/venv/lib/python3.11/site-packages/airflow/example_dags/plugins/listener_plugin.py for tasks to queue
[2026-01-06T14:47:28.360+1100] {logging_mixin.py:188} INFO - [2026-01-06T14:47:28.360+1100] {dagbag.py:545} INFO - Filling up the DagBag from /Users/fionatham/Documents/Projects/vogue_data_pipeline/venv/lib/python3.11/site-packages/airflow/example_dags/plugins/listener_plugin.py
[2026-01-06T14:47:28.362+1100] {processor.py:842} WARNING - No viable dags retrieved from /Users/fionatham/Documents/Projects/vogue_data_pipeline/venv/lib/python3.11/site-packages/airflow/example_dags/plugins/listener_plugin.py
[2026-01-06T14:47:28.392+1100] {processor.py:183} INFO - Processing /Users/fionatham/Documents/Projects/vogue_data_pipeline/venv/lib/python3.11/site-packages/airflow/example_dags/plugins/listener_plugin.py took 0.035 seconds
[2026-01-06T14:48:27.685+1100] {processor.py:161} INFO - Started process (PID=93268) to work on /Users/fionatham/Documents/Projects/vogue_data_pipeline/venv/lib/python3.11/site-packages/airflow/example_dags/plugins/listener_plugin.py
[2026-01-06T14:48:27.687+1100] {processor.py:830} INFO - Processing file /Users/fionatham/Documents/Projects/vogue_data_pipeline/venv/lib/python3.11/site-packages/airflow/example_dags/plugins/listener_plugin.py for tasks to queue
[2026-01-06T14:48:27.687+1100] {logging_mixin.py:188} INFO - [2026-01-06T14:48:27.687+1100] {dagbag.py:545} INFO - Filling up the DagBag from /Users/fionatham/Documents/Projects/vogue_data_pipeline/venv/lib/python3.11/site-packages/airflow/example_dags/plugins/listener_plugin.py
[2026-01-06T14:48:27.689+1100] {processor.py:842} WARNING - No viable dags retrieved from /Users/fionatham/Documents/Projects/vogue_data_pipeline/venv/lib/python3.11/site-packages/airflow/example_dags/plugins/listener_plugin.py
[2026-01-06T14:48:27.721+1100] {processor.py:183} INFO - Processing /Users/fionatham/Documents/Projects/vogue_data_pipeline/venv/lib/python3.11/site-packages/airflow/example_dags/plugins/listener_plugin.py took 0.038 seconds
[2026-01-06T14:49:28.523+1100] {processor.py:161} INFO - Started process (PID=93332) to work on /Users/fionatham/Documents/Projects/vogue_data_pipeline/venv/lib/python3.11/site-packages/airflow/example_dags/plugins/listener_plugin.py
[2026-01-06T14:49:28.524+1100] {processor.py:830} INFO - Processing file /Users/fionatham/Documents/Projects/vogue_data_pipeline/venv/lib/python3.11/site-packages/airflow/example_dags/plugins/listener_plugin.py for tasks to queue
[2026-01-06T14:49:28.525+1100] {logging_mixin.py:188} INFO - [2026-01-06T14:49:28.525+1100] {dagbag.py:545} INFO - Filling up the DagBag from /Users/fionatham/Documents/Projects/vogue_data_pipeline/venv/lib/python3.11/site-packages/airflow/example_dags/plugins/listener_plugin.py
[2026-01-06T14:49:28.526+1100] {processor.py:842} WARNING - No viable dags retrieved from /Users/fionatham/Documents/Projects/vogue_data_pipeline/venv/lib/python3.11/site-packages/airflow/example_dags/plugins/listener_plugin.py
[2026-01-06T14:49:28.557+1100] {processor.py:183} INFO - Processing /Users/fionatham/Documents/Projects/vogue_data_pipeline/venv/lib/python3.11/site-packages/airflow/example_dags/plugins/listener_plugin.py took 0.036 seconds
[2026-01-06T14:50:26.560+1100] {processor.py:161} INFO - Started process (PID=93370) to work on /Users/fionatham/Documents/Projects/vogue_data_pipeline/venv/lib/python3.11/site-packages/airflow/example_dags/plugins/listener_plugin.py
[2026-01-06T14:50:26.561+1100] {processor.py:830} INFO - Processing file /Users/fionatham/Documents/Projects/vogue_data_pipeline/venv/lib/python3.11/site-packages/airflow/example_dags/plugins/listener_plugin.py for tasks to queue
[2026-01-06T14:50:26.561+1100] {logging_mixin.py:188} INFO - [2026-01-06T14:50:26.561+1100] {dagbag.py:545} INFO - Filling up the DagBag from /Users/fionatham/Documents/Projects/vogue_data_pipeline/venv/lib/python3.11/site-packages/airflow/example_dags/plugins/listener_plugin.py
[2026-01-06T14:50:26.563+1100] {processor.py:842} WARNING - No viable dags retrieved from /Users/fionatham/Documents/Projects/vogue_data_pipeline/venv/lib/python3.11/site-packages/airflow/example_dags/plugins/listener_plugin.py
[2026-01-06T14:50:26.594+1100] {processor.py:183} INFO - Processing /Users/fionatham/Documents/Projects/vogue_data_pipeline/venv/lib/python3.11/site-packages/airflow/example_dags/plugins/listener_plugin.py took 0.035 seconds
[2026-01-06T14:51:21.040+1100] {processor.py:161} INFO - Started process (PID=93431) to work on /Users/fionatham/Documents/Projects/vogue_data_pipeline/venv/lib/python3.11/site-packages/airflow/example_dags/plugins/listener_plugin.py
[2026-01-06T14:51:21.040+1100] {processor.py:830} INFO - Processing file /Users/fionatham/Documents/Projects/vogue_data_pipeline/venv/lib/python3.11/site-packages/airflow/example_dags/plugins/listener_plugin.py for tasks to queue
[2026-01-06T14:51:21.041+1100] {logging_mixin.py:188} INFO - [2026-01-06T14:51:21.040+1100] {dagbag.py:545} INFO - Filling up the DagBag from /Users/fionatham/Documents/Projects/vogue_data_pipeline/venv/lib/python3.11/site-packages/airflow/example_dags/plugins/listener_plugin.py
[2026-01-06T14:51:21.041+1100] {processor.py:842} WARNING - No viable dags retrieved from /Users/fionatham/Documents/Projects/vogue_data_pipeline/venv/lib/python3.11/site-packages/airflow/example_dags/plugins/listener_plugin.py
[2026-01-06T14:51:21.074+1100] {processor.py:183} INFO - Processing /Users/fionatham/Documents/Projects/vogue_data_pipeline/venv/lib/python3.11/site-packages/airflow/example_dags/plugins/listener_plugin.py took 0.036 seconds
[2026-01-06T14:52:17.491+1100] {processor.py:161} INFO - Started process (PID=93483) to work on /Users/fionatham/Documents/Projects/vogue_data_pipeline/venv/lib/python3.11/site-packages/airflow/example_dags/plugins/listener_plugin.py
[2026-01-06T14:52:17.492+1100] {processor.py:830} INFO - Processing file /Users/fionatham/Documents/Projects/vogue_data_pipeline/venv/lib/python3.11/site-packages/airflow/example_dags/plugins/listener_plugin.py for tasks to queue
[2026-01-06T14:52:17.492+1100] {logging_mixin.py:188} INFO - [2026-01-06T14:52:17.492+1100] {dagbag.py:545} INFO - Filling up the DagBag from /Users/fionatham/Documents/Projects/vogue_data_pipeline/venv/lib/python3.11/site-packages/airflow/example_dags/plugins/listener_plugin.py
[2026-01-06T14:52:17.493+1100] {processor.py:842} WARNING - No viable dags retrieved from /Users/fionatham/Documents/Projects/vogue_data_pipeline/venv/lib/python3.11/site-packages/airflow/example_dags/plugins/listener_plugin.py
[2026-01-06T14:52:17.523+1100] {processor.py:183} INFO - Processing /Users/fionatham/Documents/Projects/vogue_data_pipeline/venv/lib/python3.11/site-packages/airflow/example_dags/plugins/listener_plugin.py took 0.034 seconds
[2026-01-06T14:53:15.656+1100] {processor.py:161} INFO - Started process (PID=93548) to work on /Users/fionatham/Documents/Projects/vogue_data_pipeline/venv/lib/python3.11/site-packages/airflow/example_dags/plugins/listener_plugin.py
[2026-01-06T14:53:15.658+1100] {processor.py:830} INFO - Processing file /Users/fionatham/Documents/Projects/vogue_data_pipeline/venv/lib/python3.11/site-packages/airflow/example_dags/plugins/listener_plugin.py for tasks to queue
[2026-01-06T14:53:15.658+1100] {logging_mixin.py:188} INFO - [2026-01-06T14:53:15.658+1100] {dagbag.py:545} INFO - Filling up the DagBag from /Users/fionatham/Documents/Projects/vogue_data_pipeline/venv/lib/python3.11/site-packages/airflow/example_dags/plugins/listener_plugin.py
[2026-01-06T14:53:15.659+1100] {processor.py:842} WARNING - No viable dags retrieved from /Users/fionatham/Documents/Projects/vogue_data_pipeline/venv/lib/python3.11/site-packages/airflow/example_dags/plugins/listener_plugin.py
[2026-01-06T14:53:15.689+1100] {processor.py:183} INFO - Processing /Users/fionatham/Documents/Projects/vogue_data_pipeline/venv/lib/python3.11/site-packages/airflow/example_dags/plugins/listener_plugin.py took 0.034 seconds
[2026-01-06T14:54:13.759+1100] {processor.py:161} INFO - Started process (PID=93632) to work on /Users/fionatham/Documents/Projects/vogue_data_pipeline/venv/lib/python3.11/site-packages/airflow/example_dags/plugins/listener_plugin.py
[2026-01-06T14:54:13.760+1100] {processor.py:830} INFO - Processing file /Users/fionatham/Documents/Projects/vogue_data_pipeline/venv/lib/python3.11/site-packages/airflow/example_dags/plugins/listener_plugin.py for tasks to queue
[2026-01-06T14:54:13.761+1100] {logging_mixin.py:188} INFO - [2026-01-06T14:54:13.760+1100] {dagbag.py:545} INFO - Filling up the DagBag from /Users/fionatham/Documents/Projects/vogue_data_pipeline/venv/lib/python3.11/site-packages/airflow/example_dags/plugins/listener_plugin.py
[2026-01-06T14:54:13.761+1100] {processor.py:842} WARNING - No viable dags retrieved from /Users/fionatham/Documents/Projects/vogue_data_pipeline/venv/lib/python3.11/site-packages/airflow/example_dags/plugins/listener_plugin.py
[2026-01-06T14:54:13.795+1100] {processor.py:183} INFO - Processing /Users/fionatham/Documents/Projects/vogue_data_pipeline/venv/lib/python3.11/site-packages/airflow/example_dags/plugins/listener_plugin.py took 0.038 seconds
[2026-01-06T14:55:11.822+1100] {processor.py:161} INFO - Started process (PID=93734) to work on /Users/fionatham/Documents/Projects/vogue_data_pipeline/venv/lib/python3.11/site-packages/airflow/example_dags/plugins/listener_plugin.py
[2026-01-06T14:55:11.823+1100] {processor.py:830} INFO - Processing file /Users/fionatham/Documents/Projects/vogue_data_pipeline/venv/lib/python3.11/site-packages/airflow/example_dags/plugins/listener_plugin.py for tasks to queue
[2026-01-06T14:55:11.823+1100] {logging_mixin.py:188} INFO - [2026-01-06T14:55:11.823+1100] {dagbag.py:545} INFO - Filling up the DagBag from /Users/fionatham/Documents/Projects/vogue_data_pipeline/venv/lib/python3.11/site-packages/airflow/example_dags/plugins/listener_plugin.py
[2026-01-06T14:55:11.825+1100] {processor.py:842} WARNING - No viable dags retrieved from /Users/fionatham/Documents/Projects/vogue_data_pipeline/venv/lib/python3.11/site-packages/airflow/example_dags/plugins/listener_plugin.py
[2026-01-06T14:55:11.855+1100] {processor.py:183} INFO - Processing /Users/fionatham/Documents/Projects/vogue_data_pipeline/venv/lib/python3.11/site-packages/airflow/example_dags/plugins/listener_plugin.py took 0.034 seconds
[2026-01-06T14:56:11.877+1100] {processor.py:161} INFO - Started process (PID=93775) to work on /Users/fionatham/Documents/Projects/vogue_data_pipeline/venv/lib/python3.11/site-packages/airflow/example_dags/plugins/listener_plugin.py
[2026-01-06T14:56:11.878+1100] {processor.py:830} INFO - Processing file /Users/fionatham/Documents/Projects/vogue_data_pipeline/venv/lib/python3.11/site-packages/airflow/example_dags/plugins/listener_plugin.py for tasks to queue
[2026-01-06T14:56:11.878+1100] {logging_mixin.py:188} INFO - [2026-01-06T14:56:11.878+1100] {dagbag.py:545} INFO - Filling up the DagBag from /Users/fionatham/Documents/Projects/vogue_data_pipeline/venv/lib/python3.11/site-packages/airflow/example_dags/plugins/listener_plugin.py
[2026-01-06T14:56:11.880+1100] {processor.py:842} WARNING - No viable dags retrieved from /Users/fionatham/Documents/Projects/vogue_data_pipeline/venv/lib/python3.11/site-packages/airflow/example_dags/plugins/listener_plugin.py
[2026-01-06T14:56:11.910+1100] {processor.py:183} INFO - Processing /Users/fionatham/Documents/Projects/vogue_data_pipeline/venv/lib/python3.11/site-packages/airflow/example_dags/plugins/listener_plugin.py took 0.034 seconds
[2026-01-06T14:57:11.259+1100] {processor.py:161} INFO - Started process (PID=93838) to work on /Users/fionatham/Documents/Projects/vogue_data_pipeline/venv/lib/python3.11/site-packages/airflow/example_dags/plugins/listener_plugin.py
[2026-01-06T14:57:11.260+1100] {processor.py:830} INFO - Processing file /Users/fionatham/Documents/Projects/vogue_data_pipeline/venv/lib/python3.11/site-packages/airflow/example_dags/plugins/listener_plugin.py for tasks to queue
[2026-01-06T14:57:11.260+1100] {logging_mixin.py:188} INFO - [2026-01-06T14:57:11.260+1100] {dagbag.py:545} INFO - Filling up the DagBag from /Users/fionatham/Documents/Projects/vogue_data_pipeline/venv/lib/python3.11/site-packages/airflow/example_dags/plugins/listener_plugin.py
[2026-01-06T14:57:11.261+1100] {processor.py:842} WARNING - No viable dags retrieved from /Users/fionatham/Documents/Projects/vogue_data_pipeline/venv/lib/python3.11/site-packages/airflow/example_dags/plugins/listener_plugin.py
[2026-01-06T14:57:11.291+1100] {processor.py:183} INFO - Processing /Users/fionatham/Documents/Projects/vogue_data_pipeline/venv/lib/python3.11/site-packages/airflow/example_dags/plugins/listener_plugin.py took 0.033 seconds
[2026-01-06T14:58:09.648+1100] {processor.py:161} INFO - Started process (PID=93887) to work on /Users/fionatham/Documents/Projects/vogue_data_pipeline/venv/lib/python3.11/site-packages/airflow/example_dags/plugins/listener_plugin.py
[2026-01-06T14:58:09.648+1100] {processor.py:830} INFO - Processing file /Users/fionatham/Documents/Projects/vogue_data_pipeline/venv/lib/python3.11/site-packages/airflow/example_dags/plugins/listener_plugin.py for tasks to queue
[2026-01-06T14:58:09.649+1100] {logging_mixin.py:188} INFO - [2026-01-06T14:58:09.648+1100] {dagbag.py:545} INFO - Filling up the DagBag from /Users/fionatham/Documents/Projects/vogue_data_pipeline/venv/lib/python3.11/site-packages/airflow/example_dags/plugins/listener_plugin.py
[2026-01-06T14:58:09.650+1100] {processor.py:842} WARNING - No viable dags retrieved from /Users/fionatham/Documents/Projects/vogue_data_pipeline/venv/lib/python3.11/site-packages/airflow/example_dags/plugins/listener_plugin.py
[2026-01-06T14:58:09.682+1100] {processor.py:183} INFO - Processing /Users/fionatham/Documents/Projects/vogue_data_pipeline/venv/lib/python3.11/site-packages/airflow/example_dags/plugins/listener_plugin.py took 0.036 seconds
[2026-01-06T14:59:07.287+1100] {processor.py:161} INFO - Started process (PID=93992) to work on /Users/fionatham/Documents/Projects/vogue_data_pipeline/venv/lib/python3.11/site-packages/airflow/example_dags/plugins/listener_plugin.py
[2026-01-06T14:59:07.288+1100] {processor.py:830} INFO - Processing file /Users/fionatham/Documents/Projects/vogue_data_pipeline/venv/lib/python3.11/site-packages/airflow/example_dags/plugins/listener_plugin.py for tasks to queue
[2026-01-06T14:59:07.288+1100] {logging_mixin.py:188} INFO - [2026-01-06T14:59:07.288+1100] {dagbag.py:545} INFO - Filling up the DagBag from /Users/fionatham/Documents/Projects/vogue_data_pipeline/venv/lib/python3.11/site-packages/airflow/example_dags/plugins/listener_plugin.py
[2026-01-06T14:59:07.289+1100] {processor.py:842} WARNING - No viable dags retrieved from /Users/fionatham/Documents/Projects/vogue_data_pipeline/venv/lib/python3.11/site-packages/airflow/example_dags/plugins/listener_plugin.py
[2026-01-06T14:59:07.324+1100] {processor.py:183} INFO - Processing /Users/fionatham/Documents/Projects/vogue_data_pipeline/venv/lib/python3.11/site-packages/airflow/example_dags/plugins/listener_plugin.py took 0.038 seconds
[2026-01-06T15:00:08.802+1100] {processor.py:161} INFO - Started process (PID=94077) to work on /Users/fionatham/Documents/Projects/vogue_data_pipeline/venv/lib/python3.11/site-packages/airflow/example_dags/plugins/listener_plugin.py
[2026-01-06T15:00:08.803+1100] {processor.py:830} INFO - Processing file /Users/fionatham/Documents/Projects/vogue_data_pipeline/venv/lib/python3.11/site-packages/airflow/example_dags/plugins/listener_plugin.py for tasks to queue
[2026-01-06T15:00:08.803+1100] {logging_mixin.py:188} INFO - [2026-01-06T15:00:08.803+1100] {dagbag.py:545} INFO - Filling up the DagBag from /Users/fionatham/Documents/Projects/vogue_data_pipeline/venv/lib/python3.11/site-packages/airflow/example_dags/plugins/listener_plugin.py
[2026-01-06T15:00:08.804+1100] {processor.py:842} WARNING - No viable dags retrieved from /Users/fionatham/Documents/Projects/vogue_data_pipeline/venv/lib/python3.11/site-packages/airflow/example_dags/plugins/listener_plugin.py
[2026-01-06T15:00:08.836+1100] {processor.py:183} INFO - Processing /Users/fionatham/Documents/Projects/vogue_data_pipeline/venv/lib/python3.11/site-packages/airflow/example_dags/plugins/listener_plugin.py took 0.036 seconds
[2026-01-06T15:01:07.553+1100] {processor.py:161} INFO - Started process (PID=94151) to work on /Users/fionatham/Documents/Projects/vogue_data_pipeline/venv/lib/python3.11/site-packages/airflow/example_dags/plugins/listener_plugin.py
[2026-01-06T15:01:07.554+1100] {processor.py:830} INFO - Processing file /Users/fionatham/Documents/Projects/vogue_data_pipeline/venv/lib/python3.11/site-packages/airflow/example_dags/plugins/listener_plugin.py for tasks to queue
[2026-01-06T15:01:07.554+1100] {logging_mixin.py:188} INFO - [2026-01-06T15:01:07.554+1100] {dagbag.py:545} INFO - Filling up the DagBag from /Users/fionatham/Documents/Projects/vogue_data_pipeline/venv/lib/python3.11/site-packages/airflow/example_dags/plugins/listener_plugin.py
[2026-01-06T15:01:07.555+1100] {processor.py:842} WARNING - No viable dags retrieved from /Users/fionatham/Documents/Projects/vogue_data_pipeline/venv/lib/python3.11/site-packages/airflow/example_dags/plugins/listener_plugin.py
[2026-01-06T15:01:07.586+1100] {processor.py:183} INFO - Processing /Users/fionatham/Documents/Projects/vogue_data_pipeline/venv/lib/python3.11/site-packages/airflow/example_dags/plugins/listener_plugin.py took 0.035 seconds
[2026-01-06T15:02:07.070+1100] {processor.py:161} INFO - Started process (PID=94281) to work on /Users/fionatham/Documents/Projects/vogue_data_pipeline/venv/lib/python3.11/site-packages/airflow/example_dags/plugins/listener_plugin.py
[2026-01-06T15:02:07.071+1100] {processor.py:830} INFO - Processing file /Users/fionatham/Documents/Projects/vogue_data_pipeline/venv/lib/python3.11/site-packages/airflow/example_dags/plugins/listener_plugin.py for tasks to queue
[2026-01-06T15:02:07.072+1100] {logging_mixin.py:188} INFO - [2026-01-06T15:02:07.072+1100] {dagbag.py:545} INFO - Filling up the DagBag from /Users/fionatham/Documents/Projects/vogue_data_pipeline/venv/lib/python3.11/site-packages/airflow/example_dags/plugins/listener_plugin.py
[2026-01-06T15:02:07.072+1100] {processor.py:842} WARNING - No viable dags retrieved from /Users/fionatham/Documents/Projects/vogue_data_pipeline/venv/lib/python3.11/site-packages/airflow/example_dags/plugins/listener_plugin.py
[2026-01-06T15:02:07.102+1100] {processor.py:183} INFO - Processing /Users/fionatham/Documents/Projects/vogue_data_pipeline/venv/lib/python3.11/site-packages/airflow/example_dags/plugins/listener_plugin.py took 0.033 seconds
[2026-01-06T15:03:08.972+1100] {processor.py:161} INFO - Started process (PID=94404) to work on /Users/fionatham/Documents/Projects/vogue_data_pipeline/venv/lib/python3.11/site-packages/airflow/example_dags/plugins/listener_plugin.py
[2026-01-06T15:03:08.972+1100] {processor.py:830} INFO - Processing file /Users/fionatham/Documents/Projects/vogue_data_pipeline/venv/lib/python3.11/site-packages/airflow/example_dags/plugins/listener_plugin.py for tasks to queue
[2026-01-06T15:03:08.973+1100] {logging_mixin.py:188} INFO - [2026-01-06T15:03:08.973+1100] {dagbag.py:545} INFO - Filling up the DagBag from /Users/fionatham/Documents/Projects/vogue_data_pipeline/venv/lib/python3.11/site-packages/airflow/example_dags/plugins/listener_plugin.py
[2026-01-06T15:03:08.974+1100] {processor.py:842} WARNING - No viable dags retrieved from /Users/fionatham/Documents/Projects/vogue_data_pipeline/venv/lib/python3.11/site-packages/airflow/example_dags/plugins/listener_plugin.py
[2026-01-06T15:03:09.007+1100] {processor.py:183} INFO - Processing /Users/fionatham/Documents/Projects/vogue_data_pipeline/venv/lib/python3.11/site-packages/airflow/example_dags/plugins/listener_plugin.py took 0.036 seconds
[2026-01-06T15:04:08.472+1100] {processor.py:161} INFO - Started process (PID=94559) to work on /Users/fionatham/Documents/Projects/vogue_data_pipeline/venv/lib/python3.11/site-packages/airflow/example_dags/plugins/listener_plugin.py
[2026-01-06T15:04:08.474+1100] {processor.py:830} INFO - Processing file /Users/fionatham/Documents/Projects/vogue_data_pipeline/venv/lib/python3.11/site-packages/airflow/example_dags/plugins/listener_plugin.py for tasks to queue
[2026-01-06T15:04:08.474+1100] {logging_mixin.py:188} INFO - [2026-01-06T15:04:08.474+1100] {dagbag.py:545} INFO - Filling up the DagBag from /Users/fionatham/Documents/Projects/vogue_data_pipeline/venv/lib/python3.11/site-packages/airflow/example_dags/plugins/listener_plugin.py
[2026-01-06T15:04:08.475+1100] {processor.py:842} WARNING - No viable dags retrieved from /Users/fionatham/Documents/Projects/vogue_data_pipeline/venv/lib/python3.11/site-packages/airflow/example_dags/plugins/listener_plugin.py
[2026-01-06T15:04:08.506+1100] {processor.py:183} INFO - Processing /Users/fionatham/Documents/Projects/vogue_data_pipeline/venv/lib/python3.11/site-packages/airflow/example_dags/plugins/listener_plugin.py took 0.035 seconds
[2026-01-06T15:05:09.446+1100] {processor.py:161} INFO - Started process (PID=94601) to work on /Users/fionatham/Documents/Projects/vogue_data_pipeline/venv/lib/python3.11/site-packages/airflow/example_dags/plugins/listener_plugin.py
[2026-01-06T15:05:09.448+1100] {processor.py:830} INFO - Processing file /Users/fionatham/Documents/Projects/vogue_data_pipeline/venv/lib/python3.11/site-packages/airflow/example_dags/plugins/listener_plugin.py for tasks to queue
[2026-01-06T15:05:09.448+1100] {logging_mixin.py:188} INFO - [2026-01-06T15:05:09.448+1100] {dagbag.py:545} INFO - Filling up the DagBag from /Users/fionatham/Documents/Projects/vogue_data_pipeline/venv/lib/python3.11/site-packages/airflow/example_dags/plugins/listener_plugin.py
[2026-01-06T15:05:09.449+1100] {processor.py:842} WARNING - No viable dags retrieved from /Users/fionatham/Documents/Projects/vogue_data_pipeline/venv/lib/python3.11/site-packages/airflow/example_dags/plugins/listener_plugin.py
[2026-01-06T15:05:09.479+1100] {processor.py:183} INFO - Processing /Users/fionatham/Documents/Projects/vogue_data_pipeline/venv/lib/python3.11/site-packages/airflow/example_dags/plugins/listener_plugin.py took 0.034 seconds
[2026-01-06T15:06:07.154+1100] {processor.py:161} INFO - Started process (PID=94654) to work on /Users/fionatham/Documents/Projects/vogue_data_pipeline/venv/lib/python3.11/site-packages/airflow/example_dags/plugins/listener_plugin.py
[2026-01-06T15:06:07.156+1100] {processor.py:830} INFO - Processing file /Users/fionatham/Documents/Projects/vogue_data_pipeline/venv/lib/python3.11/site-packages/airflow/example_dags/plugins/listener_plugin.py for tasks to queue
[2026-01-06T15:06:07.156+1100] {logging_mixin.py:188} INFO - [2026-01-06T15:06:07.156+1100] {dagbag.py:545} INFO - Filling up the DagBag from /Users/fionatham/Documents/Projects/vogue_data_pipeline/venv/lib/python3.11/site-packages/airflow/example_dags/plugins/listener_plugin.py
[2026-01-06T15:06:07.157+1100] {processor.py:842} WARNING - No viable dags retrieved from /Users/fionatham/Documents/Projects/vogue_data_pipeline/venv/lib/python3.11/site-packages/airflow/example_dags/plugins/listener_plugin.py
[2026-01-06T15:06:07.191+1100] {processor.py:183} INFO - Processing /Users/fionatham/Documents/Projects/vogue_data_pipeline/venv/lib/python3.11/site-packages/airflow/example_dags/plugins/listener_plugin.py took 0.038 seconds
[2026-01-06T15:12:04.389+1100] {processor.py:161} INFO - Started process (PID=95187) to work on /Users/fionatham/Documents/Projects/vogue_data_pipeline/venv/lib/python3.11/site-packages/airflow/example_dags/plugins/listener_plugin.py
[2026-01-06T15:12:04.390+1100] {processor.py:830} INFO - Processing file /Users/fionatham/Documents/Projects/vogue_data_pipeline/venv/lib/python3.11/site-packages/airflow/example_dags/plugins/listener_plugin.py for tasks to queue
[2026-01-06T15:12:04.390+1100] {logging_mixin.py:188} INFO - [2026-01-06T15:12:04.390+1100] {dagbag.py:545} INFO - Filling up the DagBag from /Users/fionatham/Documents/Projects/vogue_data_pipeline/venv/lib/python3.11/site-packages/airflow/example_dags/plugins/listener_plugin.py
[2026-01-06T15:12:04.391+1100] {processor.py:842} WARNING - No viable dags retrieved from /Users/fionatham/Documents/Projects/vogue_data_pipeline/venv/lib/python3.11/site-packages/airflow/example_dags/plugins/listener_plugin.py
[2026-01-06T15:12:04.423+1100] {processor.py:183} INFO - Processing /Users/fionatham/Documents/Projects/vogue_data_pipeline/venv/lib/python3.11/site-packages/airflow/example_dags/plugins/listener_plugin.py took 0.038 seconds
[2026-01-06T15:13:37.089+1100] {processor.py:161} INFO - Started process (PID=95350) to work on /Users/fionatham/Documents/Projects/vogue_data_pipeline/venv/lib/python3.11/site-packages/airflow/example_dags/plugins/listener_plugin.py
[2026-01-06T15:13:37.090+1100] {processor.py:830} INFO - Processing file /Users/fionatham/Documents/Projects/vogue_data_pipeline/venv/lib/python3.11/site-packages/airflow/example_dags/plugins/listener_plugin.py for tasks to queue
[2026-01-06T15:13:37.090+1100] {logging_mixin.py:188} INFO - [2026-01-06T15:13:37.090+1100] {dagbag.py:545} INFO - Filling up the DagBag from /Users/fionatham/Documents/Projects/vogue_data_pipeline/venv/lib/python3.11/site-packages/airflow/example_dags/plugins/listener_plugin.py
[2026-01-06T15:13:37.092+1100] {processor.py:842} WARNING - No viable dags retrieved from /Users/fionatham/Documents/Projects/vogue_data_pipeline/venv/lib/python3.11/site-packages/airflow/example_dags/plugins/listener_plugin.py
[2026-01-06T15:13:37.121+1100] {processor.py:183} INFO - Processing /Users/fionatham/Documents/Projects/vogue_data_pipeline/venv/lib/python3.11/site-packages/airflow/example_dags/plugins/listener_plugin.py took 0.033 seconds
[2026-01-06T15:16:05.789+1100] {processor.py:161} INFO - Started process (PID=95435) to work on /Users/fionatham/Documents/Projects/vogue_data_pipeline/venv/lib/python3.11/site-packages/airflow/example_dags/plugins/listener_plugin.py
[2026-01-06T15:16:05.790+1100] {processor.py:830} INFO - Processing file /Users/fionatham/Documents/Projects/vogue_data_pipeline/venv/lib/python3.11/site-packages/airflow/example_dags/plugins/listener_plugin.py for tasks to queue
[2026-01-06T15:16:05.790+1100] {logging_mixin.py:188} INFO - [2026-01-06T15:16:05.790+1100] {dagbag.py:545} INFO - Filling up the DagBag from /Users/fionatham/Documents/Projects/vogue_data_pipeline/venv/lib/python3.11/site-packages/airflow/example_dags/plugins/listener_plugin.py
[2026-01-06T15:16:05.792+1100] {processor.py:842} WARNING - No viable dags retrieved from /Users/fionatham/Documents/Projects/vogue_data_pipeline/venv/lib/python3.11/site-packages/airflow/example_dags/plugins/listener_plugin.py
[2026-01-06T15:16:05.836+1100] {processor.py:183} INFO - Processing /Users/fionatham/Documents/Projects/vogue_data_pipeline/venv/lib/python3.11/site-packages/airflow/example_dags/plugins/listener_plugin.py took 0.049 seconds
[2026-01-06T17:00:08.494+1100] {processor.py:161} INFO - Started process (PID=95537) to work on /Users/fionatham/Documents/Projects/vogue_data_pipeline/venv/lib/python3.11/site-packages/airflow/example_dags/plugins/listener_plugin.py
[2026-01-06T17:00:08.495+1100] {processor.py:830} INFO - Processing file /Users/fionatham/Documents/Projects/vogue_data_pipeline/venv/lib/python3.11/site-packages/airflow/example_dags/plugins/listener_plugin.py for tasks to queue
[2026-01-06T17:00:08.496+1100] {logging_mixin.py:188} INFO - [2026-01-06T17:00:08.496+1100] {dagbag.py:545} INFO - Filling up the DagBag from /Users/fionatham/Documents/Projects/vogue_data_pipeline/venv/lib/python3.11/site-packages/airflow/example_dags/plugins/listener_plugin.py
[2026-01-06T17:00:08.498+1100] {processor.py:842} WARNING - No viable dags retrieved from /Users/fionatham/Documents/Projects/vogue_data_pipeline/venv/lib/python3.11/site-packages/airflow/example_dags/plugins/listener_plugin.py
[2026-01-06T17:00:08.554+1100] {processor.py:183} INFO - Processing /Users/fionatham/Documents/Projects/vogue_data_pipeline/venv/lib/python3.11/site-packages/airflow/example_dags/plugins/listener_plugin.py took 0.061 seconds
[2026-01-06T20:06:11.289+1100] {processor.py:161} INFO - Started process (PID=95642) to work on /Users/fionatham/Documents/Projects/vogue_data_pipeline/venv/lib/python3.11/site-packages/airflow/example_dags/plugins/listener_plugin.py
[2026-01-06T20:06:11.290+1100] {processor.py:830} INFO - Processing file /Users/fionatham/Documents/Projects/vogue_data_pipeline/venv/lib/python3.11/site-packages/airflow/example_dags/plugins/listener_plugin.py for tasks to queue
[2026-01-06T20:06:11.290+1100] {logging_mixin.py:188} INFO - [2026-01-06T20:06:11.290+1100] {dagbag.py:545} INFO - Filling up the DagBag from /Users/fionatham/Documents/Projects/vogue_data_pipeline/venv/lib/python3.11/site-packages/airflow/example_dags/plugins/listener_plugin.py
[2026-01-06T20:06:11.291+1100] {processor.py:842} WARNING - No viable dags retrieved from /Users/fionatham/Documents/Projects/vogue_data_pipeline/venv/lib/python3.11/site-packages/airflow/example_dags/plugins/listener_plugin.py
[2026-01-06T20:06:11.322+1100] {processor.py:183} INFO - Processing /Users/fionatham/Documents/Projects/vogue_data_pipeline/venv/lib/python3.11/site-packages/airflow/example_dags/plugins/listener_plugin.py took 0.035 seconds
[2026-01-06T20:52:51.694+1100] {processor.py:161} INFO - Started process (PID=95802) to work on /Users/fionatham/Documents/Projects/vogue_data_pipeline/venv/lib/python3.11/site-packages/airflow/example_dags/plugins/listener_plugin.py
[2026-01-06T20:52:51.695+1100] {processor.py:830} INFO - Processing file /Users/fionatham/Documents/Projects/vogue_data_pipeline/venv/lib/python3.11/site-packages/airflow/example_dags/plugins/listener_plugin.py for tasks to queue
[2026-01-06T20:52:51.695+1100] {logging_mixin.py:188} INFO - [2026-01-06T20:52:51.695+1100] {dagbag.py:545} INFO - Filling up the DagBag from /Users/fionatham/Documents/Projects/vogue_data_pipeline/venv/lib/python3.11/site-packages/airflow/example_dags/plugins/listener_plugin.py
[2026-01-06T20:52:51.697+1100] {processor.py:842} WARNING - No viable dags retrieved from /Users/fionatham/Documents/Projects/vogue_data_pipeline/venv/lib/python3.11/site-packages/airflow/example_dags/plugins/listener_plugin.py
[2026-01-06T20:52:51.728+1100] {processor.py:183} INFO - Processing /Users/fionatham/Documents/Projects/vogue_data_pipeline/venv/lib/python3.11/site-packages/airflow/example_dags/plugins/listener_plugin.py took 0.035 seconds
[2026-01-06T22:40:03.535+1100] {processor.py:161} INFO - Started process (PID=95930) to work on /Users/fionatham/Documents/Projects/vogue_data_pipeline/venv/lib/python3.11/site-packages/airflow/example_dags/plugins/listener_plugin.py
[2026-01-06T22:40:03.536+1100] {processor.py:830} INFO - Processing file /Users/fionatham/Documents/Projects/vogue_data_pipeline/venv/lib/python3.11/site-packages/airflow/example_dags/plugins/listener_plugin.py for tasks to queue
[2026-01-06T22:40:03.536+1100] {logging_mixin.py:188} INFO - [2026-01-06T22:40:03.536+1100] {dagbag.py:545} INFO - Filling up the DagBag from /Users/fionatham/Documents/Projects/vogue_data_pipeline/venv/lib/python3.11/site-packages/airflow/example_dags/plugins/listener_plugin.py
[2026-01-06T22:40:03.537+1100] {processor.py:842} WARNING - No viable dags retrieved from /Users/fionatham/Documents/Projects/vogue_data_pipeline/venv/lib/python3.11/site-packages/airflow/example_dags/plugins/listener_plugin.py
[2026-01-06T22:40:03.575+1100] {processor.py:183} INFO - Processing /Users/fionatham/Documents/Projects/vogue_data_pipeline/venv/lib/python3.11/site-packages/airflow/example_dags/plugins/listener_plugin.py took 0.042 seconds
[2026-01-06T23:57:37.204+1100] {processor.py:161} INFO - Started process (PID=96113) to work on /Users/fionatham/Documents/Projects/vogue_data_pipeline/venv/lib/python3.11/site-packages/airflow/example_dags/plugins/listener_plugin.py
[2026-01-06T23:57:37.205+1100] {processor.py:830} INFO - Processing file /Users/fionatham/Documents/Projects/vogue_data_pipeline/venv/lib/python3.11/site-packages/airflow/example_dags/plugins/listener_plugin.py for tasks to queue
[2026-01-06T23:57:37.205+1100] {logging_mixin.py:188} INFO - [2026-01-06T23:57:37.205+1100] {dagbag.py:545} INFO - Filling up the DagBag from /Users/fionatham/Documents/Projects/vogue_data_pipeline/venv/lib/python3.11/site-packages/airflow/example_dags/plugins/listener_plugin.py
[2026-01-06T23:57:37.207+1100] {processor.py:842} WARNING - No viable dags retrieved from /Users/fionatham/Documents/Projects/vogue_data_pipeline/venv/lib/python3.11/site-packages/airflow/example_dags/plugins/listener_plugin.py
[2026-01-06T23:57:37.243+1100] {processor.py:183} INFO - Processing /Users/fionatham/Documents/Projects/vogue_data_pipeline/venv/lib/python3.11/site-packages/airflow/example_dags/plugins/listener_plugin.py took 0.041 seconds
