[2025-12-11T00:00:03.514+0000] {local_task_job_runner.py:120} INFO - ::group::Pre task execution logs
[2025-12-11T00:00:03.533+0000] {taskinstance.py:2076} INFO - Dependencies all met for dep_context=non-requeueable deps ti=<TaskInstance: vogue_ai_data_etl.scrape_images scheduled__2025-12-10T00:00:00+00:00 [queued]>
[2025-12-11T00:00:03.537+0000] {taskinstance.py:2076} INFO - Dependencies all met for dep_context=requeueable deps ti=<TaskInstance: vogue_ai_data_etl.scrape_images scheduled__2025-12-10T00:00:00+00:00 [queued]>
[2025-12-11T00:00:03.537+0000] {taskinstance.py:2306} INFO - Starting attempt 1 of 1
[2025-12-11T00:00:03.545+0000] {taskinstance.py:2330} INFO - Executing <Task(BashOperator): scrape_images> on 2025-12-10 00:00:00+00:00
[2025-12-11T00:00:03.551+0000] {standard_task_runner.py:64} INFO - Started process 30882 to run task
[2025-12-11T00:00:03.554+0000] {standard_task_runner.py:90} INFO - Running: ['***', 'tasks', 'run', 'vogue_ai_data_etl', 'scrape_images', 'scheduled__2025-12-10T00:00:00+00:00', '--job-id', '146', '--raw', '--subdir', 'DAGS_FOLDER/vogue_etl_dag.py', '--cfg-path', '/tmp/tmpuu7lld6d']
[2025-12-11T00:00:03.558+0000] {standard_task_runner.py:91} INFO - Job 146: Subtask scrape_images
[2025-12-11T00:00:03.596+0000] {task_command.py:426} INFO - Running <TaskInstance: vogue_ai_data_etl.scrape_images scheduled__2025-12-10T00:00:00+00:00 [running]> on host 4ca51d9cf428
[2025-12-11T00:00:03.650+0000] {taskinstance.py:2648} INFO - Exporting env vars: AIRFLOW_CTX_DAG_OWNER='***' AIRFLOW_CTX_DAG_ID='vogue_ai_data_etl' AIRFLOW_CTX_TASK_ID='scrape_images' AIRFLOW_CTX_EXECUTION_DATE='2025-12-10T00:00:00+00:00' AIRFLOW_CTX_TRY_NUMBER='1' AIRFLOW_CTX_DAG_RUN_ID='scheduled__2025-12-10T00:00:00+00:00'
[2025-12-11T00:00:03.652+0000] {taskinstance.py:430} INFO - ::endgroup::
[2025-12-11T00:00:03.653+0000] {subprocess.py:63} INFO - Tmp dir root location: /tmp
[2025-12-11T00:00:03.654+0000] {subprocess.py:75} INFO - Running command: ['/usr/bin/bash', '-c', 'python3 /opt/***/dags/scripts/vogue_image_scraper.py']
[2025-12-11T00:00:03.662+0000] {subprocess.py:86} INFO - Output:
[2025-12-11T00:00:04.290+0000] {subprocess.py:93} INFO - Traceback (most recent call last):
[2025-12-11T00:00:04.290+0000] {subprocess.py:93} INFO -   File "/opt/***/dags/scripts/vogue_image_scraper.py", line 28, in <module>
[2025-12-11T00:00:04.291+0000] {subprocess.py:93} INFO -     IMAGES_DIR.mkdir(exist_ok=True)
[2025-12-11T00:00:04.291+0000] {subprocess.py:93} INFO -   File "/usr/local/lib/python3.11/pathlib.py", line 1116, in mkdir
[2025-12-11T00:00:04.291+0000] {subprocess.py:93} INFO -     os.mkdir(self, mode)
[2025-12-11T00:00:04.291+0000] {subprocess.py:93} INFO - PermissionError: [Errno 13] Permission denied: '/images'
[2025-12-11T00:00:04.322+0000] {subprocess.py:97} INFO - Command exited with return code 1
[2025-12-11T00:00:04.323+0000] {taskinstance.py:441} INFO - ::group::Post task execution logs
[2025-12-11T00:00:04.334+0000] {taskinstance.py:2905} ERROR - Task failed with exception
Traceback (most recent call last):
  File "/home/airflow/.local/lib/python3.11/site-packages/airflow/models/taskinstance.py", line 465, in _execute_task
    result = _execute_callable(context=context, **execute_callable_kwargs)
             ^^^^^^^^^^^^^^^^^^^^^^^^^^^^^^^^^^^^^^^^^^^^^^^^^^^^^^^^^^^^^
  File "/home/airflow/.local/lib/python3.11/site-packages/airflow/models/taskinstance.py", line 432, in _execute_callable
    return execute_callable(context=context, **execute_callable_kwargs)
           ^^^^^^^^^^^^^^^^^^^^^^^^^^^^^^^^^^^^^^^^^^^^^^^^^^^^^^^^^^^^
  File "/home/airflow/.local/lib/python3.11/site-packages/airflow/models/baseoperator.py", line 401, in wrapper
    return func(self, *args, **kwargs)
           ^^^^^^^^^^^^^^^^^^^^^^^^^^^
  File "/home/airflow/.local/lib/python3.11/site-packages/airflow/operators/bash.py", line 243, in execute
    raise AirflowException(
airflow.exceptions.AirflowException: Bash command failed. The command returned a non-zero exit code 1.
[2025-12-11T00:00:04.340+0000] {taskinstance.py:1206} INFO - Marking task as FAILED. dag_id=vogue_ai_data_etl, task_id=scrape_images, run_id=scheduled__2025-12-10T00:00:00+00:00, execution_date=20251210T000000, start_date=20251211T000003, end_date=20251211T000004
[2025-12-11T00:00:04.351+0000] {standard_task_runner.py:110} ERROR - Failed to execute job 146 for task scrape_images (Bash command failed. The command returned a non-zero exit code 1.; 30882)
[2025-12-11T00:00:04.397+0000] {local_task_job_runner.py:243} INFO - Task exited with return code 1
[2025-12-11T00:00:04.410+0000] {taskinstance.py:3503} INFO - 0 downstream tasks scheduled from follow-on schedule check
[2025-12-11T00:00:04.411+0000] {local_task_job_runner.py:222} INFO - ::endgroup::
